[22:40:31] [Server thread/INFO]: Loading properties
[22:40:31] [Server thread/INFO]: Default game type: SURVIVAL
[22:40:32] [Server thread/INFO]: Using epoll channel type
[22:40:34] [Server thread/INFO]: [DisguiseCraft] Loading DisguiseCraft v5.2
[22:40:34] [Server thread/INFO]: [WorldEdit] Loading WorldEdit v6.1;no_git_id
[22:40:34] [Server thread/INFO]: [Essentials] Loading Essentials vTeamCity
[22:40:34] [Server thread/INFO]: [PlugMan] Loading PlugMan v2.0.7
[22:40:34] [Server thread/INFO]: [LaggRemover] Loading LaggRemover v0.1.8
[22:40:34] [Server thread/INFO]: [WorldGuard] Loading WorldGuard v6.1
[22:40:34] [Server thread/INFO]: [Multiverse-Core] Loading Multiverse-Core v2.4-b527
[22:40:34] [Server thread/INFO]: [Splegg] Loading Splegg v1.2
[22:40:34] [Server thread/INFO]: [EssentialsProtect] Loading EssentialsProtect vTeamCity
[22:40:34] [Server thread/INFO]: [VoxelSniper] Loading VoxelSniper v7.1.0
[22:40:34] [Server thread/INFO]: [mcMMO] Loading mcMMO v1.5.00-b3547
[22:40:34] [Server thread/INFO]: [Multiverse-NetherPortals] Loading Multiverse-NetherPortals v2.4-b530
[22:40:34] [Server thread/INFO]: [SuperVanish] Loading SuperVanish v5.4.3
[22:40:34] [Server thread/INFO]: [Multiverse-Portals] Loading Multiverse-Portals v2.4-b548
[22:40:34] [Server thread/INFO]: [Vault] Loading Vault v1.5.6-b49
[22:40:34] [Server thread/INFO]: [EssentialsSpawn] Loading EssentialsSpawn vTeamCity
[22:40:34] [Server thread/INFO]: [MassiveCore] Loading MassiveCore v2.8.0
[22:40:34] [Server thread/INFO]: TimeUnit.MILLIS_PER_MINUTE: 60000
[22:40:34] [Server thread/INFO]: [MinigamesLib] Loading MinigamesLib v1.13.1
[22:40:34] [Server thread/INFO]: [Minigames] Loading Minigames v1.7.0
[22:40:34] [Server thread/INFO]: [MobArena] Loading MobArena v0.97.1
[22:40:34] [Server thread/INFO]: [TNTRun] Loading TNTRun v3.4
[22:40:34] [Server thread/INFO]: [HolographicDisplays] Loading HolographicDisplays v2.1.10
[22:40:34] [Server thread/INFO]: [CommandSigns] Loading CommandSigns v1.9.3.2
[22:40:34] [Server thread/INFO]: [SkyWars] Loading SkyWars v1.1-m16
[22:40:34] [Server thread/INFO]: [EpicSpleef] Loading EpicSpleef v0.0.19
[22:40:34] [Server thread/INFO]: [OnTime] Loading OnTime v4.1.3
[22:40:34] [Server thread/INFO]: [CraftBook] Loading CraftBook v3.9-SNAPSHOT
[22:40:34] [Server thread/INFO]: [mcMMO] Enabling mcMMO v1.5.00-b3547
[22:40:36] [Server thread/INFO]: [Vault] Enabling Vault v1.5.6-b49
[22:40:36] [Server thread/INFO]: [MassiveCore] Enabling MassiveCore v2.8.0
[22:40:36] [Server thread/INFO]: [MassiveCore 2.8.0] === ENABLE START ===
[22:40:36] [Server thread/INFO]: [MassiveCore 2.8.0] §eSetup of IdUtil took §d15§ems.
[22:40:37] [Server thread/INFO]: [MassiveCore 2.8.0] === ENABLE §aCOMPLETE §e(Took §d384ms§e) ===
[22:40:38] [Server thread/INFO]: Preparing spawn area: 45%
[22:40:39] [Server thread/INFO]: Preparing spawn area: 70%
[22:40:40] [Server thread/INFO]: [DisguiseCraft] Enabling DisguiseCraft v5.2
[22:40:40] [Server thread/INFO]: [WorldEdit] Enabling WorldEdit v6.1;no_git_id
[22:40:40] [Server thread/INFO]: [WorldEdit] Using com.sk89q.worldedit.bukkit.adapter.impl.Spigot_v1_8_R3 as the Bukkit adapter
[22:40:40] [Server thread/INFO]: [Essentials] Enabling Essentials vTeamCity
[22:40:40] [Server thread/INFO]: git-Bukkit-9935adc (MC: 1.8.8)
[22:40:40] [Server thread/INFO]: 1.8.8-R0.1-SNAPSHOT
[22:40:40] [Server thread/INFO]: Using locale en_US
[22:40:41] [Server thread/INFO]: Using locale en_US
[22:40:41] [Server thread/INFO]: [PlugMan] Enabling PlugMan v2.0.7
[22:40:41] [Server thread/INFO]: [LaggRemover] Enabling LaggRemover v0.1.8
[22:40:41] [Server thread/INFO]: [LaggRemover] LaggRemover has been enabled!
[22:40:41] [Server thread/INFO]: [WorldGuard] Enabling WorldGuard v6.1
[22:40:42] [Server thread/INFO]: [WorldGuard] (TEST) Lighters are PERMITTED.
[22:40:42] [Server thread/INFO]: [WorldGuard] (TEST) Lava fire is blocked.
[22:40:42] [Server thread/INFO]: [WorldGuard] (TEST) Fire spread is UNRESTRICTED.
[22:40:42] [Server thread/INFO]: [WorldGuard] (TEST_nether) Lighters are PERMITTED.
[22:40:42] [Server thread/INFO]: [WorldGuard] (TEST_nether) Lava fire is blocked.
[22:40:42] [Server thread/INFO]: [WorldGuard] (TEST_nether) Fire spread is UNRESTRICTED.
[22:40:42] [Server thread/INFO]: [WorldGuard] (TEST_the_end) Lighters are PERMITTED.
[22:40:42] [Server thread/INFO]: [WorldGuard] (TEST_the_end) Lava fire is blocked.
[22:40:42] [Server thread/INFO]: [WorldGuard] (TEST_the_end) Fire spread is UNRESTRICTED.
[22:40:42] [Server thread/INFO]: [Multiverse-Core] Enabling Multiverse-Core v2.4-b527
[22:40:43] [Server thread/INFO]: [Multiverse-Core] Loading World & Settings - 'TEST' - Env: NORMAL - Type: NORMAL & seed: -2024018835920597302
[22:40:43] [Server thread/INFO]: [Multiverse-Core] Loading World & Settings - 'TEST_nether' - Env: NETHER - Type: NORMAL & seed: -2024018835920597302
[22:40:43] [Server thread/INFO]: [Multiverse-Core] Loading World & Settings - 'TEST_the_end' - Env: THE_END - Type: NORMAL & seed: -2024018835920597302
[22:40:43] [Server thread/INFO]: [Multiverse-Core] Loading World & Settings - 'lobby' - Env: NORMAL - Type: NORMAL & seed: -3770714656453924402
[22:40:44] [Server thread/INFO]: [WorldGuard] (lobby) Lighters are PERMITTED.
[22:40:44] [Server thread/INFO]: [WorldGuard] (lobby) Lava fire is blocked.
[22:40:44] [Server thread/INFO]: [WorldGuard] (lobby) Fire spread is UNRESTRICTED.
[22:40:44] [Server thread/INFO]: [Multiverse-Core] Loading World & Settings - 'minigames' - Env: NORMAL - Type: FLAT & seed: 2973644325369467684
[22:40:44] [Server thread/INFO]: [WorldGuard] (minigames) Lighters are PERMITTED.
[22:40:44] [Server thread/INFO]: [WorldGuard] (minigames) Lava fire is blocked.
[22:40:44] [Server thread/INFO]: [WorldGuard] (minigames) Fire spread is UNRESTRICTED.
[22:40:45] [Server thread/INFO]: [Multiverse-Core] Loading World & Settings - 'Skywars' - Env: NORMAL - Type: FLAT & seed: 3121935573477155779
[22:40:45] [Server thread/INFO]: [WorldGuard] (Skywars) Lighters are PERMITTED.
[22:40:45] [Server thread/INFO]: [WorldGuard] (Skywars) Lava fire is blocked.
[22:40:45] [Server thread/INFO]: [WorldGuard] (Skywars) Fire spread is UNRESTRICTED.
[22:40:45] [Server thread/INFO]: [Multiverse-Core] Loading World & Settings - 'spawn' - Env: NORMAL - Type: NORMAL & seed: 2261197457111850464
[22:40:46] [Server thread/INFO]: [WorldGuard] (spawn) Lighters are PERMITTED.
[22:40:46] [Server thread/INFO]: [WorldGuard] (spawn) Lava fire is blocked.
[22:40:46] [Server thread/INFO]: [WorldGuard] (spawn) Fire spread is UNRESTRICTED.
[22:40:46] [Server thread/INFO]: [Multiverse-Core] 8 - World(s) loaded.
[22:40:46] [Server thread/INFO]: [Splegg] Enabling Splegg v1.2
[22:40:46] [Server thread/INFO]: [Splegg] Loading map SpleggOne.
[22:40:46] [Server thread/INFO]: [Splegg] Map is usable
[22:40:46] [Server thread/INFO]: [Splegg] Load Complete!
[22:40:46] [Server thread/INFO]: [Splegg] Loading map ArenaOne.
[22:40:46] [Server thread/INFO]: [Splegg] Spawn count is 0
[22:40:46] [Server thread/INFO]: [Splegg] No floors are setup.
[22:40:46] [Server thread/INFO]: [Splegg] --<>-- PLEASE SETUP MAP!! --<>--
[22:40:46] [Server thread/INFO]: [Splegg] Load Complete!
[22:40:46] [Server thread/INFO]: [EssentialsProtect] Enabling EssentialsProtect vTeamCity
[22:40:46] [Server thread/INFO]: [VoxelSniper] Enabling VoxelSniper v7.1.0
[22:40:47] [Server thread/INFO]: [Multiverse-NetherPortals] Enabling Multiverse-NetherPortals v2.4-b530
[22:40:47] [Server thread/INFO]: [SuperVanish] Enabling SuperVanish v5.4.3
[22:40:47] [Server thread/INFO]: [Multiverse-Portals] Enabling Multiverse-Portals v2.4-b548
[22:40:47] [Server thread/INFO]: [Multiverse-Portals]  1 - Portals(s) loaded
[22:40:48] [Server thread/INFO]: [EssentialsSpawn] Enabling EssentialsSpawn vTeamCity
[22:40:48] [Server thread/INFO]: [MinigamesLib] Enabling MinigamesLib v1.13.1
[22:40:48] [Server thread/INFO]: [Minigames] Enabling Minigames v1.7.0
[22:40:48] [Server thread/INFO]: [Minigames] Using lang en_AU
[22:40:48] [Server thread/INFO]: Minigames successfully enabled.
[22:40:48] [Server thread/INFO]: [MobArena] Enabling MobArena v0.97.1
[22:40:49] [Server thread/INFO]: [MobArena] Loaded arena 'default'
[22:40:49] [Server thread/INFO]: [MobArena] Loaded arena 'god-arena'
[22:40:49] [Server thread/INFO]: [MobArena] v0.97.1 enabled.
[22:40:49] [Server thread/INFO]: [TNTRun] Enabling TNTRun v3.4
[22:40:49] [Server thread/INFO]: [HolographicDisplays] Enabling HolographicDisplays v2.1.10
[22:40:49] [Server thread/INFO]: [CommandSigns] Enabling CommandSigns v1.9.3.2
[22:40:49] [Server thread/INFO]: [CommandSigns] No signs found.
[22:40:50] [Server thread/INFO]: [SkyWars] Enabling SkyWars v1.1-m16
[22:40:52] [Server thread/INFO]: Preparing spawn area for island-0, 77%
[22:40:52] [Server thread/INFO]: [WorldGuard] (island-0) Lighters are PERMITTED.
[22:40:52] [Server thread/INFO]: [WorldGuard] (island-0) Lava fire is blocked.
[22:40:52] [Server thread/INFO]: [WorldGuard] (island-0) Fire spread is UNRESTRICTED.
[22:40:53] [Server thread/INFO]: [EpicSpleef] Enabling EpicSpleef v0.0.19
[22:40:53] [Server thread/INFO]: [EpicSpleef] Enabling EpicSpleef by BtoBastian
[22:40:53] [Server thread/INFO]: [EpicSpleef] Loading lobby SpleefOne
[22:40:54] [Server thread/INFO]: [EpicSpleef] Loading arena ArenaOne
[22:40:54] [Server thread/INFO]: [EpicSpleef] Successfully loaded arena ArenaOne. (world: minigames, blocks: 5233, maxPlayers: 0)
[22:40:54] [Server thread/INFO]: [EpicSpleef] Loading arena SpleefOne
[22:40:54] [Server thread/INFO]: [EpicSpleef] Successfully loaded arena SpleefOne. (world: minigames, blocks: 0, maxPlayers: 0)
[22:40:56] [Server thread/INFO]: [OnTime] Enabling OnTime v4.1.3
[22:40:57] [Server thread/INFO]: [CraftBook] Enabling CraftBook v3.9-SNAPSHOT
[22:40:57] [Server thread/INFO]: [CraftBook] Successfully added 1 CommandItems!
[22:40:57] [Server thread/INFO]: [CraftBook] Registered 3 custom recipes!
[22:40:57] [Server thread/INFO]: [CraftBook] 5797 chunk(s) for 9 world(s) processed (68ms elapsed)
[22:41:03] [Server thread/INFO]: Found 0 arenas.
[22:41:16] [Server thread/INFO]: Popey456963 issued server command: /f
[22:41:44] [Server thread/INFO]: Developers: [Dev] Poopey
[22:42:31] [Server thread/INFO]: Developers: [Dev] Poopey
[22:43:17] [Server thread/INFO]: Developers: [Dev] Poopey, [Giraffe]Twiixtor
[22:43:25] [Server thread/INFO]: Twiixtor issued server command: /f desc We're the GIRAFFES!!!
[22:43:29] [Server thread/INFO]: [Giraffe]Twiixtor: test
[22:43:41] [Server thread/INFO]: Popey456963 issued server command: /f s
[22:43:48] [Server thread/INFO]: Popey456963 issued server command: /f f
[22:44:04] [Server thread/INFO]: Developers: [Dev] Poopey, [Giraffe]Twiixtor
[22:44:30] [Server thread/INFO]: Popey456963 issued server command: /f disband Giraffes
[22:44:35] [Server thread/INFO]: Popey456963 issued server command: /f help
[22:44:40] [Server thread/INFO]: Twiixtor issued server command: /f desc We're the GIRAFFES!!!
[22:44:40] [Server thread/INFO]: Popey456963 issued server command: /f help 2
[22:44:45] [Server thread/INFO]: Twiixtor issued server command: /f
[22:44:46] [Server thread/INFO]: Popey456963 issued server command: /f help 2
[22:44:49] [Server thread/INFO]: Popey456963 issued server command: /f disband Giraffes
[22:44:50] [Server thread/INFO]: Developers: [Dev] Poopey, [Giraffe]Twiixtor
[22:44:56] [Server thread/INFO]: Popey456963 issued server command: /f desc Giraffes!
[22:45:01] [Server thread/INFO]: Twiixtor issued server command: /f disband
[22:45:02] [Server thread/INFO]: Popey456963 issued server command: /f inv twi
[22:45:05] [Server thread/INFO]: Popey456963 issued server command: /f inv Twiixtor
[22:45:09] [Server thread/INFO]: Popey456963 issued server command: /f i Twiixtor
[22:45:12] [Server thread/INFO]: Popey456963 issued server command: /f invite Twiixtor
[22:45:13] [Server thread/INFO]: Twiixtor issued server command: /f help 2
[22:45:14] [Server thread/INFO]: Popey456963 issued server command: /f help
[22:45:17] [Server thread/INFO]: Twiixtor issued server command: /f help 3
[22:45:19] [Server thread/INFO]: Popey456963 issued server command: /f help 2
[22:45:22] [Server thread/INFO]: Twiixtor issued server command: /f help 4
[22:45:25] [Server thread/INFO]: Popey456963 issued server command: /f i,inv,invite
[22:45:25] [Server thread/INFO]: Twiixtor issued server command: /f help 5
[22:45:28] [Server thread/INFO]: Popey456963 issued server command: /f i
[22:45:30] [Server thread/INFO]: Twiixtor issued server command: /f disband Giraffes
[22:45:32] [Server thread/INFO]: **Giraffes Popey456963 invited you to Giraffes.
[22:45:37] [Server thread/INFO]: Developers: [Dev] Poopey, [Giraffe]Twiixtor
[22:45:48] [Server thread/INFO]: Twiixtor issued server command: /f disband Giraffes
[22:45:58] [Server thread/INFO]: Popey456963 issued server command: /f join Giraffes
[22:46:00] [Server thread/INFO]: Popey456963 issued server command: /f join Giraffes
[22:46:24] [Server thread/INFO]: Developers: [Dev] Poopey, [Giraffe]Twiixtor
[22:46:24] [Server thread/INFO]: Popey456963 issued server command: /f join Giraffes
[22:46:27] [Server thread/INFO]: Twiixtor issued server command: /f desc Disband it to be gay
[22:46:46] [Server thread/INFO]: Popey456963 issued server command: /f leader Giraffes
[22:46:48] [Server thread/INFO]: Popey456963 issued server command: /f leader
[22:46:49] [Server thread/INFO]: Twiixtor issued server command: /f power
[22:46:50] [Server thread/INFO]: Popey456963 issued server command: /f leader popey456963
[22:46:50] [Server thread/INFO]: **Giraffes Popey456963 gave **Giraffes Popey456963 the leadership of Giraffes.
[22:46:53] [Server thread/INFO]: [Dev] Poopey: lmao
[22:46:58] [Server thread/INFO]: Twiixtor issued server command: /f owner
[22:47:04] [Server thread/INFO]: Twiixtor issued server command: /f help 5
[22:47:04] [Server thread/INFO]: Popey456963 issued server command: /f leader twiixtor
[22:47:04] [Server thread/INFO]: *Giraffes Popey456963 gave **Giraffes Twiixtor the leadership of Giraffes.
[22:47:06] [Server thread/INFO]: [Dev] Poopey: ./f leader twiixtor
[22:47:10] [Server thread/INFO]: Twiixtor issued server command: /f leader
[22:47:10] [Server thread/INFO]: Developers: [Dev] Poopey, [Giraffe]Twiixtor
[22:47:11] [Server thread/INFO]: Popey456963 issued server command: /f s
[22:47:15] [Server thread/INFO]: Twiixtor issued server command: /f leader twiixtor
[22:47:30] [Server thread/INFO]: Twiixtor issued server command: /f Giraffes
[22:47:32] [Server thread/INFO]: Twiixtor issued server command: /f help
[22:47:32] [Server thread/INFO]: Popey456963 issued server command: /f officer popey456963
[22:47:34] [Server thread/INFO]: Twiixtor issued server command: /f info
[22:47:39] [Server thread/INFO]: [Dev] Poopey: ./f s
[22:47:40] [Server thread/INFO]: Popey456963 issued server command: /f s
[22:47:43] [Server thread/INFO]: Twiixtor issued server command: /f s Giraffes
[22:47:48] [Server thread/INFO]: Twiixtor issued server command: /f power
[22:47:49] [Server thread/INFO]: Twiixtor issued server command: /f help 5
[22:47:57] [Server thread/INFO]: Developers: [Dev] Poopey, [Giraffe]Twiixtor
[22:47:57] [Server thread/INFO]: Twiixtor issued server command: /f sp twiixtor 1337
[22:48:01] [Server thread/INFO]: Popey456963 issued server command: /f powerboost p popey456963 9000
[22:48:04] [Server thread/INFO]: Twiixtor issued server command: /f sp twiixtor 1337
[22:48:04] [Server thread/INFO]: Popey456963 issued server command: /f powerboost p twiixtor 9000
[22:48:05] [Server thread/INFO]: Popey456963 issued server command: /f s
[22:48:10] [Server thread/INFO]: Twiixtor issued server command: /f s
[22:48:12] [Server thread/INFO]: Popey456963 issued server command: /f powerboost p twiixtor 8990
[22:48:17] [Server thread/INFO]: Popey456963 issued server command: /f powerboost p twiixtor 8990
[22:48:20] [Server thread/INFO]: Popey456963 issued server command: /f s
[22:48:25] [Server thread/INFO]: Popey456963 issued server command: /f powerboost p popey456963 8990
[22:48:27] [Server thread/INFO]: Popey456963 issued server command: /f s
[22:48:28] [Server thread/INFO]: Twiixtor issued server command: /f s
[22:48:35] [Server thread/INFO]: Twiixtor issued server command: /f sp twiixtor 1337
[22:48:39] [Server thread/INFO]: Twiixtor issued server command: /f s
[22:48:43] [Server thread/INFO]: Developers: [Dev] Poopey, [Giraffe]Twiixtor
[22:48:45] [Server thread/INFO]: Popey456963 issued server command: /f s
[22:48:48] [Server thread/INFO]: Popey456963 issued server command: /f s
[22:48:55] [Server thread/INFO]: Popey456963 issued server command: /f dynmap
[22:49:02] [Server thread/INFO]: Twiixtor issued server command: /f sp twiixtor 48
[22:49:11] [Server thread/INFO]: Popey456963 issued server command: /f dynmap
[22:49:13] [Server thread/INFO]: Popey456963 issued server command: /f s
[22:49:14] [Server thread/INFO]: Popey456963 issued server command: /f s
[22:49:15] [Server thread/INFO]: Popey456963 issued server command: /f s
[22:49:30] [Server thread/INFO]: Developers: [Dev] Poopey, [Giraffe]Twiixtor
[22:50:16] [Server thread/INFO]: Developers: [Dev] Poopey, [Giraffe]Twiixtor
[22:51:27] [Server thread/INFO]: Developers: [Dev] Poopey, [Giraffe]Twiixtor
[22:52:14] [Server thread/INFO]: Developers: [Dev] Poopey, [Giraffe]Twiixtor
[22:52:19] [Server thread/INFO]: Popey456963 issued server command: /pllugins
[22:52:23] [Server thread/INFO]: Popey456963 issued server command: /plugins
[22:53:00] [Server thread/INFO]: Developers: [Dev] Poopey, [Giraffe]Twiixtor
[22:53:47] [Server thread/INFO]: Developers: [Dev] Poopey, [Giraffe]Twiixtor
[22:54:33] [Server thread/INFO]: Developers: [Dev] Poopey, [Giraffe]Twiixtor
[22:55:20] [Server thread/INFO]: Developers: [Dev] Poopey, [Giraffe]Twiixtor
[22:56:07] [Server thread/INFO]: Developers: [Dev] Poopey, [Giraffe]Twiixtor
[22:56:53] [Server thread/INFO]: Developers: [Dev] Poopey, [Giraffe]Twiixtor
[22:57:40] [Server thread/INFO]: Developers: [Dev] Poopey, [Giraffe]Twiixtor
[22:58:27] [Server thread/INFO]: Developers: [Dev] Poopey, [Giraffe]Twiixtor
[22:59:13] [Server thread/INFO]: Developers: [Dev] Poopey, [AFK][Giraffe]Twiixtor
[23:00:00] [Server thread/INFO]: Developers: [Dev] Poopey, [AFK][Giraffe]Twiixtor
[23:01:27] [Server thread/INFO]: Developers: [Dev] Poopey, [AFK][Giraffe]Twiixtor
[23:02:14] [Server thread/INFO]: Developers: [Dev] Poopey, [AFK][Giraffe]Twiixtor
[23:03:00] [Server thread/INFO]: Developers: [Dev] Poopey, [AFK][Giraffe]Twiixtor
[23:03:47] [Server thread/INFO]: Developers: [Dev] Poopey, [AFK][Giraffe]Twiixtor
[23:04:33] [Server thread/INFO]: Developers: [Dev] Poopey, [AFK][Giraffe]Twiixtor
[23:05:20] [Server thread/INFO]: [Multiverse-Core] Loading World & Settings - 'survival' - Env: NORMAL - Type: NORMAL
[23:05:21] [Server thread/INFO]: [WorldGuard] (survival) Lighters are PERMITTED.
[23:05:21] [Server thread/INFO]: [WorldGuard] (survival) Lava fire is blocked.
[23:05:21] [Server thread/INFO]: [WorldGuard] (survival) Fire spread is UNRESTRICTED.
[23:05:21] [Server thread/INFO]: Preparing spawn area for survival, 4%
[23:05:22] [Server thread/INFO]: Preparing spawn area for survival, 4%
[23:05:23] [Server thread/INFO]: Preparing spawn area for survival, 8%
[23:05:24] [Server thread/INFO]: Preparing spawn area for survival, 12%
[23:05:25] [Server thread/INFO]: Preparing spawn area for survival, 20%
[23:05:26] [Server thread/INFO]: Preparing spawn area for survival, 24%
[23:05:27] [Server thread/INFO]: Preparing spawn area for survival, 28%
[23:05:28] [Server thread/INFO]: Preparing spawn area for survival, 32%
[23:05:29] [Server thread/INFO]: Preparing spawn area for survival, 40%
[23:05:30] [Server thread/INFO]: Preparing spawn area for survival, 44%
[23:05:31] [Server thread/INFO]: Preparing spawn area for survival, 52%
[23:05:32] [Server thread/INFO]: Preparing spawn area for survival, 56%
[23:05:33] [Server thread/INFO]: Preparing spawn area for survival, 65%
[23:05:34] [Server thread/INFO]: Preparing spawn area for survival, 65%
[23:05:35] [Server thread/INFO]: Preparing spawn area for survival, 69%
[23:05:36] [Server thread/INFO]: Preparing spawn area for survival, 73%
[23:05:38] [Server thread/INFO]: Preparing spawn area for survival, 77%
[23:05:39] [Server thread/INFO]: Preparing spawn area for survival, 81%
[23:05:40] [Server thread/INFO]: Preparing spawn area for survival, 85%
[23:05:41] [Server thread/INFO]: Preparing spawn area for survival, 89%
[23:05:42] [Server thread/INFO]: Preparing spawn area for survival, 97%
[23:05:44] [Server thread/INFO]: Popey456963: Complete!
[23:05:44] [Server thread/INFO]: Twiixtor left the game.
[23:05:44] [Server thread/INFO]: Developers: [Dev] Poopey
[23:05:54] [Server thread/INFO]: Popey456963 issued server command: /mvtp survival
[23:05:59] [Server thread/INFO]: Twiixtor issued server command: /mv tp survival
[23:06:07] [Server thread/INFO]: Developers: [Dev] Poopey, [Giraffe]Twiixtor
[23:06:53] [Server thread/INFO]: Developers: [Dev] Poopey, [Giraffe]Twiixtor
[23:07:40] [Server thread/INFO]: Developers: [Dev] Poopey, [Giraffe]Twiixtor
[23:08:14] [Server thread/INFO]: Twiixtor issued server command: /mv delete
[23:08:26] [Server thread/INFO]: Developers: [Dev] Poopey, [Giraffe]Twiixtor
[23:08:45] [Server thread/INFO]: Twiixtor issued server command: /mv tp TEST
[23:08:54] [Server thread/INFO]: Twiixtor issued server command: /mv delete
[23:09:01] [Server thread/INFO]: Twiixtor issued server command: /mv delete TEST
[23:09:10] [Server thread/INFO]: Twiixtor issued server command: /mv
[23:09:13] [Server thread/INFO]: Developers: [Dev] Poopey, [Giraffe]Twiixtor
[23:09:59] [Server thread/INFO]: Developers: [Dev] Poopey, [Giraffe]Twiixtor
[23:11:27] [Server thread/INFO]: Developers: [Dev] Poopey, [Giraffe]Twiixtor
[23:12:14] [Server thread/INFO]: Developers: [Dev] Poopey, [Giraffe]Twiixtor
[23:12:47] [Server thread/INFO]: Twiixtor issued server command: /tp pop
[23:13:00] [Server thread/INFO]: Developers: [Dev] Poopey, [Giraffe]Twiixtor
[23:13:16] [Server thread/INFO]: Popey456963 issued server command: /tp twiix
[23:13:47] [Server thread/INFO]: Developers: [Dev] Poopey, [Giraffe]Twiixtor
[23:14:01] [Server thread/INFO]: Popey456963 issued server command: /plugins
[23:14:11] [Server thread/INFO]: Popey456963 issued server command: /mvtp spawn
[23:14:21] [Server thread/INFO]: Popey456963 issued server command: /back
[23:14:30] [Server thread/INFO]: Twiixtor issued server command: /mv delete
[23:14:34] [Server thread/INFO]: Twiixtor issued server command: /mv delete TEST
[23:14:34] [Server thread/INFO]: Developers: [Dev] Poopey, [Giraffe]Twiixtor
[23:14:45] [Server thread/INFO]: Stopping the server
[23:14:45] [Server thread/INFO]: Stopping server
[23:14:45] [Server thread/INFO]: [CraftBook] Disabling CraftBook v3.9-SNAPSHOT
[23:14:45] [Server thread/INFO]: [OnTime] Disabling OnTime v4.1.3
[23:14:45] [Server thread/INFO]: [EpicSpleef] Disabling EpicSpleef v0.0.19
[23:14:45] [Server thread/INFO]: [SkyWars] Disabling SkyWars v1.1-m16
[23:14:46] [Server thread/INFO]: [Multiverse-Core] World 'island-0' was unloaded from memory.
[23:14:46] [Server thread/INFO]: [Multiverse-Core] World island-0 was DELETED.
[23:14:46] [Server thread/INFO]: [CommandSigns] Disabling CommandSigns v1.9.3.2
[23:14:46] [Server thread/INFO]: [HolographicDisplays] Disabling HolographicDisplays v2.1.10
[23:14:46] [Server thread/INFO]: [TNTRun] Disabling TNTRun v3.4
[23:14:46] [Server thread/INFO]: [MobArena] Disabling MobArena v0.97.1
[23:14:46] [Server thread/INFO]: [MobArena] disabled.
[23:14:46] [Server thread/INFO]: [Minigames] Disabling Minigames v1.7.0
[23:14:46] [Server thread/INFO]: Minigames successfully disabled.
[23:14:46] [Server thread/INFO]: [MinigamesLib] Disabling MinigamesLib v1.13.1
[23:14:46] [Server thread/INFO]: [MassiveCore] Disabling MassiveCore v2.8.0
[23:14:46] [Server thread/INFO]: [MassiveCore 2.8.0] Disabled
[23:14:46] [Server thread/INFO]: [EssentialsSpawn] Disabling EssentialsSpawn vTeamCity
[23:14:46] [Server thread/INFO]: [Vault] Disabling Vault v1.5.6-b49
[23:14:46] [Server thread/INFO]: [Multiverse-Portals] Disabling Multiverse-Portals v2.4-b548
[23:14:46] [Server thread/INFO]: [SuperVanish] Disabling SuperVanish v5.4.3
[23:14:46] [Server thread/INFO]: [Multiverse-NetherPortals] Disabling Multiverse-NetherPortals v2.4-b530
[23:14:46] [Server thread/INFO]: [MultiVerse-NetherPortals] - Disabled
[23:14:46] [Server thread/INFO]: [mcMMO] Disabling mcMMO v1.5.00-b3547
[23:14:46] [Server thread/INFO]: [VoxelSniper] Disabling VoxelSniper v7.1.0
[23:14:46] [Server thread/INFO]: [EssentialsProtect] Disabling EssentialsProtect vTeamCity
[23:14:46] [Server thread/INFO]: [Splegg] Disabling Splegg v1.2
[23:14:46] [Server thread/INFO]: [Multiverse-Core] Disabling Multiverse-Core v2.4-b527
[23:14:46] [Server thread/INFO]: [Multiverse-Core] - Disabled
[23:14:46] [Server thread/INFO]: [WorldGuard] Disabling WorldGuard v6.1
[23:14:46] [Server thread/INFO]: [WorldGuard] Shutting down executor and waiting for any pending tasks...
[23:14:46] [Server thread/INFO]: [LaggRemover] Disabling LaggRemover v0.1.8
[23:14:46] [Server thread/INFO]: [LaggRemover] LaggRemover has been disabled!
[23:14:46] [Server thread/INFO]: [PlugMan] Disabling PlugMan v2.0.7
[23:14:46] [Server thread/INFO]: [Essentials] Disabling Essentials vTeamCity
[23:14:46] [Server thread/INFO]: [WorldEdit] Disabling WorldEdit v6.1;no_git_id
[23:14:46] [Server thread/INFO]: [DisguiseCraft] Disabling DisguiseCraft v5.2
[23:14:46] [Server thread/INFO]: Twiixtor left the game.
