[00:00:13] [Server thread/INFO]: 
[00:00:59] [Server thread/INFO]: 
[00:01:45] [Server thread/INFO]: 
[00:02:32] [Server thread/INFO]: 
[00:03:18] [Server thread/INFO]: 
[00:04:05] [Server thread/INFO]: 
[00:04:52] [Server thread/INFO]: 
[00:05:38] [Server thread/INFO]: 
[00:06:25] [Server thread/INFO]: 
[00:07:11] [Server thread/INFO]: 
[00:07:58] [Server thread/INFO]: 
[00:08:44] [Server thread/INFO]: 
[00:09:31] [Server thread/INFO]: 
[00:10:17] [Server thread/INFO]: 
[00:11:04] [Server thread/INFO]: 
[00:11:50] [Server thread/INFO]: 
[00:12:37] [Server thread/INFO]: 
[00:13:24] [Server thread/INFO]: 
[00:14:10] [Server thread/INFO]: 
[00:14:57] [Server thread/INFO]: 
[00:15:43] [Server thread/INFO]: 
[00:16:30] [Server thread/INFO]: 
[00:17:16] [Server thread/INFO]: 
[00:18:03] [Server thread/INFO]: 
[00:18:49] [Server thread/INFO]: 
[00:19:36] [Server thread/INFO]: 
[00:20:23] [Server thread/INFO]: 
[00:21:09] [Server thread/INFO]: 
[00:21:56] [Server thread/INFO]: 
[00:22:42] [Server thread/INFO]: 
[00:23:29] [Server thread/INFO]: 
[00:24:15] [Server thread/INFO]: 
[00:25:02] [Server thread/INFO]: 
[00:25:48] [Server thread/INFO]: 
[00:26:35] [Server thread/INFO]: 
[00:27:21] [Server thread/INFO]: 
[00:28:08] [Server thread/INFO]: 
[00:28:55] [Server thread/INFO]: 
[00:29:41] [Server thread/INFO]: 
[00:30:28] [Server thread/INFO]: 
[00:31:14] [Server thread/INFO]: 
[00:32:01] [Server thread/INFO]: 
[00:32:47] [Server thread/INFO]: 
[00:33:34] [Server thread/INFO]: 
[00:34:20] [Server thread/INFO]: 
[00:35:07] [Server thread/INFO]: 
[00:35:54] [Server thread/INFO]: 
[00:36:40] [Server thread/INFO]: 
[00:37:27] [Server thread/INFO]: 
[00:38:13] [Server thread/INFO]: 
[00:39:00] [Server thread/INFO]: 
[00:39:46] [Server thread/INFO]: 
[00:40:33] [Server thread/INFO]: 
[00:41:19] [Server thread/INFO]: 
[00:42:06] [Server thread/INFO]: 
[00:42:52] [Server thread/INFO]: 
[00:43:39] [Server thread/INFO]: 
[00:44:26] [Server thread/INFO]: 
[00:45:12] [Server thread/INFO]: 
[00:45:59] [Server thread/INFO]: 
[00:46:45] [Server thread/INFO]: 
[00:47:32] [Server thread/INFO]: 
[00:48:18] [Server thread/INFO]: 
[00:49:05] [Server thread/INFO]: 
[00:49:51] [Server thread/INFO]: 
[00:50:38] [Server thread/INFO]: 
[00:51:25] [Server thread/INFO]: 
[00:52:11] [Server thread/INFO]: 
[00:52:58] [Server thread/INFO]: 
[00:53:44] [Server thread/INFO]: 
[00:54:31] [Server thread/INFO]: 
[00:55:17] [Server thread/INFO]: 
[00:56:04] [Server thread/INFO]: 
[00:56:50] [Server thread/INFO]: 
[00:57:37] [Server thread/INFO]: 
[00:58:24] [Server thread/INFO]: 
[00:59:10] [Server thread/INFO]: 
[00:59:57] [Server thread/INFO]: 
[01:00:43] [Server thread/INFO]: 
[01:01:30] [Server thread/INFO]: 
[01:02:16] [Server thread/INFO]: 
[01:03:03] [Server thread/INFO]: 
[01:03:49] [Server thread/INFO]: 
[01:04:36] [Server thread/INFO]: 
[01:05:22] [Server thread/INFO]: 
[01:06:09] [Server thread/INFO]: 
[01:06:56] [Server thread/INFO]: 
[01:07:42] [Server thread/INFO]: 
[01:08:29] [Server thread/INFO]: 
[01:09:15] [Server thread/INFO]: 
[01:10:02] [Server thread/INFO]: 
[01:10:48] [Server thread/INFO]: 
[01:11:35] [Server thread/INFO]: 
[01:12:21] [Server thread/INFO]: 
[01:13:08] [Server thread/INFO]: 
[01:13:55] [Server thread/INFO]: 
[01:14:41] [Server thread/INFO]: 
[01:15:28] [Server thread/INFO]: 
[01:16:14] [Server thread/INFO]: 
[01:17:01] [Server thread/INFO]: 
[01:17:47] [Server thread/INFO]: 
[01:18:34] [Server thread/INFO]: 
[01:19:20] [Server thread/INFO]: 
[01:20:07] [Server thread/INFO]: 
[01:20:53] [Server thread/INFO]: 
[01:21:40] [Server thread/INFO]: 
[01:22:27] [Server thread/INFO]: 
[01:23:13] [Server thread/INFO]: 
[01:24:00] [Server thread/INFO]: 
[01:24:46] [Server thread/INFO]: 
[01:25:33] [Server thread/INFO]: 
[01:26:19] [Server thread/INFO]: 
[01:27:06] [Server thread/INFO]: 
[01:27:52] [Server thread/INFO]: 
[01:28:39] [Server thread/INFO]: 
[01:29:26] [Server thread/INFO]: 
[01:30:12] [Server thread/INFO]: 
[01:30:59] [Server thread/INFO]: 
[01:31:45] [Server thread/INFO]: 
[01:32:32] [Server thread/INFO]: 
[01:33:18] [Server thread/INFO]: 
[01:34:05] [Server thread/INFO]: 
[01:34:51] [Server thread/INFO]: 
[01:35:38] [Server thread/INFO]: 
[01:36:24] [Server thread/INFO]: 
[01:37:11] [Server thread/INFO]: 
[01:37:58] [Server thread/INFO]: 
[01:38:44] [Server thread/INFO]: 
[01:39:31] [Server thread/INFO]: 
[01:40:17] [Server thread/INFO]: 
[01:41:04] [Server thread/INFO]: 
[01:41:50] [Server thread/INFO]: 
[01:42:37] [Server thread/INFO]: 
[01:43:23] [Server thread/INFO]: 
[01:44:10] [Server thread/INFO]: 
[01:44:57] [Server thread/INFO]: 
[01:45:43] [Server thread/INFO]: 
[01:46:30] [Server thread/INFO]: 
[01:47:16] [Server thread/INFO]: 
[01:48:03] [Server thread/INFO]: 
[01:48:49] [Server thread/INFO]: 
[01:49:36] [Server thread/INFO]: 
[01:50:22] [Server thread/INFO]: 
[01:51:09] [Server thread/INFO]: 
[01:51:55] [Server thread/INFO]: 
[01:52:42] [Server thread/INFO]: 
[01:53:29] [Server thread/INFO]: 
[01:54:15] [Server thread/INFO]: 
[01:55:02] [Server thread/INFO]: 
[01:55:48] [Server thread/INFO]: 
[01:56:35] [Server thread/INFO]: 
[01:57:21] [Server thread/INFO]: 
[01:58:08] [Server thread/INFO]: 
[01:58:54] [Server thread/INFO]: 
[01:59:41] [Server thread/INFO]: 
[02:00:28] [Server thread/INFO]: 
[02:01:14] [Server thread/INFO]: 
[02:02:01] [Server thread/INFO]: 
[02:02:47] [Server thread/INFO]: 
[02:03:34] [Server thread/INFO]: 
[02:04:20] [Server thread/INFO]: 
[02:05:07] [Server thread/INFO]: 
[02:05:53] [Server thread/INFO]: 
[02:06:40] [Server thread/INFO]: 
[02:07:26] [Server thread/INFO]: 
[02:08:13] [Server thread/INFO]: 
[02:09:00] [Server thread/INFO]: 
[02:09:46] [Server thread/INFO]: 
[02:10:33] [Server thread/INFO]: 
[02:11:19] [Server thread/INFO]: 
[02:12:06] [Server thread/INFO]: 
[02:12:52] [Server thread/INFO]: 
[02:13:39] [Server thread/INFO]: 
[02:14:25] [Server thread/INFO]: 
[02:15:12] [Server thread/INFO]: 
[02:15:59] [Server thread/INFO]: 
[02:16:45] [Server thread/INFO]: 
[02:17:32] [Server thread/INFO]: 
[02:18:18] [Server thread/INFO]: 
[02:19:05] [Server thread/INFO]: 
[02:19:51] [Server thread/INFO]: 
[02:20:38] [Server thread/INFO]: 
[02:21:24] [Server thread/INFO]: 
[02:22:11] [Server thread/INFO]: 
[02:22:57] [Server thread/INFO]: 
[02:23:44] [Server thread/INFO]: 
[02:24:31] [Server thread/INFO]: 
[02:25:17] [Server thread/INFO]: 
[02:26:04] [Server thread/INFO]: 
[02:26:50] [Server thread/INFO]: 
[02:27:37] [Server thread/INFO]: 
[02:28:23] [Server thread/INFO]: 
[02:29:10] [Server thread/INFO]: 
[02:29:56] [Server thread/INFO]: 
[02:30:43] [Server thread/INFO]: 
[02:31:30] [Server thread/INFO]: 
[02:32:16] [Server thread/INFO]: 
[02:33:03] [Server thread/INFO]: 
[02:33:49] [Server thread/INFO]: 
[02:34:36] [Server thread/INFO]: 
[02:35:22] [Server thread/INFO]: 
[02:36:09] [Server thread/INFO]: 
[02:36:55] [Server thread/INFO]: 
[02:37:42] [Server thread/INFO]: 
[02:38:28] [Server thread/INFO]: 
[02:39:15] [Server thread/INFO]: 
[02:40:02] [Server thread/INFO]: 
[02:40:48] [Server thread/INFO]: 
[02:41:35] [Server thread/INFO]: 
[02:42:21] [Server thread/INFO]: 
[02:43:08] [Server thread/INFO]: 
[02:43:54] [Server thread/INFO]: 
[02:44:41] [Server thread/INFO]: 
[02:45:27] [Server thread/INFO]: 
[02:46:14] [Server thread/INFO]: 
[02:47:01] [Server thread/INFO]: 
[02:47:47] [Server thread/INFO]: 
[02:48:34] [Server thread/INFO]: 
[02:49:20] [Server thread/INFO]: 
[02:50:07] [Server thread/INFO]: 
[02:50:53] [Server thread/INFO]: 
[02:51:40] [Server thread/INFO]: 
[02:52:26] [Server thread/INFO]: 
[02:53:13] [Server thread/INFO]: 
[02:53:59] [Server thread/INFO]: 
[02:54:46] [Server thread/INFO]: 
[02:55:33] [Server thread/INFO]: 
[02:56:19] [Server thread/INFO]: 
[02:57:06] [Server thread/INFO]: 
[02:57:52] [Server thread/INFO]: 
[02:58:39] [Server thread/INFO]: 
[02:59:25] [Server thread/INFO]: 
[03:00:12] [Server thread/INFO]: 
[03:00:58] [Server thread/INFO]: 
[03:01:45] [Server thread/INFO]: 
[03:02:32] [Server thread/INFO]: 
[03:03:18] [Server thread/INFO]: 
[03:04:05] [Server thread/INFO]: 
[03:04:51] [Server thread/INFO]: 
[03:05:38] [Server thread/INFO]: 
[03:06:24] [Server thread/INFO]: 
[03:07:11] [Server thread/INFO]: 
[03:07:57] [Server thread/INFO]: 
[03:08:44] [Server thread/INFO]: 
[03:09:31] [Server thread/INFO]: 
[03:10:17] [Server thread/INFO]: 
[03:11:04] [Server thread/INFO]: 
[03:11:50] [Server thread/INFO]: 
[03:12:37] [Server thread/INFO]: 
[03:13:23] [Server thread/INFO]: 
[03:14:10] [Server thread/INFO]: 
[03:14:56] [Server thread/INFO]: 
[03:15:43] [Server thread/INFO]: 
[03:16:29] [Server thread/INFO]: 
[03:17:16] [Server thread/INFO]: 
[03:18:03] [Server thread/INFO]: 
[03:18:49] [Server thread/INFO]: 
[03:19:36] [Server thread/INFO]: 
[03:20:22] [Server thread/INFO]: 
[03:21:09] [Server thread/INFO]: 
[03:21:55] [Server thread/INFO]: 
[03:22:42] [Server thread/INFO]: 
[03:23:28] [Server thread/INFO]: 
[03:24:15] [Server thread/INFO]: 
[03:25:02] [Server thread/INFO]: 
[03:25:48] [Server thread/INFO]: 
[03:26:35] [Server thread/INFO]: 
[03:27:21] [Server thread/INFO]: 
[03:28:08] [Server thread/INFO]: 
[03:28:54] [Server thread/INFO]: 
[03:29:41] [Server thread/INFO]: 
[03:30:27] [Server thread/INFO]: 
[03:31:14] [Server thread/INFO]: 
[03:32:00] [Server thread/INFO]: 
[03:32:47] [Server thread/INFO]: 
[03:33:34] [Server thread/INFO]: 
[03:34:20] [Server thread/INFO]: 
[03:35:07] [Server thread/INFO]: 
[03:35:53] [Server thread/INFO]: 
[03:36:40] [Server thread/INFO]: 
[03:37:26] [Server thread/INFO]: 
[03:38:13] [Server thread/INFO]: 
[03:38:59] [Server thread/INFO]: 
[03:39:46] [Server thread/INFO]: 
[03:40:33] [Server thread/INFO]: 
[03:41:19] [Server thread/INFO]: 
[03:42:06] [Server thread/INFO]: 
[03:42:52] [Server thread/INFO]: 
[03:43:39] [Server thread/INFO]: 
[03:44:25] [Server thread/INFO]: 
[03:45:12] [Server thread/INFO]: 
[03:45:58] [Server thread/INFO]: 
[03:46:45] [Server thread/INFO]: 
[03:47:31] [Server thread/INFO]: 
[03:48:18] [Server thread/INFO]: 
[03:49:05] [Server thread/INFO]: 
[03:49:52] [Server thread/INFO]: 
[03:50:38] [Server thread/INFO]: 
[03:51:25] [Server thread/INFO]: 
[03:52:11] [Server thread/INFO]: 
[03:52:58] [Server thread/INFO]: 
[03:53:44] [Server thread/INFO]: 
[03:54:31] [Server thread/INFO]: 
[03:55:18] [Server thread/INFO]: 
[03:56:04] [Server thread/INFO]: 
[03:56:51] [Server thread/INFO]: 
[03:57:37] [Server thread/INFO]: 
[03:58:24] [Server thread/INFO]: 
[03:59:10] [Server thread/INFO]: 
[03:59:57] [Server thread/INFO]: 
[04:00:43] [Server thread/INFO]: 
[04:01:30] [Server thread/INFO]: 
[04:02:17] [Server thread/INFO]: 
[04:03:03] [Server thread/INFO]: 
[04:03:50] [Server thread/INFO]: 
[04:04:36] [Server thread/INFO]: 
[04:05:23] [Server thread/INFO]: 
[04:06:09] [Server thread/INFO]: 
[04:06:56] [Server thread/INFO]: 
[04:07:42] [Server thread/INFO]: 
[04:08:29] [Server thread/INFO]: 
[04:09:15] [Server thread/INFO]: 
[04:10:02] [Server thread/INFO]: 
[04:10:49] [Server thread/INFO]: 
[04:11:35] [Server thread/INFO]: 
[04:12:22] [Server thread/INFO]: 
[04:13:08] [Server thread/INFO]: 
[04:13:55] [Server thread/INFO]: 
[04:14:41] [Server thread/INFO]: 
[04:15:28] [Server thread/INFO]: 
[04:16:15] [Server thread/INFO]: 
[04:17:01] [Server thread/INFO]: 
[04:17:48] [Server thread/INFO]: 
[04:18:34] [Server thread/INFO]: 
[04:19:21] [Server thread/INFO]: 
[04:20:07] [Server thread/INFO]: 
[04:20:54] [Server thread/INFO]: 
[04:21:40] [Server thread/INFO]: 
[04:22:27] [Server thread/INFO]: 
[04:23:14] [Server thread/INFO]: 
[04:24:00] [Server thread/INFO]: 
[04:24:47] [Server thread/INFO]: 
[04:25:33] [Server thread/INFO]: 
[04:26:20] [Server thread/INFO]: 
[04:27:06] [Server thread/INFO]: 
[04:27:53] [Server thread/INFO]: 
[04:28:39] [Server thread/INFO]: 
[04:29:26] [Server thread/INFO]: 
[04:30:12] [Server thread/INFO]: 
[04:30:59] [Server thread/INFO]: 
[04:31:46] [Server thread/INFO]: 
[04:32:32] [Server thread/INFO]: 
[04:33:19] [Server thread/INFO]: 
[04:34:05] [Server thread/INFO]: 
[04:34:52] [Server thread/INFO]: 
[04:35:38] [Server thread/INFO]: 
[04:36:25] [Server thread/INFO]: 
[04:37:11] [Server thread/INFO]: 
[04:37:58] [Server thread/INFO]: 
[04:38:45] [Server thread/INFO]: 
[04:39:31] [Server thread/INFO]: 
[04:40:18] [Server thread/INFO]: 
[04:41:04] [Server thread/INFO]: 
[04:41:51] [Server thread/INFO]: 
[04:42:37] [Server thread/INFO]: 
[04:43:24] [Server thread/INFO]: 
[04:44:10] [Server thread/INFO]: 
[04:44:57] [Server thread/INFO]: 
[04:45:43] [Server thread/INFO]: 
[04:46:30] [Server thread/INFO]: 
[04:47:17] [Server thread/INFO]: 
[04:48:03] [Server thread/INFO]: 
[04:48:50] [Server thread/INFO]: 
[04:49:36] [Server thread/INFO]: 
[04:50:23] [Server thread/INFO]: 
[04:51:09] [Server thread/INFO]: 
[04:51:56] [Server thread/INFO]: 
[04:52:42] [Server thread/INFO]: 
[04:53:29] [Server thread/INFO]: 
[04:54:16] [Server thread/INFO]: 
[04:55:02] [Server thread/INFO]: 
[04:55:49] [Server thread/INFO]: 
[04:56:35] [Server thread/INFO]: 
[04:57:22] [Server thread/INFO]: 
[04:58:08] [Server thread/INFO]: 
[04:58:55] [Server thread/INFO]: 
[04:59:41] [Server thread/INFO]: 
[05:00:28] [Server thread/INFO]: 
[05:01:14] [Server thread/INFO]: 
[05:02:01] [Server thread/INFO]: 
[05:02:48] [Server thread/INFO]: 
[05:03:34] [Server thread/INFO]: 
[05:04:21] [Server thread/INFO]: 
[05:05:07] [Server thread/INFO]: 
[05:05:54] [Server thread/INFO]: 
[05:06:40] [Server thread/INFO]: 
[05:07:27] [Server thread/INFO]: 
[05:08:13] [Server thread/INFO]: 
[05:09:00] [Server thread/INFO]: 
[05:09:47] [Server thread/INFO]: 
[05:10:33] [Server thread/INFO]: 
[05:11:20] [Server thread/INFO]: 
[05:12:06] [Server thread/INFO]: 
[05:12:53] [Server thread/INFO]: 
[05:13:39] [Server thread/INFO]: 
[05:14:26] [Server thread/INFO]: 
[05:15:12] [Server thread/INFO]: 
[05:15:59] [Server thread/INFO]: 
[05:16:46] [Server thread/INFO]: 
[05:17:32] [Server thread/INFO]: 
[05:18:19] [Server thread/INFO]: 
[05:19:05] [Server thread/INFO]: 
[05:19:52] [Server thread/INFO]: 
[05:20:38] [Server thread/INFO]: 
[05:21:25] [Server thread/INFO]: 
[05:22:12] [Server thread/INFO]: 
[05:22:58] [Server thread/INFO]: 
[05:23:45] [Server thread/INFO]: 
[05:24:31] [Server thread/INFO]: 
[05:25:18] [Server thread/INFO]: 
[05:26:04] [Server thread/INFO]: 
[05:26:51] [Server thread/INFO]: 
[05:27:37] [Server thread/INFO]: 
[05:28:24] [Server thread/INFO]: 
[05:29:11] [Server thread/INFO]: 
[05:29:57] [Server thread/INFO]: 
[05:30:44] [Server thread/INFO]: 
[05:31:30] [Server thread/INFO]: 
[05:32:17] [Server thread/INFO]: 
[05:33:03] [Server thread/INFO]: 
[05:33:50] [Server thread/INFO]: 
[05:34:36] [Server thread/INFO]: 
[05:35:23] [Server thread/INFO]: 
[05:36:10] [Server thread/INFO]: 
[05:36:56] [Server thread/INFO]: 
[05:37:43] [Server thread/INFO]: 
[05:38:29] [Server thread/INFO]: 
[05:39:16] [Server thread/INFO]: 
[05:40:02] [Server thread/INFO]: 
[05:40:49] [Server thread/INFO]: 
[05:41:35] [Server thread/INFO]: 
[05:42:22] [Server thread/INFO]: 
[05:43:08] [Server thread/INFO]: 
[05:43:55] [Server thread/INFO]: 
[05:44:42] [Server thread/INFO]: 
[05:45:28] [Server thread/INFO]: 
[05:46:15] [Server thread/INFO]: 
[05:47:01] [Server thread/INFO]: 
[05:47:48] [Server thread/INFO]: 
[05:48:34] [Server thread/INFO]: 
[05:49:21] [Server thread/INFO]: 
[05:50:07] [Server thread/INFO]: 
[05:50:54] [Server thread/INFO]: 
[05:51:41] [Server thread/INFO]: 
[05:52:27] [Server thread/INFO]: 
[05:53:14] [Server thread/INFO]: 
[05:54:00] [Server thread/INFO]: 
[05:54:47] [Server thread/INFO]: 
[05:55:33] [Server thread/INFO]: 
[05:56:20] [Server thread/INFO]: 
[05:57:06] [Server thread/INFO]: 
[05:57:53] [Server thread/INFO]: 
[05:58:39] [Server thread/INFO]: 
[05:59:26] [Server thread/INFO]: 
[06:00:13] [Server thread/INFO]: 
[06:00:59] [Server thread/INFO]: 
[06:01:46] [Server thread/INFO]: 
[06:02:32] [Server thread/INFO]: 
[06:03:19] [Server thread/INFO]: 
[06:04:05] [Server thread/INFO]: 
[06:04:52] [Server thread/INFO]: 
[06:05:38] [Server thread/INFO]: 
[06:06:25] [Server thread/INFO]: 
[06:07:12] [Server thread/INFO]: 
[06:07:58] [Server thread/INFO]: 
[06:08:45] [Server thread/INFO]: 
[06:09:31] [Server thread/INFO]: 
[06:10:18] [Server thread/INFO]: 
[06:11:04] [Server thread/INFO]: 
[06:11:51] [Server thread/INFO]: 
[06:12:37] [Server thread/INFO]: 
[06:13:24] [Server thread/INFO]: 
[06:14:10] [Server thread/INFO]: 
[06:14:57] [Server thread/INFO]: 
[06:15:44] [Server thread/INFO]: 
[06:16:30] [Server thread/INFO]: 
[06:17:17] [Server thread/INFO]: 
[06:18:03] [Server thread/INFO]: 
[06:18:50] [Server thread/INFO]: 
[06:19:36] [Server thread/INFO]: 
[06:20:23] [Server thread/INFO]: 
[06:21:09] [Server thread/INFO]: 
[06:21:56] [Server thread/INFO]: 
[06:22:43] [Server thread/INFO]: 
[06:23:29] [Server thread/INFO]: 
[06:24:16] [Server thread/INFO]: 
[06:25:02] [Server thread/INFO]: 
[06:25:49] [Server thread/INFO]: 
[06:26:35] [Server thread/INFO]: 
[06:27:22] [Server thread/INFO]: 
[06:28:08] [Server thread/INFO]: 
[06:28:55] [Server thread/INFO]: 
[06:29:42] [Server thread/INFO]: 
[06:30:28] [Server thread/INFO]: 
[06:31:15] [Server thread/INFO]: 
[06:32:01] [Server thread/INFO]: 
[06:32:48] [Server thread/INFO]: 
[06:33:34] [Server thread/INFO]: 
[06:34:21] [Server thread/INFO]: 
[06:35:07] [Server thread/INFO]: 
[06:35:54] [Server thread/INFO]: 
[06:36:41] [Server thread/INFO]: 
[06:37:27] [Server thread/INFO]: 
[06:38:14] [Server thread/INFO]: 
[06:39:00] [Server thread/INFO]: 
[06:39:47] [Server thread/INFO]: 
[06:40:33] [Server thread/INFO]: 
[06:41:20] [Server thread/INFO]: 
[06:42:06] [Server thread/INFO]: 
[06:42:53] [Server thread/INFO]: 
[06:43:40] [Server thread/INFO]: 
[06:44:26] [Server thread/INFO]: 
[06:45:13] [Server thread/INFO]: 
[06:45:59] [Server thread/INFO]: 
[06:46:46] [Server thread/INFO]: 
[06:47:32] [Server thread/INFO]: 
[06:48:19] [Server thread/INFO]: 
[06:49:05] [Server thread/INFO]: 
[06:49:52] [Server thread/INFO]: 
[06:50:38] [Server thread/INFO]: 
[06:51:25] [Server thread/INFO]: 
[06:52:12] [Server thread/INFO]: 
[06:52:58] [Server thread/INFO]: 
[06:53:45] [Server thread/INFO]: 
[06:54:31] [Server thread/INFO]: 
[06:55:18] [Server thread/INFO]: 
[06:56:05] [Server thread/INFO]: 
[06:56:51] [Server thread/INFO]: 
[06:57:38] [Server thread/INFO]: 
[06:58:24] [Server thread/INFO]: 
[06:59:11] [Server thread/INFO]: 
[06:59:57] [Server thread/INFO]: 
[07:00:44] [Server thread/INFO]: 
[07:01:30] [Server thread/INFO]: 
[07:02:17] [Server thread/INFO]: 
[07:03:03] [Server thread/INFO]: 
[07:03:50] [Server thread/INFO]: 
[07:04:37] [Server thread/INFO]: 
[07:05:23] [Server thread/INFO]: 
[07:06:10] [Server thread/INFO]: 
[07:06:56] [Server thread/INFO]: 
[07:07:43] [Server thread/INFO]: 
[07:08:29] [Server thread/INFO]: 
[07:09:16] [Server thread/INFO]: 
[07:10:02] [Server thread/INFO]: 
[07:10:49] [Server thread/INFO]: 
[07:11:36] [Server thread/INFO]: 
[07:12:22] [Server thread/INFO]: 
[07:13:09] [Server thread/INFO]: 
[07:13:55] [Server thread/INFO]: 
[07:14:42] [Server thread/INFO]: 
[07:15:28] [Server thread/INFO]: 
[07:16:15] [Server thread/INFO]: 
[07:17:01] [Server thread/INFO]: 
[07:17:48] [Server thread/INFO]: 
[07:18:35] [Server thread/INFO]: 
[07:19:21] [Server thread/INFO]: 
[07:20:08] [Server thread/INFO]: 
[07:20:54] [Server thread/INFO]: 
[07:21:41] [Server thread/INFO]: 
[07:22:27] [Server thread/INFO]: 
[07:23:14] [Server thread/INFO]: 
[07:24:00] [Server thread/INFO]: 
[07:24:47] [Server thread/INFO]: 
[07:25:33] [Server thread/INFO]: 
[07:26:20] [Server thread/INFO]: 
[07:27:07] [Server thread/INFO]: 
[07:27:53] [Server thread/INFO]: 
[07:28:40] [Server thread/INFO]: 
[07:29:26] [Server thread/INFO]: 
[07:30:13] [Server thread/INFO]: 
[07:30:59] [Server thread/INFO]: 
[07:31:46] [Server thread/INFO]: 
[07:32:32] [Server thread/INFO]: 
[07:33:19] [Server thread/INFO]: 
[07:34:06] [Server thread/INFO]: 
[07:34:52] [Server thread/INFO]: 
[07:35:39] [Server thread/INFO]: 
[07:36:25] [Server thread/INFO]: 
[07:37:12] [Server thread/INFO]: 
[07:37:58] [Server thread/INFO]: 
[07:38:45] [Server thread/INFO]: 
[07:39:31] [Server thread/INFO]: 
[07:40:18] [Server thread/INFO]: 
[07:41:04] [Server thread/INFO]: 
[07:41:51] [Server thread/INFO]: 
[07:42:38] [Server thread/INFO]: 
[07:43:24] [Server thread/INFO]: 
[07:44:11] [Server thread/INFO]: 
[07:44:57] [Server thread/INFO]: 
[07:45:44] [Server thread/INFO]: 
[07:46:30] [Server thread/INFO]: 
[07:47:17] [Server thread/INFO]: 
[07:48:03] [Server thread/INFO]: 
[07:48:50] [Server thread/INFO]: 
[07:49:37] [Server thread/INFO]: 
[07:50:23] [Server thread/INFO]: 
[07:51:10] [Server thread/INFO]: 
[07:51:56] [Server thread/INFO]: 
[07:52:43] [Server thread/INFO]: 
[07:53:29] [Server thread/INFO]: 
[07:54:16] [Server thread/INFO]: 
[07:55:02] [Server thread/INFO]: 
[07:55:49] [Server thread/INFO]: 
[07:56:35] [Server thread/INFO]: 
[07:57:22] [Server thread/INFO]: 
[07:58:09] [Server thread/INFO]: 
[07:58:55] [Server thread/INFO]: 
[07:59:42] [Server thread/INFO]: 
[08:00:28] [Server thread/INFO]: 
[08:01:15] [Server thread/INFO]: 
[08:02:01] [Server thread/INFO]: 
[08:02:48] [Server thread/INFO]: 
[08:03:34] [Server thread/INFO]: 
[08:04:21] [Server thread/INFO]: 
[08:05:08] [Server thread/INFO]: 
[08:05:54] [Server thread/INFO]: 
[08:06:41] [Server thread/INFO]: 
[08:07:27] [Server thread/INFO]: 
[08:08:14] [Server thread/INFO]: 
[08:09:00] [Server thread/INFO]: 
[08:09:47] [Server thread/INFO]: 
[08:10:33] [Server thread/INFO]: 
[08:11:20] [Server thread/INFO]: 
[08:12:06] [Server thread/INFO]: 
[08:12:53] [Server thread/INFO]: 
[08:13:40] [Server thread/INFO]: 
[08:14:26] [Server thread/INFO]: 
[08:15:13] [Server thread/INFO]: 
[08:15:59] [Server thread/INFO]: 
[08:16:46] [Server thread/INFO]: 
[08:17:32] [Server thread/INFO]: 
[08:18:19] [Server thread/INFO]: 
[08:19:05] [Server thread/INFO]: 
[08:19:52] [Server thread/INFO]: 
[08:20:39] [Server thread/INFO]: 
[08:21:25] [Server thread/INFO]: 
[08:22:12] [Server thread/INFO]: 
[08:22:58] [Server thread/INFO]: 
[08:23:45] [Server thread/INFO]: 
[08:24:31] [Server thread/INFO]: 
[08:25:18] [Server thread/INFO]: 
[08:26:04] [Server thread/INFO]: 
[08:26:51] [Server thread/INFO]: 
[08:27:37] [Server thread/INFO]: 
[08:28:24] [Server thread/INFO]: 
[08:29:11] [Server thread/INFO]: 
[08:29:57] [Server thread/INFO]: 
[08:30:44] [Server thread/INFO]: 
[08:31:30] [Server thread/INFO]: 
[08:32:17] [Server thread/INFO]: 
[08:33:03] [Server thread/INFO]: 
[08:33:50] [Server thread/INFO]: 
[08:34:36] [Server thread/INFO]: 
[08:35:23] [Server thread/INFO]: 
[08:36:10] [Server thread/INFO]: 
[08:36:56] [Server thread/INFO]: 
[08:37:43] [Server thread/INFO]: 
[08:38:29] [Server thread/INFO]: 
[08:39:16] [Server thread/INFO]: 
[08:40:02] [Server thread/INFO]: 
[08:40:49] [Server thread/INFO]: 
[08:41:35] [Server thread/INFO]: 
[08:42:22] [Server thread/INFO]: 
[08:43:08] [Server thread/INFO]: 
[08:43:55] [Server thread/INFO]: 
[08:44:42] [Server thread/INFO]: 
[08:45:28] [Server thread/INFO]: 
[08:46:15] [Server thread/INFO]: 
[08:47:01] [Server thread/INFO]: 
[08:47:48] [Server thread/INFO]: 
[08:48:34] [Server thread/INFO]: 
[08:49:21] [Server thread/INFO]: 
[08:50:07] [Server thread/INFO]: 
[08:50:54] [Server thread/INFO]: 
[08:51:41] [Server thread/INFO]: 
[08:52:27] [Server thread/INFO]: 
[08:53:14] [Server thread/INFO]: 
[08:54:00] [Server thread/INFO]: 
[08:54:47] [Server thread/INFO]: 
[08:55:33] [Server thread/INFO]: 
[08:56:20] [Server thread/INFO]: 
[08:57:06] [Server thread/INFO]: 
[08:57:53] [Server thread/INFO]: 
[08:58:39] [Server thread/INFO]: 
[08:59:26] [Server thread/INFO]: 
[09:00:13] [Server thread/INFO]: 
[09:00:59] [Server thread/INFO]: 
[09:01:46] [Server thread/INFO]: 
[09:02:32] [Server thread/INFO]: 
[09:03:19] [Server thread/INFO]: 
[09:04:05] [Server thread/INFO]: 
[09:04:52] [Server thread/INFO]: 
[09:05:38] [Server thread/INFO]: 
[09:06:25] [Server thread/INFO]: 
[09:07:12] [Server thread/INFO]: 
[09:07:58] [Server thread/INFO]: 
[09:08:45] [Server thread/INFO]: 
[09:09:31] [Server thread/INFO]: 
[09:10:18] [Server thread/INFO]: 
[09:11:04] [Server thread/INFO]: 
[09:11:51] [Server thread/INFO]: 
[09:12:37] [Server thread/INFO]: 
[09:13:24] [Server thread/INFO]: 
[09:14:11] [Server thread/INFO]: 
[09:14:57] [Server thread/INFO]: 
[09:15:44] [Server thread/INFO]: 
[09:16:30] [Server thread/INFO]: 
[09:17:17] [Server thread/INFO]: 
[09:18:03] [Server thread/INFO]: 
[09:18:50] [Server thread/INFO]: 
[09:19:36] [Server thread/INFO]: 
[09:20:23] [Server thread/INFO]: 
[09:21:09] [Server thread/INFO]: 
[09:21:56] [Server thread/INFO]: 
[09:22:43] [Server thread/INFO]: 
[09:23:29] [Server thread/INFO]: 
[09:24:16] [Server thread/INFO]: 
[09:25:02] [Server thread/INFO]: 
[09:25:49] [Server thread/INFO]: 
[09:26:36] [Server thread/INFO]: 
[09:27:22] [Server thread/INFO]: 
[09:28:09] [Server thread/INFO]: 
[09:28:55] [Server thread/INFO]: 
[09:29:42] [Server thread/INFO]: 
[09:30:28] [Server thread/INFO]: 
[09:31:15] [Server thread/INFO]: 
[09:32:01] [Server thread/INFO]: 
[09:32:48] [Server thread/INFO]: 
[09:33:35] [Server thread/INFO]: 
[09:34:21] [Server thread/INFO]: 
[09:35:08] [Server thread/INFO]: 
[09:35:54] [Server thread/INFO]: 
[09:36:41] [Server thread/INFO]: 
[09:37:27] [Server thread/INFO]: 
[09:38:14] [Server thread/INFO]: 
[09:39:00] [Server thread/INFO]: 
[09:39:47] [Server thread/INFO]: 
[09:40:34] [Server thread/INFO]: 
[09:41:20] [Server thread/INFO]: 
[09:42:07] [Server thread/INFO]: 
[09:42:53] [Server thread/INFO]: 
[09:43:40] [Server thread/INFO]: 
[09:44:26] [Server thread/INFO]: 
[09:45:13] [Server thread/INFO]: 
[09:45:59] [Server thread/INFO]: 
[09:46:46] [Server thread/INFO]: 
[09:47:32] [Server thread/INFO]: 
[09:48:19] [Server thread/INFO]: 
[09:49:06] [Server thread/INFO]: 
[09:49:52] [Server thread/INFO]: 
[09:50:39] [Server thread/INFO]: 
[09:51:25] [Server thread/INFO]: 
[09:52:12] [Server thread/INFO]: 
[09:52:58] [Server thread/INFO]: 
[09:53:45] [Server thread/INFO]: 
[09:54:31] [Server thread/INFO]: 
[09:55:18] [Server thread/INFO]: 
[09:56:05] [Server thread/INFO]: 
[09:56:51] [Server thread/INFO]: 
[09:57:38] [Server thread/INFO]: 
[09:58:24] [Server thread/INFO]: 
[09:59:11] [Server thread/INFO]: 
[09:59:57] [Server thread/INFO]: 
[10:00:44] [Server thread/INFO]: 
[10:01:30] [Server thread/INFO]: 
[10:02:17] [Server thread/INFO]: 
[10:03:03] [Server thread/INFO]: 
[10:03:50] [Server thread/INFO]: 
[10:04:37] [Server thread/INFO]: 
[10:05:23] [Server thread/INFO]: 
[10:06:10] [Server thread/INFO]: 
[10:06:56] [Server thread/INFO]: 
[10:07:43] [Server thread/INFO]: 
[10:08:29] [Server thread/INFO]: 
[10:09:16] [Server thread/INFO]: 
[10:10:02] [Server thread/INFO]: 
[10:10:49] [Server thread/INFO]: 
[10:11:36] [Server thread/INFO]: 
[10:12:22] [Server thread/INFO]: 
[10:13:09] [Server thread/INFO]: 
[10:13:55] [Server thread/INFO]: 
[10:14:42] [Server thread/INFO]: 
[10:15:28] [Server thread/INFO]: 
[10:16:15] [Server thread/INFO]: 
[10:17:01] [Server thread/INFO]: 
[10:17:48] [Server thread/INFO]: 
[10:18:34] [Server thread/INFO]: 
[10:19:21] [Server thread/INFO]: 
[10:20:08] [Server thread/INFO]: 
[10:20:54] [Server thread/INFO]: 
[10:21:41] [Server thread/INFO]: 
[10:22:27] [Server thread/INFO]: 
[10:23:14] [Server thread/INFO]: 
[10:24:00] [Server thread/INFO]: 
[10:24:47] [Server thread/INFO]: 
[10:25:33] [Server thread/INFO]: 
[10:26:20] [Server thread/INFO]: 
[10:27:07] [Server thread/INFO]: 
[10:27:53] [Server thread/INFO]: 
[10:28:40] [Server thread/INFO]: 
[10:29:26] [Server thread/INFO]: 
[10:30:13] [Server thread/INFO]: 
[10:30:59] [Server thread/INFO]: 
[10:31:46] [Server thread/INFO]: 
[10:32:32] [Server thread/INFO]: 
[10:33:19] [Server thread/INFO]: 
[10:34:06] [Server thread/INFO]: 
[10:34:52] [Server thread/INFO]: 
[10:35:39] [Server thread/INFO]: 
[10:36:25] [Server thread/INFO]: 
[10:37:12] [Server thread/INFO]: 
[10:37:58] [Server thread/INFO]: 
[10:38:45] [Server thread/INFO]: 
[10:39:31] [Server thread/INFO]: 
[10:40:18] [Server thread/INFO]: 
[10:41:04] [Server thread/INFO]: 
[10:41:51] [Server thread/INFO]: 
[10:42:38] [Server thread/INFO]: 
[10:43:24] [Server thread/INFO]: 
[10:44:11] [Server thread/INFO]: 
[10:44:57] [Server thread/INFO]: 
[10:45:44] [Server thread/INFO]: 
[10:46:30] [Server thread/INFO]: 
[10:47:17] [Server thread/INFO]: 
[10:48:03] [Server thread/INFO]: 
[10:48:50] [Server thread/INFO]: 
[10:49:37] [Server thread/INFO]: 
[10:50:23] [Server thread/INFO]: 
[10:51:10] [Server thread/INFO]: 
[10:51:56] [Server thread/INFO]: 
[10:52:43] [Server thread/INFO]: 
[10:53:29] [Server thread/INFO]: 
[10:54:16] [Server thread/INFO]: 
[10:55:02] [Server thread/INFO]: 
[10:55:49] [Server thread/INFO]: 
[10:56:35] [Server thread/INFO]: 
[10:57:22] [Server thread/INFO]: 
[10:58:09] [Server thread/INFO]: 
[10:58:55] [Server thread/INFO]: 
[10:59:42] [Server thread/INFO]: 
[11:00:28] [Server thread/INFO]: 
[11:01:15] [Server thread/INFO]: 
[11:02:01] [Server thread/INFO]: 
[11:02:48] [Server thread/INFO]: 
[11:03:34] [Server thread/INFO]: 
[11:04:21] [Server thread/INFO]: 
[11:05:08] [Server thread/INFO]: 
[11:05:54] [Server thread/INFO]: 
[11:06:41] [Server thread/INFO]: 
[11:07:27] [Server thread/INFO]: 
[11:08:14] [Server thread/INFO]: 
[11:09:00] [Server thread/INFO]: 
[11:09:47] [Server thread/INFO]: 
[11:10:33] [Server thread/INFO]: 
[11:11:20] [Server thread/INFO]: 
[11:12:07] [Server thread/INFO]: 
[11:12:53] [Server thread/INFO]: 
[11:13:40] [Server thread/INFO]: 
[11:14:26] [Server thread/INFO]: 
[11:15:13] [Server thread/INFO]: 
[11:16:00] [Server thread/INFO]: 
[11:16:46] [Server thread/INFO]: 
[11:17:33] [Server thread/INFO]: 
[11:18:19] [Server thread/INFO]: 
[11:19:06] [Server thread/INFO]: 
[11:19:52] [Server thread/INFO]: 
[11:20:39] [Server thread/INFO]: 
[11:21:25] [Server thread/INFO]: 
[11:22:12] [Server thread/INFO]: 
[11:22:59] [Server thread/INFO]: 
[11:23:45] [Server thread/INFO]: 
[11:24:32] [Server thread/INFO]: 
[11:25:18] [Server thread/INFO]: 
[11:26:05] [Server thread/INFO]: 
[11:26:51] [Server thread/INFO]: 
[11:27:38] [Server thread/INFO]: 
[11:28:24] [Server thread/INFO]: 
[11:29:11] [Server thread/INFO]: 
[11:29:57] [Server thread/INFO]: 
[11:30:44] [Server thread/INFO]: 
[11:31:31] [Server thread/INFO]: 
[11:32:17] [Server thread/INFO]: 
[11:33:04] [Server thread/INFO]: 
[11:33:50] [Server thread/INFO]: 
[11:34:37] [Server thread/INFO]: 
[11:35:23] [Server thread/INFO]: 
[11:36:10] [Server thread/INFO]: 
[11:36:56] [Server thread/INFO]: 
[11:37:43] [Server thread/INFO]: 
[11:38:30] [Server thread/INFO]: 
[11:39:16] [Server thread/INFO]: 
[11:40:03] [Server thread/INFO]: 
[11:40:49] [Server thread/INFO]: 
[11:41:36] [Server thread/INFO]: 
[11:42:23] [Server thread/INFO]: 
[11:43:01] [Netty Epoll Server IO #5/INFO]: <Crustifer> memes
[11:43:04] [Netty Epoll Server IO #5/INFO]: <Crustifer> i love them
[11:43:07] [Server thread/INFO]: Crustifer left the game.
[11:43:09] [Server thread/INFO]: 
[11:43:56] [Server thread/INFO]: 
[11:44:42] [Server thread/INFO]: 
[11:45:29] [Server thread/INFO]: 
[11:46:15] [Server thread/INFO]: 
[11:47:02] [Server thread/INFO]: 
[11:47:48] [Server thread/INFO]: 
[11:48:35] [Server thread/INFO]: 
[11:49:21] [Server thread/INFO]: 
[11:50:08] [Server thread/INFO]: 
[11:50:55] [Server thread/INFO]: 
[11:51:41] [Server thread/INFO]: 
[11:52:28] [Server thread/INFO]: 
[11:53:14] [Server thread/INFO]: 
[11:54:01] [Server thread/INFO]: 
[11:54:47] [Server thread/INFO]: 
[11:55:34] [Server thread/INFO]: 
[11:56:20] [Server thread/INFO]: 
[11:57:07] [Server thread/INFO]: 
[11:57:54] [Server thread/INFO]: 
[11:58:40] [Server thread/INFO]: 
[11:59:27] [Server thread/INFO]: 
[12:00:13] [Server thread/INFO]: 
[12:01:00] [Server thread/INFO]: 
[12:01:46] [Server thread/INFO]: 
[12:02:33] [Server thread/INFO]: 
[12:03:19] [Server thread/INFO]: 
[12:04:06] [Server thread/INFO]: 
[12:04:52] [Server thread/INFO]: 
[12:05:39] [Server thread/INFO]: 
[12:06:26] [Server thread/INFO]: 
[12:07:12] [Server thread/INFO]: 
[12:07:59] [Server thread/INFO]: 
[12:08:45] [Server thread/INFO]: 
[12:09:32] [Server thread/INFO]: 
[12:10:18] [Server thread/INFO]: 
[12:11:05] [Server thread/INFO]: 
[12:11:51] [Server thread/INFO]: 
[12:12:38] [Server thread/INFO]: 
[12:13:25] [Server thread/INFO]: 
[12:14:11] [Server thread/INFO]: 
[12:14:58] [Server thread/INFO]: 
[12:15:44] [Server thread/INFO]: 
[12:16:31] [Server thread/INFO]: 
[12:17:17] [Server thread/INFO]: 
[12:18:04] [Server thread/INFO]: 
[12:18:50] [Server thread/INFO]: 
[12:19:37] [Server thread/INFO]: 
[12:20:23] [Server thread/INFO]: 
[12:21:10] [Server thread/INFO]: 
[12:21:57] [Server thread/INFO]: 
[12:22:43] [Server thread/INFO]: 
[12:23:30] [Server thread/INFO]: 
[12:24:16] [Server thread/INFO]: 
[12:25:03] [Server thread/INFO]: 
[12:25:50] [Server thread/INFO]: 
[12:26:36] [Server thread/INFO]: 
[12:27:23] [Server thread/INFO]: 
[12:28:09] [Server thread/INFO]: 
[12:28:56] [Server thread/INFO]: 
[12:29:42] [Server thread/INFO]: 
[12:30:29] [Server thread/INFO]: 
[12:31:15] [Server thread/INFO]: 
[12:32:02] [Server thread/INFO]: 
[12:32:49] [Server thread/INFO]: 
[12:33:35] [Server thread/INFO]: 
[12:34:22] [Server thread/INFO]: 
[12:35:08] [Server thread/INFO]: 
[12:35:55] [Server thread/INFO]: 
[12:36:41] [Server thread/INFO]: 
[12:37:28] [Server thread/INFO]: 
[12:38:14] [Server thread/INFO]: 
[12:39:01] [Server thread/INFO]: 
[12:39:48] [Server thread/INFO]: 
[12:40:34] [Server thread/INFO]: 
[12:41:21] [Server thread/INFO]: 
[12:42:07] [Server thread/INFO]: 
[12:42:54] [Server thread/INFO]: 
[12:43:40] [Server thread/INFO]: 
[12:44:27] [Server thread/INFO]: 
[12:45:13] [Server thread/INFO]: 
[12:46:00] [Server thread/INFO]: 
[12:46:47] [Server thread/INFO]: 
[12:47:33] [Server thread/INFO]: 
[12:48:20] [Server thread/INFO]: 
[12:49:06] [Server thread/INFO]: 
[12:49:53] [Server thread/INFO]: 
[12:50:39] [Server thread/INFO]: 
[12:51:26] [Server thread/INFO]: 
[12:52:12] [Server thread/INFO]: 
[12:52:59] [Server thread/INFO]: 
[12:53:45] [Server thread/INFO]: 
[12:54:32] [Server thread/INFO]: 
[12:55:19] [Server thread/INFO]: 
[12:56:05] [Server thread/INFO]: 
[12:56:52] [Server thread/INFO]: 
[12:57:38] [Server thread/INFO]: 
[12:58:25] [Server thread/INFO]: 
[12:59:11] [Server thread/INFO]: 
[12:59:58] [Server thread/INFO]: 
[13:00:44] [Server thread/INFO]: 
[13:01:31] [Server thread/INFO]: 
[13:02:18] [Server thread/INFO]: 
[13:03:04] [Server thread/INFO]: 
[13:03:51] [Server thread/INFO]: 
[13:04:37] [Server thread/INFO]: 
[13:05:24] [Server thread/INFO]: 
[13:06:10] [Server thread/INFO]: 
[13:06:57] [Server thread/INFO]: 
[13:07:43] [Server thread/INFO]: 
[13:08:30] [Server thread/INFO]: 
[13:09:16] [Server thread/INFO]: 
[13:10:03] [Server thread/INFO]: 
[13:10:50] [Server thread/INFO]: 
[13:11:36] [Server thread/INFO]: 
[13:12:23] [Server thread/INFO]: 
[13:13:09] [Server thread/INFO]: 
[13:13:56] [Server thread/INFO]: 
[13:14:42] [Server thread/INFO]: 
[13:15:29] [Server thread/INFO]: 
[13:16:15] [Server thread/INFO]: 
[13:17:02] [Server thread/INFO]: 
[13:17:49] [Server thread/INFO]: 
[13:18:35] [Server thread/INFO]: 
[13:19:22] [Server thread/INFO]: 
[13:20:08] [Server thread/INFO]: 
[13:20:55] [Server thread/INFO]: 
[13:21:41] [Server thread/INFO]: 
[13:22:28] [Server thread/INFO]: 
[13:23:14] [Server thread/INFO]: 
[13:24:01] [Server thread/INFO]: 
[13:24:48] [Server thread/INFO]: 
[13:25:34] [Server thread/INFO]: 
[13:26:21] [Server thread/INFO]: 
[13:27:07] [Server thread/INFO]: 
[13:27:54] [Server thread/INFO]: 
[13:28:40] [Server thread/INFO]: 
[13:29:27] [Server thread/INFO]: 
[13:30:13] [Server thread/INFO]: 
[13:31:00] [Server thread/INFO]: 
[13:31:46] [Server thread/INFO]: 
[13:32:33] [Server thread/INFO]: 
[13:33:20] [Server thread/INFO]: 
[13:34:06] [Server thread/INFO]: 
[13:34:53] [Server thread/INFO]: 
[13:35:39] [Server thread/INFO]: 
[13:36:26] [Server thread/INFO]: 
[13:37:12] [Server thread/INFO]: 
[13:37:59] [Server thread/INFO]: 
[13:38:45] [Server thread/INFO]: 
[13:39:32] [Server thread/INFO]: 
[13:40:19] [Server thread/INFO]: 
[13:41:05] [Server thread/INFO]: 
[13:41:52] [Server thread/INFO]: 
[13:42:38] [Server thread/INFO]: 
[13:43:25] [Server thread/INFO]: 
[13:44:11] [Server thread/INFO]: 
[13:44:58] [Server thread/INFO]: 
[13:45:44] [Server thread/INFO]: 
[13:46:31] [Server thread/INFO]: 
[13:47:17] [Server thread/INFO]: 
[13:48:04] [Server thread/INFO]: 
[13:48:51] [Server thread/INFO]: 
[13:49:37] [Server thread/INFO]: 
[13:50:24] [Server thread/INFO]: 
[13:51:10] [Server thread/INFO]: 
[13:51:57] [Server thread/INFO]: 
[13:52:43] [Server thread/INFO]: 
[13:53:30] [Server thread/INFO]: 
[13:54:16] [Server thread/INFO]: 
[13:55:03] [Server thread/INFO]: 
[13:55:50] [Server thread/INFO]: 
[13:56:36] [Server thread/INFO]: 
[13:57:23] [Server thread/INFO]: 
[13:58:09] [Server thread/INFO]: 
[13:58:56] [Server thread/INFO]: 
[13:59:42] [Server thread/INFO]: 
[14:00:29] [Server thread/INFO]: 
[14:01:15] [Server thread/INFO]: 
[14:02:02] [Server thread/INFO]: 
[14:02:48] [Server thread/INFO]: 
[14:03:35] [Server thread/INFO]: 
[14:04:22] [Server thread/INFO]: 
[14:05:08] [Server thread/INFO]: 
[14:05:55] [Server thread/INFO]: 
[14:06:41] [Server thread/INFO]: 
[14:07:28] [Server thread/INFO]: 
[14:08:14] [Server thread/INFO]: 
[14:09:01] [Server thread/INFO]: 
[14:09:47] [Server thread/INFO]: 
[14:10:34] [Server thread/INFO]: 
[14:11:21] [Server thread/INFO]: 
[14:12:07] [Server thread/INFO]: 
[14:12:54] [Server thread/INFO]: 
[14:13:40] [Server thread/INFO]: 
[14:14:27] [Server thread/INFO]: 
[14:15:13] [Server thread/INFO]: 
[14:16:00] [Server thread/INFO]: 
[14:16:46] [Server thread/INFO]: 
[14:17:33] [Server thread/INFO]: 
[14:18:19] [Server thread/INFO]: 
[14:19:06] [Server thread/INFO]: 
[14:19:53] [Server thread/INFO]: 
[14:20:39] [Server thread/INFO]: 
[14:21:26] [Server thread/INFO]: 
[14:22:12] [Server thread/INFO]: 
[14:22:59] [Server thread/INFO]: 
[14:23:45] [Server thread/INFO]: 
[14:24:32] [Server thread/INFO]: 
[14:25:18] [Server thread/INFO]: 
[14:26:05] [Server thread/INFO]: 
[14:26:52] [Server thread/INFO]: 
[14:27:38] [Server thread/INFO]: 
[14:28:25] [Server thread/INFO]: 
[14:29:11] [Server thread/INFO]: 
[14:29:58] [Server thread/INFO]: 
[14:30:44] [Server thread/INFO]: 
[14:31:31] [Server thread/INFO]: 
[14:32:17] [Server thread/INFO]: 
[14:33:04] [Server thread/INFO]: 
[14:33:51] [Server thread/INFO]: 
[14:34:37] [Server thread/INFO]: 
[14:35:24] [Server thread/INFO]: 
[14:36:10] [Server thread/INFO]: 
[14:36:57] [Server thread/INFO]: 
[14:37:43] [Server thread/INFO]: 
[14:38:30] [Server thread/INFO]: 
[14:39:16] [Server thread/INFO]: 
[14:40:03] [Server thread/INFO]: 
[14:40:49] [Server thread/INFO]: 
[14:41:36] [Server thread/INFO]: 
[14:42:23] [Server thread/INFO]: 
[14:43:09] [Server thread/INFO]: 
[14:43:56] [Server thread/INFO]: 
[14:44:42] [Server thread/INFO]: 
[14:45:29] [Server thread/INFO]: 
[14:46:15] [Server thread/INFO]: 
[14:47:02] [Server thread/INFO]: 
[14:47:48] [Server thread/INFO]: 
[14:48:35] [Server thread/INFO]: 
[14:49:22] [Server thread/INFO]: 
[14:50:08] [Server thread/INFO]: 
[14:50:55] [Server thread/INFO]: 
[14:51:41] [Server thread/INFO]: 
[14:52:28] [Server thread/INFO]: 
[14:53:14] [Server thread/INFO]: 
[14:54:01] [Server thread/INFO]: 
[14:54:47] [Server thread/INFO]: 
[14:55:34] [Server thread/INFO]: 
[14:56:20] [Server thread/INFO]: 
[14:57:07] [Server thread/INFO]: 
[14:57:54] [Server thread/INFO]: 
[14:58:40] [Server thread/INFO]: 
[14:59:27] [Server thread/INFO]: 
[15:00:13] [Server thread/INFO]: 
[15:01:00] [Server thread/INFO]: 
[15:01:46] [Server thread/INFO]: 
[15:02:33] [Server thread/INFO]: 
[15:03:19] [Server thread/INFO]: 
[15:04:06] [Server thread/INFO]: 
[15:04:53] [Server thread/INFO]: 
[15:05:39] [Server thread/INFO]: 
[15:06:26] [Server thread/INFO]: 
[15:07:12] [Server thread/INFO]: 
[15:07:59] [Server thread/INFO]: 
[15:08:45] [Server thread/INFO]: 
[15:09:32] [Server thread/INFO]: 
[15:10:18] [Server thread/INFO]: 
[15:11:05] [Server thread/INFO]: 
[15:11:51] [Server thread/INFO]: 
[15:12:38] [Server thread/INFO]: 
[15:13:25] [Server thread/INFO]: 
[15:14:11] [Server thread/INFO]: 
[15:14:58] [Server thread/INFO]: 
[15:15:44] [Server thread/INFO]: 
[15:16:31] [Server thread/INFO]: 
[15:17:17] [Server thread/INFO]: 
[15:18:04] [Server thread/INFO]: 
[15:18:50] [Server thread/INFO]: 
[15:19:37] [Server thread/INFO]: 
[15:20:24] [Server thread/INFO]: 
[15:21:10] [Server thread/INFO]: 
[15:21:57] [Server thread/INFO]: 
[15:22:43] [Server thread/INFO]: 
[15:23:30] [Server thread/INFO]: 
[15:24:16] [Server thread/INFO]: 
[15:25:03] [Server thread/INFO]: 
[15:25:49] [Server thread/INFO]: 
[15:26:36] [Server thread/INFO]: 
[15:27:22] [Server thread/INFO]: 
[15:28:09] [Server thread/INFO]: 
[15:28:56] [Server thread/INFO]: 
[15:29:42] [Server thread/INFO]: 
[15:30:29] [Server thread/INFO]: 
[15:31:15] [Server thread/INFO]: 
[15:32:02] [Server thread/INFO]: 
[15:32:48] [Server thread/INFO]: 
[15:33:35] [Server thread/INFO]: 
[15:34:21] [Server thread/INFO]: 
[15:35:08] [Server thread/INFO]: 
[15:35:55] [Server thread/INFO]: 
[15:36:41] [Server thread/INFO]: 
[15:37:28] [Server thread/INFO]: 
[15:38:14] [Server thread/INFO]: 
[15:39:01] [Server thread/INFO]: 
[15:39:47] [Server thread/INFO]: 
[15:40:34] [Server thread/INFO]: 
[15:41:20] [Server thread/INFO]: 
[15:42:07] [Server thread/INFO]: 
[15:42:53] [Server thread/INFO]: 
[15:43:40] [Server thread/INFO]: 
[15:44:27] [Server thread/INFO]: 
[15:45:13] [Server thread/INFO]: 
[15:46:00] [Server thread/INFO]: 
[15:46:46] [Server thread/INFO]: 
[15:47:33] [Server thread/INFO]: 
[15:48:19] [Server thread/INFO]: 
[15:49:06] [Server thread/INFO]: 
[15:49:52] [Server thread/INFO]: 
[15:50:39] [Server thread/INFO]: 
[15:51:26] [Server thread/INFO]: 
[15:52:12] [Server thread/INFO]: 
[15:52:59] [Server thread/INFO]: 
[15:53:45] [Server thread/INFO]: 
[15:54:32] [Server thread/INFO]: 
[15:55:18] [Server thread/INFO]: 
[15:56:05] [Server thread/INFO]: 
[15:56:51] [Server thread/INFO]: 
[15:57:38] [Server thread/INFO]: 
[15:58:24] [Server thread/INFO]: 
[15:59:11] [Server thread/INFO]: 
[15:59:58] [Server thread/INFO]: 
[16:00:44] [Server thread/INFO]: 
[16:01:31] [Server thread/INFO]: 
[16:02:17] [Server thread/INFO]: 
[16:03:04] [Server thread/INFO]: 
[16:03:50] [Server thread/INFO]: 
[16:04:37] [Server thread/INFO]: 
[16:05:23] [Server thread/INFO]: 
[16:06:10] [Server thread/INFO]: 
[16:06:57] [Server thread/INFO]: 
[16:07:43] [Server thread/INFO]: 
[16:08:30] [Server thread/INFO]: 
[16:09:16] [Server thread/INFO]: 
[16:10:03] [Server thread/INFO]: 
[16:10:49] [Server thread/INFO]: 
[16:11:36] [Server thread/INFO]: 
[16:12:22] [Server thread/INFO]: 
[16:13:09] [Server thread/INFO]: 
[16:13:55] [Server thread/INFO]: 
[16:14:42] [Server thread/INFO]: 
[16:15:29] [Server thread/INFO]: 
[16:16:15] [Server thread/INFO]: 
[16:17:02] [Server thread/INFO]: 
[16:17:48] [Server thread/INFO]: 
[16:18:35] [Server thread/INFO]: 
[16:19:21] [Server thread/INFO]: 
[16:20:08] [Server thread/INFO]: 
[16:20:54] [Server thread/INFO]: 
[16:21:41] [Server thread/INFO]: 
[16:22:28] [Server thread/INFO]: 
[16:23:14] [Server thread/INFO]: 
[16:24:01] [Server thread/INFO]: 
[16:24:47] [Server thread/INFO]: 
[16:25:34] [Server thread/INFO]: 
[16:26:20] [Server thread/INFO]: 
[16:27:07] [Server thread/INFO]: 
[16:27:53] [Server thread/INFO]: 
[16:28:40] [Server thread/INFO]: 
[16:29:26] [Server thread/INFO]: 
[16:30:13] [Server thread/INFO]: 
[16:31:00] [Server thread/INFO]: 
[16:31:46] [Server thread/INFO]: 
[16:32:33] [Server thread/INFO]: 
[16:33:19] [Server thread/INFO]: 
[16:34:06] [Server thread/INFO]: 
[16:34:52] [Server thread/INFO]: 
[16:35:39] [Server thread/INFO]: 
[16:36:25] [Server thread/INFO]: 
[16:37:12] [Server thread/INFO]: 
[16:37:59] [Server thread/INFO]: 
[16:38:45] [Server thread/INFO]: 
[16:39:32] [Server thread/INFO]: 
[16:40:18] [Server thread/INFO]: 
[16:41:05] [Server thread/INFO]: 
[16:41:51] [Server thread/INFO]: 
[16:42:38] [Server thread/INFO]: 
[16:43:24] [Server thread/INFO]: 
[16:44:11] [Server thread/INFO]: 
[16:44:58] [Server thread/INFO]: 
[16:45:44] [Server thread/INFO]: 
[16:46:31] [Server thread/INFO]: 
[16:47:17] [Server thread/INFO]: 
[16:48:04] [Server thread/INFO]: 
[16:48:50] [Server thread/INFO]: 
[16:49:37] [Server thread/INFO]: 
[16:50:23] [Server thread/INFO]: 
[16:51:10] [Server thread/INFO]: 
[16:51:56] [Server thread/INFO]: 
[16:52:43] [Server thread/INFO]: 
[16:53:30] [Server thread/INFO]: 
[16:54:16] [Server thread/INFO]: 
[16:55:03] [Server thread/INFO]: 
[16:55:49] [Server thread/INFO]: 
[16:56:36] [Server thread/INFO]: 
[16:57:22] [Server thread/INFO]: 
[16:58:09] [Server thread/INFO]: 
[16:58:55] [Server thread/INFO]: 
[16:59:42] [Server thread/INFO]: 
[17:00:29] [Server thread/INFO]: 
[17:01:15] [Server thread/INFO]: 
[17:02:02] [Server thread/INFO]: 
[17:02:48] [Server thread/INFO]: 
[17:03:35] [Server thread/INFO]: 
[17:04:21] [Server thread/INFO]: 
[17:05:08] [Server thread/INFO]: 
[17:05:54] [Server thread/INFO]: 
[17:06:41] [Server thread/INFO]: 
[17:07:27] [Server thread/INFO]: 
[17:08:14] [Server thread/INFO]: 
[17:09:01] [Server thread/INFO]: 
[17:09:47] [Server thread/INFO]: 
[17:10:34] [Server thread/INFO]: 
[17:11:20] [Server thread/INFO]: 
[17:12:07] [Server thread/INFO]: 
[17:12:53] [Server thread/INFO]: 
[17:13:40] [Server thread/INFO]: 
[17:14:26] [Server thread/INFO]: 
[17:15:13] [Server thread/INFO]: 
[17:16:00] [Server thread/INFO]: 
[17:16:46] [Server thread/INFO]: 
[17:17:33] [Server thread/INFO]: 
[17:18:19] [Server thread/INFO]: 
[17:19:06] [Server thread/INFO]: 
[17:19:52] [Server thread/INFO]: 
[17:20:39] [Server thread/INFO]: 
[17:21:25] [Server thread/INFO]: 
[17:22:12] [Server thread/INFO]: 
[17:22:58] [Server thread/INFO]: 
[17:23:45] [Server thread/INFO]: 
[17:24:32] [Server thread/INFO]: 
[17:25:18] [Server thread/INFO]: 
[17:26:05] [Server thread/INFO]: 
[17:26:51] [Server thread/INFO]: 
[17:27:38] [Server thread/INFO]: 
[17:28:24] [Server thread/INFO]: 
[17:29:11] [Server thread/INFO]: 
[17:29:57] [Server thread/INFO]: 
[17:30:44] [Server thread/INFO]: 
[17:31:31] [Server thread/INFO]: 
[17:32:17] [Server thread/INFO]: 
[17:33:04] [Server thread/INFO]: 
[17:33:50] [Server thread/INFO]: 
[17:34:37] [Server thread/INFO]: 
[17:35:23] [Server thread/INFO]: 
[17:36:10] [Server thread/INFO]: 
[17:36:56] [Server thread/INFO]: 
[17:37:43] [Server thread/INFO]: 
[17:38:29] [Server thread/INFO]: 
[17:39:16] [Server thread/INFO]: 
[17:40:03] [Server thread/INFO]: 
[17:40:49] [Server thread/INFO]: 
[17:41:36] [Server thread/INFO]: 
[17:42:22] [Server thread/INFO]: 
[17:43:09] [Server thread/INFO]: 
[17:43:55] [Server thread/INFO]: 
[17:44:42] [Server thread/INFO]: 
[17:45:28] [Server thread/INFO]: 
[17:46:15] [Server thread/INFO]: 
[17:47:02] [Server thread/INFO]: 
[17:47:48] [Server thread/INFO]: 
[17:48:35] [Server thread/INFO]: 
[17:49:21] [Server thread/INFO]: 
[17:50:08] [Server thread/INFO]: 
[17:50:54] [Server thread/INFO]: 
[17:51:41] [Server thread/INFO]: 
[17:52:27] [Server thread/INFO]: 
[17:53:14] [Server thread/INFO]: 
[17:54:00] [Server thread/INFO]: 
[17:54:47] [Server thread/INFO]: 
[17:55:34] [Server thread/INFO]: 
[17:56:20] [Server thread/INFO]: 
[17:57:07] [Server thread/INFO]: 
[17:57:53] [Server thread/INFO]: 
[17:58:40] [Server thread/INFO]: 
[17:59:26] [Server thread/INFO]: 
[18:00:13] [Server thread/INFO]: 
[18:00:59] [Server thread/INFO]: 
[18:01:46] [Server thread/INFO]: 
[18:02:33] [Server thread/INFO]: 
[18:03:19] [Server thread/INFO]: 
[18:04:06] [Server thread/INFO]: 
[18:04:52] [Server thread/INFO]: 
[18:05:39] [Server thread/INFO]: 
[18:06:25] [Server thread/INFO]: 
[18:07:12] [Server thread/INFO]: 
[18:07:58] [Server thread/INFO]: 
[18:08:45] [Server thread/INFO]: 
[18:09:31] [Server thread/INFO]: 
[18:10:18] [Server thread/INFO]: 
[18:11:05] [Server thread/INFO]: 
[18:11:51] [Server thread/INFO]: 
[18:12:38] [Server thread/INFO]: 
[18:13:24] [Server thread/INFO]: 
[18:14:11] [Server thread/INFO]: 
[18:14:57] [Server thread/INFO]: 
[18:15:44] [Server thread/INFO]: 
[18:16:30] [Server thread/INFO]: 
[18:17:17] [Server thread/INFO]: 
[18:18:04] [Server thread/INFO]: 
[18:18:50] [Server thread/INFO]: 
[18:19:37] [Server thread/INFO]: 
[18:20:23] [Server thread/INFO]: 
[18:21:10] [Server thread/INFO]: 
[18:21:56] [Server thread/INFO]: 
[18:22:43] [Server thread/INFO]: 
[18:23:29] [Server thread/INFO]: 
[18:24:16] [Server thread/INFO]: 
[18:25:02] [Server thread/INFO]: 
[18:25:49] [Server thread/INFO]: 
[18:26:36] [Server thread/INFO]: 
[18:27:22] [Server thread/INFO]: 
[18:28:09] [Server thread/INFO]: 
[18:28:55] [Server thread/INFO]: 
[18:29:42] [Server thread/INFO]: 
[18:30:28] [Server thread/INFO]: 
[18:31:15] [Server thread/INFO]: 
[18:32:01] [Server thread/INFO]: 
[18:32:48] [Server thread/INFO]: 
[18:33:35] [Server thread/INFO]: 
[18:34:21] [Server thread/INFO]: 
[18:35:08] [Server thread/INFO]: 
[18:35:54] [Server thread/INFO]: 
[18:36:41] [Server thread/INFO]: 
[18:37:27] [Server thread/INFO]: 
[18:38:14] [Server thread/INFO]: 
[18:39:00] [Server thread/INFO]: 
[18:39:47] [Server thread/INFO]: 
[18:40:33] [Server thread/INFO]: 
[18:41:20] [Server thread/INFO]: 
[18:42:07] [Server thread/INFO]: 
[18:42:53] [Server thread/INFO]: 
[18:43:40] [Server thread/INFO]: 
[18:44:26] [Server thread/INFO]: 
[18:45:13] [Server thread/INFO]: 
[18:45:59] [Server thread/INFO]: 
[18:46:46] [Server thread/INFO]: 
[18:47:33] [Server thread/INFO]: 
[18:48:19] [Server thread/INFO]: 
[18:49:06] [Server thread/INFO]: 
[18:49:52] [Server thread/INFO]: 
[18:50:40] [Server thread/INFO]: 
[18:51:26] [Server thread/INFO]: 
[18:52:13] [Server thread/INFO]: 
[18:52:59] [Server thread/INFO]: 
[18:53:46] [Server thread/INFO]: 
[18:54:32] [Server thread/INFO]: 
[18:55:19] [Server thread/INFO]: 
[18:56:06] [Server thread/INFO]: 
[18:56:52] [Server thread/INFO]: 
[18:57:39] [Server thread/INFO]: 
[18:58:25] [Server thread/INFO]: 
[18:59:12] [Server thread/INFO]: 
[18:59:58] [Server thread/INFO]: 
[19:00:45] [Server thread/INFO]: 
[19:01:31] [Server thread/INFO]: 
[19:02:18] [Server thread/INFO]: 
[19:03:04] [Server thread/INFO]: 
[19:03:51] [Server thread/INFO]: 
[19:04:38] [Server thread/INFO]: 
[19:05:24] [Server thread/INFO]: 
[19:06:11] [Server thread/INFO]: 
[19:06:57] [Server thread/INFO]: 
[19:07:44] [Server thread/INFO]: 
[19:08:30] [Server thread/INFO]: 
[19:09:17] [Server thread/INFO]: 
[19:10:03] [Server thread/INFO]: 
[19:10:50] [Server thread/INFO]: 
[19:11:37] [Server thread/INFO]: 
[19:12:23] [Server thread/INFO]: 
[19:13:10] [Server thread/INFO]: 
[19:13:56] [Server thread/INFO]: 
[19:14:43] [Server thread/INFO]: 
[19:15:29] [Server thread/INFO]: 
[19:16:16] [Server thread/INFO]: 
[19:17:02] [Server thread/INFO]: 
[19:17:49] [Server thread/INFO]: 
[19:18:35] [Server thread/INFO]: 
[19:19:22] [Server thread/INFO]: 
[19:20:09] [Server thread/INFO]: 
[19:20:55] [Server thread/INFO]: 
[19:21:42] [Server thread/INFO]: 
[19:22:28] [Server thread/INFO]: 
[19:23:15] [Server thread/INFO]: 
[19:24:01] [Server thread/INFO]: 
[19:24:48] [Server thread/INFO]: 
[19:25:34] [Server thread/INFO]: 
[19:26:21] [Server thread/INFO]: 
[19:27:08] [Server thread/INFO]: 
[19:27:54] [Server thread/INFO]: 
[19:28:41] [Server thread/INFO]: 
[19:29:27] [Server thread/INFO]: 
[19:30:14] [Server thread/INFO]: 
[19:31:00] [Server thread/INFO]: 
[19:31:47] [Server thread/INFO]: 
[19:32:33] [Server thread/INFO]: 
[19:33:20] [Server thread/INFO]: 
[19:34:06] [Server thread/INFO]: 
[19:34:53] [Server thread/INFO]: 
[19:35:40] [Server thread/INFO]: 
[19:36:26] [Server thread/INFO]: 
[19:37:13] [Server thread/INFO]: 
[19:37:59] [Server thread/INFO]: 
[19:38:46] [Server thread/INFO]: 
[19:39:32] [Server thread/INFO]: 
[19:40:19] [Server thread/INFO]: 
[19:41:05] [Server thread/INFO]: 
[19:41:52] [Server thread/INFO]: 
[19:42:39] [Server thread/INFO]: 
[19:43:25] [Server thread/INFO]: 
[19:44:12] [Server thread/INFO]: 
[19:44:58] [Server thread/INFO]: 
[19:45:45] [Server thread/INFO]: 
[19:46:31] [Server thread/INFO]: 
[19:47:18] [Server thread/INFO]: 
[19:48:04] [Server thread/INFO]: 
[19:48:51] [Server thread/INFO]: 
[19:49:37] [Server thread/INFO]: 
[19:50:24] [Server thread/INFO]: 
[19:51:11] [Server thread/INFO]: 
[19:51:57] [Server thread/INFO]: 
[19:52:44] [Server thread/INFO]: 
[19:53:30] [Server thread/INFO]: 
[19:54:17] [Server thread/INFO]: 
[19:55:03] [Server thread/INFO]: 
[19:55:50] [Server thread/INFO]: 
[19:56:36] [Server thread/INFO]: 
[19:57:23] [Server thread/INFO]: 
[19:58:10] [Server thread/INFO]: 
[19:58:56] [Server thread/INFO]: 
[19:59:43] [Server thread/INFO]: 
[20:00:29] [Server thread/INFO]: 
[20:01:16] [Server thread/INFO]: 
[20:02:02] [Server thread/INFO]: 
[20:02:49] [Server thread/INFO]: 
[20:03:35] [Server thread/INFO]: 
[20:04:22] [Server thread/INFO]: 
[20:05:08] [Server thread/INFO]: 
[20:05:56] [Server thread/INFO]: 
[20:06:42] [Server thread/INFO]: 
[20:07:29] [Server thread/INFO]: 
[20:08:15] [Server thread/INFO]: 
[20:09:02] [Server thread/INFO]: 
[20:09:48] [Server thread/INFO]: 
[20:10:35] [Server thread/INFO]: 
[20:11:21] [Server thread/INFO]: 
[20:12:08] [Server thread/INFO]: 
[20:12:55] [Server thread/INFO]: 
[20:13:41] [Server thread/INFO]: 
[20:14:28] [Server thread/INFO]: 
[20:15:14] [Server thread/INFO]: 
[20:16:01] [Server thread/INFO]: 
[20:16:47] [Server thread/INFO]: 
[20:17:34] [Server thread/INFO]: 
[20:18:20] [Server thread/INFO]: 
[20:19:07] [Server thread/INFO]: 
[20:19:54] [Server thread/INFO]: 
[20:20:40] [Server thread/INFO]: 
[20:21:27] [Server thread/INFO]: 
[20:22:13] [Server thread/INFO]: 
[20:23:00] [Server thread/INFO]: 
[20:23:46] [Server thread/INFO]: 
[20:24:33] [Server thread/INFO]: 
[20:25:19] [Server thread/INFO]: 
[20:26:06] [Server thread/INFO]: 
[20:26:52] [Server thread/INFO]: 
[20:27:39] [Server thread/INFO]: 
[20:28:26] [Server thread/INFO]: 
[20:29:12] [Server thread/INFO]: 
[20:29:59] [Server thread/INFO]: 
[20:30:45] [Server thread/INFO]: 
[20:31:32] [Server thread/INFO]: 
[20:32:18] [Server thread/INFO]: 
[20:33:05] [Server thread/INFO]: 
[20:33:51] [Server thread/INFO]: 
[20:34:38] [Server thread/INFO]: 
[20:35:25] [Server thread/INFO]: 
[20:36:11] [Server thread/INFO]: 
[20:36:58] [Server thread/INFO]: 
[20:37:44] [Server thread/INFO]: 
[20:38:31] [Server thread/INFO]: 
[20:39:17] [Server thread/INFO]: 
[20:40:04] [Server thread/INFO]: 
[20:40:50] [Server thread/INFO]: 
[20:41:37] [Server thread/INFO]: 
[20:42:23] [Server thread/INFO]: 
[20:43:10] [Server thread/INFO]: 
[20:43:57] [Server thread/INFO]: 
[20:44:43] [Server thread/INFO]: 
[20:45:30] [Server thread/INFO]: 
[20:46:16] [Server thread/INFO]: 
[20:47:03] [Server thread/INFO]: 
[20:47:49] [Server thread/INFO]: 
[20:48:36] [Server thread/INFO]: 
[20:49:22] [Server thread/INFO]: 
[20:50:09] [Server thread/INFO]: 
[20:50:56] [Server thread/INFO]: 
[20:51:42] [Server thread/INFO]: 
[20:52:29] [Server thread/INFO]: 
[20:53:15] [Server thread/INFO]: 
[20:54:02] [Server thread/INFO]: 
[20:54:48] [Server thread/INFO]: 
[20:55:35] [Server thread/INFO]: 
[20:56:21] [Server thread/INFO]: 
[20:57:08] [Server thread/INFO]: 
[20:57:55] [Server thread/INFO]: 
[20:58:41] [Server thread/INFO]: 
[20:59:28] [Server thread/INFO]: 
[21:00:14] [Server thread/INFO]: 
[21:01:01] [Server thread/INFO]: 
[21:01:47] [Server thread/INFO]: 
[21:02:34] [Server thread/INFO]: 
[21:03:20] [Server thread/INFO]: 
[21:04:07] [Server thread/INFO]: 
[21:04:53] [Server thread/INFO]: 
[21:05:40] [Server thread/INFO]: 
[21:06:27] [Server thread/INFO]: 
[21:07:13] [Server thread/INFO]: 
[21:08:00] [Server thread/INFO]: 
[21:08:46] [Server thread/INFO]: 
[21:09:33] [Server thread/INFO]: 
[21:10:19] [Server thread/INFO]: 
[21:11:07] [Server thread/INFO]: 
[21:11:53] [Server thread/INFO]: 
[21:12:40] [Server thread/INFO]: 
[21:13:26] [Server thread/INFO]: 
[21:14:13] [Server thread/INFO]: 
[21:14:59] [Server thread/INFO]: 
[21:15:47] [Server thread/INFO]: 
[21:16:33] [Server thread/INFO]: 
[21:17:20] [Server thread/INFO]: 
[21:18:06] [Server thread/INFO]: 
[21:18:53] [Server thread/INFO]: 
[21:19:40] [Server thread/INFO]: 
[21:20:26] [Server thread/INFO]: 
[21:21:13] [Server thread/INFO]: 
[21:21:59] [Server thread/INFO]: 
[21:22:46] [Server thread/INFO]: 
[21:23:32] [Server thread/INFO]: 
[21:24:19] [Server thread/INFO]: 
[21:25:06] [Server thread/INFO]: 
[21:25:52] [Server thread/INFO]: 
[21:26:39] [Server thread/INFO]: 
[21:27:25] [Server thread/INFO]: 
[21:28:12] [Server thread/INFO]: 
[21:28:58] [Server thread/INFO]: 
[21:29:45] [Server thread/INFO]: 
[21:30:32] [Server thread/INFO]: 
[21:31:19] [Server thread/INFO]: 
[21:32:05] [Server thread/INFO]: 
[21:32:52] [Server thread/INFO]: 
[21:33:38] [Server thread/INFO]: 
[21:34:25] [Server thread/INFO]: 
[21:35:11] [Server thread/INFO]: 
[21:35:58] [Server thread/INFO]: 
[21:36:44] [Server thread/INFO]: 
[21:37:31] [Server thread/INFO]: 
[21:38:17] [Server thread/INFO]: 
[21:39:04] [Server thread/INFO]: 
[21:39:51] [Server thread/INFO]: 
[21:40:37] [Server thread/INFO]: 
[21:41:24] [Server thread/INFO]: 
[21:42:10] [Server thread/INFO]: 
[21:42:57] [Server thread/INFO]: 
[21:43:43] [Server thread/INFO]: 
[21:44:30] [Server thread/INFO]: 
[21:45:17] [Server thread/INFO]: 
[21:46:03] [Server thread/INFO]: 
[21:46:50] [Server thread/INFO]: 
[21:47:36] [Server thread/INFO]: 
[21:48:23] [Server thread/INFO]: 
[21:49:09] [Server thread/INFO]: 
[21:49:56] [Server thread/INFO]: 
[21:50:42] [Server thread/INFO]: 
[21:51:29] [Server thread/INFO]: 
[21:52:16] [Server thread/INFO]: 
[21:53:02] [Server thread/INFO]: 
[21:53:49] [Server thread/INFO]: 
[21:54:35] [Server thread/INFO]: 
[21:55:22] [Server thread/INFO]: 
[21:56:08] [Server thread/INFO]: 
[21:56:55] [Server thread/INFO]: 
[21:57:41] [Server thread/INFO]: 
[21:58:28] [Server thread/INFO]: 
[21:59:14] [Server thread/INFO]: 
[22:00:01] [Server thread/INFO]: 
[22:00:48] [Server thread/INFO]: 
[22:01:34] [Server thread/INFO]: 
[22:02:21] [Server thread/INFO]: 
[22:03:07] [Server thread/INFO]: 
[22:03:54] [Server thread/INFO]: 
[22:04:40] [Server thread/INFO]: 
[22:05:27] [Server thread/INFO]: 
[22:06:13] [Server thread/INFO]: 
[22:07:00] [Server thread/INFO]: 
[22:07:47] [Server thread/INFO]: 
[22:08:33] [Server thread/INFO]: 
[22:09:20] [Server thread/INFO]: 
[22:10:06] [Server thread/INFO]: 
[22:10:53] [Server thread/INFO]: 
[22:11:39] [Server thread/INFO]: 
[22:12:26] [Server thread/INFO]: 
[22:13:12] [Server thread/INFO]: 
[22:13:59] [Server thread/INFO]: 
[22:14:45] [Server thread/INFO]: 
[22:15:32] [Server thread/INFO]: 
[22:16:19] [Server thread/INFO]: 
[22:17:05] [Server thread/INFO]: 
[22:17:52] [Server thread/INFO]: 
[22:18:38] [Server thread/INFO]: 
[22:19:25] [Server thread/INFO]: 
[22:20:11] [Server thread/INFO]: 
[22:20:58] [Server thread/INFO]: 
[22:21:44] [Server thread/INFO]: 
[22:22:31] [Server thread/INFO]: 
[22:23:18] [Server thread/INFO]: 
[22:24:04] [Server thread/INFO]: 
[22:24:51] [Server thread/INFO]: 
[22:25:38] [Server thread/INFO]: 
[22:26:24] [Server thread/INFO]: 
[22:27:11] [Server thread/INFO]: 
[22:27:57] [Server thread/INFO]: 
[22:28:44] [Server thread/INFO]: 
[22:29:30] [Server thread/INFO]: 
[22:30:17] [Server thread/INFO]: 
[22:31:04] [Server thread/INFO]: 
[22:31:50] [Server thread/INFO]: 
[22:32:37] [Server thread/INFO]: 
[22:33:23] [Server thread/INFO]: 
[22:34:10] [Server thread/INFO]: 
[22:34:56] [Server thread/INFO]: 
[22:35:43] [Server thread/INFO]: 
[22:36:29] [Server thread/INFO]: 
[22:37:16] [Server thread/INFO]: 
[22:38:03] [Server thread/INFO]: 
[22:38:49] [Server thread/INFO]: 
[22:39:36] [Server thread/INFO]: 
[22:40:22] [Server thread/INFO]: 
[22:41:09] [Server thread/INFO]: 
[22:41:55] [Server thread/INFO]: 
[22:42:42] [Server thread/INFO]: 
[22:43:28] [Server thread/INFO]: 
[22:44:15] [Server thread/INFO]: 
[22:45:01] [Server thread/INFO]: 
[22:45:48] [Server thread/INFO]: 
[22:46:35] [Server thread/INFO]: 
[22:47:21] [Server thread/INFO]: 
[22:48:08] [Server thread/INFO]: 
[22:48:54] [Server thread/INFO]: 
[22:49:41] [Server thread/INFO]: 
[22:50:27] [Server thread/INFO]: 
[22:51:14] [Server thread/INFO]: 
[22:52:00] [Server thread/INFO]: 
[22:52:47] [Server thread/INFO]: 
[22:53:34] [Server thread/INFO]: 
[22:54:20] [Server thread/INFO]: 
[22:55:07] [Server thread/INFO]: 
[22:55:53] [Server thread/INFO]: 
[22:56:40] [Server thread/INFO]: 
[22:57:26] [Server thread/INFO]: 
[22:58:13] [Server thread/INFO]: 
[22:58:59] [Server thread/INFO]: 
[22:59:46] [Server thread/INFO]: 
[23:00:32] [Server thread/INFO]: 
[23:01:19] [Server thread/INFO]: 
[23:02:06] [Server thread/INFO]: 
[23:02:52] [Server thread/INFO]: 
[23:03:39] [Server thread/INFO]: 
[23:04:25] [Server thread/INFO]: 
[23:05:12] [Server thread/INFO]: 
[23:05:58] [Server thread/INFO]: 
[23:06:45] [Server thread/INFO]: 
[23:07:31] [Server thread/INFO]: 
[23:08:18] [Server thread/INFO]: 
[23:09:05] [Server thread/INFO]: 
[23:09:51] [Server thread/INFO]: 
[23:10:38] [Server thread/INFO]: 
[23:11:24] [Server thread/INFO]: 
[23:12:11] [Server thread/INFO]: 
[23:12:57] [Server thread/INFO]: 
[23:13:44] [Server thread/INFO]: 
[23:14:30] [Server thread/INFO]: 
[23:15:17] [Server thread/INFO]: 
[23:16:03] [Server thread/INFO]: 
[23:16:50] [Server thread/INFO]: 
[23:17:37] [Server thread/INFO]: 
[23:18:23] [Server thread/INFO]: 
[23:19:10] [Server thread/INFO]: 
[23:19:56] [Server thread/INFO]: 
[23:20:43] [Server thread/INFO]: 
[23:21:29] [Server thread/INFO]: 
[23:22:16] [Server thread/INFO]: 
[23:23:02] [Server thread/INFO]: 
[23:23:49] [Server thread/INFO]: 
[23:24:36] [Server thread/INFO]: 
[23:25:22] [Server thread/INFO]: 
[23:26:09] [Server thread/INFO]: 
[23:26:55] [Server thread/INFO]: 
[23:27:42] [Server thread/INFO]: 
[23:28:28] [Server thread/INFO]: 
[23:29:15] [Server thread/INFO]: 
[23:30:01] [Server thread/INFO]: 
[23:30:48] [Server thread/INFO]: 
[23:31:34] [Server thread/INFO]: 
[23:32:21] [Server thread/INFO]: 
[23:33:08] [Server thread/INFO]: 
[23:33:54] [Server thread/INFO]: 
[23:34:41] [Server thread/INFO]: 
[23:35:27] [Server thread/INFO]: 
[23:36:14] [Server thread/INFO]: 
[23:37:00] [Server thread/INFO]: 
[23:37:47] [Server thread/INFO]: 
[23:38:33] [Server thread/INFO]: 
[23:39:20] [Server thread/INFO]: 
[23:40:07] [Server thread/INFO]: 
[23:40:53] [Server thread/INFO]: 
[23:41:40] [Server thread/INFO]: 
[23:42:26] [Server thread/INFO]: 
[23:43:13] [Server thread/INFO]: 
[23:43:59] [Server thread/INFO]: 
[23:44:46] [Server thread/INFO]: 
[23:45:32] [Server thread/INFO]: 
[23:46:19] [Server thread/INFO]: 
[23:47:05] [Server thread/INFO]: 
[23:47:52] [Server thread/INFO]: 
[23:48:39] [Server thread/INFO]: 
[23:49:25] [Server thread/INFO]: 
[23:50:12] [Server thread/INFO]: 
[23:50:58] [Server thread/INFO]: 
[23:51:45] [Server thread/INFO]: 
[23:52:31] [Server thread/INFO]: 
[23:53:18] [Server thread/INFO]: 
[23:54:04] [Server thread/INFO]: 
[23:54:51] [Server thread/INFO]: 
[23:55:38] [Server thread/INFO]: 
[23:56:24] [Server thread/INFO]: 
[23:57:11] [Server thread/INFO]: 
[23:57:57] [Server thread/INFO]: 
[23:58:44] [Server thread/INFO]: 
[23:59:30] [Server thread/INFO]: 
