[00:00:00] [Server thread/INFO]: Popey456963 issued server command: //replace air grass
[00:00:05] [Server thread/INFO]: Players: [Guest] eskimo
[00:00:05] [Server thread/INFO]: Developers: [Dev] Poopey, [Giraffe]Twiixtor
[00:00:17] [Server thread/INFO]: Twiixtor issued server command: //replace 174 35:6
[00:00:23] [Server thread/INFO]: Twiixtor issued server command: //undo
[00:00:27] [Server thread/INFO]: Twiixtor issued server command: //replace 174 ice
[00:00:30] [Server thread/INFO]: Twiixtor issued server command: //undo
[00:00:36] [Server thread/INFO]: ESK1MO left the game.
[00:00:38] [Server thread/INFO]: Popey456963 issued server command: //set 50%ice,50%tnt
[00:00:51] [Server thread/INFO]: Developers: [Dev] Poopey, [Giraffe]Twiixtor
[00:01:02] [Server thread/INFO]: [Giraffe]Twiixtor: it looked poop anyway
[00:01:06] [Server thread/INFO]: [Dev] Poopey: True, true.
[00:01:09] [Server thread/INFO]: [Dev] Poopey: It really did.
[00:01:12] [Server thread/INFO]: [Giraffe]Twiixtor: God we are so evil
[00:01:13] [Server thread/INFO]: Popey456963 issued server command: //paste
[00:01:15] [Server thread/INFO]: [Dev] Poopey: We are.
[00:01:15] [Server thread/INFO]: [Giraffe]Twiixtor: I feel so bad ;_;
[00:01:28] [Server thread/INFO]: Popey456963 issued server command: //set tnt
[00:01:31] [Server thread/INFO]: Twiixtor issued server command: //expand vert
[00:01:33] [Server thread/INFO]: Twiixtor issued server command: //regen
[00:01:38] [Server thread/INFO]: Developers: [Dev] Poopey, [Giraffe]Twiixtor
[00:01:41] [Server thread/INFO]: CONSOLE issued server command: /kick twiixtor
[00:01:41] [Server thread/INFO]: Twiixtor left the game.
[00:01:46] [Server thread/INFO]: Popey456963 issued server command: //paste
[00:01:54] [Server thread/INFO]: Popey456963 issued server command: //set tnt
[00:02:24] [Server thread/INFO]: Developers: [Dev] Poopey, [Giraffe]Twiixtor
[00:02:28] [Server thread/INFO]: Twiixtor issued server command: /i tnt 1
[00:02:39] [Server thread/INFO]: Popey456963 issued server command: //set tnt
[00:03:11] [Server thread/INFO]: Developers: [Dev] Poopey, [Giraffe]Twiixtor
[00:03:35] [Server thread/INFO]: Popey456963 issued server command: //expand 20 up
[00:03:40] [Server thread/INFO]: Popey456963 issued server command: //replace glass tnt
[00:03:43] [Server thread/INFO]: Popey456963 issued server command: //replace glass tnt
[00:03:45] [Server thread/INFO]: Popey456963 issued server command: //expand 30 up
[00:03:49] [Server thread/INFO]: Popey456963 issued server command: //replace glass tnt
[00:03:58] [Server thread/INFO]: Developers: [Dev] Poopey, [Giraffe]Twiixtor
[00:04:28] [Server thread/INFO]: Popey456963 issued server command: /speed 10
[00:04:40] [Server thread/INFO]: Popey456963 issued server command: //set grass
[00:04:44] [Server thread/INFO]: Developers: [Dev] Poopey, [Giraffe]Twiixtor
[00:05:03] [Server thread/INFO]: Popey456963 issued server command: /spawnmob 1
[00:05:14] [Server thread/INFO]: Popey456963 issued server command: /spawnmob MinecartTNT
[00:05:16] [Server thread/INFO]: Popey456963 issued server command: /spawnmob
[00:05:30] [Server thread/INFO]: Popey456963 issued server command: /spawnmob minecarttnt
[00:05:33] [Server thread/INFO]: Popey456963 issued server command: /spawnmob minecarttnt 1
[00:05:40] [Server thread/INFO]: Popey456963 issued server command: /spawnmob tntminecart 1
[00:05:42] [Server thread/INFO]: [Dev] Poopey: ./spawnmob tntminecart 1
[00:05:46] [Server thread/INFO]: Popey456963 issued server command: /tp twi
[00:05:50] [Server thread/INFO]: Popey456963 issued server command: /speed 1
[00:06:06] [Server thread/INFO]: [Dev] Poopey: ./spawnmob tntminecart 1
[00:06:08] [Server thread/INFO]: Popey456963 issued server command: /spawnmob tntminecart 1
[00:06:12] [Server thread/INFO]: Developers: [Dev] Poopey, [Giraffe]Twiixtor
[00:06:17] [Server thread/INFO]: Popey456963 issued server command: /spawnmob tntminecart 1
[00:06:17] [Server thread/INFO]: Popey456963 issued server command: /spawnmob tntminecart 1
[00:06:17] [Server thread/INFO]: Popey456963 issued server command: /spawnmob tntminecart 1
[00:06:18] [Server thread/INFO]: Popey456963 issued server command: /spawnmob tntminecart 1
[00:06:18] [Server thread/INFO]: Popey456963 issued server command: /spawnmob tntminecart 1
[00:06:18] [Server thread/INFO]: Popey456963 issued server command: /spawnmob tntminecart 1
[00:06:19] [Server thread/INFO]: Popey456963 issued server command: /spawnmob tntminecart 1
[00:06:19] [Server thread/INFO]: Popey456963 issued server command: /spawnmob tntminecart 1
[00:06:19] [Server thread/INFO]: Popey456963 issued server command: /spawnmob tntminecart 1
[00:06:20] [Server thread/INFO]: Popey456963 issued server command: /spawnmob tntminecart 1
[00:06:20] [Server thread/INFO]: Popey456963 issued server command: /spawnmob tntminecart 1
[00:06:20] [Server thread/INFO]: Popey456963 issued server command: /spawnmob tntminecart 1
[00:06:21] [Server thread/INFO]: Popey456963 issued server command: /spawnmob tntminecart 1
[00:06:21] [Server thread/INFO]: Popey456963 issued server command: /spawnmob tntminecart 1
[00:06:21] [Server thread/INFO]: Popey456963 issued server command: /spawnmob tntminecart 1
[00:06:21] [Server thread/INFO]: Popey456963 issued server command: /spawnmob tntminecart 1
[00:06:22] [Server thread/INFO]: Popey456963 issued server command: /spawnmob tntminecart 1
[00:06:22] [Server thread/INFO]: Popey456963 issued server command: /spawnmob tntminecart 1
[00:06:27] [Server thread/INFO]: Popey456963 issued server command: /pt spawnmob tntminecart 1
[00:06:35] [Server thread/INFO]: [PT] Popey456963 issued server command: /spawnmob tntminecart 1
[00:06:35] [Server thread/INFO]: [PT] Popey456963 issued server command: /spawnmob tntminecart 1
