[14:42:05] [Server thread/INFO]: Loading properties
[14:42:05] [Server thread/INFO]: Default game type: SURVIVAL
[14:42:05] [Server thread/INFO]: Using epoll channel type
[14:42:05] [Server thread/INFO]: [WorldEdit] Loading WorldEdit v5.6.3
[14:42:05] [Server thread/INFO]: [Essentials] Loading Essentials v2.12.2
[14:42:05] [Server thread/INFO]: [ModReq] Loading ModReq v2.4.1
[14:42:05] [Server thread/INFO]: [EssentialsGeoIP] Loading EssentialsGeoIP v2.12.2
[14:42:05] [Server thread/INFO]: [EssentialsAntiBuild] Loading EssentialsAntiBuild v2.12.2
[14:42:05] [Server thread/INFO]: [ClearLag] Loading ClearLag v2.8.2
[14:42:05] [Server thread/INFO]: [AutoMessage] Loading AutoMessage v2.4.0
[14:42:05] [Server thread/INFO]: [mcMMO] Loading mcMMO v1.5.00-b3547
[14:42:05] [Server thread/INFO]: [Modifyworld] Loading Modifyworld v1.19.7
[14:42:05] [Server thread/INFO]: [WorldBorder] Loading WorldBorder v1.7.9
[14:42:05] [Server thread/INFO]: [Vault] Loading Vault v1.2.31-b411
[14:42:05] [Server thread/INFO]: [CommandBook] Loading CommandBook v2.4:1692-75bb1c8,master
[14:42:05] [Server thread/INFO]: [WorldGuard] Loading WorldGuard v6.0.0-beta-03.1514-
[14:42:05] [Server thread/INFO]: [EpicQuest] Loading EpicQuest v3.5.4
[14:42:05] [Server thread/INFO]: [EssentialsXMPP] Loading EssentialsXMPP v2.12.2
[14:42:05] [Server thread/INFO]: [EssentialsProtect] Loading EssentialsProtect v2.12.2
[14:42:05] [Server thread/INFO]: [HeroBounty] Loading HeroBounty v1.9.5
[14:42:05] [Server thread/INFO]: [mcMMO] Enabling mcMMO v1.5.00-b3547
[14:42:06] [Server thread/INFO]: [Vault] Enabling Vault v1.2.31-b411
[14:42:09] [Server thread/INFO]: Preparing spawn area: 29%
[14:42:10] [Server thread/INFO]: Preparing spawn area: 67%
[14:42:10] [Server thread/INFO]: [WorldEdit] Enabling WorldEdit v5.6.3
[14:42:10] [Server thread/INFO]: [Essentials] Enabling Essentials v2.12.2
[14:42:10] [Server thread/INFO]: git-Bukkit-9935adc (MC: 1.8.8)
[14:42:10] [Server thread/INFO]: 1.8.8-R0.1-SNAPSHOT
[14:42:10] [Server thread/INFO]: [ModReq] Enabling ModReq v2.4.1
[14:42:10] [Server thread/INFO]: [ModReq] Looking for messages.yml
[14:42:10] [Server thread/INFO]: [ModReq] messages.yml found. Trying to load messages.yml
[14:42:10] [Server thread/INFO]: [ModReq] messages.yml loaded!
[14:42:10] [Server thread/INFO]: [ModReq] Using metrics
[14:42:10] [Server thread/INFO]: [EssentialsGeoIP] Enabling EssentialsGeoIP v2.12.2
[14:42:10] [Server thread/INFO]: [EssentialsAntiBuild] Enabling EssentialsAntiBuild v2.12.2
[14:42:10] [Server thread/INFO]: [ClearLag] Enabling ClearLag v2.8.2
[14:42:10] [Server thread/INFO]: [ClearLag] Loading modules...
[14:42:11] [Server thread/INFO]: [ClearLag] Modules have been loaded!
[14:42:11] [Server thread/INFO]: [ClearLag] Clearlag is now enabled!
[14:42:11] [Server thread/INFO]: [AutoMessage] Enabling AutoMessage v2.4.0
[14:42:11] [Server thread/INFO]: [Modifyworld] Enabling Modifyworld v1.19.7
[14:42:11] [Server thread/INFO]: [Modifyworld] Modifyworld enabled!
[14:42:11] [Server thread/INFO]: [WorldBorder] Enabling WorldBorder v1.7.9
[14:42:11] [Server thread/INFO]: [WorldBorder] [CONFIG] Using elliptic/round border, knockback of 3.0 blocks, and timer delay of 5.
[14:42:11] [Server thread/INFO]: [WorldBorder] [CONFIG] Border-checking timed task started.
[14:42:11] [Server thread/INFO]: [CommandBook] Enabling CommandBook v2.4:1692-75bb1c8,master
[14:42:11] [Server thread/INFO]: [CommandBook] 0 Homes(s) loaded
[14:42:11] [Server thread/INFO]: [CommandBook] 0 Warps(s) loaded
[14:42:11] [Server thread/INFO]: [CommandBook] 1 kit(s) loaded.
[14:42:11] [Server thread/INFO]: [WorldGuard] Enabling WorldGuard v6.0.0-beta-03.1514-
[14:42:11] [Server thread/INFO]: [WorldGuard] (world) Lighters are PERMITTED.
[14:42:11] [Server thread/INFO]: [WorldGuard] (world) Lava fire is blocked.
[14:42:11] [Server thread/INFO]: [WorldGuard] (world) Fire spread is UNRESTRICTED.
[14:42:11] [Server thread/INFO]: [WorldGuard] (world_nether) Lighters are PERMITTED.
[14:42:11] [Server thread/INFO]: [WorldGuard] (world_nether) Lava fire is blocked.
[14:42:11] [Server thread/INFO]: [WorldGuard] (world_nether) Fire spread is UNRESTRICTED.
[14:42:11] [Server thread/INFO]: [WorldGuard] (world_the_end) Lighters are PERMITTED.
[14:42:11] [Server thread/INFO]: [WorldGuard] (world_the_end) Lava fire is blocked.
[14:42:11] [Server thread/INFO]: [WorldGuard] (world_the_end) Fire spread is UNRESTRICTED.
[14:42:11] [Server thread/INFO]: [EpicQuest] Enabling EpicQuest v3.5.4
[14:42:12] [Server thread/INFO]: [EssentialsXMPP] Enabling EssentialsXMPP v2.12.2
[14:42:12] [Server thread/INFO]: [EssentialsProtect] Enabling EssentialsProtect v2.12.2
[14:42:12] [Server thread/INFO]: [HeroBounty] Enabling HeroBounty v1.9.5
[14:43:15] [Thread-3/INFO]: Stopping server
