[21:02:08] [Server thread/INFO]: Loading properties
[21:02:08] [Server thread/INFO]: Default game type: SURVIVAL
[21:02:08] [Server thread/INFO]: Using epoll channel type
[21:02:09] [Server thread/INFO]: [WorldEdit] Loading WorldEdit v5.6.1
[21:02:09] [Server thread/INFO]: [Essentials] Loading Essentials vTeamCity
[21:02:09] [Server thread/INFO]: [VoxelSniper] Loading VoxelSniper v7.1.0
[21:02:09] [Server thread/INFO]: [Vault] Loading Vault v1.5.6-b49
[21:02:09] [Server thread/INFO]: [EssentialsSpawn] Loading EssentialsSpawn vTeamCity
[21:02:09] [Server thread/INFO]: [WorldGuard] Loading WorldGuard v6.1
[21:02:09] [Server thread/INFO]: [Multiverse-Core] Loading Multiverse-Core v2.4-b527
[21:02:09] [Server thread/INFO]: [OnTime] Loading OnTime v4.1.3
[21:02:09] [Server thread/INFO]: [EssentialsProtect] Loading EssentialsProtect vTeamCity
[21:02:09] [Server thread/INFO]: [HeavySpleef] Loading HeavySpleef v2.1.1
[21:02:09] [Server thread/INFO]: [Minigames] Loading Minigames v1.7.0
[21:02:09] [Server thread/INFO]: [MobArena] Loading MobArena v0.97.1
[21:02:09] [Server thread/INFO]: [CraftBook] Loading CraftBook v3.9-SNAPSHOT
[21:02:09] [Server thread/INFO]: [Multiverse-NetherPortals] Loading Multiverse-NetherPortals v2.4-b530
[21:02:09] [Server thread/INFO]: [Multiverse-Portals] Loading Multiverse-Portals v2.4-b548
[21:02:09] [Server thread/INFO]: [Vault] Enabling Vault v1.5.6-b49
[21:02:10] [Server thread/INFO]: Preparing spawn area: 59%
[21:02:11] [Server thread/INFO]: [WorldEdit] Enabling WorldEdit v5.6.1
[21:02:11] [Server thread/INFO]: [Essentials] Enabling Essentials vTeamCity
[21:02:11] [Server thread/INFO]: git-Bukkit-9935adc (MC: 1.8.8)
[21:02:11] [Server thread/INFO]: 1.8.8-R0.1-SNAPSHOT
[21:02:11] [Server thread/INFO]: Using locale en_GB
[21:02:11] [Server thread/INFO]: Using locale en_GB
[21:02:11] [Server thread/INFO]: [VoxelSniper] Enabling VoxelSniper v7.1.0
[21:02:12] [Server thread/INFO]: [EssentialsSpawn] Enabling EssentialsSpawn vTeamCity
[21:02:12] [Server thread/INFO]: [WorldGuard] Enabling WorldGuard v6.1
[21:02:13] [Server thread/INFO]: [WorldGuard] (TEST) Lighters are PERMITTED.
[21:02:13] [Server thread/INFO]: [WorldGuard] (TEST) Lava fire is blocked.
[21:02:13] [Server thread/INFO]: [WorldGuard] (TEST) Fire spread is UNRESTRICTED.
[21:02:13] [Server thread/INFO]: [WorldGuard] (TEST_nether) Lighters are PERMITTED.
[21:02:13] [Server thread/INFO]: [WorldGuard] (TEST_nether) Lava fire is blocked.
[21:02:13] [Server thread/INFO]: [WorldGuard] (TEST_nether) Fire spread is UNRESTRICTED.
[21:02:13] [Server thread/INFO]: [WorldGuard] (TEST_the_end) Lighters are PERMITTED.
[21:02:13] [Server thread/INFO]: [WorldGuard] (TEST_the_end) Lava fire is blocked.
[21:02:13] [Server thread/INFO]: [WorldGuard] (TEST_the_end) Fire spread is UNRESTRICTED.
[21:02:13] [Server thread/INFO]: [Multiverse-Core] Enabling Multiverse-Core v2.4-b527
[21:02:13] [Server thread/INFO]: [Multiverse-Core] Loading World & Settings - 'TEST' - Env: NORMAL - Type: NORMAL & seed: -2024018835920597302
[21:02:13] [Server thread/INFO]: [Multiverse-Core] Loading World & Settings - 'TEST_nether' - Env: NETHER - Type: NORMAL & seed: -2024018835920597302
[21:02:13] [Server thread/INFO]: [Multiverse-Core] Loading World & Settings - 'TEST_the_end' - Env: THE_END - Type: NORMAL & seed: -2024018835920597302
[21:02:13] [Server thread/INFO]: [Multiverse-Core] Loading World & Settings - 'lobby' - Env: NORMAL - Type: NORMAL & seed: -3770714656453924402
[21:02:14] [Server thread/INFO]: [WorldGuard] (lobby) Lighters are PERMITTED.
[21:02:14] [Server thread/INFO]: [WorldGuard] (lobby) Lava fire is blocked.
[21:02:14] [Server thread/INFO]: [WorldGuard] (lobby) Fire spread is UNRESTRICTED.
[21:02:14] [Server thread/INFO]: [Multiverse-Core] Loading World & Settings - 'minigames' - Env: NORMAL - Type: FLAT & seed: 2973644325369467684
[21:02:14] [Server thread/INFO]: [WorldGuard] (minigames) Lighters are PERMITTED.
[21:02:14] [Server thread/INFO]: [WorldGuard] (minigames) Lava fire is blocked.
[21:02:14] [Server thread/INFO]: [WorldGuard] (minigames) Fire spread is UNRESTRICTED.
[21:02:14] [Server thread/INFO]: [Multiverse-Core] 5 - World(s) loaded.
[21:02:14] [Server thread/INFO]: [OnTime] Enabling OnTime v4.1.3
[21:02:14] [Server thread/INFO]: [EssentialsProtect] Enabling EssentialsProtect vTeamCity
[21:02:14] [Server thread/INFO]: [HeavySpleef] Enabling HeavySpleef v2.1.1
[21:02:14] [Server thread/INFO]: [Minigames] Enabling Minigames v1.7.0
[21:02:14] [Server thread/INFO]: [Minigames] Using lang en_AU
[21:02:14] [Server thread/INFO]: Minigames successfully enabled.
[21:02:14] [Server thread/INFO]: [MobArena] Enabling MobArena v0.97.1
[21:02:14] [Server thread/INFO]: [MobArena] Loaded arena 'default'
[21:02:14] [Server thread/INFO]: [MobArena] Loaded arena 'god-arena'
[21:02:14] [Server thread/INFO]: [MobArena] v0.97.1 enabled.
[21:02:14] [Server thread/INFO]: [CraftBook] Enabling CraftBook v3.9-SNAPSHOT
[21:02:15] [Server thread/INFO]: [CraftBook] Successfully added 1 CommandItems!
[21:02:15] [Server thread/INFO]: [CraftBook] Registered 3 custom recipes!
[21:02:15] [Server thread/INFO]: [CraftBook] 3174 chunk(s) for 5 world(s) processed (34ms elapsed)
[21:02:15] [Server thread/INFO]: [Multiverse-NetherPortals] Enabling Multiverse-NetherPortals v2.4-b530
[21:02:15] [Server thread/INFO]: [Multiverse-Portals] Enabling Multiverse-Portals v2.4-b548
[21:02:15] [Server thread/INFO]: [Multiverse-Portals]  1 - Portals(s) loaded
[21:02:54] [Server thread/INFO]: 41sentury fell from a high place
[21:03:09] [Server thread/INFO]: 41sentury fell from a high place
[21:03:21] [Server thread/INFO]: 41sentury fell from a high place
[21:03:52] [Server thread/INFO]: 41sentury left the game.
[21:06:08] [Server thread/INFO]: dev: [Dev] Popey
[21:06:54] [Server thread/INFO]: dev: [Dev] Popey
[21:07:41] [Server thread/INFO]: dev: [Dev] Popey
[21:08:27] [Server thread/INFO]: dev: [Dev] Popey
[21:09:14] [Server thread/INFO]: dev: [Dev] Popey
[21:10:00] [Server thread/INFO]: dev: [Dev] Popey
[21:10:47] [Server thread/INFO]: dev: [Dev] Popey
[21:11:33] [Server thread/INFO]: dev: [Dev] Popey
[21:12:20] [Server thread/INFO]: dev: [Dev] Popey
[21:13:07] [Server thread/INFO]: dev: [Dev] Popey
[21:13:53] [Server thread/INFO]: dev: [AFK][Dev] Popey
[21:14:40] [Server thread/INFO]: dev: [Dev] Popey
[21:15:15] [Server thread/INFO]: Twiixtor issued server command: /tp pop
[21:15:26] [Server thread/INFO]: dev: [Dev] Popey, [Dev] Twiixtor
[21:15:43] [Server thread/INFO]: Popey456963 issued server command: /mg join FreeForAll
[21:15:48] [Server thread/INFO]: [Dev] Popey: ./mg join FreeForAll
[21:16:04] [Server thread/INFO]: [Dev] Popey: ./mg join FreeForAll
[21:16:08] [Server thread/INFO]: Twiixtor issued server command: /mg join freeforall
[21:16:13] [Server thread/INFO]: dev: [Dev] Popey, [Dev] Twiixtor
[21:16:46] [Server thread/INFO]: Twiixtor issued server command: /powertool
[21:16:53] [Server thread/INFO]: Popey456963 issued server command: /gamemode 1
[21:16:55] [Server thread/INFO]: Twiixtor issued server command: /flky
[21:16:56] [Server thread/INFO]: Twiixtor issued server command: /fly
[21:16:56] [Server thread/INFO]: [Minigames] Twiixtor quit FreeForAll
[21:16:59] [Server thread/INFO]: dev: [Dev] Popey, [Dev] Twiixtor
[21:17:00] [Server thread/INFO]: Twiixtor issued server command: /fly
[21:17:15] [Server thread/INFO]: Popey456963 issued server command: /give popey compass
[21:17:20] [Server thread/INFO]: Twiixtor issued server command: /fly
[21:17:39] [Server thread/INFO]: Popey456963 issued server command: /mg leave
[21:17:42] [Server thread/INFO]: Popey456963 issued server command: /mg leave
[21:17:43] [Server thread/INFO]: Popey456963 issued server command: /mg exit
[21:17:46] [Server thread/INFO]: Popey456963 issued server command: /mg quit
[21:17:46] [Server thread/INFO]: [Minigames] Popey456963 quit FreeForAll
[21:17:46] [Server thread/INFO]: dev: [Dev] Popey, [Dev] Twiixtor
[21:17:54] [Server thread/INFO]: Twiixtor issued server command: /spawn
[21:18:02] [Server thread/INFO]: Popey456963 issued server command: //set bed
[21:18:05] [Server thread/INFO]: Popey456963 issued server command: //set bedrock
[21:18:10] [Server thread/INFO]: Popey456963 issued server command: //set dirt
[21:18:17] [Server thread/INFO]: Twiixtor issued server command: /help
[21:18:24] [Server thread/INFO]: Twiixtor issued server command: /help 2
[21:18:26] [Server thread/INFO]: Twiixtor issued server command: /help 3
[21:18:32] [Server thread/INFO]: dev: [Dev] Popey, [Dev] Twiixtor
[21:18:33] [Server thread/INFO]: Twiixtor issued server command: /antioch
[21:18:39] [Server thread/INFO]: Popey456963 issued server command: /d
[21:18:48] [Server thread/INFO]: Popey456963 issued server command: //set bedrock
[21:18:54] [Server thread/INFO]: Popey456963 issued server command: //set dirt
[21:19:07] [Server thread/INFO]: Popey456963 issued server command: //copy
[21:19:11] [Server thread/INFO]: Popey456963 issued server command: //copy
[21:19:15] [Server thread/INFO]: Popey456963 issued server command: //paste
[21:19:19] [Server thread/INFO]: dev: [Dev] Popey, [Dev] Twiixtor
[21:19:23] [Server thread/INFO]: Popey456963 issued server command: //expand 10 up
[21:19:24] [Server thread/INFO]: Popey456963 issued server command: //copy
[21:19:30] [Server thread/INFO]: Popey456963 issued server command: //paste
[21:20:06] [Server thread/INFO]: dev: [Dev] Popey, [Dev] Twiixtor
[21:20:08] [Server thread/INFO]: [Dev] Twiixtor: 399
[21:20:28] [Server thread/INFO]: Twiixtor issued server command: /spawn
[21:20:31] [Server thread/INFO]: Twiixtor issued server command: /tp pop
[21:20:52] [Server thread/INFO]: dev: [Dev] Popey, [Dev] Twiixtor
[21:21:15] [Server thread/INFO]: Twiixtor issued server command: /i compass
[21:21:39] [Server thread/INFO]: dev: [Dev] Popey, [Dev] Twiixtor
[21:22:12] [Server thread/INFO]: [Dev] Twiixtor: nether_star
[21:22:21] [Server thread/INFO]: Popey456963 issued server command: /reload
[21:22:21] [Server thread/INFO]: Popey456963: If you encounter any issues please use the /stop command to restart your server.
[21:22:21] [Server thread/INFO]: [Multiverse-Portals] Disabling Multiverse-Portals v2.4-b548
[21:22:21] [Server thread/INFO]: [Multiverse-NetherPortals] Disabling Multiverse-NetherPortals v2.4-b530
[21:22:21] [Server thread/INFO]: [MultiVerse-NetherPortals] - Disabled
[21:22:21] [Server thread/INFO]: [CraftBook] Disabling CraftBook v3.9-SNAPSHOT
[21:22:21] [Server thread/INFO]: [MobArena] Disabling MobArena v0.97.1
[21:22:21] [Server thread/INFO]: [MobArena] disabled.
[21:22:21] [Server thread/INFO]: [Minigames] Disabling Minigames v1.7.0
[21:22:21] [Server thread/INFO]: Minigames successfully disabled.
[21:22:21] [Server thread/INFO]: [HeavySpleef] Disabling HeavySpleef v2.1.1
[21:22:21] [Server thread/INFO]: [EssentialsProtect] Disabling EssentialsProtect vTeamCity
[21:22:21] [Server thread/INFO]: [OnTime] Disabling OnTime v4.1.3
[21:22:22] [Server thread/INFO]: [Multiverse-Core] Disabling Multiverse-Core v2.4-b527
[21:22:22] [Server thread/INFO]: [Multiverse-Core] - Disabled
[21:22:22] [Server thread/INFO]: [WorldGuard] Disabling WorldGuard v6.1
[21:22:22] [Server thread/INFO]: [WorldGuard] Shutting down executor and waiting for any pending tasks...
[21:22:22] [Server thread/INFO]: [EssentialsSpawn] Disabling EssentialsSpawn vTeamCity
[21:22:22] [Server thread/INFO]: [Vault] Disabling Vault v1.5.6-b49
[21:22:22] [Server thread/INFO]: [VoxelSniper] Disabling VoxelSniper v7.1.0
[21:22:22] [Server thread/INFO]: [Essentials] Disabling Essentials vTeamCity
[21:22:22] [Server thread/INFO]: [WorldEdit] Disabling WorldEdit v5.6.1
[21:22:24] [Server thread/INFO]: [WorldEdit] Loading WorldEdit v5.6.1
[21:22:24] [Server thread/INFO]: [Essentials] Loading Essentials vTeamCity
[21:22:24] [Server thread/INFO]: [VoxelSniper] Loading VoxelSniper v7.1.0
[21:22:24] [Server thread/INFO]: [Vault] Loading Vault v1.5.6-b49
[21:22:24] [Server thread/INFO]: [EssentialsSpawn] Loading EssentialsSpawn vTeamCity
[21:22:24] [Server thread/INFO]: [WorldGuard] Loading WorldGuard v6.1
[21:22:24] [Server thread/INFO]: [Multiverse-Core] Loading Multiverse-Core v2.4-b527
[21:22:24] [Server thread/INFO]: [OnTime] Loading OnTime v4.1.3
[21:22:24] [Server thread/INFO]: [EssentialsProtect] Loading EssentialsProtect vTeamCity
[21:22:24] [Server thread/INFO]: [HeavySpleef] Loading HeavySpleef v2.1.1
[21:22:24] [Server thread/INFO]: [Minigames] Loading Minigames v1.7.0
[21:22:24] [Server thread/INFO]: [MobArena] Loading MobArena v0.97.1
[21:22:24] [Server thread/INFO]: [CraftBook] Loading CraftBook v3.9-SNAPSHOT
[21:22:24] [Server thread/INFO]: [Multiverse-NetherPortals] Loading Multiverse-NetherPortals v2.4-b530
[21:22:24] [Server thread/INFO]: [Multiverse-Portals] Loading Multiverse-Portals v2.4-b548
[21:22:24] [Server thread/INFO]: [Vault] Enabling Vault v1.5.6-b49
[21:22:24] [Server thread/INFO]: [WorldEdit] Enabling WorldEdit v5.6.1
[21:22:24] [Server thread/INFO]: [Essentials] Enabling Essentials vTeamCity
[21:22:24] [Server thread/INFO]: git-Bukkit-9935adc (MC: 1.8.8)
[21:22:24] [Server thread/INFO]: 1.8.8-R0.1-SNAPSHOT
[21:22:24] [Server thread/INFO]: Using locale en_GB
[21:22:24] [Server thread/INFO]: Using locale en_GB
[21:22:24] [Server thread/INFO]: [VoxelSniper] Enabling VoxelSniper v7.1.0
[21:22:25] [Server thread/INFO]: [EssentialsSpawn] Enabling EssentialsSpawn vTeamCity
[21:22:25] [Server thread/INFO]: [WorldGuard] Enabling WorldGuard v6.1
[21:22:25] [Server thread/INFO]: [WorldGuard] (TEST) Lighters are PERMITTED.
[21:22:25] [Server thread/INFO]: [WorldGuard] (TEST) Lava fire is blocked.
[21:22:25] [Server thread/INFO]: [WorldGuard] (TEST) Fire spread is UNRESTRICTED.
[21:22:25] [Server thread/INFO]: [WorldGuard] (TEST_nether) Lighters are PERMITTED.
[21:22:25] [Server thread/INFO]: [WorldGuard] (TEST_nether) Lava fire is blocked.
[21:22:25] [Server thread/INFO]: [WorldGuard] (TEST_nether) Fire spread is UNRESTRICTED.
[21:22:25] [Server thread/INFO]: [WorldGuard] (TEST_the_end) Lighters are PERMITTED.
[21:22:25] [Server thread/INFO]: [WorldGuard] (TEST_the_end) Lava fire is blocked.
[21:22:25] [Server thread/INFO]: [WorldGuard] (TEST_the_end) Fire spread is UNRESTRICTED.
[21:22:25] [Server thread/INFO]: [WorldGuard] (lobby) Lighters are PERMITTED.
[21:22:25] [Server thread/INFO]: [WorldGuard] (lobby) Lava fire is blocked.
[21:22:25] [Server thread/INFO]: [WorldGuard] (lobby) Fire spread is UNRESTRICTED.
[21:22:25] [Server thread/INFO]: [WorldGuard] (minigames) Lighters are PERMITTED.
[21:22:25] [Server thread/INFO]: [WorldGuard] (minigames) Lava fire is blocked.
[21:22:25] [Server thread/INFO]: [WorldGuard] (minigames) Fire spread is UNRESTRICTED.
[21:22:25] [Server thread/INFO]: [Multiverse-Core] Enabling Multiverse-Core v2.4-b527
[21:22:25] [Server thread/INFO]: [Multiverse-Core] Loading World & Settings - 'TEST' - Env: NORMAL - Type: NORMAL & seed: -2024018835920597302
[21:22:25] [Server thread/INFO]: [Multiverse-Core] Loading World & Settings - 'TEST_nether' - Env: NETHER - Type: NORMAL & seed: -2024018835920597302
[21:22:26] [Server thread/INFO]: [Multiverse-Core] Loading World & Settings - 'TEST_the_end' - Env: THE_END - Type: NORMAL & seed: -2024018835920597302
[21:22:26] [Server thread/INFO]: [Multiverse-Core] Loading World & Settings - 'lobby' - Env: NORMAL - Type: NORMAL & seed: -3770714656453924402
[21:22:26] [Server thread/INFO]: [Multiverse-Core] Loading World & Settings - 'minigames' - Env: NORMAL - Type: FLAT & seed: 2973644325369467684
[21:22:26] [Server thread/INFO]: [Multiverse-Core] 5 - World(s) loaded.
[21:22:26] [Server thread/INFO]: [OnTime] Enabling OnTime v4.1.3
[21:22:26] [Server thread/INFO]: [EssentialsProtect] Enabling EssentialsProtect vTeamCity
[21:22:26] [Server thread/INFO]: [HeavySpleef] Enabling HeavySpleef v2.1.1
[21:22:26] [Server thread/INFO]: [Minigames] Enabling Minigames v1.7.0
[21:22:26] [Server thread/INFO]: [Minigames] Using lang en_AU
[21:22:26] [Server thread/INFO]: Minigames successfully enabled.
[21:22:26] [Server thread/INFO]: [MobArena] Enabling MobArena v0.97.1
[21:22:26] [Server thread/INFO]: [MobArena] Loaded arena 'default'
[21:22:26] [Server thread/INFO]: [MobArena] Loaded arena 'god-arena'
[21:22:26] [Server thread/INFO]: [MobArena] v0.97.1 enabled.
[21:22:26] [Server thread/INFO]: [CraftBook] Enabling CraftBook v3.9-SNAPSHOT
[21:22:26] [Server thread/INFO]: [CraftBook] Successfully added 1 CommandItems!
[21:22:26] [Server thread/INFO]: [CraftBook] Registered 3 custom recipes!
[21:22:27] [Server thread/INFO]: [CraftBook] 3306 chunk(s) for 5 world(s) processed (7ms elapsed)
[21:22:27] [Server thread/INFO]: [Multiverse-NetherPortals] Enabling Multiverse-NetherPortals v2.4-b530
[21:22:27] [Server thread/INFO]: [Multiverse-Portals] Enabling Multiverse-Portals v2.4-b548
[21:22:27] [Server thread/INFO]: [Multiverse-Portals]  1 - Portals(s) loaded
[21:22:27] [Server thread/INFO]: Popey456963: Reload complete.
[21:22:27] [Server thread/INFO]: dev: [Dev] Popey, [Dev] Twiixtor
[21:22:27] [Server thread/INFO]: Twiixtor issued server command: /spawn
[21:22:45] [Server thread/INFO]: Twiixtor issued server command: /i arrow 1
[21:22:49] [Server thread/INFO]: Popey456963 issued server command: /plugins
[21:23:05] [Server thread/INFO]: Popey456963 issued server command: /mg join FreeForAl
[21:23:06] [Server thread/INFO]: [Dev] Popey: ./mg join FreeForAl
[21:23:08] [Server thread/INFO]: Twiixtor issued server command: /mg join freeforall
[21:23:12] [Server thread/INFO]: dev: [Dev] Popey, [Dev] Twiixtor
[21:23:23] [Server thread/INFO]: Popey456963 issued server command: /mvm set pvp true
[21:23:58] [Server thread/INFO]: dev: [Dev] Popey, [Dev] Twiixtor
[21:24:25] [Server thread/INFO]: Twiixtor issued server command: /god
[21:24:45] [Server thread/INFO]: dev: [Dev] Popey, [Dev] Twiixtor
[21:24:51] [Server thread/INFO]: [Minigames] Twiixtor quit FreeForAll
[21:24:51] [Server thread/INFO]: [Minigames] Popey456963 quit FreeForAll
[21:25:31] [Server thread/INFO]: dev: [Dev] Popey, [Dev] Twiixtor
[21:25:31] [Server thread/INFO]: member: [Member] Raichu3000
[21:25:40] [Server thread/INFO]: Popey456963 issued server command: /op Raichu3000
[21:25:40] [Server thread/INFO]: [Popey456963: Opped Raichu3000]
[21:25:52] [Server thread/INFO]: [Dev] Popey: ./mg join FreeForAl
[21:25:52] [Server thread/INFO]: [Dev] Popey: ./mg join FreeForAl
[21:25:52] [Server thread/INFO]: [Dev] Popey: ./mg join FreeForAl
[21:25:52] [Server thread/INFO]: [Dev] Popey: ./mg join FreeForAl
[21:25:53] [Server thread/INFO]: Raichu3000 issued server command: /gamemode 1
[21:25:59] [Server thread/INFO]: Raichu3000 issued server command: /gamemode 0
[21:26:01] [Server thread/INFO]: [Dev] Popey: ./mg join FreeForAl
[21:26:02] [Server thread/INFO]: [Dev] Popey: ./mg join FreeForAl
[21:26:02] [Server thread/INFO]: [Dev] Popey: ./mg join FreeForAl
[21:26:02] [Server thread/INFO]: [Dev] Popey: ./mg join FreeForAl
[21:26:02] [Server thread/INFO]: [Dev] Popey: ./mg join FreeForAl
[21:26:03] [Server thread/INFO]: [Dev] Popey: ./mg join FreeForAl
[21:26:03] [Server thread/INFO]: [Dev] Popey: ./mg join FreeForAl
[21:26:03] [Server thread/INFO]: [Dev] Popey: ./mg join FreeForAl
[21:26:03] [Server thread/INFO]: [Dev] Popey: ./mg join FreeForAl
[21:26:04] [Server thread/INFO]: [Dev] Popey: ./mg join FreeForAl
[21:26:12] [Server thread/INFO]: Raichu3000 issued server command: /mg join FreeForAl
[21:26:17] [Server thread/INFO]: Twiixtor issued server command: /mg join freeforall
[21:26:17] [Server thread/INFO]: Popey456963 issued server command: /mg join fr
[21:26:18] [Server thread/INFO]: dev: [Dev] Popey, [Dev] Twiixtor
[21:26:18] [Server thread/INFO]: member: [Member] Raichu3000
[21:26:19] [Server thread/INFO]: Popey456963 issued server command: /mg join FreeForAll
[21:27:04] [Server thread/INFO]: dev: [Dev] Popey, [Dev] Twiixtor
[21:27:04] [Server thread/INFO]: member: [Member] Raichu3000
[21:27:51] [Server thread/INFO]: [Minigames] Popey456963 quit FreeForAll
[21:27:51] [Server thread/INFO]: dev: [Dev] Popey, [Dev] Twiixtor
[21:27:51] [Server thread/INFO]: member: [Member] Raichu3000
[21:28:14] [Server thread/INFO]: Popey456963 issued server command: /v
[21:28:18] [Server thread/INFO]: Popey456963 issued server command: /vanish
[21:28:35] [Server thread/INFO]: Popey456963 issued server command: /vanish
[21:28:38] [Server thread/INFO]: dev: [Dev] Popey, [Dev] Twiixtor
[21:28:38] [Server thread/INFO]: member: [Member] Raichu3000
[21:29:11] [Server thread/INFO]: [Minigames] Twiixtor quit FreeForAll
[21:29:11] [Server thread/INFO]: [Minigames] Raichu3000 quit FreeForAll
[21:29:24] [Server thread/INFO]: dev: [Dev] Popey, [Dev] Twiixtor
[21:29:24] [Server thread/INFO]: member: [Member] Raichu3000
[21:29:47] [Server thread/INFO]: Raichu3000 issued server command: /gamemode 1
[21:30:11] [Server thread/INFO]: dev: [Dev] Popey, [Dev] Twiixtor
[21:30:11] [Server thread/INFO]: member: [Member] Raichu3000
[21:30:57] [Server thread/INFO]: dev: [Dev] Popey, [Dev] Twiixtor
[21:30:57] [Server thread/INFO]: member: [Member] minelittleyoshi, [Member] Raichu3000
[21:30:58] [Server thread/INFO]: Twiixtor issued server command: /spawn
[21:31:03] [Server thread/INFO]: Twiixtor issued server command: /tp minelittleyoshi
[21:31:35] [Server thread/INFO]: Twiixtor issued server command: /mvtp
[21:31:40] [Server thread/INFO]: Twiixtor issued server command: /mv tp mg
[21:31:44] [Server thread/INFO]: dev: [Dev] Popey, [Dev] Twiixtor
[21:31:44] [Server thread/INFO]: member: [Member] minelittleyoshi, [Member] Raichu3000
[21:31:44] [Server thread/INFO]: Twiixtor issued server command: /tphere mine
[21:31:57] [Server thread/INFO]: Twiixtor issued server command: /tphere mine
[21:32:09] [Server thread/INFO]: Twiixtor issued server command: /mg join freeforall
[21:32:15] [Server thread/INFO]: [Dev] Twiixtor: ./mg join Freeforall
[21:32:22] [Server thread/INFO]: Popey456963 issued server command: /mg join fre
[21:32:22] [Server thread/INFO]: minelittleyoshi issued server command: /mg join Freeforall
[21:32:23] [Server thread/INFO]: Popey456963 issued server command: /mg join FreeForAll
[21:32:29] [Server thread/INFO]: Popey456963 issued server command: /op yoshi
[21:32:30] [Server thread/INFO]: [Popey456963: Opped yoshi]
[21:32:30] [Server thread/INFO]: dev: [Dev] Popey, [Dev] Twiixtor
[21:32:30] [Server thread/INFO]: member: [Member] minelittleyoshi, [Member] Raichu3000
[21:32:32] [Server thread/INFO]: Popey456963 issued server command: /mg exit
[21:32:34] [Server thread/INFO]: minelittleyoshi issued server command: /mg join Freeforall
[21:32:38] [Server thread/INFO]: Popey456963 issued server command: /mg exit
[21:32:55] [Server thread/INFO]: Twiixtor issued server command: /kill
[21:32:58] [Server thread/INFO]: Twiixtor issued server command: /kill tii
[21:33:00] [Server thread/INFO]: Twiixtor issued server command: /kill Twiixtor
[21:33:01] [Server thread/INFO]: Popey456963 issued server command: /smite twiix
[21:33:01] [Server thread/INFO]: Popey456963 issued server command: /smite twiix
[21:33:02] [Server thread/INFO]: Popey456963 issued server command: /smite twiix
[21:33:02] [Server thread/INFO]: Popey456963 issued server command: /smite twiix
[21:33:02] [Server thread/INFO]: Popey456963 issued server command: /smite twiix
[21:33:03] [Server thread/INFO]: Popey456963 issued server command: /smite twiix
[21:33:04] [Server thread/INFO]: Popey456963 issued server command: /smite twiix
[21:33:04] [Server thread/INFO]: Popey456963 issued server command: /smite twiix
[21:33:04] [Server thread/INFO]: Popey456963 issued server command: /smite twiix
[21:33:04] [Server thread/INFO]: Popey456963 issued server command: /smite twiix
[21:33:04] [Server thread/INFO]: Popey456963 issued server command: /smite twiix
[21:33:04] [Server thread/INFO]: Popey456963 issued server command: /smite twiix
[21:33:04] [Server thread/INFO]: Popey456963 issued server command: /smite twiix
[21:33:05] [Server thread/INFO]: Popey456963 issued server command: /smite twiix
[21:33:05] [Server thread/INFO]: Popey456963 issued server command: /smite twiix
[21:33:05] [Server thread/INFO]: [Minigames] Twiixtor quit FreeForAll
[21:33:05] [Server thread/INFO]: [Minigames] Popey456963 quit FreeForAll
[21:33:05] [Server thread/INFO]: Popey456963 left the game.
[21:33:17] [Server thread/INFO]: dev: [Dev] Popey, [Dev] Twiixtor
[21:33:17] [Server thread/INFO]: member: [Member] minelittleyoshi, [Member] Raichu3000
[21:33:24] [Server thread/INFO]: Popey456963 issued server command: /op minelittleyoshi
[21:33:24] [Server thread/INFO]: [Popey456963: Opped minelittleyoshi]
[21:33:30] [Server thread/INFO]: [Dev] Popey: ./mg join FreeForAll
[21:33:32] [Server thread/INFO]: Popey456963 issued server command: /mg join FreeForAll
[21:33:33] [Server thread/INFO]: minelittleyoshi issued server command: /mg join Freeforall
[21:33:33] [Server thread/INFO]: Twiixtor issued server command: /mg join freeforall
[21:34:03] [Server thread/INFO]: dev: [Dev] Popey, [Dev] Twiixtor
[21:34:03] [Server thread/INFO]: member: [Member] minelittleyoshi, [Member] Raichu3000
[21:34:50] [Server thread/INFO]: dev: [Dev] Popey, [Dev] Twiixtor
[21:34:50] [Server thread/INFO]: member: [Member] minelittleyoshi, [Member] Raichu3000
[21:35:32] [Server thread/INFO]: [Minigames] Popey456963 quit FreeForAll
[21:35:37] [Server thread/INFO]: dev: [Dev] Popey, [Dev] Twiixtor
[21:35:37] [Server thread/INFO]: member: [Member] minelittleyoshi, [Member] Raichu3000
[21:35:53] [Server thread/INFO]: Popey456963 issued server command: /vanish
[21:36:23] [Server thread/INFO]: dev: [HIDDEN][Dev] Popey, [Dev] Twiixtor
[21:36:23] [Server thread/INFO]: member: [Member] minelittleyoshi, [Member] Raichu3000
[21:37:10] [Server thread/INFO]: dev: [HIDDEN][Dev] Popey, [Dev] Twiixtor
[21:37:10] [Server thread/INFO]: member: [Member] minelittleyoshi, [Member] Raichu3000
[21:37:11] [Server thread/INFO]: [Minigames] Twiixtor quit FreeForAll
[21:37:11] [Server thread/INFO]: [Minigames] minelittleyoshi quit FreeForAll
[21:37:31] [Server thread/INFO]: Popey456963 issued server command: /tp raichu pop
[21:37:32] [Server thread/INFO]: Popey456963 issued server command: /vanish
[21:37:40] [Server thread/INFO]: Popey456963 issued server command: /mg join FreeForAll
[21:37:40] [Server thread/INFO]: minelittleyoshi issued server command: /mg join Freeforall
[21:37:41] [Server thread/INFO]: Twiixtor issued server command: /mg join freeforall
[21:37:41] [Server thread/INFO]: Raichu3000 issued server command: /gamemode 0
[21:37:45] [Server thread/INFO]: [Dev] Twiixtor: ./mg join freeforall
[21:37:46] [Server thread/INFO]: [Dev] Popey: ./mg join FreeForAll
[21:37:47] [Server thread/INFO]: [Dev] Popey: ./mg join FreeForAll
[21:37:47] [Server thread/INFO]: [Dev] Popey: ./mg join FreeForAll
[21:37:47] [Server thread/INFO]: [Dev] Popey: ./mg join FreeForAll
[21:37:47] [Server thread/INFO]: [Dev] Popey: ./mg join FreeForAll
[21:37:48] [Server thread/INFO]: [Dev] Popey: ./mg join FreeForAll
[21:37:48] [Server thread/INFO]: [Dev] Popey: ./mg join FreeForAll
[21:37:48] [Server thread/INFO]: [Dev] Popey: ./mg join FreeForAll
[21:37:52] [Server thread/INFO]: [Dev] Popey: ./mg join FreeForAll
[21:37:52] [Server thread/INFO]: [Dev] Popey: ./mg join FreeForAll
[21:37:52] [Server thread/INFO]: [Dev] Popey: ./mg join FreeForAll
[21:37:53] [Server thread/INFO]: [Dev] Popey: ./mg join FreeForAll
[21:37:53] [Server thread/INFO]: [Dev] Popey: ./mg join FreeForAll
[21:37:54] [Server thread/INFO]: Raichu3000 issued server command: /mg join fr
[21:37:56] [Server thread/INFO]: dev: [Dev] Popey, [Dev] Twiixtor
[21:37:56] [Server thread/INFO]: member: [Member] minelittleyoshi, [Member] Raichu3000
[21:38:00] [Server thread/INFO]: Raichu3000 issued server command: /mg join FreeForAll
[21:38:12] [Server thread/INFO]: Raichu3000 issued server command: /gamemode 1
[21:38:43] [Server thread/INFO]: dev: [Dev] Popey, [Dev] Twiixtor
[21:38:43] [Server thread/INFO]: member: [Member] minelittleyoshi, [Member] Raichu3000
[21:39:27] [Server thread/INFO]: Twiixtor issued server command: /fly
[21:39:27] [Server thread/INFO]: [Minigames] Twiixtor quit FreeForAll
[21:39:29] [Server thread/INFO]: dev: [Dev] Popey, [Dev] Twiixtor
[21:39:29] [Server thread/INFO]: member: [Member] minelittleyoshi, [Member] Raichu3000
[21:39:43] [Server thread/INFO]: Twiixtor issued server command: /i stick 1
[21:40:13] [Server thread/INFO]: Raichu3000 issued server command: /powertool
[21:40:16] [Server thread/INFO]: dev: [Dev] Popey, [Dev] Twiixtor
[21:40:16] [Server thread/INFO]: member: [Member] minelittleyoshi, [Member] Raichu3000
[21:40:21] [Server thread/INFO]: Raichu3000 issued server command: /powertool
[21:40:27] [Server thread/INFO]: Raichu3000 issued server command: /powertool
[21:40:46] [Server thread/INFO]: Twiixtor issued server command: /powertool smite
[21:40:47] [Server thread/INFO]: [PT] Twiixtor issued server command: /smite
[21:40:47] [Server thread/INFO]: [PT] Twiixtor issued server command: /smite
[21:40:47] [Server thread/INFO]: [PT] Twiixtor issued server command: /smite
[21:40:47] [Server thread/INFO]: [PT] Twiixtor issued server command: /smite
[21:40:47] [Server thread/INFO]: [PT] Twiixtor issued server command: /smite
[21:40:48] [Server thread/INFO]: [PT] Twiixtor issued server command: /smite
[21:40:48] [Server thread/INFO]: [PT] Twiixtor issued server command: /smite
[21:40:48] [Server thread/INFO]: [PT] Twiixtor issued server command: /smite
[21:40:48] [Server thread/INFO]: [PT] Twiixtor issued server command: /smite
[21:40:54] [Server thread/INFO]: Raichu3000 issued server command: /powertool ignite
[21:40:59] [Server thread/INFO]: [PT] Raichu3000 issued server command: /ignite
[21:40:59] [Server thread/INFO]: [PT] Raichu3000 issued server command: /ignite
[21:41:00] [Server thread/INFO]: [PT] Raichu3000 issued server command: /ignite
[21:41:02] [Server thread/INFO]: dev: [Dev] Popey, [Dev] Twiixtor
[21:41:02] [Server thread/INFO]: member: [Member] minelittleyoshi, [Member] Raichu3000
[21:41:32] [Server thread/INFO]: [Minigames] Popey456963 quit FreeForAll
[21:41:32] [Server thread/INFO]: [Minigames] minelittleyoshi quit FreeForAll
[21:41:40] [Server thread/INFO]: Twiixtor issued server command: /spawnmob giant 10
[21:41:49] [Server thread/INFO]: dev: [Dev] Popey, [Dev] Twiixtor
[21:41:49] [Server thread/INFO]: member: [Member] minelittleyoshi, [Member] Raichu3000
[21:41:54] [Server thread/INFO]: [PT] Twiixtor issued server command: /smite
[21:41:55] [Server thread/INFO]: [PT] Twiixtor issued server command: /smite
[21:41:55] [Server thread/INFO]: [PT] Twiixtor issued server command: /smite
[21:41:55] [Server thread/INFO]: [PT] Twiixtor issued server command: /smite
[21:41:55] [Server thread/INFO]: [PT] Twiixtor issued server command: /smite
[21:41:55] [Server thread/INFO]: [PT] Twiixtor issued server command: /smite
[21:41:55] [Server thread/INFO]: [PT] Twiixtor issued server command: /smite
[21:41:55] [Server thread/INFO]: [PT] Twiixtor issued server command: /smite
[21:41:56] [Server thread/INFO]: [PT] Twiixtor issued server command: /smite
[21:41:56] [Server thread/INFO]: [PT] Twiixtor issued server command: /smite
[21:41:56] [Server thread/INFO]: [PT] Twiixtor issued server command: /smite
[21:41:56] [Server thread/INFO]: [PT] Twiixtor issued server command: /smite
[21:41:56] [Server thread/INFO]: [PT] Twiixtor issued server command: /smite
[21:41:58] [Server thread/INFO]: minelittleyoshi issued server command: /gamemode 1
[21:41:59] [Server thread/INFO]: [PT] Twiixtor issued server command: /smite
[21:41:59] [Server thread/INFO]: [PT] Twiixtor issued server command: /smite
[21:41:59] [Server thread/INFO]: [PT] Twiixtor issued server command: /smite
[21:41:59] [Server thread/INFO]: [PT] Twiixtor issued server command: /smite
[21:41:59] [Server thread/INFO]: [PT] Twiixtor issued server command: /smite
[21:42:00] [Server thread/INFO]: [PT] Twiixtor issued server command: /smite
[21:42:00] [Server thread/INFO]: [PT] Twiixtor issued server command: /smite
[21:42:00] [Server thread/INFO]: [PT] Twiixtor issued server command: /smite
[21:42:00] [Server thread/INFO]: [PT] Twiixtor issued server command: /smite
[21:42:00] [Server thread/INFO]: [PT] Twiixtor issued server command: /smite
[21:42:00] [Server thread/INFO]: [PT] Twiixtor issued server command: /smite
[21:42:00] [Server thread/INFO]: [PT] Twiixtor issued server command: /smite
[21:42:00] [Server thread/INFO]: [PT] Twiixtor issued server command: /smite
[21:42:01] [Server thread/INFO]: [PT] Twiixtor issued server command: /smite
[21:42:01] [Server thread/INFO]: [PT] Twiixtor issued server command: /smite
[21:42:01] [Server thread/INFO]: [PT] Twiixtor issued server command: /smite
[21:42:01] [Server thread/INFO]: [PT] Twiixtor issued server command: /smite
[21:42:01] [Server thread/INFO]: [PT] Twiixtor issued server command: /smite
[21:42:01] [Server thread/INFO]: [PT] Twiixtor issued server command: /smite
[21:42:01] [Server thread/INFO]: [PT] Twiixtor issued server command: /smite
[21:42:01] [Server thread/INFO]: [PT] Twiixtor issued server command: /smite
[21:42:02] [Server thread/INFO]: [PT] Twiixtor issued server command: /smite
[21:42:02] [Server thread/INFO]: [PT] Twiixtor issued server command: /smite
[21:42:02] [Server thread/INFO]: [PT] Twiixtor issued server command: /smite
[21:42:02] [Server thread/INFO]: [PT] Twiixtor issued server command: /smite
[21:42:02] [Server thread/INFO]: [PT] Twiixtor issued server command: /smite
[21:42:02] [Server thread/INFO]: [PT] Twiixtor issued server command: /smite
[21:42:02] [Server thread/INFO]: [PT] Twiixtor issued server command: /smite
[21:42:03] [Server thread/INFO]: [PT] Twiixtor issued server command: /smite
[21:42:03] [Server thread/INFO]: [PT] Twiixtor issued server command: /smite
[21:42:03] [Server thread/INFO]: [PT] Twiixtor issued server command: /smite
[21:42:03] [Server thread/INFO]: [PT] Twiixtor issued server command: /smite
[21:42:03] [Server thread/INFO]: [PT] Twiixtor issued server command: /smite
[21:42:03] [Server thread/INFO]: [PT] Twiixtor issued server command: /smite
[21:42:03] [Server thread/INFO]: [PT] Twiixtor issued server command: /smite
[21:42:03] [Server thread/INFO]: [PT] Twiixtor issued server command: /smite
[21:42:04] [Server thread/INFO]: [PT] Twiixtor issued server command: /smite
[21:42:04] [Server thread/INFO]: [PT] Twiixtor issued server command: /smite
[21:42:04] [Server thread/INFO]: [PT] Twiixtor issued server command: /smite
[21:42:04] [Server thread/INFO]: [PT] Twiixtor issued server command: /smite
[21:42:04] [Server thread/INFO]: [PT] Twiixtor issued server command: /smite
[21:42:04] [Server thread/INFO]: [PT] Twiixtor issued server command: /smite
[21:42:04] [Server thread/INFO]: [PT] Twiixtor issued server command: /smite
[21:42:05] [Server thread/INFO]: [PT] Twiixtor issued server command: /smite
[21:42:05] [Server thread/INFO]: [PT] Twiixtor issued server command: /smite
[21:42:05] [Server thread/INFO]: [PT] Twiixtor issued server command: /smite
[21:42:05] [Server thread/INFO]: [PT] Twiixtor issued server command: /smite
[21:42:05] [Server thread/INFO]: [PT] Twiixtor issued server command: /smite
[21:42:05] [Server thread/INFO]: [PT] Twiixtor issued server command: /smite
[21:42:05] [Server thread/INFO]: [PT] Twiixtor issued server command: /smite
[21:42:06] [Server thread/INFO]: [PT] Twiixtor issued server command: /smite
[21:42:06] [Server thread/INFO]: [PT] Twiixtor issued server command: /smite
[21:42:06] [Server thread/INFO]: [PT] Twiixtor issued server command: /smite
[21:42:06] [Server thread/INFO]: [PT] Twiixtor issued server command: /smite
[21:42:06] [Server thread/INFO]: [PT] Twiixtor issued server command: /smite
[21:42:06] [Server thread/INFO]: [PT] Twiixtor issued server command: /smite
[21:42:07] [Server thread/INFO]: [PT] Twiixtor issued server command: /smite
[21:42:07] [Server thread/INFO]: [PT] Twiixtor issued server command: /smite
[21:42:07] [Server thread/INFO]: [PT] Twiixtor issued server command: /smite
[21:42:07] [Server thread/INFO]: [PT] Twiixtor issued server command: /smite
[21:42:07] [Server thread/INFO]: [PT] Twiixtor issued server command: /smite
[21:42:07] [Server thread/INFO]: [PT] Twiixtor issued server command: /smite
[21:42:07] [Server thread/INFO]: [PT] Twiixtor issued server command: /smite
[21:42:10] [Server thread/INFO]: Twiixtor issued server command: /butcher
[21:42:17] [Server thread/INFO]: Twiixtor issued server command: /spawnmob chicken 100
[21:42:21] [Server thread/INFO]: [PT] Twiixtor issued server command: /smite
[21:42:21] [Server thread/INFO]: [PT] Twiixtor issued server command: /smite
[21:42:21] [Server thread/INFO]: [PT] Twiixtor issued server command: /smite
[21:42:22] [Server thread/INFO]: [PT] Twiixtor issued server command: /smite
[21:42:22] [Server thread/INFO]: [PT] Twiixtor issued server command: /smite
[21:42:22] [Server thread/INFO]: [PT] Twiixtor issued server command: /smite
[21:42:22] [Server thread/INFO]: [PT] Twiixtor issued server command: /smite
[21:42:23] [Server thread/INFO]: [PT] Twiixtor issued server command: /smite
[21:42:23] [Server thread/INFO]: [PT] Twiixtor issued server command: /smite
[21:42:23] [Server thread/INFO]: [PT] Twiixtor issued server command: /smite
[21:42:23] [Server thread/INFO]: [PT] Twiixtor issued server command: /smite
[21:42:24] [Server thread/INFO]: [PT] Twiixtor issued server command: /smite
[21:42:24] [Server thread/INFO]: [PT] Twiixtor issued server command: /smite
[21:42:24] [Server thread/INFO]: [PT] Twiixtor issued server command: /smite
[21:42:24] [Server thread/INFO]: [PT] Twiixtor issued server command: /smite
[21:42:25] [Server thread/INFO]: [PT] Twiixtor issued server command: /smite
[21:42:25] [Server thread/INFO]: [PT] Twiixtor issued server command: /smite
[21:42:25] [Server thread/INFO]: [PT] Twiixtor issued server command: /smite
[21:42:25] [Server thread/INFO]: [PT] Twiixtor issued server command: /smite
[21:42:25] [Server thread/INFO]: [PT] Twiixtor issued server command: /smite
[21:42:26] [Server thread/INFO]: [PT] Twiixtor issued server command: /smite
[21:42:26] [Server thread/INFO]: [PT] Twiixtor issued server command: /smite
[21:42:26] [Server thread/INFO]: [PT] Twiixtor issued server command: /smite
[21:42:27] [Server thread/INFO]: [PT] Twiixtor issued server command: /smite
[21:42:27] [Server thread/INFO]: [PT] Twiixtor issued server command: /smite
[21:42:28] [Server thread/INFO]: [PT] Twiixtor issued server command: /smite
[21:42:28] [Server thread/INFO]: [PT] Twiixtor issued server command: /smite
[21:42:35] [Server thread/INFO]: dev: [Dev] Popey, [Dev] Twiixtor
[21:42:35] [Server thread/INFO]: member: [Member] minelittleyoshi, [Member] Raichu3000
[21:42:37] [Server thread/INFO]: Twiixtor issued server command: /powertool
[21:42:43] [Server thread/INFO]: Twiixtor issued server command: /powertool
[21:43:07] [Server thread/INFO]: Popey456963 issued server command: /op 41sentury
[21:43:07] [Server thread/INFO]: [Popey456963: Opped 41sentury]
[21:43:12] [Server thread/INFO]: Popey456963 issued server command: /tp 41 pop
[21:43:20] [Server thread/INFO]: Twiixtor issued server command: /gm 0
[21:43:21] [Server thread/INFO]: Twiixtor issued server command: /ci
[21:43:22] [Server thread/INFO]: dev: [Dev] Popey, [Dev] Twiixtor
[21:43:22] [Server thread/INFO]: member: [Member] minelittleyoshi, [Member] Raichu3000
[21:43:31] [Server thread/INFO]: 41sentury was slain by Popey456963
[21:43:35] [Server thread/INFO]: Popey456963 issued server command: /tp 41sentury Popey456963
[21:43:43] [Server thread/INFO]: Twiixtor issued server command: /tphere 41
[21:44:09] [Server thread/INFO]: dev: [Dev] Popey, [Dev] Twiixtor
[21:44:09] [Server thread/INFO]: member: [Member] minelittleyoshi, [Member] Raichu3000
[21:44:29] [Server thread/INFO]: Twiixtor issued server command: /i stick 1
[21:44:40] [Server thread/INFO]: Twiixtor issued server command: /enchant knockback 100
[21:44:52] [Server thread/INFO]: minelittleyoshi issued server command: /pt
[21:44:55] [Server thread/INFO]: dev: [Dev] Popey, [Dev] Twiixtor
[21:44:55] [Server thread/INFO]: member: [Member] minelittleyoshi, [Member] Raichu3000
[21:44:55] [Server thread/INFO]: minelittleyoshi issued server command: /pt fire
[21:44:58] [Server thread/INFO]: [PT] minelittleyoshi issued server command: /fire
[21:45:00] [Server thread/INFO]: [PT] minelittleyoshi issued server command: /fire
[21:45:01] [Server thread/INFO]: [PT] minelittleyoshi issued server command: /fire
[21:45:01] [Server thread/INFO]: [PT] minelittleyoshi issued server command: /fire
[21:45:01] [Server thread/INFO]: [PT] minelittleyoshi issued server command: /fire
[21:45:02] [Server thread/INFO]: [PT] minelittleyoshi issued server command: /fire
[21:45:03] [Server thread/INFO]: [PT] minelittleyoshi issued server command: /fire
[21:45:03] [Server thread/INFO]: [PT] minelittleyoshi issued server command: /fire
[21:45:03] [Server thread/INFO]: [PT] minelittleyoshi issued server command: /fire
[21:45:03] [Server thread/INFO]: [PT] minelittleyoshi issued server command: /fire
[21:45:03] [Server thread/INFO]: [PT] minelittleyoshi issued server command: /fire
[21:45:04] [Server thread/INFO]: [PT] minelittleyoshi issued server command: /fire
[21:45:04] [Server thread/INFO]: [PT] minelittleyoshi issued server command: /fire
[21:45:08] [Server thread/INFO]: minelittleyoshi issued server command: /pt setfore
[21:45:11] [Server thread/INFO]: minelittleyoshi issued server command: /pt setfire
[21:45:12] [Server thread/INFO]: [Dev] Twiixtor: POPEY
[21:45:15] [Server thread/INFO]: [Dev] Popey: LMAO
[21:45:16] [Server thread/INFO]: [Dev] Twiixtor: NO MORE MOUSE CLICKER FOR U
[21:45:24] [Server thread/INFO]: minelittleyoshi issued server command: /pt TNT
[21:45:25] [Server thread/INFO]: [PT] minelittleyoshi issued server command: /TNT
[21:45:26] [Server thread/INFO]: [PT] minelittleyoshi issued server command: /TNT
[21:45:27] [Server thread/INFO]: [Dev] Popey: Nooo! Mousey O' Clickster!
[21:45:28] [Server thread/INFO]: Twiixtor issued server command: /tphere 41
[21:45:34] [Server thread/INFO]: Twiixtor issued server command: /ci
[21:45:41] [Server thread/INFO]: Twiixtor issued server command: /i stick 1
[21:45:42] [Server thread/INFO]: dev: [Dev] Popey, [Dev] Twiixtor
[21:45:42] [Server thread/INFO]: member: [Member] minelittleyoshi, [Member] Raichu3000
[21:45:43] [Server thread/INFO]: Popey456963 issued server command: //set grass
[21:45:45] [Server thread/INFO]: Twiixtor issued server command: /gm 1
[21:45:50] [Server thread/INFO]: Popey456963 issued server command: //set grass
[21:46:00] [Server thread/INFO]: Twiixtor issued server command: /i stick 1
[21:46:07] [Server thread/INFO]: Twiixtor issued server command: /powertool smite
[21:46:09] [Server thread/INFO]: [PT] Twiixtor issued server command: /smite
[21:46:09] [Server thread/INFO]: [PT] Twiixtor issued server command: /smite
[21:46:09] [Server thread/INFO]: [PT] Twiixtor issued server command: /smite
[21:46:09] [Server thread/INFO]: [PT] Twiixtor issued server command: /smite
[21:46:09] [Server thread/INFO]: [PT] Twiixtor issued server command: /smite
[21:46:09] [Server thread/INFO]: [PT] Twiixtor issued server command: /smite
[21:46:09] [Server thread/INFO]: [PT] Twiixtor issued server command: /smite
[21:46:09] [Server thread/INFO]: [PT] Twiixtor issued server command: /smite
[21:46:10] [Server thread/INFO]: [PT] Twiixtor issued server command: /smite
[21:46:10] [Server thread/INFO]: 41sentury was struck by lightning
[21:46:10] [Server thread/INFO]: [PT] Twiixtor issued server command: /smite
[21:46:23] [Server thread/INFO]: 41sentury issued server command: /tp 41sentury minelittleyoshi
[21:46:28] [Server thread/INFO]: dev: [Dev] Popey, [Dev] Twiixtor
[21:46:28] [Server thread/INFO]: member: [Member] minelittleyoshi, [Member] Raichu3000
[21:46:35] [Server thread/INFO]: 41sentury issued server command: /gamemode 1
[21:46:59] [Server thread/INFO]: Popey456963 issued server command: /kick raichu
[21:47:06] [Server thread/INFO]: minelittleyoshi issued server command: /pt TNT
[21:47:10] [Server thread/INFO]: [PT] minelittleyoshi issued server command: /TNT
[21:47:15] [Server thread/INFO]: dev: [Dev] Popey, [Dev] Twiixtor
[21:47:15] [Server thread/INFO]: member: [Member] minelittleyoshi, [Member] Raichu3000
[21:47:24] [Server thread/INFO]: Twiixtor issued server command: //wand
[21:47:37] [Server thread/INFO]: [PT] minelittleyoshi issued server command: /TNT
[21:47:38] [Server thread/INFO]: CONSOLE issued server command: /kick raichu
[21:47:38] [Server thread/INFO]: Raichu3000 left the game.
[21:47:38] [Server thread/INFO]: [PT] minelittleyoshi issued server command: /TNT
[21:47:38] [Server thread/INFO]: [PT] minelittleyoshi issued server command: /TNT
[21:47:39] [Server thread/INFO]: [PT] minelittleyoshi issued server command: /TNT
[21:47:39] [Server thread/INFO]: [PT] minelittleyoshi issued server command: /TNT
[21:47:39] [Server thread/INFO]: [PT] minelittleyoshi issued server command: /TNT
[21:47:39] [Server thread/INFO]: [PT] minelittleyoshi issued server command: /TNT
[21:47:39] [Server thread/INFO]: [PT] minelittleyoshi issued server command: /TNT
[21:47:39] [Server thread/INFO]: [PT] minelittleyoshi issued server command: /TNT
[21:47:40] [Server thread/INFO]: [PT] minelittleyoshi issued server command: /TNT
[21:47:45] [Server thread/INFO]: Twiixtor issued server command: //expand vert
[21:47:46] [Server thread/INFO]: [PT] minelittleyoshi issued server command: /TNT
[21:47:48] [Server thread/INFO]: [PT] minelittleyoshi issued server command: /TNT
[21:47:48] [Server thread/INFO]: [PT] minelittleyoshi issued server command: /TNT
[21:47:48] [Server thread/INFO]: [PT] minelittleyoshi issued server command: /TNT
[21:47:48] [Server thread/INFO]: [PT] minelittleyoshi issued server command: /TNT
[21:47:48] [Server thread/INFO]: [PT] minelittleyoshi issued server command: /TNT
[21:47:48] [Server thread/INFO]: [PT] minelittleyoshi issued server command: /TNT
[21:47:49] [Server thread/INFO]: [PT] minelittleyoshi issued server command: /TNT
[21:47:49] [Server thread/INFO]: [PT] minelittleyoshi issued server command: /TNT
[21:47:49] [Server thread/INFO]: [PT] minelittleyoshi issued server command: /TNT
[21:47:49] [Server thread/INFO]: [PT] minelittleyoshi issued server command: /TNT
[21:47:49] [Server thread/INFO]: [PT] minelittleyoshi issued server command: /TNT
[21:47:49] [Server thread/INFO]: [PT] minelittleyoshi issued server command: /TNT
[21:47:50] [Server thread/INFO]: [PT] minelittleyoshi issued server command: /TNT
[21:47:50] [Server thread/INFO]: [PT] minelittleyoshi issued server command: /TNT
[21:47:50] [Server thread/INFO]: [PT] minelittleyoshi issued server command: /TNT
[21:47:50] [Server thread/INFO]: [PT] minelittleyoshi issued server command: /TNT
[21:47:54] [Server thread/INFO]: [PT] minelittleyoshi issued server command: /TNT
[21:47:54] [Server thread/INFO]: [PT] minelittleyoshi issued server command: /TNT
[21:47:55] [Server thread/INFO]: Raichu3000 issued server command: /kick minelittleyoshi
[21:47:56] [Server thread/INFO]: [PT] minelittleyoshi issued server command: /TNT
[21:48:00] [Server thread/INFO]: Popey456963 issued server command: /tp twi
[21:48:01] [Server thread/INFO]: dev: [Dev] Popey, [Dev] Twiixtor
[21:48:01] [Server thread/INFO]: member: [Member] minelittleyoshi, [Member] Raichu3000
[21:48:06] [Server thread/INFO]: Twiixtor issued server command: //undo
[21:48:16] [Server thread/INFO]: [PT] minelittleyoshi issued server command: /TNT
[21:48:47] [Server thread/INFO]: Popey456963 issued server command: /walls red
[21:48:48] [Server thread/INFO]: dev: [Dev] Popey, [Dev] Twiixtor
[21:48:48] [Server thread/INFO]: member: [Member] minelittleyoshi, [Member] Raichu3000
[21:48:49] [Server thread/INFO]: Popey456963 issued server command: /walls red_wool
[21:48:52] [Server thread/INFO]: Popey456963 issued server command: /walls wool:red
[21:48:56] [Server thread/INFO]: Popey456963 issued server command: //walls wool:red
[21:49:10] [Server thread/INFO]: Popey456963 issued server command: //walls wool:red
[21:49:14] [Server thread/INFO]: Popey456963 issued server command: //walls wool:red
[21:49:21] [Server thread/INFO]: Popey456963 issued server command: /tpall popey
[21:49:34] [Server thread/INFO]: dev: [Dev] Popey, [Dev] Twiixtor
[21:49:34] [Server thread/INFO]: member: [Member] minelittleyoshi, [Member] Raichu3000
[21:49:43] [Server thread/INFO]: Popey456963 issued server command: //expand top
[21:49:47] [Server thread/INFO]: Popey456963 issued server command: //expand 100 up
[21:49:49] [Server thread/INFO]: Popey456963 issued server command: //expand 100 down
[21:50:04] [Server thread/INFO]: Popey456963 issued server command: /speed 4
[21:50:12] [Server thread/INFO]: Popey456963 issued server command: //copy
[21:50:15] [Server thread/INFO]: Twiixtor issued server command: //cut
[21:50:18] [Server thread/INFO]: Popey456963 issued server command: //paste
[21:50:19] [Server thread/INFO]: Twiixtor issued server command: //paste
[21:50:21] [Server thread/INFO]: dev: [Dev] Popey, [Dev] Twiixtor
[21:50:21] [Server thread/INFO]: member: [Member] minelittleyoshi, [Member] Raichu3000
[21:50:33] [Server thread/INFO]: Twiixtor issued server command: //set grass
[21:51:08] [Server thread/INFO]: dev: [Dev] Popey, [Dev] Twiixtor
[21:51:08] [Server thread/INFO]: member: [Member] minelittleyoshi, [Member] Raichu3000
[21:51:50] [Server thread/INFO]: Twiixtor issued server command: //hcyl 44 5
[21:51:54] [Server thread/INFO]: dev: [Dev] Popey, [Dev] Twiixtor
[21:51:54] [Server thread/INFO]: member: [Member] minelittleyoshi, [Member] Raichu3000
[21:52:02] [Server thread/INFO]: Popey456963 issued server command: /speed 1
[21:52:18] [Server thread/INFO]: Popey456963 issued server command: /speed 2
[21:52:41] [Server thread/INFO]: dev: [Dev] Popey, [Dev] Twiixtor
[21:52:41] [Server thread/INFO]: member: [Member] minelittleyoshi, [Member] Raichu3000
[21:53:16] [Server thread/INFO]: Popey456963 issued server command: //paste
[21:53:21] [Server thread/INFO]: Popey456963 issued server command: //undo
[21:53:27] [Server thread/INFO]: dev: [Dev] Popey, [Dev] Twiixtor
[21:53:27] [Server thread/INFO]: member: [Member] minelittleyoshi, [Member] Raichu3000
[21:53:41] [Server thread/INFO]: [Dev] Popey: GG TS?
[21:53:47] [Server thread/INFO]: [Dev] Twiixtor: We can hear u
[21:54:14] [Server thread/INFO]: dev: [Dev] Popey, [Dev] Twiixtor
[21:54:14] [Server thread/INFO]: member: [Member] minelittleyoshi, [Member] Raichu3000
[21:55:00] [Server thread/INFO]: dev: [Dev] Popey, [Dev] Twiixtor
[21:55:00] [Server thread/INFO]: member: [Member] minelittleyoshi, [Member] Raichu3000
[21:55:02] [Server thread/INFO]: [Dev] Popey: GG teamspeak again :@P
[21:55:24] [Server thread/INFO]: Twiixtor issued server command: //sand
[21:55:29] [Server thread/INFO]: Twiixtor issued server command: //set sand
[21:55:33] [Server thread/INFO]: Twiixtor issued server command: //set sand
[21:55:36] [Server thread/INFO]: Twiixtor issued server command: //set sand
[21:55:42] [Server thread/INFO]: Twiixtor issued server command: //set sand
[21:55:44] [Server thread/INFO]: Twiixtor issued server command: //set sand
[21:55:47] [Server thread/INFO]: dev: [Dev] Popey, [Dev] Twiixtor
[21:55:47] [Server thread/INFO]: member: [Member] minelittleyoshi, [Member] Raichu3000
[21:56:33] [Server thread/INFO]: dev: [Dev] Popey, [Dev] Twiixtor
[21:56:33] [Server thread/INFO]: member: [Member] minelittleyoshi, [Member] Raichu3000
[21:56:57] [Server thread/INFO]: Twiixtor issued server command: /drain 2
[21:56:59] [Server thread/INFO]: Twiixtor issued server command: /drain 2
[21:57:00] [Server thread/INFO]: Twiixtor issued server command: //drain 2
[21:57:20] [Server thread/INFO]: dev: [Dev] Popey, [Dev] Twiixtor
[21:57:20] [Server thread/INFO]: member: [Member] minelittleyoshi, [Member] Raichu3000
[21:57:22] [Server thread/INFO]: Twiixtor issued server command: //drain 2
[21:57:25] [Server thread/INFO]: Twiixtor issued server command: //drain 2
[21:57:40] [Server thread/INFO]: Popey456963 issued server command: /time set day
[21:58:07] [Server thread/INFO]: dev: [Dev] Popey, [Dev] Twiixtor
[21:58:07] [Server thread/INFO]: member: [Member] minelittleyoshi, [Member] Raichu3000
[21:58:53] [Server thread/INFO]: dev: [Dev] Popey, [Dev] Twiixtor
[21:58:53] [Server thread/INFO]: member: [Member] minelittleyoshi, [Member] Raichu3000
[21:59:40] [Server thread/INFO]: dev: [Dev] Popey, [Dev] Twiixtor
[21:59:40] [Server thread/INFO]: member: [Member] minelittleyoshi, [Member] Raichu3000
[22:00:12] [Server thread/INFO]: Popey456963 issued server command: //expand 20 up
[22:00:14] [Server thread/INFO]: Popey456963 issued server command: //cut
[22:00:24] [Server thread/INFO]: Popey456963 issued server command: //paste
[22:00:26] [Server thread/INFO]: dev: [Dev] Popey, [Dev] Twiixtor
[22:00:26] [Server thread/INFO]: member: [Member] minelittleyoshi, [Member] Raichu3000
[22:00:37] [Server thread/INFO]: Twiixtor issued server command: /i fence 1
[22:00:40] [Server thread/INFO]: Twiixtor issued server command: /i leaf 1
[22:01:00] [Server thread/INFO]: Popey456963 issued server command: //paste
[22:01:13] [Server thread/INFO]: dev: [Dev] Popey, [Dev] Twiixtor
[22:01:13] [Server thread/INFO]: member: [Member] minelittleyoshi, [Member] Raichu3000
[22:01:49] [Server thread/INFO]: [Member] minelittleyoshi: wtf
[22:01:51] [Server thread/INFO]: Twiixtor issued server command: /kit fireworks
[22:01:52] [Server thread/INFO]: [Member] minelittleyoshi: NO
[22:01:53] [Server thread/INFO]: Twiixtor issued server command: /kit firework
[22:01:59] [Server thread/INFO]: dev: [Dev] Popey, [Dev] Twiixtor
[22:01:59] [Server thread/INFO]: member: [Member] minelittleyoshi, [Member] Raichu3000
[22:02:46] [Server thread/INFO]: [Dev] Popey: Raichu Votes -
[22:02:46] [Server thread/INFO]: dev: [Dev] Popey, [Dev] Twiixtor
[22:02:46] [Server thread/INFO]: member: [Member] minelittleyoshi, [Member] Raichu3000
[22:02:48] [Server thread/INFO]: [Dev] Twiixtor: 7/10
[22:02:49] [Server thread/INFO]: [Member] Raichu3000: 10
[22:02:59] [Server thread/INFO]: [Mod] 41sentury: 6
[22:03:14] [Server thread/INFO]: [Dev] Popey: Raichu 7.6
[22:03:23] [Server thread/INFO]: [Dev] Popey: Drake Votes -
[22:03:26] [Server thread/INFO]: [Member] Raichu3000: 3
[22:03:28] [Server thread/INFO]: Popey456963 issued server command: /vote
[22:03:32] [Server thread/INFO]: dev: [Dev] Popey, [Dev] Twiixtor
[22:03:32] [Server thread/INFO]: member: [Member] minelittleyoshi, [Member] Raichu3000
[22:03:43] [Server thread/INFO]: [Dev] Twiixtor: 6.9/10
[22:04:17] [Server thread/INFO]: [Member] Raichu3000: 4
[22:04:17] [Server thread/INFO]: [Dev] Popey: Twiixtors -
[22:04:19] [Server thread/INFO]: dev: [Dev] Popey, [Dev] Twiixtor
[22:04:19] [Server thread/INFO]: member: [Member] minelittleyoshi, [Member] Raichu3000
[22:04:28] [Server thread/INFO]: [Member] Raichu3000: 1*
[22:04:37] [Server thread/INFO]: [Member] Raichu3000: 4
[22:04:53] [Server thread/INFO]: [Mod] 41sentury: 6
[22:04:59] [Server thread/INFO]: [Member] minelittleyoshi: stop
[22:05:03] [Server thread/INFO]: [Member] minelittleyoshi: let me finished
[22:05:05] [Server thread/INFO]: dev: [Dev] Popey, [Dev] Twiixtor
[22:05:05] [Server thread/INFO]: member: [Member] minelittleyoshi, [Member] Raichu3000
[22:05:25] [Server thread/INFO]: [Dev] Popey: PVP Arena Votes -
[22:05:29] [Server thread/INFO]: [Dev] Popey: CAN'T VOTE FOR SELF
[22:05:52] [Server thread/INFO]: dev: [Dev] Popey, [Dev] Twiixtor
[22:05:52] [Server thread/INFO]: member: [Member] minelittleyoshi, [Member] Raichu3000
[22:06:26] [Server thread/INFO]: [Dev] Popey: Twixitor
[22:06:39] [Server thread/INFO]: dev: [Dev] Popey, [Dev] Twiixtor
[22:06:39] [Server thread/INFO]: member: [Member] minelittleyoshi, [Member] Raichu3000
[22:07:03] [Server thread/INFO]: Twiixtor issued server command: //hcyl leaf 8
[22:07:10] [Server thread/INFO]: Twiixtor issued server command: //undo
[22:07:15] [Server thread/INFO]: Twiixtor issued server command: //hcyl leaf 10
[22:07:24] [Server thread/INFO]: [Member] minelittleyoshi: i fucked it up
[22:07:24] [Server thread/INFO]: Popey456963 issued server command: //expand 20 up
[22:07:25] [Server thread/INFO]: dev: [Dev] Popey, [Dev] Twiixtor
[22:07:25] [Server thread/INFO]: member: [Member] minelittleyoshi, [Member] Raichu3000
[22:07:28] [Server thread/INFO]: Popey456963 issued server command: //expand 20 down
[22:07:30] [Server thread/INFO]: [Member] minelittleyoshi: for fuck sake
[22:07:52] [Server thread/INFO]: [Dev] Popey: y//copy
[22:07:55] [Server thread/INFO]: Popey456963 issued server command: //copy
[22:08:12] [Server thread/INFO]: dev: [Dev] Popey, [Dev] Twiixtor
[22:08:12] [Server thread/INFO]: member: [Member] minelittleyoshi, [Member] Raichu3000
[22:08:17] [Server thread/INFO]: Popey456963 issued server command: //paste
[22:08:58] [Server thread/INFO]: dev: [Dev] Popey, [Dev] Twiixtor
[22:08:58] [Server thread/INFO]: member: [Member] minelittleyoshi, [Member] Raichu3000
[22:09:45] [Server thread/INFO]: dev: [Dev] Popey, [Dev] Twiixtor
[22:09:45] [Server thread/INFO]: member: [Member] minelittleyoshi, [Member] Raichu3000
[22:09:55] [Server thread/INFO]: Twiixtor issued server command: /tphere 41
[22:10:31] [Server thread/INFO]: dev: [Dev] Popey, [Dev] Twiixtor
[22:10:31] [Server thread/INFO]: member: [Member] minelittleyoshi, [Member] Raichu3000
[22:11:18] [Server thread/INFO]: Twiixtor issued server command: /antioch
[22:11:18] [Server thread/INFO]: dev: [Dev] Popey, [Dev] Twiixtor
[22:11:18] [Server thread/INFO]: member: [Member] minelittleyoshi, [Member] Raichu3000
[22:11:29] [Server thread/INFO]: Twiixtor issued server command: //expand down
[22:11:33] [Server thread/INFO]: Twiixtor issued server command: //expand down
[22:11:51] [Server thread/INFO]: [Dev] Popey: EskimoHD
[22:12:04] [Server thread/INFO]: dev: [Dev] Popey, [Dev] Twiixtor
[22:12:04] [Server thread/INFO]: member: [Member] EskimoHD, [Member] minelittleyoshi, [Member] Raichu3000
[22:12:32] [Server thread/INFO]: Popey456963 issued server command: /op EskimoHD
[22:12:32] [Server thread/INFO]: [Popey456963: Opped EskimoHD]
[22:12:43] [Server thread/INFO]: EskimoHD issued server command: /tp eskimohd Popey456963
[22:12:51] [Server thread/INFO]: dev: [Dev] Popey, [Dev] Twiixtor
[22:12:51] [Server thread/INFO]: member: [Member] EskimoHD, [Member] minelittleyoshi, [Member] Raichu3000
[22:12:54] [Server thread/INFO]: Twiixtor issued server command: /reload
[22:12:54] [Server thread/INFO]: Twiixtor: If you encounter any issues please use the /stop command to restart your server.
[22:12:54] [Server thread/INFO]: [Multiverse-Portals] Disabling Multiverse-Portals v2.4-b548
[22:12:54] [Server thread/INFO]: [Multiverse-NetherPortals] Disabling Multiverse-NetherPortals v2.4-b530
[22:12:54] [Server thread/INFO]: [MultiVerse-NetherPortals] - Disabled
[22:12:54] [Server thread/INFO]: [CraftBook] Disabling CraftBook v3.9-SNAPSHOT
[22:12:54] [Server thread/INFO]: [MobArena] Disabling MobArena v0.97.1
[22:12:54] [Server thread/INFO]: [MobArena] disabled.
[22:12:54] [Server thread/INFO]: [Minigames] Disabling Minigames v1.7.0
[22:12:54] [Server thread/INFO]: Minigames successfully disabled.
[22:12:54] [Server thread/INFO]: [HeavySpleef] Disabling HeavySpleef v2.1.1
[22:12:54] [Server thread/INFO]: [EssentialsProtect] Disabling EssentialsProtect vTeamCity
[22:12:54] [Server thread/INFO]: [OnTime] Disabling OnTime v4.1.3
[22:12:54] [Server thread/INFO]: [Multiverse-Core] Disabling Multiverse-Core v2.4-b527
[22:12:54] [Server thread/INFO]: [Multiverse-Core] - Disabled
[22:12:54] [Server thread/INFO]: [WorldGuard] Disabling WorldGuard v6.1
[22:12:54] [Server thread/INFO]: [WorldGuard] Shutting down executor and waiting for any pending tasks...
[22:12:54] [Server thread/INFO]: [EssentialsSpawn] Disabling EssentialsSpawn vTeamCity
[22:12:54] [Server thread/INFO]: [Vault] Disabling Vault v1.5.6-b49
[22:12:54] [Server thread/INFO]: [VoxelSniper] Disabling VoxelSniper v7.1.0
[22:12:54] [Server thread/INFO]: [Essentials] Disabling Essentials vTeamCity
[22:12:54] [Server thread/INFO]: [WorldEdit] Disabling WorldEdit v5.6.1
[22:12:57] [Server thread/INFO]: [WorldEdit] Loading WorldEdit v5.6.1
[22:12:57] [Server thread/INFO]: [Essentials] Loading Essentials vTeamCity
[22:12:57] [Server thread/INFO]: [VoxelSniper] Loading VoxelSniper v7.1.0
[22:12:57] [Server thread/INFO]: [Vault] Loading Vault v1.5.6-b49
[22:12:57] [Server thread/INFO]: [EssentialsSpawn] Loading EssentialsSpawn vTeamCity
[22:12:57] [Server thread/INFO]: [WorldGuard] Loading WorldGuard v6.1
[22:12:57] [Server thread/INFO]: [Multiverse-Core] Loading Multiverse-Core v2.4-b527
[22:12:57] [Server thread/INFO]: [OnTime] Loading OnTime v4.1.3
[22:12:57] [Server thread/INFO]: [EssentialsProtect] Loading EssentialsProtect vTeamCity
[22:12:57] [Server thread/INFO]: [HeavySpleef] Loading HeavySpleef v2.1.1
[22:12:57] [Server thread/INFO]: [Minigames] Loading Minigames v1.7.0
[22:12:57] [Server thread/INFO]: [MobArena] Loading MobArena v0.97.1
[22:12:57] [Server thread/INFO]: [CraftBook] Loading CraftBook v3.9-SNAPSHOT
[22:12:57] [Server thread/INFO]: [Multiverse-NetherPortals] Loading Multiverse-NetherPortals v2.4-b530
[22:12:57] [Server thread/INFO]: [Multiverse-Portals] Loading Multiverse-Portals v2.4-b548
[22:12:57] [Server thread/INFO]: [Vault] Enabling Vault v1.5.6-b49
[22:12:57] [Server thread/INFO]: [WorldEdit] Enabling WorldEdit v5.6.1
[22:12:57] [Server thread/INFO]: [Essentials] Enabling Essentials vTeamCity
[22:12:57] [Server thread/INFO]: git-Bukkit-9935adc (MC: 1.8.8)
[22:12:57] [Server thread/INFO]: 1.8.8-R0.1-SNAPSHOT
[22:12:57] [Server thread/INFO]: Using locale en_GB
[22:12:57] [Server thread/INFO]: Using locale en_GB
[22:12:57] [Server thread/INFO]: [VoxelSniper] Enabling VoxelSniper v7.1.0
[22:12:57] [Server thread/INFO]: [EssentialsSpawn] Enabling EssentialsSpawn vTeamCity
[22:12:57] [Server thread/INFO]: [WorldGuard] Enabling WorldGuard v6.1
[22:12:57] [Server thread/INFO]: [WorldGuard] (TEST) Lighters are PERMITTED.
[22:12:57] [Server thread/INFO]: [WorldGuard] (TEST) Lava fire is blocked.
[22:12:57] [Server thread/INFO]: [WorldGuard] (TEST) Fire spread is UNRESTRICTED.
[22:12:57] [Server thread/INFO]: [WorldGuard] (TEST_nether) Lighters are PERMITTED.
[22:12:57] [Server thread/INFO]: [WorldGuard] (TEST_nether) Lava fire is blocked.
[22:12:57] [Server thread/INFO]: [WorldGuard] (TEST_nether) Fire spread is UNRESTRICTED.
[22:12:57] [Server thread/INFO]: [WorldGuard] (TEST_the_end) Lighters are PERMITTED.
[22:12:57] [Server thread/INFO]: [WorldGuard] (TEST_the_end) Lava fire is blocked.
[22:12:57] [Server thread/INFO]: [WorldGuard] (TEST_the_end) Fire spread is UNRESTRICTED.
[22:12:57] [Server thread/INFO]: [WorldGuard] (lobby) Lighters are PERMITTED.
[22:12:57] [Server thread/INFO]: [WorldGuard] (lobby) Lava fire is blocked.
[22:12:57] [Server thread/INFO]: [WorldGuard] (lobby) Fire spread is UNRESTRICTED.
[22:12:57] [Server thread/INFO]: [WorldGuard] (minigames) Lighters are PERMITTED.
[22:12:57] [Server thread/INFO]: [WorldGuard] (minigames) Lava fire is blocked.
[22:12:57] [Server thread/INFO]: [WorldGuard] (minigames) Fire spread is UNRESTRICTED.
[22:12:58] [Server thread/INFO]: [Multiverse-Core] Enabling Multiverse-Core v2.4-b527
[22:12:58] [Server thread/INFO]: [Multiverse-Core] Loading World & Settings - 'TEST' - Env: NORMAL - Type: NORMAL & seed: -2024018835920597302
[22:12:58] [Server thread/INFO]: [Multiverse-Core] Loading World & Settings - 'TEST_nether' - Env: NETHER - Type: NORMAL & seed: -2024018835920597302
[22:12:58] [Server thread/INFO]: [Multiverse-Core] Loading World & Settings - 'TEST_the_end' - Env: THE_END - Type: NORMAL & seed: -2024018835920597302
[22:12:58] [Server thread/INFO]: [Multiverse-Core] Loading World & Settings - 'lobby' - Env: NORMAL - Type: NORMAL & seed: -3770714656453924402
[22:12:59] [Server thread/INFO]: [Multiverse-Core] Loading World & Settings - 'minigames' - Env: NORMAL - Type: FLAT & seed: 2973644325369467684
[22:12:59] [Server thread/INFO]: [Multiverse-Core] 5 - World(s) loaded.
[22:12:59] [Server thread/INFO]: [OnTime] Enabling OnTime v4.1.3
[22:12:59] [Server thread/INFO]: [EssentialsProtect] Enabling EssentialsProtect vTeamCity
[22:12:59] [Server thread/INFO]: [HeavySpleef] Enabling HeavySpleef v2.1.1
[22:12:59] [Server thread/INFO]: [Minigames] Enabling Minigames v1.7.0
[22:12:59] [Server thread/INFO]: [Minigames] Using lang en_AU
[22:12:59] [Server thread/INFO]: Minigames successfully enabled.
[22:12:59] [Server thread/INFO]: [MobArena] Enabling MobArena v0.97.1
[22:12:59] [Server thread/INFO]: [MobArena] Loaded arena 'default'
[22:12:59] [Server thread/INFO]: [MobArena] Loaded arena 'god-arena'
[22:12:59] [Server thread/INFO]: [MobArena] v0.97.1 enabled.
[22:12:59] [Server thread/INFO]: [CraftBook] Enabling CraftBook v3.9-SNAPSHOT
[22:12:59] [Server thread/INFO]: [CraftBook] Successfully added 1 CommandItems!
[22:12:59] [Server thread/INFO]: [CraftBook] Registered 3 custom recipes!
[22:12:59] [Server thread/INFO]: [CraftBook] 3588 chunk(s) for 5 world(s) processed (8ms elapsed)
[22:12:59] [Server thread/INFO]: [Multiverse-NetherPortals] Enabling Multiverse-NetherPortals v2.4-b530
[22:12:59] [Server thread/INFO]: [Multiverse-Portals] Enabling Multiverse-Portals v2.4-b548
[22:13:00] [Server thread/INFO]: [Multiverse-Portals]  1 - Portals(s) loaded
[22:13:00] [Server thread/INFO]: Twiixtor: Reload complete.
[22:13:01] [Server thread/INFO]: 41sentury left the game.
[22:13:01] [Server thread/INFO]: minelittleyoshi left the game.
[22:13:01] [Server thread/INFO]: Twiixtor issued server command: /mv import
[22:13:07] [Server thread/INFO]: Twiixtor issued server command: /mv import normal skyscraper
[22:13:09] [Server thread/INFO]: Popey456963 issued server command: //expand 20 up
[22:13:12] [Server thread/INFO]: Raichu3000 issued server command: /gamemode 1
[22:13:14] [Server thread/INFO]: Twiixtor issued server command: /mv import Skyscraper normal
[22:13:14] [Server thread/INFO]: Twiixtor: Starting import of world 'Skyscraper'...
[22:13:14] [Server thread/INFO]: [Multiverse-Core] Loading World & Settings - 'Skyscraper' - Env: NORMAL - Type: null
[22:13:14] [Server thread/INFO]: [WorldGuard] (Skyscraper) Lighters are PERMITTED.
[22:13:14] [Server thread/INFO]: [WorldGuard] (Skyscraper) Lava fire is blocked.
[22:13:14] [Server thread/INFO]: [WorldGuard] (Skyscraper) Fire spread is UNRESTRICTED.
[22:13:14] [Server thread/INFO]: Twiixtor: Complete!
[22:13:17] [Server thread/INFO]: Twiixtor issued server command: /mv tp Skyscraper
[22:13:20] [Server thread/INFO]: Raichu3000 issued server command: /gamemode 0
[22:13:22] [Server thread/INFO]: Popey456963 issued server command: //expand 40 up
[22:13:22] [Server thread/INFO]: minelittleyoshi issued server command: /gamemode 1
[22:13:23] [Server thread/INFO]: Popey456963 issued server command: //set 0
[22:13:26] [Server thread/INFO]: EskimoHD issued server command: /gamemode c
[22:13:27] [Server thread/INFO]: [Dev] Twiixtor: ./mvtp Skyscraper
[22:13:27] [Server thread/INFO]: Popey456963 issued server command: //expand 20 up
[22:13:28] [Server thread/INFO]: [Dev] Twiixtor: hello
[22:13:29] [Server thread/INFO]: Popey456963 issued server command: //set 0
[22:13:30] [Server thread/INFO]: Raichu3000 issued server command: /gamemode 1
[22:13:37] [Server thread/INFO]: Popey456963 issued server command: //set grass
[22:13:37] [Server thread/INFO]: dev: [Dev] Popey, [Dev] Twiixtor
[22:13:37] [Server thread/INFO]: member: [Member] EskimoHD, [Member] minelittleyoshi, [Member] Raichu3000
[22:13:54] [Server thread/INFO]: Twiixtor issued server command: /tphere pop
[22:13:56] [Server thread/INFO]: [Member] minelittleyoshi: my fountain
[22:14:08] [Server thread/INFO]: Twiixtor issued server command: /i compass 1
[22:14:12] [Server thread/INFO]: [Member] minelittleyoshi: i rushed it last time and i messed it up
[22:14:13] [Server thread/INFO]: 41sentury issued server command: /gamemode 1
[22:14:24] [Server thread/INFO]: dev: [Dev] Popey, [Dev] Twiixtor
[22:14:24] [Server thread/INFO]: member: [Member] EskimoHD, [Member] minelittleyoshi, [Member] Raichu3000
[22:14:58] [Server thread/INFO]: [Member] Raichu3000: WE ARE DONE BUILDING
[22:15:02] [Server thread/INFO]: [Member] Raichu3000: IT WAS A COMPETETION
[22:15:05] [Server thread/INFO]: [Member] Raichu3000: FOR THE ARENA
[22:15:11] [Server thread/INFO]: dev: [Dev] Popey, [Dev] Twiixtor
[22:15:11] [Server thread/INFO]: member: [Member] EskimoHD, [Member] minelittleyoshi, [Member] Raichu3000
[22:15:12] [Server thread/INFO]: [Member] minelittleyoshi: no
[22:15:19] [Server thread/INFO]: [Dev] Popey: We are probably going to use them all
[22:15:20] [Server thread/INFO]: [Dev] Popey: At some point.
[22:15:21] [Server thread/INFO]: [Member] minelittleyoshi: if popey wants to copy mine
[22:15:26] [Server thread/INFO]: [Member] minelittleyoshi: i need to make it working
[22:15:28] [Server thread/INFO]: Popey456963 issued server command: /back
[22:15:33] [Server thread/INFO]: [Member] minelittleyoshi: i rushed and messed it up
[22:15:34] [Server thread/INFO]: Twiixtor issued server command: /hsphere glass 5
[22:15:39] [Server thread/INFO]: Twiixtor issued server command: //hsphere glass 5
[22:15:50] [Server thread/INFO]: Twiixtor issued server command: /tpall
[22:15:50] [Server thread/INFO]: Popey456963 issued server command: //expand 10 up
[22:15:54] [Server thread/INFO]: Popey456963 issued server command: /back
[22:15:56] [Server thread/INFO]: [Member] minelittleyoshi: wtf
[22:15:57] [Server thread/INFO]: dev: [Dev] Popey, [Dev] Twiixtor
[22:15:57] [Server thread/INFO]: member: [Member] EskimoHD, [Member] minelittleyoshi, [Member] Raichu3000
[22:15:58] [Server thread/INFO]: Raichu3000 issued server command: /gamemode 1
[22:16:04] [Server thread/INFO]: Popey456963 issued server command: //expand 10 up
[22:16:07] [Server thread/INFO]: EskimoHD fell from a high place
[22:16:09] [Server thread/INFO]: Twiixtor issued server command: //undo
[22:16:09] [Server thread/INFO]: Popey456963 issued server command: //copy
[22:16:22] [Server thread/INFO]: Twiixtor issued server command: /mv tp mg
[22:16:24] [Server thread/INFO]: Popey456963 issued server command: //set 0
[22:16:29] [Server thread/INFO]: Popey456963 issued server command: //set 0
[22:16:32] [Server thread/INFO]: Popey456963 issued server command: //set grass
[22:16:33] [Server thread/INFO]: minelittleyoshi issued server command: /tp
[22:16:35] [Server thread/INFO]: minelittleyoshi issued server command: /tp popey
[22:16:42] [Server thread/INFO]: Twiixtor issued server command: /tpall
[22:16:44] [Server thread/INFO]: dev: [Dev] Popey, [Dev] Twiixtor
[22:16:44] [Server thread/INFO]: member: [Member] EskimoHD, [Member] minelittleyoshi, [Member] Raichu3000
[22:16:53] [Server thread/INFO]: Popey456963 issued server command: //copy
[22:16:54] [Server thread/INFO]: EskimoHD issued server command: /gamemode c
[22:17:16] [Server thread/INFO]: Popey456963 issued server command: //set 0
[22:17:19] [Server thread/INFO]: Popey456963 issued server command: //undo
[22:17:29] [Server thread/INFO]: Popey456963 issued server command: //expand 20 up
[22:17:30] [Server thread/INFO]: dev: [Dev] Popey, [Dev] Twiixtor
[22:17:30] [Server thread/INFO]: member: [Member] EskimoHD, [Member] minelittleyoshi, [Member] Raichu3000
[22:17:35] [Server thread/INFO]: Popey456963 issued server command: //copy
[22:17:48] [Server thread/INFO]: Popey456963 issued server command: //set 0
[22:17:51] [Server thread/INFO]: Raichu3000 issued server command: /gamemode
[22:17:52] [Server thread/INFO]: Popey456963 issued server command: //set 0
[22:18:00] [Server thread/INFO]: Popey456963 issued server command: //expand 15 up
[22:18:01] [Server thread/INFO]: Raichu3000 issued server command: /gamemode 1
[22:18:02] [Server thread/INFO]: Popey456963 issued server command: //copy
[22:18:08] [Server thread/INFO]: Popey456963 issued server command: //set 0
[22:18:09] [Server thread/INFO]: Twiixtor issued server command: /time day
[22:18:17] [Server thread/INFO]: dev: [Dev] Popey, [Dev] Twiixtor
[22:18:17] [Server thread/INFO]: member: [Member] EskimoHD, [Member] minelittleyoshi, [Member] Raichu3000
[22:18:59] [Server thread/INFO]: Popey456963 issued server command: //set grass
[22:19:03] [Server thread/INFO]: dev: [Dev] Popey, [Dev] Twiixtor
[22:19:03] [Server thread/INFO]: member: [Member] EskimoHD, [Member] minelittleyoshi, [Member] Raichu3000
[22:19:07] [Server thread/INFO]: Popey456963 issued server command: //set grass
[22:19:08] [Server thread/INFO]: Twiixtor issued server command: //cyl 35:7 10
[22:19:23] [Server thread/INFO]: Twiixtor issued server command: //cyl 35:7 8
[22:19:31] [Server thread/INFO]: Twiixtor issued server command: //cyl 35:8 8
[22:19:42] [Server thread/INFO]: Twiixtor issued server command: //cyl 35 6
[22:19:48] [Server thread/INFO]: Twiixtor issued server command: //undo
[22:19:50] [Server thread/INFO]: dev: [Dev] Popey, [Dev] Twiixtor
[22:19:50] [Server thread/INFO]: member: [Member] EskimoHD, [Member] minelittleyoshi, [Member] Raichu3000
[22:19:53] [Server thread/INFO]: Twiixtor issued server command: //hcyl 35 6
[22:20:36] [Server thread/INFO]: dev: [Dev] Popey, [Dev] Twiixtor
[22:20:36] [Server thread/INFO]: member: [Member] EskimoHD, [Member] minelittleyoshi, [Member] Raichu3000
[22:21:23] [Server thread/INFO]: dev: [Dev] Popey, [Dev] Twiixtor
[22:21:23] [Server thread/INFO]: member: [Member] EskimoHD, [Member] minelittleyoshi, [Member] Raichu3000
[22:22:10] [Server thread/INFO]: dev: [Dev] Popey, [Dev] Twiixtor
[22:22:10] [Server thread/INFO]: member: [Member] EskimoHD, [Member] minelittleyoshi, [Member] Raichu3000
[22:22:56] [Server thread/INFO]: dev: [Dev] Popey, [Dev] Twiixtor
[22:22:56] [Server thread/INFO]: member: [Member] EskimoHD, [Member] minelittleyoshi, [Member] Raichu3000
[22:22:59] [Server thread/INFO]: [Dev] Popey: I think my TS has broken
[22:23:01] [Server thread/INFO]: [Dev] Popey: Are you guys talking?
[22:23:43] [Server thread/INFO]: dev: [Dev] Popey, [Dev] Twiixtor
[22:23:43] [Server thread/INFO]: member: [Member] EskimoHD, [Member] minelittleyoshi, [Member] Raichu3000
[22:23:53] [Server thread/INFO]: Twiixtor issued server command: //cut
[22:23:55] [Server thread/INFO]: Twiixtor issued server command: //paste
[22:24:18] [Server thread/INFO]: [PT] minelittleyoshi issued server command: /TNT
[22:24:19] [Server thread/INFO]: [PT] minelittleyoshi issued server command: /TNT
[22:24:27] [Server thread/INFO]: [Member] minelittleyoshi: sozz
[22:24:29] [Server thread/INFO]: dev: [Dev] Popey, [Dev] Twiixtor
[22:24:29] [Server thread/INFO]: member: [Member] EskimoHD, [Member] minelittleyoshi, [Member] Raichu3000
[22:24:55] [Server thread/INFO]: Twiixtor issued server command: //cut
[22:24:56] [Server thread/INFO]: Twiixtor issued server command: //paste
[22:25:16] [Server thread/INFO]: dev: [Dev] Popey, [Dev] Twiixtor
[22:25:16] [Server thread/INFO]: member: [Member] EskimoHD, [Member] minelittleyoshi, [Member] Raichu3000
[22:25:58] [Server thread/INFO]: Twiixtor issued server command: //cut
[22:26:00] [Server thread/INFO]: Twiixtor issued server command: //paste
[22:26:02] [Server thread/INFO]: dev: [Dev] Popey, [Dev] Twiixtor
[22:26:02] [Server thread/INFO]: member: [Member] EskimoHD, [Member] minelittleyoshi, [Member] Raichu3000
[22:26:11] [Server thread/INFO]: Twiixtor issued server command: //cut
[22:26:12] [Server thread/INFO]: Twiixtor issued server command: //paste
[22:26:49] [Server thread/INFO]: dev: [Dev] Popey, [Dev] Twiixtor
[22:26:49] [Server thread/INFO]: member: [Member] EskimoHD, [Member] minelittleyoshi, [Member] Raichu3000
[22:27:35] [Server thread/INFO]: dev: [Dev] Popey, [Dev] Twiixtor
[22:27:35] [Server thread/INFO]: member: [Member] EskimoHD, [Member] minelittleyoshi, [Member] Raichu3000
[22:27:46] [Server thread/INFO]: Crustifer issued server command: /tp eskimo
[22:28:01] [Server thread/INFO]: Twiixtor issued server command: //replace 0 35:7
[22:28:11] [Server thread/INFO]: Twiixtor issued server command: //replace 0 35:7
[22:28:11] [Server thread/INFO]: Crustifer issued server command: //copy
[22:28:21] [Server thread/INFO]: Crustifer issued server command: //paste
[22:28:23] [Server thread/INFO]: dev: [Dev] Chris, [Dev] Popey, [Dev] Twiixtor
[22:28:23] [Server thread/INFO]: member: [Member] EskimoHD, [Member] minelittleyoshi, [Member] Raichu3000
[22:28:24] [Server thread/INFO]: Twiixtor issued server command: //set 0
[22:28:26] [Server thread/INFO]: Crustifer issued server command: //paste
[22:28:31] [Server thread/INFO]: Crustifer issued server command: //paste
[22:28:49] [Server thread/INFO]: 41sentury issued server command: /kill hyp
[22:28:56] [Server thread/INFO]: Crustifer issued server command: //move 1
[22:29:08] [Server thread/INFO]: dev: [Dev] Chris, [Dev] Popey, [Dev] Twiixtor
[22:29:08] [Server thread/INFO]: member: [Member] EskimoHD, [Member] minelittleyoshi, [Member] Raichu3000
[22:29:17] [Server thread/INFO]: minelittleyoshi issued server command: /day set
[22:29:25] [Server thread/INFO]: Twiixtor issued server command: //replace 0 35:7
[22:29:27] [Server thread/INFO]: 41sentury issued server command: /tp hypno me
[22:29:41] [Server thread/INFO]: Twiixtor issued server command: //set 9
[22:29:43] [Server thread/INFO]: Twiixtor issued server command: //set 0
[22:29:52] [Server thread/INFO]: Popey456963 issued server command: /speed 10
[22:29:54] [Server thread/INFO]: Popey456963 issued server command: /vanish
[22:29:55] [Server thread/INFO]: dev: [Dev] Chris, [HIDDEN][Dev] Popey, [Dev] Twiixtor
[22:29:55] [Server thread/INFO]: member: [Member] EskimoHD, [Member] minelittleyoshi, [Member] Raichu3000
[22:30:04] [Server thread/INFO]: Popey456963 issued server command: /pt tp hypno popey
[22:30:05] [Server thread/INFO]: [PT] Popey456963 issued server command: /tp hypno popey
[22:30:06] [Server thread/INFO]: [PT] Popey456963 issued server command: /tp hypno popey
[22:30:06] [Server thread/INFO]: [PT] Popey456963 issued server command: /tp hypno popey
[22:30:06] [Server thread/INFO]: [PT] Popey456963 issued server command: /tp hypno popey
[22:30:07] [Server thread/INFO]: [PT] Popey456963 issued server command: /tp hypno popey
[22:30:07] [Server thread/INFO]: [PT] Popey456963 issued server command: /tp hypno popey
[22:30:07] [Server thread/INFO]: [PT] Popey456963 issued server command: /tp hypno popey
[22:30:07] [Server thread/INFO]: [PT] Popey456963 issued server command: /tp hypno popey
[22:30:07] [Server thread/INFO]: [PT] Popey456963 issued server command: /tp hypno popey
[22:30:07] [Server thread/INFO]: [PT] Popey456963 issued server command: /tp hypno popey
[22:30:08] [Server thread/INFO]: [PT] Popey456963 issued server command: /tp hypno popey
[22:30:08] [Server thread/INFO]: [PT] Popey456963 issued server command: /tp hypno popey
[22:30:08] [Server thread/INFO]: [PT] Popey456963 issued server command: /tp hypno popey
[22:30:08] [Server thread/INFO]: [PT] Popey456963 issued server command: /tp hypno popey
[22:30:08] [Server thread/INFO]: [PT] Popey456963 issued server command: /tp hypno popey
[22:30:09] [Server thread/INFO]: [PT] Popey456963 issued server command: /tp hypno popey
[22:30:09] [Server thread/INFO]: [PT] Popey456963 issued server command: /tp hypno popey
[22:30:09] [Server thread/INFO]: [PT] Popey456963 issued server command: /tp hypno popey
[22:30:09] [Server thread/INFO]: [PT] Popey456963 issued server command: /tp hypno popey
[22:30:09] [Server thread/INFO]: [PT] Popey456963 issued server command: /tp hypno popey
[22:30:10] [Server thread/INFO]: [PT] Popey456963 issued server command: /tp hypno popey
[22:30:10] [Server thread/INFO]: [PT] Popey456963 issued server command: /tp hypno popey
[22:30:10] [Server thread/INFO]: [PT] Popey456963 issued server command: /tp hypno popey
[22:30:10] [Server thread/INFO]: [PT] Popey456963 issued server command: /tp hypno popey
[22:30:10] [Server thread/INFO]: [PT] Popey456963 issued server command: /tp hypno popey
[22:30:11] [Server thread/INFO]: [PT] Popey456963 issued server command: /tp hypno popey
[22:30:11] [Server thread/INFO]: [PT] Popey456963 issued server command: /tp hypno popey
[22:30:11] [Server thread/INFO]: [PT] Popey456963 issued server command: /tp hypno popey
[22:30:11] [Server thread/INFO]: [PT] Popey456963 issued server command: /tp hypno popey
[22:30:11] [Server thread/INFO]: [PT] Popey456963 issued server command: /tp hypno popey
[22:30:12] [Server thread/INFO]: [PT] Popey456963 issued server command: /tp hypno popey
[22:30:12] [Server thread/INFO]: [PT] Popey456963 issued server command: /tp hypno popey
[22:30:12] [Server thread/INFO]: [PT] Popey456963 issued server command: /tp hypno popey
[22:30:12] [Server thread/INFO]: [PT] Popey456963 issued server command: /tp hypno popey
[22:30:12] [Server thread/INFO]: [PT] Popey456963 issued server command: /tp hypno popey
[22:30:12] [Server thread/INFO]: [PT] Popey456963 issued server command: /tp hypno popey
[22:30:13] [Server thread/INFO]: [PT] Popey456963 issued server command: /tp hypno popey
[22:30:13] [Server thread/INFO]: Twiixtor issued server command: /i sign 1
[22:30:13] [Server thread/INFO]: [PT] Popey456963 issued server command: /tp hypno popey
[22:30:13] [Server thread/INFO]: [PT] Popey456963 issued server command: /tp hypno popey
[22:30:13] [Server thread/INFO]: [PT] Popey456963 issued server command: /tp hypno popey
[22:30:13] [Server thread/INFO]: [PT] Popey456963 issued server command: /tp hypno popey
[22:30:14] [Server thread/INFO]: [PT] Popey456963 issued server command: /tp hypno popey
[22:30:14] [Server thread/INFO]: [PT] Popey456963 issued server command: /tp hypno popey
[22:30:14] [Server thread/INFO]: [PT] Popey456963 issued server command: /tp hypno popey
[22:30:14] [Server thread/INFO]: [PT] Popey456963 issued server command: /tp hypno popey
[22:30:14] [Server thread/INFO]: [PT] Popey456963 issued server command: /tp hypno popey
[22:30:15] [Server thread/INFO]: [PT] Popey456963 issued server command: /tp hypno popey
[22:30:15] [Server thread/INFO]: [PT] Popey456963 issued server command: /tp hypno popey
[22:30:15] [Server thread/INFO]: [PT] Popey456963 issued server command: /tp hypno popey
[22:30:15] [Server thread/INFO]: [PT] Popey456963 issued server command: /tp hypno popey
[22:30:15] [Server thread/INFO]: [PT] Popey456963 issued server command: /tp hypno popey
[22:30:16] [Server thread/INFO]: [PT] Popey456963 issued server command: /tp hypno popey
[22:30:16] [Server thread/INFO]: [PT] Popey456963 issued server command: /tp hypno popey
[22:30:16] [Server thread/INFO]: [PT] Popey456963 issued server command: /tp hypno popey
[22:30:16] [Server thread/INFO]: [PT] Popey456963 issued server command: /tp hypno popey
[22:30:16] [Server thread/INFO]: [PT] Popey456963 issued server command: /tp hypno popey
[22:30:17] [Server thread/INFO]: [PT] Popey456963 issued server command: /tp hypno popey
[22:30:17] [Server thread/INFO]: [PT] Popey456963 issued server command: /tp hypno popey
[22:30:17] [Server thread/INFO]: Crustifer issued server command: /gamemode 1 hypnoprized
[22:30:17] [Server thread/INFO]: [PT] Popey456963 issued server command: /tp hypno popey
[22:30:17] [Server thread/INFO]: [PT] Popey456963 issued server command: /tp hypno popey
[22:30:17] [Server thread/INFO]: [PT] Popey456963 issued server command: /tp hypno popey
[22:30:17] [Server thread/INFO]: [PT] Popey456963 issued server command: /tp hypno popey
[22:30:18] [Server thread/INFO]: [PT] Popey456963 issued server command: /tp hypno popey
[22:30:18] [Server thread/INFO]: [PT] Popey456963 issued server command: /tp hypno popey
[22:30:18] [Server thread/INFO]: [PT] Popey456963 issued server command: /tp hypno popey
[22:30:18] [Server thread/INFO]: [PT] Popey456963 issued server command: /tp hypno popey
[22:30:18] [Server thread/INFO]: [PT] Popey456963 issued server command: /tp hypno popey
[22:30:19] [Server thread/INFO]: [PT] Popey456963 issued server command: /tp hypno popey
[22:30:19] [Server thread/INFO]: [PT] Popey456963 issued server command: /tp hypno popey
[22:30:19] [Server thread/INFO]: [PT] Popey456963 issued server command: /tp hypno popey
[22:30:19] [Server thread/INFO]: [PT] Popey456963 issued server command: /tp hypno popey
[22:30:19] [Server thread/INFO]: [PT] Popey456963 issued server command: /tp hypno popey
[22:30:19] [Server thread/INFO]: [PT] Popey456963 issued server command: /tp hypno popey
[22:30:20] [Server thread/INFO]: [PT] Popey456963 issued server command: /tp hypno popey
[22:30:20] [Server thread/INFO]: [PT] Popey456963 issued server command: /tp hypno popey
[22:30:20] [Server thread/INFO]: [PT] Popey456963 issued server command: /tp hypno popey
[22:30:20] [Server thread/INFO]: [PT] Popey456963 issued server command: /tp hypno popey
[22:30:20] [Server thread/INFO]: [PT] Popey456963 issued server command: /tp hypno popey
[22:30:20] [Server thread/INFO]: [PT] Popey456963 issued server command: /tp hypno popey
[22:30:21] [Server thread/INFO]: [PT] Popey456963 issued server command: /tp hypno popey
[22:30:21] [Server thread/INFO]: [PT] Popey456963 issued server command: /tp hypno popey
[22:30:21] [Server thread/INFO]: [PT] Popey456963 issued server command: /tp hypno popey
[22:30:21] [Server thread/INFO]: [PT] Popey456963 issued server command: /tp hypno popey
[22:30:21] [Server thread/INFO]: [PT] Popey456963 issued server command: /tp hypno popey
[22:30:22] [Server thread/INFO]: [PT] Popey456963 issued server command: /tp hypno popey
[22:30:22] [Server thread/INFO]: [PT] Popey456963 issued server command: /tp hypno popey
[22:30:22] [Server thread/INFO]: [PT] Popey456963 issued server command: /tp hypno popey
[22:30:22] [Server thread/INFO]: [PT] Popey456963 issued server command: /tp hypno popey
[22:30:23] [Server thread/INFO]: [PT] Popey456963 issued server command: /tp hypno popey
[22:30:23] [Server thread/INFO]: [PT] Popey456963 issued server command: /tp hypno popey
[22:30:23] [Server thread/INFO]: [PT] Popey456963 issued server command: /tp hypno popey
[22:30:23] [Server thread/INFO]: [PT] Popey456963 issued server command: /tp hypno popey
[22:30:23] [Server thread/INFO]: [PT] Popey456963 issued server command: /tp hypno popey
[22:30:23] [Server thread/INFO]: [PT] Popey456963 issued server command: /tp hypno popey
[22:30:24] [Server thread/INFO]: [PT] Popey456963 issued server command: /tp hypno popey
[22:30:24] [Server thread/INFO]: [PT] Popey456963 issued server command: /tp hypno popey
[22:30:24] [Server thread/INFO]: [PT] Popey456963 issued server command: /tp hypno popey
[22:30:27] [Server thread/INFO]: Twiixtor issued server command: //copy
[22:30:28] [Server thread/INFO]: Twiixtor issued server command: //paste
[22:30:29] [Server thread/INFO]: Crustifer issued server command: /gamemode hypnoprized 1
[22:30:32] [Server thread/INFO]: Twiixtor issued server command: //paste
[22:30:33] [Server thread/INFO]: Popey456963 issued server command: /speed 1
[22:30:34] [Server thread/INFO]: Twiixtor issued server command: //undo
[22:30:34] [Server thread/INFO]: Popey456963 issued server command: /speed 1
[22:30:34] [Server thread/INFO]: Twiixtor issued server command: //undo
[22:30:42] [Server thread/INFO]: dev: [Dev] Chris, [HIDDEN][Dev] Popey, [Dev] Twiixtor
[22:30:42] [Server thread/INFO]: member: [Member] EskimoHD, [Member] minelittleyoshi, [Member] Raichu3000
[22:30:49] [Server thread/INFO]: Twiixtor issued server command: //copy
[22:30:51] [Server thread/INFO]: Twiixtor issued server command: //paste
[22:30:53] [Server thread/INFO]: Twiixtor issued server command: //paste
[22:30:54] [Server thread/INFO]: Twiixtor issued server command: //paste
[22:30:56] [Server thread/INFO]: Twiixtor issued server command: //paste
[22:30:57] [Server thread/INFO]: Twiixtor issued server command: //paste
[22:30:58] [Server thread/INFO]: Twiixtor issued server command: //paste
[22:31:08] [Server thread/INFO]: [Dev] Twiixtor: wow drake
[22:31:12] [Server thread/INFO]: [Dev] Twiixtor: replacing dirt with grass xD
[22:31:21] [Server thread/INFO]: [Member] minelittleyoshi: lol
[22:31:28] [Server thread/INFO]: dev: [Dev] Chris, [HIDDEN][Dev] Popey, [Dev] Twiixtor
[22:31:28] [Server thread/INFO]: member: [Member] EskimoHD, [Member] minelittleyoshi, [Member] Raichu3000
[22:31:41] [Server thread/INFO]: Crustifer issued server command: /stop
[22:31:41] [Server thread/INFO]: [Crustifer: Stopping the server]
[22:31:41] [Server thread/INFO]: Stopping server
[22:31:41] [Server thread/INFO]: [Multiverse-Portals] Disabling Multiverse-Portals v2.4-b548
[22:31:41] [Server thread/INFO]: [Multiverse-NetherPortals] Disabling Multiverse-NetherPortals v2.4-b530
[22:31:41] [Server thread/INFO]: [MultiVerse-NetherPortals] - Disabled
[22:31:41] [Server thread/INFO]: [CraftBook] Disabling CraftBook v3.9-SNAPSHOT
[22:31:41] [Server thread/INFO]: [MobArena] Disabling MobArena v0.97.1
[22:31:41] [Server thread/INFO]: [MobArena] disabled.
[22:31:41] [Server thread/INFO]: [Minigames] Disabling Minigames v1.7.0
[22:31:41] [Server thread/INFO]: Minigames successfully disabled.
[22:31:41] [Server thread/INFO]: [HeavySpleef] Disabling HeavySpleef v2.1.1
[22:31:41] [Server thread/INFO]: [EssentialsProtect] Disabling EssentialsProtect vTeamCity
[22:31:41] [Server thread/INFO]: [OnTime] Disabling OnTime v4.1.3
[22:31:41] [Server thread/INFO]: [Multiverse-Core] Disabling Multiverse-Core v2.4-b527
[22:31:41] [Server thread/INFO]: [Multiverse-Core] - Disabled
[22:31:41] [Server thread/INFO]: [WorldGuard] Disabling WorldGuard v6.1
[22:31:41] [Server thread/INFO]: [WorldGuard] Shutting down executor and waiting for any pending tasks...
[22:31:41] [Server thread/INFO]: [EssentialsSpawn] Disabling EssentialsSpawn vTeamCity
[22:31:41] [Server thread/INFO]: [Vault] Disabling Vault v1.5.6-b49
[22:31:41] [Server thread/INFO]: [VoxelSniper] Disabling VoxelSniper v7.1.0
[22:31:41] [Server thread/INFO]: [Essentials] Disabling Essentials vTeamCity
[22:31:41] [Server thread/INFO]: [WorldEdit] Disabling WorldEdit v5.6.1
[22:31:41] [Server thread/INFO]: Popey456963 left the game.
[22:31:41] [Server thread/INFO]: minelittleyoshi left the game.
[22:31:41] [Server thread/INFO]: 41sentury left the game.
[22:31:41] [Server thread/INFO]: Crustifer left the game.
