[17:15:50] [Server thread/INFO]: Developers: [Dev] Popey
[17:16:44] [Server thread/INFO]: Developers: [Dev] Popey
[17:17:39] [Server thread/INFO]: Developers: [Dev] Popey
[17:18:33] [Server thread/INFO]: Developers: [Dev] Popey
[17:19:28] [Server thread/INFO]: Developers: [Dev] Popey
[17:20:22] [Server thread/INFO]: Developers: [Dev] Popey
[17:21:16] [Server thread/INFO]: Developers: [AFK][Dev] Popey
[17:22:11] [Server thread/INFO]: Developers: [AFK][Dev] Popey
[17:23:05] [Server thread/INFO]: Developers: [AFK][Dev] Popey
[17:24:00] [Server thread/INFO]: Developers: [AFK][Dev] Popey
[17:24:54] [Server thread/INFO]: Developers: [AFK][Dev] Popey
[17:25:49] [Server thread/INFO]: Developers: [AFK][Dev] Popey
[17:26:43] [Server thread/INFO]: Developers: [AFK][Dev] Popey
[17:27:38] [Server thread/INFO]: Developers: [AFK][Dev] Popey
[17:28:32] [Server thread/INFO]: Developers: [AFK][Dev] Popey
[17:29:26] [Server thread/INFO]: Developers: [AFK][Dev] Popey
[17:30:21] [Server thread/INFO]: Developers: [AFK][Dev] Popey
[17:31:15] [Server thread/INFO]: Developers: [AFK][Dev] Popey
[17:32:10] [Server thread/INFO]: Developers: [AFK][Dev] Popey
[17:33:04] [Server thread/INFO]: Developers: [AFK][Dev] Popey
[17:33:59] [Server thread/INFO]: Developers: [AFK][Dev] Popey
[17:34:53] [Server thread/INFO]: Developers: [AFK][Dev] Popey
[17:35:48] [Server thread/INFO]: Developers: [AFK][Dev] Popey
[17:36:42] [Server thread/INFO]: Developers: [AFK][Dev] Popey
[17:37:37] [Server thread/INFO]: Developers: [AFK][Dev] Popey
[17:38:31] [Server thread/INFO]: Developers: [AFK][Dev] Popey
[17:39:25] [Server thread/INFO]: Developers: [AFK][Dev] Popey
[17:40:20] [Server thread/INFO]: Developers: [AFK][Dev] Popey
[17:41:14] [Server thread/INFO]: Developers: [AFK][Dev] Popey
[17:42:09] [Server thread/INFO]: Developers: [AFK][Dev] Popey
[17:43:03] [Server thread/INFO]: Developers: [AFK][Dev] Popey
[17:43:58] [Server thread/INFO]: Developers: [AFK][Dev] Popey
[17:44:52] [Server thread/INFO]: Developers: [AFK][Dev] Popey
[17:45:47] [Server thread/INFO]: Developers: [AFK][Dev] Popey
[17:46:41] [Server thread/INFO]: Developers: [Dev] Popey
[17:47:35] [Server thread/INFO]: Developers: [Dev] Popey
[17:48:30] [Server thread/INFO]: Developers: [Dev] Popey
[17:48:38] [Server thread/INFO]: Popey456963 issued server command: /seen twiixtor
[17:49:24] [Server thread/INFO]: Developers: [Dev] Popey
[17:50:19] [Server thread/INFO]: Developers: [Dev] Popey
[17:51:13] [Server thread/INFO]: Developers: [Dev] Popey
[17:52:08] [Server thread/INFO]: Developers: [Dev] Popey
[17:53:02] [Server thread/INFO]: Developers: [Dev] Popey
[17:53:57] [Server thread/INFO]: Developers: [Dev] Popey
[17:54:51] [Server thread/INFO]: Developers: [Dev] Popey
[17:55:45] [Server thread/INFO]: Developers: [Dev] Popey
[17:56:40] [Server thread/INFO]: Developers: [AFK][Dev] Popey
[17:57:34] [Server thread/INFO]: Developers: [AFK][Dev] Popey
[17:58:29] [Server thread/INFO]: Developers: [AFK][Dev] Popey
[17:59:23] [Server thread/INFO]: Developers: [AFK][Dev] Popey
[18:00:18] [Server thread/INFO]: Developers: [AFK][Dev] Popey
[18:01:12] [Server thread/INFO]: Developers: [AFK][Dev] Popey
[18:02:07] [Server thread/INFO]: Developers: [AFK][Dev] Popey
[18:03:01] [Server thread/INFO]: Developers: [AFK][Dev] Popey
[18:03:55] [Server thread/INFO]: Developers: [Dev] Popey
[18:04:50] [Server thread/INFO]: Developers: [Dev] Popey
[18:05:44] [Server thread/INFO]: Developers: [Dev] Popey
[18:06:39] [Server thread/INFO]: Developers: [Dev] Popey
[18:07:33] [Server thread/INFO]: Developers: [Dev] Popey
[18:08:28] [Server thread/INFO]: Developers: [Dev] Popey
[18:09:22] [Server thread/INFO]: Developers: [Dev] Popey
[18:10:17] [Server thread/INFO]: Developers: [Dev] Popey
[18:11:11] [Server thread/INFO]: Developers: [AFK][Dev] Popey
[18:12:05] [Server thread/INFO]: Developers: [AFK][Dev] Popey
[18:13:00] [Server thread/INFO]: Developers: [AFK][Dev] Popey
[18:13:54] [Server thread/INFO]: Developers: [AFK][Dev] Popey
[18:14:49] [Server thread/INFO]: Developers: [AFK][Dev] Popey
[18:15:43] [Server thread/INFO]: Developers: [AFK][Dev] Popey
[18:16:38] [Server thread/INFO]: Developers: [AFK][Dev] Popey
[18:17:32] [Server thread/INFO]: Developers: [AFK][Dev] Popey
[18:18:27] [Server thread/INFO]: Developers: [AFK][Dev] Popey
[18:19:21] [Server thread/INFO]: Developers: [Dev] Popey
[18:20:15] [Server thread/INFO]: Developers: [Dev] Popey
[18:21:10] [Server thread/INFO]: Developers: [Dev] Popey
[18:22:04] [Server thread/INFO]: Developers: [Dev] Popey
[18:22:59] [Server thread/INFO]: Developers: [Dev] Popey
[18:23:53] [Server thread/INFO]: Developers: [Dev] Popey
[18:24:48] [Server thread/INFO]: Developers: [Dev] Popey
[18:25:42] [Server thread/INFO]: Developers: [AFK][Dev] Popey
[18:26:37] [Server thread/INFO]: Developers: [AFK][Dev] Popey
[18:27:31] [Server thread/INFO]: Developers: [AFK][Dev] Popey
[18:28:25] [Server thread/INFO]: Developers: [AFK][Dev] Popey
[18:29:20] [Server thread/INFO]: Developers: [AFK][Dev] Popey
[18:30:14] [Server thread/INFO]: Developers: [Dev] Popey
[18:31:09] [Server thread/INFO]: Developers: [Dev] Popey
[18:32:03] [Server thread/INFO]: Developers: [Dev] Popey
[18:32:58] [Server thread/INFO]: Developers: [Dev] Popey
[18:33:52] [Server thread/INFO]: Developers: [Dev] Popey
[18:34:47] [Server thread/INFO]: Developers: [AFK][Dev] Popey
[18:35:41] [Server thread/INFO]: Developers: [AFK][Dev] Popey
[18:36:35] [Server thread/INFO]: Developers: [Dev] Popey
[18:37:30] [Server thread/INFO]: Developers: [Dev] Popey
[18:38:24] [Server thread/INFO]: Developers: [Dev] Popey
[18:39:19] [Server thread/INFO]: Developers: [Dev] Popey
[18:40:13] [Server thread/INFO]: Developers: [Dev] Popey
[18:41:08] [Server thread/INFO]: Developers: [Dev] Popey
[18:42:02] [Server thread/INFO]: Developers: [Dev] Popey
[18:42:57] [Server thread/INFO]: Developers: [Dev] Popey
[18:43:51] [Server thread/INFO]: Developers: [Dev] Popey
[18:44:45] [Server thread/INFO]: Developers: [Dev] Popey
[18:45:40] [Server thread/INFO]: Developers: [Dev] Popey
[18:46:34] [Server thread/INFO]: Developers: [Dev] Popey
[18:47:15] [Server thread/INFO]: Popey456963 issued server command: /hs
[18:47:16] [Server thread/INFO]: Popey456963 issued server command: /help
[18:47:18] [Server thread/INFO]: Popey456963 issued server command: /plugins
[18:47:21] [Server thread/INFO]: Popey456963 issued server command: /spleef
[18:47:22] [Server thread/INFO]: Popey456963 issued server command: /spleef help
[18:47:25] [Server thread/INFO]: Popey456963 issued server command: /spleef flag test
[18:47:29] [Server thread/INFO]: Developers: [Dev] Popey
[18:48:23] [Server thread/INFO]: Developers: [Dev] Popey
[18:49:18] [Server thread/INFO]: Developers: [Dev] Popey
[18:50:12] [Server thread/INFO]: Developers: [Dev] Popey
[18:51:07] [Server thread/INFO]: Developers: [Dev] Popey
[18:52:01] [Server thread/INFO]: Developers: [Dev] Popey
[18:52:55] [Server thread/INFO]: Developers: [AFK][Dev] Popey
[18:53:50] [Server thread/INFO]: Developers: [Dev] Popey
[18:54:44] [Server thread/INFO]: Developers: [Dev] Popey
[18:55:39] [Server thread/INFO]: Developers: [Dev] Popey
[18:56:33] [Server thread/INFO]: Developers: [Dev] Popey
[18:57:28] [Server thread/INFO]: Developers: [Dev] Popey
[18:58:22] [Server thread/INFO]: Developers: [Dev] Popey
[18:59:17] [Server thread/INFO]: Developers: [Dev] Popey
[19:00:11] [Server thread/INFO]: Developers: [Dev] Popey
[19:01:06] [Server thread/INFO]: Developers: [Dev] Popey
[19:02:00] [Server thread/INFO]: Developers: [Dev] Popey
[19:02:54] [Server thread/INFO]: Developers: [Dev] Popey
[19:03:49] [Server thread/INFO]: Developers: [Dev] Popey
[19:04:43] [Server thread/INFO]: Developers: [Dev] Popey
[19:05:38] [Server thread/INFO]: Developers: [Dev] Popey
[19:06:32] [Server thread/INFO]: Developers: [Dev] Popey
[19:07:27] [Server thread/INFO]: Developers: [Dev] Popey
[19:08:21] [Server thread/INFO]: Developers: [Dev] Popey
[19:09:16] [Server thread/INFO]: Developers: [Dev] Popey
[19:10:10] [Server thread/INFO]: Developers: [Dev] Popey
[19:11:04] [Server thread/INFO]: Developers: [Dev] Popey
[19:11:59] [Server thread/INFO]: Developers: [AFK][Dev] Popey
[19:12:53] [Server thread/INFO]: Developers: [AFK][Dev] Popey
[19:13:48] [Server thread/INFO]: Developers: [AFK][Dev] Popey
[19:14:42] [Server thread/INFO]: Developers: [Dev] Popey
[19:15:37] [Server thread/INFO]: Developers: [Dev] Popey
[19:16:31] [Server thread/INFO]: Developers: [Dev] Popey
[19:17:26] [Server thread/INFO]: Developers: [Dev] Popey
[19:18:20] [Server thread/INFO]: Developers: [Dev] Popey
[19:19:14] [Server thread/INFO]: Developers: [Dev] Popey
[19:20:09] [Server thread/INFO]: Developers: [Dev] Popey
[19:21:04] [Server thread/INFO]: Developers: [Dev] Popey
[19:21:58] [Server thread/INFO]: Developers: [Dev] Popey
[19:22:52] [Server thread/INFO]: Developers: [Dev] Popey
[19:23:47] [Server thread/INFO]: Developers: [Dev] Popey
[19:24:41] [Server thread/INFO]: Developers: [Dev] Popey
[19:25:36] [Server thread/INFO]: Developers: [Dev] Popey
[19:26:30] [Server thread/INFO]: Developers: [Dev] Popey
[19:27:25] [Server thread/INFO]: Developers: [Dev] Popey
[19:28:19] [Server thread/INFO]: Developers: [AFK][Dev] Popey
[19:29:14] [Server thread/INFO]: Developers: [Dev] Popey
[19:30:08] [Server thread/INFO]: Developers: [Dev] Popey
[19:31:02] [Server thread/INFO]: Developers: [Dev] Popey
[19:31:57] [Server thread/INFO]: Developers: [Dev] Popey
[19:32:51] [Server thread/INFO]: Developers: [Dev] Popey
[19:33:46] [Server thread/INFO]: Developers: [Dev] Popey
[19:34:40] [Server thread/INFO]: Developers: [Dev] Popey
[19:35:35] [Server thread/INFO]: Developers: [Dev] Popey
[19:36:29] [Server thread/INFO]: Developers: [Dev] Popey
[19:37:24] [Server thread/INFO]: Developers: [Dev] Popey
[19:38:18] [Server thread/INFO]: Developers: [Dev] Popey
[19:39:12] [Server thread/INFO]: Developers: [Dev] Popey
[19:40:07] [Server thread/INFO]: Developers: [Dev] Popey
[19:41:01] [Server thread/INFO]: Developers: [Dev] Popey
[19:41:56] [Server thread/INFO]: Developers: [Dev] Popey
[19:42:50] [Server thread/INFO]: Developers: [Dev] Popey
[19:43:45] [Server thread/INFO]: Developers: [Dev] Popey
[19:44:39] [Server thread/INFO]: Developers: [Dev] Popey
[19:45:34] [Server thread/INFO]: Developers: [Dev] Popey
[19:46:28] [Server thread/INFO]: Developers: [Dev] Popey
[19:47:22] [Server thread/INFO]: Developers: [Dev] Popey
[19:48:17] [Server thread/INFO]: Developers: [Dev] Popey
[19:49:11] [Server thread/INFO]: Developers: [Dev] Popey
[19:50:06] [Server thread/INFO]: Developers: [Dev] Popey
[19:51:00] [Server thread/INFO]: Developers: [Dev] Popey
[19:51:55] [Server thread/INFO]: Developers: [Dev] Popey
[19:52:28] [Server thread/INFO]: Popey456963 left the game.
[19:55:32] [Server thread/INFO]: Developers: [Dev] Popey
[19:56:27] [Server thread/INFO]: Developers: [Dev] Popey
[19:57:21] [Server thread/INFO]: Developers: [Dev] Popey
[19:58:16] [Server thread/INFO]: Developers: [Dev] Popey
[19:59:10] [Server thread/INFO]: Developers: [Dev] Popey
[20:00:05] [Server thread/INFO]: Developers: [AFK][Dev] Popey
[20:00:59] [Server thread/INFO]: Developers: [AFK][Dev] Popey
[20:01:54] [Server thread/INFO]: Developers: [AFK][Dev] Popey
[20:02:48] [Server thread/INFO]: Developers: [AFK][Dev] Popey
[20:03:42] [Server thread/INFO]: Developers: [AFK][Dev] Popey
[20:04:37] [Server thread/INFO]: Developers: [AFK][Dev] Popey
[20:05:31] [Server thread/INFO]: Developers: [AFK][Dev] Popey
[20:06:26] [Server thread/INFO]: Developers: [AFK][Dev] Popey
[20:07:20] [Server thread/INFO]: Developers: [AFK][Dev] Popey
[20:08:15] [Server thread/INFO]: Developers: [AFK][Dev] Popey
[20:09:09] [Server thread/INFO]: Developers: [AFK][Dev] Popey
[20:10:04] [Server thread/INFO]: Developers: [AFK][Dev] Popey
[20:10:58] [Server thread/INFO]: Developers: [AFK][Dev] Popey
[20:11:52] [Server thread/INFO]: Developers: [AFK][Dev] Popey
[20:12:47] [Server thread/INFO]: Developers: [AFK][Dev] Popey
[20:13:41] [Server thread/INFO]: Developers: [AFK][Dev] Popey
[20:14:36] [Server thread/INFO]: Developers: [AFK][Dev] Popey
[20:15:30] [Server thread/INFO]: Developers: [AFK][Dev] Popey
[20:16:25] [Server thread/INFO]: Developers: [AFK][Dev] Popey
[20:17:19] [Server thread/INFO]: Developers: [AFK][Dev] Popey
[20:18:14] [Server thread/INFO]: Developers: [AFK][Dev] Popey
[20:19:08] [Server thread/INFO]: Developers: [AFK][Dev] Popey
[20:20:02] [Server thread/INFO]: Developers: [AFK][Dev] Popey
[20:20:57] [Server thread/INFO]: Developers: [AFK][Dev] Popey
[20:21:51] [Server thread/INFO]: Developers: [AFK][Dev] Popey
[20:22:46] [Server thread/INFO]: Developers: [AFK][Dev] Popey
[20:23:40] [Server thread/INFO]: Developers: [AFK][Dev] Popey
[20:24:35] [Server thread/INFO]: Developers: [AFK][Dev] Popey
[20:25:29] [Server thread/INFO]: Developers: [AFK][Dev] Popey
[20:26:24] [Server thread/INFO]: Developers: [AFK][Dev] Popey
[20:27:18] [Server thread/INFO]: Developers: [AFK][Dev] Popey
[20:28:12] [Server thread/INFO]: Developers: [AFK][Dev] Popey
[20:29:07] [Server thread/INFO]: Developers: [AFK][Dev] Popey
[20:30:01] [Server thread/INFO]: Developers: [AFK][Dev] Popey
[20:30:56] [Server thread/INFO]: Developers: [AFK][Dev] Popey
[20:31:50] [Server thread/INFO]: Developers: [AFK][Dev] Popey
[20:32:45] [Server thread/INFO]: Developers: [AFK][Dev] Popey
[20:33:39] [Server thread/INFO]: Developers: [AFK][Dev] Popey
[20:34:34] [Server thread/INFO]: Developers: [Dev] Popey
[20:35:28] [Server thread/INFO]: Developers: [Dev] Popey
[20:36:23] [Server thread/INFO]: Developers: [Dev] Popey
[20:37:17] [Server thread/INFO]: Developers: [Dev] Popey
[20:38:11] [Server thread/INFO]: Developers: [Dev] Popey
[20:39:06] [Server thread/INFO]: Developers: [Dev] Popey
[20:40:00] [Server thread/INFO]: Developers: [Dev] Popey
[20:40:55] [Server thread/INFO]: Developers: [Dev] Popey
[20:41:49] [Server thread/INFO]: Developers: [AFK][Dev] Popey
[20:42:44] [Server thread/INFO]: Developers: [AFK][Dev] Popey
[20:43:38] [Server thread/INFO]: Developers: [AFK][Dev] Popey
[20:44:33] [Server thread/INFO]: Developers: [AFK][Dev] Popey
[20:45:27] [Server thread/INFO]: Developers: [Dev] Popey
[20:46:21] [Server thread/INFO]: Developers: [Dev] Popey
[20:47:16] [Server thread/INFO]: Developers: [Dev] Popey
[20:48:10] [Server thread/INFO]: Developers: [Dev] Popey
[20:49:05] [Server thread/INFO]: Developers: [Dev] Popey
[20:49:59] [Server thread/INFO]: Developers: [Dev] Popey
[20:50:54] [Server thread/INFO]: Developers: [Dev] Popey
[20:51:48] [Server thread/INFO]: Developers: [Dev] Popey
[20:52:43] [Server thread/INFO]: Developers: [Dev] Popey
[20:53:37] [Server thread/INFO]: Developers: [Dev] Popey
[20:54:31] [Server thread/INFO]: Developers: [Dev] Popey
[20:55:26] [Server thread/INFO]: Developers: [Dev] Popey
[20:56:20] [Server thread/INFO]: Developers: [Dev] Popey
[20:57:15] [Server thread/INFO]: Developers: [Dev] Popey
[20:58:09] [Server thread/INFO]: Developers: [Dev] Popey
[20:59:04] [Server thread/INFO]: Developers: [Dev] Popey
[20:59:58] [Server thread/INFO]: Developers: [Dev] Popey
[21:00:53] [Server thread/INFO]: Developers: [Dev] Popey
[21:01:47] [Server thread/INFO]: Developers: [Dev] Popey
[21:02:41] [Server thread/INFO]: Developers: [AFK][Dev] Popey
[21:03:36] [Server thread/INFO]: Developers: [AFK][Dev] Popey
[21:04:30] [Server thread/INFO]: Developers: [AFK][Dev] Popey
[21:05:25] [Server thread/INFO]: Developers: [AFK][Dev] Popey
[21:06:19] [Server thread/INFO]: Developers: [AFK][Dev] Popey
[21:07:14] [Server thread/INFO]: Developers: [AFK][Dev] Popey
[21:08:08] [Server thread/INFO]: Developers: [AFK][Dev] Popey
[21:09:03] [Server thread/INFO]: Developers: [AFK][Dev] Popey
[21:09:57] [Server thread/INFO]: Developers: [AFK][Dev] Popey
[21:10:51] [Server thread/INFO]: Developers: [AFK][Dev] Popey
[21:11:46] [Server thread/INFO]: Developers: [AFK][Dev] Popey
[21:12:40] [Server thread/INFO]: Developers: [AFK][Dev] Popey
[21:13:35] [Server thread/INFO]: Developers: [AFK][Dev] Popey
[21:14:29] [Server thread/INFO]: Developers: [AFK][Dev] Popey
[21:15:24] [Server thread/INFO]: Developers: [AFK][Dev] Popey
[21:16:18] [Server thread/INFO]: Developers: [AFK][Dev] Popey
[21:17:13] [Server thread/INFO]: Developers: [AFK][Dev] Popey
[21:18:07] [Server thread/INFO]: Developers: [AFK][Dev] Popey
[21:19:01] [Server thread/INFO]: Developers: [AFK][Dev] Popey
[21:19:56] [Server thread/INFO]: Developers: [AFK][Dev] Popey
[21:20:50] [Server thread/INFO]: Developers: [AFK][Dev] Popey
[21:21:45] [Server thread/INFO]: Developers: [AFK][Dev] Popey
[21:22:39] [Server thread/INFO]: Developers: [AFK][Dev] Popey
[21:23:34] [Server thread/INFO]: Developers: [AFK][Dev] Popey
[21:24:28] [Server thread/INFO]: Developers: [AFK][Dev] Popey
[21:25:23] [Server thread/INFO]: Developers: [AFK][Dev] Popey
[21:26:17] [Server thread/INFO]: Developers: [AFK][Dev] Popey
[21:27:11] [Server thread/INFO]: Developers: [AFK][Dev] Popey
[21:28:06] [Server thread/INFO]: Developers: [AFK][Dev] Popey
[21:29:00] [Server thread/INFO]: Developers: [AFK][Dev] Popey
[21:29:55] [Server thread/INFO]: Developers: [AFK][Dev] Popey
[21:30:49] [Server thread/INFO]: Developers: [AFK][Dev] Popey
[21:31:44] [Server thread/INFO]: Developers: [AFK][Dev] Popey
[21:32:38] [Server thread/INFO]: Developers: [AFK][Dev] Popey
[21:33:33] [Server thread/INFO]: Developers: [AFK][Dev] Popey
[21:34:27] [Server thread/INFO]: Developers: [AFK][Dev] Popey
[21:35:21] [Server thread/INFO]: Developers: [AFK][Dev] Popey
[21:36:16] [Server thread/INFO]: Developers: [AFK][Dev] Popey
[21:37:10] [Server thread/INFO]: Developers: [AFK][Dev] Popey
[21:38:05] [Server thread/INFO]: Developers: [AFK][Dev] Popey
[21:38:31] [Server thread/INFO]: Popey456963 left the game.
[22:18:00] [Server thread/INFO]: Developers: [Dev] Popey
[22:18:55] [Server thread/INFO]: Developers: [Dev] Popey
[22:19:49] [Server thread/INFO]: Developers: [Dev] Popey
[22:20:44] [Server thread/INFO]: Developers: [Dev] Popey
[22:21:38] [Server thread/INFO]: Developers: [Dev] Popey
[22:22:33] [Server thread/INFO]: Developers: [Dev] Popey
[22:23:27] [Server thread/INFO]: Developers: [Dev] Popey
[22:24:22] [Server thread/INFO]: Developers: [Dev] Popey
[22:25:16] [Server thread/INFO]: Developers: [Dev] Popey
[22:26:11] [Server thread/INFO]: Developers: [Dev] Popey
[22:27:05] [Server thread/INFO]: Developers: [Dev] Popey
[22:27:59] [Server thread/INFO]: Developers: [Dev] Popey
[22:28:54] [Server thread/INFO]: Developers: [Dev] Popey
[22:29:48] [Server thread/INFO]: Developers: [Dev] Popey
[22:30:43] [Server thread/INFO]: Developers: [Dev] Popey
[22:31:37] [Server thread/INFO]: Developers: [Dev] Popey
[22:32:32] [Server thread/INFO]: Developers: [Dev] Popey
[22:33:26] [Server thread/INFO]: Developers: [Dev] Popey
[22:34:21] [Server thread/INFO]: Developers: [Dev] Popey
[22:35:15] [Server thread/INFO]: Developers: [Dev] Popey
[22:36:09] [Server thread/INFO]: Developers: [Dev] Popey
[22:37:04] [Server thread/INFO]: Developers: [Dev] Popey
[22:37:58] [Server thread/INFO]: Developers: [Dev] Popey
[22:38:53] [Server thread/INFO]: Developers: [Dev] Popey
[22:39:47] [Server thread/INFO]: Developers: [Dev] Popey
[22:40:42] [Server thread/INFO]: Developers: [Dev] Popey
[22:41:36] [Server thread/INFO]: Developers: [Dev] Popey
[22:42:31] [Server thread/INFO]: Developers: [Dev] Popey
[22:43:25] [Server thread/INFO]: Developers: [Dev] Popey
[22:44:19] [Server thread/INFO]: Developers: [Dev] Popey
[22:45:14] [Server thread/INFO]: Developers: [Dev] Popey
[22:46:08] [Server thread/INFO]: Developers: [Dev] Popey
[22:47:03] [Server thread/INFO]: Developers: [Dev] Popey
[22:47:57] [Server thread/INFO]: Developers: [AFK][Dev] Popey
[22:48:52] [Server thread/INFO]: Developers: [AFK][Dev] Popey
[22:49:46] [Server thread/INFO]: Developers: [AFK][Dev] Popey
[22:50:41] [Server thread/INFO]: Developers: [AFK][Dev] Popey
[22:51:35] [Server thread/INFO]: Developers: [AFK][Dev] Popey
[22:52:29] [Server thread/INFO]: Developers: [AFK][Dev] Popey
[22:53:24] [Server thread/INFO]: Developers: [AFK][Dev] Popey
[22:54:18] [Server thread/INFO]: Developers: [AFK][Dev] Popey
[22:55:13] [Server thread/INFO]: Developers: [AFK][Dev] Popey
[22:56:07] [Server thread/INFO]: Developers: [AFK][Dev] Popey
[22:57:02] [Server thread/INFO]: Developers: [AFK][Dev] Popey
[22:57:56] [Server thread/INFO]: Developers: [AFK][Dev] Popey
[22:58:51] [Server thread/INFO]: Developers: [AFK][Dev] Popey
[22:59:45] [Server thread/INFO]: Developers: [AFK][Dev] Popey
[23:00:39] [Server thread/INFO]: Developers: [AFK][Dev] Popey
[23:01:34] [Server thread/INFO]: Developers: [AFK][Dev] Popey
[23:02:28] [Server thread/INFO]: Developers: [AFK][Dev] Popey
[23:03:23] [Server thread/INFO]: Developers: [Dev] Popey
[23:04:17] [Server thread/INFO]: Developers: [Dev] Popey
[23:05:12] [Server thread/INFO]: Developers: [Dev] Popey
[23:06:06] [Server thread/INFO]: Developers: [Dev] Popey
[23:06:43] [Server thread/INFO]: Popey456963 issued server command: /spawn
[23:07:01] [Server thread/INFO]: Developers: [Dev] Popey
[23:07:55] [Server thread/INFO]: Developers: [Dev] Popey
[23:08:49] [Server thread/INFO]: Developers: [Dev] Popey
[23:09:44] [Server thread/INFO]: Developers: [Dev] Popey
[23:10:38] [Server thread/INFO]: Developers: [Dev] Popey
[23:11:33] [Server thread/INFO]: Developers: [Dev] Popey
[23:12:27] [Server thread/INFO]: Developers: [AFK][Dev] Popey
[23:13:22] [Server thread/INFO]: Developers: [AFK][Dev] Popey
[23:14:16] [Server thread/INFO]: Developers: [AFK][Dev] Popey
[23:15:11] [Server thread/INFO]: Developers: [AFK][Dev] Popey
[23:16:05] [Server thread/INFO]: Developers: [AFK][Dev] Popey
[23:17:00] [Server thread/INFO]: Developers: [AFK][Dev] Popey
[23:17:54] [Server thread/INFO]: Developers: [AFK][Dev] Popey
[23:18:48] [Server thread/INFO]: Developers: [AFK][Dev] Popey
[23:19:43] [Server thread/INFO]: Developers: [AFK][Dev] Popey
[23:20:37] [Server thread/INFO]: Developers: [AFK][Dev] Popey
[23:21:32] [Server thread/INFO]: Developers: [AFK][Dev] Popey
[23:22:26] [Server thread/INFO]: Developers: [AFK][Dev] Popey
[23:23:21] [Server thread/INFO]: Developers: [AFK][Dev] Popey
[23:24:15] [Server thread/INFO]: Developers: [AFK][Dev] Popey
[23:25:10] [Server thread/INFO]: Developers: [AFK][Dev] Popey
[23:26:04] [Server thread/INFO]: Developers: [AFK][Dev] Popey
[23:26:58] [Server thread/INFO]: Developers: [Dev] Popey
[23:27:53] [Server thread/INFO]: Developers: [Dev] Popey
[23:28:47] [Server thread/INFO]: Developers: [Dev] Popey
[23:29:42] [Server thread/INFO]: Developers: [Dev] Popey
[23:30:36] [Server thread/INFO]: Developers: [Dev] Popey
[23:31:31] [Server thread/INFO]: Developers: [Dev] Popey
[23:32:25] [Server thread/INFO]: Developers: [Dev] Popey
[23:33:20] [Server thread/INFO]: Developers: [Dev] Popey
[23:34:14] [Server thread/INFO]: Staff: [Admin] UnSeen
[23:34:14] [Server thread/INFO]: Developers: [Dev] Popey
[23:35:08] [Server thread/INFO]: Staff: [Admin] UnSeen
[23:35:08] [Server thread/INFO]: Developers: [Dev] Popey
[23:36:03] [Server thread/INFO]: Staff: [Admin] UnSeen
[23:36:03] [Server thread/INFO]: Developers: [Dev] Popey
[23:36:57] [Server thread/INFO]: Staff: [Admin] UnSeen
[23:36:57] [Server thread/INFO]: Developers: [AFK][Dev] Popey
[23:37:52] [Server thread/INFO]: Staff: [Admin] UnSeen
[23:37:52] [Server thread/INFO]: Developers: [AFK][Dev] Popey
[23:38:46] [Server thread/INFO]: Staff: [AFK][Admin] UnSeen
[23:38:46] [Server thread/INFO]: Developers: [AFK][Dev] Popey
[23:39:04] [Netty Epoll Server IO #7/INFO]: [Admin] UnSeen: pop eye
[23:39:28] [Server thread/INFO]: AttrebusMede issued server command: /warp 1spawn
[23:39:41] [Server thread/INFO]: Staff: [Admin] UnSeen
[23:39:41] [Server thread/INFO]: Developers: [AFK][Dev] Popey
[23:39:52] [Netty Epoll Server IO #3/INFO]: [Dev] Popey: Hello UnSeen.
[23:39:56] [Netty Epoll Server IO #7/INFO]: [Admin] UnSeen: Hello
[23:40:05] [Netty Epoll Server IO #3/INFO]: [Dev] Popey: I'm being social, it's interesting.
[23:40:12] [Netty Epoll Server IO #7/INFO]: [Admin] UnSeen: LOL
[23:40:19] [Netty Epoll Server IO #7/INFO]: [Admin] UnSeen: damn
[23:40:23] [Netty Epoll Server IO #7/INFO]: [Admin] UnSeen: #how2besocial
[23:40:26] [Netty Epoll Server IO #7/INFO]: [Admin] UnSeen: LOL
[23:40:30] [Netty Epoll Server IO #7/INFO]: [Admin] UnSeen: As social as it gets
[23:40:32] [Netty Epoll Server IO #7/INFO]: [Admin] UnSeen: lmfao
[23:40:35] [Server thread/INFO]: Staff: [Admin] UnSeen
[23:40:35] [Server thread/INFO]: Developers: [Dev] Popey
[23:40:49] [Netty Epoll Server IO #3/INFO]: [Dev] Popey: And then had an idea
[23:40:56] [Netty Epoll Server IO #3/INFO]: [Dev] Popey: We have these four massive quadrants here.
[23:40:59] [Netty Epoll Server IO #3/INFO]: [Dev] Popey: Could we build stuff in them?
[23:41:12] [Netty Epoll Server IO #3/INFO]: [Dev] Popey: we can think of.
[23:41:30] [Server thread/INFO]: Staff: [Admin] UnSeen
[23:41:30] [Server thread/INFO]: Developers: [Dev] Popey
[23:42:06] [Netty Epoll Server IO #7/INFO]: [Admin] UnSeen: lmfao
[23:42:11] [Netty Epoll Server IO #7/INFO]: [Admin] UnSeen: and yeah
[23:42:22] [Netty Epoll Server IO #7/INFO]: [Admin] UnSeen: I did intend to eventually take up the space
[23:42:24] [Server thread/INFO]: Staff: [Admin] UnSeen
[23:42:24] [Server thread/INFO]: Developers: [Dev] Popey
[23:43:18] [Server thread/INFO]: Staff: [Admin] UnSeen
[23:43:18] [Server thread/INFO]: Developers: [Dev] Popey
[23:43:42] [Netty Epoll Server IO #3/INFO]: [Dev] Popey: Would you like to try out spleef?
[23:43:47] [Server thread/INFO]: Popey456963 issued server command: /spleef join simple
[23:43:50] [Netty Epoll Server IO #3/INFO]: [Dev] Popey: ./spleef join simple
[23:43:57] [Netty Epoll Server IO #3/INFO]: [Dev] Popey: But I've got the logic setup.
[23:44:02] [Netty Epoll Server IO #3/INFO]: [Dev] Popey: And I can change the gamemodes without too much hastle.
[23:44:05] [Netty Epoll Server IO #3/INFO]: [Dev] Popey: It's a really nice plugin.
[23:44:10] [Server thread/INFO]: AttrebusMede issued server command: /spleef join simple
[23:44:13] [Server thread/INFO]: Staff: [Admin] UnSeen
[23:44:13] [Server thread/INFO]: Developers: [Dev] Popey
[23:44:14] [Netty Epoll Server IO #7/INFO]: [Admin] UnSeen: yeah
[23:44:17] [Netty Epoll Server IO #7/INFO]: [Admin] UnSeen: Looks good
[23:44:22] [Server thread/INFO]: Popey456963 issued server command: /spleef start
[23:44:33] [Netty Epoll Server IO #7/INFO]: [Admin] UnSeen: did you have any luck with the store plugin or
[23:44:38] [Netty Epoll Server IO #3/INFO]: [Dev] Popey: I did indeed
[23:44:49] [Netty Epoll Server IO #7/INFO]: [Admin] UnSeen: these fps drops tho
[23:44:57] [Netty Epoll Server IO #7/INFO]: [Admin] UnSeen: yay
[23:44:58] [Netty Epoll Server IO #7/INFO]: [Admin] UnSeen: +15
[23:45:00] [Netty Epoll Server IO #7/INFO]: [Admin] UnSeen: I am god
[23:45:02] [Server thread/INFO]: Popey456963 issued server command: /spleef flag
[23:45:07] [Server thread/INFO]: Staff: [Admin] UnSeen
[23:45:07] [Server thread/INFO]: Developers: [Dev] Popey
[23:45:15] [Server thread/INFO]: Popey456963 issued server command: /spleef flag simple anticamping
[23:45:17] [Netty Epoll Server IO #7/INFO]: [Admin] UnSeen: It's k
[23:45:21] [Netty Epoll Server IO #7/INFO]: [Admin] UnSeen: I am now number 1 spleef man
[23:45:30] [Netty Epoll Server IO #7/INFO]: [Admin] UnSeen: lmfao
[23:45:31] [Netty Epoll Server IO #3/INFO]: [Dev] Popey: So awesome!¬
[23:45:32] [Netty Epoll Server IO #7/INFO]: [Admin] UnSeen: 1/2
[23:45:33] [Netty Epoll Server IO #7/INFO]: [Admin] UnSeen: 10/10
[23:45:43] [Server thread/INFO]: Popey456963 issued server command: /spleef flag simple shovels
[23:45:50] [Server thread/INFO]: Popey456963 issued server command: /spleef flag simple autostart
[23:45:54] [Server thread/INFO]: Popey456963 issued server command: /spleef flag simple bowspleef
[23:45:54] [Netty Epoll Server IO #7/INFO]: [Admin] UnSeen: them hovering random spawns
[23:45:58] [Netty Epoll Server IO #7/INFO]: [Admin] UnSeen: 3sp00ky5me
[23:45:58] [Server thread/INFO]: Popey456963 issued server command: /spleef flag simple autostart
[23:45:59] [Server thread/INFO]: Popey456963 issued server command: /spleef flag simple autostart 5
[23:46:02] [Server thread/INFO]: Staff: [Admin] UnSeen
[23:46:02] [Server thread/INFO]: Developers: [Dev] Popey
[23:46:10] [Server thread/INFO]: Popey456963 issued server command: /spleef flag simple bowspleef
[23:46:15] [Netty Epoll Server IO #3/INFO]: [Dev] Popey: May we try it again?
[23:46:22] [Server thread/INFO]: Popey456963 issued server command: /spleef flag simple regen
[23:46:24] [Server thread/INFO]: Popey456963 issued server command: /spleef flag simple regen 9000
[23:46:25] [Netty Epoll Server IO #7/INFO]: [Admin] UnSeen: As many times as you wish
[23:46:27] [Server thread/INFO]: AttrebusMede issued server command: /spleef join
[23:46:30] [Server thread/INFO]: Popey456963 issued server command: /spleef join simple
[23:46:31] [Server thread/INFO]: AttrebusMede issued server command: /spleef join simple
[23:46:44] [Server thread/INFO]: Popey456963 issued server command: /spleef flag simple autostart
[23:46:44] [Server thread/INFO]: Popey456963 issued server command: /spleef flag simple autostart 2
[23:46:50] [Server thread/INFO]: Popey456963 issued server command: /spleef disable
[23:46:53] [Server thread/INFO]: Popey456963 issued server command: /spleef disable simple
[23:46:56] [Netty Epoll Server IO #7/INFO]: [Admin] UnSeen: uh
[23:46:56] [Server thread/INFO]: Staff: [Admin] UnSeen
[23:46:56] [Server thread/INFO]: Developers: [Dev] Popey
[23:47:00] [Server thread/INFO]: Popey456963 issued server command: /spleef enable simple
[23:47:02] [Netty Epoll Server IO #3/INFO]: [Dev] Popey: Try again/
[23:47:04] [Server thread/INFO]: Popey456963 issued server command: /f join simple
[23:47:08] [Server thread/INFO]: Popey456963 issued server command: /spleef join simple
[23:47:12] [Netty Epoll Server IO #3/INFO]: [Dev] Popey: Just needed to refresh the flags, sorry.
[23:47:17] [Server thread/INFO]: AttrebusMede issued server command: /spleef join simple
[23:47:25] [Netty Epoll Server IO #3/INFO]: [Dev] Popey: At least it autostarts now :?
[23:47:27] [Netty Epoll Server IO #7/INFO]: [Admin] UnSeen: lel
[23:47:29] [Netty Epoll Server IO #7/INFO]: [Admin] UnSeen: true
[23:47:29] [Netty Epoll Server IO #3/INFO]: [Dev] Popey: This should be bow spleef
[23:47:32] [Netty Epoll Server IO #3/INFO]: [Dev] Popey: We shoot stuff.
[23:47:43] [Netty Epoll Server IO #3/INFO]: [Dev] Popey: Regen didn't work I see.
[23:47:51] [Server thread/INFO]: Staff: [Admin] UnSeen
[23:47:51] [Server thread/INFO]: Developers: [Dev] Popey
[23:48:45] [Server thread/INFO]: Staff: [Admin] UnSeen
[23:48:45] [Server thread/INFO]: Developers: [Dev] Popey
[23:48:49] [Netty Epoll Server IO #7/INFO]: [Admin] UnSeen: +13.71
[23:48:53] [Netty Epoll Server IO #7/INFO]: [Admin] UnSeen: you are becoming worth less
[23:48:57] [Netty Epoll Server IO #3/INFO]: [Dev] Popey: =(
[23:49:03] [Server thread/INFO]: Popey456963 issued server command: /spleef flag simple
[23:49:17] [Server thread/INFO]: Popey456963 issued server command: /spleef flag simple splegg
[23:49:21] [Server thread/INFO]: Popey456963 issued server command: /spleef flag simple regen
[23:49:22] [Netty Epoll Server IO #7/INFO]: [Admin] UnSeen: also you answered 'I did indeed'
[23:49:23] [Server thread/INFO]: Popey456963 issued server command: /spleef flag simple regen 1
[23:49:25] [Server thread/INFO]: Popey456963 issued server command: /spleef flag simple regen 0
[23:49:25] [Netty Epoll Server IO #7/INFO]: [Admin] UnSeen: to store
[23:49:28] [Netty Epoll Server IO #7/INFO]: [Admin] UnSeen: care for le details
[23:49:33] [Netty Epoll Server IO #3/INFO]: [Dev] Popey: Why yes, of cours.e
[23:49:39] [Server thread/INFO]: Popey456963 issued server command: /spleef flag simple regen 99
[23:49:40] [Server thread/INFO]: Staff: [Admin] UnSeen
[23:49:40] [Server thread/INFO]: Developers: [Dev] Popey
[23:49:40] [Netty Epoll Server IO #7/INFO]: [Admin] UnSeen: np-erino
[23:49:42] [Server thread/INFO]: Popey456963 issued server command: /spleef flag simple regen 100
[23:50:14] [Netty Epoll Server IO #3/INFO]: [Dev] Popey: MinecraftMarket and Buycraft
[23:50:31] [Netty Epoll Server IO #3/INFO]: [Dev] Popey: Of the two, there are advantages and disadvantages.
[23:50:34] [Server thread/INFO]: Staff: [Admin] UnSeen
[23:50:34] [Server thread/INFO]: Developers: [Dev] Popey
[23:50:37] [Netty Epoll Server IO #3/INFO]: [Dev] Popey: Buycraft is very old, perhaps nearly reaching 4 years.
[23:51:01] [Netty Epoll Server IO #3/INFO]: [Dev] Popey: Me having never hheard of it.
[23:51:08] [Netty Epoll Server IO #3/INFO]: [Dev] Popey: However, it is vastly cheaper, open source and seems generally superior.
[23:51:09] [Netty Epoll Server IO #7/INFO]: [Admin] UnSeen: Fuck the Enjin forum [from past experience]
[23:51:12] [Netty Epoll Server IO #3/INFO]: [Dev] Popey: It's a difficult choice.
[23:51:20] [Server thread/INFO]: Gunstar issued server command: /warp spawn
[23:51:23] [Server thread/INFO]: Gunstar issued server command: /spawn
[23:51:27] [Netty Epoll Server IO #7/INFO]: [Admin] UnSeen: hm
[23:51:28] [Netty Epoll Server IO #3/INFO]: [Dev] Popey: Hello Gunstar
[23:51:28] [Server thread/INFO]: Staff: [Admin] UnSeen, [Mod] Gunstar
[23:51:28] [Server thread/INFO]: Developers: [Dev] Popey
[23:51:33] [Netty Epoll Server IO #7/INFO]: [Admin] UnSeen: When you say cheaper
[23:51:39] [Netty Epoll Server IO #10/INFO]: [Mod] Gunstar: hi
[23:51:43] [Netty Epoll Server IO #10/INFO]: [Mod] Gunstar: wtf is this tag
[23:51:50] [Netty Epoll Server IO #7/INFO]: [Admin] UnSeen: shit modstar
[23:52:05] [Server thread/INFO]: Popey456963 issued server command: /pex
[23:52:10] [Server thread/INFO]: Popey456963 issued server command: /pex user Popey456963
[23:52:11] [Netty Epoll Server IO #7/INFO]: [Admin] UnSeen: ^
[23:52:18] [Server thread/INFO]: Popey456963 issued server command: /pex user Gunstar group set SMod
[23:52:23] [Server thread/INFO]: Staff: [Admin] UnSeen, [Senior Mod] Gunstar
[23:52:23] [Server thread/INFO]: Developers: [Dev] Popey
[23:52:24] [Server thread/INFO]: Popey456963 issued server command: /sudo Gunstar me test
[23:52:30] [Netty Epoll Server IO #3/INFO]: [Dev] Popey: Would you mind saying somethign Gunstar?
[23:53:02] [Netty Epoll Server IO #3/INFO]: [Dev] Popey: You know, typing? Using 't'?
[23:53:17] [Server thread/INFO]: Staff: [Admin] UnSeen, [Senior Mod] Gunstar
[23:53:17] [Server thread/INFO]: Developers: [Dev] Popey
[23:53:42] [Netty Epoll Server IO #10/INFO]: [Senior Mod] Gunstar: can we go invis
[23:54:07] [Netty Epoll Server IO #3/INFO]: [Dev] Popey: At least your new mod tag is working.
[23:54:12] [Server thread/INFO]: Staff: [Admin] UnSeen, [Senior Mod] Gunstar
[23:54:12] [Server thread/INFO]: Developers: [Dev] Popey
[23:54:18] [Netty Epoll Server IO #10/INFO]: [Senior Mod] Gunstar: thanks :)
[23:54:35] [Server thread/INFO]: Gunstar issued server command: /f admin
[23:54:59] [Netty Epoll Server IO #10/INFO]: [Senior Mod] Gunstar: who does
[23:54:59] [Netty Epoll Server IO #3/INFO]: [Dev] Popey: It is restricted to admins.
[23:55:00] [Server thread/INFO]: AttrebusMede issued server command: /vanish
[23:55:03] [Netty Epoll Server IO #7/INFO]: [Admin] UnSeen: but I do
[23:55:05] [Netty Epoll Server IO #7/INFO]: [Admin] UnSeen: Keepo
[23:55:06] [Server thread/INFO]: Staff: [HIDDEN][Admin] UnSeen, [Senior Mod] Gunstar
[23:55:06] [Server thread/INFO]: Developers: [Dev] Popey
[23:55:07] [Netty Epoll Server IO #10/INFO]: [Senior Mod] Gunstar: fff
[23:55:12] [Server thread/INFO]: AttrebusMede issued server command: /vanish
[23:55:49] [Netty Epoll Server IO #10/INFO]: [Senior Mod] Gunstar: ye fair enough
[23:55:57] [Netty Epoll Server IO #7/INFO]: [Admin] UnSeen: We can change around different bits and bobs after a while
[23:56:00] [Netty Epoll Server IO #3/INFO]: [Dev] Popey: Vanish might be something we would want to give.
[23:56:01] [Server thread/INFO]: Staff: [Admin] UnSeen, [Senior Mod] Gunstar
[23:56:01] [Server thread/INFO]: Developers: [Dev] Popey
[23:56:05] [Netty Epoll Server IO #7/INFO]: [Admin] UnSeen: We're just getting everythign in first
[23:56:10] [Netty Epoll Server IO #3/INFO]: [Dev] Popey: ^
[23:56:55] [Server thread/INFO]: Staff: [Admin] UnSeen, [Senior Mod] Gunstar
[23:56:55] [Server thread/INFO]: Developers: [Dev] Popey
[23:56:59] [Netty Epoll Server IO #3/INFO]: [Dev] Popey: http://pastebin.com/7BDsLK67
[23:57:19] [Netty Epoll Server IO #10/INFO]: [Senior Mod] Gunstar: k ill take a look
[23:57:22] [Netty Epoll Server IO #7/INFO]: [Admin] UnSeen: omg screamer
[23:57:24] [Netty Epoll Server IO #7/INFO]: [Admin] UnSeen: Kappa
[23:57:33] [Netty Epoll Server IO #10/INFO]: [Senior Mod] Gunstar: fuck u cant copy in MC can uy
[23:57:39] [Netty Epoll Server IO #10/INFO]: [Senior Mod] Gunstar: oh wait u can
[23:57:41] [Netty Epoll Server IO #3/INFO]: [Dev] Popey: It will ask if you want to go to the link.
[23:57:50] [Server thread/INFO]: Staff: [Admin] UnSeen, [Senior Mod] Gunstar
[23:57:50] [Server thread/INFO]: Developers: [Dev] Popey
[23:58:44] [Server thread/INFO]: Staff: [Admin] UnSeen, [Senior Mod] Gunstar
[23:58:44] [Server thread/INFO]: Developers: [Dev] Popey
[23:59:38] [Server thread/INFO]: Staff: [Admin] UnSeen, [Senior Mod] Gunstar
[23:59:38] [Server thread/INFO]: Developers: [Dev] Popey
