[23:12:35] [Server thread/INFO]: Loading properties
[23:12:35] [Server thread/INFO]: Default game type: SURVIVAL
[23:12:35] [Server thread/INFO]: Using epoll channel type
[23:12:36] [Server thread/INFO]: [WorldEdit] Loading WorldEdit v5.6.1
[23:12:36] [Server thread/INFO]: [Essentials] Loading Essentials vTeamCity
[23:12:36] [Server thread/INFO]: [LaggRemover] Loading LaggRemover v0.1.7
[23:12:36] [Server thread/INFO]: [WorldGuard] Loading WorldGuard v6.1
[23:12:36] [Server thread/INFO]: [Multiverse-Core] Loading Multiverse-Core v2.4-b527
[23:12:36] [Server thread/INFO]: [Splegg] Loading Splegg v1.2
[23:12:36] [Server thread/INFO]: [EssentialsProtect] Loading EssentialsProtect vTeamCity
[23:12:36] [Server thread/INFO]: [VoxelSniper] Loading VoxelSniper v7.1.0
[23:12:36] [Server thread/INFO]: [mcMMO] Loading mcMMO v1.5.00-b3547
[23:12:36] [Server thread/INFO]: [Multiverse-NetherPortals] Loading Multiverse-NetherPortals v2.4-b530
[23:12:36] [Server thread/INFO]: [Multiverse-Portals] Loading Multiverse-Portals v2.4-b548
[23:12:36] [Server thread/INFO]: [Vault] Loading Vault v1.5.6-b49
[23:12:36] [Server thread/INFO]: [EssentialsSpawn] Loading EssentialsSpawn vTeamCity
[23:12:36] [Server thread/INFO]: [MinigamesLib] Loading MinigamesLib v1.13.1
[23:12:36] [Server thread/INFO]: [Minigames] Loading Minigames v1.7.0
[23:12:36] [Server thread/INFO]: [MobArena] Loading MobArena v0.97.1
[23:12:36] [Server thread/INFO]: [TNTRun] Loading TNTRun v3.4
[23:12:36] [Server thread/INFO]: [HolographicDisplays] Loading HolographicDisplays v2.1.10
[23:12:36] [Server thread/INFO]: [CommandSigns] Loading CommandSigns v1.9.3.2
[23:12:36] [Server thread/INFO]: [SkyWars] Loading SkyWars v1.1-m16
[23:12:36] [Server thread/INFO]: [EpicSpleef] Loading EpicSpleef v0.0.19
[23:12:36] [Server thread/INFO]: [OnTime] Loading OnTime v4.1.3
[23:12:36] [Server thread/INFO]: [CraftBook] Loading CraftBook v3.9-SNAPSHOT
[23:12:36] [Server thread/INFO]: [mcMMO] Enabling mcMMO v1.5.00-b3547
[23:12:37] [Server thread/INFO]: [Vault] Enabling Vault v1.5.6-b49
[23:12:39] [Server thread/INFO]: [WorldEdit] Enabling WorldEdit v5.6.1
[23:12:39] [Server thread/INFO]: [Essentials] Enabling Essentials vTeamCity
[23:12:39] [Server thread/INFO]: git-Bukkit-9935adc (MC: 1.8.8)
[23:12:39] [Server thread/INFO]: 1.8.8-R0.1-SNAPSHOT
[23:12:39] [Server thread/INFO]: Using locale en_US
[23:12:39] [Server thread/INFO]: Using locale en_US
[23:12:39] [Server thread/INFO]: =-=-=-=-=-=-=-=-=-=-=-=-=-=-=-=-=-=
[23:12:39] [Server thread/INFO]:         Developed by AgentR
[23:12:39] [Server thread/INFO]:               Loading...
[23:12:39] [Server thread/INFO]: =-=-=-=-=-=-=-=-=-=-=-=-=-=-=-=-=-=
[23:12:39] [Server thread/INFO]: =-=-=-=-=-=-=-=-=-=-=-=-=-=-=-=-=-=
[23:12:39] [Server thread/INFO]:         Loaded successfully!
[23:12:39] [Server thread/INFO]: =-=-=-=-=-=-=-=-=-=-=-=-=-=-=-=-=-=
[23:12:39] [Server thread/INFO]: [LaggRemover] Enabling LaggRemover v0.1.7
[23:12:39] [Server thread/INFO]: [LaggRemover] LaggRemover has been enabled!
[23:12:39] [Server thread/INFO]: [WorldGuard] Enabling WorldGuard v6.1
[23:12:40] [Server thread/INFO]: [WorldGuard] (TEST) Lighters are PERMITTED.
[23:12:40] [Server thread/INFO]: [WorldGuard] (TEST) Lava fire is blocked.
[23:12:40] [Server thread/INFO]: [WorldGuard] (TEST) Fire spread is UNRESTRICTED.
[23:12:40] [Server thread/INFO]: [WorldGuard] (TEST_nether) Lighters are PERMITTED.
[23:12:40] [Server thread/INFO]: [WorldGuard] (TEST_nether) Lava fire is blocked.
[23:12:40] [Server thread/INFO]: [WorldGuard] (TEST_nether) Fire spread is UNRESTRICTED.
[23:12:40] [Server thread/INFO]: [WorldGuard] (TEST_the_end) Lighters are PERMITTED.
[23:12:40] [Server thread/INFO]: [WorldGuard] (TEST_the_end) Lava fire is blocked.
[23:12:40] [Server thread/INFO]: [WorldGuard] (TEST_the_end) Fire spread is UNRESTRICTED.
[23:12:40] [Server thread/INFO]: [Multiverse-Core] Enabling Multiverse-Core v2.4-b527
[23:12:40] [Server thread/INFO]: [Multiverse-Core] Loading World & Settings - 'TEST' - Env: NORMAL - Type: NORMAL & seed: -2024018835920597302
[23:12:40] [Server thread/INFO]: [Multiverse-Core] Loading World & Settings - 'TEST_nether' - Env: NETHER - Type: NORMAL & seed: -2024018835920597302
[23:12:40] [Server thread/INFO]: [Multiverse-Core] Loading World & Settings - 'TEST_the_end' - Env: THE_END - Type: NORMAL & seed: -2024018835920597302
[23:12:40] [Server thread/INFO]: [Multiverse-Core] Loading World & Settings - 'lobby' - Env: NORMAL - Type: NORMAL & seed: -3770714656453924402
[23:12:41] [Server thread/INFO]: [WorldGuard] (lobby) Lighters are PERMITTED.
[23:12:41] [Server thread/INFO]: [WorldGuard] (lobby) Lava fire is blocked.
[23:12:41] [Server thread/INFO]: [WorldGuard] (lobby) Fire spread is UNRESTRICTED.
[23:12:41] [Server thread/INFO]: [Multiverse-Core] Loading World & Settings - 'minigames' - Env: NORMAL - Type: FLAT & seed: 2973644325369467684
[23:12:41] [Server thread/INFO]: [WorldGuard] (minigames) Lighters are PERMITTED.
[23:12:41] [Server thread/INFO]: [WorldGuard] (minigames) Lava fire is blocked.
[23:12:41] [Server thread/INFO]: [WorldGuard] (minigames) Fire spread is UNRESTRICTED.
[23:12:42] [Server thread/INFO]: [Multiverse-Core] Loading World & Settings - 'Skywars' - Env: NORMAL - Type: FLAT & seed: 3121935573477155779
[23:12:42] [Server thread/INFO]: [WorldGuard] (Skywars) Lighters are PERMITTED.
[23:12:42] [Server thread/INFO]: [WorldGuard] (Skywars) Lava fire is blocked.
[23:12:42] [Server thread/INFO]: [WorldGuard] (Skywars) Fire spread is UNRESTRICTED.
[23:12:42] [Server thread/INFO]: [Multiverse-Core] Loading World & Settings - 'spawn' - Env: NORMAL - Type: NORMAL & seed: 2261197457111850464
[23:12:42] [Server thread/INFO]: [WorldGuard] (spawn) Lighters are PERMITTED.
[23:12:42] [Server thread/INFO]: [WorldGuard] (spawn) Lava fire is blocked.
[23:12:42] [Server thread/INFO]: [WorldGuard] (spawn) Fire spread is UNRESTRICTED.
[23:12:42] [Server thread/INFO]: [Multiverse-Core] 8 - World(s) loaded.
[23:12:42] [Server thread/INFO]: [Splegg] Enabling Splegg v1.2
[23:12:42] [Server thread/INFO]: [Splegg] Loading map SpleggOne.
[23:12:42] [Server thread/INFO]: [Splegg] Map is usable
[23:12:42] [Server thread/INFO]: [Splegg] Load Complete!
[23:12:42] [Server thread/INFO]: [Splegg] Loading map ArenaOne.
[23:12:42] [Server thread/INFO]: [Splegg] Spawn count is 0
[23:12:42] [Server thread/INFO]: [Splegg] No floors are setup.
[23:12:42] [Server thread/INFO]: [Splegg] --<>-- PLEASE SETUP MAP!! --<>--
[23:12:42] [Server thread/INFO]: [Splegg] Load Complete!
[23:12:42] [Server thread/INFO]: [EssentialsProtect] Enabling EssentialsProtect vTeamCity
[23:12:42] [Server thread/INFO]: [VoxelSniper] Enabling VoxelSniper v7.1.0
[23:12:43] [Server thread/INFO]: [Multiverse-NetherPortals] Enabling Multiverse-NetherPortals v2.4-b530
[23:12:43] [Server thread/INFO]: [Multiverse-Portals] Enabling Multiverse-Portals v2.4-b548
[23:12:43] [Server thread/INFO]: [Multiverse-Portals]  1 - Portals(s) loaded
[23:12:43] [Server thread/INFO]: [EssentialsSpawn] Enabling EssentialsSpawn vTeamCity
[23:12:43] [Server thread/INFO]: [MinigamesLib] Enabling MinigamesLib v1.13.1
[23:12:43] [Server thread/INFO]: [Minigames] Enabling Minigames v1.7.0
[23:12:43] [Server thread/INFO]: [Minigames] Using lang en_AU
[23:12:43] [Server thread/INFO]: Minigames successfully enabled.
[23:12:43] [Server thread/INFO]: [MobArena] Enabling MobArena v0.97.1
[23:12:43] [Server thread/INFO]: [MobArena] Loaded arena 'default'
[23:12:43] [Server thread/INFO]: [MobArena] Loaded arena 'god-arena'
[23:12:43] [Server thread/INFO]: [MobArena] v0.97.1 enabled.
[23:12:43] [Server thread/INFO]: [TNTRun] Enabling TNTRun v3.4
[23:12:43] [Server thread/INFO]: [HolographicDisplays] Enabling HolographicDisplays v2.1.10
[23:12:44] [Server thread/INFO]: [CommandSigns] Enabling CommandSigns v1.9.3.2
[23:12:44] [Server thread/INFO]: [CommandSigns] No signs found.
[23:12:44] [Server thread/INFO]: [SkyWars] Enabling SkyWars v1.1-m16
[23:12:45] [Server thread/INFO]: [WorldGuard] (island-0) Lighters are PERMITTED.
[23:12:45] [Server thread/INFO]: [WorldGuard] (island-0) Lava fire is blocked.
[23:12:45] [Server thread/INFO]: [WorldGuard] (island-0) Fire spread is UNRESTRICTED.
[23:12:45] [Server thread/INFO]: [EpicSpleef] Enabling EpicSpleef v0.0.19
[23:12:45] [Server thread/INFO]: [EpicSpleef] Enabling EpicSpleef by BtoBastian
[23:12:45] [Server thread/INFO]: [EpicSpleef] Loading lobby SpleefOne
[23:12:45] [Server thread/INFO]: [EpicSpleef] Loading arena ArenaOne
[23:12:46] [Server thread/INFO]: [EpicSpleef] Successfully loaded arena ArenaOne. (world: minigames, blocks: 5233, maxPlayers: 0)
[23:12:46] [Server thread/INFO]: [EpicSpleef] Loading arena SpleefOne
[23:12:46] [Server thread/INFO]: [EpicSpleef] Successfully loaded arena SpleefOne. (world: minigames, blocks: 0, maxPlayers: 0)
[23:12:46] [Server thread/INFO]: [OnTime] Enabling OnTime v4.1.3
[23:12:46] [Server thread/INFO]: [CraftBook] Enabling CraftBook v3.9-SNAPSHOT
[23:12:47] [Server thread/INFO]: [CraftBook] Successfully added 1 CommandItems!
[23:12:47] [Server thread/INFO]: [CraftBook] Registered 3 custom recipes!
[23:12:47] [Server thread/INFO]: [CraftBook] 5797 chunk(s) for 9 world(s) processed (34ms elapsed)
[23:12:51] [Server thread/INFO]: Found 0 arenas.
[23:12:53] [Server thread/INFO]: Twiixtor issued server command: /tp crus
[23:12:59] [Server thread/INFO]: Crustifer issued server command: /tp rai
[23:12:59] [Server thread/INFO]: Twiixtor issued server command: /tp Twiixtor 358 4 -939
[23:12:59] [Server thread/INFO]: Twiixtor issued server command: /tppos 358 4 -939
[23:13:06] [Server thread/INFO]: Twiixtor issued server command: /fw
[23:13:21] [Server thread/INFO]: Crustifer issued server command: /spawn
[23:13:33] [Server thread/INFO]: Twiixtor issued server command: //set grass
[23:13:34] [Server thread/INFO]: Developers: [Dev] Chris, [Dev] Twiixtor
[23:13:35] [Server thread/INFO]: Twiixtor issued server command: /spawn
[23:13:38] [Server thread/INFO]: Crustifer issued server command: /tp popey
[23:13:42] [Server thread/INFO]: Popey456963 issued server command: /plugins
[23:14:09] [Server thread/INFO]: Twiixtor issued server command: /tp Twiixtor 593 4 -378
[23:14:09] [Server thread/INFO]: Twiixtor issued server command: /tppos 593 4 -378
[23:14:16] [Server thread/INFO]: ThunderCS issued server command: //undo
[23:14:18] [Server thread/INFO]: Twiixtor issued server command: /tp Twiixtor 34 4 218
[23:14:18] [Server thread/INFO]: Twiixtor issued server command: /tppos 34 4 218
[23:14:20] [Server thread/INFO]: Raichu3000 issued server command: /afk
[23:14:20] [Server thread/INFO]: Players: [Guest] ThunderCS
[23:14:20] [Server thread/INFO]: Developers: [Dev] Chris, [Dev] Popey, [Dev] Twiixtor
[23:14:30] [Server thread/INFO]: ThunderCS issued server command: //set grass
[23:14:37] [Server thread/INFO]: ThunderCS issued server command: /sw
[23:15:02] [Server thread/INFO]: Crustifer issued server command: /back
[23:15:03] [Server thread/INFO]: Crustifer issued server command: /back
[23:15:07] [Server thread/INFO]: Players: [Guest] ThunderCS
[23:15:07] [Server thread/INFO]: Developers: [Dev] Chris, [Dev] Popey, [Dev] Twiixtor
[23:15:17] [Server thread/INFO]: Twiixtor issued server command: //expand vert
[23:15:18] [Server thread/INFO]: Twiixtor issued server command: //regen
[23:15:24] [Server thread/INFO]: ThunderCS issued server command: /sw setlobby
[23:15:32] [Server thread/INFO]: Twiixtor issued server command: /tp rai
[23:15:39] [Server thread/INFO]: Twiixtor issued server command: /back
[23:15:49] [Server thread/INFO]: Crustifer issued server command: /tpa tt
[23:15:51] [Server thread/INFO]: Twiixtor issued server command: /tp Twiixtor 236 32 227
[23:15:51] [Server thread/INFO]: Twiixtor issued server command: /tppos 236 32 227
[23:15:54] [Server thread/INFO]: Players: [Guest] ThunderCS
[23:15:54] [Server thread/INFO]: Developers: [Dev] Chris, [Dev] Popey, [Dev] Twiixtor, [Dev] UnSeen
[23:15:58] [Server thread/INFO]: AttrebusMede issued server command: /tpdeny
[23:16:40] [Server thread/INFO]: Players: [Guest] ThunderCS
[23:16:40] [Server thread/INFO]: Developers: [Dev] Chris, [Dev] Popey, [Dev] Twiixtor, [Dev] UnSeen
[23:16:42] [Server thread/INFO]: Crustifer issued server command: //move
[23:16:53] [Server thread/INFO]: Crustifer issued server command: //undo
[23:16:54] [Server thread/INFO]: Crustifer issued server command: //move 2
[23:17:08] [Server thread/INFO]: Twiixtor issued server command: /tp a
[23:17:08] [Server thread/INFO]: Popey456963 issued server command: /sw
[23:17:18] [Server thread/INFO]: Raichu3000 issued server command: /tp crustifer
[23:17:27] [Server thread/INFO]: Players: [Guest] dankl0rd420, [Guest] ThunderCS
[23:17:27] [Server thread/INFO]: Developers: [Dev] Chris, [Dev] Popey, [Dev] Twiixtor, [Dev] UnSeen
[23:17:34] [Server thread/INFO]: Popey456963 issued server command: /sw start
[23:17:35] [Server thread/INFO]: ThunderCS issued server command: /sw reload
[23:17:38] [Server thread/INFO]: Popey456963 issued server command: /sw reload
[23:17:41] [Server thread/INFO]: Crustifer issued server command: //move
[23:17:43] [Server thread/INFO]: Crustifer issued server command: //undo
[23:17:45] [Server thread/INFO]: Crustifer issued server command: //move 30
[23:17:48] [Server thread/INFO]: Crustifer issued server command: //undo
[23:17:49] [Server thread/INFO]: Stopping the server
[23:17:49] [Server thread/INFO]: Stopping server
[23:17:49] [Server thread/INFO]: [CraftBook] Disabling CraftBook v3.9-SNAPSHOT
[23:17:49] [Server thread/INFO]: [OnTime] Disabling OnTime v4.1.3
[23:17:49] [Server thread/INFO]: [EpicSpleef] Disabling EpicSpleef v0.0.19
[23:17:49] [Server thread/INFO]: [SkyWars] Disabling SkyWars v1.1-m16
[23:17:49] [Server thread/INFO]: [Multiverse-Core] World 'island-0' was unloaded from memory.
[23:17:49] [Server thread/INFO]: [Multiverse-Core] World island-0 was DELETED.
[23:17:49] [Server thread/INFO]: [CommandSigns] Disabling CommandSigns v1.9.3.2
[23:17:49] [Server thread/INFO]: [HolographicDisplays] Disabling HolographicDisplays v2.1.10
[23:17:49] [Server thread/INFO]: [TNTRun] Disabling TNTRun v3.4
[23:17:49] [Server thread/INFO]: [MobArena] Disabling MobArena v0.97.1
[23:17:49] [Server thread/INFO]: [MobArena] disabled.
[23:17:49] [Server thread/INFO]: [Minigames] Disabling Minigames v1.7.0
[23:17:49] [Server thread/INFO]: Minigames successfully disabled.
[23:17:49] [Server thread/INFO]: [MinigamesLib] Disabling MinigamesLib v1.13.1
[23:17:49] [Server thread/INFO]: [EssentialsSpawn] Disabling EssentialsSpawn vTeamCity
[23:17:49] [Server thread/INFO]: [Vault] Disabling Vault v1.5.6-b49
[23:17:49] [Server thread/INFO]: [Multiverse-Portals] Disabling Multiverse-Portals v2.4-b548
[23:17:49] [Server thread/INFO]: [Multiverse-NetherPortals] Disabling Multiverse-NetherPortals v2.4-b530
[23:17:49] [Server thread/INFO]: [MultiVerse-NetherPortals] - Disabled
[23:17:49] [Server thread/INFO]: [mcMMO] Disabling mcMMO v1.5.00-b3547
