[00:00:05] [Server thread/INFO]: [Giraffe] Twiixtor: it wuuuurks
[00:00:23] [Server thread/INFO]: MrHappyHyena left the game.
[00:00:36] [Server thread/INFO]: giraffe: [Giraffe] Twiixtor
[00:01:23] [Server thread/INFO]: giraffe: [Giraffe] Twiixtor
[00:02:09] [Server thread/INFO]: giraffe: [Giraffe] Twiixtor
[00:02:56] [Server thread/INFO]: giraffe: [Giraffe] Twiixtor
[00:03:42] [Server thread/INFO]: giraffe: [Giraffe] Twiixtor
[00:04:29] [Server thread/INFO]: giraffe: [Giraffe] Twiixtor
[00:05:16] [Server thread/INFO]: giraffe: [Giraffe] Twiixtor
[00:06:02] [Server thread/INFO]: giraffe: [Giraffe] Twiixtor
[00:06:21] [Server thread/INFO]: Twiixtor left the game.
[00:06:49] [Server thread/INFO]: Players: [Guest] MrHappyHyena
[00:07:35] [Server thread/INFO]: Players: [Guest] MrHappyHyena
[00:07:48] [Server thread/INFO]: MrHappyHyena issued server command: /fly
[00:08:22] [Server thread/INFO]: Players: [Guest] MrHappyHyena
[00:09:50] [Server thread/INFO]: Players: [Guest] MrHappyHyena
[00:10:36] [Server thread/INFO]: Players: [Guest] MrHappyHyena
[00:11:23] [Server thread/INFO]: Players: [Guest] MrHappyHyena
[00:12:09] [Server thread/INFO]: Players: [Guest] MrHappyHyena
[00:12:56] [Server thread/INFO]: Players: [Guest] MrHappyHyena
[00:13:41] [Server thread/INFO]: MrHappyHyena left the game.
[00:22:56] [Server thread/INFO]: Players: [Guest] MrHappyHyena
[00:23:43] [Server thread/INFO]: Players: [Guest] MrHappyHyena
[00:24:29] [Server thread/INFO]: Players: [Guest] MrHappyHyena
[00:25:16] [Server thread/INFO]: Players: [Guest] MrHappyHyena
[00:26:02] [Server thread/INFO]: Players: [Guest] MrHappyHyena
[00:26:45] [Server thread/INFO]: MrHappyHyena issued server command: /night
[00:26:49] [Server thread/INFO]: Players: [Guest] MrHappyHyena
[00:27:00] [Server thread/INFO]: MrHappyHyena issued server command: /day
[00:27:35] [Server thread/INFO]: Players: [Guest] MrHappyHyena
[00:28:22] [Server thread/INFO]: Players: [Guest] MrHappyHyena
[00:29:50] [Server thread/INFO]: Players: [Guest] MrHappyHyena
[00:30:36] [Server thread/INFO]: Players: [Guest] MrHappyHyena
[00:31:23] [Server thread/INFO]: Players: [Guest] MrHappyHyena
[00:32:09] [Server thread/INFO]: Players: [Guest] MrHappyHyena
[00:32:56] [Server thread/INFO]: Players: [Guest] MrHappyHyena
[00:33:43] [Server thread/INFO]: Players: [Guest] MrHappyHyena
[00:34:29] [Server thread/INFO]: Players: [Guest] MrHappyHyena
[00:35:16] [Server thread/INFO]: Players: [Guest] MrHappyHyena
[00:36:02] [Server thread/INFO]: Players: [Guest] MrHappyHyena
[00:36:49] [Server thread/INFO]: Players: [Guest] MrHappyHyena
[00:37:35] [Server thread/INFO]: Players: [Guest] MrHappyHyena
[00:38:22] [Server thread/INFO]: Players: [Guest] MrHappyHyena
[00:39:14] [Server thread/INFO]: MrHappyHyena left the game.
[18:49:51] [Server thread/INFO]: Players: [Guest] MrHappyHyena
[18:49:51] [Server thread/INFO]: giraffe: [Giraffe] Twiixtor
[18:50:17] [Server thread/INFO]: MrHappyHyena issued server command: /tp twi
[18:50:30] [Server thread/INFO]: MrHappyHyena issued server command: /home home
[18:50:38] [Server thread/INFO]: Players: [Guest] MrHappyHyena
[18:50:38] [Server thread/INFO]: giraffe: [Giraffe] Twiixtor
[18:51:24] [Server thread/INFO]: Players: [Guest] MrHappyHyena
[18:51:24] [Server thread/INFO]: giraffe: [Giraffe] Twiixtor
[18:52:11] [Server thread/INFO]: Players: [Guest] MrHappyHyena
[18:52:11] [Server thread/INFO]: giraffe: [Giraffe] Twiixtor
[18:52:58] [Server thread/INFO]: Players: [Guest] MrHappyHyena
[18:52:58] [Server thread/INFO]: giraffe: [Giraffe] Twiixtor
[18:53:44] [Server thread/INFO]: Players: [Guest] MrHappyHyena
[18:53:44] [Server thread/INFO]: giraffe: [Giraffe] Twiixtor
[18:54:31] [Server thread/INFO]: Players: [Guest] MrHappyHyena
[18:54:31] [Server thread/INFO]: giraffe: [Giraffe] Twiixtor
[18:55:18] [Server thread/INFO]: Players: [Guest] MrHappyHyena
[18:55:18] [Server thread/INFO]: giraffe: [Giraffe] Twiixtor
[18:56:04] [Server thread/INFO]: Players: [Guest] MrHappyHyena
[18:56:04] [Server thread/INFO]: giraffe: [Giraffe] Twiixtor
[18:56:44] [Server thread/INFO]: Twiixtor issued server command: /plugman reload
[18:56:51] [Server thread/INFO]: Players: [Guest] MrHappyHyena
[18:56:51] [Server thread/INFO]: giraffe: [Giraffe] Twiixtor
[18:56:54] [Server thread/INFO]: Twiixtor issued server command: /plugman reload all
[18:56:54] [Server thread/INFO]: [DisguiseCraft] Disabling DisguiseCraft v5.2
[18:56:54] [Server thread/INFO]: [WorldEdit] Disabling WorldEdit v6.1;no_git_id
[18:56:55] [Server thread/INFO]: [Essentials] Disabling Essentials vTeamCity
[18:56:57] [Server thread/INFO]: [LaggRemover] Disabling LaggRemover v0.1.8
[18:56:57] [Server thread/INFO]: [LaggRemover] LaggRemover has been disabled!
[18:56:58] [Server thread/INFO]: [LaggRemover] Enabling LaggRemover v0.1.8
[18:56:58] [Server thread/INFO]: [LaggRemover] LaggRemover has been enabled!
[18:56:58] [Server thread/INFO]: [WorldGuard] Disabling WorldGuard v6.1
[18:56:58] [Server thread/INFO]: [WorldGuard] Shutting down executor and waiting for any pending tasks...
[18:56:58] [Server thread/INFO]: [Multiverse-Core] Disabling Multiverse-Core v2.4-b527
[18:56:58] [Server thread/INFO]: [Multiverse-NetherPortals] Disabling Multiverse-NetherPortals v2.4-b530
[18:56:58] [Server thread/INFO]: [MultiVerse-NetherPortals] - Disabled
[18:56:58] [Server thread/INFO]: [Multiverse-Portals] Disabling Multiverse-Portals v2.4-b548
[18:56:58] [Server thread/INFO]: [Multiverse-Core] - Disabled
[18:56:59] [Server thread/INFO]: [Splegg] Disabling Splegg v1.2
[18:56:59] [Server thread/INFO]: [Splegg] Enabling Splegg v1.2
[18:56:59] [Server thread/INFO]: [Splegg] Disabling Splegg v1.2
[18:56:59] [Server thread/INFO]: [EssentialsProtect] Disabling EssentialsProtect vTeamCity
[18:56:59] [Server thread/INFO]: [VoxelSniper] Disabling VoxelSniper v7.1.0
[18:57:00] [Server thread/ERROR]: null
[18:57:29] [Server thread/INFO]: MrHappyHyena left the game.
[18:57:39] [Server thread/INFO]: Stopping the server
[18:57:39] [Server thread/INFO]: Stopping server
[18:57:39] [Server thread/INFO]: [LaggRemover] Disabling LaggRemover v0.1.8
[18:57:39] [Server thread/INFO]: [LaggRemover] LaggRemover has been disabled!
[18:57:39] [Server thread/INFO]: [CraftBook] Disabling CraftBook v3.9-SNAPSHOT
[18:57:39] [Server thread/INFO]: [OnTime] Disabling OnTime v4.1.3
[18:57:39] [Server thread/INFO]: [EpicSpleef] Disabling EpicSpleef v0.0.19
[18:57:39] [Server thread/INFO]: [SkyWars] Disabling SkyWars v1.1-m16
[18:57:39] [Server thread/INFO]: [SkyWars] World 'island-0' was unloaded from memory.
[18:57:39] [Server thread/INFO]: [SkyWars] World 'island-0' was deleted.
[18:57:39] [Server thread/INFO]: [CommandSigns] Disabling CommandSigns v1.9.3.2
[18:57:39] [Server thread/INFO]: [HolographicDisplays] Disabling HolographicDisplays v2.1.10
[18:57:39] [Server thread/INFO]: [TNTRun] Disabling TNTRun v3.4
[18:57:39] [Server thread/INFO]: [MobArena] Disabling MobArena v0.97.1
[18:57:39] [Server thread/INFO]: [MobArena] disabled.
[18:57:39] [Server thread/INFO]: [Minigames] Disabling Minigames v1.7.0
[18:57:39] [Server thread/INFO]: Minigames successfully disabled.
[18:57:39] [Server thread/INFO]: [MinigamesLib] Disabling MinigamesLib v1.13.1
[18:57:39] [Server thread/INFO]: [MassiveCore] Disabling MassiveCore v2.8.0
[18:57:39] [Server thread/INFO]: [MassiveCore 2.8.0] Disabled
[18:57:39] [Server thread/INFO]: [EssentialsSpawn] Disabling EssentialsSpawn vTeamCity
[18:57:39] [Server thread/INFO]: [Vault] Disabling Vault v1.5.6-b49
[18:57:39] [Server thread/INFO]: [SuperVanish] Disabling SuperVanish v5.4.3
[18:57:39] [Server thread/INFO]: [mcMMO] Disabling mcMMO v1.5.00-b3547
[18:57:41] [Server thread/INFO]: [PlugMan] Disabling PlugMan v2.0.7
[18:57:41] [Server thread/INFO]: Twiixtor left the game.
