[22:34:02] [Server thread/INFO]: Loading properties
[22:34:02] [Server thread/INFO]: Default game type: SURVIVAL
[22:34:03] [Server thread/INFO]: Using epoll channel type
[22:34:04] [Server thread/INFO]: [DisguiseCraft] Loading DisguiseCraft v5.2
[22:34:04] [Server thread/INFO]: [WorldEdit] Loading WorldEdit v6.1;no_git_id
[22:34:04] [Server thread/INFO]: [Essentials] Loading Essentials vTeamCity
[22:34:04] [Server thread/INFO]: [PlugMan] Loading PlugMan v2.0.7
[22:34:04] [Server thread/INFO]: [LaggRemover] Loading LaggRemover v0.1.8
[22:34:04] [Server thread/INFO]: [WorldGuard] Loading WorldGuard v6.1
[22:34:04] [Server thread/INFO]: [Multiverse-Core] Loading Multiverse-Core v2.4-b527
[22:34:04] [Server thread/INFO]: [Splegg] Loading Splegg v1.2
[22:34:04] [Server thread/INFO]: [EssentialsProtect] Loading EssentialsProtect vTeamCity
[22:34:04] [Server thread/INFO]: [VoxelSniper] Loading VoxelSniper v7.1.0
[22:34:04] [Server thread/INFO]: [mcMMO] Loading mcMMO v1.5.00-b3547
[22:34:04] [Server thread/INFO]: [Multiverse-NetherPortals] Loading Multiverse-NetherPortals v2.4-b530
[22:34:04] [Server thread/INFO]: [SuperVanish] Loading SuperVanish v5.4.3
[22:34:04] [Server thread/INFO]: [Multiverse-Portals] Loading Multiverse-Portals v2.4-b548
[22:34:04] [Server thread/INFO]: [Vault] Loading Vault v1.5.6-b49
[22:34:04] [Server thread/INFO]: [EssentialsSpawn] Loading EssentialsSpawn vTeamCity
[22:34:04] [Server thread/INFO]: [MassiveCore] Loading MassiveCore v2.8.0
[22:34:04] [Server thread/INFO]: TimeUnit.MILLIS_PER_MINUTE: 60000
[22:34:04] [Server thread/INFO]: [MinigamesLib] Loading MinigamesLib v1.13.1
[22:34:04] [Server thread/INFO]: [Minigames] Loading Minigames v1.7.0
[22:34:04] [Server thread/INFO]: [MobArena] Loading MobArena v0.97.1
[22:34:04] [Server thread/INFO]: [TNTRun] Loading TNTRun v3.4
[22:34:04] [Server thread/INFO]: [HolographicDisplays] Loading HolographicDisplays v2.1.10
[22:34:04] [Server thread/INFO]: [CommandSigns] Loading CommandSigns v1.9.3.2
[22:34:04] [Server thread/INFO]: [SkyWars] Loading SkyWars v1.1-m16
[22:34:04] [Server thread/INFO]: [EpicSpleef] Loading EpicSpleef v0.0.19
[22:34:04] [Server thread/INFO]: [OnTime] Loading OnTime v4.1.3
[22:34:04] [Server thread/INFO]: [CraftBook] Loading CraftBook v3.9-SNAPSHOT
[22:34:04] [Server thread/INFO]: [mcMMO] Enabling mcMMO v1.5.00-b3547
[22:34:06] [Server thread/INFO]: [Vault] Enabling Vault v1.5.6-b49
[22:34:06] [Server thread/INFO]: [MassiveCore] Enabling MassiveCore v2.8.0
[22:34:06] [Server thread/INFO]: [MassiveCore 2.8.0] === ENABLE START ===
[22:34:06] [Server thread/INFO]: [MassiveCore 2.8.0] §eSetup of IdUtil took §d8§ems.
[22:34:06] [Server thread/INFO]: [MassiveCore 2.8.0] === ENABLE §aCOMPLETE §e(Took §d201ms§e) ===
[22:34:09] [Server thread/INFO]: Preparing spawn area: 90%
[22:34:09] [Server thread/INFO]: [DisguiseCraft] Enabling DisguiseCraft v5.2
[22:34:09] [Server thread/INFO]: [WorldEdit] Enabling WorldEdit v6.1;no_git_id
[22:34:09] [Server thread/INFO]: [WorldEdit] Using com.sk89q.worldedit.bukkit.adapter.impl.Spigot_v1_8_R3 as the Bukkit adapter
[22:34:09] [Server thread/INFO]: [Essentials] Enabling Essentials vTeamCity
[22:34:09] [Server thread/INFO]: git-Bukkit-9935adc (MC: 1.8.8)
[22:34:09] [Server thread/INFO]: 1.8.8-R0.1-SNAPSHOT
[22:34:09] [Server thread/INFO]: Using locale en_US
[22:34:09] [Server thread/INFO]: Using locale en_US
[22:34:09] [Server thread/INFO]: [PlugMan] Enabling PlugMan v2.0.7
[22:34:09] [Server thread/INFO]: [LaggRemover] Enabling LaggRemover v0.1.8
[22:34:09] [Server thread/INFO]: [LaggRemover] LaggRemover has been enabled!
[22:34:10] [Server thread/INFO]: [WorldGuard] Enabling WorldGuard v6.1
[22:34:10] [Server thread/INFO]: [WorldGuard] (survival) Lighters are PERMITTED.
[22:34:10] [Server thread/INFO]: [WorldGuard] (survival) Lava fire is blocked.
[22:34:10] [Server thread/INFO]: [WorldGuard] (survival) Fire spread is UNRESTRICTED.
[22:34:10] [Server thread/INFO]: [WorldGuard] (survival_nether) Lighters are PERMITTED.
[22:34:10] [Server thread/INFO]: [WorldGuard] (survival_nether) Lava fire is blocked.
[22:34:10] [Server thread/INFO]: [WorldGuard] (survival_nether) Fire spread is UNRESTRICTED.
[22:34:10] [Server thread/INFO]: [WorldGuard] (survival_the_end) Lighters are PERMITTED.
[22:34:10] [Server thread/INFO]: [WorldGuard] (survival_the_end) Lava fire is blocked.
[22:34:10] [Server thread/INFO]: [WorldGuard] (survival_the_end) Fire spread is UNRESTRICTED.
[22:34:10] [Server thread/INFO]: [Multiverse-Core] Enabling Multiverse-Core v2.4-b527
[22:34:11] [Server thread/INFO]: [Multiverse-Core] Loading World & Settings - 'lobby' - Env: NORMAL - Type: NORMAL & seed: -3770714656453924402
[22:34:11] [Server thread/INFO]: [WorldGuard] (lobby) Lighters are PERMITTED.
[22:34:11] [Server thread/INFO]: [WorldGuard] (lobby) Lava fire is blocked.
[22:34:11] [Server thread/INFO]: [WorldGuard] (lobby) Fire spread is UNRESTRICTED.
[22:34:12] [Server thread/INFO]: [Multiverse-Core] Loading World & Settings - 'minigames' - Env: NORMAL - Type: FLAT & seed: 2973644325369467684
[22:34:12] [Server thread/INFO]: [WorldGuard] (minigames) Lighters are PERMITTED.
[22:34:12] [Server thread/INFO]: [WorldGuard] (minigames) Lava fire is blocked.
[22:34:12] [Server thread/INFO]: [WorldGuard] (minigames) Fire spread is UNRESTRICTED.
[22:34:12] [Server thread/INFO]: [Multiverse-Core] Loading World & Settings - 'Skywars' - Env: NORMAL - Type: FLAT & seed: 3121935573477155779
[22:34:13] [Server thread/INFO]: [WorldGuard] (Skywars) Lighters are PERMITTED.
[22:34:13] [Server thread/INFO]: [WorldGuard] (Skywars) Lava fire is blocked.
[22:34:13] [Server thread/INFO]: [WorldGuard] (Skywars) Fire spread is UNRESTRICTED.
[22:34:13] [Server thread/INFO]: [Multiverse-Core] Loading World & Settings - 'survival' - Env: NORMAL - Type: NORMAL & seed: 417882899938927719
[22:34:13] [Server thread/INFO]: [Multiverse-Core] Loading World & Settings - 'survival_nether' - Env: NETHER - Type: NORMAL & seed: 6261662807370706275
[22:34:13] [Server thread/ERROR]: [Multiverse-Core] New safe spawn NOT found!!!
[22:34:13] [Server thread/INFO]: [Multiverse-Core] Loading World & Settings - 'survival_the_end' - Env: THE_END - Type: NORMAL & seed: 6261662807370706275
[22:34:13] [Server thread/INFO]: [Multiverse-Core] Loading World & Settings - 'hyena' - Env: NORMAL - Type: NORMAL & seed: -8173056472171201028
[22:34:13] [Server thread/INFO]: [WorldGuard] (hyena) Lighters are PERMITTED.
[22:34:13] [Server thread/INFO]: [WorldGuard] (hyena) Lava fire is blocked.
[22:34:13] [Server thread/INFO]: [WorldGuard] (hyena) Fire spread is UNRESTRICTED.
[22:34:13] [Server thread/INFO]: [Multiverse-Core] 7 - World(s) loaded.
[22:34:13] [Server thread/INFO]: [Splegg] Enabling Splegg v1.2
[22:34:14] [Server thread/INFO]: [Splegg] Loading map SpleggOne.
[22:34:14] [Server thread/INFO]: [Splegg] Map is usable
[22:34:14] [Server thread/INFO]: [Splegg] Load Complete!
[22:34:14] [Server thread/INFO]: [Splegg] Loading map ArenaOne.
[22:34:14] [Server thread/INFO]: [Splegg] Spawn count is 0
[22:34:14] [Server thread/INFO]: [Splegg] No floors are setup.
[22:34:14] [Server thread/INFO]: [Splegg] --<>-- PLEASE SETUP MAP!! --<>--
[22:34:14] [Server thread/INFO]: [Splegg] Load Complete!
[22:34:14] [Server thread/INFO]: [EssentialsProtect] Enabling EssentialsProtect vTeamCity
[22:34:14] [Server thread/INFO]: [VoxelSniper] Enabling VoxelSniper v7.1.0
[22:34:14] [Server thread/INFO]: [Multiverse-NetherPortals] Enabling Multiverse-NetherPortals v2.4-b530
[22:34:14] [Server thread/INFO]: [SuperVanish] Enabling SuperVanish v5.4.3
[22:34:14] [Server thread/INFO]: [Multiverse-Portals] Enabling Multiverse-Portals v2.4-b548
[22:34:14] [Server thread/INFO]: [Multiverse-Portals]  1 - Portals(s) loaded
[22:34:14] [Server thread/INFO]: [EssentialsSpawn] Enabling EssentialsSpawn vTeamCity
[22:34:14] [Server thread/INFO]: [MinigamesLib] Enabling MinigamesLib v1.13.1
[22:34:14] [Server thread/INFO]: [Minigames] Enabling Minigames v1.7.0
[22:34:14] [Server thread/INFO]: [Minigames] Using lang en_AU
[22:34:15] [Server thread/INFO]: Minigames successfully enabled.
[22:34:15] [Server thread/INFO]: [MobArena] Enabling MobArena v0.97.1
[22:34:15] [Server thread/INFO]: [MobArena] Loaded arena 'god-arena'
[22:34:15] [Server thread/INFO]: [MobArena] v0.97.1 enabled.
[22:34:15] [Server thread/INFO]: [TNTRun] Enabling TNTRun v3.4
[22:34:15] [Server thread/INFO]: [HolographicDisplays] Enabling HolographicDisplays v2.1.10
[22:34:16] [Server thread/INFO]: [CommandSigns] Enabling CommandSigns v1.9.3.2
[22:34:16] [Server thread/INFO]: [CommandSigns] Successfully loaded 0 signs
[22:34:16] [Server thread/INFO]: [SkyWars] Enabling SkyWars v1.1-m16
[22:34:17] [Server thread/INFO]: [WorldGuard] (island-0) Lighters are PERMITTED.
[22:34:17] [Server thread/INFO]: [WorldGuard] (island-0) Lava fire is blocked.
[22:34:17] [Server thread/INFO]: [WorldGuard] (island-0) Fire spread is UNRESTRICTED.
[22:34:17] [Server thread/INFO]: [EpicSpleef] Enabling EpicSpleef v0.0.19
[22:34:17] [Server thread/INFO]: [EpicSpleef] Enabling EpicSpleef by BtoBastian
[22:34:17] [Server thread/INFO]: [EpicSpleef] Loading lobby SpleefOne
[22:34:17] [Server thread/INFO]: [EpicSpleef] Loading arena ArenaOne
[22:34:18] [Server thread/INFO]: [EpicSpleef] Successfully loaded arena ArenaOne. (world: minigames, blocks: 5233, maxPlayers: 0)
[22:34:18] [Server thread/INFO]: [EpicSpleef] Loading arena SpleefOne
[22:34:18] [Server thread/INFO]: [EpicSpleef] Successfully loaded arena SpleefOne. (world: minigames, blocks: 0, maxPlayers: 0)
[22:34:18] [Server thread/INFO]: [OnTime] Enabling OnTime v4.1.3
[22:34:18] [Server thread/INFO]: [CraftBook] Enabling CraftBook v3.9-SNAPSHOT
[22:34:20] [Server thread/INFO]: [CraftBook] Successfully added 1 CommandItems!
[22:34:20] [Server thread/INFO]: [CraftBook] Registered 3 custom recipes!
[22:34:20] [Server thread/INFO]: [CraftBook] 5075 chunk(s) for 8 world(s) processed (28ms elapsed)
[22:34:22] [Server thread/INFO]: Found 0 arenas.
[22:34:35] [Server thread/INFO]: Twiixtor issued server command: /tp Twiixtor -1455 4 1452
[22:34:35] [Server thread/INFO]: Twiixtor issued server command: /tppos -1455 4 1452
[22:34:40] [Server thread/INFO]: Twiixtor issued server command: /tp Twiixtor -1234 4 1440
[22:34:40] [Server thread/INFO]: Twiixtor issued server command: /tppos -1234 4 1440
[22:34:43] [Server thread/INFO]: Twiixtor issued server command: /tp Twiixtor -1131 4 1464
[22:34:43] [Server thread/INFO]: Twiixtor issued server command: /tppos -1131 4 1464
[22:35:00] [Server thread/INFO]: Twiixtor issued server command: //paste
[22:35:06] [Server thread/INFO]: giraffe: [Giraffe] Twiixtor
[22:35:21] [Server thread/INFO]: Twiixtor issued server command: //undo
[22:35:29] [Server thread/INFO]: Twiixtor issued server command: /tp Twiixtor -1302 4 1128
[22:35:29] [Server thread/INFO]: Twiixtor issued server command: /tppos -1302 4 1128
[22:35:34] [Server thread/INFO]: Twiixtor issued server command: //paste
[22:35:41] [Server thread/INFO]: Twiixtor issued server command: //undo
[22:35:44] [Server thread/INFO]: Twiixtor issued server command: /tp Twiixtor -1414 5 1051
[22:35:44] [Server thread/INFO]: Twiixtor issued server command: /tppos -1414 5 1051
[22:35:49] [Server thread/INFO]: Twiixtor issued server command: //paste
[22:35:53] [Server thread/INFO]: giraffe: [Giraffe] Twiixtor
[22:36:40] [Server thread/INFO]: giraffe: [Giraffe] Twiixtor
[22:36:43] [Server thread/INFO]: Twiixtor issued server command: /tp Twiixtor -1692 4 1052
[22:36:43] [Server thread/INFO]: Twiixtor issued server command: /tppos -1692 4 1052
[22:36:45] [Server thread/INFO]: Twiixtor issued server command: //paste
[22:36:54] [Server thread/INFO]: Twiixtor issued server command: //undo
[22:37:25] [Server thread/INFO]: Twiixtor issued server command: /tp Twiixtor -1162 4 1499
[22:37:25] [Server thread/INFO]: Twiixtor issued server command: /tppos -1162 4 1499
[22:37:26] [Server thread/INFO]: giraffe: [Giraffe] Twiixtor
[22:37:31] [Server thread/INFO]: Twiixtor issued server command: //paste
[22:38:31] [Thread-3/INFO]: Stopping server
