[21:57:23] [Server thread/INFO]: Loading properties
[21:57:23] [Server thread/INFO]: Default game type: SURVIVAL
[21:57:23] [Server thread/INFO]: Using epoll channel type
[21:57:24] [Server thread/INFO]: [WorldEdit] Loading WorldEdit v6.1;no_git_id
[21:57:24] [Server thread/INFO]: [Essentials] Loading Essentials vTeamCity
[21:57:24] [Server thread/INFO]: [PlugMan] Loading PlugMan v2.0.7
[21:57:24] [Server thread/INFO]: [LaggRemover] Loading LaggRemover v0.1.7
[21:57:24] [Server thread/INFO]: [WorldGuard] Loading WorldGuard v6.1
[21:57:24] [Server thread/INFO]: [Multiverse-Core] Loading Multiverse-Core v2.4-b527
[21:57:24] [Server thread/INFO]: [Splegg] Loading Splegg v1.2
[21:57:24] [Server thread/INFO]: [EssentialsProtect] Loading EssentialsProtect vTeamCity
[21:57:24] [Server thread/INFO]: [VoxelSniper] Loading VoxelSniper v7.1.0
[21:57:24] [Server thread/INFO]: [Multiverse-NetherPortals] Loading Multiverse-NetherPortals v2.4-b530
[21:57:24] [Server thread/INFO]: [Multiverse-Portals] Loading Multiverse-Portals v2.4-b548
[21:57:24] [Server thread/INFO]: [Vault] Loading Vault v1.5.6-b49
[21:57:24] [Server thread/INFO]: [EssentialsSpawn] Loading EssentialsSpawn vTeamCity
[21:57:24] [Server thread/INFO]: [MinigamesLib] Loading MinigamesLib v1.13.1
[21:57:24] [Server thread/INFO]: [Minigames] Loading Minigames v1.7.0
[21:57:24] [Server thread/INFO]: [TNTRun] Loading TNTRun v3.4
[21:57:24] [Server thread/INFO]: [HolographicDisplays] Loading HolographicDisplays v2.1.10
[21:57:24] [Server thread/INFO]: [CommandSigns] Loading CommandSigns v1.9.3.2
[21:57:24] [Server thread/INFO]: [SkyWars] Loading SkyWars v1.1-m16
[21:57:24] [Server thread/INFO]: [EpicSpleef] Loading EpicSpleef v0.0.19
[21:57:24] [Server thread/INFO]: [OnTime] Loading OnTime v4.1.3
[21:57:24] [Server thread/INFO]: [CraftBook] Loading CraftBook v3.9-SNAPSHOT
[21:57:24] [Server thread/INFO]: [Vault] Enabling Vault v1.5.6-b49
[21:57:26] [Server thread/INFO]: [WorldEdit] Enabling WorldEdit v6.1;no_git_id
[21:57:26] [Server thread/INFO]: [WorldEdit] Using com.sk89q.worldedit.bukkit.adapter.impl.Spigot_v1_8_R3 as the Bukkit adapter
[21:57:26] [Server thread/INFO]: [Essentials] Enabling Essentials vTeamCity
[21:57:26] [Server thread/INFO]: git-Bukkit-9935adc (MC: 1.8.8)
[21:57:26] [Server thread/INFO]: 1.8.8-R0.1-SNAPSHOT
[21:57:26] [Server thread/INFO]: Using locale en_GB
[21:57:27] [Server thread/INFO]: Using locale en_GB
[21:57:27] [Server thread/INFO]: [PlugMan] Enabling PlugMan v2.0.7
[21:57:27] [Server thread/INFO]: [LaggRemover] Enabling LaggRemover v0.1.7
[21:57:27] [Server thread/INFO]: [LaggRemover] LaggRemover has been enabled!
[21:57:27] [Server thread/INFO]: [WorldGuard] Enabling WorldGuard v6.1
[21:57:27] [Server thread/INFO]: [WorldGuard] (TEST) Lighters are PERMITTED.
[21:57:27] [Server thread/INFO]: [WorldGuard] (TEST) Lava fire is blocked.
[21:57:27] [Server thread/INFO]: [WorldGuard] (TEST) Fire spread is UNRESTRICTED.
[21:57:27] [Server thread/INFO]: [WorldGuard] (TEST_nether) Lighters are PERMITTED.
[21:57:27] [Server thread/INFO]: [WorldGuard] (TEST_nether) Lava fire is blocked.
[21:57:27] [Server thread/INFO]: [WorldGuard] (TEST_nether) Fire spread is UNRESTRICTED.
[21:57:27] [Server thread/INFO]: [WorldGuard] (TEST_the_end) Lighters are PERMITTED.
[21:57:27] [Server thread/INFO]: [WorldGuard] (TEST_the_end) Lava fire is blocked.
[21:57:27] [Server thread/INFO]: [WorldGuard] (TEST_the_end) Fire spread is UNRESTRICTED.
[21:57:28] [Server thread/INFO]: [Multiverse-Core] Enabling Multiverse-Core v2.4-b527
[21:57:28] [Server thread/INFO]: [Multiverse-Core] Loading World & Settings - 'TEST' - Env: NORMAL - Type: NORMAL & seed: -2024018835920597302
[21:57:28] [Server thread/INFO]: [Multiverse-Core] Loading World & Settings - 'TEST_nether' - Env: NETHER - Type: NORMAL & seed: -2024018835920597302
[21:57:28] [Server thread/INFO]: [Multiverse-Core] Loading World & Settings - 'TEST_the_end' - Env: THE_END - Type: NORMAL & seed: -2024018835920597302
[21:57:28] [Server thread/INFO]: [Multiverse-Core] Loading World & Settings - 'lobby' - Env: NORMAL - Type: NORMAL & seed: -3770714656453924402
[21:57:28] [Server thread/INFO]: [WorldGuard] (lobby) Lighters are PERMITTED.
[21:57:28] [Server thread/INFO]: [WorldGuard] (lobby) Lava fire is blocked.
[21:57:28] [Server thread/INFO]: [WorldGuard] (lobby) Fire spread is UNRESTRICTED.
[21:57:28] [Server thread/INFO]: [Multiverse-Core] Loading World & Settings - 'minigames' - Env: NORMAL - Type: FLAT & seed: 2973644325369467684
[21:57:28] [Server thread/INFO]: [WorldGuard] (minigames) Lighters are PERMITTED.
[21:57:28] [Server thread/INFO]: [WorldGuard] (minigames) Lava fire is blocked.
[21:57:28] [Server thread/INFO]: [WorldGuard] (minigames) Fire spread is UNRESTRICTED.
[21:57:29] [Server thread/INFO]: [Multiverse-Core] Loading World & Settings - 'Skywars' - Env: NORMAL - Type: FLAT & seed: 3121935573477155779
[21:57:29] [Server thread/INFO]: [WorldGuard] (Skywars) Lighters are PERMITTED.
[21:57:29] [Server thread/INFO]: [WorldGuard] (Skywars) Lava fire is blocked.
[21:57:29] [Server thread/INFO]: [WorldGuard] (Skywars) Fire spread is UNRESTRICTED.
[21:57:29] [Server thread/INFO]: [Multiverse-Core] Loading World & Settings - 'spawn' - Env: NORMAL - Type: NORMAL & seed: 2261197457111850464
[21:57:30] [Server thread/INFO]: [WorldGuard] (spawn) Lighters are PERMITTED.
[21:57:30] [Server thread/INFO]: [WorldGuard] (spawn) Lava fire is blocked.
[21:57:30] [Server thread/INFO]: [WorldGuard] (spawn) Fire spread is UNRESTRICTED.
[21:57:30] [Server thread/INFO]: [Multiverse-Core] 8 - World(s) loaded.
[21:57:30] [Server thread/INFO]: [Splegg] Enabling Splegg v1.2
[21:57:30] [Server thread/INFO]: [Splegg] Loading map SpleggOne.
[21:57:30] [Server thread/INFO]: [Splegg] Map is usable
[21:57:30] [Server thread/INFO]: [Splegg] Load Complete!
[21:57:30] [Server thread/INFO]: [Splegg] Loading map ArenaOne.
[21:57:30] [Server thread/INFO]: [Splegg] Spawn count is 0
[21:57:30] [Server thread/INFO]: [Splegg] No floors are setup.
[21:57:30] [Server thread/INFO]: [Splegg] --<>-- PLEASE SETUP MAP!! --<>--
[21:57:30] [Server thread/INFO]: [Splegg] Load Complete!
[21:57:30] [Server thread/INFO]: [EssentialsProtect] Enabling EssentialsProtect vTeamCity
[21:57:30] [Server thread/INFO]: [VoxelSniper] Enabling VoxelSniper v7.1.0
[21:57:31] [Server thread/INFO]: [Multiverse-NetherPortals] Enabling Multiverse-NetherPortals v2.4-b530
[21:57:31] [Server thread/INFO]: [Multiverse-Portals] Enabling Multiverse-Portals v2.4-b548
[21:57:31] [Server thread/INFO]: [Multiverse-Portals]  1 - Portals(s) loaded
[21:57:31] [Server thread/INFO]: [EssentialsSpawn] Enabling EssentialsSpawn vTeamCity
[21:57:31] [Server thread/INFO]: [MinigamesLib] Enabling MinigamesLib v1.13.1
[21:57:31] [Server thread/INFO]: [Minigames] Enabling Minigames v1.7.0
[21:57:31] [Server thread/INFO]: [Minigames] Using lang en_AU
[21:57:31] [Server thread/INFO]: Minigames successfully enabled.
[21:57:31] [Server thread/INFO]: [TNTRun] Enabling TNTRun v3.4
[21:57:31] [Server thread/INFO]: [HolographicDisplays] Enabling HolographicDisplays v2.1.10
[21:57:31] [Server thread/INFO]: [CommandSigns] Enabling CommandSigns v1.9.3.2
[21:57:31] [Server thread/INFO]: [CommandSigns] No signs found.
[21:57:31] [Server thread/INFO]: [SkyWars] Enabling SkyWars v1.1-m16
[21:57:32] [Server thread/INFO]: [WorldGuard] (island-0) Lighters are PERMITTED.
[21:57:32] [Server thread/INFO]: [WorldGuard] (island-0) Lava fire is blocked.
[21:57:32] [Server thread/INFO]: [WorldGuard] (island-0) Fire spread is UNRESTRICTED.
[21:57:32] [Server thread/INFO]: [EpicSpleef] Enabling EpicSpleef v0.0.19
[21:57:32] [Server thread/INFO]: [EpicSpleef] Enabling EpicSpleef by BtoBastian
[21:57:33] [Server thread/INFO]: [EpicSpleef] Loading lobby SpleefOne
[21:57:33] [Server thread/INFO]: [EpicSpleef] Loading arena ArenaOne
[21:57:33] [Server thread/INFO]: [EpicSpleef] Successfully loaded arena ArenaOne. (world: minigames, blocks: 5233, maxPlayers: 0)
[21:57:33] [Server thread/INFO]: [EpicSpleef] Loading arena SpleefOne
[21:57:33] [Server thread/INFO]: [EpicSpleef] Successfully loaded arena SpleefOne. (world: minigames, blocks: 0, maxPlayers: 0)
[21:57:33] [Server thread/INFO]: [OnTime] Enabling OnTime v4.1.3
[21:57:33] [Server thread/INFO]: [CraftBook] Enabling CraftBook v3.9-SNAPSHOT
[21:57:33] [Server thread/INFO]: [CraftBook] Successfully added 1 CommandItems!
[21:57:33] [Server thread/INFO]: [CraftBook] Registered 3 custom recipes!
[21:57:33] [Server thread/INFO]: [CraftBook] 5797 chunk(s) for 9 world(s) processed (37ms elapsed)
[21:57:37] [Server thread/INFO]: Found 0 arenas.
[21:57:54] [Server thread/INFO]: Stopping the server
[21:57:54] [Server thread/INFO]: Stopping server
[21:57:54] [Server thread/INFO]: [CraftBook] Disabling CraftBook v3.9-SNAPSHOT
[21:57:54] [Server thread/INFO]: [OnTime] Disabling OnTime v4.1.3
[21:57:54] [Server thread/INFO]: [EpicSpleef] Disabling EpicSpleef v0.0.19
[21:57:54] [Server thread/INFO]: [SkyWars] Disabling SkyWars v1.1-m16
[21:57:59] [Server thread/INFO]: [Multiverse-Core] World 'island-0' was unloaded from memory.
[21:57:59] [Server thread/INFO]: [Multiverse-Core] World island-0 was DELETED.
[21:57:59] [Server thread/INFO]: [CommandSigns] Disabling CommandSigns v1.9.3.2
[21:57:59] [Server thread/INFO]: [HolographicDisplays] Disabling HolographicDisplays v2.1.10
[21:57:59] [Server thread/INFO]: [TNTRun] Disabling TNTRun v3.4
[21:57:59] [Server thread/INFO]: [Minigames] Disabling Minigames v1.7.0
[21:57:59] [Server thread/INFO]: Minigames successfully disabled.
[21:57:59] [Server thread/INFO]: [MinigamesLib] Disabling MinigamesLib v1.13.1
[21:57:59] [Server thread/INFO]: [EssentialsSpawn] Disabling EssentialsSpawn vTeamCity
[21:57:59] [Server thread/INFO]: [Vault] Disabling Vault v1.5.6-b49
[21:57:59] [Server thread/INFO]: [Multiverse-Portals] Disabling Multiverse-Portals v2.4-b548
[21:57:59] [Server thread/INFO]: [Multiverse-NetherPortals] Disabling Multiverse-NetherPortals v2.4-b530
[21:57:59] [Server thread/INFO]: [MultiVerse-NetherPortals] - Disabled
[21:57:59] [Server thread/INFO]: [VoxelSniper] Disabling VoxelSniper v7.1.0
[21:57:59] [Server thread/INFO]: [EssentialsProtect] Disabling EssentialsProtect vTeamCity
[21:57:59] [Server thread/INFO]: [Splegg] Disabling Splegg v1.2
[21:57:59] [Server thread/INFO]: [Multiverse-Core] Disabling Multiverse-Core v2.4-b527
[21:57:59] [Server thread/INFO]: [Multiverse-Core] - Disabled
[21:57:59] [Server thread/INFO]: [WorldGuard] Disabling WorldGuard v6.1
[21:57:59] [Server thread/INFO]: [WorldGuard] Shutting down executor and waiting for any pending tasks...
[21:57:59] [Server thread/INFO]: [LaggRemover] Disabling LaggRemover v0.1.7
[21:57:59] [Server thread/INFO]: [LaggRemover] LaggRemover has been disabled!
[21:57:59] [Server thread/INFO]: [PlugMan] Disabling PlugMan v2.0.7
[21:57:59] [Server thread/INFO]: [Essentials] Disabling Essentials vTeamCity
[21:57:59] [Server thread/INFO]: [WorldEdit] Disabling WorldEdit v6.1;no_git_id
[21:57:59] [Server thread/INFO]: Twiixtor left the game.
