[17:16:39] [Server thread/INFO]: Loading properties
[17:16:39] [Server thread/INFO]: Default game type: SURVIVAL
[17:16:39] [Server thread/INFO]: Using epoll channel type
[17:20:54] [Server thread/INFO]: Crustifer has just earned the achievement [Taking Inventory]
[17:20:55] [Server thread/INFO]: Crustifer has just earned the achievement [Getting Wood]
[17:20:59] [Server thread/INFO]: Crustifer has just earned the achievement [Benchmarking]
[17:21:05] [Server thread/INFO]: Crustifer has just earned the achievement [Time to Strike!]
[17:21:48] [Server thread/INFO]: Crustifer left the game.
[17:22:54] [Server thread/INFO]: 
[17:23:40] [Server thread/INFO]: 
[17:24:27] [Server thread/INFO]: 
[17:25:13] [Server thread/INFO]: 
[17:26:00] [Server thread/INFO]: 
[17:26:46] [Server thread/INFO]: 
[17:27:33] [Server thread/INFO]: 
[17:28:19] [Server thread/INFO]: 
[17:29:06] [Server thread/INFO]: 
[17:29:53] [Server thread/INFO]: 
[17:30:39] [Server thread/INFO]: 
[17:31:26] [Server thread/INFO]: 
[17:32:12] [Server thread/INFO]: 
[17:32:59] [Server thread/INFO]: 
[17:33:45] [Server thread/INFO]: 
[17:34:32] [Server thread/INFO]: 
[17:35:18] [Server thread/INFO]: 
[17:36:05] [Server thread/INFO]: 
[17:36:51] [Server thread/INFO]: 
[17:37:38] [Server thread/INFO]: 
[17:38:25] [Server thread/INFO]: 
[17:39:11] [Server thread/INFO]: 
[17:39:58] [Server thread/INFO]: 
[17:40:44] [Server thread/INFO]: 
[17:41:31] [Server thread/INFO]: 
[17:42:17] [Server thread/INFO]: 
[17:43:04] [Server thread/INFO]: 
[17:43:50] [Server thread/INFO]: 
[17:44:37] [Server thread/INFO]: 
[17:45:24] [Server thread/INFO]: 
[17:46:10] [Server thread/INFO]: 
[17:46:57] [Server thread/INFO]: 
[17:47:43] [Server thread/INFO]: 
[17:48:30] [Server thread/INFO]: 
[17:49:16] [Server thread/INFO]: 
[17:50:03] [Server thread/INFO]: 
[17:50:49] [Server thread/INFO]: 
[17:51:36] [Server thread/INFO]: 
[17:52:22] [Server thread/INFO]: 
[17:53:09] [Server thread/INFO]: 
[17:53:56] [Server thread/INFO]: 
[17:54:42] [Server thread/INFO]: 
[17:55:29] [Server thread/INFO]: 
[17:56:15] [Server thread/INFO]: 
[17:57:02] [Server thread/INFO]: 
[17:57:48] [Server thread/INFO]: 
[17:58:35] [Server thread/INFO]: 
[17:59:21] [Server thread/INFO]: 
[18:00:08] [Server thread/INFO]: 
[18:00:55] [Server thread/INFO]: 
[18:01:41] [Server thread/INFO]: 
[18:02:28] [Server thread/INFO]: 
[18:03:14] [Server thread/INFO]: 
[18:04:01] [Server thread/INFO]: 
[18:04:47] [Server thread/INFO]: 
[18:05:34] [Server thread/INFO]: 
[18:06:20] [Server thread/INFO]: 
[18:07:07] [Server thread/INFO]: 
[18:07:53] [Server thread/INFO]: 
[18:08:40] [Server thread/INFO]: 
[18:09:27] [Server thread/INFO]: 
[18:10:13] [Server thread/INFO]: 
[18:11:00] [Server thread/INFO]: 
[18:11:46] [Server thread/INFO]: 
[18:12:33] [Server thread/INFO]: 
[18:13:19] [Server thread/INFO]: 
[18:14:06] [Server thread/INFO]: 
[18:14:52] [Server thread/INFO]: 
[18:15:39] [Server thread/INFO]: 
[18:16:26] [Server thread/INFO]: 
[18:17:12] [Server thread/INFO]: 
[18:17:59] [Server thread/INFO]: 
[18:18:45] [Server thread/INFO]: 
[18:19:32] [Server thread/INFO]: 
[18:20:18] [Server thread/INFO]: 
[18:21:05] [Server thread/INFO]: 
[18:21:51] [Server thread/INFO]: 
[18:22:38] [Server thread/INFO]: 
[18:23:24] [Server thread/INFO]: 
[18:24:11] [Server thread/INFO]: 
[18:24:58] [Server thread/INFO]: 
[18:25:44] [Server thread/INFO]: 
[18:26:31] [Server thread/INFO]: 
[18:27:18] [Server thread/INFO]: 
[18:28:04] [Server thread/INFO]: 
[18:28:51] [Server thread/INFO]: 
[18:29:37] [Server thread/INFO]: 
[18:30:24] [Server thread/INFO]: 
[18:31:10] [Server thread/INFO]: 
[18:31:57] [Server thread/INFO]: 
[18:32:43] [Server thread/INFO]: 
[18:33:30] [Server thread/INFO]: 
[18:34:17] [Server thread/INFO]: 
[18:35:03] [Server thread/INFO]: 
[18:35:50] [Server thread/INFO]: 
[18:36:36] [Server thread/INFO]: 
[18:37:23] [Server thread/INFO]: 
[18:38:10] [Server thread/INFO]: 
[18:38:56] [Server thread/INFO]: 
[18:39:43] [Server thread/INFO]: 
[18:40:29] [Server thread/INFO]: 
[18:41:16] [Server thread/INFO]: 
[18:42:02] [Server thread/INFO]: 
[18:42:49] [Server thread/INFO]: 
[18:43:35] [Server thread/INFO]: 
[18:44:22] [Server thread/INFO]: 
[18:45:09] [Server thread/INFO]: 
[18:45:55] [Server thread/INFO]: 
[18:46:42] [Server thread/INFO]: 
[18:47:28] [Server thread/INFO]: 
[18:48:15] [Server thread/INFO]: 
[18:49:02] [Server thread/INFO]: 
[18:49:48] [Server thread/INFO]: 
[18:50:35] [Server thread/INFO]: 
[18:51:21] [Server thread/INFO]: 
[18:52:08] [Server thread/INFO]: 
[18:52:54] [Server thread/INFO]: 
[18:53:41] [Server thread/INFO]: 
[18:54:27] [Server thread/INFO]: 
[18:55:14] [Server thread/INFO]: 
[18:56:01] [Server thread/INFO]: 
[18:56:47] [Server thread/INFO]: 
[18:57:34] [Server thread/INFO]: 
[18:58:20] [Server thread/INFO]: 
[18:59:07] [Server thread/INFO]: 
[18:59:53] [Server thread/INFO]: 
[19:00:40] [Server thread/INFO]: 
[19:01:26] [Server thread/INFO]: 
[19:02:13] [Server thread/INFO]: 
[19:02:59] [Server thread/INFO]: 
[19:03:46] [Server thread/INFO]: 
[19:04:33] [Server thread/INFO]: 
[19:05:19] [Server thread/INFO]: 
[19:06:06] [Server thread/INFO]: 
[19:06:52] [Server thread/INFO]: 
[19:07:39] [Server thread/INFO]: 
[19:08:25] [Server thread/INFO]: 
[19:09:12] [Server thread/INFO]: 
[19:10:00] [Server thread/INFO]: 
[19:10:46] [Server thread/INFO]: 
[19:11:33] [Server thread/INFO]: 
[19:12:19] [Server thread/INFO]: 
[19:13:06] [Server thread/INFO]: 
[19:13:52] [Server thread/INFO]: 
[19:14:39] [Server thread/INFO]: 
[19:15:26] [Server thread/INFO]: 
[19:16:12] [Server thread/INFO]: 
[19:16:59] [Server thread/INFO]: 
[19:17:45] [Server thread/INFO]: 
[19:18:32] [Server thread/INFO]: 
[19:19:18] [Server thread/INFO]: 
[19:20:05] [Server thread/INFO]: 
[19:20:51] [Server thread/INFO]: 
[19:21:38] [Server thread/INFO]: 
[19:22:24] [Server thread/INFO]: 
[19:23:11] [Server thread/INFO]: 
[19:23:58] [Server thread/INFO]: 
[19:24:44] [Server thread/INFO]: 
[19:25:31] [Server thread/INFO]: 
[19:26:17] [Server thread/INFO]: 
[19:27:04] [Server thread/INFO]: 
[19:27:51] [Server thread/INFO]: 
[19:28:37] [Server thread/INFO]: 
[19:29:24] [Server thread/INFO]: 
[19:30:10] [Server thread/INFO]: 
[19:30:57] [Server thread/INFO]: 
[19:31:43] [Server thread/INFO]: 
[19:32:30] [Server thread/INFO]: 
[19:33:16] [Server thread/INFO]: 
[19:34:03] [Server thread/INFO]: 
[19:34:49] [Server thread/INFO]: 
[19:35:36] [Server thread/INFO]: 
[19:36:23] [Server thread/INFO]: 
[19:37:09] [Server thread/INFO]: 
[19:37:56] [Server thread/INFO]: 
[19:38:42] [Server thread/INFO]: 
[19:39:29] [Server thread/INFO]: 
[19:40:15] [Server thread/INFO]: 
[19:41:02] [Server thread/INFO]: 
[19:41:48] [Server thread/INFO]: 
[19:42:35] [Server thread/INFO]: 
[19:43:22] [Server thread/INFO]: 
[19:44:08] [Server thread/INFO]: 
[19:44:55] [Server thread/INFO]: 
[19:45:41] [Server thread/INFO]: 
[19:46:28] [Server thread/INFO]: 
[19:47:14] [Server thread/INFO]: 
[19:48:01] [Server thread/INFO]: 
[19:48:47] [Server thread/INFO]: 
[19:49:34] [Server thread/INFO]: 
[19:50:21] [Server thread/INFO]: 
[19:51:07] [Server thread/INFO]: 
[19:51:54] [Server thread/INFO]: 
[19:52:40] [Server thread/INFO]: 
[19:53:27] [Server thread/INFO]: 
[19:54:13] [Server thread/INFO]: 
[19:55:00] [Server thread/INFO]: 
[19:55:46] [Server thread/INFO]: 
[19:56:33] [Server thread/INFO]: 
[19:57:19] [Server thread/INFO]: 
[19:58:06] [Server thread/INFO]: 
[19:58:53] [Server thread/INFO]: 
[19:59:39] [Server thread/INFO]: 
[20:00:26] [Server thread/INFO]: 
[20:01:12] [Server thread/INFO]: 
[20:01:59] [Server thread/INFO]: 
[20:02:45] [Server thread/INFO]: 
[20:03:32] [Server thread/INFO]: 
[20:04:18] [Server thread/INFO]: 
[20:05:05] [Server thread/INFO]: 
[20:05:52] [Server thread/INFO]: 
[20:06:38] [Server thread/INFO]: 
[20:07:25] [Server thread/INFO]: 
[20:08:11] [Server thread/INFO]: 
[20:08:58] [Server thread/INFO]: 
[20:09:44] [Server thread/INFO]: 
[20:10:31] [Server thread/INFO]: 
[20:11:17] [Server thread/INFO]: 
[20:12:04] [Server thread/INFO]: 
[20:12:50] [Server thread/INFO]: 
[20:13:37] [Server thread/INFO]: 
[20:14:24] [Server thread/INFO]: 
[20:15:10] [Server thread/INFO]: 
[20:15:57] [Server thread/INFO]: 
[20:16:43] [Server thread/INFO]: 
[20:17:30] [Server thread/INFO]: 
[20:18:16] [Server thread/INFO]: 
[20:19:03] [Server thread/INFO]: 
[20:19:49] [Server thread/INFO]: 
[20:20:36] [Server thread/INFO]: 
[20:21:23] [Server thread/INFO]: 
[20:22:09] [Server thread/INFO]: 
[20:22:56] [Server thread/INFO]: 
[20:23:42] [Server thread/INFO]: 
[20:24:29] [Server thread/INFO]: 
[20:25:15] [Server thread/INFO]: 
[20:26:02] [Server thread/INFO]: 
[20:26:48] [Server thread/INFO]: 
[20:27:35] [Server thread/INFO]: 
[20:28:21] [Server thread/INFO]: 
[20:29:08] [Server thread/INFO]: 
[20:29:55] [Server thread/INFO]: 
[20:30:41] [Server thread/INFO]: 
[20:31:28] [Server thread/INFO]: 
[20:32:14] [Server thread/INFO]: 
[20:33:01] [Server thread/INFO]: 
[20:33:47] [Server thread/INFO]: 
[20:34:34] [Server thread/INFO]: 
[20:35:20] [Server thread/INFO]: 
[20:36:07] [Server thread/INFO]: 
[20:36:54] [Server thread/INFO]: 
[20:37:40] [Server thread/INFO]: 
[20:38:27] [Server thread/INFO]: 
[20:39:13] [Server thread/INFO]: 
[20:40:00] [Server thread/INFO]: 
[20:40:46] [Server thread/INFO]: 
[20:41:33] [Server thread/INFO]: 
[20:42:20] [Server thread/INFO]: 
[20:43:06] [Server thread/INFO]: 
[20:43:53] [Server thread/INFO]: 
[20:44:39] [Server thread/INFO]: 
[20:45:26] [Server thread/INFO]: 
[20:46:13] [Server thread/INFO]: 
[20:46:59] [Server thread/INFO]: 
[20:47:46] [Server thread/INFO]: 
[20:48:32] [Server thread/INFO]: 
[20:49:19] [Server thread/INFO]: 
[20:50:05] [Server thread/INFO]: 
[20:50:52] [Server thread/INFO]: 
[20:51:38] [Server thread/INFO]: 
[20:52:25] [Server thread/INFO]: 
[20:53:12] [Server thread/INFO]: 
[20:53:58] [Server thread/INFO]: 
[20:54:45] [Server thread/INFO]: 
[20:55:31] [Server thread/INFO]: 
[20:56:18] [Server thread/INFO]: 
[20:57:04] [Server thread/INFO]: 
[20:57:51] [Server thread/INFO]: 
[20:58:37] [Server thread/INFO]: 
[20:59:24] [Server thread/INFO]: 
[21:00:11] [Server thread/INFO]: 
[21:00:57] [Server thread/INFO]: 
[21:01:44] [Server thread/INFO]: 
[21:02:30] [Server thread/INFO]: 
[21:03:17] [Server thread/INFO]: 
[21:04:03] [Server thread/INFO]: 
[21:04:50] [Server thread/INFO]: 
[21:05:36] [Server thread/INFO]: 
[21:06:23] [Server thread/INFO]: 
[21:07:09] [Server thread/INFO]: 
[21:07:56] [Server thread/INFO]: 
[21:08:43] [Server thread/INFO]: 
[21:09:29] [Server thread/INFO]: 
[21:10:16] [Server thread/INFO]: 
[21:11:02] [Server thread/INFO]: 
[21:11:49] [Server thread/INFO]: 
[21:12:35] [Server thread/INFO]: 
[21:13:22] [Server thread/INFO]: 
[21:14:08] [Server thread/INFO]: 
[21:14:55] [Server thread/INFO]: 
[21:15:42] [Server thread/INFO]: 
[21:16:28] [Server thread/INFO]: 
[21:17:15] [Server thread/INFO]: 
[21:18:02] [Server thread/INFO]: 
[21:18:49] [Server thread/INFO]: 
[21:19:35] [Server thread/INFO]: 
[21:20:22] [Server thread/INFO]: 
[21:21:08] [Server thread/INFO]: 
[21:21:55] [Server thread/INFO]: 
[21:22:41] [Server thread/INFO]: 
[21:23:28] [Server thread/INFO]: 
[21:24:14] [Server thread/INFO]: 
[21:25:01] [Server thread/INFO]: 
[21:25:48] [Server thread/INFO]: 
[21:26:34] [Server thread/INFO]: 
[21:27:21] [Server thread/INFO]: 
[21:28:07] [Server thread/INFO]: 
[21:28:54] [Server thread/INFO]: 
[21:29:40] [Server thread/INFO]: 
[21:30:27] [Server thread/INFO]: 
[21:31:13] [Server thread/INFO]: 
[21:32:00] [Server thread/INFO]: 
[21:32:46] [Server thread/INFO]: 
[21:33:33] [Server thread/INFO]: 
[21:34:20] [Server thread/INFO]: 
[21:35:06] [Server thread/INFO]: 
[21:35:53] [Server thread/INFO]: 
[21:36:39] [Server thread/INFO]: 
[21:37:26] [Server thread/INFO]: 
[21:38:12] [Server thread/INFO]: 
[21:38:59] [Server thread/INFO]: 
[21:39:45] [Server thread/INFO]: 
[21:40:32] [Server thread/INFO]: 
[21:41:19] [Server thread/INFO]: 
[21:42:05] [Server thread/INFO]: 
[21:42:52] [Server thread/INFO]: 
[21:43:38] [Server thread/INFO]: 
[21:44:25] [Server thread/INFO]: 
[21:45:11] [Server thread/INFO]: 
[21:45:58] [Server thread/INFO]: 
[21:46:44] [Server thread/INFO]: 
[21:47:31] [Server thread/INFO]: 
[21:48:18] [Server thread/INFO]: 
[21:49:04] [Server thread/INFO]: 
[21:49:51] [Server thread/INFO]: 
[21:50:37] [Server thread/INFO]: 
[21:51:24] [Server thread/INFO]: 
[21:52:10] [Server thread/INFO]: 
[21:52:57] [Server thread/INFO]: 
[21:53:43] [Server thread/INFO]: 
[21:54:30] [Server thread/INFO]: 
[21:55:17] [Server thread/INFO]: 
[21:56:03] [Server thread/INFO]: 
[21:56:50] [Server thread/INFO]: 
[21:57:36] [Server thread/INFO]: 
[21:58:23] [Server thread/INFO]: 
[21:59:09] [Server thread/INFO]: 
[21:59:56] [Server thread/INFO]: 
[22:00:42] [Server thread/INFO]: 
[22:01:29] [Server thread/INFO]: 
[22:02:16] [Server thread/INFO]: 
[22:03:02] [Server thread/INFO]: 
[22:03:49] [Server thread/INFO]: 
[22:04:35] [Server thread/INFO]: 
[22:05:22] [Server thread/INFO]: 
[22:06:08] [Server thread/INFO]: 
[22:06:55] [Server thread/INFO]: 
[22:07:41] [Server thread/INFO]: 
[22:08:28] [Server thread/INFO]: 
[22:09:15] [Server thread/INFO]: 
[22:10:01] [Server thread/INFO]: 
[22:10:48] [Server thread/INFO]: 
[22:11:34] [Server thread/INFO]: 
[22:12:21] [Server thread/INFO]: 
[22:13:07] [Server thread/INFO]: 
[22:13:54] [Server thread/INFO]: 
[22:14:40] [Server thread/INFO]: 
[22:15:27] [Server thread/INFO]: 
[22:16:14] [Server thread/INFO]: 
[22:17:00] [Server thread/INFO]: 
[22:17:47] [Server thread/INFO]: 
[22:18:33] [Server thread/INFO]: 
[22:19:20] [Server thread/INFO]: 
[22:20:06] [Server thread/INFO]: 
[22:20:53] [Server thread/INFO]: 
[22:21:39] [Server thread/INFO]: 
[22:22:26] [Server thread/INFO]: 
[22:23:13] [Server thread/INFO]: 
[22:23:59] [Server thread/INFO]: 
[22:24:46] [Server thread/INFO]: 
[22:25:32] [Server thread/INFO]: 
[22:26:19] [Server thread/INFO]: 
[22:27:05] [Server thread/INFO]: 
[22:27:52] [Server thread/INFO]: 
[22:28:38] [Server thread/INFO]: 
[22:29:25] [Server thread/INFO]: 
[22:30:12] [Server thread/INFO]: 
[22:30:58] [Server thread/INFO]: 
[22:31:45] [Server thread/INFO]: 
[22:32:31] [Server thread/INFO]: 
[22:33:18] [Server thread/INFO]: 
[22:34:05] [Server thread/INFO]: 
[22:34:51] [Server thread/INFO]: 
[22:35:38] [Server thread/INFO]: 
[22:36:24] [Server thread/INFO]: 
[22:37:11] [Server thread/INFO]: 
[22:37:57] [Server thread/INFO]: 
[22:38:44] [Server thread/INFO]: 
[22:39:30] [Server thread/INFO]: 
[22:40:17] [Server thread/INFO]: 
[22:41:04] [Server thread/INFO]: 
[22:41:51] [Server thread/INFO]: 
[22:42:37] [Server thread/INFO]: 
[22:43:24] [Server thread/INFO]: 
[22:44:10] [Server thread/INFO]: 
[22:44:57] [Server thread/INFO]: 
[22:45:43] [Server thread/INFO]: 
[22:46:30] [Server thread/INFO]: 
[22:47:16] [Server thread/INFO]: 
[22:48:03] [Server thread/INFO]: 
[22:48:50] [Server thread/INFO]: 
[22:49:36] [Server thread/INFO]: 
[22:50:23] [Server thread/INFO]: 
[22:51:09] [Server thread/INFO]: 
[22:51:56] [Server thread/INFO]: 
[22:52:42] [Server thread/INFO]: 
[22:53:29] [Server thread/INFO]: 
[22:54:15] [Server thread/INFO]: 
[22:55:02] [Server thread/INFO]: 
[22:55:49] [Server thread/INFO]: 
[22:56:35] [Server thread/INFO]: 
[22:57:22] [Server thread/INFO]: 
[22:58:08] [Server thread/INFO]: 
[22:58:55] [Server thread/INFO]: 
[22:59:41] [Server thread/INFO]: 
[23:00:28] [Server thread/INFO]: 
[23:01:14] [Server thread/INFO]: 
[23:02:01] [Server thread/INFO]: 
[23:02:47] [Server thread/INFO]: 
[23:03:34] [Server thread/INFO]: 
[23:04:21] [Server thread/INFO]: 
[23:05:07] [Server thread/INFO]: 
[23:05:54] [Server thread/INFO]: 
[23:06:40] [Server thread/INFO]: 
[23:07:27] [Server thread/INFO]: 
[23:08:13] [Server thread/INFO]: 
[23:09:00] [Server thread/INFO]: 
[23:09:46] [Server thread/INFO]: 
[23:10:33] [Server thread/INFO]: 
[23:11:20] [Server thread/INFO]: 
[23:12:06] [Server thread/INFO]: 
[23:12:53] [Server thread/INFO]: 
[23:13:39] [Server thread/INFO]: 
[23:14:26] [Server thread/INFO]: 
[23:15:12] [Server thread/INFO]: 
[23:15:59] [Server thread/INFO]: 
[23:16:45] [Server thread/INFO]: 
[23:17:32] [Server thread/INFO]: 
[23:18:18] [Server thread/INFO]: 
[23:19:05] [Server thread/INFO]: 
[23:19:52] [Server thread/INFO]: 
[23:20:38] [Server thread/INFO]: 
[23:21:25] [Server thread/INFO]: 
[23:22:11] [Server thread/INFO]: 
[23:22:58] [Server thread/INFO]: 
[23:23:44] [Server thread/INFO]: 
[23:24:31] [Server thread/INFO]: 
[23:25:17] [Server thread/INFO]: 
[23:26:04] [Server thread/INFO]: 
[23:26:51] [Server thread/INFO]: 
[23:27:37] [Server thread/INFO]: 
[23:28:24] [Server thread/INFO]: 
[23:29:10] [Server thread/INFO]: 
[23:29:57] [Server thread/INFO]: 
[23:30:43] [Server thread/INFO]: 
[23:31:30] [Server thread/INFO]: 
[23:32:16] [Server thread/INFO]: 
[23:33:03] [Server thread/INFO]: 
[23:33:49] [Server thread/INFO]: 
[23:34:36] [Server thread/INFO]: 
[23:35:23] [Server thread/INFO]: 
[23:36:09] [Server thread/INFO]: 
[23:36:56] [Server thread/INFO]: 
[23:37:42] [Server thread/INFO]: 
[23:38:29] [Server thread/INFO]: 
[23:39:15] [Server thread/INFO]: 
[23:40:02] [Server thread/INFO]: 
[23:40:48] [Server thread/INFO]: 
[23:41:35] [Server thread/INFO]: 
[23:42:22] [Server thread/INFO]: 
[23:43:08] [Server thread/INFO]: 
[23:43:55] [Server thread/INFO]: 
[23:44:41] [Server thread/INFO]: 
[23:45:28] [Server thread/INFO]: 
[23:46:14] [Server thread/INFO]: 
[23:47:01] [Server thread/INFO]: 
[23:47:47] [Server thread/INFO]: 
[23:48:34] [Server thread/INFO]: 
[23:49:21] [Server thread/INFO]: 
[23:50:07] [Server thread/INFO]: 
[23:50:54] [Server thread/INFO]: 
[23:51:40] [Server thread/INFO]: 
[23:52:27] [Server thread/INFO]: 
[23:53:13] [Server thread/INFO]: 
[23:54:00] [Server thread/INFO]: 
[23:54:46] [Server thread/INFO]: 
[23:55:33] [Server thread/INFO]: 
[23:56:19] [Server thread/INFO]: 
[23:57:06] [Server thread/INFO]: 
[23:57:53] [Server thread/INFO]: 
[23:58:39] [Server thread/INFO]: 
[23:59:26] [Server thread/INFO]: 
