[18:37:54] [Server thread/INFO]: Popey456963 issued server command: /plugins
[18:37:57] [Server thread/INFO]: Popey456963 issued server command: /warp
[18:38:27] [Server thread/INFO]: Developers: [Dev] Popey
[18:39:21] [Server thread/INFO]: Developers: [Dev] Popey
[18:40:16] [Server thread/INFO]: Developers: [Dev] Popey
[18:41:10] [Server thread/INFO]: Developers: [Dev] Popey
[18:42:05] [Server thread/INFO]: Developers: [Dev] Popey
[18:42:59] [Server thread/INFO]: Developers: [Dev] Popey
[18:43:54] [Server thread/INFO]: Developers: [Dev] Popey
[18:44:48] [Server thread/INFO]: Developers: [Dev] Popey
[18:45:42] [Server thread/INFO]: Developers: [AFK][Dev] Popey
[18:46:37] [Server thread/INFO]: Developers: [AFK][Dev] Popey
[18:47:31] [Server thread/INFO]: Developers: [AFK][Dev] Popey
[18:48:26] [Server thread/INFO]: Developers: [AFK][Dev] Popey
[18:49:20] [Server thread/INFO]: Developers: [AFK][Dev] Popey
[18:50:15] [Server thread/INFO]: Developers: [AFK][Dev] Popey
[18:51:09] [Server thread/INFO]: Developers: [AFK][Dev] Popey
[18:52:03] [Server thread/INFO]: Developers: [AFK][Dev] Popey
[18:52:58] [Server thread/INFO]: Developers: [AFK][Dev] Popey
[18:53:52] [Server thread/INFO]: Developers: [AFK][Dev] Popey
[18:54:47] [Server thread/INFO]: Developers: [AFK][Dev] Popey
[18:55:41] [Server thread/INFO]: Developers: [AFK][Dev] Popey
[18:56:36] [Server thread/INFO]: Developers: [AFK][Dev] Popey
[18:57:30] [Server thread/INFO]: Developers: [AFK][Dev] Popey
[18:58:25] [Server thread/INFO]: Developers: [AFK][Dev] Popey
[18:59:19] [Server thread/INFO]: Developers: [AFK][Dev] Popey
[19:00:14] [Server thread/INFO]: Developers: [AFK][Dev] Popey
[19:01:08] [Server thread/INFO]: Developers: [AFK][Dev] Popey
[19:02:02] [Server thread/INFO]: Developers: [AFK][Dev] Popey
[19:02:57] [Server thread/INFO]: Developers: [AFK][Dev] Popey
[19:03:51] [Server thread/INFO]: Developers: [AFK][Dev] Popey
[19:04:12] [Server thread/INFO]: Stopping the server
[19:04:12] [Server thread/INFO]: Stopping server
[19:04:12] [Server thread/INFO]: [TouchscreenHolograms] Disabling TouchscreenHolograms v1.3
[19:04:12] [Server thread/INFO]: [HolographicDisplays] Disabling HolographicDisplays v2.1.10
[19:04:12] [Server thread/INFO]: [MobArena] Disabling MobArena v0.97.1
[19:04:12] [Server thread/INFO]: [MobArena] disabled.
[19:04:12] [Server thread/INFO]: [EssentialsProtect] Disabling EssentialsProtect vTeamCity
[19:04:12] [Server thread/INFO]: [OnTime] Disabling OnTime v4.1.3
[19:04:13] [Server thread/INFO]: [WorldGuard] Disabling WorldGuard v6.1
[19:04:13] [Server thread/INFO]: [WorldGuard] Shutting down executor and waiting for any pending tasks...
[19:04:13] [Server thread/INFO]: [ProtocolLib] Disabling ProtocolLib v3.6.4
[19:04:13] [Server thread/INFO]: [MassiveCore] Disabling MassiveCore v2.8.0
[19:04:13] [Server thread/INFO]: [MassiveCore 2.8.0] Disabled
[19:04:13] [Server thread/INFO]: [LaggRemover] Disabling LaggRemover v0.1.9
[19:04:13] [Server thread/INFO]: [LaggRemover] LaggRemover has been disabled!
[19:04:13] [Server thread/INFO]: [EssentialsSpawn] Disabling EssentialsSpawn vTeamCity
[19:04:13] [Server thread/INFO]: [CommandSigns] Disabling CommandSigns v1.9.3.2
[19:04:13] [Server thread/INFO]: [Vault] Disabling Vault v1.5.6-b49
[19:04:13] [Server thread/INFO]: [Random_Spawn] Disabling Random_Spawn v2.6
[19:04:13] [Server thread/INFO]: [mcMMO] Disabling mcMMO v1.5.00-b3547
