[18:29:33] [Server thread/INFO]: Staff: [Admin] UnSeen
[18:29:33] [Server thread/INFO]: Developers: [Dev] Popey
[18:30:08] [Server thread/INFO]: Popey456963 issued server command: //pos1
[18:30:12] [Server thread/INFO]: Popey456963 issued server command: //set 2
[18:30:13] [Server thread/INFO]: Popey456963 issued server command: //set 0
[18:30:16] [Server thread/INFO]: Popey456963 issued server command: //set2
[18:30:18] [Server thread/INFO]: Popey456963 issued server command: //set1
[18:30:21] [Server thread/INFO]: Popey456963 issued server command: //pos2
[18:30:23] [Server thread/INFO]: Popey456963 issued server command: //set 0
[18:30:27] [Server thread/INFO]: Staff: [Admin] UnSeen
[18:30:27] [Server thread/INFO]: Developers: [Dev] Popey
[18:31:22] [Server thread/INFO]: Staff: [Admin] UnSeen
[18:31:22] [Server thread/INFO]: Developers: [Dev] Popey
[18:32:16] [Server thread/INFO]: Staff: [Admin] UnSeen
[18:32:16] [Server thread/INFO]: Developers: [Dev] Popey
[18:33:11] [Server thread/INFO]: Staff: [Admin] UnSeen
[18:33:11] [Server thread/INFO]: Developers: [Dev] Popey
[18:34:05] [Server thread/INFO]: Staff: [Admin] UnSeen
[18:34:05] [Server thread/INFO]: Developers: [Dev] Popey
[18:35:00] [Server thread/INFO]: Staff: [Admin] UnSeen
[18:35:00] [Server thread/INFO]: Developers: [Dev] Popey
[18:35:29] [Server thread/INFO]: Popey456963 issued server command: /plugins
[18:35:55] [Server thread/INFO]: Staff: [Admin] UnSeen
[18:35:55] [Server thread/INFO]: Developers: [Dev] Popey
[18:36:49] [Server thread/INFO]: Staff: [Admin] UnSeen
[18:36:49] [Server thread/INFO]: Developers: [Dev] Popey
[18:37:44] [Server thread/INFO]: Staff: [Admin] UnSeen
[18:37:44] [Server thread/INFO]: Developers: [Dev] Popey
[18:38:38] [Server thread/INFO]: Staff: [Admin] UnSeen
[18:38:38] [Server thread/INFO]: Developers: [Dev] Popey
[18:39:32] [Server thread/INFO]: Staff: [Admin] UnSeen
[18:39:32] [Server thread/INFO]: Developers: [Dev] Popey
[18:40:27] [Server thread/INFO]: Staff: [Admin] UnSeen
[18:40:27] [Server thread/INFO]: Developers: [Dev] Popey
[18:40:51] [Server thread/INFO]: [Dev] Popey: It's never my flavour =(
[18:41:21] [Server thread/INFO]: Staff: [Admin] UnSeen
[18:41:21] [Server thread/INFO]: Developers: [Dev] Popey
[18:42:16] [Server thread/INFO]: Staff: [Admin] UnSeen
[18:42:16] [Server thread/INFO]: Developers: [Dev] Popey
[18:43:10] [Server thread/INFO]: Staff: [Admin] UnSeen
[18:43:10] [Server thread/INFO]: Developers: [Dev] Popey
[18:44:04] [Server thread/INFO]: Popey456963 left the game.
[18:44:05] [Server thread/INFO]: Staff: [Admin] UnSeen
[18:45:00] [Server thread/INFO]: Staff: [Admin] UnSeen
[18:45:00] [Server thread/INFO]: Developers: [Dev] Popey
[18:45:44] [Server thread/INFO]: [Admin] UnSeen: survival world
[18:45:53] [Server thread/INFO]: [Admin] UnSeen: put this somewhere in survival world
[18:45:55] [Server thread/INFO]: Staff: [Admin] UnSeen
[18:45:55] [Server thread/INFO]: Developers: [Dev] Popey
[18:46:13] [Server thread/INFO]: [Admin] UnSeen: setup random spawns from survival tp
[18:46:49] [Server thread/INFO]: Staff: [Admin] UnSeen
[18:46:49] [Server thread/INFO]: Developers: [Dev] Popey
[18:46:56] [Server thread/INFO]: [Admin] UnSeen: memes
[18:47:09] [Server thread/INFO]: Popey456963 issued server command: /plugins
[18:47:27] [Server thread/INFO]: Popey456963 issued server command: /plugins
[18:47:44] [Server thread/INFO]: Staff: [Admin] UnSeen
[18:47:44] [Server thread/INFO]: Developers: [Dev] Popey
[18:48:38] [Server thread/INFO]: Staff: [Admin] UnSeen
[18:48:38] [Server thread/INFO]: Developers: [Dev] Popey
[18:49:05] [Server thread/INFO]: Popey456963 issued server command: /help
[18:49:32] [Server thread/INFO]: Staff: [Admin] UnSeen
[18:49:32] [Server thread/INFO]: Developers: [Dev] Popey
[18:50:13] [Server thread/INFO]: Popey456963 issued server command: /uptime
[18:50:27] [Server thread/INFO]: Staff: [Admin] UnSeen
[18:50:27] [Server thread/INFO]: Developers: [Dev] Popey
[18:51:21] [Server thread/INFO]: Staff: [Admin] UnSeen
[18:51:21] [Server thread/INFO]: Developers: [Dev] Popey
[18:52:03] [Server thread/INFO]: Popey456963 issued server command: /plugins
[18:52:16] [Server thread/INFO]: Staff: [AFK][Admin] UnSeen
[18:52:16] [Server thread/INFO]: Developers: [Dev] Popey
[18:52:53] [Server thread/INFO]: Popey456963 issued server command: /plugins
[18:53:10] [Server thread/INFO]: Staff: [AFK][Admin] UnSeen
[18:53:10] [Server thread/INFO]: Developers: [Dev] Popey
[18:53:12] [Server thread/INFO]: Popey456963 left the game.
[18:54:05] [Server thread/INFO]: Staff: [AFK][Admin] UnSeen
[18:54:05] [Server thread/INFO]: Developers: [Dev] Popey
[18:55:00] [Server thread/INFO]: Staff: [AFK][Admin] UnSeen
[18:55:00] [Server thread/INFO]: Developers: [Dev] Popey
[18:55:55] [Server thread/INFO]: Staff: [AFK][Admin] UnSeen
[18:55:55] [Server thread/INFO]: Developers: [Dev] Popey
[18:56:35] [Server thread/INFO]: Popey456963 issued server command: /mv
[18:56:49] [Server thread/INFO]: Staff: [AFK][Admin] UnSeen
[18:56:49] [Server thread/INFO]: Developers: [Dev] Popey
[18:57:14] [Server thread/INFO]: Popey456963 issued server command: //expand vert
[18:57:21] [Server thread/INFO]: Popey456963 issued server command: //copy
[18:57:44] [Server thread/INFO]: Staff: [AFK][Admin] UnSeen
[18:57:44] [Server thread/INFO]: Developers: [Dev] Popey
[18:57:50] [Server thread/INFO]: Popey456963 issued server command: /shop
[18:57:53] [Server thread/INFO]: Popey456963 issued server command: /help
[18:57:54] [Server thread/INFO]: Popey456963 issued server command: /plugins
[18:58:09] [Server thread/INFO]: Stopping the server
[18:58:09] [Server thread/INFO]: Stopping server
[18:58:09] [Server thread/INFO]: [CraftBook] Disabling CraftBook v3.9-SNAPSHOT
[18:58:09] [Server thread/INFO]: [OnTime] Disabling OnTime v4.1.3
[18:58:09] [Server thread/INFO]: [EpicSpleef] Disabling EpicSpleef v0.0.19
[18:58:09] [Server thread/INFO]: [SkyWars] Disabling SkyWars v1.1-m16
[18:58:10] [Server thread/INFO]: [Multiverse-Core] World 'island-0' was unloaded from memory.
[18:58:10] [Server thread/INFO]: [Multiverse-Core] World island-0 was DELETED.
[18:58:10] [Server thread/INFO]: [CommandSigns] Disabling CommandSigns v1.9.3.2
[18:58:10] [Server thread/INFO]: [HolographicDisplays] Disabling HolographicDisplays v2.1.10
[18:58:10] [Server thread/INFO]: [TNTRun] Disabling TNTRun v3.4
[18:58:10] [Server thread/INFO]: [MobArena] Disabling MobArena v0.97.1
[18:58:10] [Server thread/INFO]: [MobArena] disabled.
[18:58:10] [Server thread/INFO]: [Minigames] Disabling Minigames v1.7.0
[18:58:10] [Server thread/INFO]: Minigames successfully disabled.
[18:58:10] [Server thread/INFO]: [MinigamesLib] Disabling MinigamesLib v1.13.1
[18:58:10] [Server thread/INFO]: [MassiveCore] Disabling MassiveCore v2.8.0
[18:58:10] [Server thread/INFO]: [MassiveCore 2.8.0] Disabled
[18:58:10] [Server thread/INFO]: [EssentialsSpawn] Disabling EssentialsSpawn vTeamCity
[18:58:10] [Server thread/INFO]: [Vault] Disabling Vault v1.5.6-b49
[18:58:10] [Server thread/INFO]: [Multiverse-Portals] Disabling Multiverse-Portals v2.4-b548
[18:58:10] [Server thread/INFO]: [SuperVanish] Disabling SuperVanish v5.4.3
[18:58:10] [Server thread/INFO]: [Multiverse-NetherPortals] Disabling Multiverse-NetherPortals v2.4-b530
[18:58:10] [Server thread/INFO]: [MultiVerse-NetherPortals] - Disabled
[18:58:10] [Server thread/INFO]: [mcMMO] Disabling mcMMO v1.5.00-b3547
