[22:42:05] [Server thread/INFO]: Loading properties
[22:42:05] [Server thread/INFO]: Default game type: SURVIVAL
[22:42:05] [Server thread/INFO]: Using epoll channel type
[22:42:06] [Server thread/INFO]: [WorldEdit] Loading WorldEdit v5.6.1
[22:42:06] [Server thread/INFO]: [Essentials] Loading Essentials vTeamCity
[22:42:06] [Server thread/INFO]: [LaggRemover] Loading LaggRemover v0.1.7
[22:42:06] [Server thread/INFO]: [WorldGuard] Loading WorldGuard v6.1
[22:42:06] [Server thread/INFO]: [Multiverse-Core] Loading Multiverse-Core v2.4-b527
[22:42:06] [Server thread/INFO]: [Splegg] Loading Splegg v1.2
[22:42:06] [Server thread/INFO]: [EssentialsProtect] Loading EssentialsProtect vTeamCity
[22:42:06] [Server thread/INFO]: [VoxelSniper] Loading VoxelSniper v7.1.0
[22:42:06] [Server thread/INFO]: [mcMMO] Loading mcMMO v1.5.00-b3547
[22:42:06] [Server thread/INFO]: [Multiverse-NetherPortals] Loading Multiverse-NetherPortals v2.4-b530
[22:42:06] [Server thread/INFO]: [Multiverse-Portals] Loading Multiverse-Portals v2.4-b548
[22:42:06] [Server thread/INFO]: [Vault] Loading Vault v1.5.6-b49
[22:42:06] [Server thread/INFO]: [EssentialsSpawn] Loading EssentialsSpawn vTeamCity
[22:42:06] [Server thread/INFO]: [SkyWarsReloaded] Loading SkyWarsReloaded v2.8
[22:42:06] [Server thread/INFO]: [MinigamesLib] Loading MinigamesLib v1.13.1
[22:42:06] [Server thread/INFO]: [Minigames] Loading Minigames v1.7.0
[22:42:06] [Server thread/INFO]: [MobArena] Loading MobArena v0.97.1
[22:42:06] [Server thread/INFO]: [TNTRun] Loading TNTRun v3.4
[22:42:06] [Server thread/INFO]: [HolographicDisplays] Loading HolographicDisplays v2.1.10
[22:42:06] [Server thread/INFO]: [CommandSigns] Loading CommandSigns v1.9.3.2
[22:42:06] [Server thread/INFO]: [EpicSpleef] Loading EpicSpleef v0.0.19
[22:42:06] [Server thread/INFO]: [OnTime] Loading OnTime v4.1.3
[22:42:06] [Server thread/INFO]: [CraftBook] Loading CraftBook v3.9-SNAPSHOT
[22:42:06] [Server thread/INFO]: [mcMMO] Enabling mcMMO v1.5.00-b3547
[22:42:07] [Server thread/INFO]: [Vault] Enabling Vault v1.5.6-b49
[22:42:09] [Server thread/INFO]: [WorldEdit] Enabling WorldEdit v5.6.1
[22:42:09] [Server thread/INFO]: [Essentials] Enabling Essentials vTeamCity
[22:42:09] [Server thread/INFO]: git-Bukkit-9935adc (MC: 1.8.8)
[22:42:09] [Server thread/INFO]: 1.8.8-R0.1-SNAPSHOT
[22:42:09] [Server thread/INFO]: Using locale en_US
[22:42:10] [Server thread/INFO]: Using locale en_US
[22:42:10] [Server thread/INFO]: =-=-=-=-=-=-=-=-=-=-=-=-=-=-=-=-=-=
[22:42:10] [Server thread/INFO]:         Developed by AgentR
[22:42:10] [Server thread/INFO]:               Loading...
[22:42:10] [Server thread/INFO]: =-=-=-=-=-=-=-=-=-=-=-=-=-=-=-=-=-=
[22:42:10] [Server thread/INFO]: =-=-=-=-=-=-=-=-=-=-=-=-=-=-=-=-=-=
[22:42:10] [Server thread/INFO]:         Loaded successfully!
[22:42:10] [Server thread/INFO]: =-=-=-=-=-=-=-=-=-=-=-=-=-=-=-=-=-=
[22:42:10] [Server thread/INFO]: [LaggRemover] Enabling LaggRemover v0.1.7
[22:42:10] [Server thread/INFO]: [LaggRemover] LaggRemover has been enabled!
[22:42:10] [Server thread/INFO]: [WorldGuard] Enabling WorldGuard v6.1
[22:42:10] [Server thread/INFO]: [WorldGuard] (TEST) Lighters are PERMITTED.
[22:42:10] [Server thread/INFO]: [WorldGuard] (TEST) Lava fire is blocked.
[22:42:10] [Server thread/INFO]: [WorldGuard] (TEST) Fire spread is UNRESTRICTED.
[22:42:10] [Server thread/INFO]: [WorldGuard] (TEST_nether) Lighters are PERMITTED.
[22:42:10] [Server thread/INFO]: [WorldGuard] (TEST_nether) Lava fire is blocked.
[22:42:10] [Server thread/INFO]: [WorldGuard] (TEST_nether) Fire spread is UNRESTRICTED.
[22:42:10] [Server thread/INFO]: [WorldGuard] (TEST_the_end) Lighters are PERMITTED.
[22:42:10] [Server thread/INFO]: [WorldGuard] (TEST_the_end) Lava fire is blocked.
[22:42:10] [Server thread/INFO]: [WorldGuard] (TEST_the_end) Fire spread is UNRESTRICTED.
[22:42:10] [Server thread/INFO]: [Multiverse-Core] Enabling Multiverse-Core v2.4-b527
[22:42:11] [Server thread/INFO]: [Multiverse-Core] Loading World & Settings - 'TEST' - Env: NORMAL - Type: NORMAL & seed: -2024018835920597302
[22:42:11] [Server thread/INFO]: [Multiverse-Core] Loading World & Settings - 'TEST_nether' - Env: NETHER - Type: NORMAL & seed: -2024018835920597302
[22:42:11] [Server thread/INFO]: [Multiverse-Core] Loading World & Settings - 'TEST_the_end' - Env: THE_END - Type: NORMAL & seed: -2024018835920597302
[22:42:11] [Server thread/INFO]: [Multiverse-Core] Loading World & Settings - 'lobby' - Env: NORMAL - Type: NORMAL & seed: -3770714656453924402
[22:42:11] [Server thread/INFO]: [WorldGuard] (lobby) Lighters are PERMITTED.
[22:42:11] [Server thread/INFO]: [WorldGuard] (lobby) Lava fire is blocked.
[22:42:11] [Server thread/INFO]: [WorldGuard] (lobby) Fire spread is UNRESTRICTED.
[22:42:11] [Server thread/INFO]: [Multiverse-Core] Loading World & Settings - 'minigames' - Env: NORMAL - Type: FLAT & seed: 2973644325369467684
[22:42:11] [Server thread/INFO]: [WorldGuard] (minigames) Lighters are PERMITTED.
[22:42:11] [Server thread/INFO]: [WorldGuard] (minigames) Lava fire is blocked.
[22:42:11] [Server thread/INFO]: [WorldGuard] (minigames) Fire spread is UNRESTRICTED.
[22:42:13] [Server thread/INFO]: [Multiverse-Core] Loading World & Settings - 'Skywars' - Env: NORMAL - Type: FLAT & seed: 3121935573477155779
[22:42:13] [Server thread/INFO]: [WorldGuard] (Skywars) Lighters are PERMITTED.
[22:42:13] [Server thread/INFO]: [WorldGuard] (Skywars) Lava fire is blocked.
[22:42:13] [Server thread/INFO]: [WorldGuard] (Skywars) Fire spread is UNRESTRICTED.
[22:42:13] [Server thread/INFO]: [Multiverse-Core] Loading World & Settings - 'spawn' - Env: NORMAL - Type: NORMAL & seed: 2261197457111850464
[22:42:14] [Server thread/INFO]: [WorldGuard] (spawn) Lighters are PERMITTED.
[22:42:14] [Server thread/INFO]: [WorldGuard] (spawn) Lava fire is blocked.
[22:42:14] [Server thread/INFO]: [WorldGuard] (spawn) Fire spread is UNRESTRICTED.
[22:42:14] [Server thread/INFO]: [Multiverse-Core] 8 - World(s) loaded.
[22:42:14] [Server thread/INFO]: [Splegg] Enabling Splegg v1.2
[22:42:14] [Server thread/INFO]: [Splegg] Loading map SpleggOne.
[22:42:14] [Server thread/INFO]: [Splegg] Map is usable
[22:42:14] [Server thread/INFO]: [Splegg] Load Complete!
[22:42:14] [Server thread/INFO]: [Splegg] Loading map ArenaOne.
[22:42:14] [Server thread/INFO]: [Splegg] Spawn count is 0
[22:42:14] [Server thread/INFO]: [Splegg] No floors are setup.
[22:42:14] [Server thread/INFO]: [Splegg] --<>-- PLEASE SETUP MAP!! --<>--
[22:42:14] [Server thread/INFO]: [Splegg] Load Complete!
[22:42:14] [Server thread/INFO]: [EssentialsProtect] Enabling EssentialsProtect vTeamCity
[22:42:14] [Server thread/INFO]: [VoxelSniper] Enabling VoxelSniper v7.1.0
[22:42:14] [Server thread/INFO]: [Multiverse-NetherPortals] Enabling Multiverse-NetherPortals v2.4-b530
[22:42:15] [Server thread/INFO]: [Multiverse-Portals] Enabling Multiverse-Portals v2.4-b548
[22:42:16] [Server thread/INFO]: [Multiverse-Portals]  1 - Portals(s) loaded
[22:42:16] [Server thread/INFO]: [EssentialsSpawn] Enabling EssentialsSpawn vTeamCity
[22:42:16] [Server thread/INFO]: [SkyWarsReloaded] Enabling SkyWarsReloaded v2.8
[22:42:16] [Server thread/INFO]: [SkyWarsReloaded] Loading support for v1_8_R3
[22:42:17] [Server thread/INFO]: [WorldGuard] (skywars1) Lighters are PERMITTED.
[22:42:17] [Server thread/INFO]: [WorldGuard] (skywars1) Lava fire is blocked.
[22:42:17] [Server thread/INFO]: [WorldGuard] (skywars1) Fire spread is UNRESTRICTED.
[22:42:23] [Server thread/INFO]: [SkyWarsReloaded] Registered Map skywars1!
[22:42:23] [Server thread/INFO]: [WorldGuard] (caves) Lighters are PERMITTED.
[22:42:23] [Server thread/INFO]: [WorldGuard] (caves) Lava fire is blocked.
[22:42:23] [Server thread/INFO]: [WorldGuard] (caves) Fire spread is UNRESTRICTED.
[22:42:25] [Server thread/INFO]: [SkyWarsReloaded] Registered Map caves!
[22:42:28] [Server thread/INFO]: [MinigamesLib] Enabling MinigamesLib v1.13.1
[22:42:28] [Server thread/INFO]: [Minigames] Enabling Minigames v1.7.0
[22:42:28] [Server thread/INFO]: [Minigames] Using lang en_AU
[22:42:28] [Server thread/INFO]: Minigames successfully enabled.
[22:42:35] [Server thread/INFO]: [MobArena] Enabling MobArena v0.97.1
[22:42:36] [Server thread/INFO]: [MobArena] Loaded arena 'default'
[22:42:36] [Server thread/INFO]: [MobArena] Loaded arena 'god-arena'
[22:42:36] [Server thread/INFO]: [MobArena] v0.97.1 enabled.
[22:42:37] [Server thread/INFO]: [TNTRun] Enabling TNTRun v3.4
[22:42:37] [Server thread/INFO]: [HolographicDisplays] Enabling HolographicDisplays v2.1.10
[22:42:37] [Server thread/INFO]: [CommandSigns] Enabling CommandSigns v1.9.3.2
[22:42:37] [Server thread/INFO]: [CommandSigns] No signs found.
[22:42:48] [Server thread/INFO]: [EpicSpleef] Enabling EpicSpleef v0.0.19
[22:42:48] [Server thread/INFO]: [EpicSpleef] Enabling EpicSpleef by BtoBastian
[22:42:48] [Server thread/INFO]: [EpicSpleef] Loading lobby SpleefOne
[22:42:48] [Server thread/INFO]: [EpicSpleef] Loading arena ArenaOne
[22:42:48] [Server thread/INFO]: [EpicSpleef] Successfully loaded arena ArenaOne. (world: minigames, blocks: 5233, maxPlayers: 0)
[22:42:48] [Server thread/INFO]: [EpicSpleef] Loading arena SpleefOne
[22:42:48] [Server thread/INFO]: [EpicSpleef] Successfully loaded arena SpleefOne. (world: minigames, blocks: 0, maxPlayers: 0)
[22:42:48] [Server thread/INFO]: [OnTime] Enabling OnTime v4.1.3
[22:42:49] [Server thread/INFO]: [CraftBook] Enabling CraftBook v3.9-SNAPSHOT
[22:42:51] [Server thread/INFO]: [CraftBook] Successfully added 1 CommandItems!
[22:42:51] [Server thread/INFO]: [CraftBook] Registered 3 custom recipes!
[22:42:51] [Server thread/INFO]: [CraftBook] 5123 chunk(s) for 8 world(s) processed (29ms elapsed)
[22:43:03] [Server thread/INFO]: Found 0 arenas.
[22:43:16] [Server thread/INFO]: ThunderCS issued server command: /swr join SkyWars1
[22:43:27] [Server thread/INFO]: Twiixtor issued server command: /spawn
[22:43:39] [Server thread/INFO]: ThunderCS issued server command: /g tes
[22:43:39] [Server thread/INFO]: [G](+0)[Guest] <[Guest] ThunderCS> tes 
[22:43:40] [Server thread/INFO]: Popey456963 issued server command: /plugins
[22:43:41] [Server thread/INFO]: Players: [Guest] Raichu, [Guest] ThunderCS
[22:43:41] [Server thread/INFO]: Developers: [Dev] Popey, [Dev] Twiixtor
[22:43:43] [Server thread/INFO]: ThunderCS issued server command: /g GLOBAL CHAT
[22:43:43] [Server thread/INFO]: [G](+0)[Guest] <[Guest] ThunderCS> GLOBAL CHAT 
[22:44:07] [Server thread/INFO]: Twiixtor issued server command: //hsphere 95 10
[22:44:28] [Server thread/INFO]: Players: [Guest] Raichu, [Guest] ThunderCS
[22:44:28] [Server thread/INFO]: Developers: [Dev] Popey, [Dev] Twiixtor
[22:44:39] [Server thread/INFO]: Twiixtor issued server command: //expand vert
[22:44:46] [Server thread/INFO]: Twiixtor issued server command: //replace 4 0
[22:44:58] [Server thread/INFO]: Twiixtor issued server command: //replace web 0
[22:45:15] [Server thread/INFO]: Players: [Guest] Raichu, [Guest] ThunderCS
[22:45:15] [Server thread/INFO]: Developers: [Dev] Popey, [Dev] Twiixtor
[22:45:15] [Server thread/INFO]: Twiixtor issued server command: //hsphere 1 10
[22:45:34] [Server thread/INFO]: Twiixtor left the game.
[22:46:01] [Server thread/INFO]: Players: [Guest] Raichu, [Guest] ThunderCS
[22:46:01] [Server thread/INFO]: Developers: [Dev] Popey, [Dev] Twiixtor
[22:46:13] [Server thread/INFO]: Popey456963 issued server command: /g
[22:46:48] [Server thread/INFO]: Players: [Guest] Raichu, [Guest] ThunderCS
[22:46:48] [Server thread/INFO]: Developers: [Dev] Popey, [Dev] Twiixtor
[22:47:34] [Server thread/INFO]: Players: [Guest] Raichu, [Guest] ThunderCS
[22:47:34] [Server thread/INFO]: Developers: [Dev] Popey, [Dev] Twiixtor
[22:48:21] [Server thread/INFO]: Players: [Guest] Raichu, [Guest] ThunderCS
[22:48:21] [Server thread/INFO]: Developers: [Dev] Popey, [Dev] Twiixtor
[22:49:07] [Server thread/INFO]: Players: [Guest] Raichu, [Guest] ThunderCS
[22:49:07] [Server thread/INFO]: Developers: [Dev] Popey, [Dev] Twiixtor
[22:49:54] [Server thread/INFO]: Players: [Guest] Raichu, [AFK][Guest] ThunderCS
[22:49:54] [Server thread/INFO]: Developers: [Dev] Chris, [Dev] Popey, [Dev] Twiixtor
[22:49:55] [Server thread/INFO]: Twiixtor issued server command: /hd
[22:49:59] [Server thread/INFO]: Twiixtor issued server command: /hd edit spawn1
[22:50:15] [Server thread/INFO]: Twiixtor issued server command: /hd info spawn1
[22:50:17] [Server thread/INFO]: Crustifer issued server command: /gamemode 1
[22:50:22] [Server thread/INFO]: Twiixtor issued server command: /hd help 1
[22:50:29] [Server thread/INFO]: Crustifer issued server command: /deop raichu
[22:50:33] [Server thread/INFO]: Twiixtor issued server command: /hd rename
[22:50:37] [Server thread/INFO]: Twiixtor issued server command: /hd help 2
[22:50:39] [Server thread/INFO]: Twiixtor issued server command: /hd help 1
[22:50:40] [Server thread/INFO]: Players: [Guest] Raichu, [AFK][Guest] ThunderCS
[22:50:40] [Server thread/INFO]: Developers: [Dev] Chris, [Dev] Popey, [Dev] Twiixtor
[22:50:44] [Server thread/INFO]: Popey456963 issued server command: /pex user Raichu3000 group set Member
[22:50:45] [Server thread/INFO]: Twiixtor issued server command: /hd fix
[22:50:45] [Server thread/INFO]: Crustifer issued server command: /deop Raichu3000
[22:50:45] [Server thread/INFO]: [Crustifer: De-opped Raichu3000]
[22:50:54] [Server thread/INFO]: Twiixtor issued server command: /hd fix spawn1
[22:51:12] [Server thread/INFO]: Popey456963 issued server command: /sudo Raichu3000 /me test
[22:51:16] [Server thread/INFO]: Popey456963 issued server command: /sudo Raichu3000 me test
[22:51:27] [Server thread/INFO]: Players: [AFK][Guest] ThunderCS
[22:51:27] [Server thread/INFO]: Developers: [Dev] Chris, [Dev] Popey, [Dev] Twiixtor
[22:51:28] [Server thread/INFO]: Raichu3000 issued server command: /me poo
[22:51:36] [Server thread/INFO]: Crustifer issued server command: /sudo raichu3000 i love memes
[22:51:36] [Server thread/INFO]: Raichu3000 issued server command: /powertool
[22:51:36] [Server thread/INFO]: Popey456963 issued server command: /sudo Raichu3000 me is gaaaay
[22:51:48] [Server thread/INFO]: Crustifer issued server command: /sudo /me loves memes
[22:51:59] [Server thread/INFO]: Crustifer issued server command: /sudo raichu3000 /me i love memes
[22:52:03] [Server thread/INFO]: Crustifer issued server command: /sudo raichu3000 /me i love memes
[22:52:06] [Server thread/INFO]: Crustifer issued server command: /sudo raichu3000 me i love memes
[22:52:14] [Server thread/INFO]: Raichu3000 issued server command: /me nope
[22:52:27] [Server thread/INFO]: Crustifer issued server command: /sudo raichu3000 me dank dank in the bank
[22:52:30] [Server thread/INFO]: Crustifer issued server command: /op raichu9000
[22:52:34] [Server thread/INFO]: Crustifer issued server command: /op raichu3000
[22:52:34] [Server thread/INFO]: [Crustifer: Opped raichu3000]
[22:52:42] [Server thread/INFO]: Raichu3000 issued server command: /gamemode 9
[22:52:48] [Server thread/INFO]: Crustifer issued server command: /plugins
[22:52:56] [Server thread/INFO]: Players: [AFK][Guest] ThunderCS
[22:52:56] [Server thread/INFO]: Developers: [Dev] Chris, [Dev] Popey, [Dev] Twiixtor
[22:52:58] [Server thread/INFO]: Popey456963 issued server command: /swr
[22:53:43] [Server thread/INFO]: Players: [Guest] ThunderCS
[22:53:43] [Server thread/INFO]: Developers: [Dev] Chris, [Dev] Popey, [Dev] Twiixtor
[22:54:29] [Server thread/INFO]: Players: [Guest] ThunderCS
[22:54:29] [Server thread/INFO]: Developers: [Dev] Chris, [Dev] Popey, [Dev] Twiixtor
[22:54:41] [Server thread/INFO]: Twiixtor issued server command: /tp cru
[22:54:47] [Server thread/INFO]: ThunderCS issued server command: /swr
[22:54:57] [Server thread/INFO]: Popey456963 issued server command: /swp
[22:54:58] [Server thread/INFO]: Twiixtor issued server command: /plugins
[22:55:00] [Server thread/INFO]: Popey456963 issued server command: /swr
[22:55:16] [Server thread/INFO]: Players: [Guest] ThunderCS
[22:55:16] [Server thread/INFO]: Developers: [Dev] Chris, [Dev] Popey, [Dev] Twiixtor
[22:55:52] [Server thread/INFO]: Twiixtor issued server command: /rapidfw 2
[22:56:02] [Server thread/INFO]: Players: [Guest] ThunderCS
[22:56:02] [Server thread/INFO]: Developers: [Dev] Chris, [Dev] Popey, [Dev] Twiixtor
[22:56:42] [Server thread/INFO]: Twiixtor issued server command: /tp rai
[22:56:49] [Server thread/INFO]: Players: [Guest] dankl0rd420, [Guest] ThunderCS
[22:56:49] [Server thread/INFO]: Developers: [Dev] Chris, [Dev] Popey, [Dev] Twiixtor
[22:56:59] [Server thread/INFO]: Twiixtor issued server command: //set grass
[22:57:04] [Server thread/INFO]: Twiixtor issued server command: //set grass
[22:57:07] [Server thread/INFO]: Crustifer issued server command: //schemtic load chrisultrapepe
[22:57:08] [Server thread/INFO]: Twiixtor issued server command: //set grass
[22:57:13] [Server thread/INFO]: Twiixtor issued server command: //set grass
[22:57:16] [Server thread/INFO]: Crustifer issued server command: //copy
[22:57:21] [Server thread/INFO]: Crustifer issued server command: //paste
[22:57:28] [Server thread/INFO]: Crustifer issued server command: //undo
[22:57:33] [Server thread/INFO]: Crustifer issued server command: //paste
[22:57:36] [Server thread/INFO]: Players: [Guest] dankl0rd420, [Guest] ThunderCS
[22:57:36] [Server thread/INFO]: Developers: [Dev] Chris, [Dev] Popey, [Dev] Twiixtor
[22:57:38] [Server thread/INFO]: Crustifer issued server command: //undo
[22:57:44] [Server thread/INFO]: Crustifer issued server command: //paste
[22:57:51] [Server thread/INFO]: Raichu3000 issued server command: /speed 500
[22:57:52] [Server thread/INFO]: Crustifer issued server command: //undo
[22:57:54] [Server thread/INFO]: Crustifer issued server command: //paste
[22:58:07] [Server thread/INFO]: Raichu3000 issued server command: /speed 1
[22:58:10] [Server thread/INFO]: Popey456963 issued server command: /plugins
[22:58:19] [Server thread/INFO]: Twiixtor issued server command: //set 0
[22:58:22] [Server thread/INFO]: Players: [Guest] dankl0rd420, [Guest] ThunderCS
[22:58:22] [Server thread/INFO]: Developers: [Dev] Chris, [Dev] Popey, [Dev] Twiixtor
[22:58:28] [Server thread/INFO]: Twiixtor issued server command: //replace 35:14 35
[22:58:39] [Server thread/INFO]: Twiixtor issued server command: //set 95
[22:58:47] [Server thread/INFO]: dkane411 left the game.
[22:59:07] [Server thread/INFO]: Twiixtor issued server command: /tp Twiixtor -513 4 -151
[22:59:07] [Server thread/INFO]: Twiixtor issued server command: /tppos -513 4 -151
[22:59:09] [Server thread/INFO]: Players: [Guest] dankl0rd420, [Guest] ThunderCS
[22:59:09] [Server thread/INFO]: Developers: [Dev] Chris, [Dev] Popey, [Dev] Twiixtor
[22:59:17] [Server thread/INFO]: Twiixtor issued server command: /tp Twiixtor -158 4 -152
[22:59:17] [Server thread/INFO]: Twiixtor issued server command: /tppos -158 4 -152
[22:59:25] [Server thread/INFO]: Twiixtor issued server command: //set 0
[22:59:55] [Server thread/INFO]: Players: [Guest] dankl0rd420, [Guest] ThunderCS
[22:59:55] [Server thread/INFO]: Developers: [Dev] Chris, [Dev] Popey, [Dev] Twiixtor
[23:00:03] [Server thread/INFO]: Crustifer left the game.
[23:00:06] [Server thread/INFO]: Raichu3000 issued server command: /join tntarena1
[23:00:16] [Server thread/INFO]: Twiixtor issued server command: //set grass
[23:00:21] [Server thread/INFO]: Twiixtor issued server command: /tp Twiixtor -412 4 -157
[23:00:21] [Server thread/INFO]: Twiixtor issued server command: /tppos -412 4 -157
[23:00:27] [Server thread/INFO]: Twiixtor issued server command: /tp Twiixtor -601 4 148
[23:00:27] [Server thread/INFO]: Twiixtor issued server command: /tppos -601 4 148
[23:00:33] [Server thread/INFO]: Raichu3000 issued server command: /gamemode 1
[23:00:40] [Server thread/INFO]: Crustifer issued server command: //move 2
[23:00:42] [Server thread/INFO]: Players: [Guest] dankl0rd420, [Guest] ThunderCS
[23:00:42] [Server thread/INFO]: Developers: [Dev] Chris, [Dev] Popey, [Dev] Twiixtor
[23:00:42] [Server thread/INFO]: Raichu3000 issued server command: /ma leave
[23:00:43] [Server thread/INFO]: Crustifer issued server command: //undo
[23:00:45] [Server thread/INFO]: dkane411 issued server command: /gmc
[23:00:51] [Server thread/INFO]: Crustifer issued server command: //move
[23:00:52] [Server thread/INFO]: dkane411 issued server command: /gmc
[23:00:58] [Server thread/INFO]: Raichu3000 issued server command: /leave
[23:00:58] [Server thread/INFO]: Crustifer issued server command: //move
[23:01:00] [Server thread/INFO]: Crustifer issued server command: //und
[23:01:01] [Server thread/INFO]: Crustifer issued server command: //undo
[23:01:02] [Server thread/INFO]: ThunderCS issued server command: /gm 1
[23:01:02] [Server thread/INFO]: Crustifer issued server command: //undo
[23:01:04] [Server thread/INFO]: Crustifer issued server command: //move 2
[23:01:11] [Server thread/INFO]: Crustifer issued server command: //move
[23:01:25] [Server thread/INFO]: Twiixtor issued server command: /tp thund
[23:01:28] [Server thread/INFO]: Players: [Guest] dankl0rd420, [Guest] ThunderCS
[23:01:28] [Server thread/INFO]: Developers: [Dev] Chris, [Dev] Popey, [Dev] Twiixtor
[23:01:31] [Server thread/INFO]: Twiixtor issued server command: /tp rai
[23:01:42] [Server thread/INFO]: Twiixtor issued server command: /tphere rai
[23:02:12] [Server thread/INFO]: Twiixtor issued server command: /speed 10
[23:02:15] [Server thread/INFO]: Twiixtor issued server command: /speed 10
[23:02:22] [Server thread/INFO]: Twiixtor issued server command: /speed 1
[23:02:29] [Server thread/INFO]: Twiixtor issued server command: /speed 1
[23:02:34] [Server thread/INFO]: ThunderCS issued server command: //pos 2
[23:02:35] [Server thread/INFO]: ThunderCS issued server command: //pos2
[23:02:37] [Server thread/INFO]: ThunderCS issued server command: //cut
[23:02:39] [Server thread/INFO]: Crustifer issued server command: //copy
[23:02:47] [Server thread/INFO]: Crustifer issued server command: //paste
[23:02:53] [Server thread/INFO]: Crustifer issued server command: //undo
[23:02:56] [Server thread/INFO]: Players: [Guest] dankl0rd420, [Guest] ThunderCS
[23:02:56] [Server thread/INFO]: Developers: [Dev] Chris, [Dev] Popey, [Dev] Twiixtor
[23:02:56] [Server thread/INFO]: Crustifer issued server command: //paste
[23:03:00] [Server thread/INFO]: Crustifer issued server command: //undo
[23:03:04] [Server thread/INFO]: Crustifer issued server command: //paste
[23:03:16] [Server thread/INFO]: Crustifer issued server command: //undo
[23:03:19] [Server thread/INFO]: Crustifer issued server command: //paste
[23:03:24] [Server thread/INFO]: Crustifer issued server command: //undo
[23:03:27] [Server thread/INFO]: Twiixtor issued server command: /tp dk
[23:03:29] [Server thread/INFO]: Crustifer issued server command: //paste
[23:03:34] [Server thread/INFO]: Crustifer issued server command: //undo
[23:03:37] [Server thread/INFO]: Crustifer issued server command: //paste
[23:03:40] [Server thread/INFO]: Crustifer issued server command: //undo
[23:03:43] [Server thread/INFO]: Players: [Guest] dankl0rd420, [Guest] ThunderCS
[23:03:43] [Server thread/INFO]: Developers: [Dev] Chris, [Dev] Popey, [Dev] Twiixtor
[23:03:43] [Server thread/INFO]: Crustifer issued server command: //paste
[23:03:54] [Server thread/INFO]: Crustifer issued server command: //undo
[23:03:55] [Server thread/INFO]: Crustifer issued server command: //flip
[23:03:57] [Server thread/INFO]: Crustifer issued server command: //paste
[23:04:04] [Server thread/INFO]: Crustifer issued server command: //undo
[23:04:12] [Server thread/INFO]: Raichu3000 issued server command: /tp dkane411
[23:04:14] [Server thread/INFO]: Crustifer issued server command: //copy
[23:04:18] [Server thread/INFO]: Popey456963 issued server command: /tp dka
[23:04:21] [Server thread/INFO]: Crustifer issued server command: //paste
[23:04:27] [Server thread/INFO]: Popey456963 issued server command: /mvm set pvp true
[23:04:29] [Server thread/INFO]: Players: [Guest] dankl0rd420, [Guest] ThunderCS
[23:04:29] [Server thread/INFO]: Developers: [Dev] Chris, [Dev] Popey, [Dev] Twiixtor
[23:04:30] [Server thread/INFO]: Crustifer issued server command: //paste
[23:04:32] [Server thread/INFO]: Popey456963 issued server command: /gm 0
[23:04:34] [Server thread/INFO]: Popey456963 issued server command: /gm 0 Twiixtor
[23:04:37] [Server thread/INFO]: Twiixtor fell from a high place
[23:04:38] [Server thread/INFO]: Crustifer issued server command: //paste
[23:04:42] [Server thread/INFO]: Twiixtor issued server command: /back
[23:04:44] [Server thread/INFO]: Twiixtor issued server command: /gm 1
[23:04:45] [Server thread/INFO]: Popey456963 fell from a high place
[23:04:48] [Server thread/INFO]: Crustifer issued server command: //paste
[23:04:50] [Server thread/INFO]: Popey456963 issued server command: /back
[23:04:51] [Server thread/INFO]: Popey456963 issued server command: /gm 1
[23:04:57] [Server thread/INFO]: Crustifer issued server command: //paste
[23:05:03] [Server thread/INFO]: Crustifer issued server command: //paste
[23:05:08] [Server thread/INFO]: Crustifer issued server command: //undo
[23:05:09] [Server thread/INFO]: Twiixtor issued server command: /tp Twiixtor 273 4 64
[23:05:09] [Server thread/INFO]: Twiixtor issued server command: /tppos 273 4 64
[23:05:10] [Server thread/INFO]: Crustifer issued server command: //paste
[23:05:16] [Server thread/INFO]: Players: [Guest] dankl0rd420, [Guest] ThunderCS
[23:05:16] [Server thread/INFO]: Developers: [Dev] Chris, [Dev] Popey, [Dev] Twiixtor
[23:05:16] [Server thread/INFO]: Twiixtor issued server command: /tp rai
[23:05:22] [Server thread/INFO]: Crustifer issued server command: //undo
[23:05:24] [Server thread/INFO]: Crustifer issued server command: //paste
[23:05:30] [Server thread/INFO]: Crustifer issued server command: //paste
[23:05:31] [Server thread/INFO]: Popey456963 issued server command: //pos 1
[23:05:34] [Server thread/INFO]: Popey456963 issued server command: //pos1
[23:05:34] [Server thread/INFO]: Crustifer issued server command: //udo
[23:05:36] [Server thread/INFO]: Crustifer issued server command: //undo
[23:05:38] [Server thread/INFO]: Popey456963 issued server command: //pos2
[23:05:44] [Server thread/INFO]: Crustifer issued server command: //paste
[23:05:46] [Server thread/INFO]: Twiixtor issued server command: //extend 2 down
[23:05:50] [Server thread/INFO]: Twiixtor issued server command: //extend 2 down
[23:05:51] [Server thread/INFO]: Crustifer issued server command: //set air
[23:05:52] [Server thread/INFO]: Twiixtor issued server command: //expand 2 down
[23:05:54] [Server thread/INFO]: Twiixtor issued server command: //set grass
[23:05:56] [Server thread/INFO]: Crustifer issued server command: //undo
[23:06:01] [Server thread/INFO]: Crustifer issued server command: //undo
[23:06:02] [Server thread/INFO]: Players: [Guest] dankl0rd420, [Guest] ThunderCS
[23:06:02] [Server thread/INFO]: Developers: [Dev] Chris, [Dev] Popey, [Dev] Twiixtor
[23:06:06] [Server thread/INFO]: Crustifer issued server command: //paste
[23:06:14] [Server thread/INFO]: Twiixtor issued server command: //set 0
[23:06:15] [Server thread/INFO]: Crustifer issued server command: //set air
[23:06:21] [Server thread/INFO]: Twiixtor issued server command: //set grass
[23:06:36] [Server thread/INFO]: Twiixtor issued server command: /brush replace
[23:06:40] [Server thread/INFO]: Twiixtor issued server command: /replace
[23:06:41] [Server thread/INFO]: Twiixtor issued server command: //replace
[23:06:49] [Server thread/INFO]: Players: [Guest] dankl0rd420, [Guest] ThunderCS
[23:06:49] [Server thread/INFO]: Developers: [Dev] Chris, [Dev] Popey, [Dev] Twiixtor
[23:06:57] [Server thread/INFO]: Crustifer issued server command: //move
[23:06:58] [Server thread/INFO]: Twiixtor issued server command: //expand vert
[23:07:00] [Server thread/INFO]: Twiixtor issued server command: //replace 35 0
[23:07:08] [Server thread/INFO]: Twiixtor issued server command: //expand vert
[23:07:08] [Server thread/INFO]: Crustifer issued server command: //stack
[23:07:10] [Server thread/INFO]: Twiixtor issued server command: //regen
[23:07:30] [Server thread/INFO]: Twiixtor issued server command: //set 0
[23:07:32] [Server thread/INFO]: Twiixtor issued server command: //expand vert
[23:07:35] [Server thread/INFO]: Twiixtor issued server command: //set 0
[23:07:35] [Server thread/INFO]: Players: [Guest] dankl0rd420, [Guest] ThunderCS
[23:07:35] [Server thread/INFO]: Developers: [Dev] Chris, [Dev] Popey, [Dev] Twiixtor
[23:07:39] [Server thread/INFO]: Twiixtor issued server command: //regen
[23:07:52] [Server thread/INFO]: Twiixtor issued server command: /tp Twiixtor 464 4 17
[23:07:52] [Server thread/INFO]: Twiixtor issued server command: /tppos 464 4 17
[23:07:59] [Server thread/INFO]: Twiixtor issued server command: /tp Twiixtor 447 4 76
[23:07:59] [Server thread/INFO]: Twiixtor issued server command: /tppos 447 4 76
[23:08:22] [Server thread/INFO]: Players: [Guest] dankl0rd420, [AFK][Guest] ThunderCS
[23:08:22] [Server thread/INFO]: Developers: [Dev] Chris, [Dev] Popey, [Dev] Twiixtor
[23:08:49] [Server thread/INFO]: Twiixtor issued server command: //expand vert
[23:08:52] [Server thread/INFO]: Twiixtor issued server command: //regen
[23:09:05] [Server thread/INFO]: Twiixtor issued server command: //expand vert
[23:09:06] [Server thread/INFO]: Twiixtor issued server command: //regen
[23:09:09] [Server thread/INFO]: Players: [Guest] dankl0rd420, [AFK][Guest] ThunderCS
[23:09:09] [Server thread/INFO]: Developers: [Dev] Chris, [Dev] Popey, [Dev] Twiixtor
[23:09:19] [Server thread/INFO]: Twiixtor issued server command: /tp Twiixtor 262 4 -97
[23:09:19] [Server thread/INFO]: Twiixtor issued server command: /tppos 262 4 -97
[23:09:25] [Server thread/INFO]: Twiixtor issued server command: //expand vert
[23:09:25] [Server thread/INFO]: Twiixtor issued server command: //regen
[23:09:30] [Server thread/INFO]: Twiixtor issued server command: /tp Twiixtor 20 6 -95
[23:09:30] [Server thread/INFO]: Twiixtor issued server command: /tppos 20 6 -95
[23:09:44] [Server thread/INFO]: [@: There is no such block with name minecraft:~-1]
[23:09:44] [Server thread/INFO]: [@: There is no such block with name minecraft:~]
[23:09:55] [Server thread/INFO]: Players: [Guest] dankl0rd420, [AFK][Guest] ThunderCS
[23:09:55] [Server thread/INFO]: Developers: [Dev] Chris, [Dev] Popey, [Dev] Twiixtor
[23:09:59] [Server thread/INFO]: Twiixtor issued server command: //regen
[23:10:01] [Server thread/INFO]: Twiixtor issued server command: //expand vert
[23:10:02] [Server thread/INFO]: Twiixtor issued server command: //regen
[23:10:07] [Server thread/INFO]: Twiixtor issued server command: /tp Twiixtor -295 4 -45
[23:10:07] [Server thread/INFO]: Twiixtor issued server command: /tppos -295 4 -45
[23:10:11] [Server thread/INFO]: Crustifer issued server command: //copy
[23:10:17] [Server thread/INFO]: Twiixtor issued server command: //expand vert
[23:10:17] [Server thread/INFO]: Crustifer issued server command: //paste
[23:10:18] [Server thread/INFO]: Twiixtor issued server command: //regen
[23:10:19] [Server thread/INFO]: Crustifer issued server command: //undo
[23:10:23] [Server thread/INFO]: Crustifer issued server command: //paste
[23:10:27] [Server thread/INFO]: Crustifer issued server command: //undo
[23:10:29] [Server thread/INFO]: Twiixtor left the game.
[23:10:29] [Server thread/INFO]: Crustifer issued server command: //paste
[23:10:42] [Server thread/INFO]: Players: [Guest] dankl0rd420, [AFK][Guest] ThunderCS
[23:10:42] [Server thread/INFO]: Developers: [Dev] Chris, [Dev] Popey, [Dev] Twiixtor
[23:10:43] [Server thread/INFO]: Twiixtor issued server command: /tp Twiixtor -49 4 -355
[23:10:43] [Server thread/INFO]: Twiixtor issued server command: /tppos -49 4 -355
[23:10:55] [Server thread/INFO]: Twiixtor issued server command: /speed 3
[23:11:02] [Server thread/INFO]: Twiixtor issued server command: //expand vert
[23:11:05] [Server thread/INFO]: Twiixtor issued server command: //regen
[23:11:07] [Server thread/INFO]: Crustifer issued server command: //move
[23:11:10] [Server thread/INFO]: Crustifer issued server command: /
[23:11:11] [Server thread/INFO]: Crustifer issued server command: //undo
[23:11:14] [Server thread/INFO]: Crustifer issued server command: //move 2
[23:11:28] [Server thread/INFO]: Players: [Guest] dankl0rd420, [AFK][Guest] ThunderCS
[23:11:28] [Server thread/INFO]: Developers: [Dev] Chris, [Dev] Popey, [Dev] Twiixtor
[23:11:50] [Server thread/INFO]: Stopping the server
[23:11:50] [Server thread/INFO]: Stopping server
[23:11:50] [Server thread/INFO]: [CraftBook] Disabling CraftBook v3.9-SNAPSHOT
[23:11:50] [Server thread/INFO]: [OnTime] Disabling OnTime v4.1.3
[23:11:50] [Server thread/INFO]: [EpicSpleef] Disabling EpicSpleef v0.0.19
[23:11:50] [Server thread/INFO]: [CommandSigns] Disabling CommandSigns v1.9.3.2
[23:11:50] [Server thread/INFO]: [HolographicDisplays] Disabling HolographicDisplays v2.1.10
[23:11:50] [Server thread/INFO]: [TNTRun] Disabling TNTRun v3.4
[23:11:50] [Server thread/INFO]: [MobArena] Disabling MobArena v0.97.1
[23:11:50] [Server thread/INFO]: [MobArena] disabled.
[23:11:50] [Server thread/INFO]: [Minigames] Disabling Minigames v1.7.0
[23:11:50] [Server thread/INFO]: Minigames successfully disabled.
[23:11:50] [Server thread/INFO]: [MinigamesLib] Disabling MinigamesLib v1.13.1
[23:11:50] [Server thread/INFO]: [SkyWarsReloaded] Disabling SkyWarsReloaded v2.8
[23:11:50] [Server thread/INFO]: [EssentialsSpawn] Disabling EssentialsSpawn vTeamCity
[23:11:50] [Server thread/INFO]: [Vault] Disabling Vault v1.5.6-b49
[23:11:50] [Server thread/INFO]: [Multiverse-Portals] Disabling Multiverse-Portals v2.4-b548
[23:11:50] [Server thread/INFO]: [Multiverse-NetherPortals] Disabling Multiverse-NetherPortals v2.4-b530
[23:11:50] [Server thread/INFO]: [MultiVerse-NetherPortals] - Disabled
[23:11:50] [Server thread/INFO]: [mcMMO] Disabling mcMMO v1.5.00-b3547
