[03:18:06] [Server thread/INFO]: Crustifer issued server command: //
[03:19:11] [Server thread/INFO]: [Crustifer: Given [Big Workbench Backpack] * 1 to Crustifer]
[03:19:17] [Server thread/INFO]: [Crustifer: Given [Ender Backpack] * 1 to Crustifer]
[03:19:20] [Server thread/INFO]: [Crustifer: Given [Big White Backpack] * 1 to Crustifer]
[03:22:48] [Server thread/INFO]: Crustifer left the game.
[18:36:05] [Server thread/INFO]: Crustifer issued server command: /spawn
[18:37:12] [Server thread/INFO]: [TwilightForest] Found okay portal spot
[18:37:15] [Server thread/INFO]: Crustifer left the game.
[18:56:14] [Server thread/INFO]: Crustifer issued server command: /we cui
[18:57:28] [Server thread/INFO]: Crustifer issued server command: //select
[18:57:29] [Server thread/INFO]: Crustifer issued server command: //help
[18:57:33] [Server thread/INFO]: Crustifer issued server command: //sphere
[18:57:39] [Server thread/INFO]: Crustifer issued server command: //pos1
[18:57:40] [Server thread/INFO]: Crustifer issued server command: //pos
[18:57:46] [Server thread/INFO]: Crustifer issued server command: //pos1 help
[18:57:56] [Server thread/INFO]: Crustifer issued server command: //lrbuild
[18:58:22] [Server thread/INFO]: Crustifer issued server command: /
[19:10:28] [Server thread/INFO]: 0
[19:10:28] [Server thread/INFO]: 0
[19:10:28] [Server thread/INFO]: 0
[19:10:30] [Server thread/INFO]: 0
[19:10:30] [Server thread/INFO]: 0
[19:10:30] [Server thread/INFO]: 0
[19:16:29] [Server thread/INFO]: Crustifer issued server command: //set air
[19:18:10] [Server thread/INFO]: Crustifer left the game.
[19:18:13] [Server thread/INFO]: Crustifer issued server command: /we cui
[19:21:10] [Server thread/INFO]: Crustifer issued server command: //walls glass
[19:21:15] [Server thread/INFO]: Crustifer issued server command: //roof
[19:21:17] [Server thread/INFO]: Crustifer issued server command: //cieling
[19:21:19] [Server thread/INFO]: Crustifer issued server command: //help
[19:21:22] [Server thread/INFO]: Crustifer issued server command: //fast
[19:21:34] [Server thread/INFO]: Crustifer issued server command: //hpos
[19:21:36] [Server thread/INFO]: Crustifer issued server command: //hpos 1
[19:21:38] [Server thread/INFO]: Crustifer issued server command: //hpos1
[19:21:41] [Server thread/INFO]: Crustifer issued server command: //hpos2
[19:21:54] [Server thread/INFO]: Crustifer issued server command: //bind
[19:21:55] [Server thread/INFO]: Crustifer issued server command: //bind
[19:21:56] [Server thread/INFO]: Crustifer issued server command: /bind
[19:21:58] [Server thread/INFO]: Crustifer issued server command: //help
[19:22:10] [Server thread/INFO]: Crustifer issued server command: //set glass
[19:23:06] [Server thread/INFO]: Crustifer left the game.
[19:25:39] [Server thread/INFO]: Crustifer issued server command: /we cui
[19:27:38] [Server thread/INFO]: Crustifer issued server command: //expand 2
[19:27:39] [Server thread/INFO]: Crustifer issued server command: //set air
[19:32:30] [Server thread/INFO]: Crustifer left the game.
