[05:59:00] [Server thread/INFO]: Crustifer left the game.
[05:59:14] [Server thread/INFO]: Crustifer issued server command: /we cui
[05:59:22] [Server thread/INFO]: Crustifer issued server command: /gamemode 0
[05:59:24] [Server thread/INFO]: Crustifer issued server command: /gamemode 1
[05:59:28] [Server thread/INFO]: Crustifer issued server command: /help
[05:59:38] [Server thread/INFO]: Crustifer issued server command: /pex
[05:59:41] [Server thread/INFO]: Crustifer issued server command: /promote crustifer
[05:59:51] [Server thread/INFO]: <[Guest] ~PUSSY_SLAYER69> memes
[05:59:53] [Server thread/INFO]: Crustifer issued server command: /nic
[05:59:56] [Server thread/INFO]: Crustifer issued server command: /nick crustifer ""
[06:00:00] [Server thread/INFO]: Crustifer issued server command: /nick crustifer off
[06:00:03] [Server thread/INFO]: Crustifer issued server command: /faa
[06:02:00] [Server thread/INFO]: Crustifer issued server command: /spawn
[06:04:24] [Server thread/INFO]: Crustifer issued server command: //pos1
[06:04:35] [Server thread/INFO]: Crustifer issued server command: //pos2
[06:04:36] [Server thread/INFO]: Crustifer issued server command: //set air
[06:04:50] [Server thread/INFO]: Crustifer issued server command: //pos2
[06:04:59] [Server thread/INFO]: Crustifer issued server command: //pos
[06:05:09] [Server thread/INFO]: Crustifer issued server command: //pos1
[06:05:10] [Server thread/INFO]: Crustifer issued server command: //pos2
[06:05:36] [Server thread/INFO]: 0
[06:06:09] [Server thread/INFO]: Crustifer left the game.
[06:07:31] [Server thread/INFO]: Crustifer issued server command: /we cui
[06:11:26] [Server thread/INFO]: Crustifer issued server command: /gamerule
[06:11:36] [Server thread/INFO]: Crustifer issued server command: /gamerule doMobSpawning 0
[06:11:36] [Server thread/INFO]: Crustifer: Game rule doMobSpawning has been set to: 0
[06:19:10] [Server thread/INFO]: Crustifer issued server command: //help
[06:19:31] [Server thread/INFO]: Crustifer issued server command: //replace half slab
[06:23:15] [Server thread/INFO]: Crustifer issued server command: //set 43
[06:23:17] [Server thread/INFO]: Crustifer issued server command: //set 43
[06:23:20] [Server thread/INFO]: Crustifer issued server command: //set 43
[06:23:24] [Server thread/INFO]: Crustifer issued server command: //set 43
[06:23:29] [Server thread/INFO]: Crustifer issued server command: //set 43
[06:23:31] [Server thread/INFO]: Crustifer issued server command: //set 43
[06:23:36] [Server thread/INFO]: Crustifer issued server command: //set 43
[06:23:38] [Server thread/INFO]: Crustifer issued server command: //set 43
[06:23:40] [Server thread/INFO]: Crustifer issued server command: //set 43
[06:24:40] [Server thread/INFO]: Crustifer issued server command: //replace grass 43
[06:29:15] [Server thread/INFO]: Crustifer issued server command: //replace clay
[06:29:18] [Server thread/INFO]: Crustifer issued server command: //undo
[06:29:35] [Server thread/INFO]: Crustifer issued server command: //replace 221:12
[06:29:38] [Server thread/INFO]: Crustifer issued server command: //undo
[06:29:40] [Server thread/INFO]: Crustifer issued server command: //replace clay 221:12
[06:29:46] [Server thread/INFO]: Crustifer issued server command: //replace 221:12 clay
[06:30:08] [Server thread/INFO]: Crustifer issued server command: //replace clay grass
[06:31:41] [Server thread/INFO]: Crustifer issued server command: //replace grass 44:7
[06:31:48] [Server thread/INFO]: Crustifer issued server command: //replace grass 44:7
[06:31:53] [Server thread/INFO]: Crustifer issued server command: //replace grass 44:7
[06:31:56] [Server thread/INFO]: Crustifer issued server command: //replace grass 44:7
[06:32:00] [Server thread/INFO]: Crustifer issued server command: //replace grass 44:7
[06:32:03] [Server thread/INFO]: Crustifer issued server command: //replace grass 44:7
[06:32:08] [Server thread/INFO]: Crustifer issued server command: //replace grass 44:7
[06:32:12] [Server thread/INFO]: Crustifer issued server command: //replace grass 44:7
[06:32:15] [Server thread/INFO]: Crustifer issued server command: //replace grass 44:7
[06:33:30] [Server thread/INFO]: Crustifer issued server command: //expand 1
[06:33:33] [Server thread/INFO]: Crustifer issued server command: //expand -1
[06:33:41] [Server thread/INFO]: Crustifer issued server command: //expand -1
[06:33:46] [Server thread/INFO]: Crustifer issued server command: //expand -1
[06:33:49] [Server thread/INFO]: Crustifer issued server command: //expand -1
[06:33:51] [Server thread/INFO]: Crustifer issued server command: //help
[06:34:05] [Server thread/INFO]: Crustifer issued server command: //
[06:34:14] [Server thread/INFO]: Crustifer issued server command: //shift 1
[06:34:16] [Server thread/INFO]: Crustifer issued server command: //set packed ice
[06:34:18] [Server thread/INFO]: Crustifer issued server command: //set ice
[06:36:00] [Server thread/INFO]: Crustifer issued server command: //pos1
[06:36:04] [Server thread/INFO]: Crustifer issued server command: //pos2
[06:36:06] [Server thread/INFO]: Crustifer issued server command: //move 1
[06:36:07] [Server thread/INFO]: Crustifer issued server command: /
[06:36:32] [Server thread/INFO]: Crustifer issued server command: //pos1
[06:36:36] [Server thread/INFO]: Crustifer issued server command: //pos2
[06:36:38] [Server thread/INFO]: Crustifer issued server command: //pos2
[06:36:41] [Server thread/INFO]: Crustifer issued server command: //stack 5
[06:36:47] [Server thread/INFO]: Crustifer issued server command: //pos1
[06:36:53] [Server thread/INFO]: Crustifer issued server command: //pos2
[06:36:56] [Server thread/INFO]: Crustifer issued server command: //stack 5
[06:37:49] [Server thread/INFO]: Crustifer issued server command: //pos1
[06:37:57] [Server thread/INFO]: Crustifer issued server command: //pos2
[06:38:06] [Server thread/INFO]: Crustifer issued server command: //move 3
[06:44:25] [Server thread/INFO]: Crustifer issued server command: //stack 20
[06:44:27] [Server thread/INFO]: Crustifer issued server command: //stack 30
[06:45:22] [Server thread/INFO]: Crustifer issued server command: //stack 20
[06:46:09] [Server thread/INFO]: Crustifer issued server command: //stack 30
[06:55:57] [Server thread/INFO]: Crustifer issued server command: //copy
[06:56:03] [Server thread/INFO]: Crustifer issued server command: //paste
[06:56:16] [Server thread/INFO]: Crustifer issued server command: //move 1
[06:56:28] [Server thread/INFO]: Crustifer issued server command: //paste
[06:56:36] [Server thread/INFO]: Crustifer issued server command: //paste
[06:58:52] [Server thread/INFO]: Crustifer issued server command: //copy
[06:59:01] [Server thread/INFO]: Crustifer issued server command: /paste
[06:59:11] [Server thread/INFO]: Crustifer issued server command: //paste
[07:13:58] [Server thread/INFO]: Crustifer issued server command: //copy
[07:14:09] [Server thread/INFO]: Crustifer issued server command: //paste
[07:20:04] [Server thread/INFO]: Crustifer issued server command: //pos1
[07:20:10] [Server thread/INFO]: Crustifer issued server command: //pos2
[07:20:29] [Server thread/INFO]: Crustifer issued server command: //move 1
[07:23:33] [Server thread/INFO]: Crustifer issued server command: //pos1
[07:23:35] [Server thread/INFO]: Crustifer issued server command: //pos1
[07:23:39] [Server thread/INFO]: Crustifer issued server command: //pos2
[07:23:40] [Server thread/INFO]: Crustifer issued server command: //set air
[07:24:06] [Server thread/INFO]: Crustifer issued server command: //pos1
[07:24:11] [Server thread/INFO]: Crustifer issued server command: //pos2
[07:24:13] [Server thread/INFO]: Crustifer issued server command: //set air
[07:26:59] [Server thread/INFO]: Crustifer issued server command: /give 43:12
[07:27:05] [Server thread/INFO]: Crustifer issued server command: /give crustifer 43:12
[07:27:19] [Server thread/INFO]: Crustifer issued server command: //SET 43:12
[07:27:27] [Server thread/INFO]: Crustifer issued server command: //set 43:13
[07:27:32] [Server thread/INFO]: Crustifer issued server command: //set 42:13
[07:27:38] [Server thread/INFO]: Crustifer issued server command: //set 44:12
[07:27:41] [Server thread/INFO]: Crustifer issued server command: //set 44:13
[07:27:46] [Server thread/INFO]: Crustifer issued server command: //set 44:17
[07:27:50] [Server thread/INFO]: Crustifer issued server command: //set 44:16
[07:27:53] [Server thread/INFO]: Crustifer issued server command: //set 44:15
[07:28:14] [Server thread/INFO]: Crustifer issued server command: //set 43:1
[07:28:17] [Server thread/INFO]: Crustifer issued server command: //set 43:2
[07:28:20] [Server thread/INFO]: Crustifer issued server command: //set 43:3
[07:28:25] [Server thread/INFO]: Crustifer issued server command: //set 43:13
[07:28:29] [Server thread/INFO]: Crustifer issued server command: //set 43:14
[07:28:32] [Server thread/INFO]: Crustifer issued server command: //set 43:15
[07:28:42] [Server thread/INFO]: Crustifer issued server command: //set 43:17
[07:28:49] [Server thread/INFO]: Crustifer issued server command: //set 43:17
[07:28:52] [Server thread/INFO]: Crustifer issued server command: //set 43:16
[07:28:57] [Server thread/INFO]: Crustifer issued server command: //set 43:15
[07:29:10] [Server thread/INFO]: Crustifer issued server command: //set 43
[07:30:44] [Server thread/INFO]: Crustifer issued server command: //move
[07:30:51] [Server thread/INFO]: Crustifer issued server command: //set 43
[07:31:12] [Server thread/INFO]: Crustifer issued server command: //undo
[07:31:14] [Server thread/INFO]: Crustifer issued server command: //undo
[07:31:22] [Server thread/INFO]: Crustifer issued server command: //move
[07:31:41] [Server thread/INFO]: Crustifer issued server command: //move
[07:32:00] [Server thread/INFO]: Crustifer issued server command: //set 43
[07:32:55] [Server thread/INFO]: Crustifer issued server command: //move
[07:33:41] [Server thread/INFO]: Crustifer issued server command: //set 0
[07:34:14] [Server thread/INFO]: Crustifer issued server command: //pos2
[07:34:19] [Server thread/INFO]: Crustifer issued server command: //pos2
[07:34:28] [Server thread/INFO]: Crustifer issued server command: //copy
[07:34:54] [Server thread/INFO]: Crustifer issued server command: //paste
[07:36:39] [Server thread/INFO]: Crustifer issued server command: //pos1
[07:36:45] [Server thread/INFO]: Crustifer issued server command: //pos2
[07:36:49] [Server thread/INFO]: Crustifer issued server command: //pos2
[07:36:53] [Server thread/INFO]: Crustifer issued server command: //move 4
[07:37:02] [Server thread/INFO]: Crustifer issued server command: //undo
[07:37:03] [Server thread/INFO]: Crustifer issued server command: //move 5
[07:37:43] [Server thread/INFO]: Crustifer issued server command: //set 43
[07:37:47] [Server thread/INFO]: Crustifer issued server command: //set 43
[07:41:34] [Server thread/INFO]: Crustifer issued server command: //stack 1
[07:41:44] [Server thread/INFO]: Crustifer issued server command: //stack 1
[07:42:16] [Server thread/INFO]: Crustifer issued server command: //stack 1
[07:43:43] [Server thread/INFO]: Crustifer issued server command: //move
[07:43:45] [Server thread/INFO]: Crustifer issued server command: //move
[07:43:50] [Server thread/INFO]: Crustifer issued server command: //undo
[07:43:59] [Server thread/INFO]: Crustifer issued server command: //move
[07:44:35] [Server thread/INFO]: Crustifer issued server command: //stack 3
[07:45:35] [Server thread/INFO]: Crustifer issued server command: //copy
[07:45:39] [Server thread/INFO]: Crustifer issued server command: //paste
[07:46:24] [Server thread/INFO]: Crustifer issued server command: //copy
[07:46:29] [Server thread/INFO]: Crustifer issued server command: //paste
[07:46:36] [Server thread/INFO]: Crustifer issued server command: //paste
[07:46:39] [Server thread/INFO]: Crustifer issued server command: //paste
[07:46:43] [Server thread/INFO]: Crustifer issued server command: //paste
[07:46:47] [Server thread/INFO]: Crustifer issued server command: //paste
[07:46:53] [Server thread/INFO]: Crustifer issued server command: //paste
[07:47:01] [Server thread/INFO]: Crustifer issued server command: //paste
[07:48:00] [Server thread/INFO]: Crustifer issued server command: //copy
[07:48:10] [Server thread/INFO]: Crustifer issued server command: //paste
[07:49:06] [Server thread/INFO]: Crustifer issued server command: //copy
[07:49:22] [Server thread/INFO]: Crustifer issued server command: //paste
[07:49:27] [Server thread/INFO]: Crustifer issued server command: //undo
[07:49:31] [Server thread/INFO]: Crustifer issued server command: //paste
[07:54:43] [Server thread/INFO]: Crustifer issued server command: //set 96
[07:54:52] [Server thread/INFO]: Crustifer issued server command: //set 65
[07:55:35] [Server thread/INFO]: Crustifer issued server command: //set glas
[07:55:37] [Server thread/INFO]: Crustifer issued server command: //set glass
[07:55:58] [Server thread/INFO]: Crustifer issued server command: //set 95:3
[07:57:59] [Server thread/INFO]: Crustifer issued server command: //set torch
[07:58:11] [Server thread/INFO]: Crustifer issued server command: //copy
[07:58:14] [Server thread/INFO]: Crustifer issued server command: //paste
[07:58:51] [Server thread/INFO]: Crustifer issued server command: //pos1
[07:58:53] [Server thread/INFO]: Crustifer issued server command: //pos2
[07:58:55] [Server thread/INFO]: Crustifer issued server command: //set torch
[07:59:27] [Server thread/INFO]: Crustifer issued server command: //stack 5
[07:59:31] [Server thread/INFO]: Crustifer issued server command: //undo
[07:59:46] [Server thread/INFO]: Crustifer issued server command: //stack 3
[08:00:26] [Server thread/INFO]: Crustifer issued server command: //copy
[08:00:29] [Server thread/INFO]: Crustifer issued server command: //paste
[08:01:20] [Server thread/INFO]: Crustifer issued server command: //pos
[08:01:22] [Server thread/INFO]: Crustifer issued server command: //pos1
[08:01:30] [Server thread/INFO]: Crustifer issued server command: //pos2
[08:01:32] [Server thread/INFO]: Crustifer issued server command: //set air
[08:01:39] [Server thread/INFO]: Crustifer issued server command: //pos1
[08:01:43] [Server thread/INFO]: Crustifer issued server command: //pos2
[08:01:44] [Server thread/INFO]: Crustifer issued server command: //set 0
[08:02:32] [Server thread/INFO]: Crustifer issued server command: //move 10
[08:02:39] [Server thread/INFO]: Crustifer issued server command: //undo
[08:02:44] [Server thread/INFO]: Crustifer issued server command: //move 20
[08:02:49] [Server thread/INFO]: Crustifer issued server command: //undo
[08:02:51] [Server thread/INFO]: Crustifer issued server command: //move 15
[08:05:03] [Server thread/INFO]: Crustifer issued server command: //set 0
[08:10:20] [Server thread/INFO]: Crustifer issued server command: //stack 50
[08:11:38] [Server thread/INFO]: Crustifer issued server command: //stack 50
[08:11:49] [Server thread/INFO]: Crustifer issued server command: //stack 50
[08:12:08] [Server thread/INFO]: Crustifer issued server command: //stack 50
[08:12:21] [Server thread/INFO]: Crustifer issued server command: //stack 50
[08:12:36] [Server thread/INFO]: Crustifer issued server command: //length
[08:12:39] [Server thread/INFO]: Crustifer issued server command: //help
[08:12:42] [Server thread/INFO]: Crustifer issued server command: /range
[08:12:50] [Server thread/INFO]: Crustifer issued server command: //count
[08:13:30] [Server thread/INFO]: Crustifer issued server command: //hcyl 6
[08:15:54] [Server thread/INFO]: Crustifer issued server command: //pos1
[08:15:58] [Server thread/INFO]: Crustifer issued server command: //pos2
[08:16:04] [Server thread/INFO]: Crustifer issued server command: //move 3
[08:16:17] [Server thread/INFO]: Crustifer issued server command: //set 0
[08:16:21] [Server thread/INFO]: Crustifer issued server command: //pos1
[08:16:26] [Server thread/INFO]: Crustifer issued server command: //pos2
[08:16:39] [Server thread/INFO]: Crustifer issued server command: //move 3
[08:16:46] [Server thread/INFO]: Crustifer issued server command: //expand 2
[08:16:50] [Server thread/INFO]: Crustifer issued server command: //move 2
[08:19:04] [Server thread/INFO]: Crustifer issued server command: //pos1
[08:19:07] [Server thread/INFO]: Crustifer issued server command: //undo
[08:19:08] [Server thread/INFO]: Crustifer issued server command: //undo
[08:19:15] [Server thread/INFO]: Crustifer issued server command: //undo
[08:19:24] [Server thread/INFO]: Crustifer issued server command: //pos1
[08:19:29] [Server thread/INFO]: Crustifer issued server command: //pos2
[08:19:32] [Server thread/INFO]: Crustifer issued server command: //move
[08:19:38] [Server thread/INFO]: Crustifer issued server command: //undo
[08:19:43] [Server thread/INFO]: Crustifer issued server command: //pos1
[08:19:48] [Server thread/INFO]: Crustifer issued server command: //pos2
[08:19:51] [Server thread/INFO]: Crustifer issued server command: //move
[08:20:05] [Server thread/INFO]: Crustifer issued server command: //pos1
[08:20:09] [Server thread/INFO]: Crustifer issued server command: //pos2
[08:20:12] [Server thread/INFO]: Crustifer issued server command: //move
[08:22:36] [Server thread/INFO]: Crustifer issued server command: //pos2
[08:22:42] [Server thread/INFO]: Crustifer issued server command: //pos2
[08:22:47] [Server thread/INFO]: Crustifer issued server command: //move
[08:24:19] [Server thread/INFO]: Crustifer issued server command: //pos1
[08:24:24] [Server thread/INFO]: Crustifer issued server command: //pos1
[08:24:29] [Server thread/INFO]: Crustifer issued server command: //hcyl 44 6
[08:24:34] [Server thread/INFO]: Crustifer issued server command: //undo
[08:25:41] [Server thread/INFO]: Crustifer issued server command: //set 0
[08:25:52] [Server thread/INFO]: Crustifer issued server command: //pos1
[08:25:54] [Server thread/INFO]: Crustifer issued server command: //pos2
[08:25:56] [Server thread/INFO]: Crustifer issued server command: //set torch
[08:26:03] [Server thread/INFO]: Crustifer issued server command: //set torch
[08:26:07] [Server thread/INFO]: Crustifer issued server command: //set 0
[08:45:03] [Server thread/INFO]: Crustifer issued server command: //pos1
[08:45:12] [Server thread/INFO]: Crustifer issued server command: //pos2
[08:45:35] [Server thread/INFO]: Crustifer left the game.
[15:37:05] [Server thread/INFO]: CONSOLE: Stopping the server..
[15:37:05] [Server thread/INFO]: Stopping server
[15:37:05] [Server thread/INFO]: [EssentialsAntiBuild] Disabling EssentialsAntiBuild v2.12.2
[15:37:05] [Server thread/INFO]: [EssentialsGeoIP] Disabling EssentialsGeoIP v2.12.2
[15:37:05] [Server thread/INFO]: [EssentialsSpawn] Disabling EssentialsSpawn v2.12.2
[15:37:05] [Server thread/INFO]: [EssentialsProtect] Disabling EssentialsProtect v2.12.2
[15:37:05] [Server thread/INFO]: [EpicQuest] Disabling EpicQuest v3.5.4
[15:37:05] [Server thread/INFO]: [EpicQuest] succesfully disabled.
[15:37:05] [Server thread/INFO]: [HeroBounty] Disabling HeroBounty v1.9.5
[15:37:05] [Server thread/INFO]: [EssentialsXMPP] Disabling EssentialsXMPP v2.12.2
[15:37:05] [Server thread/INFO]: [Essentials] Disabling Essentials v2.12.2
[15:37:05] [Server thread/INFO]: [WorldGuard] Disabling WorldGuard v6.0.0-beta-03.1514-
[15:37:05] [Server thread/INFO]: [WorldGuard] Shutting down executor and waiting for any pending tasks...
[15:37:05] [Server thread/INFO]: [mcMMO] Disabling mcMMO v1.5.00-b3547
[15:37:08] [Server thread/INFO]: [Modifyworld] Disabling Modifyworld v1.19.7
[15:37:08] [Server thread/INFO]: [Modifyworld] Modifyworld successfully disabled!
[15:37:08] [Server thread/INFO]: [ClearLag] Disabling ClearLag v2.8.2
[15:37:08] [Server thread/INFO]: [ClearLag] Nullifying module fields..
[15:37:08] [Server thread/INFO]: [ClearLag] Clearlag is now disabled!
[15:37:08] [Server thread/INFO]: [Vault] Disabling Vault v1.2.31-b411
[15:37:08] [Server thread/INFO]: [CommandBook] Disabling CommandBook v2.4:1692-75bb1c8,master
[15:37:08] [Server thread/INFO]: [MassiveCore] Disabling MassiveCore v7.4.0
[15:37:08] [Server thread/INFO]: [MassiveCore 7.4.0] Disabled
[15:37:08] [Server thread/INFO]: [WorldEdit] Disabling WorldEdit v5.6.3
[15:37:08] [Server thread/INFO]: [AutoMessage] Disabling AutoMessage v2.4.0
[15:37:08] [Server thread/INFO]: [WorldBorder] Disabling WorldBorder v1.7.9
[15:37:08] [Server thread/INFO]: [WorldBorder] [CONFIG] Border-checking timed task stopped.
[15:37:08] [Server thread/INFO]: Applying holder lookups
[15:37:08] [Server thread/INFO]: Holder lookups applied
