[00:00:03] [Server thread/INFO]: Twiixtor issued server command: /feed
[00:00:32] [Server thread/INFO]: Players: [Guest] MrHappyHyena
[00:00:32] [Server thread/INFO]: giraffe: [Giraffe] Twiixtor
[00:01:19] [Server thread/INFO]: Players: [Guest] MrHappyHyena
[00:01:19] [Server thread/INFO]: giraffe: [Giraffe] Twiixtor
[00:02:05] [Server thread/INFO]: Players: [Guest] MrHappyHyena
[00:02:05] [Server thread/INFO]: giraffe: [Giraffe] Twiixtor
[00:02:52] [Server thread/INFO]: Players: [Guest] MrHappyHyena
[00:02:52] [Server thread/INFO]: giraffe: [Giraffe] Twiixtor
[00:03:27] [Server thread/INFO]: Twiixtor issued server command: /i crafting 1
[00:03:32] [Server thread/INFO]: Twiixtor issued server command: /i craftingtable 1
[00:03:39] [Server thread/INFO]: Players: [Guest] MrHappyHyena
[00:03:39] [Server thread/INFO]: giraffe: [Giraffe] Twiixtor
[00:04:25] [Server thread/INFO]: Players: [Guest] MrHappyHyena
[00:04:25] [Server thread/INFO]: giraffe: [Giraffe] Twiixtor
[00:05:12] [Server thread/INFO]: Players: [Guest] MrHappyHyena
[00:05:12] [Server thread/INFO]: giraffe: [Giraffe] Twiixtor
[00:05:58] [Server thread/INFO]: Players: [Guest] MrHappyHyena
[00:05:58] [Server thread/INFO]: giraffe: [Giraffe] Twiixtor
[00:07:26] [Server thread/INFO]: Players: [Guest] MrHappyHyena
[00:07:26] [Server thread/INFO]: giraffe: [Giraffe] Twiixtor
[00:08:13] [Server thread/INFO]: Players: [Guest] MrHappyHyena
[00:08:13] [Server thread/INFO]: giraffe: [Giraffe] Twiixtor
[00:08:57] [Server thread/INFO]: MrHappyHyena issued server command: /home
[00:08:59] [Server thread/INFO]: Players: [Guest] MrHappyHyena
[00:08:59] [Server thread/INFO]: giraffe: [Giraffe] Twiixtor
[00:09:18] [Server thread/INFO]: MrHappyHyena issued server command: /sethome
[00:09:46] [Server thread/INFO]: Players: [Guest] MrHappyHyena
[00:09:46] [Server thread/INFO]: giraffe: [Giraffe] Twiixtor
[00:10:20] [Server thread/INFO]: Twiixtor issued server command: //
[00:10:32] [Server thread/INFO]: Players: [Guest] MrHappyHyena
[00:10:32] [Server thread/INFO]: giraffe: [Giraffe] Twiixtor
[00:11:18] [Server thread/INFO]: Twiixtor issued server command: /feed
[00:11:19] [Server thread/INFO]: Players: [Guest] MrHappyHyena
[00:11:19] [Server thread/INFO]: giraffe: [Giraffe] Twiixtor
[00:12:05] [Server thread/INFO]: Players: [Guest] MrHappyHyena
[00:12:05] [Server thread/INFO]: giraffe: [Giraffe] Twiixtor
[00:12:53] [Server thread/INFO]: Players: [Guest] MrHappyHyena
[00:12:53] [Server thread/INFO]: giraffe: [Giraffe] Twiixtor
[00:13:39] [Server thread/INFO]: Players: [Guest] MrHappyHyena
[00:13:39] [Server thread/INFO]: giraffe: [Giraffe] Twiixtor
[00:14:25] [Server thread/INFO]: Players: [Guest] MrHappyHyena
[00:14:25] [Server thread/INFO]: giraffe: [Giraffe] Twiixtor
[00:15:12] [Server thread/INFO]: Players: [Guest] MrHappyHyena
[00:15:12] [Server thread/INFO]: giraffe: [Giraffe] Twiixtor
[00:15:58] [Server thread/INFO]: Players: [Guest] MrHappyHyena
[00:15:58] [Server thread/INFO]: giraffe: [Giraffe] Twiixtor
[00:17:26] [Server thread/INFO]: Players: [Guest] MrHappyHyena
[00:17:26] [Server thread/INFO]: giraffe: [Giraffe] Twiixtor
[00:18:13] [Server thread/INFO]: Players: [Guest] MrHappyHyena
[00:18:13] [Server thread/INFO]: giraffe: [Giraffe] Twiixtor
[00:18:59] [Server thread/INFO]: Players: [Guest] MrHappyHyena
[00:18:59] [Server thread/INFO]: giraffe: [Giraffe] Twiixtor
[00:19:46] [Server thread/INFO]: Players: [Guest] MrHappyHyena
[00:19:46] [Server thread/INFO]: giraffe: [Giraffe] Twiixtor
[00:20:32] [Server thread/INFO]: Players: [Guest] MrHappyHyena
[00:20:32] [Server thread/INFO]: giraffe: [Giraffe] Twiixtor
[00:21:19] [Server thread/INFO]: Players: [Guest] MrHappyHyena
[00:21:19] [Server thread/INFO]: giraffe: [Giraffe] Twiixtor
[00:22:06] [Server thread/INFO]: Players: [Guest] MrHappyHyena
[00:22:06] [Server thread/INFO]: giraffe: [Giraffe] Twiixtor
[00:22:52] [Server thread/INFO]: Players: [Guest] MrHappyHyena
[00:22:52] [Server thread/INFO]: giraffe: [Giraffe] Twiixtor
[00:23:39] [Server thread/INFO]: Players: [Guest] MrHappyHyena
[00:23:39] [Server thread/INFO]: giraffe: [Giraffe] Twiixtor
[00:23:48] [Server thread/INFO]: Twiixtor issued server command: //
[00:23:52] [Server thread/INFO]: MrHappyHyena issued server command: /sethome
[00:23:54] [Server thread/INFO]: MrHappyHyena issued server command: /tp twix
[00:23:57] [Server thread/INFO]: MrHappyHyena issued server command: /tp twiixtor
[00:24:07] [Server thread/INFO]: Twiixtor issued server command: //
[00:24:25] [Server thread/INFO]: Players: [Guest] MrHappyHyena
[00:24:25] [Server thread/INFO]: giraffe: [Giraffe] Twiixtor
[00:24:35] [Server thread/INFO]: MrHappyHyena issued server command: /home
[00:25:12] [Server thread/INFO]: Players: [Guest] MrHappyHyena
[00:25:12] [Server thread/INFO]: giraffe: [Giraffe] Twiixtor
[00:25:47] [Server thread/INFO]: Twiixtor issued server command: /tp mr
[00:25:58] [Server thread/INFO]: Players: [Guest] MrHappyHyena
[00:25:58] [Server thread/INFO]: giraffe: [Giraffe] Twiixtor
[00:26:25] [Server thread/INFO]: Twiixtor issued server command: /spawn
[00:26:53] [Server thread/INFO]: Twiixtor issued server command: /home home
[00:27:26] [Server thread/INFO]: Players: [Guest] MrHappyHyena
[00:27:26] [Server thread/INFO]: giraffe: [Giraffe] Twiixtor
[00:27:42] [Server thread/INFO]: Twiixtor issued server command: /ascend
[00:28:13] [Server thread/INFO]: Players: [Guest] MrHappyHyena
[00:28:13] [Server thread/INFO]: giraffe: [Giraffe] Twiixtor
[00:28:59] [Server thread/INFO]: Players: [Guest] MrHappyHyena
[00:28:59] [Server thread/INFO]: giraffe: [Giraffe] Twiixtor
[00:29:46] [Server thread/INFO]: Players: [Guest] MrHappyHyena
[00:29:46] [Server thread/INFO]: giraffe: [Giraffe] Twiixtor
[00:30:32] [Server thread/INFO]: Players: [Guest] MrHappyHyena
[00:30:32] [Server thread/INFO]: giraffe: [Giraffe] Twiixtor
[00:31:19] [Server thread/INFO]: Players: [Guest] MrHappyHyena
[00:31:19] [Server thread/INFO]: giraffe: [Giraffe] Twiixtor
[00:32:06] [Server thread/INFO]: Players: [Guest] MrHappyHyena
[00:32:06] [Server thread/INFO]: giraffe: [Giraffe] Twiixtor
[00:32:52] [Server thread/INFO]: Players: [Guest] MrHappyHyena
[00:32:52] [Server thread/INFO]: giraffe: [Giraffe] Twiixtor
[00:33:07] [Server thread/INFO]: [Giraffe] Twiixtor: i still got homework to do ;_;
[00:33:39] [Server thread/INFO]: Players: [Guest] MrHappyHyena
[00:33:39] [Server thread/INFO]: giraffe: [Giraffe] Twiixtor
[00:34:25] [Server thread/INFO]: Twiixtor issued server command: /repair
[00:34:25] [Server thread/INFO]: Players: [Guest] MrHappyHyena
[00:34:25] [Server thread/INFO]: giraffe: [Giraffe] Twiixtor
[00:34:27] [Server thread/INFO]: Twiixtor issued server command: /repair all
[00:34:29] [Server thread/INFO]: Twiixtor issued server command: /fix all
[00:35:12] [Server thread/INFO]: Players: [Guest] MrHappyHyena
[00:35:12] [Server thread/INFO]: giraffe: [Giraffe] Twiixtor
[00:35:14] [Server thread/INFO]: MrHappyHyena issued server command: /sethome
[00:35:15] [Server thread/INFO]: MrHappyHyena issued server command: /home
[00:35:20] [Server thread/INFO]: MrHappyHyena issued server command: /home
[00:35:43] [Server thread/INFO]: Twiixtor issued server command: /home home
[00:35:58] [Server thread/INFO]: Players: [Guest] MrHappyHyena
[00:35:58] [Server thread/INFO]: giraffe: [Giraffe] Twiixtor
[00:37:22] [Server thread/INFO]: Twiixtor issued server command: /tp mr
[00:37:26] [Server thread/INFO]: Players: [Guest] MrHappyHyena
[00:37:26] [Server thread/INFO]: giraffe: [Giraffe] Twiixtor
[00:38:05] [Server thread/INFO]: Twiixtor issued server command: /home home
[00:38:13] [Server thread/INFO]: Players: [Guest] MrHappyHyena
[00:38:13] [Server thread/INFO]: giraffe: [Giraffe] Twiixtor
[00:38:21] [Server thread/INFO]: MrHappyHyena issued server command: /tp twix
[00:38:24] [Server thread/INFO]: Twiixtor issued server command: /tp mr
[00:38:25] [Server thread/INFO]: MrHappyHyena issued server command: /tp twiix
[00:38:31] [Server thread/INFO]: Twiixtor fell from a high place
[00:38:36] [Server thread/INFO]: Twiixtor issued server command: /back
[00:38:52] [Server thread/INFO]: Twiixtor issued server command: /tp mr
[00:38:59] [Server thread/INFO]: Players: [Guest] MrHappyHyena
[00:38:59] [Server thread/INFO]: giraffe: [Giraffe] Twiixtor
[00:39:46] [Server thread/INFO]: Players: [Guest] MrHappyHyena
[00:39:46] [Server thread/INFO]: giraffe: [Giraffe] Twiixtor
[00:39:56] [Server thread/INFO]: Twiixtor issued server command: /tp mr
[00:40:32] [Server thread/INFO]: MrHappyHyena issued server command: /home
[00:40:32] [Server thread/INFO]: Players: [Guest] MrHappyHyena
[00:40:32] [Server thread/INFO]: giraffe: [Giraffe] Twiixtor
[00:41:19] [Server thread/INFO]: Players: [Guest] MrHappyHyena
[00:41:19] [Server thread/INFO]: giraffe: [Giraffe] Twiixtor
[00:41:26] [Server thread/INFO]: Twiixtor issued server command: /hd addline hyena &4is &3FAT
[00:41:33] [Server thread/INFO]: Twiixtor issued server command: /hd addline hyena and ugly...
[00:41:45] [Server thread/INFO]: Twiixtor issued server command: /hd addline Like &2REALLY &fugly
[00:42:03] [Server thread/INFO]: Twiixtor issued server command: /hd remove happy
[00:42:05] [Server thread/INFO]: Twiixtor issued server command: /hd remove hyena
[00:42:06] [Server thread/INFO]: Players: [Guest] MrHappyHyena
[00:42:06] [Server thread/INFO]: giraffe: [Giraffe] Twiixtor
[00:42:13] [Server thread/INFO]: Twiixtor issued server command: /home home
[00:42:52] [Server thread/INFO]: Players: [Guest] MrHappyHyena
[00:42:52] [Server thread/INFO]: giraffe: [Giraffe] Twiixtor
[00:43:39] [Server thread/INFO]: Players: [Guest] MrHappyHyena
[00:43:39] [Server thread/INFO]: giraffe: [Giraffe] Twiixtor
[00:44:25] [Server thread/INFO]: Players: [Guest] MrHappyHyena
[00:44:25] [Server thread/INFO]: giraffe: [Giraffe] Twiixtor
[00:45:12] [Server thread/INFO]: Players: [Guest] MrHappyHyena
[00:45:12] [Server thread/INFO]: giraffe: [Giraffe] Twiixtor
[00:45:58] [Server thread/INFO]: Players: [Guest] MrHappyHyena
[00:45:58] [Server thread/INFO]: giraffe: [Giraffe] Twiixtor
[00:47:07] [Server thread/INFO]: Twiixtor issued server command: /i chest 1
[00:47:10] [Server thread/INFO]: Twiixtor issued server command: /i chest 1
[00:47:26] [Server thread/INFO]: Players: [Guest] MrHappyHyena
[00:47:26] [Server thread/INFO]: giraffe: [Giraffe] Twiixtor
[00:47:51] [Server thread/INFO]: [Giraffe] Twiixtor: OMG I STILL HAVE TO DO HOMEWORK
[00:47:55] [Server thread/INFO]: [Giraffe] Twiixtor: OMG I STILL HAVE TO DO HOMEWORK
[00:47:55] [Server thread/INFO]: [Giraffe] Twiixtor: OMG I STILL HAVE TO DO HOMEWORK
[00:47:55] [Server thread/INFO]: [Giraffe] Twiixtor: OMG I STILL HAVE TO DO HOMEWORK
[00:47:56] [Server thread/INFO]: [Giraffe] Twiixtor: OMG I STILL HAVE TO DO HOMEWORK
[00:47:56] [Server thread/INFO]: [Giraffe] Twiixtor: OMG I STILL HAVE TO DO HOMEWORK
[00:48:13] [Server thread/INFO]: Players: [Guest] MrHappyHyena
[00:48:13] [Server thread/INFO]: giraffe: [Giraffe] Twiixtor
[00:48:59] [Server thread/INFO]: Players: [Guest] MrHappyHyena
[00:48:59] [Server thread/INFO]: giraffe: [Giraffe] Twiixtor
[00:49:26] [Server thread/INFO]: Twiixtor issued server command: /disguise
[00:49:34] [Server thread/INFO]: Twiixtor issued server command: /disguise MrHappyHyena
[00:49:44] [Server thread/INFO]: Twiixtor issued server command: /disguise Player MrHappyHyena
[00:49:46] [Server thread/INFO]: Players: [Guest] MrHappyHyena
[00:49:46] [Server thread/INFO]: giraffe: [Giraffe] Twiixtor
[00:49:47] [Server thread/INFO]: Twiixtor issued server command: /tp mr
[00:49:56] [Server thread/INFO]: Twiixtor fell from a high place
[00:50:01] [Server thread/INFO]: Twiixtor issued server command: /back
[00:50:06] [Server thread/INFO]: Twiixtor issued server command: /tp hap
[00:50:33] [Server thread/INFO]: Players: [Guest] MrHappyHyena
[00:50:33] [Server thread/INFO]: giraffe: [Giraffe] Twiixtor
[00:50:36] [Server thread/INFO]: Twiixtor issued server command: /tp mr
[00:51:19] [Server thread/INFO]: Players: [Guest] MrHappyHyena
[00:51:19] [Server thread/INFO]: giraffe: [Giraffe] Twiixtor
[00:52:06] [Server thread/INFO]: Players: [Guest] MrHappyHyena
[00:52:06] [Server thread/INFO]: giraffe: [Giraffe] Twiixtor
[00:52:42] [Server thread/INFO]: Twiixtor issued server command: /ascend
[00:52:45] [Server thread/INFO]: Twiixtor issued server command: /ascend
[00:52:52] [Server thread/INFO]: Players: [Guest] MrHappyHyena
[00:52:52] [Server thread/INFO]: giraffe: [Giraffe] Twiixtor
[00:53:17] [Server thread/INFO]: Twiixtor issued server command: /home home
[00:53:39] [Server thread/INFO]: Players: [Guest] MrHappyHyena
[00:53:39] [Server thread/INFO]: giraffe: [Giraffe] Twiixtor
[00:54:25] [Server thread/INFO]: Players: [Guest] MrHappyHyena
[00:54:25] [Server thread/INFO]: giraffe: [Giraffe] Twiixtor
[00:55:12] [Server thread/INFO]: Players: [Guest] MrHappyHyena
[00:55:12] [Server thread/INFO]: giraffe: [Giraffe] Twiixtor
[00:55:23] [Server thread/INFO]: Twiixtor issued server command: /tp mr
[00:55:28] [Server thread/INFO]: MrHappyHyena issued server command: /home
[00:55:35] [Server thread/INFO]: Twiixtor issued server command: /plugman
[00:55:40] [Server thread/INFO]: Twiixtor issued server command: /mcmmo
[00:55:41] [Server thread/INFO]: Twiixtor issued server command: /help mcmmo
[00:55:56] [Server thread/INFO]: Twiixtor issued server command: /mctop
[00:55:58] [Server thread/INFO]: Players: [Guest] MrHappyHyena
[00:55:58] [Server thread/INFO]: giraffe: [Giraffe] Twiixtor
[00:56:32] [Server thread/INFO]: Twiixtor issued server command: /mcskills
[00:57:03] [Server thread/INFO]: Twiixtor issued server command: /home home
[00:57:26] [Server thread/INFO]: Players: [Guest] MrHappyHyena
[00:57:26] [Server thread/INFO]: giraffe: [Giraffe] Twiixtor
[00:57:36] [Server thread/INFO]: Twiixtor issued server command: /tp mr
[00:58:13] [Server thread/INFO]: Players: [Guest] MrHappyHyena
[00:58:13] [Server thread/INFO]: giraffe: [Giraffe] Twiixtor
[00:58:59] [Server thread/INFO]: Players: [Guest] MrHappyHyena
[00:58:59] [Server thread/INFO]: giraffe: [Giraffe] Twiixtor
[00:59:46] [Server thread/INFO]: Players: [Guest] MrHappyHyena
[00:59:46] [Server thread/INFO]: giraffe: [Giraffe] Twiixtor
[01:00:33] [Server thread/INFO]: Players: [Guest] MrHappyHyena
[01:00:33] [Server thread/INFO]: giraffe: [Giraffe] Twiixtor
[01:01:19] [Server thread/INFO]: Players: [Guest] MrHappyHyena
[01:01:19] [Server thread/INFO]: giraffe: [Giraffe] Twiixtor
[01:02:06] [Server thread/INFO]: Players: [Guest] MrHappyHyena
[01:02:06] [Server thread/INFO]: giraffe: [Giraffe] Twiixtor
[01:02:10] [Server thread/INFO]: Twiixtor issued server command: /home home
[01:02:30] [Server thread/INFO]: [Giraffe] Twiixtor: THE CUMBACK ISRAEL
[01:02:31] [Server thread/INFO]: [Giraffe] Twiixtor: THE CUMBACK ISRAEL
[01:02:31] [Server thread/INFO]: [Giraffe] Twiixtor: THE CUMBACK ISRAEL
[01:02:31] [Server thread/INFO]: [Giraffe] Twiixtor: THE CUMBACK ISRAEL
[01:02:31] [Server thread/INFO]: [Giraffe] Twiixtor: THE CUMBACK ISRAEL
[01:02:32] [Server thread/INFO]: [Giraffe] Twiixtor: THE CUMBACK ISRAEL
[01:02:32] [Server thread/INFO]: [Giraffe] Twiixtor: THE CUMBACK ISRAEL
[01:02:32] [Server thread/INFO]: [Giraffe] Twiixtor: THE CUMBACK ISRAEL
[01:02:32] [Server thread/INFO]: [Giraffe] Twiixtor: THE CUMBACK ISRAELy
[01:02:33] [Server thread/INFO]: [Giraffe] Twiixtor: THE CUMBACK ISRAELy
[01:02:34] [Server thread/INFO]: [Giraffe] Twiixtor: THE CUMBACK ISRAEL
[01:02:35] [Server thread/INFO]: [Giraffe] Twiixtor: THE CUMBACK ISRAEL
[01:02:35] [Server thread/INFO]: [Giraffe] Twiixtor: THE CUMBACK ISRAEL
[01:02:35] [Server thread/INFO]: [Giraffe] Twiixtor: THE CUMBACK ISRAEL
[01:02:35] [Server thread/INFO]: [Giraffe] Twiixtor: THE CUMBACK ISRAEL
[01:02:36] [Server thread/INFO]: [Giraffe] Twiixtor: THE CUMBACK ISRAEL
[01:02:36] [Server thread/INFO]: [Giraffe] Twiixtor: THE CUMBACK ISRAEL
[01:02:36] [Server thread/INFO]: [Giraffe] Twiixtor: THE CUMBACK ISRAEL
[01:02:37] [Server thread/INFO]: [Giraffe] Twiixtor: THE CUMBACK ISRAEL
[01:02:37] [Server thread/INFO]: [Giraffe] Twiixtor: THE CUMBACK ISRAEL
[01:02:37] [Server thread/INFO]: [Giraffe] Twiixtor: THE CUMBACK ISRAEL
[01:02:37] [Server thread/INFO]: [Giraffe] Twiixtor: THE CUMBACK ISRAEL
[01:02:38] [Server thread/INFO]: [Giraffe] Twiixtor: THE CUMBACK ISRAEL
[01:02:38] [Server thread/INFO]: [Giraffe] Twiixtor: THE CUMBACK ISRAEL
[01:02:38] [Server thread/INFO]: [Giraffe] Twiixtor: THE CUMBACK ISRAEL
[01:02:39] [Server thread/INFO]: [Giraffe] Twiixtor: THE CUMBACK ISRAEL
[01:02:43] [Server thread/INFO]: [Giraffe] Twiixtor: THE CUMBACK ISRAEL
[01:02:44] [Server thread/INFO]: [Giraffe] Twiixtor: THE CUMBACK ISRAEL
[01:02:44] [Server thread/INFO]: [Giraffe] Twiixtor: THE CUMBACK ISRAEL
[01:02:45] [Server thread/INFO]: [Giraffe] Twiixtor: THE CUMBACK ISRAEL
[01:02:45] [Server thread/INFO]: [Giraffe] Twiixtor: THE CUMBACK ISRAEL
[01:02:46] [Server thread/INFO]: [Giraffe] Twiixtor: THE CUMBACK ISRAEL
[01:02:46] [Server thread/INFO]: [Giraffe] Twiixtor: THE CUMBACK ISRAEL
[01:02:47] [Server thread/INFO]: [Giraffe] Twiixtor: THE CUMBACK ISRAEL
[01:02:47] [Server thread/INFO]: [Giraffe] Twiixtor: THE CUMBACK ISRAEL
[01:02:47] [Server thread/INFO]: [Giraffe] Twiixtor: THE CUMBACK ISRAEL
[01:02:48] [Server thread/INFO]: [Giraffe] Twiixtor: THE CUMBACK ISRAEL
[01:02:48] [Server thread/INFO]: [Giraffe] Twiixtor: THE CUMBACK ISRAEL
[01:02:48] [Server thread/INFO]: [Giraffe] Twiixtor: THE CUMBACK ISRAEL
[01:02:49] [Server thread/INFO]: [Giraffe] Twiixtor: THE CUMBACK ISRAEL
[01:02:49] [Server thread/INFO]: [Giraffe] Twiixtor: THE CUMBACK ISRAEL
[01:02:52] [Server thread/INFO]: Players: [Guest] MrHappyHyena
[01:02:52] [Server thread/INFO]: giraffe: [Giraffe] Twiixtor
[01:03:00] [Server thread/INFO]: Twiixtor issued server command: /tp mr
[01:03:39] [Server thread/INFO]: Players: [Guest] MrHappyHyena
[01:03:39] [Server thread/INFO]: giraffe: [Giraffe] Twiixtor
[01:03:45] [Server thread/INFO]: Twiixtor issued server command: /god
[01:03:58] [Server thread/INFO]: Twiixtor issued server command: /home home
[01:04:00] [Server thread/INFO]: Twiixtor issued server command: /god
[01:04:03] [Server thread/INFO]: Twiixtor left the game.
[01:04:25] [Server thread/INFO]: Players: [Guest] MrHappyHyena
[01:04:47] [Server thread/INFO]: MrHappyHyena left the game.
[01:17:07] [Server thread/INFO]: Twiixtor issued server command: /i chest 2
[01:17:23] [Server thread/INFO]: Twiixtor issued server command: /gm 1
[01:17:26] [Server thread/INFO]: giraffe: [Giraffe] Twiixtor
[01:17:30] [Server thread/INFO]: Twiixtor issued server command: //wand
[01:17:33] [Server thread/INFO]: Twiixtor issued server command: /i compass 1
[01:17:35] [Server thread/INFO]: Twiixtor issued server command: /i bedrock 1
[01:18:13] [Server thread/INFO]: giraffe: [Giraffe] Twiixtor
[01:19:00] [Server thread/INFO]: giraffe: [Giraffe] Twiixtor
[01:19:46] [Server thread/INFO]: giraffe: [Giraffe] Twiixtor
[01:20:33] [Server thread/INFO]: giraffe: [Giraffe] Twiixtor
[01:21:19] [Server thread/INFO]: giraffe: [Giraffe] Twiixtor
[01:22:06] [Server thread/INFO]: giraffe: [Giraffe] Twiixtor
[01:22:52] [Server thread/INFO]: giraffe: [Giraffe] Twiixtor
[01:23:39] [Server thread/INFO]: giraffe: [Giraffe] Twiixtor
[01:24:08] [Server thread/INFO]: Twiixtor issued server command: //replace 44 0
[01:24:11] [Server thread/INFO]: Twiixtor issued server command: //replace 43 0
[01:24:25] [Server thread/INFO]: giraffe: [Giraffe] Twiixtor
[01:25:12] [Server thread/INFO]: giraffe: [Giraffe] Twiixtor
[01:25:47] [Server thread/INFO]: Twiixtor issued server command: //stack 10
[01:25:49] [Server thread/INFO]: Twiixtor issued server command: //stack 13
[01:25:51] [Server thread/INFO]: Twiixtor issued server command: //stack 14
[01:25:55] [Server thread/INFO]: Twiixtor issued server command: //stack 14
[01:25:59] [Server thread/INFO]: giraffe: [Giraffe] Twiixtor
[01:26:07] [Server thread/INFO]: Twiixtor issued server command: //stack 14
[01:26:10] [Server thread/INFO]: Twiixtor issued server command: //stack 14
[01:26:19] [Server thread/INFO]: Twiixtor issued server command: //stack 14
[01:26:28] [Server thread/INFO]: Twiixtor issued server command: //stack 14
[01:26:33] [Server thread/INFO]: Twiixtor issued server command: //stack 14
[01:26:59] [Server thread/INFO]: Twiixtor issued server command: //stack 10
[01:27:02] [Server thread/INFO]: Twiixtor issued server command: //stack 13
[01:27:26] [Server thread/INFO]: giraffe: [Giraffe] Twiixtor
[01:27:27] [Server thread/INFO]: Twiixtor issued server command: /i ladder 1
[01:27:35] [Server thread/INFO]: Twiixtor issued server command: //stack 13
[01:27:37] [Server thread/INFO]: Twiixtor issued server command: //stack 14
[01:28:13] [Server thread/INFO]: giraffe: [Giraffe] Twiixtor
[01:29:00] [Server thread/INFO]: giraffe: [Giraffe] Twiixtor
[01:29:46] [Server thread/INFO]: giraffe: [Giraffe] Twiixtor
[01:30:33] [Server thread/INFO]: giraffe: [Giraffe] Twiixtor
[01:31:02] [Server thread/INFO]: Twiixtor issued server command: //stack 10
[01:31:19] [Server thread/INFO]: giraffe: [Giraffe] Twiixtor
[01:32:06] [Server thread/INFO]: giraffe: [Giraffe] Twiixtor
[01:32:27] [Server thread/INFO]: Twiixtor issued server command: //set 0
[01:32:52] [Server thread/INFO]: giraffe: [Giraffe] Twiixtor
[01:33:27] [Server thread/INFO]: Twiixtor issued server command: //set 0
[01:33:33] [Server thread/INFO]: Twiixtor issued server command: //set 0
[01:33:36] [Server thread/INFO]: Twiixtor issued server command: //set 0
[01:33:39] [Server thread/INFO]: giraffe: [Giraffe] Twiixtor
[01:34:25] [Server thread/INFO]: giraffe: [Giraffe] Twiixtor
[01:35:12] [Server thread/INFO]: giraffe: [Giraffe] Twiixtor
[01:35:59] [Server thread/INFO]: giraffe: [Giraffe] Twiixtor
[01:37:27] [Server thread/INFO]: giraffe: [Giraffe] Twiixtor
[01:38:13] [Server thread/INFO]: giraffe: [Giraffe] Twiixtor
[01:39:00] [Server thread/INFO]: giraffe: [Giraffe] Twiixtor
[01:39:46] [Server thread/INFO]: giraffe: [Giraffe] Twiixtor
[01:40:33] [Server thread/INFO]: giraffe: [Giraffe] Twiixtor
[01:41:19] [Server thread/INFO]: giraffe: [Giraffe] Twiixtor
[01:42:06] [Server thread/INFO]: giraffe: [Giraffe] Twiixtor
[01:42:52] [Server thread/INFO]: giraffe: [Giraffe] Twiixtor
[01:43:30] [Server thread/INFO]: Twiixtor issued server command: //set 5:1
[01:43:38] [Server thread/INFO]: Twiixtor issued server command: //set 0
[01:43:39] [Server thread/INFO]: giraffe: [Giraffe] Twiixtor
[01:43:41] [Server thread/INFO]: Twiixtor issued server command: //set 0
[01:43:46] [Server thread/INFO]: Twiixtor issued server command: //expand
[01:43:50] [Server thread/INFO]: Twiixtor issued server command: //expand 2 east
[01:44:01] [Server thread/INFO]: Twiixtor issued server command: //set 0
[01:44:05] [Server thread/INFO]: Twiixtor issued server command: //set 0
[01:44:10] [Server thread/INFO]: Twiixtor issued server command: //set 0
[01:44:25] [Server thread/INFO]: giraffe: [Giraffe] Twiixtor
[01:44:26] [Server thread/INFO]: Twiixtor issued server command: //set 0
[01:44:30] [Server thread/INFO]: Twiixtor issued server command: //expand 2 up
[01:44:31] [Server thread/INFO]: Twiixtor issued server command: //set 0
[01:44:39] [Server thread/INFO]: Twiixtor issued server command: //set 0
[01:45:03] [Server thread/INFO]: Twiixtor issued server command: //set 5:1
[01:45:12] [Server thread/INFO]: giraffe: [Giraffe] Twiixtor
[01:45:21] [Server thread/INFO]: Twiixtor issued server command: //stack 2
[01:45:51] [Server thread/INFO]: Twiixtor issued server command: //replace 5:2 5
[01:45:59] [Server thread/INFO]: giraffe: [Giraffe] Twiixtor
[01:46:21] [Server thread/INFO]: Twiixtor issued server command: //replace 5:1 5:2
[01:47:27] [Server thread/INFO]: giraffe: [Giraffe] Twiixtor
[01:48:13] [Server thread/INFO]: giraffe: [Giraffe] Twiixtor
[01:48:51] [Server thread/INFO]: Twiixtor left the game.
[17:57:27] [Server thread/INFO]: giraffe: [Giraffe] Twiixtor
[17:57:56] [Server thread/INFO]: Twiixtor issued server command: //set 0
[17:58:14] [Server thread/INFO]: giraffe: [Giraffe] Twiixtor
[17:59:00] [Server thread/INFO]: giraffe: [Giraffe] Twiixtor
[17:59:05] [Server thread/INFO]: Twiixtor issued server command: //set 1
[17:59:47] [Server thread/INFO]: giraffe: [Giraffe] Twiixtor
[18:00:23] [Server thread/INFO]: Twiixtor issued server command: //set 0
[18:00:25] [Server thread/INFO]: Twiixtor issued server command: //set 1
[18:00:33] [Server thread/INFO]: giraffe: [Giraffe] Twiixtor
[18:00:44] [Server thread/INFO]: Twiixtor issued server command: //set 0
[18:00:46] [Server thread/INFO]: Twiixtor issued server command: //set 0
[18:00:51] [Server thread/INFO]: Twiixtor issued server command: //set 0
[18:00:55] [Server thread/INFO]: Twiixtor issued server command: //set 0
[18:00:58] [Server thread/INFO]: Twiixtor issued server command: //set 0
[18:01:20] [Server thread/INFO]: giraffe: [Giraffe] Twiixtor
[18:01:41] [Server thread/INFO]: Twiixtor issued server command: /sv
[18:01:46] [Server thread/INFO]: Twiixtor issued server command: /sv
[18:01:55] [Server thread/INFO]: Twiixtor issued server command: //set 5
[18:01:59] [Server thread/INFO]: Twiixtor issued server command: //set 5
[18:02:07] [Server thread/INFO]: giraffe: [Giraffe] Twiixtor
[18:02:22] [Server thread/INFO]: Twiixtor issued server command: //set 5
[18:02:32] [Server thread/INFO]: Twiixtor issued server command: //undo
[18:02:35] [Server thread/INFO]: Twiixtor issued server command: //set 1
[18:02:39] [Server thread/INFO]: Twiixtor issued server command: //set 1
[18:02:53] [Server thread/INFO]: giraffe: [Giraffe] Twiixtor
[18:02:56] [Server thread/INFO]: Twiixtor issued server command: /i torch 1
[18:03:40] [Server thread/INFO]: giraffe: [Giraffe] Twiixtor
[18:04:26] [Server thread/INFO]: giraffe: [Giraffe] Twiixtor
[18:05:13] [Server thread/INFO]: giraffe: [Giraffe] Twiixtor
[18:05:59] [Server thread/INFO]: giraffe: [Giraffe] Twiixtor
[18:07:14] [Server thread/INFO]: Twiixtor issued server command: /i painting 1
[18:07:28] [Server thread/INFO]: giraffe: [Giraffe] Twiixtor
[18:08:15] [Server thread/INFO]: giraffe: [Giraffe] Twiixtor
[18:09:01] [Server thread/INFO]: giraffe: [Giraffe] Twiixtor
[18:09:43] [Server thread/INFO]: Twiixtor issued server command: //set 0
[18:09:45] [Server thread/INFO]: Twiixtor issued server command: //undo
[18:09:48] [Server thread/INFO]: giraffe: [Giraffe] Twiixtor
[18:09:56] [Server thread/INFO]: Twiixtor issued server command: //set 0
[18:10:34] [Server thread/INFO]: giraffe: [Giraffe] Twiixtor
[18:11:21] [Server thread/INFO]: giraffe: [Giraffe] Twiixtor
[18:11:25] [Server thread/INFO]: Twiixtor issued server command: //cyl 0 8
[18:11:34] [Server thread/INFO]: Twiixtor issued server command: //undo
[18:11:37] [Server thread/INFO]: Twiixtor issued server command: //cyl 0 8
[18:12:07] [Server thread/INFO]: giraffe: [Giraffe] Twiixtor
[18:12:54] [Server thread/INFO]: giraffe: [Giraffe] Twiixtor
[18:13:41] [Server thread/INFO]: giraffe: [Giraffe] Twiixtor
[18:14:27] [Server thread/INFO]: giraffe: [Giraffe] Twiixtor
[18:15:14] [Server thread/INFO]: giraffe: [Giraffe] Twiixtor
[18:15:41] [Server thread/INFO]: Twiixtor issued server command: //cut
[18:15:46] [Server thread/INFO]: Twiixtor issued server command: //paste
[18:15:59] [Server thread/INFO]: Twiixtor issued server command: //set 1
[18:16:00] [Server thread/INFO]: giraffe: [Giraffe] Twiixtor
[18:16:10] [Server thread/INFO]: Twiixtor issued server command: //set 0
[18:16:29] [Server thread/INFO]: Twiixtor issued server command: //set 0
[18:16:35] [Server thread/INFO]: Twiixtor issued server command: /sv
[18:16:39] [Server thread/INFO]: Twiixtor issued server command: /butcher
[18:16:43] [Server thread/INFO]: Twiixtor issued server command: //drain 50
[18:17:27] [Server thread/INFO]: giraffe: [HIDDEN][Giraffe] Twiixtor
[18:17:43] [Server thread/INFO]: Twiixtor issued server command: //set 1
[18:17:45] [Server thread/INFO]: Twiixtor issued server command: //undo
[18:17:49] [Server thread/INFO]: Twiixtor issued server command: //redo
[18:17:52] [Server thread/INFO]: Twiixtor issued server command: /sv
[18:18:14] [Server thread/INFO]: giraffe: [Giraffe] Twiixtor
[18:19:00] [Server thread/INFO]: giraffe: [Giraffe] Twiixtor
[18:19:40] [Server thread/INFO]: Twiixtor issued server command: //set 1
[18:19:47] [Server thread/INFO]: giraffe: [Giraffe] Twiixtor
[18:20:29] [Server thread/INFO]: Twiixtor issued server command: //set 1
[18:20:33] [Server thread/INFO]: giraffe: [Giraffe] Twiixtor
[18:21:20] [Server thread/INFO]: giraffe: [Giraffe] Twiixtor
[18:21:21] [Server thread/INFO]: Twiixtor issued server command: //set 0
[18:21:24] [Server thread/INFO]: Twiixtor issued server command: //set 0
[18:21:40] [Server thread/INFO]: Twiixtor issued server command: //set 0
[18:22:07] [Server thread/INFO]: giraffe: [Giraffe] Twiixtor
[18:22:53] [Server thread/INFO]: giraffe: [Giraffe] Twiixtor
[18:23:32] [Server thread/INFO]: Twiixtor issued server command: //drain 10
[18:23:40] [Server thread/INFO]: giraffe: [Giraffe] Twiixtor
[18:24:26] [Server thread/INFO]: giraffe: [Giraffe] Twiixtor
[18:25:13] [Server thread/INFO]: giraffe: [Giraffe] Twiixtor
[18:25:59] [Server thread/INFO]: giraffe: [Giraffe] Twiixtor
[18:27:28] [Server thread/INFO]: giraffe: [Giraffe] Twiixtor
[18:28:14] [Server thread/INFO]: giraffe: [Giraffe] Twiixtor
[18:28:44] [Server thread/INFO]: Twiixtor issued server command: //set 0
[18:28:50] [Server thread/INFO]: Twiixtor issued server command: //expand 1 upy
[18:28:55] [Server thread/INFO]: Twiixtor issued server command: //set 0
[18:29:01] [Server thread/INFO]: giraffe: [Giraffe] Twiixtor
[18:29:47] [Server thread/INFO]: giraffe: [Giraffe] Twiixtor
[18:30:34] [Server thread/INFO]: giraffe: [Giraffe] Twiixtor
[18:31:20] [Server thread/INFO]: giraffe: [Giraffe] Twiixtor
[18:31:38] [Server thread/INFO]: Twiixtor issued server command: /butcher
[18:32:07] [Server thread/INFO]: giraffe: [Giraffe] Twiixtor
[18:32:53] [Server thread/INFO]: giraffe: [Giraffe] Twiixtor
[18:33:40] [Server thread/INFO]: giraffe: [Giraffe] Twiixtor
[18:33:51] [Server thread/INFO]: Twiixtor left the game.
[18:34:27] [Server thread/INFO]: giraffe: [Giraffe] Twiixtor
[18:35:13] [Server thread/INFO]: giraffe: [Giraffe] Twiixtor
[18:35:28] [Server thread/INFO]: Twiixtor issued server command: //set 0
[18:35:46] [Server thread/INFO]: Twiixtor issued server command: //set 0
[18:35:49] [Server thread/INFO]: Twiixtor issued server command: //set 0
[18:36:00] [Server thread/INFO]: giraffe: [Giraffe] Twiixtor
[18:37:28] [Server thread/INFO]: giraffe: [Giraffe] Twiixtor
[18:38:14] [Server thread/INFO]: giraffe: [Giraffe] Twiixtor
[18:38:45] [Server thread/INFO]: ThunderCS issued server command: /say twiix = poop
[18:38:46] [Server thread/INFO]: [ThunderCS] twiix = poop
[18:38:54] [Server thread/INFO]: [Giraffe] Twiixtor: And you still can't type xD
[18:39:01] [Server thread/INFO]: Staff: [Mod] ThunderCS
[18:39:01] [Server thread/INFO]: giraffe: [Giraffe] Twiixtor
[18:39:12] [Server thread/INFO]: Twiixtor issued server command: /i fence 1
[18:39:23] [Server thread/INFO]: ThunderCS issued server command: /tp thun twii
[18:39:47] [Server thread/INFO]: Staff: [Mod] ThunderCS
[18:39:47] [Server thread/INFO]: giraffe: [Giraffe] Twiixtor
[18:39:59] [Server thread/INFO]: [Giraffe] Twiixtor: A "survival" world my IRL friend wanted to play with me
[18:40:05] [Server thread/INFO]: ThunderCS issued server command: /say oh lol
[18:40:05] [Server thread/INFO]: [ThunderCS] oh lol
[18:40:16] [Server thread/INFO]: [Giraffe] Twiixtor: Good boy
[18:40:34] [Server thread/INFO]: Staff: [Mod] ThunderCS
[18:40:34] [Server thread/INFO]: giraffe: [Giraffe] Twiixtor
[18:40:44] [Server thread/INFO]: ThunderCS issued server command: /back
[18:41:20] [Server thread/INFO]: Staff: [Mod] ThunderCS
[18:41:20] [Server thread/INFO]: giraffe: [Giraffe] Twiixtor
[18:41:24] [Server thread/INFO]: ThunderCS issued server command: /butcher
[18:41:31] [Server thread/INFO]: ThunderCS issued server command: /plugins
[18:41:33] [Server thread/INFO]: ThunderCS issued server command: /f
[18:41:35] [Server thread/INFO]: ThunderCS issued server command: /f manage
[18:41:36] [Server thread/INFO]: [Giraffe] Twiixtor: FAK
[18:41:42] [Server thread/INFO]: [Giraffe] Twiixtor: Gotta finish up quick xD
[18:41:52] [Server thread/INFO]: ThunderCS issued server command: /f
[18:42:07] [Server thread/INFO]: Staff: [Mod] ThunderCS
[18:42:07] [Server thread/INFO]: giraffe: [Giraffe] Twiixtor
[18:42:22] [Server thread/INFO]: Twiixtor issued server command: /i cobble 400
[18:42:25] [Server thread/INFO]: Twiixtor issued server command: /gm 0
[18:42:29] [Server thread/INFO]: Twiixtor issued server command: /gm 0
[18:42:30] [Server thread/INFO]: Twiixtor issued server command: /i cobble 400
[18:42:30] [Server thread/INFO]: Twiixtor issued server command: /i cobble 400
[18:42:44] [Server thread/INFO]: Twiixtor issued server command: /fly
[18:42:47] [Server thread/INFO]: Twiixtor issued server command: /rain off
[18:42:50] [Server thread/INFO]: ThunderCS issued server command: /f map off
[18:42:54] [Server thread/INFO]: Staff: [Mod] ThunderCS
[18:42:54] [Server thread/INFO]: giraffe: [Giraffe] Twiixtor
[18:42:55] [Server thread/INFO]: Twiixtor issued server command: /i chest 10
[18:43:10] [Server thread/INFO]: Twiixtor issued server command: /i craftingbench 2
[18:43:20] [Server thread/INFO]: Twiixtor issued server command: /i furnace 4
[18:43:31] [Server thread/INFO]: Twiixtor issued server command: /i craftingbench 1
[18:43:40] [Server thread/INFO]: Staff: [Mod] ThunderCS
[18:43:40] [Server thread/INFO]: giraffe: [Giraffe] Twiixtor
[18:44:02] [Server thread/INFO]: Twiixtor issued server command: /i cobble 400
[18:44:03] [Server thread/INFO]: Twiixtor issued server command: /i cobble 400
[18:44:09] [Server thread/INFO]: Twiixtor issued server command: /i cobble 400
[18:44:21] [Server thread/INFO]: Twiixtor issued server command: /i gravel 123
[18:44:27] [Server thread/INFO]: Staff: [Mod] ThunderCS
[18:44:27] [Server thread/INFO]: giraffe: [Giraffe] Twiixtor
[18:44:28] [Server thread/INFO]: Twiixtor issued server command: /i gravel 21
[18:44:33] [Server thread/INFO]: Twiixtor issued server command: /i dirt 425
[18:44:42] [Server thread/INFO]: Twiixtor issued server command: /i sand120
[18:44:44] [Server thread/INFO]: Twiixtor issued server command: /i sand 120
[18:45:13] [Server thread/INFO]: Staff: [Mod] ThunderCS
[18:45:13] [Server thread/INFO]: giraffe: [Giraffe] Twiixtor
[18:45:35] [Server thread/INFO]: [Giraffe] Twiixtor: And forgot to ask Popey about it
[18:45:36] [Server thread/INFO]: ThunderCS issued server command: /g You had 1 job
[18:45:36] [Server thread/INFO]: [G] [Mod] ThunderCS > You had 1 job 
[18:45:41] [Server thread/INFO]: [Giraffe] Twiixtor: lol
[18:45:45] [Server thread/INFO]: [Giraffe] Twiixtor: Sowwy
[18:45:48] [Server thread/INFO]: Twiixtor issued server command: /unmute
[18:45:49] [Server thread/INFO]: Twiixtor issued server command: /mute
[18:45:56] [Server thread/INFO]: [Giraffe] Twiixtor: sowwwwwwwwwwwwwwwy?
[18:45:58] [Server thread/INFO]: ThunderCS issued server command: /smite twiix
[18:46:01] [Server thread/INFO]: Staff: [Mod] ThunderCS
[18:46:01] [Server thread/INFO]: giraffe: [Giraffe] Twiixtor
[18:46:01] [Server thread/INFO]: [Giraffe] Twiixtor: fok sake
[18:46:01] [Server thread/INFO]: [Giraffe] Twiixtor: m8
[18:46:03] [Server thread/INFO]: ThunderCS issued server command: /g xD
[18:46:03] [Server thread/INFO]: [G] [Mod] ThunderCS > xD 
[18:46:05] [Server thread/INFO]: [Giraffe] Twiixtor: im in survival D:
[18:46:06] [Server thread/INFO]: ThunderCS issued server command: /g oh shit
[18:46:06] [Server thread/INFO]: [G] [Mod] ThunderCS > oh shit 
[18:46:07] [Server thread/INFO]: Twiixtor issued server command: /heal
[18:46:10] [Server thread/INFO]: ThunderCS issued server command: /g forgot hahaha
[18:46:10] [Server thread/INFO]: [G] [Mod] ThunderCS > forgot hahaha 
[18:46:12] [Server thread/INFO]: Twiixtor issued server command: /i steak 23
[18:46:13] [Server thread/INFO]: [Giraffe] Twiixtor: gg xd
[18:46:13] [Server thread/INFO]: ThunderCS issued server command: /g u ok?
[18:46:13] [Server thread/INFO]: [G] [Mod] ThunderCS > u ok? 
[18:46:19] [Server thread/INFO]: [Giraffe] Twiixtor: ya
[18:46:19] [Server thread/INFO]: ThunderCS issued server command: /tp thun twii
[18:46:28] [Server thread/INFO]: [Giraffe] Twiixtor: tryin to make the chests look legit xD
[18:46:31] [Server thread/INFO]: Twiixtor issued server command: /i wood 245
[18:46:33] [Server thread/INFO]: Twiixtor issued server command: /i wood 245
[18:46:43] [Server thread/INFO]: Twiixtor issued server command: /i log 150
[18:46:46] [Server thread/INFO]: ThunderCS issued server command: /g good, girls should clean up
[18:46:46] [Server thread/INFO]: [G] [Mod] ThunderCS > good, girls should clean up 
[18:46:55] [Server thread/INFO]: [Giraffe] Twiixtor: xD
[18:47:26] [Server thread/INFO]: ThunderCS issued server command: /g does smite kill or just damage?
[18:47:26] [Server thread/INFO]: [G] [Mod] ThunderCS > does smite kill or just damage? 
[18:47:28] [Server thread/INFO]: Staff: [Mod] ThunderCS
[18:47:28] [Server thread/INFO]: giraffe: [Giraffe] Twiixtor
[18:47:28] [Server thread/INFO]: ThunderCS issued server command: /back
[18:47:30] [Server thread/INFO]: [Giraffe] Twiixtor: damaged me
[18:47:33] [Server thread/INFO]: ThunderCS issued server command: /g kk
[18:47:33] [Server thread/INFO]: [G] [Mod] ThunderCS > kk 
[18:48:05] [Server thread/INFO]: Twiixtor issued server command: /i 17:2 23
[18:48:06] [Server thread/INFO]: Twiixtor issued server command: /i 17:2 23
[18:48:07] [Server thread/INFO]: Twiixtor issued server command: /i 17:2 23
[18:48:14] [Server thread/INFO]: Staff: [Mod] ThunderCS
[18:48:14] [Server thread/INFO]: giraffe: [Giraffe] Twiixtor
[18:49:01] [Server thread/INFO]: Staff: [Mod] ThunderCS
[18:49:01] [Server thread/INFO]: giraffe: [Giraffe] Twiixtor
[18:49:21] [Server thread/INFO]: Twiixtor issued server command: /i 44 54
[18:49:25] [Server thread/INFO]: Twiixtor issued server command: /i 44 54
[18:49:30] [Server thread/INFO]: Popey456963 issued server command: /f admin
[18:49:33] [Server thread/INFO]: [Dev] Popey: ./f admin
[18:49:35] [Server thread/INFO]: ThunderCS issued server command: /f admin
[18:49:47] [Server thread/INFO]: Staff: [Mod] ThunderCS
[18:49:47] [Server thread/INFO]: Developers: [Dev] Popey
[18:49:47] [Server thread/INFO]: giraffe: [Giraffe] Twiixtor
[18:49:54] [Server thread/INFO]: Twiixtor issued server command: /i coal 64
[18:49:55] [Server thread/INFO]: [Dev] Popey: ./f claim
[18:49:58] [Server thread/INFO]: Popey456963 issued server command: /help 2
[18:50:01] [Server thread/INFO]: Popey456963 issued server command: /f help
[18:50:12] [Server thread/INFO]: Popey456963 issued server command: /f help 2
[18:50:17] [Server thread/INFO]: Popey456963 issued server command: /f help 3
[18:50:20] [Server thread/INFO]: ThunderCS issued server command: /tp pop thun
[18:50:27] [Server thread/INFO]: Popey456963 issued server command: /f help 4
[18:50:31] [Server thread/INFO]: Popey456963 issued server command: /f e
[18:50:34] [Server thread/INFO]: Staff: [Mod] ThunderCS
[18:50:34] [Server thread/INFO]: Players: [Guest] MrHappyHyena
[18:50:34] [Server thread/INFO]: Developers: [Dev] Popey
[18:50:34] [Server thread/INFO]: giraffe: [Giraffe] Twiixtor
[18:50:35] [Server thread/INFO]: Twiixtor issued server command: /fly
[18:50:39] [Server thread/INFO]: [Dev] Popey: Hello Happy Hyena.
[18:50:41] [Server thread/INFO]: [Dev] Popey: Who are you?
[18:50:43] [Server thread/INFO]: Popey456963 issued server command: /f help 5
[18:50:48] [Server thread/INFO]: Popey456963 issued server command: /f help 4
[18:51:00] [Server thread/INFO]: [Dev] Popey: Are you Twiixtors friend?
[18:51:04] [Server thread/INFO]: [Giraffe] Twiixtor: Yah
[18:51:16] [Server thread/INFO]: ThunderCS issued server command: /g LIES
[18:51:16] [Server thread/INFO]: [G] [Mod] ThunderCS > LIES 
[18:51:20] [Server thread/INFO]: Staff: [Mod] ThunderCS
[18:51:20] [Server thread/INFO]: Players: [Guest] MrHappyHyena
[18:51:20] [Server thread/INFO]: Developers: [Dev] Popey
[18:51:20] [Server thread/INFO]: giraffe: [Giraffe] Twiixtor
[18:52:02] [Server thread/INFO]: ThunderCS issued server command: /worldguard
[18:52:06] [Server thread/INFO]: ThunderCS issued server command: /wg
[18:52:07] [Server thread/INFO]: Staff: [Mod] ThunderCS
[18:52:07] [Server thread/INFO]: Players: [Guest] MrHappyHyena
[18:52:07] [Server thread/INFO]: Developers: [Dev] Popey
[18:52:07] [Server thread/INFO]: giraffe: [Giraffe] Twiixtor
[18:52:26] [Server thread/INFO]: MrHappyHyena issued server command: /tp twix
[18:52:30] [Server thread/INFO]: MrHappyHyena issued server command: /tp twiix
[18:52:39] [Server thread/INFO]: Popey456963 issued server command: //expand 20
[18:52:42] [Server thread/INFO]: Popey456963 issued server command: //expand 20 up
[18:52:44] [Server thread/INFO]: Popey456963 issued server command: //expand 20 down
[18:52:47] [Server thread/INFO]: Popey456963 issued server command: //expand 20 down
[18:52:47] [Server thread/INFO]: Popey456963 issued server command: //expand 20 down
[18:52:47] [Server thread/INFO]: Popey456963 issued server command: //expand 20 down
[18:52:48] [Server thread/INFO]: Popey456963 issued server command: //expand 20 down
[18:52:49] [Server thread/INFO]: Popey456963 issued server command: //expand 20 up
[18:52:49] [Server thread/INFO]: Popey456963 issued server command: //expand 20 up
[18:52:49] [Server thread/INFO]: Popey456963 issued server command: //expand 20 up
[18:52:49] [Server thread/INFO]: Popey456963 issued server command: //expand 20 up
[18:52:50] [Server thread/INFO]: Popey456963 issued server command: //expand 20 up
[18:52:50] [Server thread/INFO]: Popey456963 issued server command: //expand 20 up
[18:52:50] [Server thread/INFO]: Popey456963 issued server command: //expand 20 up
[18:52:50] [Server thread/INFO]: Popey456963 issued server command: //expand 20 up
[18:52:51] [Server thread/INFO]: Popey456963 issued server command: //expand 20 up
[18:52:51] [Server thread/INFO]: Popey456963 issued server command: //expand 20 up
[18:52:51] [Server thread/INFO]: Popey456963 issued server command: //expand 20 up
[18:52:54] [Server thread/INFO]: Staff: [Mod] ThunderCS
[18:52:54] [Server thread/INFO]: Players: [Guest] MrHappyHyena
[18:52:54] [Server thread/INFO]: Developers: [Dev] Popey
[18:52:54] [Server thread/INFO]: giraffe: [Giraffe] Twiixtor
[18:53:40] [Server thread/INFO]: Staff: [Mod] ThunderCS
[18:53:40] [Server thread/INFO]: Players: [Guest] MrHappyHyena
[18:53:40] [Server thread/INFO]: Developers: [Dev] Popey
[18:53:40] [Server thread/INFO]: giraffe: [Giraffe] Twiixtor
[18:53:41] [Server thread/INFO]: [Giraffe] Twiixtor: Popey fix mcmmo to be less annoying k thx :3
[18:53:54] [Server thread/INFO]: ThunderCS issued server command: /g mcmmo is offended by ur words
[18:53:54] [Server thread/INFO]: [G] [Mod] ThunderCS > mcmmo is offended by ur words 
[18:54:05] [Server thread/INFO]: ThunderCS issued server command: /g you should aplologize
[18:54:05] [Server thread/INFO]: [G] [Mod] ThunderCS > you should aplologize 
[18:54:13] [Server thread/INFO]: [Giraffe] Twiixtor: I told u yesterday
[18:54:19] [Server thread/INFO]: [Dev] Popey: I forgot.
[18:54:27] [Server thread/INFO]: Staff: [Mod] ThunderCS
[18:54:27] [Server thread/INFO]: Players: [Guest] MrHappyHyena
[18:54:27] [Server thread/INFO]: Developers: [Dev] Popey
[18:54:27] [Server thread/INFO]: giraffe: [Giraffe] Twiixtor
[18:54:41] [Server thread/INFO]: ThunderCS issued server command: /essengials
[18:54:42] [Server thread/INFO]: ThunderCS issued server command: /e
[18:54:43] [Server thread/INFO]: ThunderCS issued server command: /es
[18:55:13] [Server thread/INFO]: Staff: [Mod] ThunderCS
[18:55:13] [Server thread/INFO]: Players: [Guest] MrHappyHyena
[18:55:13] [Server thread/INFO]: Developers: [Dev] Popey
[18:55:13] [Server thread/INFO]: giraffe: [Giraffe] Twiixtor
[18:56:00] [Server thread/INFO]: Staff: [Mod] ThunderCS
[18:56:00] [Server thread/INFO]: Players: [Guest] MrHappyHyena
[18:56:00] [Server thread/INFO]: Developers: [Dev] Popey
[18:56:00] [Server thread/INFO]: giraffe: [Giraffe] Twiixtor
[18:56:02] [Server thread/INFO]: ThunderCS issued server command: /f admin
[18:56:03] [Server thread/INFO]: ThunderCS issued server command: /f admin
[18:57:12] [Server thread/INFO]: ThunderCS issued server command: /g WOOO
[18:57:12] [Server thread/INFO]: [G] [Mod] ThunderCS > WOOO 
[18:57:28] [Server thread/INFO]: Staff: [Mod] ThunderCS
[18:57:28] [Server thread/INFO]: Players: [Guest] MrHappyHyena
[18:57:28] [Server thread/INFO]: Developers: [Dev] Popey
[18:57:28] [Server thread/INFO]: giraffe: [Giraffe] Twiixtor
[18:57:46] [Server thread/INFO]: ThunderCS issued server command: /gm 1
[18:57:49] [Server thread/INFO]: ThunderCS issued server command: /gm 0
[18:58:08] [Server thread/INFO]: Popey456963 issued server command: /pex user ThunderCS group set guest
[18:58:09] [Server thread/INFO]: Popey456963 issued server command: /deop ThunderCS
[18:58:09] [Server thread/INFO]: [Popey456963: De-opped ThunderCS]
[18:58:14] [Server thread/INFO]: Players: [Guest] MrHappyHyena, [Guest] ThunderCS
[18:58:14] [Server thread/INFO]: Developers: [Dev] Popey
[18:58:14] [Server thread/INFO]: giraffe: [Giraffe] Twiixtor
[18:58:16] [Server thread/INFO]: Popey456963 issued server command: /op ThunderCS
[18:58:17] [Server thread/INFO]: [Popey456963: Opped ThunderCS]
[18:58:31] [Server thread/INFO]: ThunderCS issued server command: /gm 1
[18:59:01] [Server thread/INFO]: Staff: [Mod] ThunderCS
[18:59:01] [Server thread/INFO]: Players: [Guest] MrHappyHyena
[18:59:01] [Server thread/INFO]: Developers: [Dev] Popey
[18:59:01] [Server thread/INFO]: giraffe: [Giraffe] Twiixtor
[18:59:14] [Server thread/INFO]: Popey456963 issued server command: /speed 10
[18:59:29] [Server thread/INFO]: [Giraffe] Twiixtor: y u laggin server
[18:59:44] [Server thread/INFO]: ThunderCS issued server command: /g .//set tnt
[18:59:44] [Server thread/INFO]: [G] [Mod] ThunderCS > .//set tnt 
[18:59:47] [Server thread/INFO]: Staff: [Mod] ThunderCS
[18:59:47] [Server thread/INFO]: Players: [Guest] MrHappyHyena
[18:59:47] [Server thread/INFO]: Developers: [Dev] Popey
[18:59:47] [Server thread/INFO]: giraffe: [Giraffe] Twiixtor
[18:59:55] [Server thread/INFO]: [Giraffe] Twiixtor: WHY
[19:00:19] [Server thread/INFO]: ThunderCS issued server command: /tp thun pop
[19:00:34] [Server thread/INFO]: Staff: [Mod] ThunderCS
[19:00:34] [Server thread/INFO]: Players: [Guest] MrHappyHyena
[19:00:34] [Server thread/INFO]: Developers: [Dev] Popey
[19:00:34] [Server thread/INFO]: giraffe: [Giraffe] Twiixtor
[19:00:52] [Server thread/INFO]: ThunderCS issued server command: /back
[19:01:09] [Server thread/INFO]: Popey456963 issued server command: /mv spawn
[19:01:13] [Server thread/INFO]: Popey456963 issued server command: /tp thun
[19:01:20] [Server thread/INFO]: Staff: [Mod] ThunderCS
[19:01:20] [Server thread/INFO]: Players: [Guest] MrHappyHyena
[19:01:20] [Server thread/INFO]: Developers: [Dev] Popey
[19:01:20] [Server thread/INFO]: giraffe: [Giraffe] Twiixtor
[19:02:07] [Server thread/INFO]: Staff: [Mod] ThunderCS
[19:02:07] [Server thread/INFO]: Players: [Guest] MrHappyHyena
[19:02:07] [Server thread/INFO]: Developers: [Dev] Popey
[19:02:07] [Server thread/INFO]: giraffe: [Giraffe] Twiixtor
[19:02:11] [Server thread/INFO]: Popey456963 issued server command: /speed 1
[19:02:54] [Server thread/INFO]: Staff: [Mod] ThunderCS
[19:02:54] [Server thread/INFO]: Players: [Guest] MrHappyHyena
[19:02:54] [Server thread/INFO]: Developers: [Dev] Popey
[19:02:54] [Server thread/INFO]: giraffe: [Giraffe] Twiixtor
[19:03:39] [Server thread/INFO]: Popey456963 issued server command: /rg flag survivalspawn mob-spawning deny
[19:03:40] [Server thread/INFO]: Staff: [Mod] ThunderCS
[19:03:40] [Server thread/INFO]: Players: [Guest] MrHappyHyena
[19:03:40] [Server thread/INFO]: Developers: [Dev] Popey
[19:03:40] [Server thread/INFO]: giraffe: [Giraffe] Twiixtor
[19:03:48] [Server thread/INFO]: Popey456963 issued server command: /killall all
[19:03:52] [Server thread/INFO]: Popey456963 left the game.
[19:04:02] [Server thread/INFO]: MrHappyHyena issued server command: /tp twii
[19:04:27] [Server thread/INFO]: Staff: [Mod] ThunderCS
[19:04:27] [Server thread/INFO]: Players: [Guest] MrHappyHyena
[19:04:27] [Server thread/INFO]: giraffe: [Giraffe] Twiixtor
[19:05:13] [Server thread/INFO]: Staff: [Mod] ThunderCS
[19:05:13] [Server thread/INFO]: Players: [Guest] MrHappyHyena
[19:05:13] [Server thread/INFO]: giraffe: [Giraffe] Twiixtor
[19:05:44] [Server thread/INFO]: ThunderCS issued server command: /butcher
[19:06:00] [Server thread/INFO]: Staff: [Mod] ThunderCS
[19:06:00] [Server thread/INFO]: Players: [Guest] MrHappyHyena
[19:06:00] [Server thread/INFO]: giraffe: [Giraffe] Twiixtor
[19:06:12] [Server thread/INFO]: Twiixtor died
[19:06:17] [Server thread/INFO]: Twiixtor issued server command: /back
[19:06:19] [Server thread/INFO]: [Giraffe] Twiixtor: WHAT
[19:07:28] [Server thread/INFO]: Staff: [Mod] ThunderCS
[19:07:28] [Server thread/INFO]: Players: [Guest] MrHappyHyena
[19:07:28] [Server thread/INFO]: giraffe: [Giraffe] Twiixtor
[19:07:35] [Server thread/INFO]: ThunderCS issued server command: /g noob
[19:07:35] [Server thread/INFO]: [G] [Mod] ThunderCS > noob 
[19:07:41] [Server thread/INFO]: [Giraffe] Twiixtor: fak u
[19:07:46] [Server thread/INFO]: ThunderCS issued server command: /essentias
[19:07:48] [Server thread/INFO]: ThunderCS issued server command: /help
[19:07:56] [Server thread/INFO]: ThunderCS issued server command: /essentials help
[19:07:56] [Server thread/INFO]: Using locale en_US
[19:08:03] [Server thread/INFO]: ThunderCS issued server command: /help 2
[19:08:08] [Server thread/INFO]: MrHappyHyena issued server command: /tp twii
[19:08:09] [Server thread/INFO]: ThunderCS issued server command: /help essentials
[19:08:15] [Server thread/INFO]: Staff: [Mod] ThunderCS
[19:08:15] [Server thread/INFO]: Players: [Guest] MrHappyHyena
[19:08:15] [Server thread/INFO]: giraffe: [Giraffe] Twiixtor
[19:08:18] [Server thread/INFO]: ThunderCS issued server command: /help essentials 2
[19:08:54] [Server thread/INFO]: ThunderCS left the game.
[19:09:01] [Server thread/INFO]: Players: [Guest] MrHappyHyena
[19:09:01] [Server thread/INFO]: giraffe: [Giraffe] Twiixtor
[19:09:48] [Server thread/INFO]: Players: [Guest] MrHappyHyena
[19:09:48] [Server thread/INFO]: giraffe: [Giraffe] Twiixtor
[19:10:24] [Server thread/INFO]: MrHappyHyena issued server command: /tp twii
[19:10:34] [Server thread/INFO]: Players: [Guest] MrHappyHyena
[19:10:34] [Server thread/INFO]: giraffe: [Giraffe] Twiixtor
[19:11:21] [Server thread/INFO]: Players: [Guest] MrHappyHyena
[19:11:21] [Server thread/INFO]: giraffe: [Giraffe] Twiixtor
[19:11:33] [Server thread/INFO]: MrHappyHyena issued server command: /home
[19:12:07] [Server thread/INFO]: Players: [Guest] MrHappyHyena
[19:12:07] [Server thread/INFO]: giraffe: [Giraffe] Twiixtor
[19:12:54] [Server thread/INFO]: Players: [Guest] MrHappyHyena
[19:12:54] [Server thread/INFO]: giraffe: [Giraffe] Twiixtor
[19:13:07] [Server thread/INFO]: Twiixtor issued server command: /tp hye
[19:13:27] [Server thread/INFO]: Twiixtor fell from a high place
[19:13:34] [Server thread/INFO]: Twiixtor issued server command: /back
[19:13:40] [Server thread/INFO]: Players: [Guest] MrHappyHyena
[19:13:40] [Server thread/INFO]: giraffe: [Giraffe] Twiixtor
[19:14:05] [Server thread/INFO]: Twiixtor issued server command: /home home
[19:14:27] [Server thread/INFO]: Players: [Guest] MrHappyHyena
[19:14:27] [Server thread/INFO]: giraffe: [Giraffe] Twiixtor
[19:15:13] [Server thread/INFO]: Players: [Guest] MrHappyHyena
[19:15:13] [Server thread/INFO]: giraffe: [Giraffe] Twiixtor
[19:16:00] [Server thread/INFO]: Players: [Guest] MrHappyHyena
[19:16:00] [Server thread/INFO]: giraffe: [Giraffe] Twiixtor
[19:17:28] [Server thread/INFO]: Players: [Guest] MrHappyHyena
[19:17:28] [Server thread/INFO]: giraffe: [Giraffe] Twiixtor
[19:18:15] [Server thread/INFO]: Players: [Guest] MrHappyHyena
[19:18:15] [Server thread/INFO]: giraffe: [Giraffe] Twiixtor
[19:19:01] [Server thread/INFO]: Players: [Guest] MrHappyHyena
[19:19:01] [Server thread/INFO]: giraffe: [Giraffe] Twiixtor
[19:19:48] [Server thread/INFO]: Players: [Guest] MrHappyHyena
[19:19:48] [Server thread/INFO]: giraffe: [Giraffe] Twiixtor
[19:20:34] [Server thread/INFO]: Players: [Guest] MrHappyHyena
[19:20:34] [Server thread/INFO]: giraffe: [Giraffe] Twiixtor
[19:21:21] [Server thread/INFO]: Players: [Guest] MrHappyHyena
[19:21:21] [Server thread/INFO]: giraffe: [Giraffe] Twiixtor
[19:22:07] [Server thread/INFO]: Players: [Guest] MrHappyHyena
[19:22:07] [Server thread/INFO]: giraffe: [Giraffe] Twiixtor
[19:22:45] [Server thread/INFO]: Twiixtor issued server command: /sethome home
[19:22:54] [Server thread/INFO]: Players: [Guest] MrHappyHyena
[19:22:54] [Server thread/INFO]: giraffe: [Giraffe] Twiixtor
[19:23:07] [Server thread/INFO]: Twiixtor issued server command: /tp hye
[19:23:40] [Server thread/INFO]: Players: [Guest] MrHappyHyena
[19:23:40] [Server thread/INFO]: giraffe: [Giraffe] Twiixtor
[19:24:27] [Server thread/INFO]: Players: [Guest] MrHappyHyena
[19:24:27] [Server thread/INFO]: giraffe: [Giraffe] Twiixtor
[19:24:54] [Server thread/INFO]: MrHappyHyena issued server command: /fly
[19:25:13] [Server thread/INFO]: Players: [Guest] MrHappyHyena
[19:25:13] [Server thread/INFO]: giraffe: [Giraffe] Twiixtor
[19:25:59] [Server thread/INFO]: MrHappyHyena issued server command: /fly
[19:26:00] [Server thread/INFO]: Players: [Guest] MrHappyHyena
[19:26:00] [Server thread/INFO]: giraffe: [Giraffe] Twiixtor
[19:27:20] [Server thread/INFO]: MrHappyHyena issued server command: /fly
[19:27:28] [Server thread/INFO]: Players: [Guest] MrHappyHyena
[19:27:28] [Server thread/INFO]: giraffe: [Giraffe] Twiixtor
[19:28:01] [Server thread/INFO]: Twiixtor issued server command: /tp Twiixtor 377 70 -811
[19:28:01] [Server thread/INFO]: Twiixtor issued server command: /tppos 377 70 -811
[19:28:08] [Server thread/INFO]: Twiixtor issued server command: /tp Twiixtor 503 77 -968
[19:28:08] [Server thread/INFO]: Twiixtor issued server command: /tppos 503 77 -968
[19:28:16] [Server thread/INFO]: Players: [Guest] MrHappyHyena
[19:28:16] [Server thread/INFO]: giraffe: [Giraffe] Twiixtor
[19:28:22] [Server thread/INFO]: Twiixtor issued server command: /tp Twiixtor 530 71 -1467
[19:28:22] [Server thread/INFO]: Twiixtor issued server command: /tppos 530 71 -1467
[19:28:27] [Server thread/INFO]: MrHappyHyena issued server command: /fly
[19:29:02] [Server thread/INFO]: Players: [Guest] MrHappyHyena
[19:29:02] [Server thread/INFO]: giraffe: [Giraffe] Twiixtor
[19:29:49] [Server thread/INFO]: Players: [Guest] MrHappyHyena
[19:29:49] [Server thread/INFO]: giraffe: [Giraffe] Twiixtor
[19:30:35] [Server thread/INFO]: Players: [Guest] MrHappyHyena
[19:30:35] [Server thread/INFO]: giraffe: [Giraffe] Twiixtor
[19:31:22] [Server thread/INFO]: Players: [Guest] MrHappyHyena
[19:31:22] [Server thread/INFO]: giraffe: [Giraffe] Twiixtor
[19:32:08] [Server thread/INFO]: Players: [Guest] MrHappyHyena
[19:32:08] [Server thread/INFO]: giraffe: [Giraffe] Twiixtor
[19:32:14] [Server thread/INFO]: Twiixtor issued server command: /tp Twiixtor 296 87 -1424
[19:32:14] [Server thread/INFO]: Twiixtor issued server command: /tppos 296 87 -1424
[19:32:21] [Server thread/INFO]: Twiixtor issued server command: /tp Twiixtor 281 106 -1414
[19:32:21] [Server thread/INFO]: Twiixtor issued server command: /tppos 281 106 -1414
[19:32:49] [Server thread/INFO]: MrHappyHyena issued server command: /tp twii
[19:32:55] [Server thread/INFO]: Players: [Guest] MrHappyHyena
[19:32:55] [Server thread/INFO]: giraffe: [Giraffe] Twiixtor
[19:32:59] [Server thread/INFO]: MrHappyHyena issued server command: /home
[19:33:09] [Server thread/INFO]: Twiixtor issued server command: /home home
[19:33:41] [Server thread/INFO]: Players: [Guest] MrHappyHyena
[19:33:41] [Server thread/INFO]: giraffe: [Giraffe] Twiixtor
[19:34:28] [Server thread/INFO]: Players: [Guest] MrHappyHyena
[19:34:28] [Server thread/INFO]: giraffe: [Giraffe] Twiixtor
[19:35:03] [Server thread/INFO]: Twiixtor issued server command: /tp hye
[19:35:14] [Server thread/INFO]: Players: [Guest] MrHappyHyena
[19:35:14] [Server thread/INFO]: giraffe: [Giraffe] Twiixtor
[19:36:01] [Server thread/INFO]: Players: [Guest] MrHappyHyena
[19:36:01] [Server thread/INFO]: giraffe: [Giraffe] Twiixtor
[19:37:28] [Server thread/INFO]: Players: [Guest] MrHappyHyena
[19:37:28] [Server thread/INFO]: giraffe: [Giraffe] Twiixtor
[19:38:15] [Server thread/INFO]: Players: [Guest] MrHappyHyena
[19:38:15] [Server thread/INFO]: giraffe: [Giraffe] Twiixtor
[19:38:17] [Server thread/INFO]: Twiixtor issued server command: /home home
[19:39:01] [Server thread/INFO]: Players: [Guest] MrHappyHyena
[19:39:01] [Server thread/INFO]: giraffe: [Giraffe] Twiixtor
[19:39:48] [Server thread/INFO]: Players: [Guest] MrHappyHyena
[19:39:48] [Server thread/INFO]: giraffe: [Giraffe] Twiixtor
[19:40:11] [Server thread/INFO]: Twiixtor issued server command: /tp Twiixtor 327 71 -673
[19:40:11] [Server thread/INFO]: Twiixtor issued server command: /tppos 327 71 -673
[19:40:21] [Server thread/INFO]: Twiixtor issued server command: /tp Twiixtor 446 70 -522
[19:40:21] [Server thread/INFO]: Twiixtor issued server command: /tppos 446 70 -522
[19:40:34] [Server thread/INFO]: Players: [Guest] MrHappyHyena
[19:40:34] [Server thread/INFO]: giraffe: [Giraffe] Twiixtor
[19:40:41] [Server thread/INFO]: Twiixtor issued server command: /tp Twiixtor 607 92 -353
[19:40:41] [Server thread/INFO]: Twiixtor issued server command: /tppos 607 92 -353
[19:40:57] [Server thread/INFO]: Twiixtor issued server command: /speed 10
[19:41:21] [Server thread/INFO]: Players: [Guest] MrHappyHyena
[19:41:21] [Server thread/INFO]: giraffe: [Giraffe] Twiixtor
[19:41:26] [Server thread/INFO]: Twiixtor issued server command: /jesus
[19:41:53] [Server thread/INFO]: Twiixtor issued server command: /speed 1
[19:42:07] [Server thread/INFO]: Players: [Guest] MrHappyHyena
[19:42:07] [Server thread/INFO]: giraffe: [Giraffe] Twiixtor
[19:42:07] [Server thread/INFO]: MrHappyHyena issued server command: /tp twii
[19:42:54] [Server thread/INFO]: Players: [Guest] MrHappyHyena
[19:42:54] [Server thread/INFO]: giraffe: [Giraffe] Twiixtor
[19:43:25] [Server thread/INFO]: Twiixtor issued server command: /speed 10
[19:43:32] [Server thread/INFO]: MrHappyHyena issued server command: /home
[19:43:40] [Server thread/INFO]: Players: [Guest] MrHappyHyena
[19:43:40] [Server thread/INFO]: giraffe: [Giraffe] Twiixtor
[19:44:27] [Server thread/INFO]: Players: [Guest] MrHappyHyena
[19:44:27] [Server thread/INFO]: giraffe: [Giraffe] Twiixtor
[19:44:27] [Server thread/INFO]: Twiixtor issued server command: /speed 1
[19:45:13] [Server thread/INFO]: Players: [Guest] MrHappyHyena
[19:45:13] [Server thread/INFO]: giraffe: [Giraffe] Twiixtor
[19:46:00] [Server thread/INFO]: Players: [Guest] MrHappyHyena
[19:46:00] [Server thread/INFO]: giraffe: [Giraffe] Twiixtor
[19:46:15] [Server thread/INFO]: Twiixtor issued server command: /speed 10
[19:47:28] [Server thread/INFO]: Twiixtor issued server command: /tp Twiixtor 355 74 481
[19:47:28] [Server thread/INFO]: Twiixtor issued server command: /tppos 355 74 481
[19:47:30] [Server thread/INFO]: Players: [Guest] MrHappyHyena
[19:47:30] [Server thread/INFO]: giraffe: [Giraffe] Twiixtor
[19:48:06] [Server thread/INFO]: Twiixtor issued server command: /speed 1
[19:48:08] [Server thread/INFO]: Twiixtor issued server command: /home home
[19:48:15] [Server thread/INFO]: Players: [Guest] MrHappyHyena
[19:48:15] [Server thread/INFO]: giraffe: [Giraffe] Twiixtor
[19:49:01] [Server thread/INFO]: Players: [Guest] MrHappyHyena
[19:49:01] [Server thread/INFO]: giraffe: [Giraffe] Twiixtor
[19:49:40] [Server thread/INFO]: MrHappyHyena issued server command: /tp twii
[19:49:48] [Server thread/INFO]: Players: [Guest] MrHappyHyena
[19:49:48] [Server thread/INFO]: giraffe: [Giraffe] Twiixtor
[19:50:10] [Server thread/INFO]: MrHappyHyena issued server command: /home
[19:50:34] [Server thread/INFO]: Players: [Guest] MrHappyHyena
[19:50:34] [Server thread/INFO]: giraffe: [Giraffe] Twiixtor
[19:50:57] [Server thread/INFO]: Twiixtor issued server command: /tp happy
[19:51:21] [Server thread/INFO]: Players: [Guest] MrHappyHyena
[19:51:21] [Server thread/INFO]: giraffe: [Giraffe] Twiixtor
[19:52:08] [Server thread/INFO]: Players: [Guest] MrHappyHyena
[19:52:08] [Server thread/INFO]: giraffe: [Giraffe] Twiixtor
[19:52:30] [Server thread/INFO]: MrHappyHyena issued server command: /fly
[19:52:42] [Server thread/INFO]: MrHappyHyena issued server command: /fly
[19:52:55] [Server thread/INFO]: Players: [Guest] MrHappyHyena
[19:52:55] [Server thread/INFO]: giraffe: [Giraffe] Twiixtor
[19:53:41] [Server thread/INFO]: Players: [Guest] MrHappyHyena
[19:53:41] [Server thread/INFO]: giraffe: [Giraffe] Twiixtor
[19:53:43] [Server thread/INFO]: MrHappyHyena issued server command: /home
[19:54:28] [Server thread/INFO]: Players: [Guest] MrHappyHyena
[19:54:28] [Server thread/INFO]: giraffe: [Giraffe] Twiixtor
[19:54:39] [Server thread/INFO]: Twiixtor issued server command: //wand
[19:54:47] [Server thread/INFO]: Twiixtor issued server command: //expand up
[19:54:51] [Server thread/INFO]: Twiixtor issued server command: //expand 1 up
[19:55:02] [Server thread/INFO]: Twiixtor issued server command: //replace glass 160
[19:55:12] [Server thread/INFO]: Twiixtor issued server command: //replace glasspane 160
[19:55:14] [Server thread/INFO]: Players: [Guest] MrHappyHyena
[19:55:14] [Server thread/INFO]: giraffe: [Giraffe] Twiixtor
[19:55:21] [Server thread/INFO]: Twiixtor issued server command: //undo
[19:55:33] [Server thread/INFO]: Twiixtor issued server command: /home home
[19:56:01] [Server thread/INFO]: Players: [Guest] MrHappyHyena
[19:56:01] [Server thread/INFO]: giraffe: [Giraffe] Twiixtor
[19:57:28] [Server thread/INFO]: Players: [Guest] MrHappyHyena
[19:57:28] [Server thread/INFO]: giraffe: [Giraffe] Twiixtor
[19:57:58] [Server thread/INFO]: MrHappyHyena issued server command: /fly
[19:58:15] [Server thread/INFO]: Players: [Guest] MrHappyHyena
[19:58:15] [Server thread/INFO]: giraffe: [Giraffe] Twiixtor
[19:59:01] [Server thread/INFO]: Players: [Guest] MrHappyHyena
[19:59:01] [Server thread/INFO]: giraffe: [Giraffe] Twiixtor
[19:59:48] [Server thread/INFO]: Players: [Guest] MrHappyHyena
[19:59:48] [Server thread/INFO]: giraffe: [Giraffe] Twiixtor
[20:00:34] [Server thread/INFO]: Players: [Guest] MrHappyHyena
[20:00:34] [Server thread/INFO]: giraffe: [Giraffe] Twiixtor
[20:01:21] [Server thread/INFO]: Players: [Guest] MrHappyHyena
[20:01:21] [Server thread/INFO]: giraffe: [Giraffe] Twiixtor
[20:01:50] [Server thread/INFO]: MrHappyHyena issued server command: /tp twii
[20:02:07] [Server thread/INFO]: Players: [Guest] MrHappyHyena
[20:02:07] [Server thread/INFO]: giraffe: [Giraffe] Twiixtor
[20:02:54] [Server thread/INFO]: Players: [Guest] MrHappyHyena
[20:02:54] [Server thread/INFO]: giraffe: [Giraffe] Twiixtor
[20:03:40] [Server thread/INFO]: Players: [Guest] MrHappyHyena
[20:03:40] [Server thread/INFO]: giraffe: [Giraffe] Twiixtor
[20:03:47] [Server thread/INFO]: Twiixtor issued server command: //
[20:03:53] [Server thread/INFO]: Twiixtor issued server command: //
[20:04:27] [Server thread/INFO]: Players: [Guest] MrHappyHyena
[20:04:27] [Server thread/INFO]: giraffe: [Giraffe] Twiixtor
[20:05:14] [Server thread/INFO]: Players: [Guest] MrHappyHyena
[20:05:14] [Server thread/INFO]: giraffe: [Giraffe] Twiixtor
[20:06:00] [Server thread/INFO]: Players: [Guest] MrHappyHyena
[20:06:00] [Server thread/INFO]: giraffe: [Giraffe] Twiixtor
[20:06:41] [Server thread/INFO]: Twiixtor issued server command: /fly
[20:07:28] [Server thread/INFO]: Players: [Guest] MrHappyHyena
[20:07:28] [Server thread/INFO]: giraffe: [Giraffe] Twiixtor
[20:08:15] [Server thread/INFO]: Players: [Guest] MrHappyHyena
[20:08:15] [Server thread/INFO]: giraffe: [Giraffe] Twiixtor
[20:09:01] [Server thread/INFO]: Players: [Guest] MrHappyHyena
[20:09:01] [Server thread/INFO]: giraffe: [Giraffe] Twiixtor
[20:09:48] [Server thread/INFO]: Players: [Guest] MrHappyHyena
[20:09:48] [Server thread/INFO]: giraffe: [Giraffe] Twiixtor
[20:10:34] [Server thread/INFO]: Players: [Guest] MrHappyHyena
[20:10:34] [Server thread/INFO]: giraffe: [Giraffe] Twiixtor
[20:11:21] [Server thread/INFO]: Players: [Guest] MrHappyHyena
[20:11:21] [Server thread/INFO]: giraffe: [Giraffe] Twiixtor
[20:11:36] [Server thread/INFO]: MrHappyHyena issued server command: /tp twii
[20:11:49] [Server thread/INFO]: MrHappyHyena issued server command: /home
[20:12:07] [Server thread/INFO]: Players: [Guest] MrHappyHyena
[20:12:07] [Server thread/INFO]: giraffe: [Giraffe] Twiixtor
[20:12:54] [Server thread/INFO]: Players: [Guest] MrHappyHyena
[20:12:54] [Server thread/INFO]: giraffe: [Giraffe] Twiixtor
[20:13:40] [Server thread/INFO]: Players: [Guest] MrHappyHyena
[20:13:40] [Server thread/INFO]: giraffe: [Giraffe] Twiixtor
[20:14:27] [Server thread/INFO]: Players: [Guest] MrHappyHyena
[20:14:27] [Server thread/INFO]: giraffe: [Giraffe] Twiixtor
[20:14:34] [Server thread/INFO]: Twiixtor issued server command: /fly
[20:15:15] [Server thread/INFO]: Twiixtor issued server command: /give Twiixtor minecraft:stick 1 0
[20:15:15] [Server thread/INFO]: Players: [Guest] MrHappyHyena
[20:15:15] [Server thread/INFO]: giraffe: [Giraffe] Twiixtor
[20:15:28] [Server thread/INFO]: Twiixtor issued server command: /tp hye
[20:16:02] [Server thread/INFO]: Players: [Guest] MrHappyHyena
[20:16:02] [Server thread/INFO]: giraffe: [Giraffe] Twiixtor
[20:17:28] [Server thread/INFO]: Players: [Guest] MrHappyHyena
[20:17:28] [Server thread/INFO]: giraffe: [Giraffe] Twiixtor
[20:18:15] [Server thread/INFO]: Players: [Guest] MrHappyHyena
[20:18:15] [Server thread/INFO]: giraffe: [Giraffe] Twiixtor
[20:19:01] [Server thread/INFO]: Players: [Guest] MrHappyHyena
[20:19:01] [Server thread/INFO]: giraffe: [Giraffe] Twiixtor
[20:19:48] [Server thread/INFO]: Players: [Guest] MrHappyHyena
[20:19:48] [Server thread/INFO]: giraffe: [Giraffe] Twiixtor
[20:20:34] [Server thread/INFO]: Players: [Guest] MrHappyHyena
[20:20:34] [Server thread/INFO]: giraffe: [Giraffe] Twiixtor
[20:21:21] [Server thread/INFO]: Players: [Guest] MrHappyHyena
[20:21:21] [Server thread/INFO]: giraffe: [Giraffe] Twiixtor
[20:21:54] [Server thread/INFO]: Twiixtor issued server command: /tp hap
[20:22:02] [Server thread/INFO]: Twiixtor issued server command: /tp hap
[20:22:07] [Server thread/INFO]: Players: [Guest] MrHappyHyena
[20:22:07] [Server thread/INFO]: giraffe: [Giraffe] Twiixtor
[20:22:43] [Server thread/INFO]: MrHappyHyena issued server command: /fly
[20:22:51] [Server thread/INFO]: MrHappyHyena fell from a high place
[20:22:54] [Server thread/INFO]: Players: [Guest] MrHappyHyena
[20:22:54] [Server thread/INFO]: giraffe: [Giraffe] Twiixtor
[20:22:58] [Server thread/INFO]: MrHappyHyena issued server command: /back
[20:23:05] [Server thread/INFO]: MrHappyHyena issued server command: /fly
[20:23:06] [Server thread/INFO]: Twiixtor fell from a high place
[20:23:10] [Server thread/INFO]: Twiixtor issued server command: /back
[20:23:15] [Server thread/INFO]: Twiixtor issued server command: /time day
[20:23:40] [Server thread/INFO]: Players: [Guest] MrHappyHyena
[20:23:40] [Server thread/INFO]: giraffe: [Giraffe] Twiixtor
[20:24:16] [Server thread/INFO]: MrHappyHyena issued server command: /fly
[20:24:27] [Server thread/INFO]: Players: [Guest] MrHappyHyena
[20:24:27] [Server thread/INFO]: giraffe: [Giraffe] Twiixtor
[20:24:45] [Server thread/INFO]: MrHappyHyena issued server command: /fly
[20:25:14] [Server thread/INFO]: Players: [Guest] MrHappyHyena
[20:25:14] [Server thread/INFO]: giraffe: [Giraffe] Twiixtor
[20:25:15] [Server thread/INFO]: MrHappyHyena issued server command: /fly
[20:25:27] [Server thread/INFO]: Twiixtor issued server command: /home home
[20:26:00] [Server thread/INFO]: Players: [Guest] MrHappyHyena
[20:26:00] [Server thread/INFO]: giraffe: [Giraffe] Twiixtor
[20:26:11] [Server thread/INFO]: MrHappyHyena issued server command: /fly
[20:27:28] [Server thread/INFO]: Players: [Guest] MrHappyHyena
[20:27:28] [Server thread/INFO]: giraffe: [Giraffe] Twiixtor
[20:27:41] [Server thread/INFO]: MrHappyHyena issued server command: /fly
[20:28:15] [Server thread/INFO]: Players: [Guest] MrHappyHyena
[20:28:15] [Server thread/INFO]: giraffe: [Giraffe] Twiixtor
[20:28:30] [Server thread/INFO]: MrHappyHyena issued server command: /home
[20:28:47] [Server thread/INFO]: Twiixtor issued server command: /gm 1
[20:29:01] [Server thread/INFO]: Players: [Guest] MrHappyHyena
[20:29:01] [Server thread/INFO]: giraffe: [Giraffe] Twiixtor
[20:29:30] [Server thread/INFO]: Twiixtor issued server command: /gm 0
[20:29:33] [Server thread/INFO]: Twiixtor issued server command: /descend
[20:29:38] [Server thread/INFO]: Twiixtor issued server command: /ascend
[20:29:48] [Server thread/INFO]: Players: [Guest] MrHappyHyena
[20:29:48] [Server thread/INFO]: giraffe: [Giraffe] Twiixtor
[20:30:23] [Server thread/INFO]: Twiixtor issued server command: /gm 1
[20:30:34] [Server thread/INFO]: Players: [Guest] MrHappyHyena
[20:30:34] [Server thread/INFO]: giraffe: [Giraffe] Twiixtor
[20:31:21] [Server thread/INFO]: Players: [Guest] MrHappyHyena
[20:31:21] [Server thread/INFO]: giraffe: [Giraffe] Twiixtor
[20:32:07] [Server thread/INFO]: Players: [Guest] MrHappyHyena
[20:32:07] [Server thread/INFO]: giraffe: [Giraffe] Twiixtor
[20:32:37] [Server thread/INFO]: Twiixtor issued server command: /gm 0
[20:32:44] [Server thread/INFO]: Twiixtor issued server command: /gm 1
[20:32:54] [Server thread/INFO]: Players: [Guest] MrHappyHyena
[20:32:54] [Server thread/INFO]: giraffe: [Giraffe] Twiixtor
[20:33:40] [Server thread/INFO]: Players: [Guest] MrHappyHyena
[20:33:40] [Server thread/INFO]: giraffe: [Giraffe] Twiixtor
[20:33:58] [Server thread/INFO]: Twiixtor issued server command: /gm 0
[20:34:27] [Server thread/INFO]: Players: [Guest] MrHappyHyena
[20:34:27] [Server thread/INFO]: giraffe: [Giraffe] Twiixtor
[20:35:14] [Server thread/INFO]: Players: [Guest] MrHappyHyena
[20:35:14] [Server thread/INFO]: giraffe: [Giraffe] Twiixtor
[20:36:00] [Server thread/INFO]: Players: [Guest] MrHappyHyena
[20:36:00] [Server thread/INFO]: giraffe: [Giraffe] Twiixtor
[20:36:29] [Server thread/INFO]: Twiixtor issued server command: /tp mr
[20:37:28] [Server thread/INFO]: Players: [Guest] MrHappyHyena
[20:37:28] [Server thread/INFO]: giraffe: [Giraffe] Twiixtor
[20:38:04] [Server thread/INFO]: Twiixtor left the game.
[20:38:15] [Server thread/INFO]: Players: [Guest] MrHappyHyena
[20:39:01] [Server thread/INFO]: Players: [Guest] MrHappyHyena
[20:39:48] [Server thread/INFO]: Players: [Guest] MrHappyHyena
[20:40:34] [Server thread/INFO]: Players: [Guest] MrHappyHyena
[20:41:21] [Server thread/INFO]: Players: [Guest] MrHappyHyena
[20:42:07] [Server thread/INFO]: Players: [Guest] MrHappyHyena
[20:42:54] [Server thread/INFO]: Players: [Guest] MrHappyHyena
[20:43:21] [Server thread/INFO]: MrHappyHyena issued server command: /fly
[20:43:40] [Server thread/INFO]: Players: [Guest] MrHappyHyena
[20:44:12] [Server thread/INFO]: MrHappyHyena issued server command: /home
[20:44:27] [Server thread/INFO]: Players: [Guest] MrHappyHyena
[20:45:14] [Server thread/INFO]: Players: [Guest] MrHappyHyena
[20:46:00] [Server thread/INFO]: Players: [Guest] MrHappyHyena
[20:47:28] [Server thread/INFO]: Players: [Guest] MrHappyHyena
[20:48:15] [Server thread/INFO]: Players: [Guest] MrHappyHyena
[20:49:01] [Server thread/INFO]: Players: [Guest] MrHappyHyena
[20:49:48] [Server thread/INFO]: Players: [Guest] MrHappyHyena
[20:50:34] [Server thread/INFO]: Players: [Guest] MrHappyHyena
[20:51:21] [Server thread/INFO]: Players: [Guest] MrHappyHyena
[20:52:07] [Server thread/INFO]: Players: [Guest] MrHappyHyena
[20:52:14] [Server thread/INFO]: MrHappyHyena left the game.
[22:30:34] [Server thread/INFO]: Staff: [Admin] UnSeen
[22:31:21] [Server thread/INFO]: Staff: [Admin] UnSeen
[22:31:34] [Server thread/INFO]: AttrebusMede left the game.
