[17:50:44] [Server thread/INFO]: Developers: [Dev] Popey
[17:51:37] [Server thread/INFO]: Popey456963 issued server command: /tppos 100000 100 1000000
[17:51:50] [Server thread/INFO]: Developers: [Dev] Popey
[17:51:53] [Server thread/INFO]: Popey456963 issued server command: //paste
[17:52:33] [Server thread/INFO]: Developers: [Dev] Popey
[17:53:24] [Server thread/INFO]: Popey456963 issued server command: //undo
[17:53:27] [Server thread/INFO]: Developers: [Dev] Popey
[17:54:22] [Server thread/INFO]: Developers: [Dev] Popey
[17:55:16] [Server thread/INFO]: Developers: [Dev] Popey
[17:56:11] [Server thread/INFO]: Developers: [Dev] Popey
[17:57:05] [Server thread/INFO]: Developers: [Dev] Popey
[17:58:00] [Server thread/INFO]: Developers: [Dev] Popey
[17:58:54] [Server thread/INFO]: Developers: [AFK][Dev] Popey
[17:59:49] [Server thread/INFO]: Developers: [Dev] Popey
[18:00:21] [Server thread/INFO]: Popey456963 issued server command: /spawn
[18:00:43] [Server thread/INFO]: Developers: [Dev] Popey
[18:01:37] [Server thread/INFO]: Developers: [Dev] Popey
[18:02:32] [Server thread/INFO]: Developers: [Dev] Popey
[18:03:26] [Server thread/INFO]: Developers: [Dev] Popey
[18:04:21] [Server thread/INFO]: Developers: [Dev] Popey
[18:05:15] [Server thread/INFO]: Developers: [Dev] Popey
[18:05:39] [Server thread/INFO]: Popey456963 issued server command: /spawn
[18:05:43] [Server thread/INFO]: Popey456963 issued server command: /setspawn
[18:05:47] [Server thread/INFO]: Popey456963 issued server command: /warp
[18:05:50] [Server thread/INFO]: Popey456963 issued server command: /warp 1Spawn
[18:05:54] [Server thread/INFO]: Popey456963 issued server command: /setspawn
[18:05:59] [Server thread/INFO]: Popey456963 issued server command: /setspawn
[18:06:10] [Server thread/INFO]: Developers: [Dev] Popey
[18:07:04] [Server thread/INFO]: Developers: [Dev] Popey
[18:07:59] [Server thread/INFO]: Developers: [Dev] Popey
[18:08:06] [Server thread/INFO]: Popey456963 issued server command: /sign
[18:08:18] [Server thread/INFO]: Popey456963 issued server command: /hs
[18:08:19] [Server thread/INFO]: Popey456963 issued server command: /hologram
[18:08:22] [Server thread/INFO]: Popey456963 issued server command: /hologram help
[18:08:53] [Server thread/INFO]: Developers: [Dev] Popey
[18:09:48] [Server thread/INFO]: Developers: [Dev] Popey
[18:10:42] [Server thread/INFO]: Developers: [Dev] Popey
[18:11:14] [Server thread/INFO]: Popey456963 issued server command: /hologram align Y index
[18:11:23] [Server thread/INFO]: Popey456963 issued server command: /hologram align Y welcome
[18:11:30] [Server thread/INFO]: Popey456963 issued server command: /hologram align Y rule welcome
[18:11:36] [Server thread/INFO]: Developers: [Dev] Popey
[18:12:31] [Server thread/INFO]: Developers: [Dev] Popey
[18:12:36] [Server thread/INFO]: Popey456963 issued server command: /hologram align Y rule2 welcome
[18:12:56] [Server thread/INFO]: Popey456963 issued server command: /hologram addline
[18:13:00] [Server thread/INFO]: Popey456963 issued server command: /hologram addline rule &bWelcome to the server,
[18:13:09] [Server thread/INFO]: Popey456963 issued server command: /hologram
[18:13:11] [Server thread/INFO]: Popey456963 issued server command: /hologram help
[18:13:25] [Server thread/INFO]: Developers: [Dev] Popey
[18:13:31] [Server thread/INFO]: Popey456963 issued server command: /hologram edit rule
[18:13:59] [Server thread/INFO]: Popey456963 issued server command: /hologram setline rule 1 &aWe would recommend reading
[18:14:04] [Server thread/INFO]: Popey456963 issued server command: /hologram setline rule 2 &aWe would recommend reading
[18:14:17] [Server thread/INFO]: Popey456963 issued server command: /hologram setline rule 1 &6------------------------------------
[18:14:20] [Server thread/INFO]: Developers: [Dev] Popey
[18:15:14] [Server thread/INFO]: Developers: [Dev] Popey
[18:15:34] [Server thread/INFO]: Popey456963 issued server command: /hologram setline rule 2 &aWe would recommend reading
[18:16:09] [Server thread/INFO]: Developers: [Dev] Popey
[18:17:03] [Server thread/INFO]: Developers: [Dev] Popey
[18:17:58] [Server thread/INFO]: Developers: [Dev] Popey
[18:17:59] [Server thread/INFO]: Popey456963 issued server command: /hologram setline rule 2 &bWe would recommend reading
[18:18:05] [Server thread/INFO]: Popey456963 issued server command: /hologram setline rule 3 &bthe rules for this server.
[18:18:15] [Server thread/INFO]: Popey456963 issued server command: /hologram addline rule [p]
[18:18:32] [Server thread/INFO]: Popey456963 issued server command: /hologram addline rule &6------------------------------------
[18:18:52] [Server thread/INFO]: Developers: [Dev] Popey
[18:18:56] [Server thread/INFO]: Popey456963 issued server command: /hologram
[18:19:46] [Server thread/INFO]: Developers: [Dev] Popey
[18:20:41] [Server thread/INFO]: Developers: [Dev] Popey
[18:21:35] [Server thread/INFO]: Developers: [Dev] Popey
[18:22:30] [Server thread/INFO]: Developers: [Dev] Popey
[18:23:15] [Server thread/INFO]: Popey456963 issued server command: /hologram addline rule2 &6------------------------------------
[18:23:24] [Server thread/INFO]: Developers: [Dev] Popey
[18:23:35] [Server thread/INFO]: Popey456963 issued server command: /hologram setline rule2 2 &bWe would recommend reading
[18:23:44] [Server thread/INFO]: Popey456963 issued server command: /hologram addline rule2 &bthe rules for this server.
[18:23:49] [Server thread/INFO]: Popey456963 issued server command: /hologram addline rule2 [p]
[18:24:19] [Server thread/INFO]: Players: [Guest] Drake
[18:24:19] [Server thread/INFO]: Developers: [Dev] Popey
[18:24:27] [Server thread/INFO]: Popey456963 issued server command: /tp 41sentury Popey456963
[18:24:34] [Server thread/INFO]: Popey456963 issued server command: /sudo 41sentury me test
[18:24:52] [Server thread/INFO]: Popey456963 issued server command: /hologram addline rule2 &6------------------------------------
[18:25:13] [Server thread/INFO]: Players: [Guest] Drake
[18:25:13] [Server thread/INFO]: Developers: [Dev] Popey
[18:26:08] [Server thread/INFO]: Players: [Guest] Drake
[18:26:08] [Server thread/INFO]: Developers: [Dev] Popey
[18:27:02] [Server thread/INFO]: Players: [Guest] Drake
[18:27:02] [Server thread/INFO]: Developers: [Dev] Popey
[18:27:56] [Server thread/INFO]: Players: [Guest] Drake
[18:27:56] [Server thread/INFO]: Developers: [Dev] Popey
[18:28:10] [Netty Epoll Server IO #20/INFO]: [Dev] Popey: ./ma leave
[18:28:10] [Server thread/INFO]: 41sentury issued server command: /ma leave
[18:28:11] [Server thread/INFO]: Popey456963 issued server command: /ma leave
[18:28:51] [Server thread/INFO]: Players: [Guest] Drake
[18:28:51] [Server thread/INFO]: Developers: [Dev] Popey
[18:29:25] [Server thread/INFO]: Popey456963 issued server command: /warp
[18:29:34] [Server thread/INFO]: Popey456963 issued server command: /tppos 600 100 600
[18:29:45] [Server thread/INFO]: Players: [Guest] Drake
[18:29:45] [Server thread/INFO]: Developers: [Dev] Popey
[18:29:54] [Server thread/INFO]: Popey456963 issued server command: /tppos -600 100 -600
[18:30:27] [Server thread/INFO]: Popey456963 issued server command: /back
[18:30:29] [Server thread/INFO]: Popey456963 issued server command: /spawn
[18:30:36] [Server thread/INFO]: Popey456963 issued server command: /f help
[18:30:40] [Server thread/INFO]: Players: [Guest] Drake
[18:30:40] [Server thread/INFO]: Developers: [Dev] Popey
[18:30:57] [Server thread/INFO]: Popey456963 issued server command: /warp
[18:31:34] [Server thread/INFO]: Players: [Guest] Drake
[18:31:34] [Server thread/INFO]: Developers: [Dev] Popey
[18:31:45] [Server thread/INFO]: 41sentury was blown up by Creeper
[18:32:29] [Server thread/INFO]: Players: [Guest] Drake
[18:32:29] [Server thread/INFO]: Developers: [Dev] Popey
[18:33:01] [Server thread/INFO]: 41sentury left the game.
[18:33:12] [Server thread/INFO]: Popey456963 issued server command: /f help
[18:33:14] [Server thread/INFO]: Popey456963 issued server command: /f help 5
[18:33:17] [Server thread/INFO]: Popey456963 issued server command: /f help 4
[18:33:23] [Server thread/INFO]: Developers: [Dev] Popey
[18:33:25] [Server thread/INFO]: Popey456963 issued server command: /f admin
[18:33:26] [Server thread/INFO]: Popey456963 issued server command: /f admin
[18:33:29] [Server thread/INFO]: Popey456963 issued server command: /f help 3
[18:33:33] [Server thread/INFO]: Popey456963 issued server command: /f help 2
[18:33:36] [Server thread/INFO]: Popey456963 issued server command: /f help 1
[18:33:41] [Server thread/INFO]: Popey456963 issued server command: /f claim
[18:33:49] [Server thread/INFO]: Popey456963 issued server command: /f claim c 1
[18:33:52] [Server thread/INFO]: Popey456963 issued server command: /f claim c 4
[18:34:09] [Server thread/INFO]: Popey456963 issued server command: /f join Wilderness
[18:34:11] [Server thread/INFO]: Popey456963 issued server command: /f leave
[18:34:12] [Server thread/INFO]: Popey456963 issued server command: /f join Wilderness
[18:34:14] [Server thread/INFO]: Popey456963 issued server command: /f desc
[18:34:18] [Server thread/INFO]: Developers: [Dev] Popey
[18:34:59] [Server thread/INFO]: Popey456963 issued server command: /f claim c
[18:35:07] [Server thread/INFO]: Popey456963 issued server command: /f claim c 20
[18:35:12] [Server thread/INFO]: Popey456963 issued server command: /f claim c 300
[18:35:15] [Server thread/INFO]: Developers: [Dev] Popey
[18:35:21] [Server thread/INFO]: Popey456963 issued server command: /speed 10
[18:36:07] [Server thread/INFO]: Developers: [Dev] Popey
[18:37:01] [Server thread/INFO]: Developers: [Dev] Popey
[18:37:44] [Server thread/INFO]: Popey456963 issued server command: /f map
[18:37:55] [Server thread/INFO]: Developers: [Dev] Popey
[18:38:50] [Server thread/INFO]: Developers: [Dev] Popey
[18:39:44] [Server thread/INFO]: Developers: [Dev] Popey
[18:40:39] [Server thread/INFO]: Developers: [Dev] Popey
[18:41:14] [Server thread/INFO]: Popey456963 issued server command: /f map
[18:41:23] [Server thread/INFO]: Popey456963 issued server command: /f map
[18:41:34] [Server thread/INFO]: Developers: [Dev] Popey
[18:41:45] [Server thread/INFO]: Popey456963 issued server command: /tppos 10000000 150 10000000
[18:42:03] [Server thread/INFO]: Popey456963 issued server command: /tppos 10005000 150 10000000
[18:42:13] [Server thread/INFO]: Popey456963 issued server command: /tppos 10007000 150 10000000
[18:42:28] [Server thread/INFO]: Developers: [Dev] Popey
[18:42:28] [Server thread/INFO]: Popey456963 issued server command: /tppos 10070000 150 10000000
[18:42:42] [Server thread/INFO]: Popey456963 issued server command: /f map
[18:43:05] [Server thread/INFO]: Popey456963 issued server command: /f map
[18:43:08] [Server thread/INFO]: Popey456963 issued server command: /spawn
[18:43:22] [Server thread/INFO]: Developers: [Dev] Popey
[18:44:16] [Server thread/INFO]: Developers: [Dev] Popey
[18:45:11] [Server thread/INFO]: Developers: [Dev] Popey
[18:46:05] [Server thread/INFO]: Developers: [Dev] Popey
[18:47:00] [Server thread/INFO]: Developers: [Dev] Popey
[18:47:54] [Server thread/INFO]: Developers: [Dev] Popey
[18:47:58] [Server thread/INFO]: Popey456963 issued server command: /speed 1
[18:48:49] [Server thread/INFO]: Developers: [Dev] Popey
[18:49:43] [Server thread/INFO]: Developers: [Dev] Popey
[18:50:38] [Server thread/INFO]: Developers: [Dev] Popey
[18:51:32] [Server thread/INFO]: Developers: [Dev] Popey
[18:52:26] [Server thread/INFO]: Developers: [Dev] Popey
[18:53:21] [Server thread/INFO]: Developers: [AFK][Dev] Popey
[18:54:10] [Server thread/INFO]: Popey456963 issued server command: /hologram
[18:54:13] [Server thread/INFO]: Popey456963 issued server command: /hologram help
[18:54:15] [Server thread/INFO]: Developers: [Dev] Popey
[18:54:21] [Server thread/INFO]: Popey456963 issued server command: /hologram align X rule
[18:54:35] [Server thread/INFO]: Popey456963 issued server command: /hologram
[18:54:45] [Server thread/INFO]: Popey456963 issued server command: /hologram movehere rule
[18:54:52] [Server thread/INFO]: Popey456963 issued server command: /hologram movehere rule2
[18:55:01] [Server thread/INFO]: Popey456963 issued server command: /hologram align Y rule welcome
[18:55:06] [Server thread/INFO]: Popey456963 issued server command: /hologram align Y rule2 welcome
[18:55:10] [Server thread/INFO]: Developers: [Dev] Popey
[18:56:04] [Server thread/INFO]: Developers: [Dev] Popey
[18:56:59] [Server thread/INFO]: Developers: [Dev] Popey
[18:57:00] [Server thread/INFO]: Popey456963 issued server command: /tppos 600 80 -600
[18:57:16] [Server thread/INFO]: Popey456963 issued server command: /tppos -600 80 600
[18:57:53] [Server thread/INFO]: Developers: [Dev] Popey
[18:58:48] [Server thread/INFO]: Developers: [Dev] Popey
[18:59:42] [Server thread/INFO]: Developers: [Dev] Popey
[19:00:36] [Server thread/INFO]: Developers: [Dev] Popey
[19:01:31] [Server thread/INFO]: Developers: [Dev] Popey
[19:02:25] [Server thread/INFO]: Developers: [Dev] Popey
[19:03:20] [Server thread/INFO]: Developers: [Dev] Popey
[19:04:14] [Server thread/INFO]: Developers: [Dev] Popey
[19:05:09] [Server thread/INFO]: Developers: [Dev] Popey
[19:06:03] [Server thread/INFO]: Developers: [Dev] Popey
[19:06:35] [Server thread/INFO]: Popey456963 issued server command: /welcome
[19:06:39] [Server thread/INFO]: Popey456963 issued server command: /rules
[19:06:42] [Server thread/INFO]: Popey456963 issued server command: /spawn
[19:06:57] [Server thread/INFO]: Popey456963 issued server command: /ts
[19:06:58] [Server thread/INFO]: Developers: [Dev] Popey
[19:07:52] [Server thread/INFO]: Developers: [Dev] Popey
[19:08:46] [Server thread/INFO]: Developers: [Dev] Popey
[19:09:41] [Server thread/INFO]: Developers: [Dev] Popey
[19:10:35] [Server thread/INFO]: Developers: [Dev] Popey
[19:11:30] [Server thread/INFO]: Developers: [Dev] Popey
[19:12:24] [Server thread/INFO]: Developers: [AFK][Dev] Popey
[19:13:19] [Server thread/INFO]: Developers: [AFK][Dev] Popey
[19:14:13] [Server thread/INFO]: Developers: [AFK][Dev] Popey
[19:15:08] [Server thread/INFO]: Developers: [AFK][Dev] Popey
[19:16:02] [Server thread/INFO]: Developers: [AFK][Dev] Popey
[19:16:56] [Server thread/INFO]: Developers: [AFK][Dev] Popey
[19:17:51] [Server thread/INFO]: Developers: [AFK][Dev] Popey
[19:18:19] [Server thread/INFO]: Popey456963 issued server command: /help
[19:18:21] [Server thread/INFO]: Popey456963 issued server command: /help 2
[19:18:26] [Server thread/INFO]: Popey456963 issued server command: /help holographic
[19:18:28] [Server thread/INFO]: Popey456963 issued server command: /help holographicdisplays
[19:18:31] [Server thread/INFO]: Popey456963 issued server command: /holograms
[19:18:34] [Server thread/INFO]: Popey456963 issued server command: /holograms help
[19:18:45] [Server thread/INFO]: Developers: [Dev] Popey
[19:19:01] [Server thread/INFO]: Popey456963 issued server command: /plugins
[19:19:39] [Server thread/INFO]: Stopping the server
[19:19:39] [Server thread/INFO]: Stopping server
[19:19:39] [Server thread/INFO]: [HolographicDisplays] Disabling HolographicDisplays v2.1.10
[19:19:39] [Server thread/INFO]: [MobArena] Disabling MobArena v0.97.1
[19:19:39] [Server thread/INFO]: [MobArena] disabled.
[19:19:39] [Server thread/INFO]: [EssentialsProtect] Disabling EssentialsProtect vTeamCity
[19:19:39] [Server thread/INFO]: [OnTime] Disabling OnTime v4.1.3
[19:19:40] [Server thread/INFO]: [WorldGuard] Disabling WorldGuard v6.1
[19:19:40] [Server thread/INFO]: [WorldGuard] Shutting down executor and waiting for any pending tasks...
[19:19:40] [Server thread/INFO]: [ProtocolLib] Disabling ProtocolLib v3.6.4
[19:19:40] [Server thread/INFO]: [MassiveCore] Disabling MassiveCore v2.8.0
[19:19:40] [Server thread/INFO]: [MassiveCore 2.8.0] Disabled
[19:19:40] [Server thread/INFO]: [LaggRemover] Disabling LaggRemover v0.1.9
[19:19:40] [Server thread/INFO]: [LaggRemover] LaggRemover has been disabled!
[19:19:40] [Server thread/INFO]: [EssentialsSpawn] Disabling EssentialsSpawn vTeamCity
[19:19:40] [Server thread/INFO]: [Vault] Disabling Vault v1.5.6-b49
[19:19:40] [Server thread/INFO]: [Random_Spawn] Disabling Random_Spawn v2.6
[19:19:40] [Server thread/INFO]: [mcMMO] Disabling mcMMO v1.5.00-b3547
