[05:20:00] [Server thread/INFO]: Crustifer left the game.
[15:01:34] [Server thread/INFO]: Staff: [Admin] UnSeen
[15:02:28] [Server thread/INFO]: Staff: [Admin] UnSeen
[15:03:23] [Server thread/INFO]: Staff: [Admin] UnSeen
[15:03:23] [Server thread/INFO]: Developers: [Dev] Popey
[15:03:29] [Server thread/INFO]: Popey456963 issued server command: /tp AttrebusMede
[15:04:18] [Server thread/INFO]: Staff: [Admin] UnSeen
[15:04:18] [Server thread/INFO]: Developers: [Dev] Popey
[15:05:04] [Server thread/INFO]: Popey456963 issued server command: //expand vert
[15:05:12] [Server thread/INFO]: Staff: [Admin] UnSeen
[15:05:12] [Server thread/INFO]: Developers: [Dev] Popey
[15:05:18] [Server thread/INFO]: Popey456963 issued server command: //copy
[15:05:22] [Server thread/INFO]: Popey456963 issued server command: //paste
[15:05:26] [Server thread/INFO]: Popey456963 issued server command: //undo
[15:06:02] [Server thread/INFO]: Popey456963 issued server command: //copy
[15:06:05] [Server thread/INFO]: Popey456963 issued server command: //paste
[15:06:07] [Server thread/INFO]: Staff: [Admin] UnSeen
[15:06:07] [Server thread/INFO]: Developers: [Dev] Popey
[15:06:35] [Server thread/INFO]: Popey456963 issued server command: //undo
[15:06:44] [Server thread/INFO]: [Dev] Popey: .//set 0
[15:06:45] [Server thread/INFO]: Popey456963 issued server command: //copy
[15:06:46] [Server thread/INFO]: AttrebusMede issued server command: //set 0
[15:06:54] [Server thread/INFO]: Popey456963 issued server command: //paste
[15:07:01] [Server thread/INFO]: Staff: [Admin] UnSeen
[15:07:01] [Server thread/INFO]: Developers: [Dev] Popey
[15:07:47] [Server thread/INFO]: Popey456963 issued server command: //expand vert
[15:07:56] [Server thread/INFO]: Staff: [Admin] UnSeen
[15:07:56] [Server thread/INFO]: Developers: [Dev] Popey
[15:08:40] [Server thread/INFO]: Popey456963 issued server command: //expand vert
[15:08:41] [Server thread/INFO]: Popey456963 issued server command: //cut
[15:08:50] [Server thread/INFO]: Staff: [Admin] UnSeen
[15:08:50] [Server thread/INFO]: Developers: [Dev] Popey
[15:08:52] [Server thread/INFO]: Popey456963 issued server command: //paste
[15:09:12] [Server thread/INFO]: Popey456963 issued server command: //set bed
[15:09:15] [Server thread/INFO]: Popey456963 issued server command: //set bedrock
[15:09:24] [Server thread/INFO]: Popey456963 issued server command: //set grass
[15:09:45] [Server thread/INFO]: Staff: [Admin] UnSeen
[15:09:45] [Server thread/INFO]: Developers: [Dev] Popey
[15:10:15] [Server thread/INFO]: [Admin] UnSeen: Mum in room so will talk again in a mo lmao
[15:10:22] [Server thread/INFO]: Popey456963 issued server command: //copy
[15:10:33] [Server thread/INFO]: Popey456963 issued server command: //paste
[15:10:39] [Server thread/INFO]: Staff: [Admin] UnSeen
[15:10:39] [Server thread/INFO]: Developers: [Dev] Popey
[15:10:44] [Server thread/INFO]: Popey456963 issued server command: //expand vert
[15:10:45] [Server thread/INFO]: Popey456963 issued server command: //copy
[15:11:11] [Server thread/INFO]: Popey456963 issued server command: //paste
[15:11:34] [Server thread/INFO]: Staff: [Admin] UnSeen
[15:11:34] [Server thread/INFO]: Developers: [Dev] Popey
[15:11:49] [Server thread/INFO]: Popey456963 issued server command: //copy
[15:11:53] [Server thread/INFO]: Popey456963 issued server command: //paste
[15:12:04] [Server thread/INFO]: Popey456963 issued server command: //expand vert
[15:12:05] [Server thread/INFO]: Popey456963 issued server command: //copy
[15:12:10] [Server thread/INFO]: Popey456963 issued server command: //paste
[15:12:28] [Server thread/INFO]: Staff: [Admin] UnSeen
[15:12:28] [Server thread/INFO]: Developers: [Dev] Popey
[15:12:32] [Server thread/INFO]: Popey456963 issued server command: //paste
[15:13:23] [Server thread/INFO]: Staff: [Admin] UnSeen
[15:13:23] [Server thread/INFO]: Developers: [Dev] Popey
[15:13:39] [Server thread/INFO]: AttrebusMede issued server command: //set 0
[15:14:18] [Server thread/INFO]: Staff: [Admin] UnSeen
[15:14:18] [Server thread/INFO]: Developers: [Dev] Popey
[15:15:13] [Server thread/INFO]: Staff: [Admin] UnSeen
[15:15:13] [Server thread/INFO]: Developers: [Dev] Popey
[15:15:25] [Server thread/INFO]: Popey456963 issued server command: //expand vert
[15:16:07] [Server thread/INFO]: Staff: [Admin] UnSeen
[15:16:07] [Server thread/INFO]: Developers: [Dev] Popey
[15:16:14] [Server thread/INFO]: Popey456963 issued server command: /hd
[15:16:16] [Server thread/INFO]: Popey456963 issued server command: /hd help
[15:16:50] [Server thread/INFO]: Popey456963 issued server command: /hd delete holo
[15:17:02] [Server thread/INFO]: Staff: [Admin] UnSeen
[15:17:02] [Server thread/INFO]: Developers: [Dev] Popey
[15:17:56] [Server thread/INFO]: Staff: [Admin] UnSeen
[15:17:56] [Server thread/INFO]: Developers: [Dev] Popey
[15:18:05] [Server thread/INFO]: Popey456963 issued server command: //expand vert
[15:18:50] [Server thread/INFO]: Staff: [Admin] UnSeen
[15:18:50] [Server thread/INFO]: Developers: [Dev] Popey
[15:19:45] [Server thread/INFO]: Staff: [Admin] UnSeen
[15:19:45] [Server thread/INFO]: Developers: [Dev] Popey
[15:20:39] [Server thread/INFO]: Staff: [Admin] UnSeen
[15:20:39] [Server thread/INFO]: Developers: [Dev] Popey
[15:21:34] [Server thread/INFO]: Staff: [Admin] UnSeen
[15:21:34] [Server thread/INFO]: Developers: [Dev] Popey
[15:22:28] [Server thread/INFO]: Staff: [Admin] UnSeen
[15:22:28] [Server thread/INFO]: Developers: [Dev] Popey
[15:23:23] [Server thread/INFO]: Staff: [Admin] UnSeen
[15:23:23] [Server thread/INFO]: Developers: [Dev] Popey
[15:24:18] [Server thread/INFO]: Staff: [Admin] UnSeen
[15:24:18] [Server thread/INFO]: Developers: [Dev] Popey
[15:25:13] [Server thread/INFO]: Staff: [Admin] UnSeen
[15:25:13] [Server thread/INFO]: Developers: [Dev] Popey
[15:26:07] [Server thread/INFO]: Staff: [Admin] UnSeen
[15:26:07] [Server thread/INFO]: Developers: [Dev] Popey
[15:26:13] [Server thread/INFO]: Popey456963 left the game.
[15:27:01] [Server thread/INFO]: Staff: [Admin] UnSeen
[15:27:56] [Server thread/INFO]: Staff: [Admin] UnSeen
[15:28:50] [Server thread/INFO]: Staff: [Admin] UnSeen
[15:29:45] [Server thread/INFO]: Staff: [Admin] UnSeen
[15:30:39] [Server thread/INFO]: Staff: [Admin] UnSeen
[15:31:34] [Server thread/INFO]: Staff: [Admin] UnSeen
[15:32:28] [Server thread/INFO]: Staff: [Admin] UnSeen
[15:33:23] [Server thread/INFO]: Staff: [Admin] UnSeen
[15:34:18] [Server thread/INFO]: Staff: [Admin] UnSeen
[15:35:13] [Server thread/INFO]: Staff: [Admin] UnSeen
[15:36:07] [Server thread/INFO]: Staff: [Admin] UnSeen
[15:37:01] [Server thread/INFO]: Staff: [Admin] UnSeen
[15:37:56] [Server thread/INFO]: Staff: [Admin] UnSeen
[15:38:50] [Server thread/INFO]: Staff: [Admin] UnSeen
[15:39:45] [Server thread/INFO]: Staff: [AFK][Admin] UnSeen
[15:40:39] [Server thread/INFO]: Staff: [AFK][Admin] UnSeen
[15:41:34] [Server thread/INFO]: Staff: [AFK][Admin] UnSeen
[15:42:28] [Server thread/INFO]: Staff: [AFK][Admin] UnSeen
[15:43:23] [Server thread/INFO]: Staff: [AFK][Admin] UnSeen
[15:44:18] [Server thread/INFO]: Staff: [AFK][Admin] UnSeen
[15:45:13] [Server thread/INFO]: Staff: [AFK][Admin] UnSeen
[15:46:07] [Server thread/INFO]: Staff: [AFK][Admin] UnSeen
[15:47:01] [Server thread/INFO]: Staff: [AFK][Admin] UnSeen
[15:47:56] [Server thread/INFO]: Staff: [Admin] UnSeen
[15:48:50] [Server thread/INFO]: Staff: [Admin] UnSeen
[15:48:50] [Server thread/INFO]: Players: [Regular] HoloKirai
[15:49:45] [Server thread/INFO]: Staff: [Admin] UnSeen
[15:49:45] [Server thread/INFO]: Players: [Regular] HoloKirai
[15:50:34] [Server thread/INFO]: AttrebusMede issued server command: //set 0
[15:50:39] [Server thread/INFO]: Staff: [Admin] UnSeen
[15:50:39] [Server thread/INFO]: Players: [Regular] HoloKirai
[15:50:44] [Server thread/INFO]: AttrebusMede issued server command: //set 0
[15:50:57] [Server thread/INFO]: AttrebusMede issued server command: //set 0
[15:51:05] [Server thread/INFO]: AttrebusMede issued server command: //set 0
[15:51:12] [Server thread/INFO]: AttrebusMede issued server command: //set 0
[15:51:34] [Server thread/INFO]: Staff: [Admin] UnSeen
[15:51:34] [Server thread/INFO]: Players: [Regular] HoloKirai
[15:52:28] [Server thread/INFO]: Staff: [Admin] UnSeen
[15:52:28] [Server thread/INFO]: Players: [Regular] HoloKirai
[15:53:23] [Server thread/INFO]: Staff: [Admin] UnSeen
[15:53:23] [Server thread/INFO]: Players: [Regular] HoloKirai
[15:54:18] [Server thread/INFO]: Staff: [Admin] UnSeen
[15:54:18] [Server thread/INFO]: Players: [Regular] HoloKirai
[15:55:13] [Server thread/INFO]: Staff: [Admin] UnSeen
[15:55:13] [Server thread/INFO]: Players: [Regular] HoloKirai
[15:55:21] [Server thread/INFO]: [Regular] HoloKirai: 463
[15:55:30] [Server thread/INFO]: [Admin] UnSeen: a
[15:55:30] [Server thread/INFO]: [Regular] HoloKirai: 493
[15:55:39] [Server thread/INFO]: [Regular] HoloKirai: 478
[15:56:07] [Server thread/INFO]: Staff: [Admin] UnSeen
[15:56:07] [Server thread/INFO]: Players: [Regular] HoloKirai
[15:57:01] [Server thread/INFO]: Staff: [Admin] UnSeen
[15:57:01] [Server thread/INFO]: Players: [Regular] HoloKirai
[15:57:56] [Server thread/INFO]: Staff: [Admin] UnSeen
[15:57:56] [Server thread/INFO]: Players: [Regular] HoloKirai
[15:58:50] [Server thread/INFO]: Staff: [Admin] UnSeen
[15:58:50] [Server thread/INFO]: Players: [Regular] HoloKirai
[15:59:45] [Server thread/INFO]: Staff: [Admin] UnSeen
[15:59:45] [Server thread/INFO]: Players: [Regular] HoloKirai
[16:00:39] [Server thread/INFO]: Staff: [Admin] UnSeen
[16:00:39] [Server thread/INFO]: Players: [Regular] HoloKirai
[16:01:34] [Server thread/INFO]: Staff: [Admin] UnSeen
[16:01:34] [Server thread/INFO]: Players: [Regular] HoloKirai
[16:02:28] [Server thread/INFO]: Staff: [Admin] UnSeen
[16:02:28] [Server thread/INFO]: Players: [Regular] HoloKirai
[16:03:23] [Server thread/INFO]: Staff: [Admin] UnSeen
[16:03:23] [Server thread/INFO]: Players: [Regular] HoloKirai
[16:04:18] [Server thread/INFO]: Staff: [Admin] UnSeen
[16:04:18] [Server thread/INFO]: Players: [Regular] HoloKirai
[16:05:13] [Server thread/INFO]: Staff: [Admin] UnSeen
[16:05:13] [Server thread/INFO]: Players: [Regular] HoloKirai
[16:06:07] [Server thread/INFO]: Staff: [Admin] UnSeen
[16:06:07] [Server thread/INFO]: Players: [Regular] HoloKirai
[16:07:01] [Server thread/INFO]: Staff: [Admin] UnSeen
[16:07:01] [Server thread/INFO]: Players: [Regular] HoloKirai
[16:07:56] [Server thread/INFO]: Staff: [Admin] UnSeen
[16:07:56] [Server thread/INFO]: Players: [Regular] HoloKirai
[16:08:50] [Server thread/INFO]: Staff: [Admin] UnSeen
[16:08:50] [Server thread/INFO]: Players: [Regular] HoloKirai
[16:09:45] [Server thread/INFO]: Staff: [Admin] UnSeen
[16:09:45] [Server thread/INFO]: Players: [Regular] HoloKirai
[16:10:39] [Server thread/INFO]: Staff: [Admin] UnSeen
[16:10:39] [Server thread/INFO]: Players: [Regular] HoloKirai
[16:11:34] [Server thread/INFO]: Staff: [Admin] UnSeen
[16:11:34] [Server thread/INFO]: Players: [Regular] HoloKirai
[16:12:28] [Server thread/INFO]: Staff: [Admin] UnSeen
[16:12:28] [Server thread/INFO]: Players: [Regular] HoloKirai
[16:13:23] [Server thread/INFO]: Staff: [Admin] UnSeen
[16:13:23] [Server thread/INFO]: Players: [Regular] HoloKirai
[16:14:18] [Server thread/INFO]: Staff: [Admin] UnSeen
[16:14:18] [Server thread/INFO]: Players: [Regular] HoloKirai
[16:15:06] [Server thread/INFO]: [Regular] HoloKirai: Xd
[16:15:13] [Server thread/INFO]: Staff: [Admin] UnSeen
[16:15:13] [Server thread/INFO]: Players: [Regular] HoloKirai
[16:15:13] [Server thread/INFO]: [Regular] HoloKirai: but seriously
[16:15:21] [Server thread/INFO]: [Regular] HoloKirai: something like this i believe would be most efficient
[16:15:24] [Server thread/INFO]: [Regular] HoloKirai: effecient
[16:15:25] [Server thread/INFO]: [Regular] HoloKirai: uhhh
[16:15:28] [Server thread/INFO]: [Regular] HoloKirai: yolo
[16:15:31] [Server thread/INFO]: [Regular] HoloKirai: because
[16:15:33] [Server thread/INFO]: [Admin] UnSeen: without it looking
[16:15:36] [Server thread/INFO]: [Admin] UnSeen: like a pile of aids
[16:15:44] [Server thread/INFO]: [Regular] HoloKirai: but
[16:15:47] [Server thread/INFO]: [Regular] HoloKirai: Hide it somehow
[16:15:48] [Server thread/INFO]: [Admin] UnSeen: perhaps if like
[16:15:49] [Server thread/INFO]: [Regular] HoloKirai: Make it a wall
[16:15:49] [Server thread/INFO]: [Regular] HoloKirai: like
[16:15:54] [Server thread/INFO]: [Admin] UnSeen: yo
[16:15:54] [Server thread/INFO]: [Regular] HoloKirai: hmm
[16:16:00] [Server thread/INFO]: [Admin] UnSeen: if I linked up these pillars
[16:16:03] [Server thread/INFO]: [Regular] HoloKirai: like this.
[16:16:04] [Server thread/INFO]: [Admin] UnSeen: then put the signs as banners
[16:16:07] [Server thread/INFO]: Staff: [Admin] UnSeen
[16:16:07] [Server thread/INFO]: Players: [Regular] HoloKirai
[16:16:25] [Server thread/INFO]: [Admin] UnSeen: ye I get you
[16:16:32] [Server thread/INFO]: [Admin] UnSeen: actually
[16:16:43] [Server thread/INFO]: [Admin] UnSeen: unless we just use them as teleports
[16:16:51] [Server thread/INFO]: [Admin] UnSeen: I get you tho
[16:16:58] [Server thread/INFO]: [Regular] HoloKirai: BRB THO
[16:17:00] [Server thread/INFO]: [Admin] UnSeen: kk
[16:17:01] [Server thread/INFO]: Staff: [Admin] UnSeen
[16:17:01] [Server thread/INFO]: Players: [Regular] HoloKirai
[16:17:02] [Server thread/INFO]: [Regular] HoloKirai: like
[16:17:04] [Server thread/INFO]: [Regular] HoloKirai: 15 min
[16:17:07] [Server thread/INFO]: [Admin] UnSeen: reported
[16:17:13] [Server thread/INFO]: [Regular] HoloKirai: u can kick me if it lags
[16:17:14] [Server thread/INFO]: [Regular] HoloKirai: but
[16:17:15] [Server thread/INFO]: [Regular] HoloKirai: i believe
[16:17:18] [Server thread/INFO]: [Regular] HoloKirai: make ideas
[16:17:21] [Server thread/INFO]: [Regular] HoloKirai: then
[16:17:26] [Server thread/INFO]: [Regular] HoloKirai: make them in here
[16:17:56] [Server thread/INFO]: Staff: [Admin] UnSeen
[16:17:56] [Server thread/INFO]: Players: [Regular] HoloKirai
[16:18:50] [Server thread/INFO]: Staff: [Admin] UnSeen
[16:18:50] [Server thread/INFO]: Players: [Regular] HoloKirai
[16:19:45] [Server thread/INFO]: Staff: [Admin] UnSeen
[16:19:45] [Server thread/INFO]: Players: [Regular] HoloKirai
[16:20:39] [Server thread/INFO]: Staff: [Admin] UnSeen
[16:20:39] [Server thread/INFO]: Players: [Regular] HoloKirai
[16:21:34] [Server thread/INFO]: Staff: [Admin] UnSeen
[16:21:34] [Server thread/INFO]: Players: [Regular] HoloKirai
[16:22:28] [Server thread/INFO]: Staff: [Admin] UnSeen
[16:22:28] [Server thread/INFO]: Players: [Regular] HoloKirai
[16:23:23] [Server thread/INFO]: Staff: [Admin] UnSeen
[16:23:23] [Server thread/INFO]: Players: [AFK][Regular] HoloKirai
[16:24:18] [Server thread/INFO]: Staff: [Admin] UnSeen
[16:24:18] [Server thread/INFO]: Players: [AFK][Regular] HoloKirai
[16:25:13] [Server thread/INFO]: Staff: [Admin] UnSeen
[16:25:13] [Server thread/INFO]: Players: [AFK][Regular] HoloKirai
[16:26:07] [Server thread/INFO]: Staff: [Admin] UnSeen
[16:26:07] [Server thread/INFO]: Players: [AFK][Regular] HoloKirai
[16:27:02] [Server thread/INFO]: Staff: [Admin] UnSeen
[16:27:02] [Server thread/INFO]: Players: [AFK][Regular] HoloKirai
[16:27:56] [Server thread/INFO]: Staff: [Admin] UnSeen
[16:27:56] [Server thread/INFO]: Players: [AFK][Regular] HoloKirai
[16:28:51] [Server thread/INFO]: Staff: [Admin] UnSeen
[16:28:51] [Server thread/INFO]: Players: [AFK][Regular] HoloKirai
[16:29:45] [Server thread/INFO]: Staff: [Admin] UnSeen
[16:29:45] [Server thread/INFO]: Players: [AFK][Regular] HoloKirai
[16:30:40] [Server thread/INFO]: Staff: [Admin] UnSeen
[16:30:40] [Server thread/INFO]: Players: [AFK][Regular] HoloKirai
[16:31:34] [Server thread/INFO]: Staff: [Admin] UnSeen
[16:31:34] [Server thread/INFO]: Players: [AFK][Regular] HoloKirai
[16:32:29] [Server thread/INFO]: Staff: [Admin] UnSeen
[16:32:29] [Server thread/INFO]: Players: [AFK][Regular] HoloKirai
[16:33:23] [Server thread/INFO]: Staff: [Admin] UnSeen
[16:33:23] [Server thread/INFO]: Players: [AFK][Regular] HoloKirai
[16:34:18] [Server thread/INFO]: Staff: [Admin] UnSeen
[16:34:18] [Server thread/INFO]: Players: [AFK][Regular] HoloKirai
[16:35:13] [Server thread/INFO]: Staff: [Admin] UnSeen
[16:35:13] [Server thread/INFO]: Players: [AFK][Regular] HoloKirai
[16:36:08] [Server thread/INFO]: Staff: [Admin] UnSeen
[16:36:08] [Server thread/INFO]: Players: [AFK][Regular] HoloKirai
[16:37:02] [Server thread/INFO]: Staff: [Admin] UnSeen
[16:37:02] [Server thread/INFO]: Players: [AFK][Regular] HoloKirai
[16:37:57] [Server thread/INFO]: Staff: [Admin] UnSeen
[16:37:57] [Server thread/INFO]: Players: [AFK][Regular] HoloKirai
[16:38:51] [Server thread/INFO]: Staff: [Admin] UnSeen
[16:38:51] [Server thread/INFO]: Players: [AFK][Regular] HoloKirai
[16:39:46] [Server thread/INFO]: Staff: [Admin] UnSeen
[16:39:46] [Server thread/INFO]: Players: [AFK][Regular] HoloKirai
[16:40:40] [Server thread/INFO]: Staff: [Admin] UnSeen
[16:40:40] [Server thread/INFO]: Players: [AFK][Regular] HoloKirai
[16:41:34] [Server thread/INFO]: Staff: [Admin] UnSeen
[16:41:34] [Server thread/INFO]: Players: [AFK][Regular] HoloKirai
[16:42:29] [Server thread/INFO]: Staff: [Admin] UnSeen
[16:42:29] [Server thread/INFO]: Players: [AFK][Regular] HoloKirai
[16:43:23] [Server thread/INFO]: Staff: [Admin] UnSeen
[16:43:23] [Server thread/INFO]: Players: [AFK][Regular] HoloKirai
[16:44:18] [Server thread/INFO]: Staff: [Admin] UnSeen
[16:44:18] [Server thread/INFO]: Players: [AFK][Regular] HoloKirai
[16:45:13] [Server thread/INFO]: Staff: [Admin] UnSeen
[16:45:13] [Server thread/INFO]: Players: [AFK][Regular] HoloKirai
[16:46:07] [Server thread/INFO]: Staff: [AFK][Admin] UnSeen
[16:46:07] [Server thread/INFO]: Players: [AFK][Regular] HoloKirai
[16:47:02] [Server thread/INFO]: Staff: [AFK][Admin] UnSeen
[16:47:02] [Server thread/INFO]: Players: [Regular] HoloKirai
[16:47:56] [Server thread/INFO]: Staff: [Admin] UnSeen
[16:47:56] [Server thread/INFO]: Players: [Regular] HoloKirai
[16:48:51] [Server thread/INFO]: Staff: [Admin] UnSeen
[16:48:51] [Server thread/INFO]: Players: [Regular] HoloKirai
[16:49:45] [Server thread/INFO]: Staff: [Admin] UnSeen
[16:49:45] [Server thread/INFO]: Players: [Regular] HoloKirai
[16:50:40] [Server thread/INFO]: Staff: [Admin] UnSeen
[16:50:40] [Server thread/INFO]: Players: [Regular] HoloKirai
[16:51:34] [Server thread/INFO]: Staff: [Admin] UnSeen
[16:51:34] [Server thread/INFO]: Players: [Regular] HoloKirai
[16:52:29] [Server thread/INFO]: Staff: [Admin] UnSeen
[16:52:29] [Server thread/INFO]: Players: [Regular] HoloKirai
[16:53:23] [Server thread/INFO]: Staff: [Admin] UnSeen
[16:53:23] [Server thread/INFO]: Players: [Regular] HoloKirai
[16:54:19] [Server thread/INFO]: Staff: [Admin] UnSeen
[16:54:19] [Server thread/INFO]: Players: [Regular] HoloKirai
[16:55:13] [Server thread/INFO]: Staff: [Admin] UnSeen
[16:55:13] [Server thread/INFO]: Players: [Regular] HoloKirai
[16:56:07] [Server thread/INFO]: Staff: [Admin] UnSeen
[16:56:07] [Server thread/INFO]: Players: [Regular] HoloKirai
[16:57:02] [Server thread/INFO]: Staff: [Admin] UnSeen
[16:57:02] [Server thread/INFO]: Players: [Regular] HoloKirai
[16:57:56] [Server thread/INFO]: Staff: [Admin] UnSeen
[16:57:56] [Server thread/INFO]: Players: [Regular] HoloKirai
[16:58:51] [Server thread/INFO]: Staff: [Admin] UnSeen
[16:58:51] [Server thread/INFO]: Players: [Regular] HoloKirai
[16:59:45] [Server thread/INFO]: Staff: [Admin] UnSeen
[16:59:45] [Server thread/INFO]: Players: [Regular] HoloKirai
[17:00:40] [Server thread/INFO]: Staff: [Admin] UnSeen
[17:00:40] [Server thread/INFO]: Players: [Regular] HoloKirai
[17:01:34] [Server thread/INFO]: Staff: [Admin] UnSeen
[17:01:34] [Server thread/INFO]: Players: [Regular] HoloKirai
[17:02:29] [Server thread/INFO]: Staff: [Admin] UnSeen
[17:02:29] [Server thread/INFO]: Players: [Regular] HoloKirai
[17:03:23] [Server thread/INFO]: Staff: [Admin] UnSeen
[17:03:23] [Server thread/INFO]: Players: [Regular] HoloKirai
[17:04:15] [Server thread/INFO]: AttrebusMede issued server command: //worldedit
[17:04:19] [Server thread/INFO]: Staff: [Admin] UnSeen
[17:04:19] [Server thread/INFO]: Players: [Regular] HoloKirai
[17:04:20] [Server thread/INFO]: AttrebusMede issued server command: //wand
[17:04:26] [Server thread/INFO]: AttrebusMede issued server command: //wand
[17:05:13] [Server thread/INFO]: Staff: [Admin] UnSeen
[17:05:13] [Server thread/INFO]: Players: [Regular] HoloKirai
[17:06:07] [Server thread/INFO]: Staff: [Admin] UnSeen
[17:06:07] [Server thread/INFO]: Players: [Regular] HoloKirai
[17:07:02] [Server thread/INFO]: Staff: [Admin] UnSeen
[17:07:02] [Server thread/INFO]: Players: [Regular] HoloKirai
[17:07:56] [Server thread/INFO]: Staff: [Admin] UnSeen
[17:07:56] [Server thread/INFO]: Players: [Regular] HoloKirai
[17:08:51] [Server thread/INFO]: Staff: [Admin] UnSeen
[17:08:51] [Server thread/INFO]: Players: [Regular] HoloKirai
[17:09:45] [Server thread/INFO]: Staff: [Admin] UnSeen
[17:09:45] [Server thread/INFO]: Players: [Regular] HoloKirai
[17:10:40] [Server thread/INFO]: Staff: [Admin] UnSeen
[17:10:40] [Server thread/INFO]: Players: [Regular] HoloKirai
[17:11:34] [Server thread/INFO]: Staff: [Admin] UnSeen
[17:11:34] [Server thread/INFO]: Players: [Regular] HoloKirai
[17:12:29] [Server thread/INFO]: Staff: [Admin] UnSeen
[17:12:29] [Server thread/INFO]: Players: [Regular] HoloKirai
[17:13:23] [Server thread/INFO]: Staff: [Admin] UnSeen
[17:13:23] [Server thread/INFO]: Players: [Regular] HoloKirai
[17:14:19] [Server thread/INFO]: Staff: [Admin] UnSeen
[17:14:19] [Server thread/INFO]: Players: [Regular] HoloKirai
[17:15:13] [Server thread/INFO]: Staff: [Admin] UnSeen
[17:15:13] [Server thread/INFO]: Players: [Regular] HoloKirai
[17:16:07] [Server thread/INFO]: Staff: [Admin] UnSeen
[17:16:07] [Server thread/INFO]: Players: [Regular] HoloKirai
[17:17:02] [Server thread/INFO]: Staff: [Admin] UnSeen
[17:17:02] [Server thread/INFO]: Players: [Regular] HoloKirai
[17:17:56] [Server thread/INFO]: Staff: [Admin] UnSeen
[17:17:56] [Server thread/INFO]: Players: [Regular] HoloKirai
[17:18:51] [Server thread/INFO]: Staff: [Admin] UnSeen
[17:18:51] [Server thread/INFO]: Players: [Regular] HoloKirai
[17:19:45] [Server thread/INFO]: Staff: [Admin] UnSeen
[17:19:45] [Server thread/INFO]: Players: [Regular] HoloKirai
[17:20:40] [Server thread/INFO]: Staff: [Admin] UnSeen
[17:20:40] [Server thread/INFO]: Players: [Regular] HoloKirai
[17:21:34] [Server thread/INFO]: Staff: [Admin] UnSeen
[17:21:34] [Server thread/INFO]: Players: [Regular] HoloKirai
[17:22:29] [Server thread/INFO]: Staff: [Admin] UnSeen
[17:22:29] [Server thread/INFO]: Players: [Regular] HoloKirai
[17:23:23] [Server thread/INFO]: Staff: [Admin] UnSeen
[17:23:23] [Server thread/INFO]: Players: [Regular] HoloKirai
[17:24:19] [Server thread/INFO]: Staff: [Admin] UnSeen
[17:24:19] [Server thread/INFO]: Players: [Regular] HoloKirai
[17:25:13] [Server thread/INFO]: Staff: [Admin] UnSeen
[17:25:13] [Server thread/INFO]: Players: [Regular] HoloKirai
[17:26:07] [Server thread/INFO]: Staff: [Admin] UnSeen
[17:26:07] [Server thread/INFO]: Players: [Regular] HoloKirai
[17:27:02] [Server thread/INFO]: Staff: [Admin] UnSeen
[17:27:02] [Server thread/INFO]: Players: [Regular] HoloKirai
[17:27:56] [Server thread/INFO]: Staff: [Admin] UnSeen
[17:27:56] [Server thread/INFO]: Players: [Regular] HoloKirai
[17:28:51] [Server thread/INFO]: Staff: [AFK][Admin] UnSeen
[17:28:51] [Server thread/INFO]: Players: [Regular] HoloKirai
[17:29:45] [Server thread/INFO]: Staff: [Admin] UnSeen
[17:29:45] [Server thread/INFO]: Players: [Regular] HoloKirai
[17:30:40] [Server thread/INFO]: Staff: [Admin] UnSeen
[17:30:40] [Server thread/INFO]: Players: [Regular] HoloKirai
[17:31:34] [Server thread/INFO]: Staff: [Admin] UnSeen
[17:31:34] [Server thread/INFO]: Players: [Regular] HoloKirai
[17:32:29] [Server thread/INFO]: Staff: [Admin] UnSeen
[17:32:29] [Server thread/INFO]: Players: [Regular] HoloKirai
[17:33:23] [Server thread/INFO]: Staff: [Admin] UnSeen
[17:33:23] [Server thread/INFO]: Players: [Regular] HoloKirai
[17:34:19] [Server thread/INFO]: Staff: [Admin] UnSeen
[17:34:19] [Server thread/INFO]: Players: [Regular] HoloKirai
[17:35:13] [Server thread/INFO]: Staff: [Admin] UnSeen
[17:35:13] [Server thread/INFO]: Players: [Regular] HoloKirai
[17:36:07] [Server thread/INFO]: Staff: [Admin] UnSeen
[17:36:07] [Server thread/INFO]: Players: [Regular] HoloKirai
[17:37:02] [Server thread/INFO]: Staff: [Admin] UnSeen
[17:37:02] [Server thread/INFO]: Players: [Regular] HoloKirai
[17:37:56] [Server thread/INFO]: Staff: [Admin] UnSeen
[17:37:56] [Server thread/INFO]: Players: [Regular] HoloKirai
[17:38:51] [Server thread/INFO]: Staff: [Admin] UnSeen
[17:38:51] [Server thread/INFO]: Players: [Regular] HoloKirai
[17:39:45] [Server thread/INFO]: Staff: [Admin] UnSeen
[17:39:45] [Server thread/INFO]: Players: [Regular] HoloKirai
[17:40:40] [Server thread/INFO]: Staff: [Admin] UnSeen
[17:40:40] [Server thread/INFO]: Players: [Regular] HoloKirai
[17:41:34] [Server thread/INFO]: Staff: [Admin] UnSeen
[17:41:34] [Server thread/INFO]: Players: [Regular] HoloKirai
[17:42:29] [Server thread/INFO]: Staff: [Admin] UnSeen
[17:42:29] [Server thread/INFO]: Players: [Regular] HoloKirai
[17:43:23] [Server thread/INFO]: Staff: [Admin] UnSeen
[17:43:23] [Server thread/INFO]: Players: [Regular] HoloKirai
[17:44:19] [Server thread/INFO]: Staff: [Admin] UnSeen
[17:44:19] [Server thread/INFO]: Players: [Regular] HoloKirai
[17:45:13] [Server thread/INFO]: Staff: [Admin] UnSeen
[17:45:13] [Server thread/INFO]: Players: [Regular] HoloKirai
[17:46:08] [Server thread/INFO]: Staff: [Admin] UnSeen
[17:46:08] [Server thread/INFO]: Players: [Regular] HoloKirai
[17:47:02] [Server thread/INFO]: Staff: [Admin] UnSeen
[17:47:02] [Server thread/INFO]: Players: [Regular] HoloKirai
[17:47:57] [Server thread/INFO]: Staff: [Admin] UnSeen
[17:47:57] [Server thread/INFO]: Players: [Regular] HoloKirai
[17:48:51] [Server thread/INFO]: Staff: [Admin] UnSeen
[17:48:51] [Server thread/INFO]: Players: [Regular] HoloKirai
[17:49:37] [Server thread/INFO]: HoloKirai left the game.
[17:49:45] [Server thread/INFO]: Staff: [Admin] UnSeen
[17:50:40] [Server thread/INFO]: Staff: [Admin] UnSeen
[17:51:34] [Server thread/INFO]: Staff: [Admin] UnSeen
[17:52:29] [Server thread/INFO]: Staff: [Admin] UnSeen
[17:52:29] [Server thread/INFO]: Players: [Regular] HoloKirai
[17:53:06] [Server thread/INFO]: HoloKirai left the game.
[17:53:23] [Server thread/INFO]: Staff: [Admin] UnSeen
[17:53:33] [Server thread/INFO]: AttrebusMede left the game.
[22:59:46] [Server thread/INFO]: Staff: [Admin] Chris
[23:00:25] [Server thread/INFO]: Crustifer issued server command: //pos1
[23:00:28] [Server thread/INFO]: Crustifer issued server command: //pos2
[23:00:41] [Server thread/INFO]: Staff: [Admin] Chris
[23:00:44] [Server thread/INFO]: Crustifer issued server command: //cu
[23:00:45] [Server thread/INFO]: Crustifer issued server command: //cut
[23:00:58] [Server thread/INFO]: Crustifer issued server command: /paste
[23:01:03] [Server thread/INFO]: Crustifer issued server command: //paste
[23:01:35] [Server thread/INFO]: Staff: [Admin] Chris
[23:02:30] [Server thread/INFO]: Staff: [Admin] Chris
[23:03:24] [Server thread/INFO]: Staff: [Admin] Chris
[23:04:20] [Server thread/INFO]: Staff: [Admin] Chris
[23:05:14] [Server thread/INFO]: Staff: [Admin] Chris
[23:06:08] [Server thread/INFO]: Staff: [Admin] Chris
[23:07:03] [Server thread/INFO]: Staff: [Admin] Chris
[23:07:59] [Server thread/INFO]: Staff: [Admin] Chris
[23:08:53] [Server thread/INFO]: Staff: [Admin] Chris
[23:09:48] [Server thread/INFO]: Staff: [Admin] Chris
[23:10:42] [Server thread/INFO]: Staff: [Admin] Chris
[23:11:37] [Server thread/INFO]: Staff: [Admin] Chris
[23:12:31] [Server thread/INFO]: Staff: [AFK][Admin] Chris
[23:14:20] [Server thread/INFO]: Staff: [AFK][Admin] Chris
[23:15:14] [Server thread/INFO]: Staff: [AFK][Admin] Chris
[23:16:08] [Server thread/INFO]: Staff: [AFK][Admin] Chris
[23:17:03] [Server thread/INFO]: Staff: [AFK][Admin] Chris
[23:17:57] [Server thread/INFO]: Staff: [AFK][Admin] Chris
[23:18:52] [Server thread/INFO]: Staff: [AFK][Admin] Chris
[23:19:46] [Server thread/INFO]: Staff: [AFK][Admin] Chris
[23:20:41] [Server thread/INFO]: Staff: [AFK][Admin] Chris
[23:21:35] [Server thread/INFO]: Staff: [AFK][Admin] Chris
[23:22:30] [Server thread/INFO]: Staff: [AFK][Admin] Chris
[23:23:24] [Server thread/INFO]: Staff: [AFK][Admin] Chris
[23:24:20] [Server thread/INFO]: Staff: [AFK][Admin] Chris
[23:25:14] [Server thread/INFO]: Staff: [AFK][Admin] Chris
[23:26:08] [Server thread/INFO]: Staff: [AFK][Admin] Chris
[23:27:03] [Server thread/INFO]: Staff: [AFK][Admin] Chris
[23:27:57] [Server thread/INFO]: Staff: [AFK][Admin] Chris
[23:28:52] [Server thread/INFO]: Staff: [AFK][Admin] Chris
[23:29:46] [Server thread/INFO]: Staff: [AFK][Admin] Chris
[23:30:41] [Server thread/INFO]: Staff: [AFK][Admin] Chris
[23:31:35] [Server thread/INFO]: Staff: [AFK][Admin] Chris
[23:32:30] [Server thread/INFO]: Staff: [AFK][Admin] Chris
[23:33:24] [Server thread/INFO]: Staff: [AFK][Admin] Chris
[23:34:20] [Server thread/INFO]: Staff: [AFK][Admin] Chris
[23:35:14] [Server thread/INFO]: Staff: [AFK][Admin] Chris
[23:36:08] [Server thread/INFO]: Staff: [AFK][Admin] Chris
[23:37:03] [Server thread/INFO]: Staff: [AFK][Admin] Chris
[23:37:57] [Server thread/INFO]: Staff: [AFK][Admin] Chris
[23:38:52] [Server thread/INFO]: Staff: [AFK][Admin] Chris
[23:39:46] [Server thread/INFO]: Staff: [AFK][Admin] Chris
[23:40:41] [Server thread/INFO]: Staff: [AFK][Admin] Chris
[23:41:35] [Server thread/INFO]: Staff: [AFK][Admin] Chris
[23:42:30] [Server thread/INFO]: Staff: [AFK][Admin] Chris
[23:43:24] [Server thread/INFO]: Staff: [AFK][Admin] Chris
[23:44:20] [Server thread/INFO]: Staff: [AFK][Admin] Chris
[23:45:14] [Server thread/INFO]: Staff: [AFK][Admin] Chris
[23:46:08] [Server thread/INFO]: Staff: [Admin] Chris
[23:47:03] [Server thread/INFO]: Staff: [Admin] Chris
[23:47:57] [Server thread/INFO]: Staff: [Admin] Chris
[23:48:52] [Server thread/INFO]: Staff: [Admin] Chris
[23:49:46] [Server thread/INFO]: Staff: [Admin] Chris
[23:50:41] [Server thread/INFO]: Staff: [Admin] Chris
[23:51:35] [Server thread/INFO]: Staff: [Admin] Chris
[23:52:30] [Server thread/INFO]: Staff: [Admin] Chris
[23:53:24] [Server thread/INFO]: Staff: [Admin] Chris
[23:54:20] [Server thread/INFO]: Staff: [AFK][Admin] Chris
[23:55:14] [Server thread/INFO]: Staff: [AFK][Admin] Chris
[23:56:08] [Server thread/INFO]: Staff: [AFK][Admin] Chris
[23:57:03] [Server thread/INFO]: Staff: [Admin] Chris
[23:57:57] [Server thread/INFO]: Staff: [Admin] Chris
[23:58:52] [Server thread/INFO]: Staff: [Admin] Chris
[23:59:46] [Server thread/INFO]: Staff: [Admin] Chris
