[01:24:30] [Server thread/INFO]: Loading properties
[01:24:30] [Server thread/INFO]: Default game type: SURVIVAL
[01:24:30] [Server thread/INFO]: Using epoll channel type
[01:24:31] [Server thread/INFO]: [WorldEdit] Loading WorldEdit v6.1;no_git_id
[01:24:31] [Server thread/INFO]: [Essentials] Loading Essentials vTeamCity
[01:24:31] [Server thread/INFO]: [PlugMan] Loading PlugMan v2.0.7
[01:24:31] [Server thread/INFO]: [LaggRemover] Loading LaggRemover v0.1.7
[01:24:31] [Server thread/INFO]: [WorldGuard] Loading WorldGuard v6.1
[01:24:31] [Server thread/INFO]: [Multiverse-Core] Loading Multiverse-Core v2.4-b527
[01:24:31] [Server thread/INFO]: [Splegg] Loading Splegg v1.2
[01:24:31] [Server thread/INFO]: [EssentialsProtect] Loading EssentialsProtect vTeamCity
[01:24:31] [Server thread/INFO]: [VoxelSniper] Loading VoxelSniper v7.1.0
[01:24:31] [Server thread/INFO]: [mcMMO] Loading mcMMO v1.5.00-b3547
[01:24:31] [Server thread/INFO]: [Multiverse-NetherPortals] Loading Multiverse-NetherPortals v2.4-b530
[01:24:31] [Server thread/INFO]: [SuperVanish] Loading SuperVanish v5.4.3
[01:24:31] [Server thread/INFO]: [Multiverse-Portals] Loading Multiverse-Portals v2.4-b548
[01:24:31] [Server thread/INFO]: [Vault] Loading Vault v1.5.6-b49
[01:24:31] [Server thread/INFO]: [EssentialsSpawn] Loading EssentialsSpawn vTeamCity
[01:24:31] [Server thread/INFO]: [MinigamesLib] Loading MinigamesLib v1.13.1
[01:24:31] [Server thread/INFO]: [Minigames] Loading Minigames v1.7.0
[01:24:31] [Server thread/INFO]: [MobArena] Loading MobArena v0.97.1
[01:24:31] [Server thread/INFO]: [TNTRun] Loading TNTRun v3.4
[01:24:31] [Server thread/INFO]: [HolographicDisplays] Loading HolographicDisplays v2.1.10
[01:24:31] [Server thread/INFO]: [CommandSigns] Loading CommandSigns v1.9.3.2
[01:24:31] [Server thread/INFO]: [SkyWars] Loading SkyWars v1.1-m16
[01:24:31] [Server thread/INFO]: [EpicSpleef] Loading EpicSpleef v0.0.19
[01:24:31] [Server thread/INFO]: [OnTime] Loading OnTime v4.1.3
[01:24:31] [Server thread/INFO]: [CraftBook] Loading CraftBook v3.9-SNAPSHOT
[01:24:31] [Server thread/INFO]: [mcMMO] Enabling mcMMO v1.5.00-b3547
[01:24:32] [Server thread/INFO]: [Vault] Enabling Vault v1.5.6-b49
[01:24:34] [Server thread/INFO]: [WorldEdit] Enabling WorldEdit v6.1;no_git_id
[01:24:34] [Server thread/INFO]: [WorldEdit] Using com.sk89q.worldedit.bukkit.adapter.impl.Spigot_v1_8_R3 as the Bukkit adapter
[01:24:34] [Server thread/INFO]: [Essentials] Enabling Essentials vTeamCity
[01:24:34] [Server thread/INFO]: git-Bukkit-9935adc (MC: 1.8.8)
[01:24:34] [Server thread/INFO]: 1.8.8-R0.1-SNAPSHOT
[01:24:34] [Server thread/INFO]: Using locale en_US
[01:24:34] [Server thread/INFO]: Using locale en_US
[01:24:34] [Server thread/INFO]: [PlugMan] Enabling PlugMan v2.0.7
[01:24:34] [Server thread/INFO]: [LaggRemover] Enabling LaggRemover v0.1.7
[01:24:34] [Server thread/INFO]: [LaggRemover] LaggRemover has been enabled!
[01:24:34] [Server thread/INFO]: [WorldGuard] Enabling WorldGuard v6.1
[01:24:35] [Server thread/INFO]: [WorldGuard] (TEST) Lighters are PERMITTED.
[01:24:35] [Server thread/INFO]: [WorldGuard] (TEST) Lava fire is blocked.
[01:24:35] [Server thread/INFO]: [WorldGuard] (TEST) Fire spread is UNRESTRICTED.
[01:24:35] [Server thread/INFO]: [WorldGuard] (TEST_nether) Lighters are PERMITTED.
[01:24:35] [Server thread/INFO]: [WorldGuard] (TEST_nether) Lava fire is blocked.
[01:24:35] [Server thread/INFO]: [WorldGuard] (TEST_nether) Fire spread is UNRESTRICTED.
[01:24:35] [Server thread/INFO]: [WorldGuard] (TEST_the_end) Lighters are PERMITTED.
[01:24:35] [Server thread/INFO]: [WorldGuard] (TEST_the_end) Lava fire is blocked.
[01:24:35] [Server thread/INFO]: [WorldGuard] (TEST_the_end) Fire spread is UNRESTRICTED.
[01:24:35] [Server thread/INFO]: [Multiverse-Core] Enabling Multiverse-Core v2.4-b527
[01:24:35] [Server thread/INFO]: [Multiverse-Core] Loading World & Settings - 'TEST' - Env: NORMAL - Type: NORMAL & seed: -2024018835920597302
[01:24:35] [Server thread/INFO]: [Multiverse-Core] Loading World & Settings - 'TEST_nether' - Env: NETHER - Type: NORMAL & seed: -2024018835920597302
[01:24:35] [Server thread/INFO]: [Multiverse-Core] Loading World & Settings - 'TEST_the_end' - Env: THE_END - Type: NORMAL & seed: -2024018835920597302
[01:24:35] [Server thread/INFO]: [Multiverse-Core] Loading World & Settings - 'lobby' - Env: NORMAL - Type: NORMAL & seed: -3770714656453924402
[01:24:36] [Server thread/INFO]: [WorldGuard] (lobby) Lighters are PERMITTED.
[01:24:36] [Server thread/INFO]: [WorldGuard] (lobby) Lava fire is blocked.
[01:24:36] [Server thread/INFO]: [WorldGuard] (lobby) Fire spread is UNRESTRICTED.
[01:24:36] [Server thread/INFO]: [Multiverse-Core] Loading World & Settings - 'minigames' - Env: NORMAL - Type: FLAT & seed: 2973644325369467684
[01:24:36] [Server thread/INFO]: [WorldGuard] (minigames) Lighters are PERMITTED.
[01:24:36] [Server thread/INFO]: [WorldGuard] (minigames) Lava fire is blocked.
[01:24:36] [Server thread/INFO]: [WorldGuard] (minigames) Fire spread is UNRESTRICTED.
[01:24:37] [Server thread/INFO]: [Multiverse-Core] Loading World & Settings - 'Skywars' - Env: NORMAL - Type: FLAT & seed: 3121935573477155779
[01:24:37] [Server thread/INFO]: [WorldGuard] (Skywars) Lighters are PERMITTED.
[01:24:37] [Server thread/INFO]: [WorldGuard] (Skywars) Lava fire is blocked.
[01:24:37] [Server thread/INFO]: [WorldGuard] (Skywars) Fire spread is UNRESTRICTED.
[01:24:37] [Server thread/INFO]: [Multiverse-Core] Loading World & Settings - 'spawn' - Env: NORMAL - Type: NORMAL & seed: 2261197457111850464
[01:24:37] [Server thread/INFO]: [WorldGuard] (spawn) Lighters are PERMITTED.
[01:24:37] [Server thread/INFO]: [WorldGuard] (spawn) Lava fire is blocked.
[01:24:37] [Server thread/INFO]: [WorldGuard] (spawn) Fire spread is UNRESTRICTED.
[01:24:37] [Server thread/INFO]: [Multiverse-Core] 8 - World(s) loaded.
[01:24:37] [Server thread/INFO]: [Splegg] Enabling Splegg v1.2
[01:24:37] [Server thread/INFO]: [Splegg] Loading map SpleggOne.
[01:24:37] [Server thread/INFO]: [Splegg] Map is usable
[01:24:37] [Server thread/INFO]: [Splegg] Load Complete!
[01:24:37] [Server thread/INFO]: [Splegg] Loading map ArenaOne.
[01:24:37] [Server thread/INFO]: [Splegg] Spawn count is 0
[01:24:37] [Server thread/INFO]: [Splegg] No floors are setup.
[01:24:37] [Server thread/INFO]: [Splegg] --<>-- PLEASE SETUP MAP!! --<>--
[01:24:37] [Server thread/INFO]: [Splegg] Load Complete!
[01:24:37] [Server thread/INFO]: [EssentialsProtect] Enabling EssentialsProtect vTeamCity
[01:24:37] [Server thread/INFO]: [VoxelSniper] Enabling VoxelSniper v7.1.0
[01:24:38] [Server thread/INFO]: [Multiverse-NetherPortals] Enabling Multiverse-NetherPortals v2.4-b530
[01:24:38] [Server thread/INFO]: [SuperVanish] Enabling SuperVanish v5.4.3
[01:24:38] [Server thread/INFO]: [Multiverse-Portals] Enabling Multiverse-Portals v2.4-b548
[01:24:38] [Server thread/INFO]: [Multiverse-Portals]  1 - Portals(s) loaded
[01:24:38] [Server thread/INFO]: [EssentialsSpawn] Enabling EssentialsSpawn vTeamCity
[01:24:38] [Server thread/INFO]: [MinigamesLib] Enabling MinigamesLib v1.13.1
[01:24:38] [Server thread/INFO]: [Minigames] Enabling Minigames v1.7.0
[01:24:38] [Server thread/INFO]: [Minigames] Using lang en_AU
[01:24:38] [Server thread/INFO]: Minigames successfully enabled.
[01:24:38] [Server thread/INFO]: [MobArena] Enabling MobArena v0.97.1
[01:24:38] [Server thread/INFO]: [MobArena] Loaded arena 'default'
[01:24:38] [Server thread/INFO]: [MobArena] Loaded arena 'god-arena'
[01:24:38] [Server thread/INFO]: [MobArena] v0.97.1 enabled.
[01:24:38] [Server thread/INFO]: [TNTRun] Enabling TNTRun v3.4
[01:24:38] [Server thread/INFO]: [HolographicDisplays] Enabling HolographicDisplays v2.1.10
[01:24:38] [Server thread/INFO]: [CommandSigns] Enabling CommandSigns v1.9.3.2
[01:24:38] [Server thread/INFO]: [CommandSigns] No signs found.
[01:24:39] [Server thread/INFO]: [SkyWars] Enabling SkyWars v1.1-m16
[01:24:40] [Server thread/INFO]: [WorldGuard] (island-0) Lighters are PERMITTED.
[01:24:40] [Server thread/INFO]: [WorldGuard] (island-0) Lava fire is blocked.
[01:24:40] [Server thread/INFO]: [WorldGuard] (island-0) Fire spread is UNRESTRICTED.
[01:24:40] [Server thread/INFO]: [EpicSpleef] Enabling EpicSpleef v0.0.19
[01:24:40] [Server thread/INFO]: [EpicSpleef] Enabling EpicSpleef by BtoBastian
[01:24:40] [Server thread/INFO]: [EpicSpleef] Loading lobby SpleefOne
[01:24:40] [Server thread/INFO]: [EpicSpleef] Loading arena ArenaOne
[01:24:40] [Server thread/INFO]: [EpicSpleef] Successfully loaded arena ArenaOne. (world: minigames, blocks: 5233, maxPlayers: 0)
[01:24:40] [Server thread/INFO]: [EpicSpleef] Loading arena SpleefOne
[01:24:40] [Server thread/INFO]: [EpicSpleef] Successfully loaded arena SpleefOne. (world: minigames, blocks: 0, maxPlayers: 0)
[01:24:40] [Server thread/INFO]: [OnTime] Enabling OnTime v4.1.3
[01:24:40] [Server thread/INFO]: [CraftBook] Enabling CraftBook v3.9-SNAPSHOT
[01:24:41] [Server thread/INFO]: [CraftBook] Successfully added 1 CommandItems!
[01:24:41] [Server thread/INFO]: [CraftBook] Registered 3 custom recipes!
[01:24:41] [Server thread/INFO]: [CraftBook] 5797 chunk(s) for 9 world(s) processed (29ms elapsed)
[01:25:39] [Thread-20/ERROR]: [CommandSigns] null
[01:25:39] [Server thread/INFO]: Developers: [Giraffe]Twiixtor
[01:25:42] [Server thread/INFO]: Found 0 arenas.
[01:25:56] [Server thread/INFO]: Twiixtor issued server command: /vanish
[01:26:00] [Server thread/INFO]: Twiixtor issued server command: /sv
[01:26:14] [Server thread/INFO]: Developers: [Giraffe]Twiixtor
[01:27:00] [Server thread/INFO]: Developers: [Giraffe]Twiixtor
[01:27:05] [Server thread/INFO]: Twiixtor issued server command: /vanish
[01:27:30] [Server thread/INFO]: Twiixtor issued server command: /sv
[01:27:31] [Server thread/INFO]: Twiixtor issued server command: /sv
[01:27:35] [Server thread/INFO]: Twiixtor issued server command: /nv
[01:27:42] [Server thread/INFO]: Twiixtor issued server command: /sv help
[01:27:45] [Server thread/INFO]: Twiixtor issued server command: /sv reload
[01:27:47] [Server thread/INFO]: Developers: [HIDDEN][Giraffe]Twiixtor
[01:27:54] [Server thread/INFO]: Twiixtor issued server command: /help sv
[01:27:57] [Server thread/INFO]: Twiixtor issued server command: /sv
[01:28:00] [Server thread/INFO]: Twiixtor issued server command: /sv
[01:28:03] [Server thread/INFO]: Twiixtor issued server command: /sv
[01:28:07] [Server thread/INFO]: Twiixtor issued server command: /sv
[01:28:34] [Server thread/INFO]: Developers: [HIDDEN][Giraffe]Twiixtor
[01:29:20] [Server thread/INFO]: Developers: [HIDDEN][Giraffe]Twiixtor
[01:29:51] [Server thread/INFO]: RangeRR404 joined the game
[01:30:05] [Server thread/INFO]: [Guest] RangeRR404: test
[01:30:07] [Server thread/INFO]: Players: [Guest] RangeRR404
[01:30:07] [Server thread/INFO]: Developers: [HIDDEN][Giraffe]Twiixtor
[01:30:10] [Server thread/INFO]: RangeRR404 issued server command: /msg
[01:30:12] [Server thread/INFO]: RangeRR404 issued server command: /help
[01:30:14] [Server thread/INFO]: RangeRR404 issued server command: /plugins
[01:30:38] [Server thread/INFO]: Twiixtor issued server command: /op RangeRR404
[01:30:38] [Server thread/INFO]: [Twiixtor: Opped RangeRR404]
[01:30:44] [Server thread/INFO]: RangeRR404 issued server command: /gm 1
[01:30:46] [Server thread/INFO]: RangeRR404 issued server command: /gm 0
[01:30:53] [Server thread/INFO]: Players: [Guest] RangeRR404
[01:30:53] [Server thread/INFO]: Developers: [HIDDEN][Giraffe]Twiixtor
[01:31:07] [Server thread/INFO]: Stopping the server
[01:31:07] [Server thread/INFO]: Stopping server
[01:31:07] [Server thread/INFO]: [CraftBook] Disabling CraftBook v3.9-SNAPSHOT
[01:31:07] [Server thread/INFO]: [OnTime] Disabling OnTime v4.1.3
[01:31:07] [Server thread/INFO]: [EpicSpleef] Disabling EpicSpleef v0.0.19
[01:31:07] [Server thread/INFO]: [SkyWars] Disabling SkyWars v1.1-m16
[01:31:07] [Server thread/INFO]: [Multiverse-Core] World 'island-0' was unloaded from memory.
[01:31:07] [Server thread/INFO]: [Multiverse-Core] World island-0 was DELETED.
[01:31:07] [Server thread/INFO]: [CommandSigns] Disabling CommandSigns v1.9.3.2
[01:31:07] [Server thread/INFO]: [HolographicDisplays] Disabling HolographicDisplays v2.1.10
[01:31:07] [Server thread/INFO]: [TNTRun] Disabling TNTRun v3.4
[01:31:07] [Server thread/INFO]: [MobArena] Disabling MobArena v0.97.1
[01:31:07] [Server thread/INFO]: [MobArena] disabled.
[01:31:07] [Server thread/INFO]: [Minigames] Disabling Minigames v1.7.0
[01:31:07] [Server thread/INFO]: Minigames successfully disabled.
[01:31:07] [Server thread/INFO]: [MinigamesLib] Disabling MinigamesLib v1.13.1
[01:31:07] [Server thread/INFO]: [EssentialsSpawn] Disabling EssentialsSpawn vTeamCity
[01:31:07] [Server thread/INFO]: [Vault] Disabling Vault v1.5.6-b49
[01:31:07] [Server thread/INFO]: [Multiverse-Portals] Disabling Multiverse-Portals v2.4-b548
[01:31:07] [Server thread/INFO]: [SuperVanish] Disabling SuperVanish v5.4.3
[01:31:07] [Server thread/INFO]: [Multiverse-NetherPortals] Disabling Multiverse-NetherPortals v2.4-b530
[01:31:07] [Server thread/INFO]: [MultiVerse-NetherPortals] - Disabled
[01:31:07] [Server thread/INFO]: [mcMMO] Disabling mcMMO v1.5.00-b3547
