[00:00:41] [Server thread/INFO]: Staff: [Admin] Chris
[00:01:35] [Server thread/INFO]: Staff: [Admin] Chris
[00:02:30] [Server thread/INFO]: Staff: [AFK][Admin] Chris
[00:03:24] [Server thread/INFO]: Staff: [AFK][Admin] Chris
[00:04:20] [Server thread/INFO]: Staff: [AFK][Admin] Chris
[00:05:14] [Server thread/INFO]: Staff: [AFK][Admin] Chris
[00:06:09] [Server thread/INFO]: Staff: [AFK][Admin] Chris
[00:07:03] [Server thread/INFO]: Staff: [AFK][Admin] Chris
[00:07:58] [Server thread/INFO]: Staff: [AFK][Admin] Chris
[00:08:52] [Server thread/INFO]: Staff: [AFK][Admin] Chris
[00:09:46] [Server thread/INFO]: Staff: [AFK][Admin] Chris
[00:10:41] [Server thread/INFO]: Staff: [AFK][Admin] Chris
[00:11:35] [Server thread/INFO]: Staff: [AFK][Admin] Chris
[00:12:30] [Server thread/INFO]: Staff: [AFK][Admin] Chris
[00:13:24] [Server thread/INFO]: Staff: [AFK][Admin] Chris
[00:14:20] [Server thread/INFO]: Staff: [AFK][Admin] Chris
[00:15:14] [Server thread/INFO]: Staff: [AFK][Admin] Chris
[00:16:08] [Server thread/INFO]: Staff: [AFK][Admin] Chris
[00:17:03] [Server thread/INFO]: Staff: [AFK][Admin] Chris
[00:17:57] [Server thread/INFO]: Staff: [AFK][Admin] Chris
[00:18:52] [Server thread/INFO]: Staff: [AFK][Admin] Chris
[00:19:46] [Server thread/INFO]: Staff: [AFK][Admin] Chris
[00:20:41] [Server thread/INFO]: Staff: [AFK][Admin] Chris
[00:21:35] [Server thread/INFO]: Staff: [AFK][Admin] Chris
[00:22:30] [Server thread/INFO]: Staff: [AFK][Admin] Chris
[00:23:24] [Server thread/INFO]: Staff: [AFK][Admin] Chris
[00:24:20] [Server thread/INFO]: Staff: [AFK][Admin] Chris
[00:25:14] [Server thread/INFO]: Staff: [AFK][Admin] Chris
[00:26:08] [Server thread/INFO]: Staff: [AFK][Admin] Chris
[00:27:03] [Server thread/INFO]: Staff: [AFK][Admin] Chris
[00:27:57] [Server thread/INFO]: Staff: [AFK][Admin] Chris
[00:28:52] [Server thread/INFO]: Staff: [AFK][Admin] Chris
[00:29:46] [Server thread/INFO]: Staff: [AFK][Admin] Chris
[00:30:41] [Server thread/INFO]: Staff: [AFK][Admin] Chris
[00:31:35] [Server thread/INFO]: Staff: [AFK][Admin] Chris
[00:32:30] [Server thread/INFO]: Staff: [AFK][Admin] Chris
[00:33:24] [Server thread/INFO]: Staff: [AFK][Admin] Chris
[00:34:20] [Server thread/INFO]: Staff: [AFK][Admin] Chris
[00:35:14] [Server thread/INFO]: Staff: [AFK][Admin] Chris
[00:36:08] [Server thread/INFO]: Staff: [AFK][Admin] Chris
[00:37:03] [Server thread/INFO]: Staff: [AFK][Admin] Chris
[00:37:57] [Server thread/INFO]: Staff: [AFK][Admin] Chris
[00:38:52] [Server thread/INFO]: Staff: [AFK][Admin] Chris
[00:39:46] [Server thread/INFO]: Staff: [AFK][Admin] Chris
[00:40:41] [Server thread/INFO]: Staff: [AFK][Admin] Chris
[00:41:35] [Server thread/INFO]: Staff: [AFK][Admin] Chris
[00:42:30] [Server thread/INFO]: Staff: [Admin] Chris
[00:43:24] [Server thread/INFO]: Staff: [Admin] Chris
[00:44:20] [Server thread/INFO]: Staff: [Admin] Chris
[00:45:14] [Server thread/INFO]: Staff: [Admin] Chris
[00:46:08] [Server thread/INFO]: Staff: [Admin] Chris
[00:47:03] [Server thread/INFO]: Staff: [Admin] Chris
[00:47:57] [Server thread/INFO]: Staff: [Admin] Chris
[00:48:52] [Server thread/INFO]: Staff: [Admin] Chris
[00:49:46] [Server thread/INFO]: Staff: [Admin] Chris
[00:50:41] [Server thread/INFO]: Staff: [Admin] Chris
[00:51:35] [Server thread/INFO]: Staff: [Admin] Chris
[00:52:30] [Server thread/INFO]: Staff: [Admin] Chris
[00:53:24] [Server thread/INFO]: Staff: [Admin] Chris
[00:54:20] [Server thread/INFO]: Staff: [Admin] Chris
[00:55:14] [Server thread/INFO]: Staff: [Admin] Chris
[00:55:33] [Server thread/INFO]: Crustifer left the game.
[17:26:09] [Server thread/INFO]: Staff: [Admin] UnSeen
[17:26:39] [Server thread/INFO]: AttrebusMede left the game.
