[23:18:32] [Server thread/INFO]: Loading properties
[23:18:32] [Server thread/INFO]: Default game type: SURVIVAL
[23:18:32] [Server thread/INFO]: Using epoll channel type
[23:18:33] [Server thread/INFO]: [WorldEdit] Loading WorldEdit v5.6.1
[23:18:33] [Server thread/INFO]: [Essentials] Loading Essentials vTeamCity
[23:18:33] [Server thread/INFO]: [LaggRemover] Loading LaggRemover v0.1.7
[23:18:33] [Server thread/INFO]: [WorldGuard] Loading WorldGuard v6.1
[23:18:33] [Server thread/INFO]: [Multiverse-Core] Loading Multiverse-Core v2.4-b527
[23:18:33] [Server thread/INFO]: [Splegg] Loading Splegg v1.2
[23:18:33] [Server thread/INFO]: [EssentialsProtect] Loading EssentialsProtect vTeamCity
[23:18:33] [Server thread/INFO]: [VoxelSniper] Loading VoxelSniper v7.1.0
[23:18:33] [Server thread/INFO]: [mcMMO] Loading mcMMO v1.5.00-b3547
[23:18:33] [Server thread/INFO]: [Multiverse-NetherPortals] Loading Multiverse-NetherPortals v2.4-b530
[23:18:33] [Server thread/INFO]: [Multiverse-Portals] Loading Multiverse-Portals v2.4-b548
[23:18:33] [Server thread/INFO]: [Vault] Loading Vault v1.5.6-b49
[23:18:33] [Server thread/INFO]: [EssentialsSpawn] Loading EssentialsSpawn vTeamCity
[23:18:33] [Server thread/INFO]: [MinigamesLib] Loading MinigamesLib v1.13.1
[23:18:33] [Server thread/INFO]: [Minigames] Loading Minigames v1.7.0
[23:18:33] [Server thread/INFO]: [MobArena] Loading MobArena v0.97.1
[23:18:33] [Server thread/INFO]: [TNTRun] Loading TNTRun v3.4
[23:18:33] [Server thread/INFO]: [HolographicDisplays] Loading HolographicDisplays v2.1.10
[23:18:33] [Server thread/INFO]: [CommandSigns] Loading CommandSigns v1.9.3.2
[23:18:33] [Server thread/INFO]: [SkyWars] Loading SkyWars v1.1-m16
[23:18:33] [Server thread/INFO]: [EpicSpleef] Loading EpicSpleef v0.0.19
[23:18:33] [Server thread/INFO]: [OnTime] Loading OnTime v4.1.3
[23:18:33] [Server thread/INFO]: [CraftBook] Loading CraftBook v3.9-SNAPSHOT
[23:18:33] [Server thread/INFO]: [mcMMO] Enabling mcMMO v1.5.00-b3547
[23:18:34] [Server thread/INFO]: [Vault] Enabling Vault v1.5.6-b49
[23:18:35] [Server thread/INFO]: [WorldEdit] Enabling WorldEdit v5.6.1
[23:18:36] [Server thread/INFO]: [Essentials] Enabling Essentials vTeamCity
[23:18:36] [Server thread/INFO]: git-Bukkit-9935adc (MC: 1.8.8)
[23:18:36] [Server thread/INFO]: 1.8.8-R0.1-SNAPSHOT
[23:18:36] [Server thread/INFO]: Using locale en_US
[23:18:36] [Server thread/INFO]: Using locale en_US
[23:18:36] [Server thread/INFO]: =-=-=-=-=-=-=-=-=-=-=-=-=-=-=-=-=-=
[23:18:36] [Server thread/INFO]:         Developed by AgentR
[23:18:36] [Server thread/INFO]:               Loading...
[23:18:36] [Server thread/INFO]: =-=-=-=-=-=-=-=-=-=-=-=-=-=-=-=-=-=
[23:18:36] [Server thread/INFO]: =-=-=-=-=-=-=-=-=-=-=-=-=-=-=-=-=-=
[23:18:36] [Server thread/INFO]:         Loaded successfully!
[23:18:36] [Server thread/INFO]: =-=-=-=-=-=-=-=-=-=-=-=-=-=-=-=-=-=
[23:18:36] [Server thread/INFO]: [LaggRemover] Enabling LaggRemover v0.1.7
[23:18:36] [Server thread/INFO]: [LaggRemover] LaggRemover has been enabled!
[23:18:36] [Server thread/INFO]: [WorldGuard] Enabling WorldGuard v6.1
[23:18:37] [Server thread/INFO]: [WorldGuard] (TEST) Lighters are PERMITTED.
[23:18:37] [Server thread/INFO]: [WorldGuard] (TEST) Lava fire is blocked.
[23:18:37] [Server thread/INFO]: [WorldGuard] (TEST) Fire spread is UNRESTRICTED.
[23:18:37] [Server thread/INFO]: [WorldGuard] (TEST_nether) Lighters are PERMITTED.
[23:18:37] [Server thread/INFO]: [WorldGuard] (TEST_nether) Lava fire is blocked.
[23:18:37] [Server thread/INFO]: [WorldGuard] (TEST_nether) Fire spread is UNRESTRICTED.
[23:18:37] [Server thread/INFO]: [WorldGuard] (TEST_the_end) Lighters are PERMITTED.
[23:18:37] [Server thread/INFO]: [WorldGuard] (TEST_the_end) Lava fire is blocked.
[23:18:37] [Server thread/INFO]: [WorldGuard] (TEST_the_end) Fire spread is UNRESTRICTED.
[23:18:37] [Server thread/INFO]: [Multiverse-Core] Enabling Multiverse-Core v2.4-b527
[23:18:37] [Server thread/INFO]: [Multiverse-Core] Loading World & Settings - 'TEST' - Env: NORMAL - Type: NORMAL & seed: -2024018835920597302
[23:18:37] [Server thread/INFO]: [Multiverse-Core] Loading World & Settings - 'TEST_nether' - Env: NETHER - Type: NORMAL & seed: -2024018835920597302
[23:18:37] [Server thread/INFO]: [Multiverse-Core] Loading World & Settings - 'TEST_the_end' - Env: THE_END - Type: NORMAL & seed: -2024018835920597302
[23:18:37] [Server thread/INFO]: [Multiverse-Core] Loading World & Settings - 'lobby' - Env: NORMAL - Type: NORMAL & seed: -3770714656453924402
[23:18:37] [Server thread/INFO]: [WorldGuard] (lobby) Lighters are PERMITTED.
[23:18:37] [Server thread/INFO]: [WorldGuard] (lobby) Lava fire is blocked.
[23:18:37] [Server thread/INFO]: [WorldGuard] (lobby) Fire spread is UNRESTRICTED.
[23:18:37] [Server thread/INFO]: [Multiverse-Core] Loading World & Settings - 'minigames' - Env: NORMAL - Type: FLAT & seed: 2973644325369467684
[23:18:38] [Server thread/INFO]: [WorldGuard] (minigames) Lighters are PERMITTED.
[23:18:38] [Server thread/INFO]: [WorldGuard] (minigames) Lava fire is blocked.
[23:18:38] [Server thread/INFO]: [WorldGuard] (minigames) Fire spread is UNRESTRICTED.
[23:18:38] [Server thread/INFO]: [Multiverse-Core] Loading World & Settings - 'Skywars' - Env: NORMAL - Type: FLAT & seed: 3121935573477155779
[23:18:38] [Server thread/INFO]: [WorldGuard] (Skywars) Lighters are PERMITTED.
[23:18:38] [Server thread/INFO]: [WorldGuard] (Skywars) Lava fire is blocked.
[23:18:38] [Server thread/INFO]: [WorldGuard] (Skywars) Fire spread is UNRESTRICTED.
[23:18:39] [Server thread/INFO]: [Multiverse-Core] Loading World & Settings - 'spawn' - Env: NORMAL - Type: NORMAL & seed: 2261197457111850464
[23:18:39] [Server thread/INFO]: [WorldGuard] (spawn) Lighters are PERMITTED.
[23:18:39] [Server thread/INFO]: [WorldGuard] (spawn) Lava fire is blocked.
[23:18:39] [Server thread/INFO]: [WorldGuard] (spawn) Fire spread is UNRESTRICTED.
[23:18:39] [Server thread/INFO]: [Multiverse-Core] 8 - World(s) loaded.
[23:18:39] [Server thread/INFO]: [Splegg] Enabling Splegg v1.2
[23:18:39] [Server thread/INFO]: [Splegg] Loading map SpleggOne.
[23:18:39] [Server thread/INFO]: [Splegg] Map is usable
[23:18:39] [Server thread/INFO]: [Splegg] Load Complete!
[23:18:39] [Server thread/INFO]: [Splegg] Loading map ArenaOne.
[23:18:39] [Server thread/INFO]: [Splegg] Spawn count is 0
[23:18:39] [Server thread/INFO]: [Splegg] No floors are setup.
[23:18:39] [Server thread/INFO]: [Splegg] --<>-- PLEASE SETUP MAP!! --<>--
[23:18:39] [Server thread/INFO]: [Splegg] Load Complete!
[23:18:39] [Server thread/INFO]: [EssentialsProtect] Enabling EssentialsProtect vTeamCity
[23:18:39] [Server thread/INFO]: [VoxelSniper] Enabling VoxelSniper v7.1.0
[23:18:39] [Server thread/INFO]: [Multiverse-NetherPortals] Enabling Multiverse-NetherPortals v2.4-b530
[23:18:39] [Server thread/INFO]: [Multiverse-Portals] Enabling Multiverse-Portals v2.4-b548
[23:18:39] [Server thread/INFO]: [Multiverse-Portals]  1 - Portals(s) loaded
[23:18:39] [Server thread/INFO]: [EssentialsSpawn] Enabling EssentialsSpawn vTeamCity
[23:18:39] [Server thread/INFO]: [MinigamesLib] Enabling MinigamesLib v1.13.1
[23:18:39] [Server thread/INFO]: [Minigames] Enabling Minigames v1.7.0
[23:18:39] [Server thread/INFO]: [Minigames] Using lang en_AU
[23:18:40] [Server thread/INFO]: Minigames successfully enabled.
[23:18:40] [Server thread/INFO]: [MobArena] Enabling MobArena v0.97.1
[23:18:40] [Server thread/INFO]: [MobArena] Loaded arena 'default'
[23:18:40] [Server thread/INFO]: [MobArena] Loaded arena 'god-arena'
[23:18:40] [Server thread/INFO]: [MobArena] v0.97.1 enabled.
[23:18:40] [Server thread/INFO]: [TNTRun] Enabling TNTRun v3.4
[23:18:40] [Server thread/INFO]: [HolographicDisplays] Enabling HolographicDisplays v2.1.10
[23:18:40] [Server thread/INFO]: [CommandSigns] Enabling CommandSigns v1.9.3.2
[23:18:40] [Server thread/INFO]: [CommandSigns] No signs found.
[23:18:40] [Server thread/INFO]: [SkyWars] Enabling SkyWars v1.1-m16
[23:18:41] [Server thread/INFO]: [WorldGuard] (island-0) Lighters are PERMITTED.
[23:18:41] [Server thread/INFO]: [WorldGuard] (island-0) Lava fire is blocked.
[23:18:41] [Server thread/INFO]: [WorldGuard] (island-0) Fire spread is UNRESTRICTED.
[23:18:41] [Server thread/INFO]: [EpicSpleef] Enabling EpicSpleef v0.0.19
[23:18:41] [Server thread/INFO]: [EpicSpleef] Enabling EpicSpleef by BtoBastian
[23:18:42] [Server thread/INFO]: [EpicSpleef] Loading lobby SpleefOne
[23:18:42] [Server thread/INFO]: [EpicSpleef] Loading arena ArenaOne
[23:18:42] [Server thread/INFO]: [EpicSpleef] Successfully loaded arena ArenaOne. (world: minigames, blocks: 5233, maxPlayers: 0)
[23:18:42] [Server thread/INFO]: [EpicSpleef] Loading arena SpleefOne
[23:18:42] [Server thread/INFO]: [EpicSpleef] Successfully loaded arena SpleefOne. (world: minigames, blocks: 0, maxPlayers: 0)
[23:18:42] [Server thread/INFO]: [OnTime] Enabling OnTime v4.1.3
[23:18:43] [Server thread/INFO]: [CraftBook] Enabling CraftBook v3.9-SNAPSHOT
[23:18:43] [Server thread/INFO]: [CraftBook] Successfully added 1 CommandItems!
[23:18:43] [Server thread/INFO]: [CraftBook] Registered 3 custom recipes!
[23:18:43] [Server thread/INFO]: [CraftBook] 5797 chunk(s) for 9 world(s) processed (29ms elapsed)
[23:18:46] [Server thread/INFO]: Found 0 arenas.
[23:19:09] [Server thread/INFO]: Crustifer issued server command: //move 100
[23:19:14] [Server thread/INFO]: ThunderCS issued server command: /sw setlobby
[23:19:25] [Server thread/INFO]: ThunderCS issued server command: /sw start
[23:19:29] [Server thread/INFO]: Players: [Guest] dankl0rd420, [Guest] ThunderCS
[23:19:29] [Server thread/INFO]: Developers: [Dev] Chris, [Dev] Popey
[23:19:31] [Server thread/INFO]: ThunderCS issued server command: /sw reload
[23:19:47] [Server thread/INFO]: dkane411 issued server command: /tp raich
[23:19:55] [Server thread/INFO]: Crustifer issued server command: //set air
[23:20:01] [Server thread/INFO]: Crustifer issued server command: //set air
[23:20:05] [Server thread/INFO]: Crustifer issued server command: //set air
[23:20:08] [Server thread/INFO]: ThunderCS issued server command: /sw
[23:20:14] [Server thread/INFO]: Twiixtor issued server command: /demote Raichu3000
[23:20:16] [Server thread/INFO]: Players: [Guest] dankl0rd420, [Guest] ThunderCS
[23:20:16] [Server thread/INFO]: Developers: [Dev] Chris, [Dev] Popey, [Dev] Twiixtor
[23:20:16] [Server thread/INFO]: ThunderCS issued server command: /sw setlobby
[23:20:20] [Server thread/INFO]: ThunderCS issued server command: /sw score
[23:20:29] [Server thread/INFO]: Crustifer issued server command: //copy
[23:20:31] [Server thread/INFO]: Raichu3000 issued server command: /nickname Popey Poopey
[23:20:35] [Server thread/INFO]: Crustifer issued server command: //paste
[23:20:37] [Server thread/INFO]: Twiixtor issued server command: /g
[23:20:40] [Server thread/INFO]: Twiixtor issued server command: /g fak
[23:20:40] [Server thread/INFO]: [G] (0) [Dev] [Dev] Twiixtor > fak 
[23:20:41] [Server thread/INFO]: Raichu3000 issued server command: /me
[23:20:43] [Server thread/INFO]: Crustifer issued server command: //paste
[23:20:47] [Server thread/INFO]: Crustifer issued server command: //undoz
[23:20:49] [Server thread/INFO]: Twiixtor issued server command: /g SNOOP DAWG
[23:20:49] [Server thread/INFO]: [G] (0) [Dev] [Dev] Twiixtor > SNOOP DAWG 
[23:20:55] [Server thread/INFO]: Crustifer issued server command: //undo
[23:21:01] [Server thread/INFO]: Crustifer issued server command: //paste
[23:21:03] [Server thread/INFO]: Players: [Guest] dankl0rd420, [Guest] ThunderCS
[23:21:03] [Server thread/INFO]: Developers: [Dev] Chris, [Dev] Poopey, [Dev] Twiixtor
[23:21:07] [Server thread/INFO]: Crustifer issued server command: //paste
[23:21:12] [Server thread/INFO]: Crustifer issued server command: //paste
[23:21:49] [Server thread/INFO]: Players: [Guest] dankl0rd420, [Guest] ThunderCS
[23:21:49] [Server thread/INFO]: Developers: [Dev] Chris, [Dev] Poopey, [Dev] Twiixtor
[23:21:52] [Server thread/INFO]: Crustifer issued server command: //paste
[23:21:59] [Server thread/INFO]: ThunderCS issued server command: /sw setlobby
[23:21:59] [Server thread/INFO]: Crustifer issued server command: //paste
[23:22:03] [Server thread/INFO]: Crustifer issued server command: //paste
[23:22:05] [Server thread/INFO]: Twiixtor issued server command: /yp k
[23:22:07] [Server thread/INFO]: Popey456963 issued server command: /tp thund
[23:22:09] [Server thread/INFO]: Twiixtor issued server command: /tp dk
[23:22:22] [Server thread/INFO]: Popey456963 issued server command: /kick I FUCKING GIVE UP
[23:22:28] [Server thread/INFO]: Popey456963 issued server command: /kick Popey456963 I FUCKING GIVE UP
[23:22:36] [Server thread/INFO]: Players: [Guest] dankl0rd420, [Guest] ThunderCS
[23:22:36] [Server thread/INFO]: Developers: [Dev] Chris, [Dev] Poopey, [Dev] Twiixtor
[23:22:40] [Server thread/INFO]: ThunderCS issued server command: /g popey plz fix
[23:22:40] [Server thread/INFO]: [G] (0) [Guest] [Guest] ThunderCS > popey plz fix 
[23:22:47] [Server thread/INFO]: Twiixtor issued server command: //stack 100
[23:22:53] [Server thread/INFO]: Twiixtor issued server command: //undo
[23:23:06] [Server thread/INFO]: Popey456963 issued server command: /pex user ThunderCS group set Mod
[23:23:22] [Server thread/INFO]: Staff: [Mod] ThunderCS
[23:23:22] [Server thread/INFO]: Players: [Guest] dankl0rd420
[23:23:22] [Server thread/INFO]: Developers: [Dev] Chris, [Dev] Poopey, [Dev] Twiixtor
[23:23:28] [Server thread/INFO]: Popey456963 issued server command: /realname dank
[23:23:46] [Server thread/INFO]: Popey456963 issued server command: /pex user dkane411 group set Mod
[23:23:49] [Server thread/INFO]: Raichu3000 issued server command: /warps
[23:23:57] [Server thread/INFO]: CONSOLE issued server command: /sudo dkane411 me memes
[23:24:09] [Server thread/INFO]: Staff: [Mod] dankl0rd420, [Mod] ThunderCS
[23:24:09] [Server thread/INFO]: Developers: [Dev] Chris, [Dev] Poopey, [Dev] Twiixtor
[23:24:15] [Server thread/INFO]: CONSOLE issued server command: /kick Popey456963 "I give up"
[23:24:15] [Server thread/INFO]: Popey456963 left the game.
[23:24:35] [Server thread/INFO]: dkane411 left the game.
[23:24:44] [Server thread/INFO]: Twiixtor left the game.
[23:24:55] [Server thread/INFO]: Staff: [Mod] ThunderCS
[23:24:55] [Server thread/INFO]: Developers: [Dev] Chris
[23:25:42] [Server thread/INFO]: Staff: [Mod] ThunderCS
[23:25:42] [Server thread/INFO]: Developers: [Dev] Chris
[23:26:28] [Server thread/INFO]: Staff: [Mod] ThunderCS
[23:26:28] [Server thread/INFO]: Developers: [Dev] Chris
[23:27:15] [Server thread/INFO]: Staff: [Mod] ThunderCS
[23:27:15] [Server thread/INFO]: Developers: [Dev] Chris
[23:28:01] [Server thread/INFO]: Staff: [Mod] ThunderCS
[23:28:01] [Server thread/INFO]: Developers: [Dev] Chris
[23:28:45] [Server thread/INFO]: ThunderCS left the game.
[23:29:22] [Server thread/INFO]: Developers: [Dev] Chris
[23:29:37] [Server thread/INFO]: Crustifer issued server command: //copy
[23:29:47] [Server thread/INFO]: Crustifer issued server command: //paste
[23:30:04] [Server thread/INFO]: Crustifer issued server command: //paste
[23:30:09] [Server thread/INFO]: Developers: [Dev] Chris
[23:30:17] [Server thread/INFO]: Crustifer issued server command: //paste
[23:30:48] [Server thread/INFO]: Crustifer issued server command: //stack 2
[23:30:55] [Server thread/INFO]: Developers: [Dev] Chris
[23:31:15] [Server thread/INFO]: Crustifer issued server command: //move 2
[23:31:42] [Server thread/INFO]: Developers: [Dev] Chris
[23:31:50] [Server thread/INFO]: Crustifer issued server command: //move 4
[23:32:19] [Server thread/INFO]: Crustifer issued server command: //pos1
[23:32:25] [Server thread/INFO]: Crustifer issued server command: //pos2
[23:32:28] [Server thread/INFO]: Developers: [Dev] Chris
[23:33:15] [Server thread/INFO]: Developers: [Dev] Chris
[23:34:02] [Server thread/INFO]: Developers: [Dev] Chris
[23:34:03] [Server thread/INFO]: Crustifer issued server command: //replace 159:7 159:6
[23:34:10] [Server thread/INFO]: Crustifer issued server command: //undo
[23:34:13] [Server thread/INFO]: Crustifer issued server command: //undo
[23:34:22] [Server thread/INFO]: Crustifer issued server command: //undo
[23:34:28] [Server thread/INFO]: Crustifer issued server command: //undo
[23:34:30] [Server thread/INFO]: Crustifer issued server command: //undo
[23:34:31] [Server thread/INFO]: Crustifer issued server command: //undo
[23:34:48] [Server thread/INFO]: Developers: [Dev] Chris
[23:34:53] [Server thread/INFO]: Crustifer issued server command: //redo
[23:35:35] [Server thread/INFO]: Developers: [Dev] Chris
[23:36:21] [Server thread/INFO]: Developers: [Dev] Chris
[23:37:06] [Server thread/INFO]: Crustifer issued server command: //move
[23:37:08] [Server thread/INFO]: Developers: [Dev] Chris
[23:37:31] [Server thread/INFO]: Crustifer issued server command: //und
[23:37:32] [Server thread/INFO]: Crustifer issued server command: //undo
[23:37:33] [Server thread/INFO]: Crustifer issued server command: //undo
[23:37:36] [Server thread/INFO]: Crustifer issued server command: //redo
[23:37:54] [Server thread/INFO]: Developers: [Dev] Chris
[23:38:38] [Server thread/INFO]: Crustifer issued server command: /PEX
[23:38:44] [Server thread/INFO]: Crustifer issued server command: /
[23:39:22] [Server thread/INFO]: Developers: [Dev] Chris
[23:40:09] [Server thread/INFO]: Developers: [Dev] Chris
[23:40:56] [Server thread/INFO]: Developers: [Dev] Chris
[23:41:42] [Server thread/INFO]: Developers: [Dev] Chris
[23:42:28] [Server thread/INFO]: Developers: [Dev] Chris
[23:43:15] [Server thread/INFO]: Developers: [Dev] Chris
[23:44:02] [Server thread/INFO]: Developers: [Dev] Chris
[23:44:48] [Server thread/INFO]: Developers: [Dev] Chris
[23:45:35] [Server thread/INFO]: Developers: [Dev] Chris
[23:46:21] [Server thread/INFO]: Developers: [Dev] Chris
[23:47:08] [Server thread/INFO]: Developers: [Dev] Chris
[23:47:54] [Server thread/INFO]: Developers: [Dev] Chris
[23:48:15] [Server thread/INFO]: Crustifer issued server command: //stack
[23:48:20] [Server thread/INFO]: Crustifer issued server command: //copy
[23:48:27] [Server thread/INFO]: Crustifer issued server command: //paste
[23:48:51] [Server thread/INFO]: Crustifer issued server command: //stack
[23:49:20] [Server thread/INFO]: Crustifer issued server command: //undo
[23:49:22] [Server thread/INFO]: Developers: [Dev] Chris
[23:50:09] [Server thread/INFO]: Developers: [Dev] Chris
[23:50:26] [Server thread/INFO]: Crustifer issued server command: //pos2
[23:50:30] [Server thread/INFO]: Crustifer issued server command: //stack 20
[23:50:37] [Server thread/INFO]: Crustifer issued server command: //stack 40
[23:50:41] [Server thread/INFO]: Crustifer issued server command: //undo
[23:50:44] [Server thread/INFO]: Crustifer issued server command: //stack 30
[23:50:55] [Server thread/INFO]: Developers: [Dev] Chris
[23:51:42] [Server thread/INFO]: Developers: [Dev] Chris
[23:52:29] [Server thread/INFO]: Developers: [Dev] Chris
[23:53:15] [Server thread/INFO]: Developers: [Dev] Chris
[23:54:02] [Server thread/INFO]: Developers: [Dev] Chris
[23:54:29] [Server thread/INFO]: Raichu3000 issued server command: //set air
[23:54:48] [Server thread/INFO]: Developers: [Dev] Chris
[23:55:35] [Server thread/INFO]: Developers: [Dev] Chris
[23:55:58] [Server thread/INFO]: Raichu3000 issued server command: //pos 2
[23:56:04] [Server thread/INFO]: Raichu3000 issued server command: //pos2
[23:56:14] [Server thread/INFO]: Raichu3000 issued server command: //setspace air
[23:56:18] [Server thread/INFO]: Raichu3000 issued server command: //set space air
[23:56:21] [Server thread/INFO]: Developers: [Dev] Chris
[23:56:25] [Server thread/INFO]: Raichu3000 issued server command: //set air
[23:57:08] [Server thread/INFO]: Developers: [Dev] Chris
[23:57:21] [Server thread/INFO]: Crustifer issued server command: //stack
[23:57:36] [Server thread/INFO]: Crustifer issued server command: //move
[23:57:54] [Server thread/INFO]: Developers: [Dev] Chris
[23:59:22] [Server thread/INFO]: Developers: [Dev] Chris
