[21:34:57] [Server thread/INFO]: Loading properties
[21:34:57] [Server thread/INFO]: Default game type: SURVIVAL
[21:34:58] [Server thread/INFO]: Using epoll channel type
[21:34:58] [Server thread/INFO]: [WorldEdit] Loading WorldEdit v5.6.1
[21:34:58] [Server thread/INFO]: [Essentials] Loading Essentials vTeamCity
[21:34:58] [Server thread/INFO]: [LaggRemover] Loading LaggRemover v0.1.7
[21:34:58] [Server thread/INFO]: [WorldGuard] Loading WorldGuard v6.1
[21:34:58] [Server thread/INFO]: [Multiverse-Core] Loading Multiverse-Core v2.4-b527
[21:34:58] [Server thread/INFO]: [Splegg] Loading Splegg v1.2
[21:34:58] [Server thread/INFO]: [EssentialsProtect] Loading EssentialsProtect vTeamCity
[21:34:58] [Server thread/INFO]: [VoxelSniper] Loading VoxelSniper v7.1.0
[21:34:58] [Server thread/INFO]: [mcMMO] Loading mcMMO v1.5.00-b3547
[21:34:58] [Server thread/INFO]: [Multiverse-NetherPortals] Loading Multiverse-NetherPortals v2.4-b530
[21:34:58] [Server thread/INFO]: [Multiverse-Portals] Loading Multiverse-Portals v2.4-b548
[21:34:58] [Server thread/INFO]: [Vault] Loading Vault v1.5.6-b49
[21:34:58] [Server thread/INFO]: [EssentialsSpawn] Loading EssentialsSpawn vTeamCity
[21:34:58] [Server thread/INFO]: [SkyWarsReloaded] Loading SkyWarsReloaded v2.8
[21:34:58] [Server thread/INFO]: [MinigamesLib] Loading MinigamesLib v1.13.1
[21:34:58] [Server thread/INFO]: [Minigames] Loading Minigames v1.7.0
[21:34:58] [Server thread/INFO]: [MobArena] Loading MobArena v0.97.1
[21:34:58] [Server thread/INFO]: [TNTRun] Loading TNTRun v3.4
[21:34:58] [Server thread/INFO]: [HolographicDisplays] Loading HolographicDisplays v2.1.10
[21:34:58] [Server thread/INFO]: [CommandSigns] Loading CommandSigns v1.9.3.2
[21:34:58] [Server thread/INFO]: [EpicSpleef] Loading EpicSpleef v0.0.19
[21:34:58] [Server thread/INFO]: [OnTime] Loading OnTime v4.1.3
[21:34:58] [Server thread/INFO]: [CraftBook] Loading CraftBook v3.9-SNAPSHOT
[21:34:58] [Server thread/INFO]: [mcMMO] Enabling mcMMO v1.5.00-b3547
[21:35:00] [Server thread/INFO]: [Vault] Enabling Vault v1.5.6-b49
[21:35:01] [Server thread/INFO]: [WorldEdit] Enabling WorldEdit v5.6.1
[21:35:01] [Server thread/INFO]: [Essentials] Enabling Essentials vTeamCity
[21:35:01] [Server thread/INFO]: git-Bukkit-9935adc (MC: 1.8.8)
[21:35:01] [Server thread/INFO]: 1.8.8-R0.1-SNAPSHOT
[21:35:02] [Server thread/INFO]: Using locale en_US
[21:35:02] [Server thread/INFO]: Using locale en_US
[21:35:02] [Server thread/INFO]: =-=-=-=-=-=-=-=-=-=-=-=-=-=-=-=-=-=
[21:35:02] [Server thread/INFO]:         Developed by AgentR
[21:35:02] [Server thread/INFO]:               Loading...
[21:35:02] [Server thread/INFO]: =-=-=-=-=-=-=-=-=-=-=-=-=-=-=-=-=-=
[21:35:02] [Server thread/INFO]: =-=-=-=-=-=-=-=-=-=-=-=-=-=-=-=-=-=
[21:35:02] [Server thread/INFO]:         Loaded successfully!
[21:35:02] [Server thread/INFO]: =-=-=-=-=-=-=-=-=-=-=-=-=-=-=-=-=-=
[21:35:02] [Server thread/INFO]: [LaggRemover] Enabling LaggRemover v0.1.7
[21:35:02] [Server thread/INFO]: [LaggRemover] LaggRemover has been enabled!
[21:35:02] [Server thread/INFO]: [WorldGuard] Enabling WorldGuard v6.1
[21:35:02] [Server thread/INFO]: [WorldGuard] (TEST) Lighters are PERMITTED.
[21:35:02] [Server thread/INFO]: [WorldGuard] (TEST) Lava fire is blocked.
[21:35:02] [Server thread/INFO]: [WorldGuard] (TEST) Fire spread is UNRESTRICTED.
[21:35:02] [Server thread/INFO]: [WorldGuard] (TEST_nether) Lighters are PERMITTED.
[21:35:02] [Server thread/INFO]: [WorldGuard] (TEST_nether) Lava fire is blocked.
[21:35:02] [Server thread/INFO]: [WorldGuard] (TEST_nether) Fire spread is UNRESTRICTED.
[21:35:02] [Server thread/INFO]: [WorldGuard] (TEST_the_end) Lighters are PERMITTED.
[21:35:02] [Server thread/INFO]: [WorldGuard] (TEST_the_end) Lava fire is blocked.
[21:35:02] [Server thread/INFO]: [WorldGuard] (TEST_the_end) Fire spread is UNRESTRICTED.
[21:35:03] [Server thread/INFO]: [Multiverse-Core] Enabling Multiverse-Core v2.4-b527
[21:35:03] [Server thread/INFO]: [Multiverse-Core] Loading World & Settings - 'TEST' - Env: NORMAL - Type: NORMAL & seed: -2024018835920597302
[21:35:03] [Server thread/INFO]: [Multiverse-Core] Loading World & Settings - 'TEST_nether' - Env: NETHER - Type: NORMAL & seed: -2024018835920597302
[21:35:03] [Server thread/INFO]: [Multiverse-Core] Loading World & Settings - 'TEST_the_end' - Env: THE_END - Type: NORMAL & seed: -2024018835920597302
[21:35:03] [Server thread/INFO]: [Multiverse-Core] Loading World & Settings - 'lobby' - Env: NORMAL - Type: NORMAL & seed: -3770714656453924402
[21:35:03] [Server thread/INFO]: [WorldGuard] (lobby) Lighters are PERMITTED.
[21:35:03] [Server thread/INFO]: [WorldGuard] (lobby) Lava fire is blocked.
[21:35:03] [Server thread/INFO]: [WorldGuard] (lobby) Fire spread is UNRESTRICTED.
[21:35:03] [Server thread/INFO]: [Multiverse-Core] Loading World & Settings - 'minigames' - Env: NORMAL - Type: FLAT & seed: 2973644325369467684
[21:35:04] [Server thread/INFO]: [WorldGuard] (minigames) Lighters are PERMITTED.
[21:35:04] [Server thread/INFO]: [WorldGuard] (minigames) Lava fire is blocked.
[21:35:04] [Server thread/INFO]: [WorldGuard] (minigames) Fire spread is UNRESTRICTED.
[21:35:04] [Server thread/INFO]: [Multiverse-Core] Loading World & Settings - 'Skyscraper' - Env: NORMAL - Type: FLAT & seed: -2845274568091306621
[21:35:04] [Server thread/INFO]: [WorldGuard] (Skyscraper) Lighters are PERMITTED.
[21:35:04] [Server thread/INFO]: [WorldGuard] (Skyscraper) Lava fire is blocked.
[21:35:04] [Server thread/INFO]: [WorldGuard] (Skyscraper) Fire spread is UNRESTRICTED.
[21:35:06] [Server thread/INFO]: [Multiverse-Core] Loading World & Settings - 'Skywars' - Env: NORMAL - Type: FLAT & seed: 3121935573477155779
[21:35:06] [Server thread/INFO]: [WorldGuard] (Skywars) Lighters are PERMITTED.
[21:35:06] [Server thread/INFO]: [WorldGuard] (Skywars) Lava fire is blocked.
[21:35:06] [Server thread/INFO]: [WorldGuard] (Skywars) Fire spread is UNRESTRICTED.
[21:35:06] [Server thread/INFO]: [Multiverse-Core] Loading World & Settings - 'spawn' - Env: NORMAL - Type: NORMAL & seed: 2261197457111850464
[21:35:07] [Server thread/INFO]: [WorldGuard] (spawn) Lighters are PERMITTED.
[21:35:07] [Server thread/INFO]: [WorldGuard] (spawn) Lava fire is blocked.
[21:35:07] [Server thread/INFO]: [WorldGuard] (spawn) Fire spread is UNRESTRICTED.
[21:35:07] [Server thread/INFO]: [Multiverse-Core] 9 - World(s) loaded.
[21:35:07] [Server thread/INFO]: [Splegg] Enabling Splegg v1.2
[21:35:07] [Server thread/INFO]: [Splegg] Loading map SpleggOne.
[21:35:07] [Server thread/INFO]: [Splegg] Map is usable
[21:35:07] [Server thread/INFO]: [Splegg] Load Complete!
[21:35:07] [Server thread/INFO]: [Splegg] Loading map ArenaOne.
[21:35:07] [Server thread/INFO]: [Splegg] Spawn count is 0
[21:35:07] [Server thread/INFO]: [Splegg] No floors are setup.
[21:35:07] [Server thread/INFO]: [Splegg] --<>-- PLEASE SETUP MAP!! --<>--
[21:35:07] [Server thread/INFO]: [Splegg] Load Complete!
[21:35:07] [Server thread/INFO]: [EssentialsProtect] Enabling EssentialsProtect vTeamCity
[21:35:07] [Server thread/INFO]: [VoxelSniper] Enabling VoxelSniper v7.1.0
[21:35:07] [Server thread/INFO]: [Multiverse-NetherPortals] Enabling Multiverse-NetherPortals v2.4-b530
[21:35:08] [Server thread/INFO]: [Multiverse-Portals] Enabling Multiverse-Portals v2.4-b548
[21:35:09] [Server thread/INFO]: [Multiverse-Portals]  1 - Portals(s) loaded
[21:35:10] [Server thread/INFO]: [EssentialsSpawn] Enabling EssentialsSpawn vTeamCity
[21:35:10] [Server thread/INFO]: [SkyWarsReloaded] Enabling SkyWarsReloaded v2.8
[21:35:10] [Server thread/INFO]: [SkyWarsReloaded] Loading support for v1_8_R3
[21:35:10] [Server thread/INFO]: [WorldGuard] (caves) Lighters are PERMITTED.
[21:35:10] [Server thread/INFO]: [WorldGuard] (caves) Lava fire is blocked.
[21:35:10] [Server thread/INFO]: [WorldGuard] (caves) Fire spread is UNRESTRICTED.
[21:35:10] [Server thread/INFO]: [SkyWarsReloaded] Registered Map caves!
[21:35:12] [Server thread/INFO]: [MinigamesLib] Enabling MinigamesLib v1.13.1
[21:35:12] [Server thread/INFO]: [Minigames] Enabling Minigames v1.7.0
[21:35:12] [Server thread/INFO]: [Minigames] Using lang en_AU
[21:35:12] [Server thread/INFO]: Minigames successfully enabled.
[21:35:19] [Server thread/INFO]: [MobArena] Enabling MobArena v0.97.1
[21:35:20] [Server thread/INFO]: [MobArena] Loaded arena 'default'
[21:35:20] [Server thread/INFO]: [MobArena] Loaded arena 'god-arena'
[21:35:20] [Server thread/INFO]: [MobArena] v0.97.1 enabled.
[21:35:21] [Server thread/INFO]: [TNTRun] Enabling TNTRun v3.4
[21:35:21] [Server thread/INFO]: [HolographicDisplays] Enabling HolographicDisplays v2.1.10
[21:35:21] [Server thread/INFO]: [CommandSigns] Enabling CommandSigns v1.9.3.2
[21:35:21] [Server thread/INFO]: [CommandSigns] No signs found.
[21:35:32] [Server thread/INFO]: [EpicSpleef] Enabling EpicSpleef v0.0.19
[21:35:32] [Server thread/INFO]: [EpicSpleef] Enabling EpicSpleef by BtoBastian
[21:35:33] [Server thread/INFO]: [EpicSpleef] Loading lobby SpleefOne
[21:35:33] [Server thread/INFO]: [EpicSpleef] Loading arena ArenaOne
[21:35:33] [Server thread/INFO]: [EpicSpleef] Successfully loaded arena ArenaOne. (world: minigames, blocks: 5233, maxPlayers: 0)
[21:35:33] [Server thread/INFO]: [EpicSpleef] Loading arena SpleefOne
[21:35:33] [Server thread/INFO]: [EpicSpleef] Successfully loaded arena SpleefOne. (world: minigames, blocks: 0, maxPlayers: 0)
[21:35:33] [Server thread/INFO]: [OnTime] Enabling OnTime v4.1.3
[21:35:34] [Server thread/INFO]: [CraftBook] Enabling CraftBook v3.9-SNAPSHOT
[21:35:34] [Server thread/INFO]: [CraftBook] Successfully added 1 CommandItems!
[21:35:34] [Server thread/INFO]: [CraftBook] Registered 3 custom recipes!
[21:35:34] [Server thread/INFO]: [CraftBook] 6373 chunk(s) for 9 world(s) processed (26ms elapsed)
[21:35:46] [Server thread/INFO]: Found 0 arenas.
[21:35:49] [Server thread/INFO]: Crustifer issued server command: /mobarena
[21:36:07] [Server thread/INFO]: ThunderCS issued server command: /swr edit SkyWars1
[21:36:18] [Server thread/INFO]: Crustifer issued server command: /restart
[21:36:19] [Server thread/INFO]: ThunderCS issued server command: /warp skywars
[21:36:20] [Server thread/INFO]: Crustifer issued server command: /help
[21:36:24] [Server thread/INFO]: Crustifer issued server command: /stop
[21:36:24] [Server thread/INFO]: [Crustifer: Stopping the server]
[21:36:24] [Server thread/INFO]: Stopping server
[21:36:24] [Server thread/INFO]: [CraftBook] Disabling CraftBook v3.9-SNAPSHOT
[21:36:24] [Server thread/INFO]: [OnTime] Disabling OnTime v4.1.3
[21:36:24] [Server thread/INFO]: [EpicSpleef] Disabling EpicSpleef v0.0.19
[21:36:24] [Server thread/INFO]: [CommandSigns] Disabling CommandSigns v1.9.3.2
[21:36:24] [Server thread/INFO]: [HolographicDisplays] Disabling HolographicDisplays v2.1.10
[21:36:24] [Server thread/INFO]: [TNTRun] Disabling TNTRun v3.4
[21:36:24] [Server thread/INFO]: [MobArena] Disabling MobArena v0.97.1
[21:36:24] [Server thread/INFO]: [MobArena] disabled.
[21:36:24] [Server thread/INFO]: [Minigames] Disabling Minigames v1.7.0
[21:36:24] [Server thread/INFO]: Minigames successfully disabled.
[21:36:24] [Server thread/INFO]: [MinigamesLib] Disabling MinigamesLib v1.13.1
[21:36:24] [Server thread/INFO]: [SkyWarsReloaded] Disabling SkyWarsReloaded v2.8
[21:36:24] [Server thread/INFO]: [EssentialsSpawn] Disabling EssentialsSpawn vTeamCity
[21:36:24] [Server thread/INFO]: [Vault] Disabling Vault v1.5.6-b49
[21:36:24] [Server thread/INFO]: [Multiverse-Portals] Disabling Multiverse-Portals v2.4-b548
[21:36:24] [Server thread/INFO]: [Multiverse-NetherPortals] Disabling Multiverse-NetherPortals v2.4-b530
[21:36:24] [Server thread/INFO]: [MultiVerse-NetherPortals] - Disabled
[21:36:24] [Server thread/INFO]: [mcMMO] Disabling mcMMO v1.5.00-b3547
