[13:50:43] [main/INFO]: Launching wrapped minecraft {net.minecraft.server.MinecraftServer}
[13:50:44] [Server thread/INFO]: MinecraftForge v10.13.4.1448 Initialized
[13:50:44] [Server thread/INFO]: Replaced 183 ore recipies
[13:50:44] [Server thread/INFO]: Found 0 mods from the command line. Injecting into mod discoverer
[13:50:44] [Server thread/INFO]: Searching /home/minecraft/multicraft/servers/server7450/mods for mods
[13:50:44] [Server thread/INFO]: Also searching /home/minecraft/multicraft/servers/server7450/mods/1.7.10 for mods
[13:50:46] [Server thread/INFO]: Forge Mod Loader has identified 37 mods to load
[13:50:47] [Server thread/INFO]: Preparing to take over the world
[13:50:48] [Server thread/INFO]: Designs found: Bed(6), Chisel(9), FlowerPot(18), Tile(13)
[13:50:48] [Server thread/INFO]: Mantle (1.7.10-0.3.2.jenkins184) -- Preparing for launch.
[13:50:49] [Server thread/INFO]: Gear module active. Adding gear cast.
[13:50:49] [Server thread/INFO]: Twilight Forest Detected
[13:50:49] [Server thread/INFO]: Thaumcraft Detected
[13:50:50] [Server thread/INFO]: Applying holder lookups
[13:50:50] [Server thread/INFO]: Holder lookups applied
[13:50:50] [Server thread/INFO]: Injecting itemstacks
[13:50:50] [Server thread/INFO]: Loading properties
[13:50:50] [Server thread/INFO]: Default game type: SURVIVAL
[13:50:51] [Server thread/INFO]: Using 4 threads for Netty based IO
[13:50:51] [Server thread/INFO]: Server Ping Player Sample Count: 12
[13:50:51] [Server thread/INFO]: Thaumcraft detected. Registering harvestables.
[13:50:51] [Server thread/INFO]: InfernalMobsCore load() completed! Modifiers ready: 27
[13:50:51] [Server thread/INFO]: Injecting itemstacks
[13:50:51] [Server thread/INFO]: ## Chest items register ##
[13:50:51] [Server thread/INFO]: Loading Manual XML from: /assets/mantle/manuals/test.xml
[13:50:51] [Server thread/INFO]: Thaumcraft detected. Adding thaumium tools.
[13:50:52] [Server thread/INFO]: item.apple0: 15: 1: 3
[13:50:52] [Server thread/INFO]: item.appleGold0: 1: 1: 1
[13:50:52] [Server thread/INFO]: item.arrow0: 30: 2: 7
[13:50:52] [Server thread/INFO]: item.book0: 20: 1: 3
[13:50:52] [Server thread/INFO]: item.bread0: 14: 1: 1
[13:50:52] [Server thread/INFO]: item.bucket0: 10: 1: 1
[13:50:52] [Server thread/INFO]: item.coal0: 10: 3: 8
[13:50:52] [Server thread/INFO]: item.compass0: 1: 1: 1
[13:50:52] [Server thread/INFO]: item.dyePowder.blue4: 5: 4: 9
[13:50:52] [Server thread/INFO]: item.emerald0: 2: 1: 3
[13:50:52] [Server thread/INFO]: item.emptyMap0: 1: 1: 1
[13:50:52] [Server thread/INFO]: item.enchantedBook0: 1: 1: 1
[13:50:52] [Server thread/INFO]: item.enderPearl0: 10: 1: 1
[13:50:52] [Server thread/INFO]: item.horsearmorgold0: 1: 1: 1
[13:50:52] [Server thread/INFO]: item.horsearmormetal0: 1: 1: 1
[13:50:52] [Server thread/INFO]: item.ingotGold0: 5: 1: 3
[13:50:52] [Server thread/INFO]: item.nameTag0: 10: 1: 1
[13:50:52] [Server thread/INFO]: item.paper0: 20: 2: 7
[13:50:52] [Server thread/INFO]: item.record0: 10: 1: 1
[13:50:52] [Server thread/INFO]: item.rottenFlesh0: 16: 3: 7
[13:50:52] [Server thread/INFO]: item.saddle0: 2: 1: 1
[13:50:52] [Server thread/INFO]: item.seeds_pumpkin0: 10: 2: 4
[13:50:52] [Server thread/INFO]: item.string0: 10: 1: 4
[13:50:52] [Server thread/INFO]: item.sulphur0: 10: 1: 4
[13:50:52] [Server thread/INFO]: tile.obsidian0: 5: 3: 7
[13:50:52] [Server thread/INFO]: tile.rail0: 1: 4: 8
[13:50:52] [Server thread/INFO]: tile.sapling.oak0: 5: 3: 7
[13:50:52] [Server thread/INFO]: Total Weight: 375
[13:50:52] [Server thread/INFO]: TwilightForestMod mod found.
[13:50:52] [Server thread/INFO]: Success in registering ThaumicTinkerer
[13:50:52] [Server thread/INFO]: Forge Mod Loader has successfully loaded 37 mods
[13:50:52] [Server thread/INFO]: Applying holder lookups
[13:50:52] [Server thread/INFO]: Holder lookups applied
[13:50:54] [Server thread/INFO]: [WorldEdit] Loading WorldEdit v5.6.3
[13:50:54] [Server thread/INFO]: [Essentials] Loading Essentials v2.12.2
[13:50:54] [Server thread/INFO]: [EssentialsProtect] Loading EssentialsProtect v2.12.2
[13:50:54] [Server thread/INFO]: [ModReq] Loading ModReq v2.4.1
[13:50:54] [Server thread/INFO]: [EssentialsGeoIP] Loading EssentialsGeoIP v2.12.2
[13:50:54] [Server thread/INFO]: [ClearLag] Loading ClearLag v2.8.2
[13:50:54] [Server thread/INFO]: [EssentialsAntiBuild] Loading EssentialsAntiBuild v2.12.2
[13:50:54] [Server thread/INFO]: [AutoMessage] Loading AutoMessage v2.4.0
[13:50:54] [Server thread/INFO]: [Modifyworld] Loading Modifyworld v1.19.7
[13:50:54] [Server thread/INFO]: [mcMMO] Loading mcMMO v1.5.00-b3547
[13:50:54] [Server thread/INFO]: [WorldBorder] Loading WorldBorder v1.7.9
[13:50:54] [Server thread/INFO]: [Vault] Loading Vault v1.2.31-b411
[13:50:54] [Server thread/INFO]: [CommandBook] Loading CommandBook v2.4:1692-75bb1c8,master
[13:50:54] [Server thread/INFO]: [WorldGuard] Loading WorldGuard v6.0.0-beta-03.1514-
[13:50:54] [Server thread/INFO]: [MassiveCore] Loading MassiveCore v7.4.0
[13:50:54] [Server thread/INFO]: [EpicQuest] Loading EpicQuest v3.5.4
[13:50:54] [Server thread/INFO]: [EssentialsXMPP] Loading EssentialsXMPP v2.12.2
[13:50:54] [Server thread/INFO]: [HeroBounty] Loading HeroBounty v1.9.5
[13:50:54] [Server thread/INFO]: [mcMMO] Enabling mcMMO v1.5.00-b3547
[13:50:56] [Server thread/INFO]: [Vault] Enabling Vault v1.2.31-b411
[13:50:56] [Server thread/INFO]: [MassiveCore] Enabling MassiveCore v7.4.0
[13:50:56] [Server thread/INFO]: [MassiveCore 7.4.0] === ENABLE START ===
[13:50:56] [Server thread/INFO]: [MassiveCore 7.4.0] Player Strings Found: 0
[13:50:56] [Server thread/INFO]: [MassiveCore 7.4.0] Player Strings Cached: 0
[13:50:56] [Server thread/INFO]: [MassiveCore 7.4.0] Player Strings Remaining: 0
[13:50:56] [Server thread/INFO]: [MassiveCore 7.4.0] Now fetching the remaining players from Mojang API ...
[13:50:56] [Server thread/INFO]: [MassiveCore 7.4.0] Setup of IdUtil took 18ms.
[13:50:57] [Server thread/INFO]: [MassiveCore 7.4.0] === ENABLE COMPLETE (Took 280ms) ===
[13:50:58] [Server thread/INFO]: [WorldEdit] Enabling WorldEdit v5.6.3
[13:50:58] [Server thread/INFO]: [Essentials] Enabling Essentials v2.12.2
[13:50:58] [Server thread/INFO]: 1.7.10-1448.127 (MC: 1.7.10)
[13:50:58] [Server thread/INFO]: 1.7.10-R0.1-SNAPSHOT
[13:50:58] [Server thread/INFO]: [EssentialsProtect] Enabling EssentialsProtect v2.12.2
[13:50:58] [Server thread/INFO]: [ModReq] Enabling ModReq v2.4.1
[13:50:58] [Server thread/INFO]: [ModReq] Looking for messages.yml
[13:50:58] [Server thread/INFO]: [ModReq] messages.yml found. Trying to load messages.yml
[13:50:58] [Server thread/INFO]: [ModReq] messages.yml loaded!
[13:50:58] [Server thread/INFO]: [ModReq] Using metrics
[13:50:58] [Server thread/INFO]: [EssentialsGeoIP] Enabling EssentialsGeoIP v2.12.2
[13:50:58] [Server thread/INFO]: [ClearLag] Enabling ClearLag v2.8.2
[13:50:58] [Server thread/INFO]: [ClearLag] Loading modules...
[13:50:58] [Server thread/INFO]: [ClearLag] Modules have been loaded!
[13:50:58] [Server thread/INFO]: [ClearLag] Clearlag is now enabled!
[13:50:58] [Server thread/INFO]: [EssentialsAntiBuild] Enabling EssentialsAntiBuild v2.12.2
[13:50:59] [Server thread/INFO]: [AutoMessage] Enabling AutoMessage v2.4.0
[13:50:59] [Server thread/INFO]: [Modifyworld] Enabling Modifyworld v1.19.7
[13:50:59] [Server thread/INFO]: [Modifyworld] Modifyworld enabled!
[13:50:59] [Server thread/INFO]: [WorldBorder] Enabling WorldBorder v1.7.9
[13:50:59] [Server thread/INFO]: [WorldBorder] [CONFIG] Using elliptic/round border, knockback of 3.0 blocks, and timer delay of 5.
[13:50:59] [Server thread/INFO]: [WorldBorder] [CONFIG] Border-checking timed task started.
[13:50:59] [Server thread/INFO]: [CommandBook] Enabling CommandBook v2.4:1692-75bb1c8,master
[13:50:59] [Server thread/INFO]: [CommandBook] 0 Homes(s) loaded
[13:50:59] [Server thread/INFO]: [CommandBook] 0 Warps(s) loaded
[13:50:59] [Server thread/INFO]: [CommandBook] 1 kit(s) loaded.
[13:50:59] [Server thread/INFO]: [WorldGuard] Enabling WorldGuard v6.0.0-beta-03.1514-
[13:51:02] [Server thread/INFO]: [WorldGuard] (world) Lighters are PERMITTED.
[13:51:02] [Server thread/INFO]: [WorldGuard] (world) Lava fire is blocked.
[13:51:02] [Server thread/INFO]: [WorldGuard] (world) Fire spread is UNRESTRICTED.
[13:51:02] [Server thread/INFO]: [WorldGuard] (DIM7) Lighters are PERMITTED.
[13:51:02] [Server thread/INFO]: [WorldGuard] (DIM7) Lava fire is blocked.
[13:51:02] [Server thread/INFO]: [WorldGuard] (DIM7) Fire spread is UNRESTRICTED.
[13:51:02] [Server thread/INFO]: [WorldGuard] (DIM-19) Lighters are PERMITTED.
[13:51:02] [Server thread/INFO]: [WorldGuard] (DIM-19) Lava fire is blocked.
[13:51:02] [Server thread/INFO]: [WorldGuard] (DIM-19) Fire spread is UNRESTRICTED.
[13:51:02] [Server thread/INFO]: [WorldGuard] (DIM-42) Lighters are PERMITTED.
[13:51:02] [Server thread/INFO]: [WorldGuard] (DIM-42) Lava fire is blocked.
[13:51:02] [Server thread/INFO]: [WorldGuard] (DIM-42) Fire spread is UNRESTRICTED.
[13:51:02] [Server thread/INFO]: [WorldGuard] (DIM1) Lighters are PERMITTED.
[13:51:02] [Server thread/INFO]: [WorldGuard] (DIM1) Lava fire is blocked.
[13:51:02] [Server thread/INFO]: [WorldGuard] (DIM1) Fire spread is UNRESTRICTED.
[13:51:02] [Server thread/INFO]: [WorldGuard] (DIM-1) Lighters are PERMITTED.
[13:51:02] [Server thread/INFO]: [WorldGuard] (DIM-1) Lava fire is blocked.
[13:51:02] [Server thread/INFO]: [WorldGuard] (DIM-1) Fire spread is UNRESTRICTED.
[13:51:02] [Server thread/INFO]: [EpicQuest] Enabling EpicQuest v3.5.4
[13:51:02] [Server thread/INFO]: [EssentialsXMPP] Enabling EssentialsXMPP v2.12.2
[13:51:02] [Server thread/INFO]: [HeroBounty] Enabling HeroBounty v1.9.5
[13:51:03] [Server thread/INFO]: [MassiveCore 7.4.0] ============================================
[13:51:03] [Server thread/INFO]: [MassiveCore 7.4.0] We are preparing for Mojangs switch to UUIDs.
[13:51:03] [Server thread/INFO]: [MassiveCore 7.4.0] Player Strings Found: 0
[13:51:03] [Server thread/INFO]: [MassiveCore 7.4.0] Player Strings Cached: 0
[13:51:03] [Server thread/INFO]: [MassiveCore 7.4.0] Player Strings Remaining: 0
[13:51:03] [Server thread/INFO]: [MassiveCore 7.4.0] Now fetching the remaining players from Mojang API ...
[13:51:03] [Server thread/INFO]: [MassiveCore 7.4.0] ============================================
[13:53:12] [Server thread/INFO]: Failed
[14:55:19] [Server thread/INFO]: Failed
[15:57:26] [Server thread/INFO]: Failed
[16:57:25] [Server thread/INFO]: Failed
[17:57:26] [Server thread/INFO]: Failed
[18:59:33] [Server thread/INFO]: Failed
[20:01:40] [Server thread/INFO]: Failed
[21:01:40] [Server thread/INFO]: Failed
[22:01:40] [Server thread/INFO]: Failed
[23:01:40] [Server thread/INFO]: Failed
