[00:00:27] [Server thread/INFO]: [Guest] MrHappyHyena: okaaaaay
[00:00:29] [Server thread/INFO]: [Guest] MrHappyHyena: hello
[00:00:30] [Server thread/INFO]: [Giraffe] Twiixtor: YOURE FAT
[00:00:35] [Server thread/INFO]: Players: [Guest] MrHappyHyena
[00:00:35] [Server thread/INFO]: giraffe: [Giraffe] Twiixtor
[00:00:38] [Server thread/INFO]: [Giraffe] Twiixtor: Therewego
[00:00:40] [Server thread/INFO]: [Guest] MrHappyHyena: thank you
[00:00:42] [Server thread/INFO]: [Guest] MrHappyHyena: byeee
[00:00:58] [Server thread/INFO]: [Guest] MrHappyHyena: pls no?
[00:01:02] [Server thread/INFO]: [Giraffe] Twiixtor: pls yes?
[00:01:09] [Server thread/INFO]: [Guest] MrHappyHyena: do you haaaaaave to?
[00:01:15] [Server thread/INFO]: [Guest] MrHappyHyena: I just want to show him the place
[00:01:26] [Server thread/INFO]: Players: [Guest] MrHappyHyena, [Guest] LeabharPower
[00:01:26] [Server thread/INFO]: giraffe: [Giraffe] Twiixtor
[00:01:31] [Server thread/INFO]: [Guest] MrHappyHyena: k den purple text
[00:01:40] [Server thread/INFO]: MrHappyHyena issued server command: /tp leabharpower mrhappy
[00:01:42] [Server thread/INFO]: Twiixtor issued server command: /sv
[00:01:43] [Server thread/INFO]: Twiixtor issued server command: /tp leab
[00:02:08] [Server thread/INFO]: Players: [Guest] LeabharPower, [Guest] MrHappyHyena
[00:02:08] [Server thread/INFO]: giraffe: [HIDDEN][Giraffe] Twiixtor
[00:02:54] [Server thread/INFO]: Players: [Guest] LeabharPower, [Guest] MrHappyHyena
[00:02:54] [Server thread/INFO]: giraffe: [HIDDEN][Giraffe] Twiixtor
[00:03:41] [Server thread/INFO]: Players: [Guest] LeabharPower, [Guest] MrHappyHyena
[00:03:41] [Server thread/INFO]: giraffe: [HIDDEN][Giraffe] Twiixtor
[00:04:27] [Server thread/INFO]: Players: [Guest] LeabharPower, [Guest] MrHappyHyena
[00:04:27] [Server thread/INFO]: giraffe: [HIDDEN][Giraffe] Twiixtor
[00:04:40] [Server thread/INFO]: Twiixtor issued server command: /invsee lea
[00:04:47] [Server thread/INFO]: Twiixtor issued server command: /invsee lea
[00:04:52] [Server thread/INFO]: Twiixtor issued server command: /invsee mr
[00:04:58] [Server thread/INFO]: Twiixtor issued server command: /invedit
[00:05:03] [Server thread/INFO]: Twiixtor issued server command: /invsee mr
[00:05:05] [Server thread/INFO]: Twiixtor issued server command: /invsee lea
[00:05:15] [Server thread/INFO]: Players: [Guest] LeabharPower, [Guest] MrHappyHyena
[00:05:15] [Server thread/INFO]: giraffe: [HIDDEN][Giraffe] Twiixtor
[00:06:01] [Server thread/INFO]: Players: [Guest] LeabharPower, [Guest] MrHappyHyena
[00:06:01] [Server thread/INFO]: giraffe: [HIDDEN][Giraffe] Twiixtor
[00:06:13] [Server thread/INFO]: MrHappyHyena issued server command: /day
[00:06:14] [Server thread/INFO]: MrHappyHyena issued server command: /rain no
[00:06:27] [Server thread/INFO]: Twiixtor issued server command: /speed 3
[00:06:48] [Server thread/INFO]: Players: [Guest] LeabharPower, [Guest] MrHappyHyena
[00:06:48] [Server thread/INFO]: giraffe: [HIDDEN][Giraffe] Twiixtor
[00:06:48] [Server thread/INFO]: Twiixtor issued server command: /rapidfw 3
[00:07:12] [Server thread/INFO]: Twiixtor issued server command: /thru
[00:07:28] [Server thread/INFO]: Twiixtor issued server command: /pm MrHappyHyena Love the way he is checking all the chests. Poor pleb
[00:07:34] [Server thread/INFO]: Players: [Guest] LeabharPower, [Guest] MrHappyHyena
[00:07:34] [Server thread/INFO]: giraffe: [HIDDEN][Giraffe] Twiixtor
[00:08:21] [Server thread/INFO]: Players: [Guest] LeabharPower, [Guest] MrHappyHyena
[00:08:21] [Server thread/INFO]: giraffe: [HIDDEN][Giraffe] Twiixtor
[00:08:28] [Server thread/INFO]: Twiixtor issued server command: /sv help
[00:08:32] [Server thread/INFO]: Twiixtor issued server command: /help sv
[00:09:07] [Server thread/INFO]: Twiixtor issued server command: /fw
[00:09:19] [Server thread/INFO]: [Guest] MrHappyHyena: overseer
[00:09:20] [Server thread/INFO]: Twiixtor issued server command: /speed 5
[00:09:25] [Server thread/INFO]: MrHappyHyena issued server command: /night
[00:09:27] [Server thread/INFO]: Twiixtor issued server command: /rapidfw 3
[00:09:48] [Server thread/INFO]: Players: [Guest] LeabharPower, [Guest] MrHappyHyena
[00:09:48] [Server thread/INFO]: giraffe: [HIDDEN][Giraffe] Twiixtor
[00:10:11] [Server thread/INFO]: MrHappyHyena issued server command: /tp leabharpower mrhappy
[00:10:18] [Server thread/INFO]: MrHappyHyena issued server command: /day
[00:10:28] [Server thread/INFO]: Twiixtor issued server command: /speed 1
[00:10:35] [Server thread/INFO]: Players: [Guest] LeabharPower, [Guest] MrHappyHyena
[00:10:35] [Server thread/INFO]: giraffe: [HIDDEN][Giraffe] Twiixtor
[00:11:02] [Server thread/INFO]: Twiixtor issued server command: /sv
[00:11:09] [Server thread/INFO]: Twiixtor issued server command: /fly
[00:11:16] [Server thread/INFO]: Twiixtor issued server command: /top
[00:11:21] [Server thread/INFO]: Players: [Guest] LeabharPower, [Guest] MrHappyHyena
[00:11:21] [Server thread/INFO]: giraffe: [Giraffe] Twiixtor
[00:12:08] [Server thread/INFO]: Players: [Guest] LeabharPower, [Guest] MrHappyHyena
[00:12:08] [Server thread/INFO]: giraffe: [Giraffe] Twiixtor
[00:12:16] [Server thread/INFO]: LeabharPower died
[00:12:19] [Server thread/INFO]: MrHappyHyena issued server command: /tp leabharpower mrhappy
[00:12:21] [Server thread/INFO]: [Giraffe] Twiixtor: n1
[00:12:43] [Server thread/INFO]: Twiixtor issued server command: /speed 10
[00:12:44] [Server thread/INFO]: Twiixtor issued server command: /god
[00:12:54] [Server thread/INFO]: Players: [Guest] LeabharPower, [Guest] MrHappyHyena
[00:12:54] [Server thread/INFO]: giraffe: [Giraffe] Twiixtor
[00:13:15] [Server thread/INFO]: Twiixtor issued server command: /speed 1
[00:13:19] [Server thread/INFO]: Twiixtor issued server command: /fly
[00:13:30] [Server thread/INFO]: Twiixtor issued server command: /home home
[00:13:35] [Server thread/INFO]: Twiixtor issued server command: /back
[00:13:41] [Server thread/INFO]: Players: [Guest] LeabharPower, [Guest] MrHappyHyena
[00:13:41] [Server thread/INFO]: giraffe: [Giraffe] Twiixtor
[00:14:25] [Server thread/INFO]: [Giraffe] Twiixtor: nice skin btw
[00:14:27] [Server thread/INFO]: Players: [Guest] LeabharPower, [Guest] MrHappyHyena
[00:14:27] [Server thread/INFO]: giraffe: [Giraffe] Twiixtor
[00:14:28] [Server thread/INFO]: [Giraffe] Twiixtor: ya peasant
[00:14:32] [Server thread/INFO]: [Guest] LeabharPower: ;D
[00:14:56] [Server thread/INFO]: MrHappyHyena issued server command: /night
[00:15:14] [Server thread/INFO]: Players: [Guest] LeabharPower, [Guest] MrHappyHyena
[00:15:14] [Server thread/INFO]: giraffe: [Giraffe] Twiixtor
[00:15:31] [Server thread/INFO]: Twiixtor issued server command: /tp mr
[00:15:37] [Server thread/INFO]: Twiixtor issued server command: /fly
[00:15:38] [Server thread/INFO]: Twiixtor issued server command: /fly
[00:16:00] [Server thread/INFO]: Players: [Guest] LeabharPower, [Guest] MrHappyHyena
[00:16:00] [Server thread/INFO]: giraffe: [Giraffe] Twiixtor
[00:16:42] [Server thread/INFO]: LeabharPower fell from a high place
[00:16:44] [Server thread/INFO]: MrHappyHyena issued server command: /tp leabharpower mrhappy
[00:16:47] [Server thread/INFO]: Players: [Guest] LeabharPower, [Guest] MrHappyHyena
[00:16:47] [Server thread/INFO]: giraffe: [Giraffe] Twiixtor
[00:16:53] [Server thread/INFO]: MrHappyHyena issued server command: /tp leabharpower mrhappy
[00:16:57] [Server thread/INFO]: Twiixtor issued server command: /top
[00:17:01] [Server thread/INFO]: LeabharPower fell from a high place
[00:17:10] [Server thread/INFO]: MrHappyHyena issued server command: /tp leabharpower mrhappy
[00:17:11] [Server thread/INFO]: MrHappyHyena issued server command: /tp leabharpower mrhappy
[00:17:21] [Server thread/INFO]: MrHappyHyena issued server command: /day
[00:17:34] [Server thread/INFO]: Players: [Guest] LeabharPower, [Guest] MrHappyHyena
[00:17:34] [Server thread/INFO]: giraffe: [Giraffe] Twiixtor
[00:18:02] [Server thread/INFO]: Twiixtor issued server command: /killall mobs
[00:18:07] [Server thread/INFO]: Twiixtor issued server command: /powertool
[00:18:09] [Server thread/INFO]: [Giraffe] Twiixtor: k
[00:18:20] [Server thread/INFO]: Players: [Guest] LeabharPower, [Guest] MrHappyHyena
[00:18:20] [Server thread/INFO]: giraffe: [Giraffe] Twiixtor
[00:18:25] [Server thread/INFO]: LeabharPower tried to swim in lava
[00:18:30] [Server thread/INFO]: LeabharPower left the game.
[00:18:45] [Server thread/INFO]: [Giraffe] Twiixtor: well..
[00:18:49] [Server thread/INFO]: Twiixtor left the game.
[00:18:49] [Server thread/INFO]: [Guest] MrHappyHyena: skajpaj
[00:18:57] [Thread-56/INFO]: [CommandSigns] Disabling CommandSigns v1.9.3.2
[00:18:58] [Thread-56/INFO]: [CommandSigns] Loading CommandSigns v1.9.3.2
[00:19:03] [Server thread/INFO]: Stopping server
[00:19:03] [Server thread/INFO]: [MassiveCore] Disabling MassiveCore v2.8.0
[00:19:03] [Server thread/INFO]: [MassiveCore 2.8.0] Disabled
[00:19:03] [Server thread/INFO]: [Vault] Disabling Vault v1.5.6-b49
[00:19:03] [Server thread/INFO]: [mcMMO] Disabling mcMMO v1.5.00-b3547
[00:19:05] [Server thread/INFO]: [Multiverse-Core] Disabling Multiverse-Core v2.4-b527
[00:19:05] [Server thread/INFO]: [Multiverse-Core] - Disabled
[00:19:05] [Server thread/INFO]: [WorldGuard] Disabling WorldGuard v6.1
[00:19:05] [Server thread/INFO]: [WorldGuard] Shutting down executor and waiting for any pending tasks...
[00:19:05] [Server thread/INFO]: [LaggRemover] Disabling LaggRemover v0.1.9
[00:19:05] [Server thread/INFO]: [LaggRemover] LaggRemover has been disabled!
[00:19:05] [Server thread/INFO]: [PlugMan] Disabling PlugMan v2.0.7
[00:19:05] [Server thread/INFO]: [Essentials] Disabling Essentials vTeamCity
[00:19:06] [Server thread/INFO]: [WorldEdit] Disabling WorldEdit v6.1;no_git_id
[00:19:06] [Server thread/INFO]: [DisguiseCraft] Disabling DisguiseCraft v5.2
[00:19:06] [Server thread/INFO]: MrHappyHyena left the game.
