[17:22:53] [Server thread/INFO]: Loading properties
[17:22:53] [Server thread/INFO]: Default game type: SURVIVAL
[17:22:54] [Server thread/INFO]: Using epoll channel type
[17:22:54] [Server thread/INFO]: [CoreProtect] Loading CoreProtect v2.12.0
[17:22:54] [Server thread/INFO]: [WorldEdit] Loading WorldEdit v6.1;no_git_id
[17:22:54] [Server thread/INFO]: [Announcement] Loading Announcement v1.0.3
[17:22:54] [Server thread/INFO]: [Essentials] Loading Essentials vTeamCity
[17:22:54] [Server thread/INFO]: [Buycraft] Loading Buycraft v6.8.2
[17:22:54] [Server thread/INFO]: [mcMMO] Loading mcMMO v1.5.00-b3547
[17:22:54] [Server thread/INFO]: [Random_Spawn] Loading Random_Spawn v2.6
[17:22:54] [Server thread/INFO]: [Vault] Loading Vault v1.5.6-b49
[17:22:54] [Server thread/INFO]: [CommandSigns] Loading CommandSigns v1.9.3.2
[17:22:54] [Server thread/INFO]: [EssentialsSpawn] Loading EssentialsSpawn vTeamCity
[17:22:54] [Server thread/INFO]: [LaggRemover] Loading LaggRemover v0.1.9
[17:22:54] [Server thread/INFO]: [MassiveCore] Loading MassiveCore v2.8.0
[17:22:54] [Server thread/INFO]: TimeUnit.MILLIS_PER_MINUTE: 60000
[17:22:54] [Server thread/INFO]: [ProtocolLib] Loading ProtocolLib v3.6.4
[17:22:54] [Server thread/INFO]: [WorldGuard] Loading WorldGuard v6.1
[17:22:54] [Server thread/INFO]: [OnTime] Loading OnTime v4.1.3
[17:22:54] [Server thread/INFO]: [EssentialsProtect] Loading EssentialsProtect vTeamCity
[17:22:54] [Server thread/INFO]: [HeavySpleef] Loading HeavySpleef v2.1.1
[17:22:54] [Server thread/INFO]: [MobArena] Loading MobArena v0.97.1
[17:22:54] [Server thread/INFO]: [HolographicDisplays] Loading HolographicDisplays v2.1.10
[17:22:54] [Server thread/INFO]: [TouchscreenHolograms] Loading TouchscreenHolograms v1.3
[17:22:54] [Server thread/INFO]: [mcMMO] Enabling mcMMO v1.5.00-b3547
[17:22:55] [Server thread/INFO]: [Vault] Enabling Vault v1.5.6-b49
[17:22:55] [Server thread/INFO]: [MassiveCore] Enabling MassiveCore v2.8.0
[17:22:55] [Server thread/INFO]: [MassiveCore 2.8.0] === ENABLE START ===
[17:22:55] [Server thread/INFO]: [MassiveCore 2.8.0] §eSetup of IdUtil took §d11§ems.
[17:22:55] [Server thread/INFO]: [MassiveCore 2.8.0] === ENABLE §aCOMPLETE §e(Took §d256ms§e) ===
[17:22:55] [Server thread/INFO]: [ProtocolLib] Enabling ProtocolLib v3.6.4
[17:22:55] [Server thread/INFO]: [ProtocolLib] Started structure compiler thread.
[17:22:58] [Server thread/INFO]: [CoreProtect] Enabling CoreProtect v2.12.0
[17:22:59] [Server thread/INFO]: [WorldEdit] Enabling WorldEdit v6.1;no_git_id
[17:22:59] [Server thread/INFO]: [WorldEdit] Using com.sk89q.worldedit.bukkit.adapter.impl.Spigot_v1_8_R3 as the Bukkit adapter
[17:22:59] [Server thread/INFO]: [Announcement] Enabling Announcement v1.0.3
[17:23:00] [Server thread/INFO]: [Essentials] Enabling Essentials vTeamCity
[17:23:00] [Server thread/INFO]: git-Bukkit-9935adc (MC: 1.8.8)
[17:23:00] [Server thread/INFO]: 1.8.8-R0.1-SNAPSHOT
[17:23:00] [Server thread/INFO]: Using locale en_US
[17:23:00] [Server thread/INFO]: Using locale en_US
[17:23:00] [Server thread/INFO]: [Buycraft] Enabling Buycraft v6.8.2
[17:23:00] [Server thread/INFO]: [Buycraft] Loaded all signs from disk
[17:23:00] [Server thread/INFO]: [Random_Spawn] Enabling Random_Spawn v2.6
[17:23:00] [Server thread/INFO]: [CommandSigns] Enabling CommandSigns v1.9.3.2
[17:23:00] [Server thread/INFO]: [CommandSigns] Successfully loaded 2 signs
[17:23:00] [Server thread/INFO]: [EssentialsSpawn] Enabling EssentialsSpawn vTeamCity
[17:23:00] [Server thread/INFO]: [LaggRemover] Enabling LaggRemover v0.1.9
[17:23:00] [Server thread/INFO]: [LaggRemover] LaggRemover has been enabled!
[17:23:00] [Server thread/INFO]: [WorldGuard] Enabling WorldGuard v6.1
[17:23:00] [Server thread/INFO]: [WorldGuard] (survival) Lighters are PERMITTED.
[17:23:00] [Server thread/INFO]: [WorldGuard] (survival) Lava fire is blocked.
[17:23:00] [Server thread/INFO]: [WorldGuard] (survival) Fire spread is UNRESTRICTED.
[17:23:00] [Server thread/INFO]: [WorldGuard] (survival_nether) Lighters are PERMITTED.
[17:23:00] [Server thread/INFO]: [WorldGuard] (survival_nether) Lava fire is blocked.
[17:23:00] [Server thread/INFO]: [WorldGuard] (survival_nether) Fire spread is UNRESTRICTED.
[17:23:00] [Server thread/INFO]: [WorldGuard] (survival_the_end) Lighters are PERMITTED.
[17:23:00] [Server thread/INFO]: [WorldGuard] (survival_the_end) Lava fire is blocked.
[17:23:00] [Server thread/INFO]: [WorldGuard] (survival_the_end) Fire spread is UNRESTRICTED.
[17:23:02] [Server thread/INFO]: [OnTime] Enabling OnTime v4.1.3
[17:23:02] [Server thread/INFO]: [EssentialsProtect] Enabling EssentialsProtect vTeamCity
[17:23:02] [Server thread/INFO]: [HeavySpleef] Enabling HeavySpleef v2.1.1
[17:23:03] [Server thread/INFO]: [MobArena] Enabling MobArena v0.97.1
[17:23:04] [Server thread/INFO]: [MobArena] v0.97.1 enabled.
[17:23:04] [Server thread/INFO]: [HolographicDisplays] Enabling HolographicDisplays v2.1.10
[17:23:04] [Server thread/INFO]: [TouchscreenHolograms] Enabling TouchscreenHolograms v1.3
[17:23:04] [Server thread/ERROR]: [Buycraft] Type /buycraft for further advice & help.
[17:23:58] [Server thread/INFO]: Staff: [Admin] UnSeen
[17:23:58] [Server thread/INFO]: Developers: [Dev] Popey
[17:24:53] [Server thread/INFO]: Staff: [Admin] UnSeen
[17:24:53] [Server thread/INFO]: Developers: [Dev] Popey
[17:25:47] [Server thread/INFO]: Staff: [Admin] UnSeen
[17:25:47] [Server thread/INFO]: Developers: [Dev] Popey
[17:26:41] [Server thread/INFO]: Popey456963 issued server command: /plugins
[17:26:42] [Server thread/INFO]: Staff: [Admin] UnSeen
[17:26:42] [Server thread/INFO]: Developers: [Dev] Popey
[17:26:42] [Server thread/INFO]: Popey456963 issued server command: /buy
[17:27:36] [Server thread/INFO]: Staff: [Admin] UnSeen
[17:27:36] [Server thread/INFO]: Developers: [Dev] Popey
[17:28:31] [Server thread/INFO]: Staff: [Admin] UnSeen
[17:28:31] [Server thread/INFO]: Developers: [Dev] Popey
[17:29:25] [Server thread/INFO]: Staff: [Admin] UnSeen
[17:29:25] [Server thread/INFO]: Developers: [Dev] Popey
[17:30:20] [Server thread/INFO]: Staff: [Admin] UnSeen
[17:30:20] [Server thread/INFO]: Developers: [Dev] Popey
[17:31:08] [Server thread/INFO]: Popey456963 issued server command: /plugins
[17:31:14] [Server thread/INFO]: Staff: [Admin] UnSeen
[17:31:14] [Server thread/INFO]: Developers: [Dev] Popey
[17:32:08] [Server thread/INFO]: Staff: [Admin] UnSeen
[17:32:08] [Server thread/INFO]: Developers: [Dev] Popey
[17:33:03] [Server thread/INFO]: Staff: [Admin] UnSeen
[17:33:03] [Server thread/INFO]: Developers: [Dev] Popey
[17:33:57] [Server thread/INFO]: Staff: [Admin] UnSeen
[17:33:57] [Server thread/INFO]: Developers: [Dev] Popey
[17:34:52] [Server thread/INFO]: Staff: [Admin] UnSeen
[17:34:52] [Server thread/INFO]: Developers: [Dev] Popey
[17:35:46] [Server thread/INFO]: Staff: [Admin] UnSeen
[17:35:46] [Server thread/INFO]: Developers: [Dev] Popey
[17:36:41] [Server thread/INFO]: Staff: [Admin] UnSeen
[17:36:41] [Server thread/INFO]: Developers: [Dev] Popey
[17:37:11] [Server thread/INFO]: AttrebusMede issued server command: /leave ma
[17:37:14] [Server thread/INFO]: AttrebusMede issued server command: /ma leave
[17:37:35] [Server thread/INFO]: Staff: [Admin] UnSeen
[17:37:35] [Server thread/INFO]: Developers: [Dev] Popey
[17:38:09] [Server thread/INFO]: Popey456963 issued server command: /commandsigns
[17:38:15] [Server thread/INFO]: Popey456963 issued server command: /commandsigns line1
[17:38:30] [Server thread/INFO]: Staff: [Admin] UnSeen
[17:38:30] [Server thread/INFO]: Developers: [Dev] Popey
[17:38:34] [Server thread/INFO]: Popey456963 issued server command: /ma leave
[17:38:38] [Server thread/INFO]: Popey456963 issued server command: /ma leave
[17:38:58] [Server thread/INFO]: Popey456963 issued server command: /commandsigns line1 /spleef join simple
[17:39:24] [Server thread/INFO]: Staff: [Admin] UnSeen
[17:39:24] [Server thread/INFO]: Developers: [Dev] Popey
[17:40:01] [Server thread/INFO]: Popey456963 issued server command: /spleef flag
[17:40:07] [Netty Epoll Server IO #6/INFO]: [Dev] Popey: 2 x spleef
[17:40:09] [Netty Epoll Server IO #6/INFO]: [Dev] Popey: 1 x splegg
[17:40:14] [Netty Epoll Server IO #6/INFO]: [Dev] Popey: 1 x bow spleef
[17:40:18] [Server thread/INFO]: Staff: [Admin] UnSeen
[17:40:18] [Server thread/INFO]: Developers: [Dev] Popey
[17:41:13] [Server thread/INFO]: Staff: [Admin] UnSeen
[17:41:13] [Server thread/INFO]: Developers: [Dev] Popey
[17:42:07] [Server thread/INFO]: Staff: [Admin] UnSeen
[17:42:07] [Server thread/INFO]: Developers: [Dev] Popey
[17:42:24] [Server thread/INFO]: Popey456963 left the game.
[17:43:02] [Server thread/INFO]: Staff: [Admin] UnSeen
[17:43:56] [Server thread/INFO]: Staff: [Admin] UnSeen
[17:43:56] [Server thread/INFO]: Developers: [Dev] Popey
[17:44:48] [Server thread/INFO]: Popey456963 issued server command: /spleef addfloor spleef
[17:44:51] [Server thread/INFO]: Staff: [Admin] UnSeen
[17:44:51] [Server thread/INFO]: Developers: [Dev] Popey
[17:44:55] [Server thread/INFO]: Popey456963 issued server command: /spleef addfloor spleef
[17:45:24] [Server thread/INFO]: Popey456963 issued server command: //set lava
[17:45:45] [Server thread/INFO]: Staff: [Admin] UnSeen
[17:45:45] [Server thread/INFO]: Developers: [Dev] Popey
[17:46:23] [Server thread/INFO]: Popey456963 issued server command: /spleef flag simple
[17:46:29] [Server thread/INFO]: Popey456963 issued server command: /spleef flag simple autostart 2
[17:46:35] [Server thread/INFO]: Popey456963 issued server command: /spleef flag spleef autostart
[17:46:40] [Server thread/INFO]: Staff: [Admin] UnSeen
[17:46:40] [Server thread/INFO]: Developers: [Dev] Popey
[17:46:54] [Server thread/INFO]: Popey456963 issued server command: /spleef flag spleef autostart 2
[17:47:08] [Server thread/INFO]: Popey456963 issued server command: /spleef flag spleef lobby
[17:47:11] [Server thread/INFO]: Popey456963 issued server command: /spawn
[17:47:19] [Server thread/INFO]: Popey456963 issued server command: /spleef flag spleef lose
[17:47:23] [Server thread/INFO]: Popey456963 issued server command: /spleef flag spleef min-players 2
[17:47:27] [Server thread/INFO]: Popey456963 issued server command: /spleef flag spleef max-players 10
[17:47:34] [Server thread/INFO]: Staff: [Admin] UnSeen
[17:47:34] [Server thread/INFO]: Developers: [Dev] Popey
[17:48:04] [Server thread/INFO]: Popey456963 issued server command: /spleef flag spleef winpoint
[17:48:12] [Server thread/INFO]: Popey456963 issued server command: /back
[17:48:29] [Server thread/INFO]: Staff: [Admin] UnSeen
[17:48:29] [Server thread/INFO]: Developers: [Dev] Popey
[17:49:23] [Server thread/INFO]: Staff: [Admin] UnSeen
[17:49:23] [Server thread/INFO]: Developers: [Dev] Popey
[17:50:17] [Server thread/INFO]: Staff: [Admin] UnSeen
[17:50:17] [Server thread/INFO]: Developers: [Dev] Popey
[17:51:12] [Server thread/INFO]: Staff: [Admin] UnSeen
[17:51:12] [Server thread/INFO]: Developers: [Dev] Popey
[17:52:06] [Server thread/INFO]: Staff: [Admin] UnSeen
[17:52:06] [Server thread/INFO]: Developers: [Dev] Popey
[17:53:01] [Server thread/INFO]: Staff: [AFK][Admin] UnSeen
[17:53:01] [Server thread/INFO]: Developers: [Dev] Popey
[17:53:55] [Server thread/INFO]: Staff: [AFK][Admin] UnSeen
[17:53:55] [Server thread/INFO]: Developers: [Dev] Popey
[17:54:50] [Server thread/INFO]: Staff: [AFK][Admin] UnSeen
[17:54:50] [Server thread/INFO]: Developers: [AFK][Dev] Popey
[17:55:44] [Server thread/INFO]: Staff: [AFK][Admin] UnSeen
[17:55:44] [Server thread/INFO]: Developers: [AFK][Dev] Popey
[17:56:39] [Server thread/INFO]: Staff: [AFK][Admin] UnSeen
[17:56:39] [Server thread/INFO]: Developers: [Dev] Popey
[17:56:39] [Server thread/INFO]: Popey456963 issued server command: /plugins
[17:56:42] [Server thread/INFO]: Popey456963 issued server command: /spleef join simple
[17:56:46] [Server thread/INFO]: Popey456963 issued server command: /spleef join spleef
[17:56:53] [Netty Epoll Server IO #8/INFO]: [Dev] Popey: ./spleef join spleef
[17:56:57] [Server thread/INFO]: AttrebusMede issued server command: /spleef join spleef
[17:57:33] [Server thread/INFO]: Staff: [Admin] UnSeen
[17:57:33] [Server thread/INFO]: Developers: [Dev] Popey
[17:57:45] [Server thread/INFO]: Popey456963 issued server command: /spleef leaderboard
[17:57:47] [Server thread/INFO]: Popey456963 issued server command: /spleef help
[17:58:24] [Server thread/INFO]: Popey456963 left the game.
[17:58:27] [Server thread/INFO]: Staff: [Admin] UnSeen
[17:59:22] [Server thread/INFO]: Staff: [Admin] UnSeen
[17:59:22] [Server thread/INFO]: Developers: [Dev] Popey
[18:00:16] [Server thread/INFO]: Staff: [Admin] UnSeen
[18:00:16] [Server thread/INFO]: Developers: [Dev] Popey
[18:01:11] [Server thread/INFO]: Staff: [Admin] UnSeen
[18:01:11] [Server thread/INFO]: Developers: [Dev] Popey
[18:02:05] [Server thread/INFO]: Staff: [Admin] UnSeen
[18:02:05] [Server thread/INFO]: Developers: [Dev] Popey
[18:03:00] [Server thread/INFO]: Staff: [Admin] UnSeen
[18:03:00] [Server thread/INFO]: Developers: [Dev] Popey
[18:03:54] [Server thread/INFO]: Staff: [Admin] UnSeen
[18:03:54] [Server thread/INFO]: Developers: [Dev] Popey
[18:04:08] [Server thread/INFO]: Popey456963 issued server command: /plugins
[18:04:45] [Server thread/INFO]: Popey456963 issued server command: /spleef join
[18:04:47] [Server thread/INFO]: Popey456963 issued server command: /spleef
[18:04:49] [Server thread/INFO]: Staff: [Admin] UnSeen
[18:04:49] [Server thread/INFO]: Developers: [Dev] Popey
[18:05:43] [Server thread/INFO]: Staff: [Admin] UnSeen
[18:05:43] [Server thread/INFO]: Developers: [Dev] Popey
[18:06:37] [Server thread/INFO]: Staff: [Admin] UnSeen
[18:06:37] [Server thread/INFO]: Developers: [Dev] Popey
[18:07:09] [Server thread/INFO]: Popey456963 issued server command: /gamemode 0
[18:07:13] [Server thread/INFO]: Popey456963 issued server command: /gamemode 1
[18:07:14] [Server thread/INFO]: Popey456963 issued server command: /gamemode 0
[18:07:20] [Netty Epoll Server IO #10/INFO]: [Dev] Popey: test
[18:07:32] [Server thread/INFO]: Staff: [Admin] UnSeen
[18:07:32] [Server thread/INFO]: Developers: [Dev] Popey
[18:08:26] [Server thread/INFO]: Staff: [Admin] UnSeen
[18:08:26] [Server thread/INFO]: Developers: [Dev] Popey
[18:08:32] [Server thread/INFO]: Popey456963 issued server command: /feed
[18:09:01] [Server thread/INFO]: Popey456963 issued server command: /gamemode 0 AttrebusMede
[18:09:11] [Server thread/INFO]: Popey456963 issued server command: /gamemode 1 AttrebusMede
[18:09:21] [Server thread/INFO]: Staff: [Admin] UnSeen
[18:09:21] [Server thread/INFO]: Developers: [Dev] Popey
[18:10:15] [Server thread/INFO]: Staff: [Admin] UnSeen
[18:10:15] [Server thread/INFO]: Developers: [Dev] Popey
[18:10:27] [Server thread/INFO]: Popey456963 issued server command: /lc
[18:10:32] [Server thread/ERROR]: null
[18:10:35] [Server thread/ERROR]: null
[18:11:10] [Server thread/INFO]: Staff: [Admin] UnSeen
[18:11:10] [Server thread/INFO]: Developers: [Dev] Popey
[18:11:17] [Server thread/INFO]: Popey456963 issued server command: /gamemode 1
[18:11:21] [Server thread/INFO]: Popey456963 issued server command: /gamemode
[18:12:04] [Server thread/INFO]: Staff: [Admin] UnSeen
[18:12:04] [Server thread/INFO]: Developers: [Dev] Popey
[18:12:59] [Server thread/INFO]: Staff: [Admin] UnSeen
[18:12:59] [Server thread/INFO]: Developers: [Dev] Popey
[18:13:53] [Server thread/INFO]: Staff: [Admin] UnSeen
[18:13:53] [Server thread/INFO]: Developers: [Dev] Popey
[18:14:47] [Server thread/INFO]: Staff: [Admin] UnSeen
[18:14:47] [Server thread/INFO]: Developers: [Dev] Popey
[18:15:42] [Server thread/INFO]: Staff: [AFK][Admin] UnSeen
[18:15:42] [Server thread/INFO]: Developers: [Dev] Popey
[18:15:44] [Server thread/INFO]: Popey456963 left the game.
[18:16:36] [Server thread/INFO]: Staff: [AFK][Admin] UnSeen
[18:17:31] [Server thread/INFO]: Staff: [AFK][Admin] UnSeen
[18:18:25] [Server thread/INFO]: Staff: [AFK][Admin] UnSeen
[18:18:54] [Server thread/INFO]: Popey456963 issued server command: /plugins
[18:19:20] [Server thread/INFO]: Staff: [AFK][Admin] UnSeen
[18:19:20] [Server thread/INFO]: Developers: [Dev] Popey
[18:20:14] [Server thread/INFO]: Staff: [AFK][Admin] UnSeen
[18:20:14] [Server thread/INFO]: Developers: [Dev] Popey
[18:21:09] [Server thread/INFO]: Staff: [AFK][Admin] UnSeen
[18:21:09] [Server thread/INFO]: Developers: [Dev] Popey
[18:22:03] [Server thread/INFO]: Staff: [AFK][Admin] UnSeen
[18:22:03] [Server thread/INFO]: Developers: [Dev] Popey
[18:22:57] [Server thread/INFO]: Staff: [AFK][Admin] UnSeen
[18:22:57] [Server thread/INFO]: Developers: [Dev] Popey
[18:23:52] [Server thread/INFO]: Staff: [AFK][Admin] UnSeen
[18:23:52] [Server thread/INFO]: Developers: [Dev] Popey
[18:24:00] [Server thread/INFO]: Popey456963 issued server command: /plugins
[18:24:46] [Server thread/INFO]: Staff: [AFK][Admin] UnSeen
[18:24:46] [Server thread/INFO]: Developers: [Dev] Popey
[18:25:41] [Server thread/INFO]: Staff: [AFK][Admin] UnSeen
[18:25:41] [Server thread/INFO]: Developers: [Dev] Popey
[18:26:35] [Server thread/INFO]: Staff: [AFK][Admin] UnSeen
[18:26:35] [Server thread/INFO]: Developers: [Dev] Popey
[18:27:30] [Server thread/INFO]: Staff: [AFK][Admin] UnSeen
[18:27:30] [Server thread/INFO]: Developers: [Dev] Popey
[18:28:24] [Server thread/INFO]: Staff: [AFK][Admin] UnSeen
[18:28:24] [Server thread/INFO]: Developers: [Dev] Popey
[18:29:19] [Server thread/INFO]: Staff: [AFK][Admin] UnSeen
[18:29:19] [Server thread/INFO]: Developers: [Dev] Popey
[18:30:13] [Server thread/INFO]: Staff: [AFK][Admin] UnSeen
[18:30:13] [Server thread/INFO]: Developers: [AFK][Dev] Popey
[18:31:07] [Server thread/INFO]: Staff: [AFK][Admin] UnSeen
[18:31:07] [Server thread/INFO]: Developers: [AFK][Dev] Popey
[18:32:02] [Server thread/INFO]: Staff: [AFK][Admin] UnSeen
[18:32:02] [Server thread/INFO]: Developers: [AFK][Dev] Popey
[18:32:56] [Server thread/INFO]: Staff: [AFK][Admin] UnSeen
[18:32:56] [Server thread/INFO]: Developers: [AFK][Dev] Popey
[18:33:47] [Server thread/INFO]: Popey456963 left the game.
[18:33:51] [Server thread/INFO]: Staff: [AFK][Admin] UnSeen
[18:34:45] [Server thread/INFO]: Staff: [AFK][Admin] UnSeen
[18:35:40] [Server thread/INFO]: Staff: [AFK][Admin] UnSeen
[18:36:34] [Server thread/INFO]: Staff: [AFK][Admin] UnSeen
[18:37:29] [Server thread/INFO]: Staff: [AFK][Admin] UnSeen
[18:37:29] [Server thread/INFO]: Developers: [Dev] Popey
[18:38:23] [Server thread/INFO]: Staff: [AFK][Admin] UnSeen
[18:38:23] [Server thread/INFO]: Developers: [Dev] Popey
[18:39:17] [Server thread/INFO]: Staff: [AFK][Admin] UnSeen
[18:39:17] [Server thread/INFO]: Developers: [Dev] Popey
[18:40:12] [Server thread/INFO]: Staff: [AFK][Admin] UnSeen
[18:40:12] [Server thread/INFO]: Developers: [Dev] Popey
[18:41:06] [Server thread/INFO]: Staff: [AFK][Admin] UnSeen
[18:41:06] [Server thread/INFO]: Developers: [Dev] Popey
[18:41:29] [Server thread/INFO]: Popey456963 issued server command: /plugins
[18:42:01] [Server thread/INFO]: Staff: [AFK][Admin] UnSeen
[18:42:01] [Server thread/INFO]: Developers: [Dev] Popey
[18:42:55] [Server thread/INFO]: Staff: [AFK][Admin] UnSeen
[18:42:55] [Server thread/INFO]: Developers: [Dev] Popey
[18:43:50] [Server thread/INFO]: Staff: [AFK][Admin] UnSeen
[18:43:50] [Server thread/INFO]: Developers: [Dev] Popey
[18:44:44] [Server thread/INFO]: Staff: [AFK][Admin] UnSeen
[18:44:44] [Server thread/INFO]: Developers: [Dev] Popey
[18:45:39] [Server thread/INFO]: Staff: [AFK][Admin] UnSeen
[18:45:39] [Server thread/INFO]: Developers: [Dev] Popey
[18:46:33] [Server thread/INFO]: Staff: [AFK][Admin] UnSeen
[18:46:33] [Server thread/INFO]: Developers: [Dev] Popey
[18:47:27] [Server thread/INFO]: Staff: [AFK][Admin] UnSeen
[18:47:27] [Server thread/INFO]: Developers: [Dev] Popey
[18:48:17] [Server thread/INFO]: Popey456963 issued server command: /pex user AttrebusMede prefix set
[18:48:21] [Server thread/INFO]: Popey456963 issued server command: /pex user AttrebusMede prefix test
[18:48:22] [Server thread/INFO]: Staff: [AFK]testUnSeen
[18:48:22] [Server thread/INFO]: Developers: [Dev] Popey
[18:48:32] [Netty Epoll Server IO #4/INFO]: testUnSeen: aaaaaaaaaa
[18:48:39] [Netty Epoll Server IO #4/INFO]: testUnSeen: a
[18:49:16] [Server thread/INFO]: Staff: testUnSeen
[18:49:16] [Server thread/INFO]: Developers: [Dev] Popey
[18:49:22] [Server thread/INFO]: Popey456963 issued server command: /pex user AttrebusMede prefix [&6H-Admin&f]
[18:49:27] [Netty Epoll Server IO #2/INFO]: [Dev] Popey: Speeeak!
[18:49:32] [Netty Epoll Server IO #4/INFO]: [H-Admin]UnSeen: a
[18:49:43] [Netty Epoll Server IO #2/INFO]: [Dev] Popey: Hm.
[18:49:44] [Netty Epoll Server IO #4/INFO]: [H-Admin]UnSeen: PUT THE FULL WORD YOU PIKEY
[18:49:46] [Netty Epoll Server IO #4/INFO]: [H-Admin]UnSeen: <3
[18:49:50] [Server thread/INFO]: Popey456963 issued server command: /pex user AttrebusMede prefix [&6Head-Admin&f]
[18:49:55] [Netty Epoll Server IO #4/INFO]: [Head-Admin]UnSeen: a
[18:50:11] [Server thread/INFO]: Staff: [Head-Admin]UnSeen
[18:50:11] [Server thread/INFO]: Developers: [Dev] Popey
[18:51:05] [Server thread/INFO]: Staff: [Head-Admin]UnSeen
[18:51:05] [Server thread/INFO]: Developers: [Dev] Popey
[18:51:32] [Server thread/INFO]: Popey456963 issued server command: /pex user minelittleyoshi group set mod
[18:52:00] [Server thread/INFO]: Staff: [Head-Admin]UnSeen
[18:52:00] [Server thread/INFO]: Developers: [Dev] Popey
[18:52:54] [Server thread/INFO]: Staff: [Head-Admin]UnSeen
[18:52:54] [Server thread/INFO]: Developers: [Dev] Popey
[18:53:07] [Netty Epoll Server IO #2/INFO]: [Dev] Popey: AttrebusMede
[18:53:10] [Netty Epoll Server IO #4/INFO]: [Head-Admin]UnSeen: a
[18:53:12] [Netty Epoll Server IO #4/INFO]: [Head-Admin]UnSeen: Yes SIR
[18:53:49] [Server thread/INFO]: Staff: [Head-Admin]UnSeen
[18:53:49] [Server thread/INFO]: Developers: [Dev] Popey
[18:54:39] [Server thread/INFO]: AttrebusMede left the game.
[18:54:43] [Server thread/INFO]: Developers: [Dev] Popey
[18:55:37] [Server thread/INFO]: Developers: [Dev] Popey
[18:55:46] [Netty Epoll Server IO #2/INFO]: [Dev] Popey: test
[18:56:32] [Server thread/INFO]: Developers: [Dev] Popey
[18:57:26] [Server thread/INFO]: Developers: [Dev] Popey
[18:58:17] [Server thread/INFO]: Popey456963 issued server command: /pex user Raichu3000 group set Mod
[18:58:21] [Server thread/INFO]: Developers: [Dev] Popey
[18:59:15] [Server thread/INFO]: Developers: [Dev] Popey
[19:00:10] [Server thread/INFO]: Developers: [Dev] Popey
[19:01:04] [Server thread/INFO]: Developers: [Dev] Popey
[19:01:59] [Server thread/INFO]: Developers: [Dev] Popey
[19:02:53] [Server thread/INFO]: Developers: [Dev] Popey
[19:03:47] [Server thread/INFO]: Developers: [AFK][Dev] Popey
[19:03:51] [Server thread/INFO]: Popey456963 issued server command: /pex
[19:03:52] [Server thread/INFO]: Popey456963 issued server command: /pex reload
[19:03:57] [Server thread/INFO]: Popey456963 left the game.
[19:20:08] [Server thread/INFO]: Developers: [Dev] Popey
[19:21:02] [Server thread/INFO]: Developers: [Dev] Popey
[19:21:56] [Server thread/INFO]: Developers: [Dev] Popey
[19:22:51] [Server thread/INFO]: Developers: [Dev] Popey
[19:23:45] [Server thread/INFO]: Developers: [Dev] Popey
[19:24:40] [Server thread/INFO]: Developers: [Dev] Popey
[19:25:34] [Server thread/INFO]: Developers: [Dev] Popey
[19:26:29] [Server thread/INFO]: Developers: [Dev] Popey
[19:27:23] [Server thread/INFO]: Developers: [AFK][Dev] Popey
[19:28:18] [Server thread/INFO]: Developers: [AFK][Dev] Popey
[19:29:12] [Server thread/INFO]: Developers: [AFK][Dev] Popey
[19:30:06] [Server thread/INFO]: Developers: [AFK][Dev] Popey
[19:31:01] [Server thread/INFO]: Developers: [AFK][Dev] Popey
[19:31:55] [Server thread/INFO]: Developers: [AFK][Dev] Popey
[19:32:50] [Server thread/INFO]: Developers: [AFK][Dev] Popey
[19:33:44] [Server thread/INFO]: Developers: [AFK][Dev] Popey
[19:34:39] [Server thread/INFO]: Developers: [AFK][Dev] Popey
[19:35:33] [Server thread/INFO]: Developers: [AFK][Dev] Popey
[19:36:28] [Server thread/INFO]: Developers: [AFK][Dev] Popey
[19:37:22] [Server thread/INFO]: Developers: [AFK][Dev] Popey
[19:38:16] [Server thread/INFO]: Developers: [AFK][Dev] Popey
[19:39:11] [Server thread/INFO]: Developers: [AFK][Dev] Popey
[19:40:05] [Server thread/INFO]: Developers: [AFK][Dev] Popey
[19:41:00] [Server thread/INFO]: Developers: [AFK][Dev] Popey
[19:41:54] [Server thread/INFO]: Developers: [AFK][Dev] Popey
[19:42:49] [Server thread/INFO]: Developers: [AFK][Dev] Popey
[19:43:43] [Server thread/INFO]: Developers: [AFK][Dev] Popey
[19:44:38] [Server thread/INFO]: Developers: [AFK][Dev] Popey
[19:45:32] [Server thread/INFO]: Developers: [AFK][Dev] Popey
[19:46:26] [Server thread/INFO]: Developers: [AFK][Dev] Popey
[19:47:21] [Server thread/INFO]: Developers: [AFK][Dev] Popey
[19:48:15] [Server thread/INFO]: Developers: [AFK][Dev] Popey
[19:49:10] [Server thread/INFO]: Developers: [AFK][Dev] Popey
[19:49:56] [Server thread/INFO]: Popey456963 issued server command: /plugins
[19:50:04] [Server thread/INFO]: Developers: [Dev] Popey
[19:50:17] [Server thread/INFO]: Popey456963 issued server command: /hd help
[19:50:59] [Server thread/INFO]: Developers: [Dev] Popey
[19:51:53] [Server thread/INFO]: Developers: [Dev] Popey
[19:52:48] [Server thread/INFO]: Developers: [Dev] Popey
[19:53:29] [Server thread/INFO]: Popey456963 issued server command: /hd edit
[19:53:31] [Server thread/INFO]: Popey456963 issued server command: /hd edit test
[19:53:38] [Server thread/INFO]: Popey456963 issued server command: /hd edit shop
[19:53:42] [Server thread/INFO]: Developers: [Dev] Popey
[19:54:36] [Server thread/INFO]: Developers: [Dev] Popey
[19:55:31] [Server thread/INFO]: Developers: [Dev] Popey
[19:56:25] [Server thread/INFO]: Developers: [Dev] Popey
[19:57:20] [Server thread/INFO]: Developers: [Dev] Popey
[19:58:14] [Server thread/INFO]: Developers: [Dev] Popey
[19:59:09] [Server thread/INFO]: Developers: [AFK][Dev] Popey
[20:00:03] [Server thread/INFO]: Developers: [AFK][Dev] Popey
[20:00:58] [Server thread/INFO]: Developers: [AFK][Dev] Popey
[20:01:52] [Server thread/INFO]: Developers: [AFK][Dev] Popey
[20:02:46] [Server thread/INFO]: Developers: [AFK][Dev] Popey
[20:03:08] [Server thread/INFO]: Popey456963 issued server command: /lagg
[20:03:10] [Server thread/INFO]: Popey456963 issued server command: /lagg
[20:03:11] [Server thread/INFO]: Popey456963 issued server command: /lag
[20:03:12] [Server thread/INFO]: Popey456963 issued server command: /lag help
[20:03:14] [Server thread/INFO]: Popey456963 issued server command: /plugins
[20:03:41] [Server thread/INFO]: Developers: [Dev] Popey
[20:04:35] [Server thread/INFO]: Developers: [Dev] Popey
[20:05:30] [Server thread/INFO]: Developers: [Dev] Popey
[20:06:24] [Server thread/INFO]: Developers: [Dev] Popey
[20:07:19] [Server thread/INFO]: Developers: [Dev] Popey
[20:08:13] [Server thread/INFO]: Developers: [Dev] Popey
[20:09:08] [Server thread/INFO]: Developers: [AFK][Dev] Popey
[20:10:02] [Server thread/INFO]: Developers: [AFK][Dev] Popey
[20:10:56] [Server thread/INFO]: Developers: [AFK][Dev] Popey
[20:11:51] [Server thread/INFO]: Developers: [AFK][Dev] Popey
[20:12:45] [Server thread/INFO]: Developers: [AFK][Dev] Popey
[20:13:40] [Server thread/INFO]: Developers: [AFK][Dev] Popey
[20:14:34] [Server thread/INFO]: Developers: [AFK][Dev] Popey
[20:15:29] [Server thread/INFO]: Developers: [AFK][Dev] Popey
[20:16:23] [Server thread/INFO]: Developers: [AFK][Dev] Popey
[20:17:18] [Server thread/INFO]: Developers: [AFK][Dev] Popey
[20:18:12] [Server thread/INFO]: Developers: [AFK][Dev] Popey
[20:19:06] [Server thread/INFO]: Developers: [AFK][Dev] Popey
[20:19:13] [Server thread/INFO]: Popey456963 issued server command: /plugins
[20:19:34] [Server thread/INFO]: Popey456963 issued server command: /lr
[20:19:48] [Server thread/INFO]: Popey456963 issued server command: /lr lagg
[20:19:50] [Server thread/INFO]: Popey456963 issued server command: /lr ram
[20:19:55] [Server thread/INFO]: Popey456963 issued server command: /lr master
[20:19:59] [Server thread/INFO]: Popey456963 issued server command: /lr help 2
[20:20:01] [Server thread/INFO]: Developers: [Dev] Popey
[20:20:09] [Server thread/INFO]: Popey456963 issued server command: /lr items
[20:20:10] [Server thread/INFO]: Popey456963 issued server command: /lr help 3
[20:20:13] [Server thread/INFO]: Popey456963 issued server command: /lr gc
[20:20:55] [Server thread/INFO]: Developers: [Dev] Popey
[20:21:50] [Server thread/INFO]: Developers: [Dev] Popey
[20:22:44] [Server thread/INFO]: Developers: [Dev] Popey
[20:23:39] [Server thread/INFO]: Developers: [Dev] Popey
[20:24:33] [Server thread/INFO]: Developers: [Dev] Popey
[20:25:28] [Server thread/INFO]: Developers: [AFK][Dev] Popey
[20:26:22] [Server thread/INFO]: Developers: [AFK][Dev] Popey
[20:27:16] [Server thread/INFO]: Developers: [AFK][Dev] Popey
[20:28:11] [Server thread/INFO]: Developers: [AFK][Dev] Popey
[20:29:05] [Server thread/INFO]: Developers: [AFK][Dev] Popey
[20:30:00] [Server thread/INFO]: Developers: [AFK][Dev] Popey
[20:30:54] [Server thread/INFO]: Developers: [AFK][Dev] Popey
[20:31:49] [Server thread/INFO]: Developers: [AFK][Dev] Popey
[20:32:43] [Server thread/INFO]: Developers: [AFK][Dev] Popey
[20:33:38] [Server thread/INFO]: Developers: [AFK][Dev] Popey
[20:34:32] [Server thread/INFO]: Developers: [AFK][Dev] Popey
[20:35:26] [Server thread/INFO]: Developers: [AFK][Dev] Popey
[20:36:21] [Server thread/INFO]: Developers: [AFK][Dev] Popey
[20:37:15] [Server thread/INFO]: Developers: [AFK][Dev] Popey
[20:38:10] [Server thread/INFO]: Developers: [AFK][Dev] Popey
[20:39:04] [Server thread/INFO]: Developers: [AFK][Dev] Popey
[20:39:59] [Server thread/INFO]: Developers: [AFK][Dev] Popey
[20:40:15] [Server thread/INFO]: Stopping the server
[20:40:16] [Server thread/INFO]: Stopping server
[20:40:16] [Server thread/INFO]: [TouchscreenHolograms] Disabling TouchscreenHolograms v1.3
[20:40:16] [Server thread/INFO]: [HolographicDisplays] Disabling HolographicDisplays v2.1.10
[20:40:16] [Server thread/INFO]: [MobArena] Disabling MobArena v0.97.1
[20:40:16] [Server thread/INFO]: [MobArena] disabled.
[20:40:16] [Server thread/INFO]: [HeavySpleef] Disabling HeavySpleef v2.1.1
[20:40:16] [Server thread/INFO]: [EssentialsProtect] Disabling EssentialsProtect vTeamCity
[20:40:16] [Server thread/INFO]: [OnTime] Disabling OnTime v4.1.3
[20:40:16] [Server thread/INFO]: [WorldGuard] Disabling WorldGuard v6.1
[20:40:16] [Server thread/INFO]: [WorldGuard] Shutting down executor and waiting for any pending tasks...
[20:40:16] [Server thread/INFO]: [ProtocolLib] Disabling ProtocolLib v3.6.4
[20:40:16] [Server thread/INFO]: [MassiveCore] Disabling MassiveCore v2.8.0
[20:40:16] [Server thread/INFO]: [MassiveCore 2.8.0] Disabled
[20:40:16] [Server thread/INFO]: [LaggRemover] Disabling LaggRemover v0.1.9
[20:40:16] [Server thread/INFO]: [LaggRemover] LaggRemover has been disabled!
[20:40:16] [Server thread/INFO]: [EssentialsSpawn] Disabling EssentialsSpawn vTeamCity
[20:40:16] [Server thread/INFO]: [CommandSigns] Disabling CommandSigns v1.9.3.2
[20:40:16] [Server thread/INFO]: [Vault] Disabling Vault v1.5.6-b49
[20:40:16] [Server thread/INFO]: [Random_Spawn] Disabling Random_Spawn v2.6
[20:40:16] [Server thread/INFO]: [mcMMO] Disabling mcMMO v1.5.00-b3547
[20:40:16] [Server thread/INFO]: [Buycraft] Disabling Buycraft v6.8.2
[20:40:16] [Server thread/INFO]: [Buycraft] Plugin has been disabled.
[20:40:16] [Server thread/INFO]: [Essentials] Disabling Essentials vTeamCity
[20:40:16] [Server thread/INFO]: [Announcement] Disabling Announcement v1.0.3
[20:40:16] [Server thread/INFO]: [WorldEdit] Disabling WorldEdit v6.1;no_git_id
[20:40:16] [Server thread/INFO]: [CoreProtect] Disabling CoreProtect v2.12.0
[20:40:17] [Server thread/INFO]: [CoreProtect] Success! Resuming server shutdown.
[20:40:17] [Server thread/INFO]: Popey456963 left the game.
