[20:59:22] [Server thread/INFO]: Stopping the server
[20:59:22] [Server thread/INFO]: Stopping server
[20:59:22] [Server thread/INFO]: [CraftBook] Disabling CraftBook v3.9-SNAPSHOT
[20:59:22] [Server thread/INFO]: [OnTime] Disabling OnTime v4.1.3
[20:59:22] [Server thread/INFO]: [EpicSpleef] Disabling EpicSpleef v0.0.19
[20:59:24] [Server thread/INFO]: [SkyWars] Disabling SkyWars v1.1-m16
[20:59:26] [Server thread/INFO]: [Multiverse-Core] World 'island-0' was unloaded from memory.
[20:59:26] [Server thread/INFO]: [Multiverse-Core] World island-0 was DELETED.
[20:59:27] [Server thread/INFO]: [CommandSigns] Disabling CommandSigns v1.9.3.2
[20:59:27] [Server thread/INFO]: [HolographicDisplays] Disabling HolographicDisplays v2.1.10
[20:59:27] [Server thread/INFO]: [TNTRun] Disabling TNTRun v3.4
[20:59:27] [Server thread/INFO]: [MobArena] Disabling MobArena v0.97.1
[20:59:29] [Server thread/INFO]: [MobArena] disabled.
[20:59:29] [Server thread/INFO]: [Minigames] Disabling Minigames v1.7.0
[20:59:29] [Server thread/INFO]: Minigames successfully disabled.
[20:59:29] [Server thread/INFO]: [MinigamesLib] Disabling MinigamesLib v1.13.1
[20:59:29] [Server thread/INFO]: [MassiveCore] Disabling MassiveCore v2.8.0
[20:59:29] [Server thread/INFO]: [MassiveCore 2.8.0] Disabled
[20:59:29] [Server thread/INFO]: [EssentialsSpawn] Disabling EssentialsSpawn vTeamCity
[20:59:29] [Server thread/INFO]: [Vault] Disabling Vault v1.5.6-b49
[20:59:29] [Server thread/INFO]: [Multiverse-Portals] Disabling Multiverse-Portals v2.4-b548
[20:59:29] [Server thread/INFO]: [SuperVanish] Disabling SuperVanish v5.4.3
[20:59:29] [Server thread/INFO]: [Multiverse-NetherPortals] Disabling Multiverse-NetherPortals v2.4-b530
[20:59:29] [Server thread/INFO]: [MultiVerse-NetherPortals] - Disabled
[20:59:29] [Server thread/INFO]: [mcMMO] Disabling mcMMO v1.5.00-b3547
