[23:13:13] [Server thread/INFO]: Loading properties
[23:13:13] [Server thread/INFO]: Default game type: SURVIVAL
[23:13:14] [Server thread/INFO]: Using epoll channel type
[23:13:14] [Server thread/INFO]: [WorldEdit] Loading WorldEdit v5.6.1
[23:13:14] [Server thread/INFO]: [Essentials] Loading Essentials vTeamCity
[23:13:14] [Server thread/INFO]: [VoxelSniper] Loading VoxelSniper v7.1.0
[23:13:14] [Server thread/INFO]: [Vault] Loading Vault v1.5.6-b49
[23:13:14] [Server thread/INFO]: [EssentialsSpawn] Loading EssentialsSpawn vTeamCity
[23:13:14] [Server thread/INFO]: [WorldGuard] Loading WorldGuard v6.1
[23:13:14] [Server thread/INFO]: [Multiverse-Core] Loading Multiverse-Core v2.4-b527
[23:13:14] [Server thread/INFO]: [OnTime] Loading OnTime v4.1.3
[23:13:14] [Server thread/INFO]: [EssentialsProtect] Loading EssentialsProtect vTeamCity
[23:13:14] [Server thread/INFO]: [HeavySpleef] Loading HeavySpleef v2.1.1
[23:13:14] [Server thread/INFO]: [Minigames] Loading Minigames v1.7.0
[23:13:14] [Server thread/INFO]: [MobArena] Loading MobArena v0.97.1
[23:13:14] [Server thread/INFO]: [CraftBook] Loading CraftBook v3.9-SNAPSHOT
[23:13:14] [Server thread/INFO]: [Multiverse-NetherPortals] Loading Multiverse-NetherPortals v2.4-b530
[23:13:14] [Server thread/INFO]: [Multiverse-Portals] Loading Multiverse-Portals v2.4-b548
[23:13:14] [Server thread/INFO]: [Vault] Enabling Vault v1.5.6-b49
[23:13:16] [Server thread/INFO]: [WorldEdit] Enabling WorldEdit v5.6.1
[23:13:16] [Server thread/INFO]: [Essentials] Enabling Essentials vTeamCity
[23:13:16] [Server thread/INFO]: git-Bukkit-9935adc (MC: 1.8.8)
[23:13:16] [Server thread/INFO]: 1.8.8-R0.1-SNAPSHOT
[23:13:16] [Server thread/INFO]: Using locale en_GB
[23:13:16] [Server thread/INFO]: Using locale en_GB
[23:13:16] [Server thread/INFO]: [VoxelSniper] Enabling VoxelSniper v7.1.0
[23:13:16] [Server thread/INFO]: [EssentialsSpawn] Enabling EssentialsSpawn vTeamCity
[23:13:16] [Server thread/INFO]: [WorldGuard] Enabling WorldGuard v6.1
[23:13:17] [Server thread/INFO]: [WorldGuard] (TEST) Lighters are PERMITTED.
[23:13:17] [Server thread/INFO]: [WorldGuard] (TEST) Lava fire is blocked.
[23:13:17] [Server thread/INFO]: [WorldGuard] (TEST) Fire spread is UNRESTRICTED.
[23:13:17] [Server thread/INFO]: [WorldGuard] (TEST_nether) Lighters are PERMITTED.
[23:13:17] [Server thread/INFO]: [WorldGuard] (TEST_nether) Lava fire is blocked.
[23:13:17] [Server thread/INFO]: [WorldGuard] (TEST_nether) Fire spread is UNRESTRICTED.
[23:13:17] [Server thread/INFO]: [WorldGuard] (TEST_the_end) Lighters are PERMITTED.
[23:13:17] [Server thread/INFO]: [WorldGuard] (TEST_the_end) Lava fire is blocked.
[23:13:17] [Server thread/INFO]: [WorldGuard] (TEST_the_end) Fire spread is UNRESTRICTED.
[23:13:17] [Server thread/INFO]: [Multiverse-Core] Enabling Multiverse-Core v2.4-b527
[23:13:17] [Server thread/INFO]: [Multiverse-Core] Loading World & Settings - 'TEST' - Env: NORMAL - Type: NORMAL & seed: -2024018835920597302
[23:13:17] [Server thread/INFO]: [Multiverse-Core] Loading World & Settings - 'TEST_nether' - Env: NETHER - Type: NORMAL & seed: -2024018835920597302
[23:13:17] [Server thread/INFO]: [Multiverse-Core] Loading World & Settings - 'TEST_the_end' - Env: THE_END - Type: NORMAL & seed: -2024018835920597302
[23:13:17] [Server thread/INFO]: [Multiverse-Core] Loading World & Settings - 'lobby' - Env: NORMAL - Type: NORMAL & seed: -3770714656453924402
[23:13:18] [Server thread/INFO]: [WorldGuard] (lobby) Lighters are PERMITTED.
[23:13:18] [Server thread/INFO]: [WorldGuard] (lobby) Lava fire is blocked.
[23:13:18] [Server thread/INFO]: [WorldGuard] (lobby) Fire spread is UNRESTRICTED.
[23:13:18] [Server thread/INFO]: [Multiverse-Core] Loading World & Settings - 'minigames' - Env: NORMAL - Type: FLAT & seed: 2973644325369467684
[23:13:18] [Server thread/INFO]: [WorldGuard] (minigames) Lighters are PERMITTED.
[23:13:18] [Server thread/INFO]: [WorldGuard] (minigames) Lava fire is blocked.
[23:13:18] [Server thread/INFO]: [WorldGuard] (minigames) Fire spread is UNRESTRICTED.
[23:13:18] [Server thread/INFO]: [Multiverse-Core] Loading World & Settings - 'Skyscraper' - Env: NORMAL - Type: FLAT & seed: -2845274568091306621
[23:13:18] [Server thread/INFO]: [WorldGuard] (Skyscraper) Lighters are PERMITTED.
[23:13:18] [Server thread/INFO]: [WorldGuard] (Skyscraper) Lava fire is blocked.
[23:13:18] [Server thread/INFO]: [WorldGuard] (Skyscraper) Fire spread is UNRESTRICTED.
[23:13:18] [Server thread/INFO]: [Multiverse-Core] 6 - World(s) loaded.
[23:13:18] [Server thread/INFO]: [OnTime] Enabling OnTime v4.1.3
[23:13:18] [Server thread/INFO]: [EssentialsProtect] Enabling EssentialsProtect vTeamCity
[23:13:19] [Server thread/INFO]: [HeavySpleef] Enabling HeavySpleef v2.1.1
[23:13:19] [Server thread/INFO]: [Minigames] Enabling Minigames v1.7.0
[23:13:19] [Server thread/INFO]: [Minigames] Using lang en_AU
[23:13:19] [Server thread/INFO]: Minigames successfully enabled.
[23:13:19] [Server thread/INFO]: [MobArena] Enabling MobArena v0.97.1
[23:13:19] [Server thread/INFO]: [MobArena] Loaded arena 'default'
[23:13:19] [Server thread/INFO]: [MobArena] Loaded arena 'god-arena'
[23:13:19] [Server thread/INFO]: [MobArena] v0.97.1 enabled.
[23:13:19] [Server thread/INFO]: [CraftBook] Enabling CraftBook v3.9-SNAPSHOT
[23:13:19] [Server thread/INFO]: [CraftBook] Successfully added 1 CommandItems!
[23:13:19] [Server thread/INFO]: [CraftBook] Registered 3 custom recipes!
[23:13:19] [Server thread/INFO]: [CraftBook] 3824 chunk(s) for 6 world(s) processed (34ms elapsed)
[23:13:19] [Server thread/INFO]: [Multiverse-NetherPortals] Enabling Multiverse-NetherPortals v2.4-b530
[23:13:19] [Server thread/INFO]: [Multiverse-Portals] Enabling Multiverse-Portals v2.4-b548
[23:13:19] [Server thread/INFO]: [Multiverse-Portals]  1 - Portals(s) loaded
[23:13:42] [Server thread/INFO]: Twiixtor issued server command: //hcyl
[23:13:51] [Server thread/INFO]: Twiixtor issued server command: //hcyl 35:14 5
[23:13:54] [Server thread/INFO]: Twiixtor issued server command: //undo
[23:13:58] [Server thread/INFO]: Twiixtor issued server command: //hcyl 35:14 50
[23:13:59] [Server thread/INFO]: Giving 1 of banner to [Dev] Popey.
[23:14:06] [Server thread/INFO]: dev: [Dev] Chris, [Dev] Popey, [Dev] Twiixtor
[23:14:06] [Server thread/INFO]: member: [Member] minelittleyoshi, [Member] Raichu3000
[23:14:06] [Server thread/INFO]: Twiixtor issued server command: //undo
[23:14:11] [Server thread/INFO]: Twiixtor issued server command: //hcyl 35:14 80
[23:14:36] [Server thread/INFO]: Twiixtor issued server command: //undo
[23:14:39] [Server thread/INFO]: Twiixtor issued server command: //hcyl 35:14 50
[23:14:52] [Server thread/INFO]: dev: [Dev] Chris, [Dev] Popey, [Dev] Twiixtor
[23:14:52] [Server thread/INFO]: member: [Member] minelittleyoshi, [Member] Raichu3000
[23:15:21] [Server thread/INFO]: Twiixtor issued server command: /i wood 1
[23:15:36] [Server thread/INFO]: Twiixtor issued server command: //copy
[23:15:38] [Server thread/INFO]: Twiixtor issued server command: /i stick 1
[23:15:39] [Server thread/INFO]: dev: [Dev] Chris, [Dev] Popey, [Dev] Twiixtor
[23:15:39] [Server thread/INFO]: member: [Member] minelittleyoshi, [Member] Raichu3000
[23:15:42] [Server thread/INFO]: Twiixtor issued server command: /powertool /paste
[23:15:44] [Server thread/INFO]: [PT] Twiixtor issued server command: //paste
[23:15:47] [Server thread/INFO]: [PT] Twiixtor issued server command: //paste
[23:15:47] [Server thread/INFO]: [PT] Twiixtor issued server command: //paste
[23:15:48] [Server thread/INFO]: [PT] Twiixtor issued server command: //paste
[23:15:48] [Server thread/INFO]: [PT] Twiixtor issued server command: //paste
[23:15:48] [Server thread/INFO]: [PT] Twiixtor issued server command: //paste
[23:15:49] [Server thread/INFO]: [PT] Twiixtor issued server command: //paste
[23:15:49] [Server thread/INFO]: [PT] Twiixtor issued server command: //paste
[23:15:50] [Server thread/INFO]: [PT] Twiixtor issued server command: //paste
[23:15:50] [Server thread/INFO]: [PT] Twiixtor issued server command: //paste
[23:15:51] [Server thread/INFO]: [PT] Twiixtor issued server command: //paste
[23:15:51] [Server thread/INFO]: [PT] Twiixtor issued server command: //paste
[23:15:52] [Server thread/INFO]: [PT] Twiixtor issued server command: //paste
[23:15:52] [Server thread/INFO]: [PT] Twiixtor issued server command: //paste
[23:15:53] [Server thread/INFO]: [PT] Twiixtor issued server command: //paste
[23:15:53] [Server thread/INFO]: [PT] Twiixtor issued server command: //paste
[23:15:54] [Server thread/INFO]: [PT] Twiixtor issued server command: //paste
[23:15:55] [Server thread/INFO]: [PT] Twiixtor issued server command: //paste
[23:15:56] [Server thread/INFO]: [PT] Twiixtor issued server command: //paste
[23:15:56] [Server thread/INFO]: [PT] Twiixtor issued server command: //paste
[23:15:56] [Server thread/INFO]: [PT] Twiixtor issued server command: //paste
[23:15:56] [Server thread/INFO]: [PT] Twiixtor issued server command: //paste
[23:15:56] [Server thread/INFO]: [PT] Twiixtor issued server command: //paste
[23:15:57] [Server thread/INFO]: [PT] Twiixtor issued server command: //paste
[23:15:57] [Server thread/INFO]: [PT] Twiixtor issued server command: //paste
[23:15:57] [Server thread/INFO]: [PT] Twiixtor issued server command: //paste
[23:15:57] [Server thread/INFO]: [PT] Twiixtor issued server command: //paste
[23:16:01] [Server thread/INFO]: Twiixtor issued server command: //undo 10
[23:16:03] [Server thread/INFO]: Twiixtor issued server command: //undo 10
[23:16:05] [Server thread/INFO]: Twiixtor issued server command: //undo
[23:16:13] [Server thread/INFO]: Twiixtor issued server command: //set 0
[23:16:24] [Server thread/INFO]: Twiixtor issued server command: //set 0
[23:16:26] [Server thread/INFO]: dev: [Dev] Chris, [Dev] Popey, [Dev] Twiixtor
[23:16:26] [Server thread/INFO]: member: [Member] minelittleyoshi, [Member] Raichu3000
[23:17:12] [Server thread/INFO]: dev: [Dev] Chris, [Dev] Popey, [Dev] Twiixtor
[23:17:12] [Server thread/INFO]: member: [Member] minelittleyoshi, [Member] Raichu3000
[23:17:59] [Server thread/INFO]: dev: [Dev] Chris, [Dev] Popey, [Dev] Twiixtor
[23:17:59] [Server thread/INFO]: member: [Member] minelittleyoshi, [Member] Raichu3000
[23:18:03] [Server thread/INFO]: Popey456963 issued server command: /gamemode 0 yoshi
[23:18:44] [Server thread/INFO]: Twiixtor issued server command: /reload
[23:18:44] [Server thread/INFO]: Twiixtor: If you encounter any issues please use the /stop command to restart your server.
[23:18:44] [Server thread/INFO]: [Multiverse-Portals] Disabling Multiverse-Portals v2.4-b548
[23:18:44] [Server thread/INFO]: [Multiverse-NetherPortals] Disabling Multiverse-NetherPortals v2.4-b530
[23:18:44] [Server thread/INFO]: [MultiVerse-NetherPortals] - Disabled
[23:18:44] [Server thread/INFO]: [CraftBook] Disabling CraftBook v3.9-SNAPSHOT
[23:18:44] [Server thread/INFO]: [MobArena] Disabling MobArena v0.97.1
[23:18:44] [Server thread/INFO]: [MobArena] disabled.
[23:18:44] [Server thread/INFO]: [Minigames] Disabling Minigames v1.7.0
[23:18:44] [Server thread/INFO]: Minigames successfully disabled.
[23:18:44] [Server thread/INFO]: [HeavySpleef] Disabling HeavySpleef v2.1.1
[23:18:44] [Server thread/INFO]: [EssentialsProtect] Disabling EssentialsProtect vTeamCity
[23:18:44] [Server thread/INFO]: [OnTime] Disabling OnTime v4.1.3
[23:18:44] [Server thread/INFO]: [Multiverse-Core] Disabling Multiverse-Core v2.4-b527
[23:18:44] [Server thread/INFO]: [Multiverse-Core] - Disabled
[23:18:44] [Server thread/INFO]: [WorldGuard] Disabling WorldGuard v6.1
[23:18:44] [Server thread/INFO]: [WorldGuard] Shutting down executor and waiting for any pending tasks...
[23:18:44] [Server thread/INFO]: [EssentialsSpawn] Disabling EssentialsSpawn vTeamCity
[23:18:44] [Server thread/INFO]: [Vault] Disabling Vault v1.5.6-b49
[23:18:44] [Server thread/INFO]: [VoxelSniper] Disabling VoxelSniper v7.1.0
[23:18:44] [Server thread/INFO]: [Essentials] Disabling Essentials vTeamCity
[23:18:44] [Server thread/INFO]: [WorldEdit] Disabling WorldEdit v5.6.1
[23:18:44] [Server thread/INFO]: [WorldEdit] Loading WorldEdit v5.6.1
[23:18:44] [Server thread/INFO]: [Essentials] Loading Essentials vTeamCity
[23:18:44] [Server thread/INFO]: [VoxelSniper] Loading VoxelSniper v7.1.0
[23:18:44] [Server thread/INFO]: [Vault] Loading Vault v1.5.6-b49
[23:18:44] [Server thread/INFO]: [EssentialsSpawn] Loading EssentialsSpawn vTeamCity
[23:18:44] [Server thread/INFO]: [WorldGuard] Loading WorldGuard v6.1
[23:18:44] [Server thread/INFO]: [Multiverse-Core] Loading Multiverse-Core v2.4-b527
[23:18:44] [Server thread/INFO]: [OnTime] Loading OnTime v4.1.3
[23:18:44] [Server thread/INFO]: [EssentialsProtect] Loading EssentialsProtect vTeamCity
[23:18:44] [Server thread/INFO]: [HeavySpleef] Loading HeavySpleef v2.1.1
[23:18:44] [Server thread/INFO]: [Minigames] Loading Minigames v1.7.0
[23:18:44] [Server thread/INFO]: [MobArena] Loading MobArena v0.97.1
[23:18:44] [Server thread/INFO]: [CraftBook] Loading CraftBook v3.9-SNAPSHOT
[23:18:44] [Server thread/INFO]: [Multiverse-NetherPortals] Loading Multiverse-NetherPortals v2.4-b530
[23:18:44] [Server thread/INFO]: [Multiverse-Portals] Loading Multiverse-Portals v2.4-b548
[23:18:44] [Server thread/INFO]: [Vault] Enabling Vault v1.5.6-b49
[23:18:44] [Server thread/INFO]: [WorldEdit] Enabling WorldEdit v5.6.1
[23:18:44] [Server thread/INFO]: [Essentials] Enabling Essentials vTeamCity
[23:18:44] [Server thread/INFO]: git-Bukkit-9935adc (MC: 1.8.8)
[23:18:44] [Server thread/INFO]: 1.8.8-R0.1-SNAPSHOT
[23:18:44] [Server thread/INFO]: Using locale en_GB
[23:18:44] [Server thread/INFO]: Using locale en_GB
[23:18:44] [Server thread/INFO]: [VoxelSniper] Enabling VoxelSniper v7.1.0
[23:18:45] [Server thread/INFO]: [EssentialsSpawn] Enabling EssentialsSpawn vTeamCity
[23:18:45] [Server thread/INFO]: [WorldGuard] Enabling WorldGuard v6.1
[23:18:45] [Server thread/INFO]: [WorldGuard] (TEST) Lighters are PERMITTED.
[23:18:45] [Server thread/INFO]: [WorldGuard] (TEST) Lava fire is blocked.
[23:18:45] [Server thread/INFO]: [WorldGuard] (TEST) Fire spread is UNRESTRICTED.
[23:18:45] [Server thread/INFO]: [WorldGuard] (TEST_nether) Lighters are PERMITTED.
[23:18:45] [Server thread/INFO]: [WorldGuard] (TEST_nether) Lava fire is blocked.
[23:18:45] [Server thread/INFO]: [WorldGuard] (TEST_nether) Fire spread is UNRESTRICTED.
[23:18:45] [Server thread/INFO]: [WorldGuard] (TEST_the_end) Lighters are PERMITTED.
[23:18:45] [Server thread/INFO]: [WorldGuard] (TEST_the_end) Lava fire is blocked.
[23:18:45] [Server thread/INFO]: [WorldGuard] (TEST_the_end) Fire spread is UNRESTRICTED.
[23:18:45] [Server thread/INFO]: [WorldGuard] (lobby) Lighters are PERMITTED.
[23:18:45] [Server thread/INFO]: [WorldGuard] (lobby) Lava fire is blocked.
[23:18:45] [Server thread/INFO]: [WorldGuard] (lobby) Fire spread is UNRESTRICTED.
[23:18:45] [Server thread/INFO]: [WorldGuard] (minigames) Lighters are PERMITTED.
[23:18:45] [Server thread/INFO]: [WorldGuard] (minigames) Lava fire is blocked.
[23:18:45] [Server thread/INFO]: [WorldGuard] (minigames) Fire spread is UNRESTRICTED.
[23:18:45] [Server thread/INFO]: [WorldGuard] (Skyscraper) Lighters are PERMITTED.
[23:18:45] [Server thread/INFO]: [WorldGuard] (Skyscraper) Lava fire is blocked.
[23:18:45] [Server thread/INFO]: [WorldGuard] (Skyscraper) Fire spread is UNRESTRICTED.
[23:18:45] [Server thread/INFO]: [Multiverse-Core] Enabling Multiverse-Core v2.4-b527
[23:18:45] [Server thread/INFO]: [Multiverse-Core] Loading World & Settings - 'TEST' - Env: NORMAL - Type: NORMAL & seed: -2024018835920597302
[23:18:45] [Server thread/INFO]: [Multiverse-Core] Loading World & Settings - 'TEST_nether' - Env: NETHER - Type: NORMAL & seed: -2024018835920597302
[23:18:45] [Server thread/INFO]: [Multiverse-Core] Loading World & Settings - 'TEST_the_end' - Env: THE_END - Type: NORMAL & seed: -2024018835920597302
[23:18:46] [Server thread/INFO]: [Multiverse-Core] Loading World & Settings - 'lobby' - Env: NORMAL - Type: NORMAL & seed: -3770714656453924402
[23:18:46] [Server thread/INFO]: [Multiverse-Core] Loading World & Settings - 'minigames' - Env: NORMAL - Type: FLAT & seed: 2973644325369467684
[23:18:46] [Server thread/INFO]: [Multiverse-Core] Loading World & Settings - 'Skyscraper' - Env: NORMAL - Type: FLAT & seed: -2845274568091306621
[23:18:46] [Server thread/INFO]: [Multiverse-Core] 6 - World(s) loaded.
[23:18:46] [Server thread/INFO]: [OnTime] Enabling OnTime v4.1.3
[23:18:46] [Server thread/INFO]: [EssentialsProtect] Enabling EssentialsProtect vTeamCity
[23:18:46] [Server thread/INFO]: [HeavySpleef] Enabling HeavySpleef v2.1.1
[23:18:46] [Server thread/INFO]: [Minigames] Enabling Minigames v1.7.0
[23:18:46] [Server thread/INFO]: [Minigames] Using lang en_AU
[23:18:46] [Server thread/INFO]: Minigames successfully enabled.
[23:18:46] [Server thread/INFO]: [MobArena] Enabling MobArena v0.97.1
[23:18:46] [Server thread/INFO]: [MobArena] Loaded arena 'default'
[23:18:46] [Server thread/INFO]: [MobArena] Loaded arena 'god-arena'
[23:18:46] [Server thread/INFO]: [MobArena] v0.97.1 enabled.
[23:18:46] [Server thread/INFO]: [CraftBook] Enabling CraftBook v3.9-SNAPSHOT
[23:18:47] [Server thread/INFO]: [CraftBook] Successfully added 1 CommandItems!
[23:18:47] [Server thread/INFO]: [CraftBook] Registered 3 custom recipes!
[23:18:47] [Server thread/INFO]: [CraftBook] 4721 chunk(s) for 6 world(s) processed (9ms elapsed)
[23:18:47] [Server thread/INFO]: [Multiverse-NetherPortals] Enabling Multiverse-NetherPortals v2.4-b530
[23:18:47] [Server thread/INFO]: [Multiverse-Portals] Enabling Multiverse-Portals v2.4-b548
[23:18:47] [Server thread/INFO]: [Multiverse-Portals]  1 - Portals(s) loaded
[23:18:47] [Server thread/INFO]: Twiixtor: Reload complete.
[23:18:47] [Server thread/INFO]: dev: [Dev] Chris, [Dev] Popey, [Dev] Twiixtor
[23:18:47] [Server thread/INFO]: member: [Member] minelittleyoshi, [Member] Raichu3000
[23:18:49] [Server thread/INFO]: [PT] Twiixtor issued server command: //paste
[23:18:54] [Server thread/INFO]: Twiixtor issued server command: /powertool
[23:19:01] [Server thread/INFO]: 41sentury issued server command: /gamemode 1
[23:19:16] [Server thread/INFO]: Raichu3000 issued server command: /gamemode 1
[23:19:18] [Server thread/INFO]: Popey456963 issued server command: /tp yos Popey456963
[23:19:23] [Server thread/INFO]: Popey456963 issued server command: /speed 1
[23:19:25] [Server thread/INFO]: [PT] minelittleyoshi issued server command: /fireball
[23:19:25] [Server thread/INFO]: [PT] minelittleyoshi issued server command: /fireball
[23:19:26] [Server thread/INFO]: [PT] minelittleyoshi issued server command: /fireball
[23:19:26] [Server thread/INFO]: [PT] minelittleyoshi issued server command: /fireball
[23:19:26] [Server thread/INFO]: [PT] minelittleyoshi issued server command: /fireball
[23:19:27] [Server thread/INFO]: [PT] minelittleyoshi issued server command: /fireball
[23:19:27] [Server thread/INFO]: [PT] minelittleyoshi issued server command: /fireball
[23:19:27] [Server thread/INFO]: [PT] minelittleyoshi issued server command: /fireball
[23:19:27] [Server thread/INFO]: [PT] minelittleyoshi issued server command: /fireball
[23:19:27] [Server thread/INFO]: [PT] minelittleyoshi issued server command: /fireball
[23:19:27] [Server thread/INFO]: [PT] minelittleyoshi issued server command: /fireball
[23:19:28] [Server thread/INFO]: [PT] minelittleyoshi issued server command: /fireball
[23:19:28] [Server thread/INFO]: [PT] minelittleyoshi issued server command: /fireball
[23:19:28] [Server thread/INFO]: [PT] minelittleyoshi issued server command: /fireball
[23:19:28] [Server thread/INFO]: [PT] minelittleyoshi issued server command: /fireball
[23:19:28] [Server thread/INFO]: [PT] minelittleyoshi issued server command: /fireball
[23:19:29] [Server thread/INFO]: [PT] minelittleyoshi issued server command: /fireball
[23:19:29] [Server thread/INFO]: [PT] minelittleyoshi issued server command: /fireball
[23:19:29] [Server thread/INFO]: [PT] minelittleyoshi issued server command: /fireball
[23:19:29] [Server thread/INFO]: [PT] minelittleyoshi issued server command: /fireball
[23:19:29] [Server thread/INFO]: [PT] minelittleyoshi issued server command: /fireball
[23:19:30] [Server thread/INFO]: [PT] minelittleyoshi issued server command: /fireball
[23:19:30] [Server thread/INFO]: [PT] minelittleyoshi issued server command: /fireball
[23:19:30] [Server thread/INFO]: [PT] minelittleyoshi issued server command: /fireball
[23:19:30] [Server thread/INFO]: [PT] minelittleyoshi issued server command: /fireball
[23:19:32] [Server thread/INFO]: dev: [Dev] Chris, [Dev] Popey, [Dev] Twiixtor
[23:19:32] [Server thread/INFO]: member: [Member] minelittleyoshi, [Member] Raichu3000
[23:19:36] [Server thread/INFO]: Twiixtor issued server command: //paste
[23:19:53] [Server thread/INFO]: minelittleyoshi issued server command: /gamemode 1
[23:20:02] [Server thread/INFO]: [PT] minelittleyoshi issued server command: /fireball
[23:20:02] [Server thread/INFO]: [PT] minelittleyoshi issued server command: /fireball
[23:20:02] [Server thread/INFO]: [PT] minelittleyoshi issued server command: /fireball
[23:20:03] [Server thread/INFO]: [PT] minelittleyoshi issued server command: /fireball
[23:20:03] [Server thread/INFO]: [PT] minelittleyoshi issued server command: /fireball
[23:20:03] [Server thread/INFO]: [PT] minelittleyoshi issued server command: /fireball
[23:20:03] [Server thread/INFO]: [PT] minelittleyoshi issued server command: /fireball
[23:20:04] [Server thread/INFO]: [PT] minelittleyoshi issued server command: /fireball
[23:20:04] [Server thread/INFO]: [PT] minelittleyoshi issued server command: /fireball
[23:20:04] [Server thread/INFO]: Popey456963 issued server command: /speed 1
[23:20:04] [Server thread/INFO]: [PT] minelittleyoshi issued server command: /fireball
[23:20:04] [Server thread/INFO]: [PT] minelittleyoshi issued server command: /fireball
[23:20:04] [Server thread/INFO]: [PT] minelittleyoshi issued server command: /fireball
[23:20:05] [Server thread/INFO]: [PT] minelittleyoshi issued server command: /fireball
[23:20:06] [Server thread/INFO]: [PT] minelittleyoshi issued server command: /fireball
[23:20:06] [Server thread/INFO]: Popey456963 issued server command: /gamemode 0 Crustifer
[23:20:06] [Server thread/INFO]: [PT] minelittleyoshi issued server command: /fireball
[23:20:06] [Server thread/INFO]: [PT] minelittleyoshi issued server command: /fireball
[23:20:06] [Server thread/INFO]: [PT] minelittleyoshi issued server command: /fireball
[23:20:07] [Server thread/INFO]: [PT] minelittleyoshi issued server command: /fireball
[23:20:07] [Server thread/INFO]: Crustifer was fireballed by minelittleyoshi
[23:20:07] [Server thread/INFO]: [PT] minelittleyoshi issued server command: /fireball
[23:20:07] [Server thread/INFO]: [PT] minelittleyoshi issued server command: /fireball
[23:20:07] [Server thread/INFO]: [PT] minelittleyoshi issued server command: /fireball
[23:20:16] [Server thread/INFO]: [PT] minelittleyoshi issued server command: /fireball
[23:20:16] [Server thread/INFO]: [PT] minelittleyoshi issued server command: /fireball
[23:20:16] [Server thread/INFO]: [PT] minelittleyoshi issued server command: /fireball
[23:20:16] [Server thread/INFO]: [PT] minelittleyoshi issued server command: /fireball
[23:20:16] [Server thread/INFO]: [PT] minelittleyoshi issued server command: /fireball
[23:20:16] [Server thread/INFO]: [PT] minelittleyoshi issued server command: /fireball
[23:20:16] [Server thread/INFO]: [PT] minelittleyoshi issued server command: /fireball
[23:20:17] [Server thread/INFO]: [PT] minelittleyoshi issued server command: /fireball
[23:20:17] [Server thread/INFO]: [PT] minelittleyoshi issued server command: /fireball
[23:20:17] [Server thread/INFO]: [PT] minelittleyoshi issued server command: /fireball
[23:20:17] [Server thread/INFO]: [PT] minelittleyoshi issued server command: /fireball
[23:20:17] [Server thread/INFO]: [PT] minelittleyoshi issued server command: /fireball
[23:20:17] [Server thread/INFO]: [PT] minelittleyoshi issued server command: /fireball
[23:20:18] [Server thread/INFO]: [PT] minelittleyoshi issued server command: /fireball
[23:20:18] [Server thread/INFO]: dev: [Dev] Chris, [Dev] Popey, [Dev] Twiixtor
[23:20:18] [Server thread/INFO]: member: [Member] minelittleyoshi, [Member] Raichu3000
[23:20:23] [Server thread/INFO]: Crustifer issued server command: /fa
[23:20:24] [Server thread/INFO]: [Dev] Chris: af
[23:20:27] [Server thread/INFO]: Crustifer issued server command: /tp popey
[23:20:31] [Server thread/INFO]: Crustifer issued server command: /gamemode 1
[23:20:32] [Server thread/INFO]: [PT] minelittleyoshi issued server command: /fireball
[23:20:32] [Server thread/INFO]: [PT] minelittleyoshi issued server command: /fireball
[23:20:33] [Server thread/INFO]: [PT] minelittleyoshi issued server command: /fireball
[23:20:33] [Server thread/INFO]: [PT] minelittleyoshi issued server command: /fireball
[23:20:34] [Server thread/INFO]: [PT] minelittleyoshi issued server command: /fireball
[23:20:34] [Server thread/INFO]: [PT] minelittleyoshi issued server command: /fireball
[23:20:35] [Server thread/INFO]: [PT] minelittleyoshi issued server command: /fireball
[23:20:36] [Server thread/INFO]: [PT] minelittleyoshi issued server command: /fireball
[23:20:36] [Server thread/INFO]: [PT] minelittleyoshi issued server command: /fireball
[23:20:47] [Server thread/INFO]: Twiixtor issued server command: //undo
[23:20:52] [Server thread/INFO]: Popey456963 issued server command: /gamemode 0 yoshi
[23:20:52] [Server thread/INFO]: Popey456963 issued server command: /tp yoshi pop
[23:20:58] [Server thread/INFO]: Popey456963 issued server command: /tp yoshi pop
[23:21:04] [Server thread/INFO]: minelittleyoshi tried to swim in lava
[23:21:05] [Server thread/INFO]: dev: [Dev] Chris, [Dev] Popey, [Dev] Twiixtor
[23:21:05] [Server thread/INFO]: member: [Member] minelittleyoshi, [Member] Raichu3000
[23:21:05] [Server thread/INFO]: Popey456963 issued server command: /tp yoshi pop
[23:21:06] [Server thread/INFO]: Popey456963 issued server command: /tp yoshi pop
[23:21:07] [Server thread/INFO]: Popey456963 issued server command: /tp yoshi pop
[23:21:07] [Server thread/INFO]: Popey456963 issued server command: /tp yoshi pop
[23:21:07] [Server thread/INFO]: Popey456963 issued server command: /tp yoshi pop
[23:21:08] [Server thread/INFO]: Popey456963 issued server command: /tp yoshi pop
[23:21:08] [Server thread/INFO]: Popey456963 issued server command: /tp yoshi pop
[23:21:08] [Server thread/INFO]: Popey456963 issued server command: /tp yoshi pop
[23:21:09] [Server thread/INFO]: Popey456963 issued server command: /tp yoshi pop
[23:21:10] [Server thread/INFO]: Popey456963 issued server command: /tp yoshi pop
[23:21:11] [Server thread/INFO]: Popey456963 issued server command: /tp yoshi pop
[23:21:11] [Server thread/INFO]: Popey456963 issued server command: /tp yoshi pop
[23:21:11] [Server thread/INFO]: Popey456963 issued server command: /tp yoshi pop
[23:21:12] [Server thread/INFO]: Popey456963 issued server command: /tp yoshi pop
[23:21:12] [Server thread/INFO]: Popey456963 issued server command: /tp yoshi pop
[23:21:12] [Server thread/INFO]: Popey456963 issued server command: /tp yoshi pop
[23:21:12] [Server thread/INFO]: Popey456963 issued server command: /tp yoshi pop
[23:21:12] [Server thread/INFO]: Popey456963 left the game.
[23:21:19] [Server thread/INFO]: Twiixtor issued server command: //set 0
[23:21:20] [Server thread/INFO]: Popey456963 issued server command: /tp yoshi pop
[23:21:30] [Server thread/INFO]: minelittleyoshi issued server command: /gamemode 1
[23:21:34] [Server thread/INFO]: Popey456963 issued server command: /gamemode 0 yoshi
[23:21:36] [Server thread/INFO]: Crustifer issued server command: /killall
[23:21:37] [Server thread/INFO]: minelittleyoshi issued server command: /gamemode 1
[23:21:40] [Server thread/INFO]: Crustifer issued server command: /killall all
[23:21:44] [Server thread/INFO]: Popey456963 issued server command: //drain
[23:21:49] [Server thread/INFO]: Popey456963 issued server command: /gamemode c yoshi
[23:21:51] [Server thread/INFO]: dev: [Dev] Chris, [Dev] Popey, [Dev] Twiixtor
[23:21:51] [Server thread/INFO]: member: [Member] minelittleyoshi, [Member] Raichu3000
[23:21:51] [Server thread/INFO]: Popey456963 issued server command: //drain 10
[23:21:54] [Server thread/INFO]: Popey456963 issued server command: //drain 100
[23:21:56] [Server thread/INFO]: Popey456963 issued server command: //drain 100
[23:22:34] [Server thread/INFO]: Crustifer issued server command: //cyl air 20
[23:22:37] [Server thread/INFO]: Crustifer issued server command: //cyl air 2000
