[00:00:28] [Server thread/INFO]: Staff: [Admin] Chris
[00:01:15] [Server thread/INFO]: Staff: [Admin] Chris
[00:02:01] [Server thread/INFO]: Staff: [Admin] Chris
[00:02:48] [Server thread/INFO]: Staff: [Admin] Chris
[00:03:35] [Server thread/INFO]: Staff: [Admin] Chris
[00:04:21] [Server thread/INFO]: Staff: [Admin] Chris
[00:05:08] [Server thread/INFO]: Staff: [Admin] Chris
[00:05:54] [Server thread/INFO]: Staff: [Admin] Chris
[00:07:22] [Server thread/INFO]: Staff: [Admin] Chris
[00:08:09] [Server thread/INFO]: Staff: [Admin] Chris
[00:08:55] [Server thread/INFO]: Staff: [Admin] Chris
[00:09:42] [Server thread/INFO]: Staff: [Admin] Chris
[00:10:28] [Server thread/INFO]: Staff: [Admin] Chris
[00:11:15] [Server thread/INFO]: Staff: [Admin] Chris
[00:12:01] [Server thread/INFO]: Staff: [Admin] Chris
[00:12:48] [Server thread/INFO]: Staff: [Admin] Chris
[00:13:35] [Server thread/INFO]: Staff: [Admin] Chris
[00:14:21] [Server thread/INFO]: Staff: [Admin] Chris
[00:15:08] [Server thread/INFO]: Staff: [Admin] Chris
[00:15:54] [Server thread/INFO]: Staff: [Admin] Chris
[00:17:22] [Server thread/INFO]: Staff: [Admin] Chris
[00:18:09] [Server thread/INFO]: Staff: [Admin] Chris
[00:18:55] [Server thread/INFO]: Staff: [Admin] Chris
[00:19:42] [Server thread/INFO]: Staff: [Admin] Chris
[00:20:28] [Server thread/INFO]: Staff: [Admin] Chris
[00:21:15] [Server thread/INFO]: Staff: [Admin] Chris
[00:22:02] [Server thread/INFO]: Staff: [Admin] Chris
[00:22:49] [Server thread/INFO]: Staff: [Admin] Chris
[00:23:35] [Server thread/INFO]: Staff: [AFK][Admin] Chris
[00:24:22] [Server thread/INFO]: Staff: [AFK][Admin] Chris
[00:25:08] [Server thread/INFO]: Staff: [AFK][Admin] Chris
[00:25:55] [Server thread/INFO]: Staff: [AFK][Admin] Chris
[00:27:22] [Server thread/INFO]: Staff: [AFK][Admin] Chris
[00:28:09] [Server thread/INFO]: Staff: [AFK][Admin] Chris
[00:28:55] [Server thread/INFO]: Staff: [AFK][Admin] Chris
[00:29:42] [Server thread/INFO]: Staff: [AFK][Admin] Chris
[00:30:28] [Server thread/INFO]: Staff: [AFK][Admin] Chris
[00:31:15] [Server thread/INFO]: Staff: [AFK][Admin] Chris
[00:32:01] [Server thread/INFO]: Staff: [AFK][Admin] Chris
[00:32:48] [Server thread/INFO]: Staff: [AFK][Admin] Chris
[00:33:35] [Server thread/INFO]: Staff: [AFK][Admin] Chris
[00:34:21] [Server thread/INFO]: Staff: [AFK][Admin] Chris
[00:35:08] [Server thread/INFO]: Staff: [AFK][Admin] Chris
[00:35:54] [Server thread/INFO]: Staff: [AFK][Admin] Chris
[00:37:22] [Server thread/INFO]: Staff: [AFK][Admin] Chris
[00:38:09] [Server thread/INFO]: Staff: [AFK][Admin] Chris
[00:38:55] [Server thread/INFO]: Staff: [AFK][Admin] Chris
[00:39:42] [Server thread/INFO]: Staff: [AFK][Admin] Chris
[00:40:28] [Server thread/INFO]: Staff: [AFK][Admin] Chris
[00:41:15] [Server thread/INFO]: Staff: [AFK][Admin] Chris
[00:42:01] [Server thread/INFO]: Staff: [AFK][Admin] Chris
[00:42:48] [Server thread/INFO]: Staff: [AFK][Admin] Chris
[00:43:35] [Server thread/INFO]: Staff: [AFK][Admin] Chris
[00:44:21] [Server thread/INFO]: Staff: [AFK][Admin] Chris
[00:45:08] [Server thread/INFO]: Staff: [AFK][Admin] Chris
[00:45:54] [Server thread/INFO]: Staff: [AFK][Admin] Chris
[00:47:22] [Server thread/INFO]: Staff: [Admin] Chris
[00:48:09] [Server thread/INFO]: Staff: [Admin] Chris
[00:48:55] [Server thread/INFO]: Staff: [Admin] Chris
[00:49:42] [Server thread/INFO]: Staff: [Admin] Chris
[00:50:28] [Server thread/INFO]: Staff: [Admin] Chris
[00:51:15] [Server thread/INFO]: Staff: [Admin] Chris
[00:52:01] [Server thread/INFO]: Staff: [Admin] Chris
[00:52:48] [Server thread/INFO]: Staff: [Admin] Chris
[00:53:35] [Server thread/INFO]: Staff: [AFK][Admin] Chris
[00:54:21] [Server thread/INFO]: Staff: [AFK][Admin] Chris
[00:55:08] [Server thread/INFO]: Staff: [AFK][Admin] Chris
[00:55:54] [Server thread/INFO]: Staff: [AFK][Admin] Chris
[00:57:22] [Server thread/INFO]: Staff: [AFK][Admin] Chris
[00:58:09] [Server thread/INFO]: Staff: [AFK][Admin] Chris
[00:58:55] [Server thread/INFO]: Staff: [AFK][Admin] Chris
[00:59:42] [Server thread/INFO]: Staff: [AFK][Admin] Chris
[01:00:28] [Server thread/INFO]: Staff: [AFK][Admin] Chris
[01:01:15] [Server thread/INFO]: Staff: [AFK][Admin] Chris
[01:02:02] [Server thread/INFO]: Staff: [Admin] Chris
[01:02:48] [Server thread/INFO]: Staff: [Admin] Chris
[01:03:32] [Server thread/INFO]: Crustifer issued server command: //move 2
[01:03:35] [Server thread/INFO]: Staff: [Admin] Chris
[01:04:21] [Server thread/INFO]: Staff: [Admin] Chris
[01:05:08] [Server thread/INFO]: Staff: [Admin] Chris
[01:05:54] [Server thread/INFO]: Staff: [Admin] Chris
[01:07:22] [Server thread/INFO]: Staff: [Admin] Chris
[01:08:09] [Server thread/INFO]: Staff: [Admin] Chris
[01:08:55] [Server thread/INFO]: Staff: [Admin] Chris
[01:09:42] [Server thread/INFO]: Staff: [AFK][Admin] Chris
[01:10:28] [Server thread/INFO]: Staff: [AFK][Admin] Chris
[01:11:15] [Server thread/INFO]: Staff: [AFK][Admin] Chris
[01:12:02] [Server thread/INFO]: Staff: [AFK][Admin] Chris
[01:12:48] [Server thread/INFO]: Staff: [AFK][Admin] Chris
[01:13:35] [Server thread/INFO]: Staff: [AFK][Admin] Chris
[01:14:21] [Server thread/INFO]: Staff: [AFK][Admin] Chris
[01:15:08] [Server thread/INFO]: Staff: [AFK][Admin] Chris
[01:15:54] [Server thread/INFO]: Staff: [AFK][Admin] Chris
[01:17:22] [Server thread/INFO]: Staff: [AFK][Admin] Chris
[01:18:09] [Server thread/INFO]: Staff: [AFK][Admin] Chris
[01:18:55] [Server thread/INFO]: Staff: [AFK][Admin] Chris
[01:19:42] [Server thread/INFO]: Staff: [AFK][Admin] Chris
[01:20:28] [Server thread/INFO]: Staff: [AFK][Admin] Chris
[01:21:15] [Server thread/INFO]: Staff: [AFK][Admin] Chris
[01:22:02] [Server thread/INFO]: Staff: [AFK][Admin] Chris
[01:22:48] [Server thread/INFO]: Staff: [AFK][Admin] Chris
[01:23:35] [Server thread/INFO]: Staff: [AFK][Admin] Chris
[01:24:21] [Server thread/INFO]: Staff: [AFK][Admin] Chris
[01:25:08] [Server thread/INFO]: Staff: [AFK][Admin] Chris
[01:25:54] [Server thread/INFO]: Staff: [AFK][Admin] Chris
[01:27:22] [Server thread/INFO]: Staff: [AFK][Admin] Chris
[01:28:09] [Server thread/INFO]: Staff: [AFK][Admin] Chris
[01:28:55] [Server thread/INFO]: Staff: [AFK][Admin] Chris
[01:29:42] [Server thread/INFO]: Staff: [AFK][Admin] Chris
[01:30:28] [Server thread/INFO]: Staff: [AFK][Admin] Chris
[01:31:15] [Server thread/INFO]: Staff: [AFK][Admin] Chris
[01:32:02] [Server thread/INFO]: Staff: [AFK][Admin] Chris
[01:32:48] [Server thread/INFO]: Staff: [AFK][Admin] Chris
[01:33:35] [Server thread/INFO]: Staff: [AFK][Admin] Chris
[01:34:21] [Server thread/INFO]: Staff: [AFK][Admin] Chris
[01:35:08] [Server thread/INFO]: Staff: [AFK][Admin] Chris
[01:35:54] [Server thread/INFO]: Staff: [AFK][Admin] Chris
[01:37:22] [Server thread/INFO]: Staff: [AFK][Admin] Chris
[01:38:09] [Server thread/INFO]: Staff: [AFK][Admin] Chris
[01:38:55] [Server thread/INFO]: Staff: [AFK][Admin] Chris
[01:39:42] [Server thread/INFO]: Staff: [AFK][Admin] Chris
[01:40:28] [Server thread/INFO]: Staff: [AFK][Admin] Chris
[01:41:15] [Server thread/INFO]: Staff: [AFK][Admin] Chris
[01:42:02] [Server thread/INFO]: Staff: [AFK][Admin] Chris
[01:42:48] [Server thread/INFO]: Staff: [AFK][Admin] Chris
[01:43:35] [Server thread/INFO]: Staff: [AFK][Admin] Chris
[01:44:21] [Server thread/INFO]: Staff: [AFK][Admin] Chris
[01:45:08] [Server thread/INFO]: Staff: [AFK][Admin] Chris
[01:45:54] [Server thread/INFO]: Staff: [AFK][Admin] Chris
[01:47:22] [Server thread/INFO]: Staff: [AFK][Admin] Chris
[01:48:09] [Server thread/INFO]: Staff: [AFK][Admin] Chris
[01:48:55] [Server thread/INFO]: Staff: [AFK][Admin] Chris
[01:49:42] [Server thread/INFO]: Staff: [AFK][Admin] Chris
[01:50:28] [Server thread/INFO]: Staff: [AFK][Admin] Chris
[01:51:15] [Server thread/INFO]: Staff: [AFK][Admin] Chris
[01:52:02] [Server thread/INFO]: Staff: [AFK][Admin] Chris
[01:52:48] [Server thread/INFO]: Staff: [AFK][Admin] Chris
[01:53:35] [Server thread/INFO]: Staff: [AFK][Admin] Chris
[01:54:21] [Server thread/INFO]: Staff: [AFK][Admin] Chris
[01:55:08] [Server thread/INFO]: Staff: [AFK][Admin] Chris
[01:55:54] [Server thread/INFO]: Staff: [AFK][Admin] Chris
[01:57:22] [Server thread/INFO]: Staff: [AFK][Admin] Chris
[01:58:09] [Server thread/INFO]: Staff: [AFK][Admin] Chris
[01:58:55] [Server thread/INFO]: Staff: [AFK][Admin] Chris
[01:59:42] [Server thread/INFO]: Staff: [AFK][Admin] Chris
[02:00:07] [Server thread/INFO]: Twiixtor issued server command: /tp crus
[02:00:16] [Server thread/INFO]: [Giraffe] Twiixtor: Sup
[02:00:29] [Server thread/INFO]: Staff: [AFK][Admin] Chris
[02:00:29] [Server thread/INFO]: Developers: [Giraffe] Twiixtor
[02:01:15] [Server thread/INFO]: Staff: [AFK][Admin] Chris
[02:01:15] [Server thread/INFO]: Developers: [Giraffe] Twiixtor
[02:02:01] [Server thread/INFO]: Twiixtor issued server command: /tp cru
[02:02:02] [Server thread/INFO]: Staff: [AFK][Admin] Chris
[02:02:02] [Server thread/INFO]: Developers: [Giraffe] Twiixtor
[02:02:20] [Server thread/INFO]: Twiixtor left the game.
[02:02:48] [Server thread/INFO]: Staff: [AFK][Admin] Chris
[02:03:35] [Server thread/INFO]: Staff: [AFK][Admin] Chris
[02:04:21] [Server thread/INFO]: Staff: [AFK][Admin] Chris
[02:04:21] [Server thread/INFO]: Developers: [Giraffe] Twiixtor
[02:04:28] [Server thread/INFO]: Twiixtor issued server command: /mv
[02:04:36] [Server thread/INFO]: [Multiverse-Core] Loading World & Settings - 'hyena' - Env: NORMAL - Type: NORMAL
[02:04:37] [Server thread/INFO]: [WorldGuard] (hyena) Lighters are PERMITTED.
[02:04:37] [Server thread/INFO]: [WorldGuard] (hyena) Lava fire is blocked.
[02:04:37] [Server thread/INFO]: [WorldGuard] (hyena) Fire spread is UNRESTRICTED.
[02:04:37] [Server thread/INFO]: Preparing spawn area for hyena, 8%
[02:04:38] [Server thread/INFO]: Preparing spawn area for hyena, 16%
[02:04:39] [Server thread/INFO]: Preparing spawn area for hyena, 24%
[02:04:40] [Server thread/INFO]: Preparing spawn area for hyena, 32%
[02:04:41] [Server thread/INFO]: Preparing spawn area for hyena, 44%
[02:04:42] [Server thread/INFO]: Preparing spawn area for hyena, 56%
[02:04:43] [Server thread/INFO]: Preparing spawn area for hyena, 65%
[02:04:44] [Server thread/INFO]: Preparing spawn area for hyena, 77%
[02:04:45] [Server thread/INFO]: Preparing spawn area for hyena, 89%
[02:04:46] [Server thread/INFO]: Preparing spawn area for hyena, 97%
[02:04:48] [Server thread/INFO]: Twiixtor: Complete!
[02:04:48] [Server thread/INFO]: [Giraffe] Twiixtor: test
[02:04:53] [Server thread/INFO]: Twiixtor issued server command: /mv tp hyena
[02:05:06] [Server thread/INFO]: Twiixtor issued server command: /mv
[02:05:08] [Server thread/INFO]: Staff: [AFK][Admin] Chris
[02:05:08] [Server thread/INFO]: Developers: [Giraffe] Twiixtor
[02:05:08] [Server thread/INFO]: Twiixtor issued server command: /mv setspawn
[02:05:12] [Server thread/INFO]: Twiixtor issued server command: /gm 0
[02:05:13] [Server thread/INFO]: Twiixtor issued server command: /ci
[02:05:16] [Server thread/INFO]: Twiixtor issued server command: /kill
[02:05:27] [Server thread/INFO]: Twiixtor issued server command: /sethome hyena
[02:05:30] [Server thread/INFO]: Twiixtor issued server command: /kill twiix
[02:05:30] [Server thread/INFO]: Twiixtor died
[02:05:35] [Server thread/INFO]: Twiixtor issued server command: /back
[02:05:45] [Server thread/INFO]: Twiixtor issued server command: /tphere hyena
[02:05:54] [Server thread/INFO]: Staff: [AFK][Admin] Chris
[02:05:54] [Server thread/INFO]: Players: [Guest] MrHappyHyena
[02:05:54] [Server thread/INFO]: Developers: [Giraffe] Twiixtor
[02:06:01] [Server thread/INFO]: Twiixtor issued server command: /gamerule
[02:06:17] [Server thread/INFO]: Twiixtor issued server command: /op MrHappyHyena
[02:06:17] [Server thread/INFO]: [Twiixtor: Opped MrHappyHyena]
[02:07:19] [Server thread/INFO]: Twiixtor issued server command: /gamerule keepInventory false
[02:07:22] [Server thread/INFO]: Staff: [AFK][Admin] Chris
[02:07:22] [Server thread/INFO]: Players: [Guest] MrHappyHyena
[02:07:22] [Server thread/INFO]: Developers: [Giraffe] Twiixtor
[02:07:25] [Server thread/INFO]: Twiixtor issued server command: /kit tools
[02:08:04] [Server thread/INFO]: Twiixtor issued server command: /plugins
[02:08:08] [Server thread/INFO]: Twiixtor issued server command: /plugman disable
[02:08:09] [Server thread/INFO]: Staff: [AFK][Admin] Chris
[02:08:09] [Server thread/INFO]: Players: [Guest] MrHappyHyena
[02:08:09] [Server thread/INFO]: Developers: [Giraffe] Twiixtor
[02:08:55] [Server thread/INFO]: Staff: [AFK][Admin] Chris
[02:08:55] [Server thread/INFO]: Players: [Guest] MrHappyHyena
[02:08:55] [Server thread/INFO]: Developers: [Giraffe] Twiixtor
[02:09:42] [Server thread/INFO]: Staff: [AFK][Admin] Chris
[02:09:42] [Server thread/INFO]: Players: [Guest] MrHappyHyena
[02:09:42] [Server thread/INFO]: Developers: [Giraffe] Twiixtor
[02:10:29] [Server thread/INFO]: Staff: [AFK][Admin] Chris
[02:10:29] [Server thread/INFO]: Players: [Guest] MrHappyHyena
[02:10:29] [Server thread/INFO]: Developers: [Giraffe] Twiixtor
[02:11:15] [Server thread/INFO]: Staff: [AFK][Admin] Chris
[02:11:15] [Server thread/INFO]: Players: [Guest] MrHappyHyena
[02:11:15] [Server thread/INFO]: Developers: [Giraffe] Twiixtor
[02:11:39] [Server thread/INFO]: Twiixtor issued server command: /mcmmo
[02:11:41] [Server thread/INFO]: Twiixtor issued server command: /mcmmo help
[02:12:02] [Server thread/INFO]: Staff: [AFK][Admin] Chris
[02:12:02] [Server thread/INFO]: Players: [Guest] MrHappyHyena
[02:12:02] [Server thread/INFO]: Developers: [Giraffe] Twiixtor
[02:12:48] [Server thread/INFO]: Staff: [AFK][Admin] Chris
[02:12:48] [Server thread/INFO]: Players: [Guest] MrHappyHyena
[02:12:48] [Server thread/INFO]: Developers: [Giraffe] Twiixtor
[02:13:35] [Server thread/INFO]: Staff: [AFK][Admin] Chris
[02:13:35] [Server thread/INFO]: Players: [Guest] MrHappyHyena
[02:13:35] [Server thread/INFO]: Developers: [Giraffe] Twiixtor
[02:14:21] [Server thread/INFO]: Staff: [AFK][Admin] Chris
[02:14:21] [Server thread/INFO]: Players: [Guest] MrHappyHyena
[02:14:21] [Server thread/INFO]: Developers: [Giraffe] Twiixtor
[02:15:08] [Server thread/INFO]: Staff: [AFK][Admin] Chris
[02:15:08] [Server thread/INFO]: Players: [Guest] MrHappyHyena
[02:15:08] [Server thread/INFO]: Developers: [Giraffe] Twiixtor
[02:15:54] [Server thread/INFO]: Staff: [AFK][Admin] Chris
[02:15:54] [Server thread/INFO]: Players: [Guest] MrHappyHyena
[02:15:54] [Server thread/INFO]: Developers: [Giraffe] Twiixtor
[02:17:22] [Server thread/INFO]: Staff: [AFK][Admin] Chris
[02:17:22] [Server thread/INFO]: Players: [Guest] MrHappyHyena
[02:17:22] [Server thread/INFO]: Developers: [Giraffe] Twiixtor
[02:18:09] [Server thread/INFO]: Staff: [AFK][Admin] Chris
[02:18:09] [Server thread/INFO]: Players: [Guest] MrHappyHyena
[02:18:09] [Server thread/INFO]: Developers: [Giraffe] Twiixtor
[02:18:55] [Server thread/INFO]: Staff: [AFK][Admin] Chris
[02:18:55] [Server thread/INFO]: Players: [Guest] MrHappyHyena
[02:18:55] [Server thread/INFO]: Developers: [Giraffe] Twiixtor
[02:19:42] [Server thread/INFO]: Staff: [AFK][Admin] Chris
[02:19:42] [Server thread/INFO]: Players: [Guest] MrHappyHyena
[02:19:42] [Server thread/INFO]: Developers: [Giraffe] Twiixtor
[02:20:29] [Server thread/INFO]: Staff: [AFK][Admin] Chris
[02:20:29] [Server thread/INFO]: Players: [Guest] MrHappyHyena
[02:20:29] [Server thread/INFO]: Developers: [Giraffe] Twiixtor
[02:21:15] [Server thread/INFO]: Staff: [AFK][Admin] Chris
[02:21:15] [Server thread/INFO]: Players: [Guest] MrHappyHyena
[02:21:15] [Server thread/INFO]: Developers: [Giraffe] Twiixtor
[02:22:02] [Server thread/INFO]: Staff: [AFK][Admin] Chris
[02:22:02] [Server thread/INFO]: Players: [Guest] MrHappyHyena
[02:22:02] [Server thread/INFO]: Developers: [Giraffe] Twiixtor
[02:22:48] [Server thread/INFO]: Staff: [AFK][Admin] Chris
[02:22:48] [Server thread/INFO]: Players: [Guest] MrHappyHyena
[02:22:48] [Server thread/INFO]: Developers: [Giraffe] Twiixtor
[02:23:35] [Server thread/INFO]: Staff: [AFK][Admin] Chris
[02:23:35] [Server thread/INFO]: Players: [Guest] MrHappyHyena
[02:23:35] [Server thread/INFO]: Developers: [Giraffe] Twiixtor
[02:24:21] [Server thread/INFO]: Staff: [AFK][Admin] Chris
[02:24:21] [Server thread/INFO]: Players: [Guest] MrHappyHyena
[02:24:21] [Server thread/INFO]: Developers: [Giraffe] Twiixtor
[02:25:08] [Server thread/INFO]: Staff: [AFK][Admin] Chris
[02:25:08] [Server thread/INFO]: Players: [Guest] MrHappyHyena
[02:25:08] [Server thread/INFO]: Developers: [Giraffe] Twiixtor
[02:25:54] [Server thread/INFO]: Staff: [AFK][Admin] Chris
[02:25:54] [Server thread/INFO]: Players: [Guest] MrHappyHyena
[02:25:54] [Server thread/INFO]: Developers: [Giraffe] Twiixtor
[02:27:22] [Server thread/INFO]: Staff: [AFK][Admin] Chris
[02:27:22] [Server thread/INFO]: Players: [Guest] MrHappyHyena
[02:27:22] [Server thread/INFO]: Developers: [Giraffe] Twiixtor
[02:28:09] [Server thread/INFO]: Staff: [AFK][Admin] Chris
[02:28:09] [Server thread/INFO]: Players: [Guest] MrHappyHyena
[02:28:09] [Server thread/INFO]: Developers: [Giraffe] Twiixtor
[02:28:56] [Server thread/INFO]: Staff: [AFK][Admin] Chris
[02:28:56] [Server thread/INFO]: Players: [Guest] MrHappyHyena
[02:28:56] [Server thread/INFO]: Developers: [Giraffe] Twiixtor
[02:29:42] [Server thread/INFO]: Staff: [AFK][Admin] Chris
[02:29:42] [Server thread/INFO]: Players: [Guest] MrHappyHyena
[02:29:42] [Server thread/INFO]: Developers: [Giraffe] Twiixtor
[02:29:49] [Server thread/INFO]: Twiixtor issued server command: /sethome
[02:29:51] [Server thread/INFO]: Twiixtor issued server command: /home
[02:29:54] [Server thread/INFO]: Twiixtor issued server command: /home home
[02:29:57] [Server thread/INFO]: Twiixtor issued server command: /tpa MrHappyHyena
[02:30:29] [Server thread/INFO]: Staff: [AFK][Admin] Chris
[02:30:29] [Server thread/INFO]: Players: [Guest] MrHappyHyena
[02:30:29] [Server thread/INFO]: Developers: [Giraffe] Twiixtor
[02:31:15] [Server thread/INFO]: Staff: [AFK][Admin] Chris
[02:31:15] [Server thread/INFO]: Players: [Guest] MrHappyHyena
[02:31:15] [Server thread/INFO]: Developers: [Giraffe] Twiixtor
[02:32:02] [Server thread/INFO]: Staff: [AFK][Admin] Chris
[02:32:02] [Server thread/INFO]: Players: [Guest] MrHappyHyena
[02:32:02] [Server thread/INFO]: Developers: [Giraffe] Twiixtor
[02:32:48] [Server thread/INFO]: Staff: [AFK][Admin] Chris
[02:32:48] [Server thread/INFO]: Players: [Guest] MrHappyHyena
[02:32:48] [Server thread/INFO]: Developers: [Giraffe] Twiixtor
[02:33:35] [Server thread/INFO]: Staff: [AFK][Admin] Chris
[02:33:35] [Server thread/INFO]: Players: [Guest] MrHappyHyena
[02:33:35] [Server thread/INFO]: Developers: [Giraffe] Twiixtor
[02:34:21] [Server thread/INFO]: Staff: [AFK][Admin] Chris
[02:34:21] [Server thread/INFO]: Players: [Guest] MrHappyHyena
[02:34:21] [Server thread/INFO]: Developers: [Giraffe] Twiixtor
[02:35:08] [Server thread/INFO]: Staff: [AFK][Admin] Chris
[02:35:08] [Server thread/INFO]: Players: [Guest] MrHappyHyena
[02:35:08] [Server thread/INFO]: Developers: [Giraffe] Twiixtor
[02:35:55] [Server thread/INFO]: Staff: [AFK][Admin] Chris
[02:35:55] [Server thread/INFO]: Players: [Guest] MrHappyHyena
[02:35:55] [Server thread/INFO]: Developers: [Giraffe] Twiixtor
[02:37:22] [Server thread/INFO]: Staff: [AFK][Admin] Chris
[02:37:22] [Server thread/INFO]: Players: [Guest] MrHappyHyena
[02:37:22] [Server thread/INFO]: Developers: [Giraffe] Twiixtor
[02:38:09] [Server thread/INFO]: Staff: [AFK][Admin] Chris
[02:38:09] [Server thread/INFO]: Players: [Guest] MrHappyHyena
[02:38:09] [Server thread/INFO]: Developers: [Giraffe] Twiixtor
[02:38:56] [Server thread/INFO]: Staff: [AFK][Admin] Chris
[02:38:56] [Server thread/INFO]: Players: [Guest] MrHappyHyena
[02:38:56] [Server thread/INFO]: Developers: [Giraffe] Twiixtor
[02:39:42] [Server thread/INFO]: Staff: [AFK][Admin] Chris
[02:39:42] [Server thread/INFO]: Players: [Guest] MrHappyHyena
[02:39:42] [Server thread/INFO]: Developers: [Giraffe] Twiixtor
[02:39:59] [Server thread/INFO]: Twiixtor issued server command: /i 1 2
[02:40:13] [Server thread/INFO]: Twiixtor issued server command: /brush
[02:40:16] [Server thread/INFO]: Twiixtor issued server command: /brush repl
[02:40:19] [Server thread/INFO]: Twiixtor issued server command: /replace
[02:40:21] [Server thread/INFO]: Twiixtor issued server command: /tool
[02:40:28] [Server thread/INFO]: Twiixtor issued server command: /tool repl
[02:40:29] [Server thread/INFO]: Staff: [AFK][Admin] Chris
[02:40:29] [Server thread/INFO]: Players: [Guest] MrHappyHyena
[02:40:29] [Server thread/INFO]: Developers: [Giraffe] Twiixtor
[02:40:32] [Server thread/INFO]: Twiixtor issued server command: /tool repl 1
[02:40:59] [Server thread/INFO]: Twiixtor issued server command: /sethome
[02:41:15] [Server thread/INFO]: Staff: [AFK][Admin] Chris
[02:41:15] [Server thread/INFO]: Players: [Guest] MrHappyHyena
[02:41:15] [Server thread/INFO]: Developers: [Giraffe] Twiixtor
[02:42:02] [Server thread/INFO]: Staff: [AFK][Admin] Chris
[02:42:02] [Server thread/INFO]: Players: [Guest] MrHappyHyena
[02:42:02] [Server thread/INFO]: Developers: [Giraffe] Twiixtor
[02:42:48] [Server thread/INFO]: Staff: [AFK][Admin] Chris
[02:42:48] [Server thread/INFO]: Players: [Guest] MrHappyHyena
[02:42:48] [Server thread/INFO]: Developers: [Giraffe] Twiixtor
[02:43:35] [Server thread/INFO]: Staff: [AFK][Admin] Chris
[02:43:35] [Server thread/INFO]: Players: [Guest] MrHappyHyena
[02:43:35] [Server thread/INFO]: Developers: [Giraffe] Twiixtor
[02:44:21] [Server thread/INFO]: Staff: [AFK][Admin] Chris
[02:44:21] [Server thread/INFO]: Players: [Guest] MrHappyHyena
[02:44:21] [Server thread/INFO]: Developers: [Giraffe] Twiixtor
[02:45:08] [Server thread/INFO]: Staff: [AFK][Admin] Chris
[02:45:08] [Server thread/INFO]: Players: [Guest] MrHappyHyena
[02:45:08] [Server thread/INFO]: Developers: [Giraffe] Twiixtor
[02:45:09] [Server thread/INFO]: Twiixtor left the game.
[02:45:54] [Server thread/INFO]: Staff: [AFK][Admin] Chris
[02:45:54] [Server thread/INFO]: Players: [Guest] MrHappyHyena
[02:47:22] [Server thread/INFO]: Staff: [AFK][Admin] Chris
[02:47:22] [Server thread/INFO]: Players: [Guest] MrHappyHyena
[02:48:09] [Server thread/INFO]: Staff: [AFK][Admin] Chris
[02:48:09] [Server thread/INFO]: Players: [Guest] MrHappyHyena
[02:48:56] [Server thread/INFO]: Staff: [AFK][Admin] Chris
[02:48:56] [Server thread/INFO]: Players: [Guest] MrHappyHyena
[02:49:42] [Server thread/INFO]: Staff: [AFK][Admin] Chris
[02:49:42] [Server thread/INFO]: Players: [Guest] MrHappyHyena
[02:50:29] [Server thread/INFO]: Staff: [AFK][Admin] Chris
[02:50:29] [Server thread/INFO]: Players: [Guest] MrHappyHyena
[02:51:15] [Server thread/INFO]: Staff: [AFK][Admin] Chris
[02:51:15] [Server thread/INFO]: Players: [Guest] MrHappyHyena
[02:52:02] [Server thread/INFO]: Staff: [AFK][Admin] Chris
[02:52:02] [Server thread/INFO]: Players: [Guest] MrHappyHyena
[02:52:48] [Server thread/INFO]: Staff: [AFK][Admin] Chris
[02:52:48] [Server thread/INFO]: Players: [Guest] MrHappyHyena
[02:53:35] [Server thread/INFO]: Staff: [AFK][Admin] Chris
[02:53:35] [Server thread/INFO]: Players: [Guest] MrHappyHyena
[02:54:21] [Server thread/INFO]: Staff: [AFK][Admin] Chris
[02:54:21] [Server thread/INFO]: Players: [Guest] MrHappyHyena
[02:55:08] [Server thread/INFO]: Staff: [AFK][Admin] Chris
[02:55:08] [Server thread/INFO]: Players: [Guest] MrHappyHyena
[02:55:44] [Server thread/INFO]: MrHappyHyena left the game.
[02:55:55] [Server thread/INFO]: Staff: [AFK][Admin] Chris
[02:57:22] [Server thread/INFO]: Staff: [AFK][Admin] Chris
[02:58:09] [Server thread/INFO]: Staff: [AFK][Admin] Chris
[02:58:56] [Server thread/INFO]: Staff: [AFK][Admin] Chris
[02:59:42] [Server thread/INFO]: Staff: [AFK][Admin] Chris
[03:00:29] [Server thread/INFO]: Staff: [AFK][Admin] Chris
[03:01:15] [Server thread/INFO]: Staff: [AFK][Admin] Chris
[03:02:02] [Server thread/INFO]: Staff: [AFK][Admin] Chris
[03:02:48] [Server thread/INFO]: Staff: [AFK][Admin] Chris
[03:03:35] [Server thread/INFO]: Staff: [AFK][Admin] Chris
[03:04:22] [Server thread/INFO]: Staff: [AFK][Admin] Chris
[03:05:08] [Server thread/INFO]: Staff: [AFK][Admin] Chris
[03:05:55] [Server thread/INFO]: Staff: [AFK][Admin] Chris
[03:07:22] [Server thread/INFO]: Staff: [AFK][Admin] Chris
[03:08:09] [Server thread/INFO]: Staff: [AFK][Admin] Chris
[03:08:56] [Server thread/INFO]: Staff: [AFK][Admin] Chris
[03:09:42] [Server thread/INFO]: Staff: [AFK][Admin] Chris
[03:10:29] [Server thread/INFO]: Staff: [AFK][Admin] Chris
[03:11:15] [Server thread/INFO]: Staff: [AFK][Admin] Chris
[03:12:02] [Server thread/INFO]: Staff: [AFK][Admin] Chris
[03:12:48] [Server thread/INFO]: Staff: [AFK][Admin] Chris
[03:13:35] [Server thread/INFO]: Staff: [AFK][Admin] Chris
[03:14:21] [Server thread/INFO]: Staff: [AFK][Admin] Chris
[03:15:08] [Server thread/INFO]: Staff: [AFK][Admin] Chris
[03:15:55] [Server thread/INFO]: Staff: [AFK][Admin] Chris
[03:17:22] [Server thread/INFO]: Staff: [AFK][Admin] Chris
[03:18:09] [Server thread/INFO]: Staff: [AFK][Admin] Chris
[03:18:56] [Server thread/INFO]: Staff: [AFK][Admin] Chris
[03:19:42] [Server thread/INFO]: Staff: [AFK][Admin] Chris
[03:20:29] [Server thread/INFO]: Staff: [AFK][Admin] Chris
[03:21:15] [Server thread/INFO]: Staff: [AFK][Admin] Chris
[03:22:02] [Server thread/INFO]: Staff: [AFK][Admin] Chris
[03:22:48] [Server thread/INFO]: Staff: [AFK][Admin] Chris
[03:23:35] [Server thread/INFO]: Staff: [AFK][Admin] Chris
[03:24:22] [Server thread/INFO]: Staff: [AFK][Admin] Chris
[03:25:08] [Server thread/INFO]: Staff: [AFK][Admin] Chris
[03:25:55] [Server thread/INFO]: Staff: [AFK][Admin] Chris
[03:27:22] [Server thread/INFO]: Staff: [AFK][Admin] Chris
[03:28:09] [Server thread/INFO]: Staff: [AFK][Admin] Chris
[03:28:56] [Server thread/INFO]: Staff: [AFK][Admin] Chris
[03:29:42] [Server thread/INFO]: Staff: [AFK][Admin] Chris
[03:30:29] [Server thread/INFO]: Staff: [AFK][Admin] Chris
[03:31:15] [Server thread/INFO]: Staff: [AFK][Admin] Chris
[03:32:02] [Server thread/INFO]: Staff: [AFK][Admin] Chris
[03:32:48] [Server thread/INFO]: Staff: [AFK][Admin] Chris
[03:33:35] [Server thread/INFO]: Staff: [AFK][Admin] Chris
[03:34:21] [Server thread/INFO]: Staff: [AFK][Admin] Chris
[03:35:08] [Server thread/INFO]: Staff: [AFK][Admin] Chris
[03:35:55] [Server thread/INFO]: Staff: [AFK][Admin] Chris
[03:37:23] [Server thread/INFO]: Staff: [AFK][Admin] Chris
[03:38:09] [Server thread/INFO]: Staff: [AFK][Admin] Chris
[03:38:56] [Server thread/INFO]: Staff: [AFK][Admin] Chris
[03:39:42] [Server thread/INFO]: Staff: [AFK][Admin] Chris
[03:40:29] [Server thread/INFO]: Staff: [AFK][Admin] Chris
[03:41:15] [Server thread/INFO]: Staff: [AFK][Admin] Chris
[03:42:02] [Server thread/INFO]: Staff: [AFK][Admin] Chris
[03:42:32] [Server thread/INFO]: Crustifer left the game.
[13:37:24] [Server thread/INFO]: Twiixtor issued server command: /tpto
[13:37:25] [Server thread/INFO]: Twiixtor issued server command: /goto
[13:37:25] [Server thread/INFO]: Developers: [Giraffe] Twiixtor
[13:37:27] [Server thread/INFO]: Twiixtor issued server command: /help 1
[13:37:28] [Server thread/INFO]: Twiixtor issued server command: /help 2
[13:37:29] [Server thread/INFO]: Twiixtor issued server command: /help 3
[13:37:30] [Server thread/INFO]: Twiixtor issued server command: /help 4
[13:37:31] [Server thread/INFO]: Twiixtor issued server command: /help 5
[13:37:36] [Server thread/INFO]: Twiixtor issued server command: /help 6
[13:37:39] [Server thread/INFO]: Twiixtor issued server command: /help 7
[13:37:48] [Server thread/INFO]: Twiixtor issued server command: /help 8
[13:37:52] [Server thread/INFO]: Twiixtor issued server command: /help 9
[13:37:54] [Server thread/INFO]: Twiixtor issued server command: /help 10
[13:37:56] [Server thread/INFO]: Twiixtor issued server command: /help 11
[13:37:58] [Server thread/INFO]: Twiixtor issued server command: /help 12
[13:38:02] [Server thread/INFO]: Twiixtor issued server command: /help 13
[13:38:06] [Server thread/INFO]: Twiixtor issued server command: /help 14
[13:38:10] [Server thread/INFO]: Twiixtor issued server command: /help 15
[13:38:12] [Server thread/INFO]: Developers: [Giraffe] Twiixtor
[13:38:58] [Server thread/INFO]: Developers: [Giraffe] Twiixtor
[13:39:45] [Server thread/INFO]: Developers: [Giraffe] Twiixtor
[13:40:31] [Server thread/INFO]: Developers: [Giraffe] Twiixtor
[13:41:18] [Server thread/INFO]: Developers: [Giraffe] Twiixtor
[13:42:05] [Server thread/INFO]: Developers: [Giraffe] Twiixtor
[13:42:51] [Server thread/INFO]: Developers: [Giraffe] Twiixtor
[13:43:38] [Server thread/INFO]: Developers: [AFK][Giraffe] Twiixtor
[13:44:09] [Server thread/INFO]: Twiixtor left the game.
[13:58:12] [Server thread/INFO]: Developers: [Giraffe] Twiixtor
[13:58:15] [Server thread/INFO]: Twiixtor issued server command: /fly
[13:58:58] [Server thread/INFO]: Developers: [Giraffe] Twiixtor
[13:59:45] [Server thread/INFO]: Developers: [Dev] Popey, [Giraffe] Twiixtor
[14:00:03] [Server thread/INFO]: Popey456963 issued server command: //copy
[14:00:04] [Server thread/INFO]: Popey456963 issued server command: //paste
[14:00:09] [Server thread/INFO]: Popey456963 issued server command: //paste
[14:00:10] [Server thread/INFO]: Popey456963 issued server command: //paste
[14:00:19] [Server thread/INFO]: Popey456963 issued server command: /tp Twiixtor
[14:00:31] [Server thread/INFO]: Popey456963 issued server command: /f map
[14:00:31] [Server thread/INFO]: Developers: [Dev] Popey, [Giraffe] Twiixtor
[14:01:12] [Server thread/INFO]: Popey456963 issued server command: /gm 0
[14:01:18] [Server thread/INFO]: Developers: [Dev] Popey, [Giraffe] Twiixtor
[14:01:48] [Server thread/INFO]: Twiixtor issued server command: /mv tp mg
[14:01:54] [Server thread/INFO]: Twiixtor issued server command: /gm 1
[14:02:04] [Server thread/INFO]: Developers: [Dev] Popey, [Giraffe] Twiixtor
[14:02:26] [Server thread/INFO]: Twiixtor issued server command: /plugins
[14:02:32] [Server thread/INFO]: Popey456963 issued server command: /plugins
[14:02:51] [Server thread/INFO]: Developers: [Dev] Popey, [Giraffe] Twiixtor
[14:03:37] [Server thread/INFO]: Developers: [Dev] Popey, [Giraffe] Twiixtor
[14:04:06] [Server thread/INFO]: Popey456963 issued server command: /give Popey456963 sign
[14:04:10] [Server thread/INFO]: Twiixtor issued server command: /tp pop
[14:04:24] [Server thread/INFO]: Developers: [Dev] Popey, [Giraffe] Twiixtor
[14:04:26] [Server thread/INFO]: Popey456963 issued server command: /commandsigns line1
[14:04:33] [Server thread/INFO]: Popey456963 issued server command: /commandsigns line1 ===================
[14:04:48] [Server thread/INFO]: Popey456963 issued server command: /commandsigns line2 /time set day
[14:04:55] [Server thread/INFO]: Popey456963 issued server command: /commandsigns line2 \===========
[14:05:11] [Server thread/INFO]: Developers: [Dev] Popey, [Giraffe] Twiixtor
[14:05:16] [Server thread/INFO]: Popey456963 issued server command: /gm 1
[14:05:27] [Server thread/INFO]: Popey456963 issued server command: //set 0
[14:05:33] [Server thread/INFO]: Twiixtor issued server command: //wand
[14:05:36] [Server thread/INFO]: Popey456963 issued server command: //set 0
[14:05:39] [Server thread/INFO]: [PT] Popey456963 issued server command: /smite Twiixtor
[14:05:47] [Server thread/INFO]: Popey456963 issued server command: /pt
[14:05:51] [Server thread/INFO]: Twiixtor issued server command: /i compass 1
[14:05:57] [Server thread/INFO]: Developers: [Dev] Popey, [Giraffe] Twiixtor
[14:06:03] [Server thread/INFO]: Popey456963 issued server command: /commandsigns line1 /time set day
[14:06:13] [Server thread/INFO]: Twiixtor issued server command: /time set night
[14:06:53] [Server thread/INFO]: Popey456963 issued server command: //set 0
[14:07:25] [Server thread/INFO]: Developers: [Dev] Popey, [Giraffe] Twiixtor
[14:07:42] [Server thread/INFO]: Twiixtor issued server command: /i sign 1
[14:07:54] [Server thread/INFO]: Popey456963 issued server command: /commandsigns clear
[14:08:12] [Server thread/INFO]: Developers: [Dev] Popey, [Giraffe] Twiixtor
[14:08:37] [Server thread/INFO]: Twiixtor issued server command: //set 0
[14:08:44] [Server thread/INFO]: Twiixtor issued server command: /remove items 10
[14:08:59] [Server thread/INFO]: Developers: [Dev] Popey, [Giraffe] Twiixtor
[14:08:59] [Server thread/INFO]: Twiixtor issued server command: //expand 50 up
[14:09:00] [Server thread/INFO]: Twiixtor issued server command: //set 0
[14:09:45] [Server thread/INFO]: Developers: [Dev] Popey, [Giraffe] Twiixtor
[14:10:31] [Server thread/INFO]: Staff: [Admin] UnSeen
[14:10:31] [Server thread/INFO]: Developers: [Dev] Popey, [Giraffe] Twiixtor
[14:10:37] [Server thread/INFO]: [Dev] Popey: Heellooo UnSeen/
[14:11:06] [Server thread/INFO]: [Giraffe] Twiixtor: test
[14:11:10] [Server thread/INFO]: Popey456963 issued server command: /pex user Twiixtor group set Guest
[14:11:18] [Server thread/INFO]: Staff: [Admin] UnSeen
[14:11:18] [Server thread/INFO]: Players: [Giraffe] Twiixtor
[14:11:18] [Server thread/INFO]: Developers: [Dev] Popey
[14:11:18] [Server thread/INFO]: Popey456963 issued server command: /deop Twiixtor
[14:11:18] [Server thread/INFO]: [Popey456963: De-opped Twiixtor]
[14:11:18] [Server thread/INFO]: Twiixtor issued server command: /gm 0
[14:11:25] [Server thread/INFO]: Popey456963 issued server command: /gamemode 0 Twiixtor
[14:11:36] [Server thread/INFO]: [Dev] Popey: Server just crashed, lamo
[14:11:40] [Server thread/INFO]: [Admin] UnSeen: rip
[14:11:45] [Server thread/INFO]: [Admin] UnSeen: also fucking rainbow popey
[14:11:53] [Server thread/INFO]: [Giraffe] Twiixtor: ikr
[14:11:59] [Server thread/INFO]: [Dev] Popey: Of course.
[14:12:02] [Server thread/INFO]: [Admin] UnSeen: Eskimo begging me to let him come finish his splegg arena
[14:12:04] [Server thread/INFO]: [Admin] UnSeen: and I'm like
[14:12:04] [Server thread/INFO]: Staff: [Admin] UnSeen
[14:12:04] [Server thread/INFO]: Players: [Giraffe] Twiixtor
[14:12:04] [Server thread/INFO]: Developers: [Dev] Popey
[14:12:06] [Server thread/INFO]: [Admin] UnSeen: lolno
[14:12:11] [Server thread/INFO]: [Dev] Popey: lmao, yeah.
[14:12:12] [Server thread/INFO]: [Admin] UnSeen: lmao goddamn it
[14:12:34] [Server thread/INFO]: Twiixtor issued server command: /gm 1
[14:12:51] [Server thread/INFO]: Staff: [Admin] UnSeen
[14:12:51] [Server thread/INFO]: Players: [Giraffe] Twiixtor
[14:12:51] [Server thread/INFO]: Developers: [Dev] Popey
[14:13:38] [Server thread/INFO]: Staff: [Admin] UnSeen
[14:13:38] [Server thread/INFO]: Players: [Giraffe] Twiixtor
[14:13:38] [Server thread/INFO]: Developers: [Dev] Popey
[14:14:24] [Server thread/INFO]: Staff: [Admin] UnSeen
[14:14:24] [Server thread/INFO]: Players: [Giraffe] Twiixtor
[14:14:24] [Server thread/INFO]: Developers: [Dev] Popey
[14:14:34] [Server thread/INFO]: [Giraffe] Twiixtor: test
[14:14:39] [Server thread/INFO]: Twiixtor issued server command: /pex
[14:14:59] [Server thread/INFO]: [Giraffe] Twiixtor: gimme dev back
[14:15:11] [Server thread/INFO]: Staff: [Admin] UnSeen
[14:15:11] [Server thread/INFO]: Players: [Giraffe] Twiixtor
[14:15:11] [Server thread/INFO]: Developers: [Dev] Popey
[14:15:17] [Server thread/INFO]: Twiixtor issued server command: /pex
[14:15:18] [Server thread/INFO]: Twiixtor issued server command: /pex
[14:15:20] [Server thread/INFO]: Twiixtor issued server command: /pex
[14:15:46] [Server thread/INFO]: Popey456963 issued server command: /pex user Twiixtor group set Dev
[14:15:47] [Server thread/INFO]: Popey456963 issued server command: /op Twiixtor
[14:15:47] [Server thread/INFO]: [Popey456963: Opped Twiixtor]
[14:15:57] [Server thread/INFO]: Staff: [Admin] UnSeen
[14:15:57] [Server thread/INFO]: Developers: [Dev] Popey, [Giraffe] Twiixtor
[14:17:08] [Server thread/INFO]: Twiixtor issued server command: /pex
[14:17:08] [Server thread/INFO]: Popey456963 issued server command: /tnt
[14:17:17] [Server thread/INFO]: Twiixtor issued server command: /heal
[14:17:19] [Server thread/INFO]: Twiixtor issued server command: /gm 1
[14:17:25] [Server thread/INFO]: Staff: [Admin] UnSeen
[14:17:25] [Server thread/INFO]: Developers: [Dev] Popey, [Giraffe] Twiixtor
[14:17:34] [Server thread/INFO]: [PT] Popey456963 issued server command: /heal Popey456963
[14:17:35] [Server thread/INFO]: [PT] Popey456963 issued server command: /heal Popey456963
[14:17:41] [Server thread/INFO]: [PT] Popey456963 issued server command: /heal Popey456963
[14:17:42] [Server thread/INFO]: Popey456963 issued server command: /pt
[14:18:00] [Server thread/INFO]: Popey456963 issued server command: /back
[14:18:10] [Server thread/INFO]: Twiixtor issued server command: //wand
[14:18:12] [Server thread/INFO]: Staff: [Admin] UnSeen
[14:18:12] [Server thread/INFO]: Developers: [Dev] Popey, [Giraffe] Twiixtor
[14:18:58] [Server thread/INFO]: Staff: [Admin] UnSeen
[14:18:58] [Server thread/INFO]: Developers: [Dev] Popey, [Giraffe] Twiixtor
[14:19:45] [Server thread/INFO]: Staff: [Admin] UnSeen
[14:19:45] [Server thread/INFO]: Developers: [Dev] Popey, [Giraffe] Twiixtor
[14:20:03] [Server thread/INFO]: Popey456963 issued server command: /kit
[14:20:32] [Server thread/INFO]: Staff: [Admin] UnSeen
[14:20:32] [Server thread/INFO]: Developers: [Dev] Popey, [Giraffe] Twiixtor
[14:21:18] [Server thread/INFO]: Staff: [Admin] UnSeen
[14:21:18] [Server thread/INFO]: Developers: [Dev] Popey, [Giraffe] Twiixtor
[14:22:05] [Server thread/INFO]: Staff: [Admin] UnSeen
[14:22:05] [Server thread/INFO]: Developers: [Dev] Popey, [Giraffe] Twiixtor
[14:22:51] [Server thread/INFO]: Staff: [Admin] UnSeen
[14:22:51] [Server thread/INFO]: Developers: [Dev] Popey, [Giraffe] Twiixtor
[14:23:38] [Server thread/INFO]: Staff: [Admin] UnSeen
[14:23:38] [Server thread/INFO]: Developers: [Dev] Popey, [Giraffe] Twiixtor
[14:24:24] [Server thread/INFO]: Staff: [Admin] UnSeen
[14:24:24] [Server thread/INFO]: Developers: [Dev] Popey, [Giraffe] Twiixtor
[14:25:11] [Server thread/INFO]: Staff: [Admin] UnSeen
[14:25:11] [Server thread/INFO]: Developers: [Dev] Popey, [Giraffe] Twiixtor
[14:25:58] [Server thread/INFO]: Staff: [Admin] UnSeen
[14:25:58] [Server thread/INFO]: Developers: [Dev] Popey, [Giraffe] Twiixtor
[14:26:20] [Server thread/INFO]: Popey456963 issued server command: /kit tools
[14:27:10] [Server thread/INFO]: Popey456963 issued server command: /kit Color
[14:27:25] [Server thread/INFO]: Staff: [Admin] UnSeen
[14:27:25] [Server thread/INFO]: Developers: [Dev] Popey, [Giraffe] Twiixtor
[14:28:12] [Server thread/INFO]: Staff: [Admin] UnSeen
[14:28:12] [Server thread/INFO]: Developers: [Dev] Popey, [Giraffe] Twiixtor
[14:28:51] [Server thread/INFO]: Twiixtor issued server command: /disguise
[14:28:55] [Server thread/INFO]: Twiixtor issued server command: /disguise minecart
[14:28:58] [Server thread/INFO]: Staff: [Admin] UnSeen
[14:28:58] [Server thread/INFO]: Developers: [Dev] Popey, [Giraffe] Twiixtor
[14:28:59] [Server thread/INFO]: Twiixtor issued server command: /disguise fallingblock
[14:29:16] [Server thread/INFO]: Popey456963 issued server command: /tp unsese
[14:29:18] [Server thread/INFO]: Twiixtor issued server command: /disguise tntprimed
[14:29:19] [Server thread/INFO]: Popey456963 issued server command: /tp unse
[14:29:23] [Server thread/INFO]: [Admin] UnSeen: true
[14:29:24] [Server thread/INFO]: Popey456963 issued server command: /d
[14:29:26] [Server thread/INFO]: Popey456963 issued server command: /disguise
[14:29:33] [Server thread/INFO]: [Admin] UnSeen: anyways I need to brb, cut the grass
[14:29:35] [Server thread/INFO]: Popey456963 issued server command: /disguise TNTPrimed
[14:29:42] [Server thread/INFO]: [Admin] UnSeen: brb
[14:29:44] [Server thread/INFO]: Popey456963 issued server command: /tp twi
[14:29:45] [Server thread/INFO]: Staff: [Admin] UnSeen
[14:29:45] [Server thread/INFO]: Developers: [Dev] Popey, [Giraffe] Twiixtor
[14:29:45] [Server thread/INFO]: [Giraffe] Twiixtor: kkk
[14:29:54] [Server thread/INFO]: Twiixtor issued server command: /nick off
[14:29:56] [Server thread/INFO]: [Giraffe] Twiixtor: test
[14:30:00] [Server thread/INFO]: Twiixtor issued server command: /pex
[14:30:06] [Server thread/INFO]: Twiixtor issued server command: /pex prefix
[14:30:24] [Server thread/INFO]: [Giraffe] Twiixtor: emmememem
[14:30:25] [Server thread/INFO]: [Dev] Popey: ./pex user Twiixtor prefix set ""
[14:30:25] [Server thread/INFO]: [Giraffe] Twiixtor: eminem
[14:30:27] [Server thread/INFO]: Popey456963 issued server command: /pex user Twiixtor prefix set ""
[14:30:31] [Server thread/INFO]: Staff: [Admin] UnSeen
[14:30:31] [Server thread/INFO]: Developers: [Dev] Popey, setTwiixtor
[14:30:32] [Server thread/INFO]: Popey456963 issued server command: /pex user Twiixtor prefix ""
[14:30:34] [Server thread/INFO]: Twiixtor issued server command: /pex user Twiixtor prefix set ""
[14:30:35] [Server thread/INFO]: setTwiixtor: test
[14:30:37] [Server thread/INFO]: [Dev] Popey: ./pex user Twiixtor prefix ""
[14:30:40] [Server thread/INFO]: Popey456963 issued server command: /pex user Twiixtor prefix ""
[14:30:43] [Server thread/INFO]: Twiixtor issued server command: /pex user Twiixtor prefix ""
[14:30:44] [Server thread/INFO]: [Dev] Twiixtor: te
[14:31:18] [Server thread/INFO]: Staff: [Admin] UnSeen
[14:31:18] [Server thread/INFO]: Developers: [Dev] Popey, [Dev] Twiixtor
[14:32:04] [Server thread/INFO]: Staff: [Admin] UnSeen
[14:32:04] [Server thread/INFO]: Developers: [Dev] Popey, [Dev] Twiixtor
[14:32:29] [Server thread/INFO]: Popey456963 issued server command: /pex reload
[14:32:31] [Server thread/INFO]: [Dev] Popey: Test
[14:32:46] [Server thread/INFO]: Popey456963 issued server command: /pex user twiixtor group set giraffe
[14:32:51] [Server thread/INFO]: Staff: [Admin] UnSeen
[14:32:51] [Server thread/INFO]: Developers: [Dev] Popey
[14:32:51] [Server thread/INFO]: giraffe: [Giraffe] Twiixtor
[14:33:38] [Server thread/INFO]: Staff: [Admin] UnSeen
[14:33:38] [Server thread/INFO]: Developers: [Dev] Popey
[14:33:38] [Server thread/INFO]: giraffe: [Giraffe] Twiixtor
[14:34:24] [Server thread/INFO]: Staff: [Admin] UnSeen
[14:34:24] [Server thread/INFO]: Developers: [Dev] Popey
[14:34:24] [Server thread/INFO]: giraffe: [Giraffe] Twiixtor
[14:35:11] [Server thread/INFO]: Staff: [AFK][Admin] UnSeen
[14:35:11] [Server thread/INFO]: Developers: [Dev] Popey
[14:35:11] [Server thread/INFO]: giraffe: [Giraffe] Twiixtor
[14:35:37] [Server thread/INFO]: [Giraffe] Twiixtor: test
[14:35:43] [Server thread/INFO]: [Dev] Popey: =)(
[14:35:48] [Server thread/INFO]: Popey456963 issued server command: /nick Popey
[14:35:50] [Server thread/INFO]: [Dev] Popey: =)
[14:35:57] [Server thread/INFO]: Staff: [AFK][Admin] UnSeen
[14:35:57] [Server thread/INFO]: Developers: [Dev] Popey
[14:35:57] [Server thread/INFO]: giraffe: [Giraffe] Twiixtor
[14:36:12] [Server thread/INFO]: [Giraffe] Twiixtor: test
[14:36:14] [Server thread/INFO]: [Giraffe] Twiixtor: testing is testy
[14:36:19] [Server thread/INFO]: [Giraffe] Twiixtor: testing testy testicles
[14:36:21] [Server thread/INFO]: [Giraffe] Twiixtor: no
[14:37:25] [Server thread/INFO]: Staff: [AFK][Admin] UnSeen
[14:37:25] [Server thread/INFO]: Developers: [Dev] Popey
[14:37:25] [Server thread/INFO]: giraffe: [Giraffe] Twiixtor
[14:38:12] [Server thread/INFO]: Staff: [AFK][Admin] UnSeen
[14:38:12] [Server thread/INFO]: Developers: [Dev] Popey
[14:38:12] [Server thread/INFO]: giraffe: [Giraffe] Twiixtor
[14:38:58] [Server thread/INFO]: Staff: [AFK][Admin] UnSeen
[14:38:58] [Server thread/INFO]: Developers: [Dev] Popey
[14:38:58] [Server thread/INFO]: giraffe: [Giraffe] Twiixtor
[14:39:01] [Server thread/INFO]: [Dev] Popey: You there Twiixtor?
[14:39:03] [Server thread/INFO]: [Giraffe] Twiixtor: yeah
[14:39:04] [Server thread/INFO]: [Giraffe] Twiixtor: wtf
[14:39:45] [Server thread/INFO]: Staff: [AFK][Admin] UnSeen
[14:39:45] [Server thread/INFO]: Developers: [Dev] Popey
[14:39:45] [Server thread/INFO]: giraffe: [Giraffe] Twiixtor
[14:40:31] [Server thread/INFO]: Staff: [AFK][Admin] UnSeen
[14:40:31] [Server thread/INFO]: Developers: [Dev] Popey
[14:40:31] [Server thread/INFO]: giraffe: [Giraffe] Twiixtor
[14:41:18] [Server thread/INFO]: Staff: [AFK][Admin] UnSeen
[14:41:18] [Server thread/INFO]: Developers: [Dev] Popey
[14:41:18] [Server thread/INFO]: giraffe: [Giraffe] Twiixtor
[14:42:05] [Server thread/INFO]: Staff: [AFK][Admin] UnSeen
[14:42:05] [Server thread/INFO]: Developers: [Dev] Popey
[14:42:05] [Server thread/INFO]: giraffe: [Giraffe] Twiixtor
[14:42:51] [Server thread/INFO]: Staff: [AFK][Admin] UnSeen
[14:42:51] [Server thread/INFO]: Developers: [Dev] Popey
[14:42:51] [Server thread/INFO]: giraffe: [Giraffe] Twiixtor
[14:43:38] [Server thread/INFO]: Staff: [AFK][Admin] UnSeen
[14:43:38] [Server thread/INFO]: Developers: [Dev] Popey
[14:43:38] [Server thread/INFO]: giraffe: [Giraffe] Twiixtor
[14:44:24] [Server thread/INFO]: Staff: [AFK][Admin] UnSeen
[14:44:24] [Server thread/INFO]: Developers: [Dev] Popey
[14:44:24] [Server thread/INFO]: giraffe: [Giraffe] Twiixtor
[14:45:11] [Server thread/INFO]: Staff: [AFK][Admin] UnSeen
[14:45:11] [Server thread/INFO]: Developers: [Dev] Popey
[14:45:11] [Server thread/INFO]: giraffe: [Giraffe] Twiixtor
[14:45:57] [Server thread/INFO]: Staff: [AFK][Admin] UnSeen
[14:45:57] [Server thread/INFO]: Developers: [Dev] Popey
[14:45:57] [Server thread/INFO]: giraffe: [Giraffe] Twiixtor
[14:47:04] [Server thread/INFO]: Twiixtor left the game.
[14:47:14] [Server thread/INFO]: Popey456963 left the game.
[14:47:25] [Server thread/INFO]: Staff: [AFK][Admin] UnSeen
[14:48:12] [Server thread/INFO]: Staff: [AFK][Admin] UnSeen
[14:48:58] [Server thread/INFO]: Staff: [AFK][Admin] UnSeen
[14:49:45] [Server thread/INFO]: Staff: [AFK][Admin] UnSeen
[14:50:31] [Server thread/INFO]: Staff: [AFK][Admin] UnSeen
[14:51:18] [Server thread/INFO]: Staff: [AFK][Admin] UnSeen
[14:52:04] [Server thread/INFO]: Staff: [AFK][Admin] UnSeen
[14:52:51] [Server thread/INFO]: Staff: [AFK][Admin] UnSeen
[14:53:38] [Server thread/INFO]: Staff: [AFK][Admin] UnSeen
[14:54:24] [Server thread/INFO]: Staff: [AFK][Admin] UnSeen
[14:55:11] [Server thread/INFO]: Staff: [AFK][Admin] UnSeen
[14:55:57] [Server thread/INFO]: Staff: [AFK][Admin] UnSeen
[14:57:25] [Server thread/INFO]: Staff: [AFK][Admin] UnSeen
[14:58:12] [Server thread/INFO]: Staff: [AFK][Admin] UnSeen
[14:58:58] [Server thread/INFO]: Staff: [AFK][Admin] UnSeen
[14:59:45] [Server thread/INFO]: Staff: [AFK][Admin] UnSeen
[15:00:31] [Server thread/INFO]: Staff: [AFK][Admin] UnSeen
[15:01:18] [Server thread/INFO]: Staff: [AFK][Admin] UnSeen
[15:02:04] [Server thread/INFO]: Staff: [AFK][Admin] UnSeen
[15:02:51] [Server thread/INFO]: Staff: [AFK][Admin] UnSeen
[15:03:38] [Server thread/INFO]: Staff: [AFK][Admin] UnSeen
[15:04:24] [Server thread/INFO]: Staff: [AFK][Admin] UnSeen
[15:05:11] [Server thread/INFO]: Staff: [AFK][Admin] UnSeen
[15:05:57] [Server thread/INFO]: Staff: [AFK][Admin] UnSeen
[15:07:25] [Server thread/INFO]: Staff: [AFK][Admin] UnSeen
[15:08:12] [Server thread/INFO]: Staff: [AFK][Admin] UnSeen
[15:09:00] [Server thread/INFO]: Staff: [AFK][Admin] UnSeen
[15:09:46] [Server thread/INFO]: Staff: [AFK][Admin] UnSeen
[15:10:33] [Server thread/INFO]: Staff: [AFK][Admin] UnSeen
[15:11:19] [Server thread/INFO]: Staff: [AFK][Admin] UnSeen
[15:12:06] [Server thread/INFO]: Staff: [AFK][Admin] UnSeen
[15:12:52] [Server thread/INFO]: Staff: [AFK][Admin] UnSeen
[15:13:39] [Server thread/INFO]: Staff: [AFK][Admin] UnSeen
[15:14:26] [Server thread/INFO]: Staff: [AFK][Admin] UnSeen
[15:15:12] [Server thread/INFO]: Staff: [AFK][Admin] UnSeen
[15:15:59] [Server thread/INFO]: Staff: [AFK][Admin] UnSeen
[15:17:25] [Server thread/INFO]: Staff: [AFK][Admin] UnSeen
[15:18:12] [Server thread/INFO]: Staff: [AFK][Admin] UnSeen
[15:18:58] [Server thread/INFO]: Staff: [AFK][Admin] UnSeen
[15:19:45] [Server thread/INFO]: Staff: [AFK][Admin] UnSeen
[15:20:31] [Server thread/INFO]: Staff: [AFK][Admin] UnSeen
[15:21:18] [Server thread/INFO]: Staff: [AFK][Admin] UnSeen
[15:22:04] [Server thread/INFO]: Staff: [AFK][Admin] UnSeen
[15:22:51] [Server thread/INFO]: Staff: [AFK][Admin] UnSeen
[15:23:38] [Server thread/INFO]: Staff: [AFK][Admin] UnSeen
[15:24:24] [Server thread/INFO]: Staff: [AFK][Admin] UnSeen
[15:25:11] [Server thread/INFO]: Staff: [AFK][Admin] UnSeen
[15:25:57] [Server thread/INFO]: Staff: [AFK][Admin] UnSeen
[15:27:26] [Server thread/INFO]: Staff: [AFK][Admin] UnSeen
[15:28:12] [Server thread/INFO]: Staff: [AFK][Admin] UnSeen
[15:28:59] [Server thread/INFO]: Staff: [AFK][Admin] UnSeen
[15:29:45] [Server thread/INFO]: Staff: [AFK][Admin] UnSeen
[15:30:32] [Server thread/INFO]: Staff: [AFK][Admin] UnSeen
[15:31:18] [Server thread/INFO]: Staff: [AFK][Admin] UnSeen
[15:32:05] [Server thread/INFO]: Staff: [AFK][Admin] UnSeen
[15:32:52] [Server thread/INFO]: Staff: [AFK][Admin] UnSeen
[15:33:38] [Server thread/INFO]: Staff: [AFK][Admin] UnSeen
[15:34:25] [Server thread/INFO]: Staff: [AFK][Admin] UnSeen
[15:35:11] [Server thread/INFO]: Staff: [AFK][Admin] UnSeen
[15:35:58] [Server thread/INFO]: Staff: [AFK][Admin] UnSeen
[15:37:25] [Server thread/INFO]: Staff: [AFK][Admin] UnSeen
[15:38:12] [Server thread/INFO]: Staff: [AFK][Admin] UnSeen
[15:38:58] [Server thread/INFO]: Staff: [AFK][Admin] UnSeen
[15:39:45] [Server thread/INFO]: Staff: [AFK][Admin] UnSeen
[15:40:31] [Server thread/INFO]: Staff: [AFK][Admin] UnSeen
[15:41:19] [Server thread/INFO]: Staff: [AFK][Admin] UnSeen
[15:42:06] [Server thread/INFO]: Staff: [AFK][Admin] UnSeen
[15:42:52] [Server thread/INFO]: Staff: [AFK][Admin] UnSeen
[15:43:39] [Server thread/INFO]: Staff: [AFK][Admin] UnSeen
[15:44:25] [Server thread/INFO]: Staff: [AFK][Admin] UnSeen
[15:45:12] [Server thread/INFO]: Staff: [AFK][Admin] UnSeen
[15:45:59] [Server thread/INFO]: Staff: [AFK][Admin] UnSeen
[15:47:25] [Server thread/INFO]: Staff: [AFK][Admin] UnSeen
[15:48:12] [Server thread/INFO]: Staff: [AFK][Admin] UnSeen
[15:48:59] [Server thread/INFO]: Staff: [AFK][Admin] UnSeen
[15:49:45] [Server thread/INFO]: Staff: [AFK][Admin] UnSeen
[15:50:32] [Server thread/INFO]: Staff: [AFK][Admin] UnSeen
[15:51:18] [Server thread/INFO]: Staff: [AFK][Admin] UnSeen
[15:52:05] [Server thread/INFO]: Staff: [AFK][Admin] UnSeen
[15:52:51] [Server thread/INFO]: Staff: [AFK][Admin] UnSeen
[15:53:38] [Server thread/INFO]: Staff: [AFK][Admin] UnSeen
[15:54:25] [Server thread/INFO]: Staff: [AFK][Admin] UnSeen
[15:55:11] [Server thread/INFO]: Staff: [Admin] UnSeen
[15:55:58] [Server thread/INFO]: Staff: [Admin] UnSeen
[15:57:25] [Server thread/INFO]: Staff: [Admin] UnSeen, [Mod] ThunderCS
[15:57:51] [Server thread/INFO]: ThunderCS issued server command: /f
[15:58:12] [Server thread/INFO]: Staff: [Admin] UnSeen, [Mod] ThunderCS
[15:58:32] [Server thread/INFO]: ThunderCS issued server command: /bursh smooth
[15:58:36] [Server thread/INFO]: ThunderCS issued server command: //bursh smooth
[15:58:41] [Server thread/INFO]: ThunderCS issued server command: //tool smooth
[15:58:47] [Server thread/INFO]: ThunderCS issued server command: //bursh
[15:58:59] [Server thread/INFO]: Staff: [Admin] UnSeen, [Mod] ThunderCS
[15:59:07] [Server thread/INFO]: ThunderCS issued server command: /brush
[15:59:10] [Server thread/INFO]: ThunderCS issued server command: /brush smooth
[15:59:45] [Server thread/INFO]: Staff: [Admin] UnSeen, [Mod] ThunderCS
[16:00:32] [Server thread/INFO]: Staff: [Admin] UnSeen, [Mod] ThunderCS
[16:00:36] [Server thread/INFO]: AttrebusMede left the game.
[16:01:16] [Server thread/INFO]: ThunderCS issued server command: /gm 0
[16:01:18] [Server thread/INFO]: Staff: [Mod] ThunderCS
[16:01:29] [Server thread/INFO]: ThunderCS issued server command: /gm 1
[16:02:05] [Server thread/INFO]: Staff: [Mod] ThunderCS
[16:02:51] [Server thread/INFO]: Staff: [Mod] ThunderCS
[16:03:38] [Server thread/INFO]: Staff: [Mod] ThunderCS
[16:04:05] [Server thread/INFO]: ThunderCS issued server command: /time set 0
[16:04:24] [Server thread/INFO]: Staff: [Mod] ThunderCS
[16:05:11] [Server thread/INFO]: Staff: [Mod] ThunderCS
[16:05:57] [Server thread/INFO]: Staff: [Mod] ThunderCS
[16:07:10] [Server thread/INFO]: ThunderCS issued server command: /warp survival
[16:07:12] [Server thread/INFO]: ThunderCS issued server command: /wars spawn
[16:07:14] [Server thread/INFO]: ThunderCS issued server command: /warp spawn
[16:07:17] [Server thread/INFO]: ThunderCS issued server command: /spawn
[16:07:25] [Server thread/INFO]: Staff: [Mod] ThunderCS
[16:07:31] [Server thread/INFO]: ThunderCS issued server command: /warp skywars
[16:08:12] [Server thread/INFO]: Staff: [Mod] ThunderCS
[16:08:18] [Server thread/INFO]: ThunderCS issued server command: /sw leave
[16:08:21] [Server thread/INFO]: ThunderCS issued server command: /gm 1
[16:08:59] [Server thread/INFO]: Staff: [Mod] ThunderCS
[16:09:14] [Server thread/INFO]: ThunderCS issued server command: /warp survival
[16:09:38] [Server thread/INFO]: ThunderCS issued server command: /bursh
[16:09:41] [Server thread/INFO]: ThunderCS issued server command: /brush
[16:09:45] [Server thread/INFO]: Staff: [Mod] ThunderCS
[16:09:59] [Server thread/INFO]: ThunderCS issued server command: /tool
[16:10:32] [Server thread/INFO]: Staff: [Mod] ThunderCS
[16:11:18] [Server thread/INFO]: Staff: [Mod] ThunderCS
[16:11:32] [Server thread/INFO]: ThunderCS left the game.
[16:27:25] [Server thread/INFO]: Staff: [Mod] ThunderCS
[16:28:13] [Server thread/INFO]: Staff: [Mod] ThunderCS
[16:28:59] [Server thread/INFO]: Staff: [Mod] ThunderCS
[16:29:46] [Server thread/INFO]: Staff: [Mod] ThunderCS
[16:30:32] [Server thread/INFO]: Staff: [Mod] ThunderCS
[16:31:19] [Server thread/INFO]: Staff: [Mod] ThunderCS
[16:31:31] [Server thread/INFO]: ThunderCS left the game.
[18:34:25] [Server thread/INFO]: Staff: [Mod] ThunderCS
[18:34:38] [Server thread/INFO]: ThunderCS issued server command: //cut
[18:34:54] [Server thread/INFO]: ThunderCS issued server command: /time set 0
[18:35:11] [Server thread/INFO]: Staff: [Mod] ThunderCS
[18:35:58] [Server thread/INFO]: Staff: [Mod] ThunderCS
[18:37:26] [Server thread/INFO]: Staff: [Mod] ThunderCS
[18:37:34] [Server thread/INFO]: ThunderCS issued server command: //set wood
[18:38:12] [Server thread/INFO]: Staff: [Mod] ThunderCS
[18:38:59] [Server thread/INFO]: Staff: [Mod] ThunderCS
[18:39:45] [Server thread/INFO]: Staff: [Mod] ThunderCS
[18:40:32] [Server thread/INFO]: Staff: [Mod] ThunderCS
[18:41:18] [Server thread/INFO]: Staff: [Mod] ThunderCS
[18:42:05] [Server thread/INFO]: Staff: [Mod] ThunderCS
[18:42:51] [Server thread/INFO]: Staff: [Mod] ThunderCS
[18:43:38] [Server thread/INFO]: Staff: [Mod] ThunderCS
[18:44:25] [Server thread/INFO]: Staff: [Mod] ThunderCS
[18:45:11] [Server thread/INFO]: Staff: [Mod] ThunderCS
[18:45:58] [Server thread/INFO]: Staff: [Mod] ThunderCS
[18:47:26] [Server thread/INFO]: Staff: [Mod] ThunderCS
[18:47:59] [Server thread/INFO]: ThunderCS issued server command: /butcher
[18:48:12] [Server thread/INFO]: Staff: [Mod] ThunderCS
[18:48:21] [Server thread/INFO]: ThunderCS issued server command: /time set 0
[18:48:22] [Server thread/INFO]: ThunderCS issued server command: /butcher
[18:48:34] [Server thread/INFO]: ThunderCS left the game.
[20:18:59] [Server thread/INFO]: giraffe: [Giraffe] Twiixtor
[20:19:14] [Server thread/INFO]: Twiixtor issued server command: /tp Twiixtor 240 83 -939
[20:19:14] [Server thread/INFO]: Twiixtor issued server command: /tppos 240 83 -939
[20:19:18] [Server thread/INFO]: Twiixtor issued server command: /tp Twiixtor 364 4 -1082
[20:19:18] [Server thread/INFO]: Twiixtor issued server command: /tppos 364 4 -1082
[20:19:45] [Server thread/INFO]: giraffe: [Giraffe] Twiixtor
[20:20:20] [Server thread/INFO]: Twiixtor issued server command: /tp Twiixtor 500 4 -1204
[20:20:20] [Server thread/INFO]: Twiixtor issued server command: /tppos 500 4 -1204
[20:20:23] [Server thread/INFO]: Twiixtor issued server command: /tp Twiixtor 535 4 -1071
[20:20:23] [Server thread/INFO]: Twiixtor issued server command: /tppos 535 4 -1071
[20:20:26] [Server thread/INFO]: Twiixtor issued server command: /tp Twiixtor 424 69 -1410
[20:20:26] [Server thread/INFO]: Twiixtor issued server command: /tppos 424 69 -1410
[20:20:30] [Server thread/INFO]: Twiixtor issued server command: /tp Twiixtor 173 77 -1450
[20:20:30] [Server thread/INFO]: Twiixtor issued server command: /tppos 173 77 -1450
[20:20:33] [Server thread/INFO]: giraffe: [Giraffe] Twiixtor
[20:20:33] [Server thread/INFO]: Twiixtor issued server command: /tp Twiixtor 180 90 -1217
[20:20:33] [Server thread/INFO]: Twiixtor issued server command: /tppos 180 90 -1217
[20:20:37] [Server thread/INFO]: Twiixtor issued server command: /tp Twiixtor 16 71 -1049
[20:20:37] [Server thread/INFO]: Twiixtor issued server command: /tppos 16 71 -1049
[20:20:41] [Server thread/INFO]: Twiixtor issued server command: /tp Twiixtor 10 64 -838
[20:20:41] [Server thread/INFO]: Twiixtor issued server command: /tppos 10 64 -838
[20:20:44] [Server thread/INFO]: Twiixtor issued server command: /tp Twiixtor 156 4 -752
[20:20:44] [Server thread/INFO]: Twiixtor issued server command: /tppos 156 4 -752
[20:20:47] [Server thread/INFO]: Twiixtor issued server command: /tp Twiixtor 11 4 -614
[20:20:47] [Server thread/INFO]: Twiixtor issued server command: /tppos 11 4 -614
[20:20:51] [Server thread/INFO]: Twiixtor issued server command: /tp Twiixtor 145 4 -530
[20:20:51] [Server thread/INFO]: Twiixtor issued server command: /tppos 145 4 -530
[20:20:54] [Server thread/INFO]: Twiixtor issued server command: /tp Twiixtor 48 88 -321
[20:20:54] [Server thread/INFO]: Twiixtor issued server command: /tppos 48 88 -321
[20:20:57] [Server thread/INFO]: Twiixtor issued server command: /tp Twiixtor -185 76 -463
[20:20:57] [Server thread/INFO]: Twiixtor issued server command: /tppos -185 76 -463
[20:21:01] [Server thread/INFO]: Twiixtor issued server command: /tp Twiixtor -188 70 -640
[20:21:01] [Server thread/INFO]: Twiixtor issued server command: /tppos -188 70 -640
[20:21:04] [Server thread/INFO]: Twiixtor issued server command: /tp Twiixtor -187 4 -694
[20:21:04] [Server thread/INFO]: Twiixtor issued server command: /tppos -187 4 -694
[20:21:07] [Server thread/INFO]: Twiixtor issued server command: /tp Twiixtor 92 67 -99
[20:21:07] [Server thread/INFO]: Twiixtor issued server command: /tppos 92 67 -99
[20:21:11] [Server thread/INFO]: Twiixtor issued server command: /tp Twiixtor 92 63 85
[20:21:11] [Server thread/INFO]: Twiixtor issued server command: /tppos 92 63 85
[20:21:15] [Server thread/INFO]: Twiixtor issued server command: /tp Twiixtor -138 76 99
[20:21:15] [Server thread/INFO]: Twiixtor issued server command: /tppos -138 76 99
[20:21:18] [Server thread/INFO]: Twiixtor issued server command: /tp Twiixtor -155 4 -2
[20:21:18] [Server thread/INFO]: Twiixtor issued server command: /tppos -155 4 -2
[20:21:20] [Server thread/INFO]: giraffe: [Giraffe] Twiixtor
[20:21:29] [Server thread/INFO]: Twiixtor issued server command: /tp Twiixtor 146 4 -1067
[20:21:29] [Server thread/INFO]: Twiixtor issued server command: /tppos 146 4 -1067
[20:22:06] [Server thread/INFO]: giraffe: [Giraffe] Twiixtor
[20:22:07] [Server thread/INFO]: Twiixtor issued server command: /tp Twiixtor 460 4 -1111
[20:22:07] [Server thread/INFO]: Twiixtor issued server command: /tppos 460 4 -1111
[20:22:38] [Server thread/INFO]: Twiixtor issued server command: /tp Twiixtor 461 4 -982
[20:22:38] [Server thread/INFO]: Twiixtor issued server command: /tppos 461 4 -982
[20:22:53] [Server thread/INFO]: giraffe: [Giraffe] Twiixtor
[20:23:10] [Server thread/INFO]: Twiixtor issued server command: /tp Twiixtor -875 4 -618
[20:23:10] [Server thread/INFO]: Twiixtor issued server command: /tppos -875 4 -618
[20:23:14] [Server thread/INFO]: Twiixtor issued server command: /tp Twiixtor -1211 4 -626
[20:23:14] [Server thread/INFO]: Twiixtor issued server command: /tppos -1211 4 -626
[20:23:18] [Server thread/INFO]: Twiixtor issued server command: /tp Twiixtor -724 4 -709
[20:23:18] [Server thread/INFO]: Twiixtor issued server command: /tppos -724 4 -709
[20:23:22] [Server thread/INFO]: Twiixtor issued server command: /tp Twiixtor -573 4 -679
[20:23:22] [Server thread/INFO]: Twiixtor issued server command: /tppos -573 4 -679
[20:23:25] [Server thread/INFO]: Twiixtor issued server command: /tp Twiixtor -425 4 -726
[20:23:25] [Server thread/INFO]: Twiixtor issued server command: /tppos -425 4 -726
[20:23:29] [Server thread/INFO]: Twiixtor issued server command: /tp Twiixtor -981 4 -759
[20:23:29] [Server thread/INFO]: Twiixtor issued server command: /tppos -981 4 -759
[20:23:39] [Server thread/INFO]: Twiixtor issued server command: /tp Twiixtor -1354 4 739
[20:23:39] [Server thread/INFO]: Twiixtor issued server command: /tppos -1354 4 739
[20:23:40] [Server thread/INFO]: giraffe: [Giraffe] Twiixtor
[20:23:43] [Server thread/INFO]: Twiixtor issued server command: /tp Twiixtor -1369 4 878
[20:23:43] [Server thread/INFO]: Twiixtor issued server command: /tppos -1369 4 878
[20:23:45] [Server thread/INFO]: Twiixtor issued server command: /tp Twiixtor -1505 4 896
[20:23:45] [Server thread/INFO]: Twiixtor issued server command: /tppos -1505 4 896
[20:23:49] [Server thread/INFO]: Twiixtor issued server command: /tp Twiixtor -1634 4 770
[20:23:49] [Server thread/INFO]: Twiixtor issued server command: /tppos -1634 4 770
[20:23:52] [Server thread/INFO]: Twiixtor issued server command: /tp Twiixtor -1640 4 962
[20:23:52] [Server thread/INFO]: Twiixtor issued server command: /tppos -1640 4 962
[20:23:56] [Server thread/INFO]: Twiixtor issued server command: /tp Twiixtor -1383 4 1041
[20:23:56] [Server thread/INFO]: Twiixtor issued server command: /tppos -1383 4 1041
[20:23:59] [Server thread/INFO]: Twiixtor issued server command: /tp Twiixtor -1235 4 1011
[20:23:59] [Server thread/INFO]: Twiixtor issued server command: /tppos -1235 4 1011
[20:24:02] [Server thread/INFO]: Twiixtor issued server command: /tp Twiixtor -1232 4 972
[20:24:02] [Server thread/INFO]: Twiixtor issued server command: /tppos -1232 4 972
[20:24:04] [Server thread/INFO]: Twiixtor issued server command: /tp Twiixtor -1174 4 870
[20:24:04] [Server thread/INFO]: Twiixtor issued server command: /tppos -1174 4 870
[20:24:08] [Server thread/INFO]: Twiixtor issued server command: /tp Twiixtor -1548 4 1102
[20:24:08] [Server thread/INFO]: Twiixtor issued server command: /tppos -1548 4 1102
[20:24:12] [Server thread/INFO]: Twiixtor issued server command: /tp Twiixtor -1675 4 1146
[20:24:12] [Server thread/INFO]: Twiixtor issued server command: /tppos -1675 4 1146
[20:24:15] [Server thread/INFO]: Twiixtor issued server command: /tp Twiixtor -1413 4 1232
[20:24:15] [Server thread/INFO]: Twiixtor issued server command: /tppos -1413 4 1232
[20:24:19] [Server thread/INFO]: Twiixtor issued server command: /tp Twiixtor -1199 4 1152
[20:24:19] [Server thread/INFO]: Twiixtor issued server command: /tppos -1199 4 1152
[20:24:23] [Server thread/INFO]: Twiixtor issued server command: /tp Twiixtor -1169 4 1251
[20:24:23] [Server thread/INFO]: Twiixtor issued server command: /tppos -1169 4 1251
[20:24:26] [Server thread/INFO]: Twiixtor issued server command: /tp Twiixtor -1665 4 1243
[20:24:26] [Server thread/INFO]: Twiixtor issued server command: /tppos -1665 4 1243
[20:24:26] [Server thread/INFO]: giraffe: [Giraffe] Twiixtor
[20:24:30] [Server thread/INFO]: Twiixtor issued server command: /tp Twiixtor -1348 5 1240
[20:24:30] [Server thread/INFO]: Twiixtor issued server command: /tppos -1348 5 1240
[20:24:34] [Server thread/INFO]: Twiixtor issued server command: /i bedrock 1
[20:24:44] [Server thread/INFO]: Twiixtor issued server command: /speed 3
[20:24:53] [Server thread/INFO]: Twiixtor issued server command: //expand 20 up
[20:24:54] [Server thread/INFO]: Twiixtor issued server command: //set 0
[20:25:08] [Server thread/INFO]: Twiixtor issued server command: //expand 2 down
[20:25:09] [Server thread/INFO]: Twiixtor issued server command: //set grass
[20:25:13] [Server thread/INFO]: giraffe: [Giraffe] Twiixtor
[20:25:19] [Server thread/INFO]: Twiixtor issued server command: /killall mobs 100
[20:25:59] [Server thread/INFO]: giraffe: [Giraffe] Twiixtor
[20:27:26] [Server thread/INFO]: giraffe: [Giraffe] Twiixtor
[20:28:12] [Server thread/INFO]: giraffe: [Giraffe] Twiixtor
[20:28:59] [Server thread/INFO]: giraffe: [Giraffe] Twiixtor
[20:29:45] [Server thread/INFO]: giraffe: [Giraffe] Twiixtor
[20:30:11] [Server thread/INFO]: Twiixtor issued server command: //cyl 5:1 20
[20:30:16] [Server thread/INFO]: Twiixtor issued server command: //cyl 5:2 15
[20:30:20] [Server thread/INFO]: Twiixtor issued server command: //cyl 5:1 10
[20:30:23] [Server thread/INFO]: Twiixtor issued server command: //cyl 5:2 5
[20:30:32] [Server thread/INFO]: giraffe: [Giraffe] Twiixtor
[20:30:39] [Server thread/INFO]: Twiixtor issued server command: //undo 3
[20:30:49] [Server thread/INFO]: Twiixtor issued server command: //cyl 5:2 18
[20:30:52] [Server thread/INFO]: Twiixtor issued server command: //cyl 5:1 16
[20:30:54] [Server thread/INFO]: Twiixtor issued server command: //cyl 5:2 14
[20:30:58] [Server thread/INFO]: Twiixtor issued server command: //cyl 5:1 12
[20:31:01] [Server thread/INFO]: Twiixtor issued server command: //cyl 5:2 10
[20:31:19] [Server thread/INFO]: giraffe: [Giraffe] Twiixtor
[20:31:25] [Server thread/INFO]: Twiixtor issued server command: //cyl 5:1 8
[20:31:28] [Server thread/INFO]: Twiixtor issued server command: //cyl 5:2 6
[20:31:30] [Server thread/INFO]: Twiixtor issued server command: //cyl 5:1 4
[20:31:33] [Server thread/INFO]: Twiixtor issued server command: //cyl 5:2 2
[20:32:06] [Server thread/INFO]: giraffe: [Giraffe] Twiixtor
[20:32:52] [Server thread/INFO]: giraffe: [Giraffe] Twiixtor
[20:33:38] [Server thread/INFO]: giraffe: [Giraffe] Twiixtor
[20:33:51] [Server thread/INFO]: Twiixtor issued server command: //cyl 4 20
[20:33:58] [Server thread/INFO]: Twiixtor issued server command: //cyl 5:1 18
[20:34:04] [Server thread/INFO]: Twiixtor issued server command: //cyl 5:2 16
[20:34:08] [Server thread/INFO]: Twiixtor issued server command: //cyl 5:1 14
[20:34:11] [Server thread/INFO]: Twiixtor issued server command: //cyl 5:2 12
[20:34:14] [Server thread/INFO]: Twiixtor issued server command: //cyl 5:1 10
[20:34:17] [Server thread/INFO]: Twiixtor issued server command: //cyl 5:2 8
[20:34:20] [Server thread/INFO]: Twiixtor issued server command: //cyl 5:1 6
[20:34:23] [Server thread/INFO]: Twiixtor issued server command: //cyl 5:2 4
[20:34:25] [Server thread/INFO]: giraffe: [Giraffe] Twiixtor
[20:34:25] [Server thread/INFO]: Twiixtor issued server command: //cyl 5:1 2
[20:35:11] [Server thread/INFO]: giraffe: [Giraffe] Twiixtor
[20:35:49] [Server thread/INFO]: Twiixtor issued server command: //undo 5
[20:35:50] [Server thread/INFO]: Twiixtor issued server command: //undo 5
[20:35:58] [Server thread/INFO]: giraffe: [Giraffe] Twiixtor
[20:36:47] [Server thread/INFO]: Twiixtor issued server command: //set 24
[20:37:06] [Server thread/INFO]: Twiixtor issued server command: //stack 42
[20:37:10] [Server thread/INFO]: Twiixtor issued server command: //stack 42
[20:37:17] [Server thread/INFO]: Twiixtor issued server command: //stack 42
[20:37:26] [Server thread/INFO]: giraffe: [Giraffe] Twiixtor
[20:37:35] [Server thread/INFO]: Twiixtor issued server command: //set 24
[20:37:44] [Server thread/INFO]: Twiixtor issued server command: //set 24
[20:37:51] [Server thread/INFO]: Twiixtor issued server command: //set 24
[20:37:55] [Server thread/INFO]: Twiixtor issued server command: //set 24
[20:38:08] [Server thread/INFO]: Twiixtor issued server command: //set 0
[20:38:12] [Server thread/INFO]: giraffe: [Giraffe] Twiixtor
[20:38:38] [Server thread/INFO]: Twiixtor issued server command: /speed 1
[20:38:59] [Server thread/INFO]: giraffe: [Giraffe] Twiixtor
[20:39:45] [Server thread/INFO]: giraffe: [Giraffe] Twiixtor
[20:40:32] [Server thread/INFO]: giraffe: [Giraffe] Twiixtor
[20:41:19] [Server thread/INFO]: giraffe: [Giraffe] Twiixtor
[20:42:05] [Server thread/INFO]: giraffe: [Giraffe] Twiixtor
[20:42:29] [Server thread/INFO]: Twiixtor issued server command: //copy
[20:42:37] [Server thread/INFO]: Twiixtor issued server command: //paste
[20:42:52] [Server thread/INFO]: giraffe: [Giraffe] Twiixtor
[20:42:54] [Server thread/INFO]: Twiixtor issued server command: //undo
[20:43:00] [Server thread/INFO]: Twiixtor issued server command: //paste
[20:43:27] [Server thread/INFO]: Twiixtor issued server command: //paste
[20:43:38] [Server thread/INFO]: Twiixtor issued server command: //paste
[20:43:38] [Server thread/INFO]: giraffe: [Giraffe] Twiixtor
[20:44:25] [Server thread/INFO]: giraffe: [Giraffe] Twiixtor
[20:44:52] [Server thread/INFO]: Twiixtor issued server command: /i fence 1
[20:45:12] [Server thread/INFO]: giraffe: [Giraffe] Twiixtor
[20:45:58] [Server thread/INFO]: giraffe: [Giraffe] Twiixtor
[20:47:26] [Server thread/INFO]: giraffe: [Giraffe] Twiixtor
[20:48:12] [Server thread/INFO]: giraffe: [Giraffe] Twiixtor
[20:48:59] [Server thread/INFO]: giraffe: [Giraffe] Twiixtor
[20:49:45] [Server thread/INFO]: giraffe: [Giraffe] Twiixtor
[20:50:32] [Server thread/INFO]: giraffe: [Giraffe] Twiixtor
[20:51:19] [Server thread/INFO]: giraffe: [Giraffe] Twiixtor
[20:52:05] [Server thread/INFO]: giraffe: [Giraffe] Twiixtor
[20:52:52] [Server thread/INFO]: giraffe: [Giraffe] Twiixtor
[20:53:38] [Server thread/INFO]: giraffe: [Giraffe] Twiixtor
[20:54:25] [Server thread/INFO]: giraffe: [Giraffe] Twiixtor
[20:55:11] [Server thread/INFO]: giraffe: [Giraffe] Twiixtor
[20:55:58] [Server thread/INFO]: giraffe: [Giraffe] Twiixtor
[20:56:58] [Server thread/INFO]: Twiixtor issued server command: //expand up 2
[20:57:01] [Server thread/INFO]: Twiixtor issued server command: //expand 2 up
[20:57:15] [Server thread/INFO]: Twiixtor issued server command: //replace glass 95:14
[20:57:20] [Server thread/INFO]: Twiixtor issued server command: //undo
[20:57:23] [Server thread/INFO]: Twiixtor issued server command: //wand
[20:57:26] [Server thread/INFO]: giraffe: [Giraffe] Twiixtor
[20:58:02] [Server thread/INFO]: Twiixtor issued server command: /setwarp twiixbuildarea
[20:58:12] [Server thread/INFO]: giraffe: [Giraffe] Twiixtor
[20:58:59] [Server thread/INFO]: giraffe: [Giraffe] Twiixtor
[20:59:46] [Server thread/INFO]: giraffe: [Giraffe] Twiixtor
[21:00:32] [Server thread/INFO]: giraffe: [Giraffe] Twiixtor
[21:01:19] [Server thread/INFO]: giraffe: [Giraffe] Twiixtor
[21:02:05] [Server thread/INFO]: giraffe: [Giraffe] Twiixtor
[21:02:52] [Server thread/INFO]: giraffe: [Giraffe] Twiixtor
[21:03:38] [Server thread/INFO]: giraffe: [AFK][Giraffe] Twiixtor
[21:04:25] [Server thread/INFO]: giraffe: [AFK][Giraffe] Twiixtor
[21:05:11] [Server thread/INFO]: giraffe: [AFK][Giraffe] Twiixtor
[21:05:58] [Server thread/INFO]: giraffe: [AFK][Giraffe] Twiixtor
[21:07:26] [Server thread/INFO]: giraffe: [AFK][Giraffe] Twiixtor
[21:08:13] [Server thread/INFO]: giraffe: [AFK][Giraffe] Twiixtor
[21:09:00] [Server thread/INFO]: giraffe: [AFK][Giraffe] Twiixtor
[21:09:46] [Server thread/INFO]: giraffe: [AFK][Giraffe] Twiixtor
[21:10:33] [Server thread/INFO]: giraffe: [AFK][Giraffe] Twiixtor
[21:11:19] [Server thread/INFO]: giraffe: [AFK][Giraffe] Twiixtor
[21:12:06] [Server thread/INFO]: giraffe: [AFK][Giraffe] Twiixtor
[21:12:52] [Server thread/INFO]: giraffe: [AFK][Giraffe] Twiixtor
[21:13:39] [Server thread/INFO]: giraffe: [Giraffe] Twiixtor
[21:14:25] [Server thread/INFO]: giraffe: [Giraffe] Twiixtor
[21:15:12] [Server thread/INFO]: giraffe: [Giraffe] Twiixtor
[21:15:59] [Server thread/INFO]: giraffe: [Giraffe] Twiixtor
[21:17:26] [Server thread/INFO]: giraffe: [Giraffe] Twiixtor
[21:18:12] [Server thread/INFO]: giraffe: [Giraffe] Twiixtor
[21:18:59] [Server thread/INFO]: giraffe: [Giraffe] Twiixtor
[21:19:46] [Server thread/INFO]: giraffe: [Giraffe] Twiixtor
[21:20:32] [Server thread/INFO]: giraffe: [Giraffe] Twiixtor
[21:21:19] [Server thread/INFO]: giraffe: [Giraffe] Twiixtor
[21:21:25] [Server thread/INFO]: Twiixtor issued server command: //expand 5 up
[21:21:26] [Server thread/INFO]: Twiixtor issued server command: //copy
[21:21:36] [Server thread/INFO]: Twiixtor issued server command: //paste
[21:21:49] [Server thread/INFO]: Twiixtor issued server command: //undo
[21:21:53] [Server thread/INFO]: Twiixtor issued server command: //descend
[21:21:54] [Server thread/INFO]: Twiixtor issued server command: //descend
[21:22:05] [Server thread/INFO]: giraffe: [Giraffe] Twiixtor
[21:22:52] [Server thread/INFO]: giraffe: [Giraffe] Twiixtor
[21:23:38] [Server thread/INFO]: giraffe: [Giraffe] Twiixtor
[21:24:25] [Server thread/INFO]: giraffe: [Giraffe] Twiixtor
[21:25:01] [Server thread/INFO]: Twiixtor issued server command: //stack 5
[21:25:11] [Server thread/INFO]: giraffe: [Giraffe] Twiixtor
[21:25:42] [Server thread/INFO]: Twiixtor issued server command: //undo
[21:25:58] [Server thread/INFO]: giraffe: [Giraffe] Twiixtor
[21:26:52] [Server thread/INFO]: Twiixtor issued server command: //cyl leaf 3
[21:26:56] [Server thread/INFO]: Twiixtor issued server command: //cyl leaf 4
[21:26:57] [Server thread/INFO]: Twiixtor issued server command: //cyl leaf 6
[21:27:02] [Server thread/INFO]: Twiixtor issued server command: //cyl leaf 6
[21:27:04] [Server thread/INFO]: Twiixtor issued server command: //cyl leaf 5
[21:27:05] [Server thread/INFO]: Twiixtor issued server command: //cyl leaf 4
[21:27:06] [Server thread/INFO]: Twiixtor issued server command: //cyl leaf 3
[21:27:07] [Server thread/INFO]: Twiixtor issued server command: //cyl leaf 2
[21:27:08] [Server thread/INFO]: Twiixtor issued server command: //cyl leaf 1
[21:27:16] [Server thread/INFO]: Twiixtor issued server command: //undo 3
[21:27:18] [Server thread/INFO]: Twiixtor issued server command: //undo 2
[21:27:19] [Server thread/INFO]: Twiixtor issued server command: //undo 1
[21:27:20] [Server thread/INFO]: Twiixtor issued server command: //undo 1
[21:27:26] [Server thread/INFO]: giraffe: [Giraffe] Twiixtor
[21:27:54] [Server thread/INFO]: Twiixtor issued server command: //cyl leaf 2
[21:27:57] [Server thread/INFO]: Twiixtor issued server command: //cyl leaf 3
[21:28:12] [Server thread/INFO]: giraffe: [Giraffe] Twiixtor
[21:28:46] [Server thread/INFO]: Twiixtor issued server command: /hsphere 17 2
[21:28:50] [Server thread/INFO]: Twiixtor issued server command: //hsphere 17 2
[21:28:54] [Server thread/INFO]: Twiixtor issued server command: //hsphere leaf 3
[21:28:55] [Server thread/INFO]: Twiixtor issued server command: //top
[21:28:58] [Server thread/INFO]: Twiixtor issued server command: /top
[21:28:59] [Server thread/INFO]: giraffe: [Giraffe] Twiixtor
[21:29:09] [Server thread/INFO]: Twiixtor issued server command: //undo 2
[21:29:19] [Server thread/INFO]: Twiixtor issued server command: //hsphere 17 3
[21:29:24] [Server thread/INFO]: Twiixtor issued server command: //hsphere leaf 5
[21:29:46] [Server thread/INFO]: giraffe: [Giraffe] Twiixtor
[21:30:32] [Server thread/INFO]: giraffe: [Giraffe] Twiixtor
[21:31:06] [Server thread/INFO]: Twiixtor issued server command: /gamerule
[21:31:19] [Server thread/INFO]: giraffe: [Giraffe] Twiixtor
[21:31:48] [Server thread/INFO]: Twiixtor issued server command: //sphere leaf 5
[21:32:05] [Server thread/INFO]: giraffe: [Giraffe] Twiixtor
[21:32:21] [Server thread/INFO]: Twiixtor issued server command: //undo
[21:32:29] [Server thread/INFO]: Twiixtor issued server command: //undo
[21:32:31] [Server thread/INFO]: Twiixtor issued server command: //undo
[21:32:46] [Server thread/INFO]: Twiixtor issued server command: //hsphere leaf 5
[21:32:52] [Server thread/INFO]: giraffe: [Giraffe] Twiixtor
[21:32:56] [Server thread/INFO]: Twiixtor issued server command: //sphere leaf 5
[21:33:26] [Server thread/INFO]: Twiixtor issued server command: //undo 2
[21:33:38] [Server thread/INFO]: giraffe: [Giraffe] Twiixtor
[21:34:06] [Server thread/INFO]: Twiixtor left the game.
[23:45:58] [Server thread/INFO]: Players: [Guest] MrHappyHyena
[23:47:26] [Server thread/INFO]: Players: [Guest] MrHappyHyena
[23:47:59] [Server thread/INFO]: Twiixtor issued server command: /gm 0
[23:48:00] [Server thread/INFO]: Twiixtor issued server command: /home
[23:48:02] [Server thread/INFO]: Twiixtor issued server command: /home home
[23:48:13] [Server thread/INFO]: Players: [Guest] MrHappyHyena
[23:48:13] [Server thread/INFO]: giraffe: [Giraffe] Twiixtor
[23:48:59] [Server thread/INFO]: Players: [Guest] MrHappyHyena
[23:48:59] [Server thread/INFO]: giraffe: [Giraffe] Twiixtor
[23:49:46] [Server thread/INFO]: Players: [Guest] MrHappyHyena
[23:49:46] [Server thread/INFO]: giraffe: [Giraffe] Twiixtor
[23:50:32] [Server thread/INFO]: Players: [Guest] MrHappyHyena
[23:50:32] [Server thread/INFO]: giraffe: [Giraffe] Twiixtor
[23:51:19] [Server thread/INFO]: Players: [Guest] MrHappyHyena
[23:51:19] [Server thread/INFO]: giraffe: [Giraffe] Twiixtor
[23:51:22] [Server thread/INFO]: Twiixtor issued server command: /thru
[23:51:36] [Server thread/INFO]: Twiixtor issued server command: /tool
[23:51:39] [Server thread/INFO]: Twiixtor issued server command: /tool repl 1
[23:52:05] [Server thread/INFO]: Players: [Guest] MrHappyHyena
[23:52:05] [Server thread/INFO]: giraffe: [Giraffe] Twiixtor
[23:52:52] [Server thread/INFO]: Players: [Guest] MrHappyHyena
[23:52:52] [Server thread/INFO]: giraffe: [Giraffe] Twiixtor
[23:53:38] [Server thread/INFO]: Players: [Guest] MrHappyHyena
[23:53:38] [Server thread/INFO]: giraffe: [Giraffe] Twiixtor
[23:54:25] [Server thread/INFO]: Players: [Guest] MrHappyHyena
[23:54:25] [Server thread/INFO]: giraffe: [Giraffe] Twiixtor
[23:55:12] [Server thread/INFO]: Players: [Guest] MrHappyHyena
[23:55:12] [Server thread/INFO]: giraffe: [Giraffe] Twiixtor
[23:55:30] [Server thread/INFO]: Twiixtor issued server command: //
[23:55:58] [Server thread/INFO]: Players: [Guest] MrHappyHyena
[23:55:58] [Server thread/INFO]: giraffe: [Giraffe] Twiixtor
[23:56:06] [Server thread/INFO]: Twiixtor issued server command: //
[23:56:41] [Server thread/INFO]: Twiixtor issued server command: //
[23:57:26] [Server thread/INFO]: Players: [Guest] MrHappyHyena
[23:57:26] [Server thread/INFO]: giraffe: [Giraffe] Twiixtor
[23:58:13] [Server thread/INFO]: Players: [Guest] MrHappyHyena
[23:58:13] [Server thread/INFO]: giraffe: [Giraffe] Twiixtor
[23:58:48] [Server thread/INFO]: MrHappyHyena issued server command: /set home
[23:58:52] [Server thread/INFO]: MrHappyHyena issued server command: /sethomwe
[23:58:55] [Server thread/INFO]: MrHappyHyena issued server command: /sethome
[23:58:59] [Server thread/INFO]: Players: [Guest] MrHappyHyena
[23:58:59] [Server thread/INFO]: giraffe: [Giraffe] Twiixtor
[23:59:46] [Server thread/INFO]: Players: [Guest] MrHappyHyena
[23:59:46] [Server thread/INFO]: giraffe: [Giraffe] Twiixtor
