[18:48:35] [Server thread/INFO]: Loading properties
[18:48:35] [Server thread/INFO]: Default game type: SURVIVAL
[18:48:35] [Server thread/INFO]: Using epoll channel type
[18:48:36] [Server thread/INFO]: [WorldEdit] Loading WorldEdit v6.1;no_git_id
[18:48:36] [Server thread/INFO]: [Announcement] Loading Announcement v1.0.3
[18:48:36] [Server thread/INFO]: [Essentials] Loading Essentials vTeamCity
[18:48:36] [Server thread/INFO]: [mcMMO] Loading mcMMO v1.5.00-b3547
[18:48:36] [Server thread/INFO]: [Random_Spawn] Loading Random_Spawn v2.6
[18:48:36] [Server thread/INFO]: [Vault] Loading Vault v1.5.6-b49
[18:48:36] [Server thread/INFO]: [EssentialsSpawn] Loading EssentialsSpawn vTeamCity
[18:48:36] [Server thread/INFO]: [LaggRemover] Loading LaggRemover v0.1.9
[18:48:36] [Server thread/INFO]: [MassiveCore] Loading MassiveCore v2.8.0
[18:48:36] [Server thread/INFO]: TimeUnit.MILLIS_PER_MINUTE: 60000
[18:48:36] [Server thread/INFO]: [ProtocolLib] Loading ProtocolLib v3.6.4
[18:48:36] [Server thread/INFO]: [WorldGuard] Loading WorldGuard v6.1
[18:48:36] [Server thread/INFO]: [OnTime] Loading OnTime v4.1.3
[18:48:36] [Server thread/INFO]: [EssentialsProtect] Loading EssentialsProtect vTeamCity
[18:48:36] [Server thread/INFO]: [MobArena] Loading MobArena v0.97.1
[18:48:36] [Server thread/INFO]: [HolographicDisplays] Loading HolographicDisplays v2.1.10
[18:48:36] [Server thread/INFO]: [mcMMO] Enabling mcMMO v1.5.00-b3547
[18:48:37] [Server thread/INFO]: [Vault] Enabling Vault v1.5.6-b49
[18:48:37] [Server thread/INFO]: [MassiveCore] Enabling MassiveCore v2.8.0
[18:48:37] [Server thread/INFO]: [MassiveCore 2.8.0] === ENABLE START ===
[18:48:37] [Server thread/INFO]: [MassiveCore 2.8.0] §eSetup of IdUtil took §d8§ems.
[18:48:37] [Server thread/INFO]: [MassiveCore 2.8.0] === ENABLE §aCOMPLETE §e(Took §d102ms§e) ===
[18:48:37] [Server thread/INFO]: [ProtocolLib] Enabling ProtocolLib v3.6.4
[18:48:37] [Server thread/INFO]: [ProtocolLib] Started structure compiler thread.
[18:48:39] [Server thread/INFO]: [WorldEdit] Enabling WorldEdit v6.1;no_git_id
[18:48:39] [Server thread/INFO]: [WorldEdit] Using com.sk89q.worldedit.bukkit.adapter.impl.Spigot_v1_8_R3 as the Bukkit adapter
[18:48:39] [Server thread/INFO]: [Announcement] Enabling Announcement v1.0.3
[18:48:39] [Server thread/INFO]: [Essentials] Enabling Essentials vTeamCity
[18:48:39] [Server thread/INFO]: git-Bukkit-9935adc (MC: 1.8.8)
[18:48:39] [Server thread/INFO]: 1.8.8-R0.1-SNAPSHOT
[18:48:39] [Server thread/INFO]: Using locale en_US
[18:48:39] [Server thread/INFO]: Using locale en_US
[18:48:39] [Server thread/INFO]: [Random_Spawn] Enabling Random_Spawn v2.6
[18:48:39] [Server thread/INFO]: [EssentialsSpawn] Enabling EssentialsSpawn vTeamCity
[18:48:39] [Server thread/INFO]: [LaggRemover] Enabling LaggRemover v0.1.9
[18:48:39] [Server thread/INFO]: [LaggRemover] LaggRemover has been enabled!
[18:48:39] [Server thread/INFO]: [WorldGuard] Enabling WorldGuard v6.1
[18:48:40] [Server thread/INFO]: [WorldGuard] (survival) Lighters are PERMITTED.
[18:48:40] [Server thread/INFO]: [WorldGuard] (survival) Lava fire is blocked.
[18:48:40] [Server thread/INFO]: [WorldGuard] (survival) Fire spread is UNRESTRICTED.
[18:48:40] [Server thread/INFO]: [WorldGuard] (survival_nether) Lighters are PERMITTED.
[18:48:40] [Server thread/INFO]: [WorldGuard] (survival_nether) Lava fire is blocked.
[18:48:40] [Server thread/INFO]: [WorldGuard] (survival_nether) Fire spread is UNRESTRICTED.
[18:48:40] [Server thread/INFO]: [WorldGuard] (survival_the_end) Lighters are PERMITTED.
[18:48:40] [Server thread/INFO]: [WorldGuard] (survival_the_end) Lava fire is blocked.
[18:48:40] [Server thread/INFO]: [WorldGuard] (survival_the_end) Fire spread is UNRESTRICTED.
[18:48:40] [Server thread/INFO]: [OnTime] Enabling OnTime v4.1.3
[18:48:41] [Server thread/INFO]: [EssentialsProtect] Enabling EssentialsProtect vTeamCity
[18:48:41] [Server thread/INFO]: [MobArena] Enabling MobArena v0.97.1
[18:48:41] [Server thread/INFO]: [MobArena] v0.97.1 enabled.
[18:48:41] [Server thread/INFO]: [HolographicDisplays] Enabling HolographicDisplays v2.1.10
[18:49:35] [Server thread/INFO]: Developers: [Dev] Popey
[18:50:14] [Server thread/INFO]: Popey456963 issued server command: /announcemennt
[18:50:16] [Server thread/INFO]: Popey456963 issued server command: /announcement
[18:50:18] [Server thread/INFO]: Popey456963 issued server command: /announcement
[18:50:30] [Server thread/INFO]: Developers: [Dev] Popey
[18:50:33] [Server thread/INFO]: Popey456963 issued server command: /announce
[18:50:35] [Server thread/INFO]: Popey456963 issued server command: /announce help
[18:50:54] [Server thread/INFO]: Popey456963 issued server command: /announce interval
[18:50:58] [Server thread/INFO]: Popey456963 issued server command: /announce interval 120
[18:50:59] [Server thread/INFO]: Popey456963 issued server command: /announce interval
[18:51:23] [Server thread/INFO]: Popey456963 issued server command: /announce broadcast test
[18:51:24] [Server thread/INFO]: Developers: [Dev] Popey
[18:51:51] [Server thread/INFO]: Popey456963 issued server command: /announce
[18:51:57] [Server thread/INFO]: Popey456963 issued server command: /announce help
[18:51:59] [Server thread/INFO]: Popey456963 issued server command: /announce remove 0
[18:52:00] [Server thread/INFO]: Popey456963 issued server command: /announce remove 1
[18:52:06] [Server thread/INFO]: Popey456963 issued server command: /announce add Welcome to OB!
[18:52:13] [Server thread/INFO]: Popey456963 issued server command: /announce add Have More Messages!
[18:52:19] [Server thread/INFO]: Staff: [Admin] UnSeen
[18:52:19] [Server thread/INFO]: Developers: [Dev] Popey
[18:53:13] [Server thread/INFO]: Staff: [Admin] UnSeen
[18:53:13] [Server thread/INFO]: Developers: [Dev] Popey
[18:53:17] [Server thread/INFO]: AttrebusMede issued server command: /1spawn
[18:53:21] [Server thread/INFO]: AttrebusMede issued server command: /warp 1spawn
[18:54:08] [Server thread/INFO]: Staff: [Admin] UnSeen
[18:54:08] [Server thread/INFO]: Developers: [Dev] Popey
[18:55:02] [Server thread/INFO]: Staff: [Admin] UnSeen
[18:55:02] [Server thread/INFO]: Developers: [Dev] Popey
[18:55:56] [Server thread/INFO]: Staff: [Admin] UnSeen
[18:55:56] [Server thread/INFO]: Developers: [Dev] Popey
[18:56:51] [Server thread/INFO]: Staff: [Admin] UnSeen
[18:56:51] [Server thread/INFO]: Developers: [Dev] Popey
[18:57:45] [Server thread/INFO]: Staff: [Admin] UnSeen
[18:57:45] [Server thread/INFO]: Developers: [Dev] Popey
[18:58:40] [Server thread/INFO]: Staff: [Admin] UnSeen
[18:58:40] [Server thread/INFO]: Developers: [Dev] Popey
[18:59:34] [Server thread/INFO]: Staff: [Admin] UnSeen
[18:59:34] [Server thread/INFO]: Developers: [Dev] Popey
[19:00:29] [Server thread/INFO]: Staff: [Admin] UnSeen
[19:00:29] [Server thread/INFO]: Developers: [Dev] Popey
[19:00:46] [Server thread/INFO]: Popey456963 issued server command: /ma
[19:00:48] [Server thread/INFO]: Popey456963 issued server command: /warp
[19:01:23] [Server thread/INFO]: Staff: [Admin] UnSeen
[19:01:23] [Server thread/INFO]: Developers: [Dev] Popey
[19:02:18] [Server thread/INFO]: Staff: [Admin] UnSeen
[19:02:18] [Server thread/INFO]: Developers: [Dev] Popey
[19:03:12] [Server thread/INFO]: Staff: [Admin] UnSeen
[19:03:12] [Server thread/INFO]: Developers: [Dev] Popey
[19:03:37] [Server thread/INFO]: Popey456963 issued server command: /give popey minecraft:barrier
[19:03:59] [Server thread/INFO]: Popey456963 issued server command: /gamemode 0
[19:04:01] [Server thread/INFO]: Popey456963 issued server command: /gamemode 1
[19:04:06] [Server thread/INFO]: Staff: [Admin] UnSeen
[19:04:06] [Server thread/INFO]: Developers: [Dev] Popey
[19:05:01] [Server thread/INFO]: Staff: [Admin] UnSeen
[19:05:01] [Server thread/INFO]: Developers: [Dev] Popey
[19:05:04] [Netty Epoll Server IO #4/INFO]: [Admin] UnSeen: lmao
[19:05:55] [Server thread/INFO]: Staff: [Admin] UnSeen
[19:05:55] [Server thread/INFO]: Developers: [Dev] Popey
[19:06:50] [Server thread/INFO]: Staff: [Admin] UnSeen
[19:06:50] [Server thread/INFO]: Developers: [Dev] Popey
[19:07:44] [Server thread/INFO]: Staff: [Admin] UnSeen
[19:07:44] [Server thread/INFO]: Developers: [Dev] Popey
[19:08:39] [Server thread/INFO]: Staff: [Admin] UnSeen
[19:08:39] [Server thread/INFO]: Developers: [Dev] Popey
[19:09:33] [Server thread/INFO]: Staff: [Admin] UnSeen
[19:09:33] [Server thread/INFO]: Developers: [Dev] Popey
[19:10:14] [Server thread/INFO]: Popey456963 issued server command: /spawn
[19:10:20] [Server thread/INFO]: Popey456963 issued server command: /warp 1spawn
[19:10:22] [Server thread/INFO]: Popey456963 issued server command: /warp Sspawn
[19:10:28] [Server thread/INFO]: Staff: [Admin] UnSeen
[19:10:28] [Server thread/INFO]: Developers: [Dev] Popey
[19:10:42] [Server thread/INFO]: Popey456963 issued server command: /warp
[19:10:56] [Server thread/INFO]: Popey456963 issued server command: /warp
[19:11:00] [Server thread/INFO]: Popey456963 issued server command: /warp
[19:11:19] [Server thread/INFO]: Popey456963 issued server command: /warp
[19:11:22] [Server thread/INFO]: Staff: [Admin] UnSeen
[19:11:22] [Server thread/INFO]: Developers: [Dev] Popey
[19:12:16] [Server thread/INFO]: Staff: [Admin] UnSeen
[19:12:16] [Server thread/INFO]: Developers: [Dev] Popey
[19:13:11] [Server thread/INFO]: Staff: [Admin] UnSeen
[19:13:11] [Server thread/INFO]: Developers: [Dev] Popey
[19:13:47] [Server thread/INFO]: AttrebusMede issued server command: /tp popey
[19:13:58] [Server thread/INFO]: Popey456963 left the game.
[19:14:05] [Server thread/INFO]: Staff: [Admin] UnSeen
[19:15:00] [Server thread/INFO]: Staff: [Admin] UnSeen
[19:15:00] [Server thread/INFO]: Developers: [Dev] Popey
[19:15:03] [Server thread/INFO]: Popey456963 issued server command: /ma
[19:15:04] [Server thread/INFO]: Popey456963 issued server command: /ma help
[19:15:54] [Server thread/INFO]: Staff: [Admin] UnSeen
[19:15:54] [Server thread/INFO]: Developers: [Dev] Popey
[19:16:49] [Server thread/INFO]: Staff: [Admin] UnSeen
[19:16:49] [Server thread/INFO]: Developers: [Dev] Popey
[19:17:30] [Server thread/INFO]: AttrebusMede issued server command: /warp
[19:17:37] [Server thread/INFO]: Popey456963 issued server command: /warp
[19:17:38] [Server thread/INFO]: AttrebusMede issued server command: /warp sexyarena
[19:17:43] [Server thread/INFO]: Staff: [Admin] UnSeen
[19:17:43] [Server thread/INFO]: Developers: [Dev] Popey
[19:18:38] [Server thread/INFO]: Staff: [Admin] UnSeen
[19:18:38] [Server thread/INFO]: Developers: [Dev] Popey
[19:18:44] [Server thread/INFO]: Popey456963 issued server command: /ma setup
[19:19:32] [Server thread/INFO]: Staff: [Admin] UnSeen
[19:19:32] [Server thread/INFO]: Developers: [Dev] Popey
[19:20:12] [Server thread/INFO]: Popey456963 issued server command: /set blue-stianed
[19:20:26] [Server thread/INFO]: Staff: [Admin] UnSeen
[19:20:26] [Server thread/INFO]: Developers: [Dev] Popey
[19:20:28] [Server thread/INFO]: AttrebusMede issued server command: /warp 1spawn
[19:20:29] [Server thread/INFO]: Popey456963 issued server command: /top
[19:20:34] [Server thread/INFO]: Popey456963 issued server command: /tp AttrebusMede po
[19:20:35] [Server thread/INFO]: Popey456963 issued server command: /back
[19:21:21] [Server thread/INFO]: Staff: [Admin] UnSeen
[19:21:21] [Server thread/INFO]: Developers: [Dev] Popey
[19:21:55] [Server thread/INFO]: AttrebusMede issued server command: /warp 1spawn
[19:21:57] [Netty Epoll Server IO #6/INFO]: [Dev] Popey: ./tppos 0 100 0
[19:22:08] [Server thread/INFO]: AttrebusMede issued server command: /tppos 0 100 0
[19:22:15] [Server thread/INFO]: Staff: [Admin] UnSeen
[19:22:15] [Server thread/INFO]: Developers: [Dev] Popey
[19:23:10] [Server thread/INFO]: Staff: [Admin] UnSeen
[19:23:10] [Server thread/INFO]: Developers: [Dev] Popey
[19:24:04] [Server thread/INFO]: Staff: [Admin] UnSeen
[19:24:04] [Server thread/INFO]: Developers: [Dev] Popey
[19:24:59] [Server thread/INFO]: Staff: [Admin] UnSeen
[19:24:59] [Server thread/INFO]: Developers: [Dev] Popey
[19:25:23] [Netty Epoll Server IO #6/INFO]: [Dev] Popey: -300,8 0, -300 --> 300, 80, 300
[19:25:35] [Netty Epoll Server IO #6/INFO]: [Dev] Popey: Where, it goes X Y Z
[19:25:53] [Server thread/INFO]: Staff: [Admin] UnSeen
[19:25:53] [Server thread/INFO]: Developers: [Dev] Popey
[19:26:47] [Server thread/INFO]: AttrebusMede issued server command: /tppos 600, 80, -600
[19:26:48] [Server thread/INFO]: Staff: [Admin] UnSeen
[19:26:48] [Server thread/INFO]: Developers: [Dev] Popey
[19:27:03] [Server thread/INFO]: Popey456963 issued server command: //copy
[19:27:05] [Server thread/INFO]: Popey456963 issued server command: //paste
[19:27:16] [Server thread/INFO]: AttrebusMede issued server command: /tppos 300 80 300
[19:27:33] [Server thread/INFO]: Popey456963 issued server command: /top
[19:27:39] [Server thread/INFO]: AttrebusMede issued server command: /tppos 600 80 -600
[19:27:47] [Server thread/INFO]: Staff: [Admin] UnSeen
[19:27:47] [Server thread/INFO]: Developers: [Dev] Popey
[19:28:00] [Server thread/INFO]: Popey456963 issued server command: //paste
[19:28:12] [Server thread/INFO]: Popey456963 issued server command: //set 0
[19:28:19] [Server thread/INFO]: Popey456963 issued server command: //set 0
[19:28:25] [Server thread/INFO]: Popey456963 issued server command: //set 0
[19:28:33] [Server thread/INFO]: AttrebusMede issued server command: /tppos -600 80 600
[19:28:39] [Server thread/INFO]: Staff: [Admin] UnSeen
[19:28:39] [Server thread/INFO]: Developers: [Dev] Popey
[19:28:52] [Server thread/INFO]: Popey456963 issued server command: /tp AttrebusMede
[19:29:31] [Server thread/INFO]: Staff: [Admin] UnSeen
[19:29:31] [Server thread/INFO]: Developers: [Dev] Popey
[19:30:25] [Server thread/INFO]: Staff: [Admin] UnSeen
[19:30:25] [Server thread/INFO]: Developers: [Dev] Popey
[19:31:20] [Server thread/INFO]: Staff: [Admin] UnSeen
[19:31:20] [Server thread/INFO]: Developers: [Dev] Popey
[19:32:14] [Server thread/INFO]: Staff: [Admin] UnSeen
[19:32:14] [Server thread/INFO]: Developers: [Dev] Popey
[19:33:09] [Server thread/INFO]: Staff: [Admin] UnSeen
[19:33:09] [Server thread/INFO]: Developers: [Dev] Popey
[19:33:53] [Netty Epoll Server IO #6/INFO]: [Dev] Popey: .//pos1
[19:33:55] [Server thread/INFO]: Popey456963 issued server command: //pos1
[19:33:58] [Server thread/INFO]: Popey456963 issued server command: //pos2
[19:34:00] [Netty Epoll Server IO #6/INFO]: [Dev] Popey: .//pos2
[19:34:03] [Server thread/INFO]: Staff: [Admin] UnSeen
[19:34:03] [Server thread/INFO]: Developers: [Dev] Popey
[19:34:04] [Netty Epoll Server IO #6/INFO]: [Dev] Popey: .//expand vert
[19:34:09] [Server thread/INFO]: AttrebusMede issued server command: //wand
[19:34:58] [Server thread/INFO]: Staff: [Admin] UnSeen
[19:34:58] [Server thread/INFO]: Developers: [Dev] Popey
[19:35:27] [Server thread/INFO]: Popey456963 issued server command: //set lava
[19:35:28] [Server thread/INFO]: Popey456963 issued server command: //undo
[19:35:34] [Server thread/INFO]: Popey456963 issued server command: //set lava
[19:35:35] [Server thread/INFO]: Popey456963 issued server command: //undo
[19:35:52] [Server thread/INFO]: Staff: [Admin] UnSeen
[19:35:52] [Server thread/INFO]: Developers: [Dev] Popey
[19:36:47] [Server thread/INFO]: Staff: [Admin] UnSeen
[19:36:47] [Server thread/INFO]: Developers: [Dev] Popey
[19:37:41] [Server thread/INFO]: Staff: [Admin] UnSeen
[19:37:41] [Server thread/INFO]: Developers: [Dev] Popey
[19:38:36] [Server thread/INFO]: Staff: [Admin] UnSeen
[19:38:36] [Server thread/INFO]: Developers: [Dev] Popey
[19:39:30] [Server thread/INFO]: Staff: [Admin] UnSeen
[19:39:30] [Server thread/INFO]: Developers: [Dev] Popey
[19:40:24] [Server thread/INFO]: Staff: [Admin] UnSeen
[19:40:24] [Server thread/INFO]: Developers: [Dev] Popey
[19:41:19] [Server thread/INFO]: Staff: [Admin] UnSeen
[19:41:19] [Server thread/INFO]: Developers: [Dev] Popey
[19:41:47] [Server thread/INFO]: Popey456963 issued server command: //expand 10 up
[19:41:52] [Netty Epoll Server IO #6/INFO]: [Dev] Popey: .//expand 200 north
[19:41:54] [Netty Epoll Server IO #6/INFO]: [Dev] Popey: .//expand 200 south
[19:41:55] [Netty Epoll Server IO #6/INFO]: [Dev] Popey: .//expand 200 east
[19:41:57] [Netty Epoll Server IO #6/INFO]: [Dev] Popey: .//expand 200 west
[19:42:13] [Server thread/INFO]: Staff: [Admin] UnSeen
[19:42:13] [Server thread/INFO]: Developers: [Dev] Popey
[19:43:08] [Server thread/INFO]: Staff: [Admin] UnSeen
[19:43:08] [Server thread/INFO]: Developers: [Dev] Popey
[19:43:24] [Server thread/INFO]: AttrebusMede issued server command: //pos1
[19:43:27] [Server thread/INFO]: AttrebusMede issued server command: //pos2
[19:43:33] [Server thread/INFO]: AttrebusMede issued server command: //expand 200 north
[19:43:37] [Server thread/INFO]: AttrebusMede issued server command: //expand 200 south
[19:43:39] [Server thread/INFO]: AttrebusMede issued server command: /expand 200 east
[19:43:44] [Server thread/INFO]: AttrebusMede issued server command: /expand 200 east
[19:44:01] [Server thread/INFO]: AttrebusMede issued server command: //expand 200 east
[19:44:02] [Server thread/INFO]: Staff: [Admin] UnSeen
[19:44:02] [Server thread/INFO]: Developers: [Dev] Popey
[19:44:12] [Server thread/INFO]: AttrebusMede issued server command: //expand 200 west
[19:44:40] [Server thread/INFO]: AttrebusMede issued server command: //expand vert
[19:44:57] [Server thread/INFO]: Staff: [Admin] UnSeen
[19:44:57] [Server thread/INFO]: Developers: [Dev] Popey
[19:45:51] [Server thread/INFO]: Staff: [Admin] UnSeen
[19:45:51] [Server thread/INFO]: Developers: [Dev] Popey
[19:46:46] [Server thread/INFO]: Staff: [Admin] UnSeen
[19:46:46] [Server thread/INFO]: Developers: [Dev] Popey
[19:47:40] [Server thread/INFO]: Staff: [Admin] UnSeen
[19:47:40] [Server thread/INFO]: Developers: [Dev] Popey
[19:48:34] [Server thread/INFO]: Staff: [Admin] UnSeen
[19:48:34] [Server thread/INFO]: Developers: [Dev] Popey
[19:49:29] [Server thread/INFO]: Staff: [Admin] UnSeen
[19:49:29] [Server thread/INFO]: Developers: [Dev] Popey
[19:50:23] [Server thread/INFO]: Staff: [Admin] UnSeen
[19:50:23] [Server thread/INFO]: Developers: [Dev] Popey
[19:51:18] [Server thread/INFO]: Staff: [Admin] UnSeen
[19:51:18] [Server thread/INFO]: Developers: [AFK][Dev] Popey
[19:52:12] [Server thread/INFO]: Staff: [Admin] UnSeen
[19:52:12] [Server thread/INFO]: Developers: [AFK][Dev] Popey
[19:53:07] [Server thread/INFO]: Staff: [Admin] UnSeen
[19:53:07] [Server thread/INFO]: Developers: [Dev] Popey
[19:54:01] [Server thread/INFO]: Staff: [Admin] UnSeen
[19:54:01] [Server thread/INFO]: Developers: [Dev] Popey
[19:54:56] [Server thread/INFO]: Staff: [Admin] UnSeen
[19:54:56] [Server thread/INFO]: Developers: [Dev] Popey
[19:55:50] [Server thread/INFO]: Staff: [Admin] UnSeen
[19:55:50] [Server thread/INFO]: Developers: [Dev] Popey
[19:56:44] [Server thread/INFO]: Staff: [Admin] UnSeen
[19:56:44] [Server thread/INFO]: Developers: [Dev] Popey
[19:57:26] [Server thread/INFO]: Popey456963 issued server command: /difficult
[19:57:28] [Server thread/INFO]: Popey456963 issued server command: /difficulty
[19:57:31] [Server thread/INFO]: Popey456963 issued server command: /difficulty 3
[19:57:31] [Server thread/INFO]: [Popey456963: Set game difficulty to Hard]
[19:57:39] [Server thread/INFO]: Staff: [Admin] UnSeen
[19:57:39] [Server thread/INFO]: Developers: [Dev] Popey
[19:58:12] [Server thread/INFO]: Popey456963 issued server command: /spawnmob
[19:58:19] [Server thread/INFO]: Popey456963 issued server command: /spawnmob zombie 10
[19:58:22] [Server thread/INFO]: Popey456963 issued server command: /spawnmob zombie 10
[19:58:22] [Server thread/INFO]: Popey456963 issued server command: /spawnmob zombie 10
[19:58:22] [Server thread/INFO]: Popey456963 issued server command: /spawnmob zombie 10
[19:58:23] [Server thread/INFO]: Popey456963 issued server command: /spawnmob zombie 10
[19:58:23] [Server thread/INFO]: Popey456963 issued server command: /spawnmob zombie 10
[19:58:23] [Server thread/INFO]: Popey456963 issued server command: /spawnmob zombie 10
[19:58:23] [Server thread/INFO]: Popey456963 issued server command: /spawnmob zombie 10
[19:58:24] [Server thread/INFO]: Popey456963 issued server command: /spawnmob zombie 10
[19:58:24] [Server thread/INFO]: Popey456963 issued server command: /spawnmob zombie 10
[19:58:24] [Server thread/INFO]: Popey456963 issued server command: /spawnmob zombie 10
[19:58:25] [Server thread/INFO]: Popey456963 issued server command: /spawnmob zombie 10
[19:58:25] [Server thread/INFO]: Popey456963 issued server command: /spawnmob zombie 10
[19:58:25] [Server thread/INFO]: Popey456963 issued server command: /spawnmob zombie 10
[19:58:25] [Server thread/INFO]: Popey456963 issued server command: /spawnmob zombie 10
[19:58:33] [Server thread/INFO]: Staff: [Admin] UnSeen
[19:58:33] [Server thread/INFO]: Developers: [Dev] Popey
[19:58:34] [Server thread/INFO]: Popey456963 issued server command: /spawnmob zombie 1000
[19:58:38] [Server thread/INFO]: Popey456963 issued server command: /spawnmob zombie 1000
[19:58:38] [Server thread/INFO]: Popey456963 issued server command: /spawnmob zombie 1000
[19:58:39] [Server thread/INFO]: Popey456963 issued server command: /spawnmob zombie 1000
[19:58:39] [Server thread/INFO]: Popey456963 issued server command: /spawnmob zombie 1000
[19:59:03] [Server thread/INFO]: Popey456963 issued server command: //killall all
[19:59:07] [Server thread/INFO]: Popey456963 issued server command: /killall all
[19:59:28] [Server thread/INFO]: Staff: [Admin] UnSeen
[19:59:28] [Server thread/INFO]: Developers: [Dev] Popey
[19:59:34] [Server thread/INFO]: Popey456963 issued server command: /speed 100
[19:59:54] [Server thread/INFO]: Popey456963 issued server command: /speed 3
[20:00:08] [Server thread/INFO]: Popey456963 issued server command: /speed 3
[20:00:10] [Server thread/INFO]: Popey456963 issued server command: /speed 2
[20:00:13] [Server thread/INFO]: Popey456963 issued server command: /speed 1
[20:00:22] [Server thread/INFO]: Staff: [Admin] UnSeen
[20:00:22] [Server thread/INFO]: Developers: [Dev] Popey
[20:01:17] [Server thread/INFO]: Staff: [Admin] UnSeen
[20:01:17] [Server thread/INFO]: Developers: [Dev] Popey
[20:02:11] [Server thread/INFO]: Staff: [Admin] UnSeen
[20:02:11] [Server thread/INFO]: Developers: [Dev] Popey
[20:03:06] [Server thread/INFO]: Staff: [Admin] UnSeen
[20:03:06] [Server thread/INFO]: Developers: [Dev] Popey
[20:04:00] [Server thread/INFO]: Staff: [Admin] UnSeen
[20:04:00] [Server thread/INFO]: Developers: [Dev] Popey
[20:04:54] [Server thread/INFO]: Staff: [Admin] UnSeen
[20:04:54] [Server thread/INFO]: Developers: [Dev] Popey
[20:05:49] [Server thread/INFO]: Staff: [Admin] UnSeen
[20:05:49] [Server thread/INFO]: Developers: [AFK][Dev] Popey
[20:06:43] [Server thread/INFO]: Staff: [AFK][Admin] UnSeen
[20:06:43] [Server thread/INFO]: Developers: [AFK][Dev] Popey
[20:07:38] [Server thread/INFO]: Staff: [Admin] UnSeen
[20:07:38] [Server thread/INFO]: Developers: [AFK][Dev] Popey
[20:08:14] [Server thread/INFO]: AttrebusMede issued server command: /warp 1spawn
[20:08:32] [Server thread/INFO]: Staff: [Admin] UnSeen
[20:08:32] [Server thread/INFO]: Developers: [AFK][Dev] Popey
[20:08:36] [Server thread/INFO]: Popey456963 issued server command: /tp UnSeen
[20:09:27] [Server thread/INFO]: Staff: [Admin] UnSeen
[20:09:27] [Server thread/INFO]: Developers: [Dev] Popey
[20:10:22] [Server thread/INFO]: Staff: [Admin] UnSeen
[20:10:22] [Server thread/INFO]: Developers: [Dev] Popey
[20:10:57] [Server thread/INFO]: Popey456963 issued server command: /tp
[20:10:59] [Server thread/INFO]: Popey456963 issued server command: /warp
[20:11:16] [Server thread/INFO]: Staff: [Admin] UnSeen
[20:11:16] [Server thread/INFO]: Developers: [Dev] Popey
[20:12:07] [Server thread/INFO]: Popey456963 issued server command: //paste
[20:12:52] [Server thread/INFO]: AttrebusMede left the game.
[20:12:52] [Server thread/INFO]: Popey456963 left the game.
[20:12:52] [Server thread/INFO]: Staff: [Admin] UnSeen
[20:13:05] [Server thread/INFO]: Staff: [Admin] UnSeen
[20:13:52] [Server thread/INFO]: Popey456963 issued server command: /speed 10
[20:13:59] [Server thread/INFO]: Staff: [Admin] UnSeen
[20:13:59] [Server thread/INFO]: Developers: [Dev] Popey
[20:14:15] [Server thread/INFO]: Popey456963 issued server command: /speed 1
[20:14:19] [Server thread/INFO]: Popey456963 issued server command: /speed 1
[20:14:45] [Server thread/INFO]: Popey456963 issued server command: //undo
[20:14:59] [Server thread/INFO]: Staff: [Admin] UnSeen
[20:14:59] [Server thread/INFO]: Developers: [Dev] Popey
[20:15:48] [Server thread/INFO]: Staff: [Admin] UnSeen
[20:15:48] [Server thread/INFO]: Developers: [Dev] Popey
[20:16:16] [Server thread/INFO]: AttrebusMede issued server command: /tp popey
[20:16:16] [Server thread/INFO]: Popey456963 issued server command: /tp AttrebusMede Popey456963
[20:16:20] [Server thread/INFO]: Popey456963 issued server command: //paste
[20:16:43] [Server thread/INFO]: Staff: [Admin] UnSeen
[20:16:43] [Server thread/INFO]: Developers: [Dev] Popey
[20:16:44] [Server thread/INFO]: Popey456963 issued server command: //undo
[20:17:37] [Server thread/INFO]: Staff: [Admin] UnSeen
[20:17:37] [Server thread/INFO]: Developers: [Dev] Popey
[20:17:47] [Server thread/INFO]: AttrebusMede issued server command: /warp 1spawn
[20:18:08] [Server thread/INFO]: Popey456963 issued server command: /tp AttrebusMede
[20:18:32] [Server thread/INFO]: Staff: [Admin] UnSeen
[20:18:32] [Server thread/INFO]: Developers: [Dev] Popey
[20:19:26] [Server thread/INFO]: Staff: [Admin] UnSeen
[20:19:26] [Server thread/INFO]: Developers: [Dev] Popey
[20:20:21] [Server thread/INFO]: Staff: [Admin] UnSeen
[20:20:21] [Server thread/INFO]: Developers: [Dev] Popey
[20:21:15] [Server thread/INFO]: Staff: [Admin] UnSeen
[20:21:15] [Server thread/INFO]: Developers: [Dev] Popey
[20:22:09] [Server thread/INFO]: Staff: [Admin] UnSeen
[20:22:09] [Server thread/INFO]: Developers: [Dev] Popey
[20:23:04] [Server thread/INFO]: Staff: [Admin] UnSeen
[20:23:04] [Server thread/INFO]: Developers: [Dev] Popey
[20:23:11] [Server thread/INFO]: Popey456963 issued server command: /ma help
[20:23:14] [Server thread/INFO]: Popey456963 issued server command: /warp
[20:23:58] [Server thread/INFO]: Staff: [Admin] UnSeen
[20:23:58] [Server thread/INFO]: Developers: [Dev] Popey
[20:24:53] [Server thread/INFO]: Staff: [Admin] UnSeen
[20:24:53] [Server thread/INFO]: Developers: [Dev] Popey
[20:25:39] [Server thread/INFO]: Popey456963 issued server command: /ma leave
[20:25:47] [Server thread/INFO]: Staff: [Admin] UnSeen
[20:25:47] [Server thread/INFO]: Developers: [Dev] Popey
[20:26:42] [Server thread/INFO]: Staff: [Admin] UnSeen
[20:26:42] [Server thread/INFO]: Developers: [Dev] Popey
[20:27:36] [Server thread/INFO]: Staff: [Admin] UnSeen
[20:27:36] [Server thread/INFO]: Developers: [Dev] Popey
[20:27:56] [Server thread/INFO]: AttrebusMede issued server command: /ma leave
[20:27:58] [Server thread/INFO]: Popey456963 issued server command: /ma leave
[20:28:31] [Server thread/INFO]: Staff: [Admin] UnSeen
[20:28:31] [Server thread/INFO]: Developers: [Dev] Popey
[20:29:25] [Server thread/INFO]: Staff: [Admin] UnSeen
[20:29:25] [Server thread/INFO]: Developers: [Dev] Popey
[20:29:56] [Server thread/INFO]: Popey456963 left the game.
[20:30:19] [Server thread/INFO]: Staff: [Admin] UnSeen
[20:30:19] [Server thread/INFO]: Developers: [Dev] Popey
[20:30:50] [Netty Epoll Server IO #11/INFO]: [Admin] UnSeen: Yes
[20:30:56] [Netty Epoll Server IO #11/INFO]: [Admin] UnSeen: rip[
[20:31:06] [Netty Epoll Server IO #11/INFO]: [Admin] UnSeen: alright
[20:31:14] [Server thread/INFO]: Staff: [Admin] UnSeen
[20:31:14] [Server thread/INFO]: Developers: [Dev] Popey
[20:32:08] [Server thread/INFO]: Staff: [Admin] UnSeen
[20:32:08] [Server thread/INFO]: Developers: [Dev] Popey
[20:33:03] [Server thread/INFO]: Staff: [Admin] UnSeen
[20:33:03] [Server thread/INFO]: Developers: [Dev] Popey
[20:33:57] [Server thread/INFO]: Staff: [Admin] UnSeen
[20:33:57] [Server thread/INFO]: Developers: [Dev] Popey
[20:34:52] [Server thread/INFO]: Staff: [Admin] UnSeen
[20:34:52] [Server thread/INFO]: Developers: [Dev] Popey
[20:35:46] [Server thread/INFO]: Staff: [Admin] UnSeen
[20:35:46] [Server thread/INFO]: Developers: [Dev] Popey
[20:36:41] [Server thread/INFO]: Staff: [Admin] UnSeen
[20:36:41] [Server thread/INFO]: Developers: [Dev] Popey
[20:37:35] [Server thread/INFO]: Staff: [Admin] UnSeen
[20:37:35] [Server thread/INFO]: Developers: [Dev] Popey
[20:38:29] [Server thread/INFO]: Staff: [Admin] UnSeen
[20:38:29] [Server thread/INFO]: Developers: [Dev] Popey
[20:39:24] [Server thread/INFO]: Staff: [Admin] UnSeen
[20:39:24] [Server thread/INFO]: Developers: [Dev] Popey
[20:40:18] [Server thread/INFO]: Staff: [Admin] UnSeen
[20:40:18] [Server thread/INFO]: Developers: [Dev] Popey
[20:41:13] [Server thread/INFO]: Staff: [AFK][Admin] UnSeen
[20:41:13] [Server thread/INFO]: Developers: [Dev] Popey
[20:42:07] [Server thread/INFO]: Staff: [AFK][Admin] UnSeen
[20:42:07] [Server thread/INFO]: Developers: [Dev] Popey
[20:43:02] [Server thread/INFO]: Staff: [AFK][Admin] UnSeen
[20:43:02] [Server thread/INFO]: Developers: [Dev] Popey
[20:43:56] [Server thread/INFO]: Staff: [AFK][Admin] UnSeen
[20:43:56] [Server thread/INFO]: Developers: [Dev] Popey
[20:44:51] [Server thread/INFO]: Staff: [Admin] UnSeen
[20:44:51] [Server thread/INFO]: Developers: [Dev] Popey
[20:45:23] [Server thread/INFO]: AttrebusMede left the game.
[20:45:45] [Server thread/INFO]: Developers: [Dev] Popey
[20:46:39] [Server thread/INFO]: Developers: [Dev] Popey
[20:47:34] [Server thread/INFO]: Developers: [Dev] Popey
[20:48:07] [Server thread/INFO]: Popey456963 issued server command: /help
[20:48:29] [Server thread/INFO]: Developers: [Dev] Popey
[20:49:23] [Server thread/INFO]: Developers: [Dev] Popey
[20:50:17] [Server thread/INFO]: Developers: [Dev] Popey
[20:51:12] [Server thread/INFO]: Developers: [Dev] Popey
[20:52:06] [Server thread/INFO]: Developers: [Dev] Popey
[20:53:01] [Server thread/INFO]: Developers: [Dev] Popey
[20:53:55] [Server thread/INFO]: Developers: [AFK][Dev] Popey
[20:54:49] [Server thread/INFO]: Developers: [AFK][Dev] Popey
[20:55:44] [Server thread/INFO]: Developers: [AFK][Dev] Popey
[20:56:38] [Server thread/INFO]: Developers: [AFK][Dev] Popey
[20:57:33] [Server thread/INFO]: Developers: [AFK][Dev] Popey
[20:58:27] [Server thread/INFO]: Developers: [AFK][Dev] Popey
[20:59:22] [Server thread/INFO]: Developers: [AFK][Dev] Popey
[21:00:16] [Server thread/INFO]: Developers: [AFK][Dev] Popey
[21:01:11] [Server thread/INFO]: Developers: [AFK][Dev] Popey
[21:02:05] [Server thread/INFO]: Developers: [AFK][Dev] Popey
[21:03:00] [Server thread/INFO]: Developers: [AFK][Dev] Popey
[21:03:54] [Server thread/INFO]: Developers: [AFK][Dev] Popey
[21:04:48] [Server thread/INFO]: Developers: [AFK][Dev] Popey
[21:05:43] [Server thread/INFO]: Developers: [AFK][Dev] Popey
[21:06:37] [Server thread/INFO]: Developers: [AFK][Dev] Popey
[21:07:32] [Server thread/INFO]: Developers: [AFK][Dev] Popey
[21:08:26] [Server thread/INFO]: Developers: [AFK][Dev] Popey
[21:09:21] [Server thread/INFO]: Developers: [AFK][Dev] Popey
[21:10:15] [Server thread/INFO]: Developers: [AFK][Dev] Popey
[21:11:10] [Server thread/INFO]: Developers: [AFK][Dev] Popey
[21:12:04] [Server thread/INFO]: Developers: [AFK][Dev] Popey
[21:12:58] [Server thread/INFO]: Developers: [AFK][Dev] Popey
[21:13:53] [Server thread/INFO]: Developers: [AFK][Dev] Popey
[21:14:47] [Server thread/INFO]: Developers: [AFK][Dev] Popey
[21:15:42] [Server thread/INFO]: Developers: [AFK][Dev] Popey
[21:16:36] [Server thread/INFO]: Developers: [AFK][Dev] Popey
[21:17:31] [Server thread/INFO]: Developers: [AFK][Dev] Popey
[21:18:25] [Server thread/INFO]: Developers: [AFK][Dev] Popey
[21:19:20] [Server thread/INFO]: Developers: [AFK][Dev] Popey
[21:20:14] [Server thread/INFO]: Developers: [AFK][Dev] Popey
[21:21:08] [Server thread/INFO]: Developers: [AFK][Dev] Popey
[21:22:03] [Server thread/INFO]: Developers: [AFK][Dev] Popey
[21:22:57] [Server thread/INFO]: Developers: [AFK][Dev] Popey
[21:23:52] [Server thread/INFO]: Developers: [AFK][Dev] Popey
[21:24:46] [Server thread/INFO]: Developers: [AFK][Dev] Popey
[21:25:41] [Server thread/INFO]: Developers: [AFK][Dev] Popey
[21:26:35] [Server thread/INFO]: Developers: [AFK][Dev] Popey
[21:27:30] [Server thread/INFO]: Developers: [AFK][Dev] Popey
[21:28:24] [Server thread/INFO]: Developers: [AFK][Dev] Popey
[21:29:18] [Server thread/INFO]: Developers: [AFK][Dev] Popey
[21:30:13] [Server thread/INFO]: Developers: [AFK][Dev] Popey
[21:31:07] [Server thread/INFO]: Developers: [AFK][Dev] Popey
[21:32:02] [Server thread/INFO]: Developers: [AFK][Dev] Popey
[21:32:56] [Server thread/INFO]: Developers: [AFK][Dev] Popey
[21:33:51] [Server thread/INFO]: Developers: [AFK][Dev] Popey
[21:34:45] [Server thread/INFO]: Developers: [AFK][Dev] Popey
[21:35:40] [Server thread/INFO]: Developers: [AFK][Dev] Popey
[21:36:34] [Server thread/INFO]: Developers: [AFK][Dev] Popey
[21:37:28] [Server thread/INFO]: Developers: [AFK][Dev] Popey
[21:38:23] [Server thread/INFO]: Developers: [AFK][Dev] Popey
[21:39:17] [Server thread/INFO]: Developers: [AFK][Dev] Popey
[21:40:12] [Server thread/INFO]: Developers: [AFK][Dev] Popey
[21:41:06] [Server thread/INFO]: Developers: [AFK][Dev] Popey
[21:42:01] [Server thread/INFO]: Developers: [AFK][Dev] Popey
[21:42:55] [Server thread/INFO]: Developers: [AFK][Dev] Popey
[21:43:50] [Server thread/INFO]: Developers: [AFK][Dev] Popey
[21:44:44] [Server thread/INFO]: Developers: [AFK][Dev] Popey
[21:45:39] [Server thread/INFO]: Developers: [AFK][Dev] Popey
[21:46:33] [Server thread/INFO]: Developers: [AFK][Dev] Popey
[21:47:27] [Server thread/INFO]: Developers: [AFK][Dev] Popey
[21:48:22] [Server thread/INFO]: Developers: [AFK][Dev] Popey
[21:49:16] [Server thread/INFO]: Developers: [AFK][Dev] Popey
[21:50:11] [Server thread/INFO]: Developers: [AFK][Dev] Popey
[21:51:05] [Server thread/INFO]: Developers: [AFK][Dev] Popey
[21:52:00] [Server thread/INFO]: Developers: [AFK][Dev] Popey
[21:52:54] [Server thread/INFO]: Developers: [AFK][Dev] Popey
[21:53:49] [Server thread/INFO]: Developers: [AFK][Dev] Popey
[21:54:43] [Server thread/INFO]: Developers: [AFK][Dev] Popey
[21:55:37] [Server thread/INFO]: Developers: [AFK][Dev] Popey
[21:56:32] [Server thread/INFO]: Developers: [AFK][Dev] Popey
[21:57:26] [Server thread/INFO]: Developers: [AFK][Dev] Popey
[21:58:21] [Server thread/INFO]: Developers: [AFK][Dev] Popey
[21:59:15] [Server thread/INFO]: Developers: [AFK][Dev] Popey
[22:00:10] [Server thread/INFO]: Developers: [AFK][Dev] Popey
[22:01:04] [Server thread/INFO]: Developers: [AFK][Dev] Popey
[22:01:59] [Server thread/INFO]: Developers: [AFK][Dev] Popey
[22:02:53] [Server thread/INFO]: Developers: [AFK][Dev] Popey
[22:03:47] [Server thread/INFO]: Developers: [AFK][Dev] Popey
[22:04:42] [Server thread/INFO]: Developers: [AFK][Dev] Popey
[22:05:36] [Server thread/INFO]: Developers: [AFK][Dev] Popey
[22:06:31] [Server thread/INFO]: Developers: [AFK][Dev] Popey
[22:07:25] [Server thread/INFO]: Developers: [AFK][Dev] Popey
[22:08:20] [Server thread/INFO]: Developers: [AFK][Dev] Popey
[22:09:14] [Server thread/INFO]: Developers: [AFK][Dev] Popey
[22:10:09] [Server thread/INFO]: Developers: [AFK][Dev] Popey
[22:11:03] [Server thread/INFO]: Developers: [AFK][Dev] Popey
[22:11:57] [Server thread/INFO]: Developers: [AFK][Dev] Popey
[22:12:52] [Server thread/INFO]: Developers: [AFK][Dev] Popey
[22:13:46] [Server thread/INFO]: Developers: [AFK][Dev] Popey
[22:14:41] [Server thread/INFO]: Developers: [AFK][Dev] Popey
[22:15:35] [Server thread/INFO]: Developers: [AFK][Dev] Popey
[22:16:30] [Server thread/INFO]: Developers: [AFK][Dev] Popey
[22:17:24] [Server thread/INFO]: Developers: [AFK][Dev] Popey
[22:18:19] [Server thread/INFO]: Developers: [AFK][Dev] Popey
[22:19:13] [Server thread/INFO]: Developers: [AFK][Dev] Popey
[22:20:07] [Server thread/INFO]: Developers: [AFK][Dev] Popey
[22:21:02] [Server thread/INFO]: Developers: [AFK][Dev] Popey
[22:21:56] [Server thread/INFO]: Developers: [AFK][Dev] Popey
[22:22:51] [Server thread/INFO]: Developers: [AFK][Dev] Popey
[22:23:45] [Server thread/INFO]: Developers: [AFK][Dev] Popey
[22:24:40] [Server thread/INFO]: Developers: [Dev] Popey
[22:25:34] [Server thread/INFO]: Developers: [Dev] Popey
[22:26:29] [Server thread/INFO]: Developers: [Dev] Popey
[22:27:23] [Server thread/INFO]: Developers: [Dev] Popey
[22:28:17] [Server thread/INFO]: Developers: [Dev] Popey
[22:29:12] [Server thread/INFO]: Developers: [Dev] Popey
[22:30:02] [Server thread/INFO]: Popey456963 left the game.
