[21:01:57] [main/INFO]: Launching wrapped minecraft {net.minecraft.server.MinecraftServer}
[21:01:58] [Server thread/INFO]: MinecraftForge v10.13.4.1448 Initialized
[21:01:58] [Server thread/INFO]: Replaced 183 ore recipies
[21:01:59] [Server thread/INFO]: Found 0 mods from the command line. Injecting into mod discoverer
[21:01:59] [Server thread/INFO]: Searching /home/minecraft/multicraft/servers/server7450/mods for mods
[21:01:59] [Server thread/INFO]: Also searching /home/minecraft/multicraft/servers/server7450/mods/1.7.10 for mods
[21:02:00] [Server thread/INFO]: Forge Mod Loader has identified 37 mods to load
[21:02:01] [Server thread/INFO]: Preparing to take over the world
[21:02:02] [Server thread/INFO]: Designs found: Bed(6), Chisel(9), FlowerPot(18), Tile(13)
[21:02:02] [Server thread/INFO]: Mantle (1.7.10-0.3.2.jenkins184) -- Preparing for launch.
[21:02:03] [Server thread/INFO]: Gear module active. Adding gear cast.
[21:02:03] [Server thread/INFO]: Twilight Forest Detected
[21:02:03] [Server thread/INFO]: Thaumcraft Detected
[21:02:05] [Server thread/INFO]: Applying holder lookups
[21:02:05] [Server thread/INFO]: Holder lookups applied
[21:02:05] [Server thread/INFO]: Injecting itemstacks
[21:02:05] [Server thread/INFO]: Loading properties
[21:02:05] [Server thread/INFO]: Default game type: SURVIVAL
[21:02:05] [Server thread/INFO]: Using 4 threads for Netty based IO
[21:02:05] [Server thread/INFO]: Server Ping Player Sample Count: 12
[21:02:05] [Server thread/INFO]: Thaumcraft detected. Registering harvestables.
[21:02:06] [Server thread/INFO]: InfernalMobsCore load() completed! Modifiers ready: 27
[21:02:06] [Server thread/INFO]: Injecting itemstacks
[21:02:06] [Server thread/INFO]: ## Chest items register ##
[21:02:06] [Server thread/INFO]: Loading Manual XML from: /assets/mantle/manuals/test.xml
[21:02:06] [Server thread/INFO]: Thaumcraft detected. Adding thaumium tools.
[21:02:06] [Server thread/INFO]: item.apple0: 15: 1: 3
[21:02:06] [Server thread/INFO]: item.appleGold0: 1: 1: 1
[21:02:06] [Server thread/INFO]: item.arrow0: 30: 2: 7
[21:02:06] [Server thread/INFO]: item.book0: 20: 1: 3
[21:02:06] [Server thread/INFO]: item.bread0: 14: 1: 1
[21:02:06] [Server thread/INFO]: item.bucket0: 10: 1: 1
[21:02:06] [Server thread/INFO]: item.coal0: 10: 3: 8
[21:02:06] [Server thread/INFO]: item.compass0: 1: 1: 1
[21:02:06] [Server thread/INFO]: item.dyePowder.blue4: 5: 4: 9
[21:02:06] [Server thread/INFO]: item.emerald0: 2: 1: 3
[21:02:06] [Server thread/INFO]: item.emptyMap0: 1: 1: 1
[21:02:06] [Server thread/INFO]: item.enchantedBook0: 1: 1: 1
[21:02:06] [Server thread/INFO]: item.enderPearl0: 10: 1: 1
[21:02:06] [Server thread/INFO]: item.horsearmorgold0: 1: 1: 1
[21:02:06] [Server thread/INFO]: item.horsearmormetal0: 1: 1: 1
[21:02:06] [Server thread/INFO]: item.ingotGold0: 5: 1: 3
[21:02:06] [Server thread/INFO]: item.nameTag0: 10: 1: 1
[21:02:06] [Server thread/INFO]: item.paper0: 20: 2: 7
[21:02:06] [Server thread/INFO]: item.record0: 10: 1: 1
[21:02:06] [Server thread/INFO]: item.rottenFlesh0: 16: 3: 7
[21:02:06] [Server thread/INFO]: item.saddle0: 2: 1: 1
[21:02:06] [Server thread/INFO]: item.seeds_pumpkin0: 10: 2: 4
[21:02:06] [Server thread/INFO]: item.string0: 10: 1: 4
[21:02:06] [Server thread/INFO]: item.sulphur0: 10: 1: 4
[21:02:06] [Server thread/INFO]: tile.obsidian0: 5: 3: 7
[21:02:06] [Server thread/INFO]: tile.rail0: 1: 4: 8
[21:02:06] [Server thread/INFO]: tile.sapling.oak0: 5: 3: 7
[21:02:06] [Server thread/INFO]: Total Weight: 375
[21:02:06] [Server thread/INFO]: TwilightForestMod mod found.
[21:02:06] [Server thread/INFO]: Success in registering ThaumicTinkerer
[21:02:06] [Server thread/INFO]: Forge Mod Loader has successfully loaded 37 mods
[21:02:06] [Server thread/INFO]: Applying holder lookups
[21:02:06] [Server thread/INFO]: Holder lookups applied
[21:02:08] [Server thread/INFO]: [WorldEdit] Loading WorldEdit v5.6.3
[21:02:08] [Server thread/INFO]: [Essentials] Loading Essentials v2.12.2
[21:02:08] [Server thread/INFO]: [EssentialsProtect] Loading EssentialsProtect v2.12.2
[21:02:08] [Server thread/INFO]: [ModReq] Loading ModReq v2.4.1
[21:02:08] [Server thread/INFO]: [EssentialsGeoIP] Loading EssentialsGeoIP v2.12.2
[21:02:08] [Server thread/INFO]: [ClearLag] Loading ClearLag v2.8.2
[21:02:08] [Server thread/INFO]: [EssentialsAntiBuild] Loading EssentialsAntiBuild v2.12.2
[21:02:08] [Server thread/INFO]: [AutoMessage] Loading AutoMessage v2.4.0
[21:02:08] [Server thread/INFO]: [Modifyworld] Loading Modifyworld v1.19.7
[21:02:08] [Server thread/INFO]: [mcMMO] Loading mcMMO v1.5.00-b3547
[21:02:08] [Server thread/INFO]: [WorldBorder] Loading WorldBorder v1.7.9
[21:02:08] [Server thread/INFO]: [Vault] Loading Vault v1.2.31-b411
[21:02:08] [Server thread/INFO]: [CommandBook] Loading CommandBook v2.4:1692-75bb1c8,master
[21:02:08] [Server thread/INFO]: [WorldGuard] Loading WorldGuard v6.0.0-beta-03.1514-
[21:02:08] [Server thread/INFO]: [MassiveCore] Loading MassiveCore v7.4.0
[21:02:08] [Server thread/INFO]: [EpicQuest] Loading EpicQuest v3.5.4
[21:02:08] [Server thread/INFO]: [EssentialsXMPP] Loading EssentialsXMPP v2.12.2
[21:02:08] [Server thread/INFO]: [HeroBounty] Loading HeroBounty v1.9.5
[21:02:08] [Server thread/INFO]: [mcMMO] Enabling mcMMO v1.5.00-b3547
[21:02:10] [Server thread/INFO]: [Vault] Enabling Vault v1.2.31-b411
[21:02:11] [Server thread/INFO]: [MassiveCore] Enabling MassiveCore v7.4.0
[21:02:11] [Server thread/INFO]: [MassiveCore 7.4.0] === ENABLE START ===
[21:02:11] [Server thread/INFO]: [MassiveCore 7.4.0] Player Strings Found: 0
[21:02:11] [Server thread/INFO]: [MassiveCore 7.4.0] Player Strings Cached: 0
[21:02:11] [Server thread/INFO]: [MassiveCore 7.4.0] Player Strings Remaining: 0
[21:02:11] [Server thread/INFO]: [MassiveCore 7.4.0] Now fetching the remaining players from Mojang API ...
[21:02:11] [Server thread/INFO]: [MassiveCore 7.4.0] Setup of IdUtil took 21ms.
[21:02:11] [Server thread/INFO]: [MassiveCore 7.4.0] === ENABLE COMPLETE (Took 327ms) ===
[21:02:12] [Server thread/INFO]: Preparing spawn area: 93%
[21:02:12] [Server thread/INFO]: [WorldEdit] Enabling WorldEdit v5.6.3
[21:02:13] [Server thread/INFO]: [Essentials] Enabling Essentials v2.12.2
[21:02:13] [Server thread/INFO]: 1.7.10-1448.127 (MC: 1.7.10)
[21:02:13] [Server thread/INFO]: 1.7.10-R0.1-SNAPSHOT
[21:02:13] [Server thread/INFO]: [EssentialsProtect] Enabling EssentialsProtect v2.12.2
[21:02:13] [Server thread/INFO]: [ModReq] Enabling ModReq v2.4.1
[21:02:13] [Server thread/INFO]: [ModReq] Looking for messages.yml
[21:02:13] [Server thread/INFO]: [ModReq] messages.yml found. Trying to load messages.yml
[21:02:13] [Server thread/INFO]: [ModReq] messages.yml loaded!
[21:02:13] [Server thread/INFO]: [ModReq] Using metrics
[21:02:13] [Server thread/INFO]: [EssentialsGeoIP] Enabling EssentialsGeoIP v2.12.2
[21:02:13] [Server thread/INFO]: [ClearLag] Enabling ClearLag v2.8.2
[21:02:13] [Server thread/INFO]: [ClearLag] Loading modules...
[21:02:13] [Server thread/INFO]: [ClearLag] Modules have been loaded!
[21:02:13] [Server thread/INFO]: [ClearLag] Clearlag is now enabled!
[21:02:13] [Server thread/INFO]: [EssentialsAntiBuild] Enabling EssentialsAntiBuild v2.12.2
[21:02:14] [Server thread/INFO]: [AutoMessage] Enabling AutoMessage v2.4.0
[21:02:14] [Server thread/INFO]: [Modifyworld] Enabling Modifyworld v1.19.7
[21:02:14] [Server thread/INFO]: [Modifyworld] Modifyworld enabled!
[21:02:14] [Server thread/INFO]: [WorldBorder] Enabling WorldBorder v1.7.9
[21:02:14] [Server thread/INFO]: [WorldBorder] [CONFIG] Using elliptic/round border, knockback of 3.0 blocks, and timer delay of 5.
[21:02:14] [Server thread/INFO]: [WorldBorder] [CONFIG] Border-checking timed task started.
[21:02:14] [Server thread/INFO]: [CommandBook] Enabling CommandBook v2.4:1692-75bb1c8,master
[21:02:14] [Server thread/INFO]: [CommandBook] 0 Homes(s) loaded
[21:02:14] [Server thread/INFO]: [CommandBook] 0 Warps(s) loaded
[21:02:14] [Server thread/INFO]: [CommandBook] 1 kit(s) loaded.
[21:02:14] [Server thread/INFO]: [WorldGuard] Enabling WorldGuard v6.0.0-beta-03.1514-
[21:02:17] [Server thread/INFO]: [WorldGuard] (world) Lighters are PERMITTED.
[21:02:17] [Server thread/INFO]: [WorldGuard] (world) Lava fire is blocked.
[21:02:17] [Server thread/INFO]: [WorldGuard] (world) Fire spread is UNRESTRICTED.
[21:02:17] [Server thread/INFO]: [WorldGuard] (DIM7) Lighters are PERMITTED.
[21:02:17] [Server thread/INFO]: [WorldGuard] (DIM7) Lava fire is blocked.
[21:02:17] [Server thread/INFO]: [WorldGuard] (DIM7) Fire spread is UNRESTRICTED.
[21:02:17] [Server thread/INFO]: [WorldGuard] (DIM-19) Lighters are PERMITTED.
[21:02:17] [Server thread/INFO]: [WorldGuard] (DIM-19) Lava fire is blocked.
[21:02:17] [Server thread/INFO]: [WorldGuard] (DIM-19) Fire spread is UNRESTRICTED.
[21:02:17] [Server thread/INFO]: [WorldGuard] (DIM-42) Lighters are PERMITTED.
[21:02:17] [Server thread/INFO]: [WorldGuard] (DIM-42) Lava fire is blocked.
[21:02:17] [Server thread/INFO]: [WorldGuard] (DIM-42) Fire spread is UNRESTRICTED.
[21:02:17] [Server thread/INFO]: [WorldGuard] (DIM1) Lighters are PERMITTED.
[21:02:17] [Server thread/INFO]: [WorldGuard] (DIM1) Lava fire is blocked.
[21:02:17] [Server thread/INFO]: [WorldGuard] (DIM1) Fire spread is UNRESTRICTED.
[21:02:17] [Server thread/INFO]: [WorldGuard] (DIM-1) Lighters are PERMITTED.
[21:02:17] [Server thread/INFO]: [WorldGuard] (DIM-1) Lava fire is blocked.
[21:02:17] [Server thread/INFO]: [WorldGuard] (DIM-1) Fire spread is UNRESTRICTED.
[21:02:17] [Server thread/INFO]: [EpicQuest] Enabling EpicQuest v3.5.4
[21:02:17] [Server thread/INFO]: [EssentialsXMPP] Enabling EssentialsXMPP v2.12.2
[21:02:17] [Server thread/INFO]: [HeroBounty] Enabling HeroBounty v1.9.5
[21:02:18] [Server thread/INFO]: [MassiveCore 7.4.0] ============================================
[21:02:18] [Server thread/INFO]: [MassiveCore 7.4.0] We are preparing for Mojangs switch to UUIDs.
[21:02:18] [Server thread/INFO]: [MassiveCore 7.4.0] Player Strings Found: 0
[21:02:18] [Server thread/INFO]: [MassiveCore 7.4.0] Player Strings Cached: 0
[21:02:18] [Server thread/INFO]: [MassiveCore 7.4.0] Player Strings Remaining: 0
[21:02:18] [Server thread/INFO]: [MassiveCore 7.4.0] Now fetching the remaining players from Mojang API ...
[21:02:18] [Server thread/INFO]: [MassiveCore 7.4.0] ============================================
[21:04:27] [Server thread/INFO]: Failed
[21:08:00] [Server thread/INFO]: Guest: [Guest] Twistybeef
[21:08:49] [Server thread/INFO]: Guest: [Guest] Twistybeef
[21:09:38] [Server thread/INFO]: Guest: [Guest] Twistybeef
[21:09:50] [Server thread/INFO]: Twistybeef issued server command: /gamemode 2
[21:10:02] [Server thread/INFO]: Twistybeef issued server command: /gamemode 1
[21:10:27] [Server thread/INFO]: Guest: [Guest] Twistybeef
[21:11:16] [Server thread/INFO]: Guest: [Guest] Twistybeef
[21:12:04] [Server thread/INFO]: Guest: [Guest] Twistybeef
[21:12:53] [Server thread/INFO]: Guest: [Guest] Twistybeef
[21:13:42] [Server thread/INFO]: Guest: [Guest] Twistybeef
[21:14:21] [Server thread/INFO]: Twistybeef issued server command: /spawn
[21:14:31] [Server thread/INFO]: Guest: [Guest] Twistybeef
[21:15:20] [Server thread/INFO]: Guest: [Guest] Twistybeef
[21:16:09] [Server thread/INFO]: Guest: [Guest] Twistybeef
[21:17:44] [Server thread/INFO]: Twistybeef left the game.
[22:08:04] [Server thread/INFO]: Failed
[23:10:10] [Server thread/INFO]: Failed
