[15:02:14] [Server thread/INFO]: giraffe: [Giraffe] Twiixtor
[15:03:00] [Server thread/INFO]: giraffe: [Giraffe] Twiixtor
[15:03:47] [Server thread/INFO]: giraffe: [Giraffe] Twiixtor
[15:04:33] [Server thread/INFO]: giraffe: [Giraffe] Twiixtor
[15:05:20] [Server thread/INFO]: giraffe: [Giraffe] Twiixtor
[15:06:06] [Server thread/INFO]: giraffe: [Giraffe] Twiixtor
[15:07:34] [Server thread/INFO]: giraffe: [Giraffe] Twiixtor
[15:08:21] [Server thread/INFO]: giraffe: [Giraffe] Twiixtor
[15:08:24] [Server thread/INFO]: Twiixtor issued server command: /gm 1
[15:08:26] [Server thread/INFO]: Twiixtor issued server command: //wand
[15:08:31] [Server thread/INFO]: Twiixtor issued server command: /i compass 1
[15:09:07] [Server thread/INFO]: giraffe: [Giraffe] Twiixtor
[15:09:54] [Server thread/INFO]: giraffe: [Giraffe] Twiixtor
[15:10:41] [Server thread/INFO]: giraffe: [Giraffe] Twiixtor
[15:11:27] [Server thread/INFO]: giraffe: [Giraffe] Twiixtor
[15:12:14] [Server thread/INFO]: giraffe: [Giraffe] Twiixtor
[15:13:00] [Server thread/INFO]: giraffe: [Giraffe] Twiixtor
[15:13:47] [Server thread/INFO]: giraffe: [Giraffe] Twiixtor
[15:14:33] [Server thread/INFO]: giraffe: [Giraffe] Twiixtor
[15:15:20] [Server thread/INFO]: giraffe: [Giraffe] Twiixtor
[15:15:24] [Server thread/INFO]: Twiixtor issued server command: //replace dirt grass
[15:15:29] [Server thread/INFO]: Twiixtor issued server command: //replace dirt grass
[15:15:32] [Server thread/INFO]: Twiixtor issued server command: //replace dirt grass
[15:16:06] [Server thread/INFO]: giraffe: [Giraffe] Twiixtor
[15:17:34] [Server thread/INFO]: giraffe: [Giraffe] Twiixtor
[15:18:21] [Server thread/INFO]: giraffe: [Giraffe] Twiixtor
[15:19:07] [Server thread/INFO]: giraffe: [Giraffe] Twiixtor
[15:19:54] [Server thread/INFO]: giraffe: [Giraffe] Twiixtor
[15:20:41] [Server thread/INFO]: giraffe: [Giraffe] Twiixtor
[15:21:27] [Server thread/INFO]: giraffe: [Giraffe] Twiixtor
[15:21:34] [Server thread/INFO]: Twiixtor issued server command: //set 0
[15:22:14] [Server thread/INFO]: giraffe: [Giraffe] Twiixtor
[15:23:00] [Server thread/INFO]: giraffe: [Giraffe] Twiixtor
[15:23:23] [Server thread/INFO]: Twiixtor issued server command: //set grass
[15:23:30] [Server thread/INFO]: Twiixtor issued server command: //set grass
[15:23:34] [Server thread/INFO]: Twiixtor issued server command: //set grass
[15:23:40] [Server thread/INFO]: Twiixtor issued server command: //replace dirt grass
[15:23:47] [Server thread/INFO]: giraffe: [Giraffe] Twiixtor
[15:24:33] [Server thread/INFO]: giraffe: [Giraffe] Twiixtor
[15:25:20] [Server thread/INFO]: giraffe: [Giraffe] Twiixtor
[15:26:06] [Server thread/INFO]: giraffe: [Giraffe] Twiixtor
[15:27:34] [Server thread/INFO]: giraffe: [Giraffe] Twiixtor
[15:28:21] [Server thread/INFO]: giraffe: [Giraffe] Twiixtor
[15:29:07] [Server thread/INFO]: giraffe: [Giraffe] Twiixtor
[15:29:54] [Server thread/INFO]: giraffe: [Giraffe] Twiixtor
[15:30:41] [Server thread/INFO]: giraffe: [Giraffe] Twiixtor
[15:30:55] [Server thread/INFO]: Twiixtor issued server command: /time day
[15:30:56] [Server thread/INFO]: Twiixtor issued server command: /butcher
[15:31:27] [Server thread/INFO]: giraffe: [Giraffe] Twiixtor
[15:31:33] [Server thread/INFO]: Twiixtor issued server command: //cyl 0 5
[15:31:35] [Server thread/INFO]: Twiixtor issued server command: //cyl 0 7
[15:31:37] [Server thread/INFO]: Twiixtor issued server command: //cyl 0 8
[15:31:46] [Server thread/INFO]: Twiixtor issued server command: //undo 3
[15:31:54] [Server thread/INFO]: Twiixtor issued server command: //cyl 0 10
[15:31:57] [Server thread/INFO]: Twiixtor issued server command: //undo
[15:32:02] [Server thread/INFO]: Twiixtor issued server command: //undo
[15:32:05] [Server thread/INFO]: Twiixtor issued server command: //redo
[15:32:09] [Server thread/INFO]: Twiixtor issued server command: //cyl 0 10
[15:32:14] [Server thread/INFO]: giraffe: [Giraffe] Twiixtor
[15:32:17] [Server thread/INFO]: Twiixtor issued server command: //undo
[15:32:21] [Server thread/INFO]: Twiixtor issued server command: //cyl 0 9
[15:32:34] [Server thread/INFO]: Twiixtor issued server command: //cyl farmland 9
[15:32:46] [Server thread/INFO]: Twiixtor issued server command: //undo
[15:32:47] [Server thread/INFO]: Twiixtor issued server command: //undo
[15:32:53] [Server thread/INFO]: Twiixtor issued server command: //cyl farmland 8
[15:33:00] [Server thread/INFO]: giraffe: [Giraffe] Twiixtor
[15:33:22] [Server thread/INFO]: Twiixtor issued server command: //undo
[15:33:24] [Server thread/INFO]: Twiixtor issued server command: //undo
[15:33:36] [Server thread/INFO]: Twiixtor issued server command: //cyl 5 8
[15:33:47] [Server thread/INFO]: giraffe: [Giraffe] Twiixtor
[15:34:33] [Server thread/INFO]: giraffe: [Giraffe] Twiixtor
[15:35:20] [Server thread/INFO]: giraffe: [Giraffe] Twiixtor
[15:35:50] [Server thread/INFO]: Twiixtor issued server command: //expand 1 down
[15:35:56] [Server thread/INFO]: Twiixtor issued server command: //copy
[15:36:03] [Server thread/INFO]: Twiixtor issued server command: //paste
[15:36:06] [Server thread/INFO]: giraffe: [Giraffe] Twiixtor
[15:36:27] [Server thread/INFO]: Twiixtor issued server command: //replace grass 0
[15:36:30] [Server thread/INFO]: Twiixtor issued server command: //replace dirt 0
[15:37:34] [Server thread/INFO]: giraffe: [Giraffe] Twiixtor
[15:38:13] [Server thread/INFO]: Twiixtor issued server command: //replace sand 44:3
[15:38:22] [Server thread/INFO]: giraffe: [Giraffe] Twiixtor
[15:39:08] [Server thread/INFO]: giraffe: [Giraffe] Twiixtor
[15:39:55] [Server thread/INFO]: giraffe: [Giraffe] Twiixtor
[15:40:41] [Server thread/INFO]: giraffe: [Giraffe] Twiixtor
[15:40:54] [Server thread/INFO]: Twiixtor issued server command: //replace 5 farmland
[15:41:28] [Server thread/INFO]: giraffe: [Giraffe] Twiixtor
[15:41:56] [Server thread/INFO]: Twiixtor issued server command: /i trapdoor 1
[15:42:14] [Server thread/INFO]: giraffe: [Giraffe] Twiixtor
[15:43:01] [Server thread/INFO]: giraffe: [Giraffe] Twiixtor
[15:43:48] [Server thread/INFO]: giraffe: [Giraffe] Twiixtor
[15:44:34] [Server thread/INFO]: giraffe: [Giraffe] Twiixtor
[15:45:21] [Server thread/INFO]: giraffe: [Giraffe] Twiixtor
[15:45:58] [Server thread/INFO]: Twiixtor issued server command: //copy
[15:46:07] [Server thread/INFO]: giraffe: [Giraffe] Twiixtor
[15:46:07] [Server thread/INFO]: Twiixtor issued server command: //paste
[15:47:15] [Server thread/INFO]: Twiixtor issued server command: //copy
[15:47:21] [Server thread/INFO]: Twiixtor issued server command: //paste
[15:47:34] [Server thread/INFO]: giraffe: [Giraffe] Twiixtor
[15:48:18] [Server thread/INFO]: Twiixtor issued server command: //copy
[15:48:21] [Server thread/INFO]: giraffe: [Giraffe] Twiixtor
[15:48:24] [Server thread/INFO]: Twiixtor issued server command: //paste
[15:48:32] [Server thread/INFO]: Twiixtor issued server command: //paste
[15:48:40] [Server thread/INFO]: Twiixtor issued server command: //undo 2
[15:49:07] [Server thread/INFO]: giraffe: [Giraffe] Twiixtor
[15:49:15] [Server thread/INFO]: Twiixtor issued server command: //copy
[15:49:21] [Server thread/INFO]: Twiixtor issued server command: //paste
[15:49:29] [Server thread/INFO]: Twiixtor issued server command: //paste
[15:49:54] [Server thread/INFO]: giraffe: [Giraffe] Twiixtor
[15:50:24] [Server thread/INFO]: Twiixtor issued server command: //copy
[15:50:31] [Server thread/INFO]: Twiixtor issued server command: //paste
[15:50:41] [Server thread/INFO]: giraffe: [Giraffe] Twiixtor
[15:50:41] [Server thread/INFO]: Twiixtor issued server command: //undo
[15:50:44] [Server thread/INFO]: Twiixtor issued server command: //paste
[15:51:28] [Server thread/INFO]: giraffe: [Giraffe] Twiixtor
[15:52:14] [Server thread/INFO]: giraffe: [Giraffe] Twiixtor
[15:52:42] [Server thread/INFO]: Twiixtor issued server command: //copy
[15:52:43] [Server thread/INFO]: Twiixtor issued server command: //paste
[15:52:44] [Server thread/INFO]: Twiixtor issued server command: //paste
[15:53:01] [Server thread/INFO]: giraffe: [Giraffe] Twiixtor
[15:53:47] [Server thread/INFO]: giraffe: [Giraffe] Twiixtor
[15:54:34] [Server thread/INFO]: giraffe: [Giraffe] Twiixtor
[15:55:08] [Server thread/INFO]: Twiixtor issued server command: //cut
[15:55:10] [Server thread/INFO]: Twiixtor issued server command: //paste
[15:55:20] [Server thread/INFO]: giraffe: [Giraffe] Twiixtor
[15:56:07] [Server thread/INFO]: giraffe: [Giraffe] Twiixtor
[15:57:34] [Server thread/INFO]: giraffe: [Giraffe] Twiixtor
[15:58:21] [Server thread/INFO]: giraffe: [Giraffe] Twiixtor
[15:58:26] [Server thread/INFO]: Twiixtor issued server command: //cut
[15:58:27] [Server thread/INFO]: Twiixtor issued server command: //paste
[15:59:07] [Server thread/INFO]: giraffe: [Giraffe] Twiixtor
[15:59:54] [Server thread/INFO]: giraffe: [Giraffe] Twiixtor
[16:00:41] [Server thread/INFO]: giraffe: [Giraffe] Twiixtor
[16:01:27] [Server thread/INFO]: giraffe: [Giraffe] Twiixtor
[16:01:36] [Server thread/INFO]: Twiixtor issued server command: //replace 44 0
[16:01:40] [Server thread/INFO]: Twiixtor issued server command: //undo
[16:01:54] [Server thread/INFO]: Twiixtor issued server command: //replace 44:0 0
[16:01:59] [Server thread/INFO]: Twiixtor issued server command: //replace 43 0
[16:02:04] [Server thread/INFO]: Twiixtor issued server command: //replace woodstair 0
[16:02:14] [Server thread/INFO]: giraffe: [Giraffe] Twiixtor
[16:03:00] [Server thread/INFO]: giraffe: [Giraffe] Twiixtor
[16:03:47] [Server thread/INFO]: giraffe: [Giraffe] Twiixtor
[16:04:28] [Server thread/INFO]: Twiixtor issued server command: //stack 1
[16:04:33] [Server thread/INFO]: giraffe: [Giraffe] Twiixtor
[16:05:09] [Server thread/INFO]: Twiixtor issued server command: /i ladder 1
[16:05:20] [Server thread/INFO]: giraffe: [Giraffe] Twiixtor
[16:06:06] [Server thread/INFO]: giraffe: [Giraffe] Twiixtor
[16:07:12] [Server thread/INFO]: Twiixtor issued server command: //cut
[16:07:13] [Server thread/INFO]: Twiixtor issued server command: //paste
[16:07:34] [Server thread/INFO]: giraffe: [Giraffe] Twiixtor
[16:07:55] [Server thread/INFO]: Twiixtor issued server command: //stack 1
[16:08:06] [Server thread/INFO]: Twiixtor issued server command: //stack 15
[16:08:11] [Server thread/INFO]: Twiixtor issued server command: //stack 16
[16:08:13] [Server thread/INFO]: Twiixtor issued server command: //stack 17
[16:08:19] [Server thread/INFO]: Twiixtor issued server command: //undo
[16:08:20] [Server thread/INFO]: Twiixtor issued server command: //undo
[16:08:21] [Server thread/INFO]: giraffe: [Giraffe] Twiixtor
[16:08:24] [Server thread/INFO]: Twiixtor issued server command: //stack 17
[16:08:41] [Server thread/INFO]: Twiixtor issued server command: //cut
[16:08:42] [Server thread/INFO]: Twiixtor issued server command: //paste
[16:08:57] [Server thread/INFO]: Twiixtor issued server command: //set 0
[16:09:05] [Server thread/INFO]: Twiixtor issued server command: //stack 1
[16:09:07] [Server thread/INFO]: giraffe: [Giraffe] Twiixtor
[16:09:23] [Server thread/INFO]: Twiixtor issued server command: /butcher
[16:09:24] [Server thread/INFO]: Twiixtor issued server command: /time day
[16:09:27] [Server thread/INFO]: Twiixtor issued server command: /butcher
[16:09:54] [Server thread/INFO]: giraffe: [Giraffe] Twiixtor
[16:10:37] [Server thread/INFO]: Twiixtor issued server command: //replace 126 126:5
[16:10:41] [Server thread/INFO]: giraffe: [Giraffe] Twiixtor
[16:10:41] [Server thread/INFO]: Twiixtor issued server command: //undo
[16:10:48] [Server thread/INFO]: Twiixtor issued server command: //redo
[16:10:50] [Server thread/INFO]: Twiixtor issued server command: //undo
[16:10:52] [Server thread/INFO]: Twiixtor issued server command: //redo
[16:10:54] [Server thread/INFO]: Twiixtor issued server command: //undo
[16:11:03] [Server thread/INFO]: Twiixtor issued server command: //undo
[16:11:06] [Server thread/INFO]: Twiixtor issued server command: //redo
[16:11:07] [Server thread/INFO]: Twiixtor issued server command: //redo
[16:11:27] [Server thread/INFO]: giraffe: [Giraffe] Twiixtor
[16:11:43] [Server thread/INFO]: Twiixtor issued server command: //set 5:1
[16:12:14] [Server thread/INFO]: giraffe: [Giraffe] Twiixtor
[16:12:42] [Server thread/INFO]: Twiixtor issued server command: //stack 1
[16:12:48] [Server thread/INFO]: Twiixtor issued server command: //undo
[16:12:51] [Server thread/INFO]: Twiixtor issued server command: //set 0
[16:13:00] [Server thread/INFO]: giraffe: [Giraffe] Twiixtor
[16:13:14] [Server thread/INFO]: Twiixtor issued server command: /gm 0
[16:13:29] [Server thread/INFO]: Twiixtor issued server command: /gm 1
[16:13:36] [Server thread/INFO]: Twiixtor issued server command: /gm 0
[16:13:47] [Server thread/INFO]: giraffe: [Giraffe] Twiixtor
[16:14:04] [Server thread/INFO]: Twiixtor issued server command: //gm 1
[16:14:06] [Server thread/INFO]: Twiixtor issued server command: /gm 1
[16:14:33] [Server thread/INFO]: giraffe: [Giraffe] Twiixtor
[16:15:20] [Server thread/INFO]: giraffe: [Giraffe] Twiixtor
[16:16:06] [Server thread/INFO]: giraffe: [Giraffe] Twiixtor
[16:17:34] [Server thread/INFO]: giraffe: [Giraffe] Twiixtor
[16:17:45] [Server thread/INFO]: Twiixtor issued server command: /gm 0
[16:18:21] [Server thread/INFO]: giraffe: [Giraffe] Twiixtor
[16:19:07] [Server thread/INFO]: giraffe: [Giraffe] Twiixtor
[16:19:12] [Server thread/INFO]: Twiixtor issued server command: /tp Twiixtor 21 74 -1594
[16:19:12] [Server thread/INFO]: Twiixtor issued server command: /tppos 21 74 -1594
[16:19:20] [Server thread/INFO]: Twiixtor issued server command: /gly
[16:19:22] [Server thread/INFO]: Twiixtor issued server command: /fly
[16:19:26] [Server thread/INFO]: Twiixtor issued server command: /tp Twiixtor -77 65 -1726
[16:19:26] [Server thread/INFO]: Twiixtor issued server command: /tppos -77 65 -1726
[16:19:45] [Server thread/INFO]: Twiixtor issued server command: /tp Twiixtor -151 80 -1850
[16:19:45] [Server thread/INFO]: Twiixtor issued server command: /tppos -151 80 -1850
[16:19:54] [Server thread/INFO]: giraffe: [Giraffe] Twiixtor
[16:20:18] [Server thread/INFO]: Twiixtor issued server command: /tp Twiixtor -213 59 -1981
[16:20:18] [Server thread/INFO]: Twiixtor issued server command: /tppos -213 59 -1981
[16:20:28] [Server thread/INFO]: Twiixtor issued server command: /tp Twiixtor -364 73 -1834
[16:20:28] [Server thread/INFO]: Twiixtor issued server command: /tppos -364 73 -1834
[16:20:41] [Server thread/INFO]: giraffe: [Giraffe] Twiixtor
[16:21:10] [Server thread/INFO]: Twiixtor issued server command: /tp Twiixtor 451 64 -259
[16:21:10] [Server thread/INFO]: Twiixtor issued server command: /tppos 451 64 -259
[16:21:18] [Server thread/INFO]: Twiixtor issued server command: /tp Twiixtor 527 68 -121
[16:21:18] [Server thread/INFO]: Twiixtor issued server command: /tppos 527 68 -121
[16:21:27] [Server thread/INFO]: giraffe: [Giraffe] Twiixtor
[16:21:30] [Server thread/INFO]: Twiixtor issued server command: /tp Twiixtor 293 77 -447
[16:21:30] [Server thread/INFO]: Twiixtor issued server command: /tppos 293 77 -447
[16:22:14] [Server thread/INFO]: giraffe: [Giraffe] Twiixtor
[16:22:15] [Server thread/INFO]: Twiixtor issued server command: /tp Twiixtor -516 66 -1618
[16:22:15] [Server thread/INFO]: Twiixtor issued server command: /tppos -516 66 -1618
[16:22:27] [Server thread/INFO]: Twiixtor issued server command: /gm 1
[16:22:30] [Server thread/INFO]: Twiixtor issued server command: /speed 5
[16:22:38] [Server thread/INFO]: Twiixtor issued server command: /speed 3
[16:23:01] [Server thread/INFO]: giraffe: [Giraffe] Twiixtor
[16:23:47] [Server thread/INFO]: giraffe: [Giraffe] Twiixtor
[16:24:26] [Server thread/INFO]: Twiixtor issued server command: /tp Twiixtor -62 74 -768
[16:24:26] [Server thread/INFO]: Twiixtor issued server command: /tppos -62 74 -768
[16:24:33] [Server thread/INFO]: giraffe: [Giraffe] Twiixtor
[16:24:42] [Server thread/INFO]: Twiixtor issued server command: /tp Twiixtor -276 93 -789
[16:24:42] [Server thread/INFO]: Twiixtor issued server command: /tppos -276 93 -789
[16:25:18] [Server thread/INFO]: Twiixtor issued server command: /tp Twiixtor -506 79 -949
[16:25:18] [Server thread/INFO]: Twiixtor issued server command: /tppos -506 79 -949
[16:25:20] [Server thread/INFO]: giraffe: [Giraffe] Twiixtor
[16:25:53] [Server thread/INFO]: Twiixtor issued server command: /tp Twiixtor 263 80 -1344
[16:25:53] [Server thread/INFO]: Twiixtor issued server command: /tppos 263 80 -1344
[16:25:57] [Server thread/INFO]: Twiixtor issued server command: /speed 1
[16:26:06] [Server thread/INFO]: giraffe: [Giraffe] Twiixtor
[16:27:12] [Server thread/INFO]: Twiixtor issued server command: /gm 1
[16:27:14] [Server thread/INFO]: Twiixtor issued server command: /gm 0
[16:27:18] [Server thread/INFO]: Twiixtor issued server command: /gamemode CREATIVE Twiixtor
[16:27:19] [Server thread/INFO]: Twiixtor issued server command: /gamemode ADVENTURE Twiixtor
[16:27:20] [Server thread/INFO]: Twiixtor issued server command: /gamemode SURVIVAL Twiixtor
[16:27:21] [Server thread/INFO]: Twiixtor issued server command: /gamemode CREATIVE Twiixtor
[16:27:23] [Server thread/INFO]: Twiixtor issued server command: /gamemode ADVENTURE Twiixtor
[16:27:23] [Server thread/INFO]: Twiixtor issued server command: /gamemode SURVIVAL Twiixtor
[16:27:24] [Server thread/INFO]: Twiixtor issued server command: /gamemode CREATIVE Twiixtor
[16:27:25] [Server thread/INFO]: Twiixtor issued server command: /gamemode ADVENTURE Twiixtor
[16:27:26] [Server thread/INFO]: Twiixtor issued server command: /gamemode SURVIVAL Twiixtor
[16:27:26] [Server thread/INFO]: Twiixtor issued server command: /gamemode CREATIVE Twiixtor
[16:27:27] [Server thread/INFO]: Twiixtor issued server command: /gamemode ADVENTURE Twiixtor
[16:27:29] [Server thread/INFO]: Twiixtor issued server command: /gamemode SURVIVAL Twiixtor
[16:27:34] [Server thread/INFO]: giraffe: [Giraffe] Twiixtor
[16:27:57] [Server thread/INFO]: Twiixtor issued server command: /gamemode CREATIVE Twiixtor
[16:27:58] [Server thread/INFO]: Twiixtor issued server command: /gamemode ADVENTURE Twiixtor
[16:27:59] [Server thread/INFO]: Twiixtor issued server command: /gamemode SURVIVAL Twiixtor
[16:28:01] [Server thread/INFO]: Twiixtor issued server command: /gamemode CREATIVE Twiixtor
[16:28:01] [Server thread/INFO]: Twiixtor issued server command: /gamemode ADVENTURE Twiixtor
[16:28:02] [Server thread/INFO]: Twiixtor issued server command: /gamemode SURVIVAL Twiixtor
[16:28:05] [Server thread/INFO]: Twiixtor issued server command: /toggledownfall
[16:28:05] [Server thread/INFO]: [Twiixtor: Toggled downfall]
[16:28:21] [Server thread/INFO]: giraffe: [Giraffe] Twiixtor
[16:28:32] [Server thread/INFO]: Twiixtor issued server command: /gamemode CREATIVE Twiixtor
[16:28:33] [Server thread/INFO]: Twiixtor issued server command: /gamemode ADVENTURE Twiixtor
[16:28:34] [Server thread/INFO]: Twiixtor issued server command: /gamemode SURVIVAL Twiixtor
[16:28:42] [Server thread/INFO]: Twiixtor issued server command: /fly
[16:28:58] [Server thread/INFO]: Twiixtor issued server command: /rain
[16:29:01] [Server thread/INFO]: Twiixtor issued server command: /rain no
[16:29:07] [Server thread/INFO]: giraffe: [Giraffe] Twiixtor
[16:29:54] [Server thread/INFO]: giraffe: [Giraffe] Twiixtor
[16:30:11] [Server thread/INFO]: Twiixtor issued server command: /i sign 1
[16:30:41] [Server thread/INFO]: giraffe: [Giraffe] Twiixtor
[16:30:49] [Server thread/INFO]: Twiixtor issued server command: /i sign 1
[16:31:27] [Server thread/INFO]: giraffe: [Giraffe] Twiixtor
[16:32:14] [Server thread/INFO]: giraffe: [Giraffe] Twiixtor
[16:33:00] [Server thread/INFO]: giraffe: [Giraffe] Twiixtor
[16:33:47] [Server thread/INFO]: giraffe: [Giraffe] Twiixtor
[16:34:33] [Server thread/INFO]: giraffe: [Giraffe] Twiixtor
[16:35:20] [Server thread/INFO]: giraffe: [Giraffe] Twiixtor
[16:36:06] [Server thread/INFO]: giraffe: [Giraffe] Twiixtor
[16:36:37] [Server thread/INFO]: Twiixtor issued server command: /speed 2
[16:37:18] [Server thread/INFO]: Twiixtor issued server command: //thaw 10
[16:37:26] [Server thread/INFO]: Twiixtor issued server command: //thaw 100
[16:37:34] [Server thread/INFO]: giraffe: [Giraffe] Twiixtor
[16:37:40] [Server thread/INFO]: Twiixtor issued server command: /tp Twiixtor 282 112 -1322
[16:37:40] [Server thread/INFO]: Twiixtor issued server command: /tppos 282 112 -1322
[16:37:43] [Server thread/INFO]: Twiixtor issued server command: //thaw 400
[16:38:09] [Server thread/INFO]: Twiixtor issued server command: //thaw 50
[16:38:11] [Server thread/INFO]: Twiixtor issued server command: //thaw 50
[16:38:20] [Server thread/INFO]: Twiixtor issued server command: /tp Twiixtor 293 90 -1266
[16:38:20] [Server thread/INFO]: Twiixtor issued server command: /tppos 293 90 -1266
[16:38:21] [Server thread/INFO]: giraffe: [Giraffe] Twiixtor
[16:38:27] [Server thread/INFO]: Twiixtor issued server command: //thaw 50
[16:38:28] [Server thread/INFO]: Twiixtor left the game.
[16:38:43] [Server thread/INFO]: Twiixtor issued server command: /thaw 10
[16:38:46] [Server thread/INFO]: Twiixtor issued server command: /fly
[16:38:49] [Server thread/INFO]: Twiixtor issued server command: /gm 1
[16:39:07] [Server thread/INFO]: giraffe: [Giraffe] Twiixtor
[16:39:22] [Server thread/INFO]: Twiixtor issued server command: //wand
[16:39:54] [Server thread/INFO]: giraffe: [Giraffe] Twiixtor
[16:40:00] [Server thread/INFO]: Twiixtor issued server command: //setbiome
[16:40:14] [Server thread/INFO]: Twiixtor issued server command: //setbiome FOREST
[16:40:23] [Server thread/INFO]: Twiixtor left the game.
[16:40:41] [Server thread/INFO]: giraffe: [Giraffe] Twiixtor
[16:41:24] [Server thread/INFO]: Twiixtor issued server command: //setbiome FOREST
[16:41:27] [Server thread/INFO]: Twiixtor left the game.
[16:41:35] [Server thread/INFO]: Twiixtor issued server command: /speed 3
[16:42:07] [Server thread/INFO]: Twiixtor issued server command: //setbiome FOREST
[16:42:09] [Server thread/INFO]: Twiixtor left the game.
[16:42:20] [Server thread/INFO]: Twiixtor issued server command: /speed 2
[16:42:48] [Server thread/INFO]: Twiixtor issued server command: /time day
[16:42:49] [Server thread/INFO]: Twiixtor issued server command: /butcher
[16:43:00] [Server thread/INFO]: giraffe: [Giraffe] Twiixtor
[16:43:30] [Server thread/INFO]: Twiixtor issued server command: /gm 0
[16:43:31] [Server thread/INFO]: Twiixtor issued server command: /fly
[16:43:47] [Server thread/INFO]: giraffe: [Giraffe] Twiixtor
[16:43:57] [Server thread/INFO]: Twiixtor issued server command: /gm 1
[16:44:33] [Server thread/INFO]: giraffe: [Giraffe] Twiixtor
[16:45:20] [Server thread/INFO]: giraffe: [Giraffe] Twiixtor
[16:46:06] [Server thread/INFO]: giraffe: [Giraffe] Twiixtor
[16:47:29] [Server thread/INFO]: Twiixtor issued server command: /sv
[16:47:34] [Server thread/INFO]: giraffe: [HIDDEN][Giraffe] Twiixtor
[16:47:50] [Server thread/INFO]: Twiixtor issued server command: //set grass
[16:47:51] [Server thread/INFO]: Twiixtor issued server command: /top
[16:48:21] [Server thread/INFO]: giraffe: [HIDDEN][Giraffe] Twiixtor
[16:48:23] [Server thread/INFO]: Twiixtor issued server command: //set grass
[16:48:43] [Server thread/INFO]: Twiixtor issued server command: //set grass
[16:49:07] [Server thread/INFO]: giraffe: [HIDDEN][Giraffe] Twiixtor
[16:49:08] [Server thread/INFO]: Twiixtor issued server command: /top
[16:49:12] [Server thread/INFO]: Twiixtor issued server command: /sv
[16:49:54] [Server thread/INFO]: giraffe: [Giraffe] Twiixtor
[16:50:41] [Server thread/INFO]: giraffe: [Giraffe] Twiixtor
[16:50:56] [Server thread/INFO]: Twiixtor issued server command: /gm 0
[16:51:01] [Server thread/INFO]: Twiixtor issued server command: /fly
[16:51:09] [Server thread/INFO]: Twiixtor issued server command: /gm 1
[16:51:27] [Server thread/INFO]: giraffe: [Giraffe] Twiixtor
[16:52:14] [Server thread/INFO]: giraffe: [Giraffe] Twiixtor
[16:52:43] [Server thread/INFO]: Twiixtor issued server command: //set 0
[16:52:54] [Server thread/INFO]: Twiixtor issued server command: //set 1
[16:52:58] [Server thread/INFO]: Twiixtor issued server command: //set 1
[16:53:00] [Server thread/INFO]: giraffe: [Giraffe] Twiixtor
[16:53:47] [Server thread/INFO]: giraffe: [Giraffe] Twiixtor
[16:54:19] [Server thread/INFO]: Twiixtor issued server command: //set 0
[16:54:33] [Server thread/INFO]: giraffe: [Giraffe] Twiixtor
[16:54:36] [Server thread/INFO]: Twiixtor issued server command: //stack 1
[16:54:41] [Server thread/INFO]: Twiixtor issued server command: /speed 1
[16:55:11] [Server thread/INFO]: Twiixtor issued server command: //cut
[16:55:13] [Server thread/INFO]: Twiixtor issued server command: //paste
[16:55:19] [Server thread/INFO]: Twiixtor issued server command: //set gravel
[16:55:20] [Server thread/INFO]: giraffe: [Giraffe] Twiixtor
[16:56:06] [Server thread/INFO]: giraffe: [Giraffe] Twiixtor
[16:57:34] [Server thread/INFO]: giraffe: [Giraffe] Twiixtor
[16:58:21] [Server thread/INFO]: giraffe: [Giraffe] Twiixtor
[16:59:07] [Server thread/INFO]: giraffe: [Giraffe] Twiixtor
[16:59:54] [Server thread/INFO]: giraffe: [Giraffe] Twiixtor
[17:00:41] [Server thread/INFO]: giraffe: [Giraffe] Twiixtor
[17:01:02] [Server thread/INFO]: Twiixtor issued server command: //cut
[17:01:07] [Server thread/INFO]: Twiixtor issued server command: //paste
[17:01:27] [Server thread/INFO]: giraffe: [Giraffe] Twiixtor
[17:02:14] [Server thread/INFO]: giraffe: [Giraffe] Twiixtor
[17:02:48] [Server thread/INFO]: Twiixtor issued server command: /i woodslab 1
[17:03:00] [Server thread/INFO]: giraffe: [Giraffe] Twiixtor
[17:03:47] [Server thread/INFO]: giraffe: [Giraffe] Twiixtor
[17:04:33] [Server thread/INFO]: giraffe: [Giraffe] Twiixtor
[17:05:20] [Server thread/INFO]: giraffe: [Giraffe] Twiixtor
[17:05:40] [Server thread/INFO]: Twiixtor issued server command: /butcher
[17:06:06] [Server thread/INFO]: giraffe: [Giraffe] Twiixtor
[17:07:34] [Server thread/INFO]: giraffe: [Giraffe] Twiixtor
[17:08:21] [Server thread/INFO]: giraffe: [Giraffe] Twiixtor
[17:09:07] [Server thread/INFO]: giraffe: [Giraffe] Twiixtor
[17:09:13] [Server thread/INFO]: Twiixtor issued server command: /time night
[17:09:17] [Server thread/INFO]: Twiixtor issued server command: /i torch 1
[17:09:54] [Server thread/INFO]: giraffe: [Giraffe] Twiixtor
[17:10:05] [Server thread/INFO]: Twiixtor issued server command: /i torch 23
[17:10:41] [Server thread/INFO]: giraffe: [Giraffe] Twiixtor
[17:10:45] [Server thread/INFO]: Twiixtor issued server command: //wand
[17:10:52] [Server thread/INFO]: Twiixtor issued server command: //expand 3 down
[17:10:53] [Server thread/INFO]: Twiixtor issued server command: //set 0
[17:10:57] [Server thread/INFO]: Twiixtor issued server command: //expand 5 down
[17:10:58] [Server thread/INFO]: Twiixtor issued server command: //set 0
[17:11:27] [Server thread/INFO]: giraffe: [Giraffe] Twiixtor
[17:12:00] [Server thread/INFO]: Twiixtor issued server command: //set 1
[17:12:14] [Server thread/INFO]: giraffe: [Giraffe] Twiixtor
[17:13:00] [Server thread/INFO]: giraffe: [Giraffe] Twiixtor
[17:13:47] [Server thread/INFO]: giraffe: [Giraffe] Twiixtor
[17:13:56] [Server thread/INFO]: Twiixtor issued server command: //set wood
[17:14:19] [Server thread/INFO]: Twiixtor issued server command: /thru
[17:14:32] [Server thread/INFO]: Twiixtor issued server command: /thru
[17:14:33] [Server thread/INFO]: giraffe: [Giraffe] Twiixtor
[17:15:20] [Server thread/INFO]: giraffe: [Giraffe] Twiixtor
[17:15:35] [Server thread/INFO]: Twiixtor issued server command: /thaw 10
[17:16:06] [Server thread/INFO]: giraffe: [Giraffe] Twiixtor
[17:17:34] [Server thread/INFO]: giraffe: [Giraffe] Twiixtor
[17:17:47] [Server thread/INFO]: Twiixtor issued server command: //set 0
[17:17:58] [Server thread/INFO]: Twiixtor issued server command: //set 0
[17:18:21] [Server thread/INFO]: giraffe: [Giraffe] Twiixtor
[17:19:07] [Server thread/INFO]: giraffe: [Giraffe] Twiixtor
[17:19:54] [Server thread/INFO]: giraffe: [Giraffe] Twiixtor
[17:20:10] [Server thread/INFO]: Twiixtor issued server command: /i sign 1
[17:20:41] [Server thread/INFO]: giraffe: [Giraffe] Twiixtor
[17:21:27] [Server thread/INFO]: giraffe: [Giraffe] Twiixtor
[17:22:14] [Server thread/INFO]: giraffe: [Giraffe] Twiixtor
[17:22:55] [Server thread/INFO]: Twiixtor issued server command: /time night
[17:23:00] [Server thread/INFO]: giraffe: [Giraffe] Twiixtor
[17:23:34] [Server thread/INFO]: Twiixtor issued server command: /thru
[17:23:47] [Server thread/INFO]: giraffe: [Giraffe] Twiixtor
[17:24:33] [Server thread/INFO]: giraffe: [Giraffe] Twiixtor
[17:24:50] [Server thread/INFO]: Twiixtor issued server command: /i armorstand 2
[17:25:20] [Server thread/INFO]: giraffe: [Giraffe] Twiixtor
[17:26:06] [Server thread/INFO]: giraffe: [Giraffe] Twiixtor
[17:26:13] [Server thread/INFO]: Twiixtor issued server command: /i goldshoes 2
[17:26:40] [Server thread/INFO]: Twiixtor issued server command: /gm 0
[17:27:08] [Server thread/INFO]: Twiixtor issued server command: /fly
[17:27:34] [Server thread/INFO]: giraffe: [Giraffe] Twiixtor
[17:28:15] [Server thread/INFO]: Twiixtor issued server command: /fly
[17:28:21] [Server thread/INFO]: giraffe: [Giraffe] Twiixtor
[17:28:47] [Server thread/INFO]: Twiixtor issued server command: /i gravel 5
[17:29:07] [Server thread/INFO]: giraffe: [Giraffe] Twiixtor
[17:29:54] [Server thread/INFO]: giraffe: [Giraffe] Twiixtor
[17:30:41] [Server thread/INFO]: giraffe: [Giraffe] Twiixtor
[17:31:27] [Server thread/INFO]: giraffe: [Giraffe] Twiixtor
[17:32:14] [Server thread/INFO]: giraffe: [Giraffe] Twiixtor
[17:32:57] [Server thread/INFO]: Twiixtor left the game.
[19:31:08] [Server thread/INFO]: ThunderCS issued server command: /spawn
[19:31:18] [Server thread/INFO]: ThunderCS issued server command: /warp skywars
[19:31:27] [Server thread/INFO]: Staff: [Mod] ThunderCS
[19:32:08] [Server thread/INFO]: ThunderCS left the game.
[22:20:41] [Server thread/INFO]: giraffe: [Giraffe] Twiixtor
[22:20:45] [Server thread/INFO]: Twiixtor issued server command: /fly
[22:21:09] [Server thread/INFO]: Twiixtor issued server command: /i seed 2
[22:21:16] [Server thread/INFO]: Twiixtor issued server command: /home home
[22:21:27] [Server thread/INFO]: giraffe: [Giraffe] Twiixtor
[22:22:14] [Server thread/INFO]: giraffe: [Giraffe] Twiixtor
[22:22:30] [Server thread/INFO]: Twiixtor issued server command: /i chest 1
[22:22:50] [Server thread/INFO]: Twiixtor issued server command: /gm 1
[22:22:53] [Server thread/INFO]: Twiixtor issued server command: /mv tp mg
[22:23:01] [Server thread/INFO]: giraffe: [Giraffe] Twiixtor
[22:23:47] [Server thread/INFO]: giraffe: [Giraffe] Twiixtor
[22:24:08] [Server thread/INFO]: Twiixtor issued server command: /tp Twiixtor 161 4 -969
[22:24:08] [Server thread/INFO]: Twiixtor issued server command: /tppos 161 4 -969
[22:24:11] [Server thread/INFO]: Twiixtor issued server command: /tp Twiixtor 54 4 -1060
[22:24:11] [Server thread/INFO]: Twiixtor issued server command: /tppos 54 4 -1060
[22:24:13] [Server thread/INFO]: Twiixtor issued server command: /tp Twiixtor -100 4 -1063
[22:24:13] [Server thread/INFO]: Twiixtor issued server command: /tppos -100 4 -1063
[22:24:16] [Server thread/INFO]: Twiixtor issued server command: /tp Twiixtor -6 4 -1207
[22:24:16] [Server thread/INFO]: Twiixtor issued server command: /tppos -6 4 -1207
[22:24:20] [Server thread/INFO]: Twiixtor issued server command: /tp Twiixtor 81 4 -1323
[22:24:20] [Server thread/INFO]: Twiixtor issued server command: /tppos 81 4 -1323
[22:24:22] [Server thread/INFO]: Twiixtor issued server command: /tp Twiixtor 289 4 -1083
[22:24:22] [Server thread/INFO]: Twiixtor issued server command: /tppos 289 4 -1083
[22:24:27] [Server thread/INFO]: Twiixtor issued server command: /tp Twiixtor 525 81 -1217
[22:24:27] [Server thread/INFO]: Twiixtor issued server command: /tppos 525 81 -1217
[22:24:31] [Server thread/INFO]: Twiixtor issued server command: /tp Twiixtor 353 92 -1381
[22:24:31] [Server thread/INFO]: Twiixtor issued server command: /tppos 353 92 -1381
[22:24:34] [Server thread/INFO]: giraffe: [Giraffe] Twiixtor
[22:24:34] [Server thread/INFO]: Twiixtor issued server command: /tp Twiixtor 543 72 -1416
[22:24:34] [Server thread/INFO]: Twiixtor issued server command: /tppos 543 72 -1416
[22:24:35] [Server thread/INFO]: Twiixtor issued server command: /tp Twiixtor 151 64 -1466
[22:24:35] [Server thread/INFO]: Twiixtor issued server command: /tppos 151 64 -1466
[22:24:48] [Server thread/INFO]: Twiixtor issued server command: /tp Twiixtor -1430 4 1041
[22:24:48] [Server thread/INFO]: Twiixtor issued server command: /tppos -1430 4 1041
[22:25:14] [Server thread/INFO]: Twiixtor issued server command: /tp Twiixtor -1430 6 1041
[22:25:14] [Server thread/INFO]: Twiixtor issued server command: /tppos -1430 6 1041
[22:25:20] [Server thread/INFO]: giraffe: [Giraffe] Twiixtor
[22:25:54] [Server thread/INFO]: Twiixtor issued server command: //paste
[22:26:19] [Server thread/INFO]: Twiixtor left the game.
[22:30:41] [Server thread/INFO]: giraffe: [Giraffe] Twiixtor
[22:30:45] [Server thread/INFO]: Twiixtor issued server command: /tp Twiixtor -1457 62 1220
[22:30:45] [Server thread/INFO]: Twiixtor issued server command: /tppos -1457 62 1220
[22:31:28] [Server thread/INFO]: giraffe: [Giraffe] Twiixtor
[22:32:07] [Server thread/INFO]: Twiixtor issued server command: /tp Twiixtor -1687 4 1151
[22:32:07] [Server thread/INFO]: Twiixtor issued server command: /tppos -1687 4 1151
[22:32:14] [Server thread/INFO]: giraffe: [Giraffe] Twiixtor
[22:32:34] [Server thread/INFO]: Twiixtor issued server command: //paste
[22:33:35] [Thread-3/INFO]: Stopping server
