[18:38:16] [Server thread/INFO]: Players: [Guest] MrHappyHyena
[18:39:03] [Server thread/INFO]: Players: [Guest] MrHappyHyena
[18:39:49] [Server thread/INFO]: Players: [Guest] MrHappyHyena
[18:40:36] [Server thread/INFO]: Players: [Guest] MrHappyHyena
[18:41:22] [Server thread/INFO]: Players: [Guest] MrHappyHyena
[18:41:47] [Server thread/INFO]: [Server] <jakubbreszka@gmail.com> youre shit
[18:42:09] [Server thread/INFO]: Players: [Guest] MrHappyHyena
[18:42:56] [Server thread/INFO]: Players: [Guest] MrHappyHyena
[18:43:40] [Server thread/INFO]: MrHappyHyena issued server command: /home
[18:43:42] [Server thread/INFO]: Players: [Guest] MrHappyHyena
[18:43:42] [Server thread/INFO]: giraffe: [Giraffe] Twiixtor
[18:44:29] [Server thread/INFO]: Players: [Guest] MrHappyHyena
[18:44:29] [Server thread/INFO]: giraffe: [Giraffe] Twiixtor
[18:44:42] [Server thread/INFO]: Twiixtor left the game.
[18:45:15] [Server thread/INFO]: Players: [Guest] MrHappyHyena
[18:45:15] [Server thread/INFO]: giraffe: [Giraffe] Twiixtor
[18:45:59] [Server thread/INFO]: Twiixtor issued server command: /home home
[18:46:02] [Server thread/INFO]: Players: [Guest] MrHappyHyena
[18:46:02] [Server thread/INFO]: giraffe: [Giraffe] Twiixtor
[18:47:18] [Server thread/INFO]: MrHappyHyena issued server command: /tp twii
[18:47:30] [Server thread/INFO]: Players: [Guest] MrHappyHyena
[18:47:30] [Server thread/INFO]: giraffe: [Giraffe] Twiixtor
[18:48:16] [Server thread/INFO]: Players: [Guest] MrHappyHyena
[18:48:16] [Server thread/INFO]: giraffe: [Giraffe] Twiixtor
[18:48:33] [Server thread/INFO]: Twiixtor issued server command: /home home
[18:49:03] [Server thread/INFO]: Players: [Guest] MrHappyHyena
[18:49:03] [Server thread/INFO]: giraffe: [Giraffe] Twiixtor
[18:49:31] [Server thread/INFO]: MrHappyHyena fell from a high place
[18:49:35] [Server thread/INFO]: MrHappyHyena issued server command: /back
[18:49:49] [Server thread/INFO]: Players: [Guest] MrHappyHyena
[18:49:49] [Server thread/INFO]: giraffe: [Giraffe] Twiixtor
[18:50:01] [Server thread/INFO]: MrHappyHyena issued server command: /fl
[18:50:02] [Server thread/INFO]: MrHappyHyena issued server command: /fly
[18:50:28] [Server thread/INFO]: Twiixtor issued server command: /i coal 127
[18:50:36] [Server thread/INFO]: Players: [Guest] MrHappyHyena
[18:50:36] [Server thread/INFO]: giraffe: [Giraffe] Twiixtor
[18:50:58] [Server thread/INFO]: MrHappyHyena issued server command: /fly
[18:51:18] [Server thread/INFO]: MrHappyHyena issued server command: /sethome 2
[18:51:20] [Server thread/INFO]: MrHappyHyena issued server command: /sethome2
[18:51:22] [Server thread/INFO]: Players: [Guest] MrHappyHyena
[18:51:22] [Server thread/INFO]: giraffe: [Giraffe] Twiixtor
[18:51:26] [Server thread/INFO]: MrHappyHyena issued server command: /sethome bed
[18:51:36] [Server thread/INFO]: MrHappyHyena issued server command: /sethome place
[18:51:40] [Server thread/INFO]: MrHappyHyena issued server command: /home place
[18:51:45] [Server thread/INFO]: MrHappyHyena issued server command: /home
[18:51:50] [Server thread/INFO]: MrHappyHyena issued server command: /home home
[18:52:09] [Server thread/INFO]: Players: [Guest] MrHappyHyena
[18:52:09] [Server thread/INFO]: giraffe: [Giraffe] Twiixtor
[18:52:16] [Server thread/INFO]: MrHappyHyena issued server command: /home place
[18:52:18] [Server thread/INFO]: [Giraffe] Twiixtor: ./delhome
[18:52:24] [Server thread/INFO]: MrHappyHyena issued server command: /home home
[18:52:32] [Server thread/INFO]: MrHappyHyena issued server command: /home place
[18:52:56] [Server thread/INFO]: Players: [Guest] MrHappyHyena
[18:52:56] [Server thread/INFO]: giraffe: [Giraffe] Twiixtor
[18:53:42] [Server thread/INFO]: Players: [Guest] MrHappyHyena
[18:53:42] [Server thread/INFO]: giraffe: [Giraffe] Twiixtor
[18:53:57] [Server thread/INFO]: MrHappyHyena issued server command: /home home
[18:54:10] [Server thread/INFO]: MrHappyHyena issued server command: /home place
[18:54:29] [Server thread/INFO]: Players: [Guest] MrHappyHyena
[18:54:29] [Server thread/INFO]: giraffe: [Giraffe] Twiixtor
[18:55:15] [Server thread/INFO]: Players: [Guest] MrHappyHyena
[18:55:15] [Server thread/INFO]: giraffe: [Giraffe] Twiixtor
[18:56:02] [Server thread/INFO]: Players: [Guest] MrHappyHyena
[18:56:02] [Server thread/INFO]: giraffe: [Giraffe] Twiixtor
[18:57:14] [Server thread/INFO]: MrHappyHyena issued server command: /home home
[18:57:30] [Server thread/INFO]: Players: [Guest] MrHappyHyena
[18:57:30] [Server thread/INFO]: giraffe: [Giraffe] Twiixtor
[18:57:49] [Server thread/INFO]: MrHappyHyena issued server command: /tp twii
[18:58:16] [Server thread/INFO]: Players: [Guest] MrHappyHyena
[18:58:16] [Server thread/INFO]: giraffe: [Giraffe] Twiixtor
[18:58:54] [Server thread/INFO]: MrHappyHyena issued server command: /thome home
[18:58:56] [Server thread/INFO]: MrHappyHyena issued server command: /home home
[18:59:03] [Server thread/INFO]: Players: [Guest] MrHappyHyena
[18:59:03] [Server thread/INFO]: giraffe: [Giraffe] Twiixtor
[18:59:08] [Server thread/INFO]: MrHappyHyena issued server command: /tp twii
[18:59:34] [Server thread/INFO]: MrHappyHyena issued server command: /tp twii
[18:59:49] [Server thread/INFO]: Players: [Guest] MrHappyHyena
[18:59:49] [Server thread/INFO]: giraffe: [Giraffe] Twiixtor
[19:00:34] [Server thread/INFO]: MrHappyHyena issued server command: /tp twii
[19:00:36] [Server thread/INFO]: Players: [Guest] MrHappyHyena
[19:00:36] [Server thread/INFO]: giraffe: [Giraffe] Twiixtor
[19:01:22] [Server thread/INFO]: Players: [Guest] MrHappyHyena
[19:01:22] [Server thread/INFO]: giraffe: [Giraffe] Twiixtor
[19:02:09] [Server thread/INFO]: Players: [Guest] MrHappyHyena
[19:02:09] [Server thread/INFO]: giraffe: [Giraffe] Twiixtor
[19:02:56] [Server thread/INFO]: Players: [Guest] MrHappyHyena
[19:02:56] [Server thread/INFO]: giraffe: [Giraffe] Twiixtor
[19:03:42] [Server thread/INFO]: Players: [Guest] MrHappyHyena
[19:03:42] [Server thread/INFO]: giraffe: [Giraffe] Twiixtor
[19:04:29] [Server thread/INFO]: Players: [Guest] MrHappyHyena
[19:04:29] [Server thread/INFO]: giraffe: [Giraffe] Twiixtor
[19:05:15] [Server thread/INFO]: Players: [Guest] MrHappyHyena
[19:05:15] [Server thread/INFO]: giraffe: [Giraffe] Twiixtor
[19:06:02] [Server thread/INFO]: Players: [Guest] MrHappyHyena
[19:06:02] [Server thread/INFO]: giraffe: [Giraffe] Twiixtor
[19:07:30] [Server thread/INFO]: Players: [Guest] MrHappyHyena
[19:07:30] [Server thread/INFO]: giraffe: [Giraffe] Twiixtor
[19:08:16] [Server thread/INFO]: Players: [Guest] MrHappyHyena
[19:08:16] [Server thread/INFO]: giraffe: [Giraffe] Twiixtor
[19:09:03] [Server thread/INFO]: Players: [Guest] MrHappyHyena
[19:09:03] [Server thread/INFO]: giraffe: [Giraffe] Twiixtor
[19:09:49] [Server thread/INFO]: Players: [Guest] MrHappyHyena
[19:09:49] [Server thread/INFO]: giraffe: [Giraffe] Twiixtor
[19:10:36] [Server thread/INFO]: Players: [Guest] MrHappyHyena
[19:10:36] [Server thread/INFO]: giraffe: [Giraffe] Twiixtor
[19:11:22] [Server thread/INFO]: Players: [Guest] MrHappyHyena
[19:11:22] [Server thread/INFO]: giraffe: [Giraffe] Twiixtor
[19:12:09] [Server thread/INFO]: Players: [Guest] MrHappyHyena
[19:12:09] [Server thread/INFO]: giraffe: [Giraffe] Twiixtor
[19:12:56] [Server thread/INFO]: Players: [Guest] MrHappyHyena
[19:12:56] [Server thread/INFO]: giraffe: [Giraffe] Twiixtor
[19:13:42] [Server thread/INFO]: Players: [Guest] MrHappyHyena
[19:13:42] [Server thread/INFO]: giraffe: [Giraffe] Twiixtor
[19:14:29] [Server thread/INFO]: Players: [Guest] MrHappyHyena
[19:14:29] [Server thread/INFO]: giraffe: [Giraffe] Twiixtor
[19:15:15] [Server thread/INFO]: Players: [Guest] MrHappyHyena
[19:15:15] [Server thread/INFO]: giraffe: [Giraffe] Twiixtor
[19:16:02] [Server thread/INFO]: Players: [Guest] MrHappyHyena
[19:16:02] [Server thread/INFO]: giraffe: [Giraffe] Twiixtor
[19:17:30] [Server thread/INFO]: Players: [Guest] MrHappyHyena
[19:17:30] [Server thread/INFO]: giraffe: [Giraffe] Twiixtor
[19:18:16] [Server thread/INFO]: Players: [Guest] MrHappyHyena
[19:18:16] [Server thread/INFO]: giraffe: [Giraffe] Twiixtor
[19:19:03] [Server thread/INFO]: Players: [Guest] MrHappyHyena
[19:19:03] [Server thread/INFO]: giraffe: [Giraffe] Twiixtor
[19:19:49] [Server thread/INFO]: Players: [Guest] MrHappyHyena
[19:19:49] [Server thread/INFO]: giraffe: [Giraffe] Twiixtor
[19:20:36] [Server thread/INFO]: Players: [Guest] MrHappyHyena
[19:20:36] [Server thread/INFO]: giraffe: [Giraffe] Twiixtor
[19:21:22] [Server thread/INFO]: Players: [Guest] MrHappyHyena
[19:21:22] [Server thread/INFO]: giraffe: [Giraffe] Twiixtor
[19:22:09] [Server thread/INFO]: Players: [Guest] MrHappyHyena
[19:22:09] [Server thread/INFO]: giraffe: [Giraffe] Twiixtor
[19:22:50] [Server thread/INFO]: MrHappyHyena issued server command: /home
[19:22:53] [Server thread/INFO]: Twiixtor issued server command: /home home
[19:22:54] [Server thread/INFO]: MrHappyHyena issued server command: /home home
[19:22:56] [Server thread/INFO]: Players: [Guest] MrHappyHyena
[19:22:56] [Server thread/INFO]: giraffe: [Giraffe] Twiixtor
[19:22:58] [Server thread/INFO]: Twiixtor issued server command: /tp hye
[19:23:06] [Server thread/INFO]: MrHappyHyena issued server command: /tp twii
[19:23:42] [Server thread/INFO]: Players: [Guest] MrHappyHyena
[19:23:42] [Server thread/INFO]: giraffe: [Giraffe] Twiixtor
[19:24:01] [Server thread/INFO]: Twiixtor issued server command: /home home
[19:24:29] [Server thread/INFO]: Players: [Guest] MrHappyHyena
[19:24:29] [Server thread/INFO]: giraffe: [Giraffe] Twiixtor
[19:25:01] [Server thread/INFO]: Twiixtor issued server command: /tp hye
[19:25:15] [Server thread/INFO]: Players: [Guest] MrHappyHyena
[19:25:15] [Server thread/INFO]: giraffe: [Giraffe] Twiixtor
[19:25:24] [Server thread/INFO]: Twiixtor issued server command: /home 1
[19:25:33] [Server thread/INFO]: Twiixtor issued server command: /home home
[19:25:34] [Server thread/INFO]: MrHappyHyena issued server command: /tp twiio
[19:26:02] [Server thread/INFO]: Players: [Guest] MrHappyHyena
[19:26:02] [Server thread/INFO]: giraffe: [Giraffe] Twiixtor
[19:26:30] [Server thread/INFO]: MrHappyHyena issued server command: /fl
[19:26:31] [Server thread/INFO]: MrHappyHyena issued server command: /fly
[19:26:38] [Server thread/INFO]: MrHappyHyena issued server command: /fky
[19:26:39] [Server thread/INFO]: MrHappyHyena issued server command: /fly
[19:27:30] [Server thread/INFO]: Players: [Guest] MrHappyHyena
[19:27:30] [Server thread/INFO]: giraffe: [Giraffe] Twiixtor
[19:28:04] [Server thread/INFO]: MrHappyHyena issued server command: /home home
[19:28:09] [Server thread/INFO]: MrHappyHyena issued server command: /tp tplace
[19:28:11] [Server thread/INFO]: MrHappyHyena issued server command: /home place
[19:28:16] [Server thread/INFO]: Players: [Guest] MrHappyHyena
[19:28:16] [Server thread/INFO]: giraffe: [Giraffe] Twiixtor
[19:29:03] [Server thread/INFO]: Players: [Guest] MrHappyHyena
[19:29:03] [Server thread/INFO]: giraffe: [Giraffe] Twiixtor
[19:29:10] [Server thread/INFO]: MrHappyHyena issued server command: /fly
[19:29:50] [Server thread/INFO]: Players: [Guest] MrHappyHyena
[19:29:50] [Server thread/INFO]: giraffe: [Giraffe] Twiixtor
[19:30:06] [Server thread/INFO]: Twiixtor issued server command: /top
[19:30:11] [Server thread/INFO]: Twiixtor issued server command: /home home
[19:30:37] [Server thread/INFO]: Players: [Guest] MrHappyHyena
[19:30:37] [Server thread/INFO]: giraffe: [Giraffe] Twiixtor
[19:31:23] [Server thread/INFO]: Players: [Guest] MrHappyHyena
[19:31:23] [Server thread/INFO]: giraffe: [Giraffe] Twiixtor
[19:32:10] [Server thread/INFO]: Players: [Guest] MrHappyHyena
[19:32:10] [Server thread/INFO]: giraffe: [Giraffe] Twiixtor
[19:32:14] [Server thread/INFO]: MrHappyHyena issued server command: /home home
[19:32:30] [Server thread/INFO]: Twiixtor issued server command: /mvp
[19:32:42] [Server thread/INFO]: MrHappyHyena issued server command: /home place
[19:32:57] [Server thread/INFO]: Players: [Guest] MrHappyHyena
[19:32:57] [Server thread/INFO]: giraffe: [Giraffe] Twiixtor
[19:33:01] [Server thread/INFO]: Twiixtor issued server command: /top
[19:33:05] [Server thread/INFO]: Twiixtor issued server command: /home home
[19:33:43] [Server thread/INFO]: Players: [Guest] MrHappyHyena
[19:33:43] [Server thread/INFO]: giraffe: [Giraffe] Twiixtor
[19:34:30] [Server thread/INFO]: Players: [Guest] MrHappyHyena
[19:34:30] [Server thread/INFO]: giraffe: [Giraffe] Twiixtor
[19:35:10] [Server thread/INFO]: Twiixtor issued server command: /mv tp survival_nether
[19:35:16] [Server thread/INFO]: Players: [Guest] MrHappyHyena
[19:35:16] [Server thread/INFO]: giraffe: [Giraffe] Twiixtor
[19:35:17] [Server thread/INFO]: Twiixtor issued server command: /top
[19:35:22] [Server thread/INFO]: Twiixtor issued server command: /extinguish
[19:35:26] [Server thread/INFO]: Twiixtor issued server command: /heal
[19:35:31] [Server thread/INFO]: Twiixtor issued server command: /god
[19:35:33] [Server thread/INFO]: Twiixtor issued server command: /descend
[19:36:03] [Server thread/INFO]: Players: [Guest] MrHappyHyena
[19:36:03] [Server thread/INFO]: giraffe: [Giraffe] Twiixtor
[19:36:13] [Server thread/INFO]: [Giraffe] Twiixtor: mv tp
[19:36:16] [Server thread/INFO]: Twiixtor issued server command: /mv tp
[19:36:22] [Server thread/INFO]: Twiixtor issued server command: /mv survival
[19:36:26] [Server thread/INFO]: Twiixtor issued server command: /mv tp survival
[19:37:30] [Server thread/INFO]: Players: [Guest] MrHappyHyena
[19:37:30] [Server thread/INFO]: giraffe: [Giraffe] Twiixtor
[19:37:38] [Server thread/INFO]: Twiixtor issued server command: /tp hap
[19:38:16] [Server thread/INFO]: Players: [Guest] MrHappyHyena
[19:38:16] [Server thread/INFO]: giraffe: [Giraffe] Twiixtor
[19:39:03] [Server thread/INFO]: Players: [Guest] MrHappyHyena
[19:39:03] [Server thread/INFO]: giraffe: [Giraffe] Twiixtor
[19:39:40] [Server thread/INFO]: Twiixtor issued server command: /mvnp
[19:39:43] [Server thread/INFO]: Twiixtor issued server command: /mvnp link
[19:39:49] [Server thread/INFO]: Players: [Guest] MrHappyHyena
[19:39:49] [Server thread/INFO]: giraffe: [Giraffe] Twiixtor
[19:40:05] [Server thread/INFO]: Twiixtor issued server command: /mvnp link survival survival_nether
[19:40:09] [Server thread/INFO]: MrHappyHyena issued server command: /tp twii
[19:40:20] [Server thread/INFO]: Twiixtor issued server command: /mvnp link nether hyena survival_nether
[19:40:25] [Server thread/INFO]: Twiixtor issued server command: /home home
[19:40:36] [Server thread/INFO]: Players: [Guest] MrHappyHyena
[19:40:36] [Server thread/INFO]: giraffe: [Giraffe] Twiixtor
[19:41:22] [Server thread/INFO]: Players: [Guest] MrHappyHyena
[19:41:22] [Server thread/INFO]: giraffe: [Giraffe] Twiixtor
[19:41:49] [Server thread/INFO]: MrHappyHyena issued server command: /home home
[19:41:53] [Server thread/INFO]: MrHappyHyena issued server command: /home place
[19:42:07] [Server thread/INFO]: MrHappyHyena issued server command: /day
[19:42:09] [Server thread/INFO]: Players: [Guest] MrHappyHyena
[19:42:09] [Server thread/INFO]: giraffe: [Giraffe] Twiixtor
[19:42:56] [Server thread/INFO]: Players: [Guest] MrHappyHyena
[19:42:56] [Server thread/INFO]: giraffe: [Giraffe] Twiixtor
[19:43:02] [Server thread/INFO]: Twiixtor issued server command: /descend
[19:43:05] [Server thread/INFO]: Twiixtor issued server command: /fly
[19:43:25] [Server thread/INFO]: Twiixtor issued server command: /fly
[19:43:30] [Server thread/INFO]: Twiixtor issued server command: /gm 1
[19:43:42] [Server thread/INFO]: Players: [Guest] MrHappyHyena
[19:43:42] [Server thread/INFO]: giraffe: [Giraffe] Twiixtor
[19:44:23] [Server thread/INFO]: Twiixtor issued server command: /back
[19:44:29] [Server thread/INFO]: Twiixtor issued server command: /descend
[19:44:29] [Server thread/INFO]: Players: [Guest] MrHappyHyena
[19:44:29] [Server thread/INFO]: giraffe: [Giraffe] Twiixtor
[19:44:30] [Server thread/INFO]: Twiixtor issued server command: /descend
[19:44:31] [Server thread/INFO]: Twiixtor issued server command: /descend
[19:44:32] [Server thread/INFO]: Twiixtor issued server command: /descend
[19:44:33] [Server thread/INFO]: Twiixtor issued server command: /home home
[19:45:19] [Server thread/INFO]: Players: [Guest] MrHappyHyena
[19:45:19] [Server thread/INFO]: giraffe: [Giraffe] Twiixtor
[19:45:19] [Server thread/INFO]: [Guest] MrHappyHyena: hello
[19:45:19] [Server thread/INFO]: [Guest] MrHappyHyena: helo
[19:45:20] [Server thread/INFO]: [Guest] MrHappyHyena: helo
[19:45:42] [Server thread/INFO]: Twiixtor issued server command: /home home
[19:45:53] [Server thread/INFO]: Twiixtor issued server command: /gm 0
[19:46:02] [Server thread/INFO]: Players: [Guest] MrHappyHyena
[19:46:02] [Server thread/INFO]: giraffe: [Giraffe] Twiixtor
[19:47:12] [Server thread/INFO]: Twiixtor issued server command: /tp h
[19:47:30] [Server thread/INFO]: Players: [Guest] MrHappyHyena
[19:47:30] [Server thread/INFO]: giraffe: [Giraffe] Twiixtor
[19:47:37] [Server thread/INFO]: Twiixtor issued server command: /god
[19:47:38] [Server thread/INFO]: Twiixtor issued server command: /fly
[19:48:03] [Server thread/INFO]: Twiixtor issued server command: /fly
[19:48:16] [Server thread/INFO]: Players: [Guest] MrHappyHyena
[19:48:16] [Server thread/INFO]: giraffe: [Giraffe] Twiixtor
[19:49:03] [Server thread/INFO]: Players: [Guest] MrHappyHyena
[19:49:03] [Server thread/INFO]: giraffe: [Giraffe] Twiixtor
[19:49:46] [Server thread/INFO]: Twiixtor issued server command: /tp mr
[19:49:49] [Server thread/INFO]: Players: [Guest] MrHappyHyena
[19:49:49] [Server thread/INFO]: giraffe: [Giraffe] Twiixtor
[19:50:17] [Server thread/INFO]: Twiixtor issued server command: /tp hyr
[19:50:18] [Server thread/INFO]: Twiixtor issued server command: /tp hye
[19:50:36] [Server thread/INFO]: Players: [Guest] MrHappyHyena
[19:50:36] [Server thread/INFO]: giraffe: [Giraffe] Twiixtor
[19:51:02] [Server thread/INFO]: Twiixtor issued server command: /home home
[19:51:22] [Server thread/INFO]: Players: [Guest] MrHappyHyena
[19:51:22] [Server thread/INFO]: giraffe: [Giraffe] Twiixtor
[19:52:09] [Server thread/INFO]: Players: [Guest] MrHappyHyena
[19:52:09] [Server thread/INFO]: giraffe: [Giraffe] Twiixtor
[19:52:56] [Server thread/INFO]: Players: [Guest] MrHappyHyena
[19:52:56] [Server thread/INFO]: giraffe: [Giraffe] Twiixtor
[19:53:42] [Server thread/INFO]: Players: [Guest] MrHappyHyena
[19:53:42] [Server thread/INFO]: giraffe: [Giraffe] Twiixtor
[19:54:01] [Server thread/INFO]: Twiixtor issued server command: /home home
[19:54:29] [Server thread/INFO]: Players: [Guest] MrHappyHyena
[19:54:29] [Server thread/INFO]: giraffe: [Giraffe] Twiixtor
[19:55:15] [Server thread/INFO]: Players: [Guest] MrHappyHyena
[19:55:15] [Server thread/INFO]: giraffe: [Giraffe] Twiixtor
[19:56:02] [Server thread/INFO]: Players: [Guest] MrHappyHyena
[19:56:02] [Server thread/INFO]: giraffe: [Giraffe] Twiixtor
[19:56:31] [Server thread/INFO]: Twiixtor issued server command: /gm 1
[19:56:45] [Server thread/INFO]: Twiixtor issued server command: /gm 0
[19:56:47] [Server thread/INFO]: Twiixtor issued server command: /home home
[19:57:30] [Server thread/INFO]: Players: [Guest] MrHappyHyena
[19:57:30] [Server thread/INFO]: giraffe: [Giraffe] Twiixtor
[19:58:16] [Server thread/INFO]: Players: [Guest] MrHappyHyena
[19:58:16] [Server thread/INFO]: giraffe: [Giraffe] Twiixtor
[19:58:37] [Server thread/INFO]: MrHappyHyena issued server command: /tp twii
[19:59:01] [Server thread/INFO]: MrHappyHyena issued server command: /home place
[19:59:03] [Server thread/INFO]: Players: [Guest] MrHappyHyena
[19:59:03] [Server thread/INFO]: giraffe: [Giraffe] Twiixtor
[19:59:20] [Server thread/INFO]: Twiixtor issued server command: /home home
[19:59:49] [Server thread/INFO]: Players: [Guest] MrHappyHyena
[19:59:49] [Server thread/INFO]: giraffe: [Giraffe] Twiixtor
[20:00:36] [Server thread/INFO]: Players: [Guest] MrHappyHyena
[20:00:36] [Server thread/INFO]: giraffe: [Giraffe] Twiixtor
[20:01:22] [Server thread/INFO]: Players: [Guest] MrHappyHyena
[20:01:22] [Server thread/INFO]: giraffe: [Giraffe] Twiixtor
[20:02:09] [Server thread/INFO]: Players: [Guest] MrHappyHyena
[20:02:09] [Server thread/INFO]: giraffe: [Giraffe] Twiixtor
[20:02:56] [Server thread/INFO]: Players: [Guest] MrHappyHyena
[20:02:56] [Server thread/INFO]: giraffe: [Giraffe] Twiixtor
[20:03:42] [Server thread/INFO]: Players: [Guest] MrHappyHyena
[20:03:42] [Server thread/INFO]: giraffe: [Giraffe] Twiixtor
[20:04:29] [Server thread/INFO]: Players: [Guest] MrHappyHyena
[20:04:29] [Server thread/INFO]: giraffe: [Giraffe] Twiixtor
[20:05:15] [Server thread/INFO]: Players: [Guest] MrHappyHyena
[20:05:15] [Server thread/INFO]: giraffe: [Giraffe] Twiixtor
[20:06:02] [Server thread/INFO]: Players: [Guest] MrHappyHyena
[20:06:02] [Server thread/INFO]: giraffe: [Giraffe] Twiixtor
[20:07:30] [Server thread/INFO]: Players: [Guest] MrHappyHyena
[20:07:30] [Server thread/INFO]: giraffe: [Giraffe] Twiixtor
[20:07:40] [Server thread/INFO]: Twiixtor issued server command: /i dirt 20
[20:07:54] [Server thread/INFO]: Twiixtor issued server command: /home home
[20:08:03] [Server thread/INFO]: Twiixtor issued server command: /back
[20:08:09] [Server thread/INFO]: Twiixtor issued server command: /tp hyr
[20:08:10] [Server thread/INFO]: Twiixtor issued server command: /tp hy
[20:08:17] [Server thread/INFO]: Players: [Guest] MrHappyHyena
[20:08:17] [Server thread/INFO]: giraffe: [Giraffe] Twiixtor
[20:08:54] [Server thread/INFO]: Twiixtor issued server command: /home home
[20:09:03] [Server thread/INFO]: Players: [Guest] MrHappyHyena
[20:09:03] [Server thread/INFO]: giraffe: [Giraffe] Twiixtor
[20:09:50] [Server thread/INFO]: Players: [Guest] MrHappyHyena
[20:09:50] [Server thread/INFO]: giraffe: [Giraffe] Twiixtor
[20:10:36] [Server thread/INFO]: Players: [Guest] MrHappyHyena
[20:10:36] [Server thread/INFO]: giraffe: [Giraffe] Twiixtor
[20:11:23] [Server thread/INFO]: Players: [Guest] MrHappyHyena
[20:11:23] [Server thread/INFO]: giraffe: [Giraffe] Twiixtor
[20:11:27] [Server thread/INFO]: Twiixtor issued server command: /tp Twiixtor 410 64 -1393
[20:11:27] [Server thread/INFO]: Twiixtor issued server command: /tppos 410 64 -1393
[20:12:09] [Server thread/INFO]: Players: [Guest] MrHappyHyena
[20:12:09] [Server thread/INFO]: giraffe: [Giraffe] Twiixtor
[20:12:53] [Server thread/INFO]: Twiixtor issued server command: /sethome reed
[20:12:54] [Server thread/INFO]: Twiixtor issued server command: /tp hye
[20:12:56] [Server thread/INFO]: Players: [Guest] MrHappyHyena
[20:12:56] [Server thread/INFO]: giraffe: [Giraffe] Twiixtor
[20:13:11] [Server thread/INFO]: Twiixtor issued server command: /fly
[20:13:12] [Server thread/INFO]: Twiixtor issued server command: /speed 2
[20:13:43] [Server thread/INFO]: Players: [Guest] MrHappyHyena
[20:13:43] [Server thread/INFO]: giraffe: [Giraffe] Twiixtor
[20:14:29] [Server thread/INFO]: Players: [Guest] MrHappyHyena
[20:14:29] [Server thread/INFO]: giraffe: [Giraffe] Twiixtor
[20:15:16] [Server thread/INFO]: Players: [Guest] MrHappyHyena
[20:15:16] [Server thread/INFO]: giraffe: [Giraffe] Twiixtor
[20:16:02] [Server thread/INFO]: Players: [Guest] MrHappyHyena
[20:16:02] [Server thread/INFO]: giraffe: [Giraffe] Twiixtor
[20:17:03] [Server thread/INFO]: MrHappyHyena issued server command: /day
[20:17:07] [Server thread/INFO]: MrHappyHyena issued server command: /rain no
[20:17:31] [Server thread/INFO]: Players: [Guest] MrHappyHyena
[20:17:31] [Server thread/INFO]: giraffe: [Giraffe] Twiixtor
[20:18:17] [Server thread/INFO]: Players: [Guest] MrHappyHyena
[20:18:17] [Server thread/INFO]: giraffe: [Giraffe] Twiixtor
[20:19:04] [Server thread/INFO]: Players: [Guest] MrHappyHyena
[20:19:04] [Server thread/INFO]: giraffe: [Giraffe] Twiixtor
[20:19:50] [Server thread/INFO]: Players: [Guest] MrHappyHyena
[20:19:50] [Server thread/INFO]: giraffe: [Giraffe] Twiixtor
[20:20:36] [Server thread/INFO]: Twiixtor issued server command: /mv tp mg
[20:20:37] [Server thread/INFO]: Players: [Guest] MrHappyHyena
[20:20:37] [Server thread/INFO]: giraffe: [Giraffe] Twiixtor
[20:20:49] [Server thread/INFO]: Twiixtor issued server command: /tp Twiixtor -1485 10 1037
[20:20:49] [Server thread/INFO]: Twiixtor issued server command: /tppos -1485 10 1037
[20:21:08] [Server thread/INFO]: Twiixtor issued server command: /tp Twiixtor -54 5 -80
[20:21:08] [Server thread/INFO]: Twiixtor issued server command: /tppos -54 5 -80
[20:21:11] [Server thread/INFO]: Twiixtor issued server command: /tp Twiixtor 161 3 19
[20:21:12] [Server thread/INFO]: Twiixtor issued server command: /tppos 161 3 19
[20:21:17] [Server thread/INFO]: Twiixtor issued server command: /tp Twiixtor 282 4 72
[20:21:17] [Server thread/INFO]: Twiixtor issued server command: /tppos 282 4 72
[20:21:21] [Server thread/INFO]: Twiixtor issued server command: /tp Twiixtor 304 4 136
[20:21:21] [Server thread/INFO]: Twiixtor issued server command: /tppos 304 4 136
[20:21:24] [Server thread/INFO]: Players: [Guest] MrHappyHyena
[20:21:24] [Server thread/INFO]: giraffe: [Giraffe] Twiixtor
[20:21:42] [Server thread/INFO]: Twiixtor issued server command: /tp Twiixtor 296 4 163
[20:21:42] [Server thread/INFO]: Twiixtor issued server command: /tppos 296 4 163
[20:22:08] [Server thread/INFO]: Twiixtor issued server command: /i sign 1
[20:22:10] [Server thread/INFO]: Players: [Guest] MrHappyHyena
[20:22:10] [Server thread/INFO]: giraffe: [Giraffe] Twiixtor
[20:22:57] [Server thread/INFO]: Players: [Guest] MrHappyHyena
[20:22:57] [Server thread/INFO]: giraffe: [Giraffe] Twiixtor
[20:23:06] [Server thread/INFO]: Twiixtor issued server command: /tp hye
[20:23:21] [Server thread/INFO]: Twiixtor issued server command: /fly
[20:23:43] [Server thread/INFO]: Players: [Guest] MrHappyHyena
[20:23:43] [Server thread/INFO]: giraffe: [Giraffe] Twiixtor
[20:23:47] [Server thread/INFO]: Twiixtor issued server command: /tp Twiixtor 407 68 -1394
[20:23:47] [Server thread/INFO]: Twiixtor issued server command: /tppos 407 68 -1394
[20:24:30] [Server thread/INFO]: Players: [Guest] MrHappyHyena
[20:24:30] [Server thread/INFO]: giraffe: [Giraffe] Twiixtor
[20:24:31] [Server thread/INFO]: Twiixtor issued server command: /home
[20:24:35] [Server thread/INFO]: Twiixtor issued server command: /delhome reed
[20:24:37] [Server thread/INFO]: Twiixtor issued server command: /home hyena
[20:24:42] [Server thread/INFO]: Twiixtor issued server command: /delhome
[20:24:44] [Server thread/INFO]: Twiixtor issued server command: /home
[20:24:46] [Server thread/INFO]: Twiixtor issued server command: /delhome hyena
[20:24:49] [Server thread/INFO]: Twiixtor issued server command: /home MrHappyHyena
[20:24:53] [Server thread/INFO]: Twiixtor issued server command: /home
[20:24:57] [Server thread/INFO]: Twiixtor issued server command: /homes
[20:25:01] [Server thread/INFO]: Twiixtor issued server command: /homes MrHappyHyena
[20:25:07] [Server thread/INFO]: Twiixtor issued server command: /homes Popey
[20:25:13] [Server thread/INFO]: MrHappyHyena issued server command: /home
[20:25:14] [Server thread/INFO]: MrHappyHyena issued server command: /home home
[20:25:17] [Server thread/INFO]: Players: [Guest] MrHappyHyena
[20:25:17] [Server thread/INFO]: giraffe: [Giraffe] Twiixtor
[20:26:03] [Server thread/INFO]: Players: [Guest] MrHappyHyena
[20:26:03] [Server thread/INFO]: giraffe: [Giraffe] Twiixtor
[20:26:20] [Server thread/INFO]: MrHappyHyena issued server command: /home
[20:26:22] [Server thread/INFO]: MrHappyHyena issued server command: /home home
[20:26:49] [Server thread/INFO]: MrHappyHyena issued server command: /home place
[20:27:21] [Server thread/INFO]: Twiixtor issued server command: /tp Twiixtor 259 69 328
[20:27:21] [Server thread/INFO]: Twiixtor issued server command: /tppos 259 69 328
[20:27:26] [Server thread/INFO]: Twiixtor issued server command: /tp Twiixtor 294 77 120
[20:27:26] [Server thread/INFO]: Twiixtor issued server command: /tppos 294 77 120
[20:27:31] [Server thread/INFO]: Players: [Guest] MrHappyHyena
[20:27:31] [Server thread/INFO]: giraffe: [Giraffe] Twiixtor
[20:27:41] [Server thread/INFO]: Twiixtor issued server command: /tp Twiixtor 297 92 -1322
[20:27:41] [Server thread/INFO]: Twiixtor issued server command: /tppos 297 92 -1322
[20:28:12] [Server thread/INFO]: MrHappyHyena issued server command: /day
[20:28:17] [Server thread/INFO]: Players: [Guest] MrHappyHyena
[20:28:17] [Server thread/INFO]: giraffe: [Giraffe] Twiixtor
[20:28:51] [Server thread/INFO]: Twiixtor issued server command: /tp Twiixtor 219 78 -1369
[20:28:51] [Server thread/INFO]: Twiixtor issued server command: /tppos 219 78 -1369
[20:28:56] [Server thread/INFO]: Twiixtor issued server command: /tp Twiixtor 258 97 -1391
[20:28:56] [Server thread/INFO]: Twiixtor issued server command: /tppos 258 97 -1391
[20:28:59] [Server thread/INFO]: MrHappyHyena issued server command: /tp twii
[20:29:00] [Server thread/INFO]: Twiixtor issued server command: /tp Twiixtor 358 65 -1402
[20:29:00] [Server thread/INFO]: Twiixtor issued server command: /tppos 358 65 -1402
[20:29:04] [Server thread/INFO]: Players: [Guest] MrHappyHyena
[20:29:04] [Server thread/INFO]: giraffe: [Giraffe] Twiixtor
[20:29:06] [Server thread/INFO]: Twiixtor issued server command: /home home
[20:29:06] [Server thread/INFO]: MrHappyHyena issued server command: /tp twii
[20:29:50] [Server thread/INFO]: Players: [Guest] MrHappyHyena
[20:29:50] [Server thread/INFO]: giraffe: [Giraffe] Twiixtor
[20:30:37] [Server thread/INFO]: Players: [Guest] MrHappyHyena
[20:30:37] [Server thread/INFO]: giraffe: [Giraffe] Twiixtor
[20:31:24] [Server thread/INFO]: Players: [Guest] MrHappyHyena
[20:31:24] [Server thread/INFO]: giraffe: [Giraffe] Twiixtor
[20:32:10] [Server thread/INFO]: Players: [Guest] MrHappyHyena
[20:32:10] [Server thread/INFO]: giraffe: [Giraffe] Twiixtor
[20:32:22] [Server thread/INFO]: [Giraffe] Twiixtor: brb
[20:32:26] [Server thread/INFO]: [Guest] MrHappyHyena: k?
[20:32:57] [Server thread/INFO]: Players: [Guest] MrHappyHyena
[20:32:57] [Server thread/INFO]: giraffe: [Giraffe] Twiixtor
[20:33:43] [Server thread/INFO]: Players: [Guest] MrHappyHyena
[20:33:43] [Server thread/INFO]: giraffe: [Giraffe] Twiixtor
[20:34:30] [Server thread/INFO]: Players: [Guest] MrHappyHyena
[20:34:30] [Server thread/INFO]: giraffe: [Giraffe] Twiixtor
[20:35:16] [Server thread/INFO]: Players: [Guest] MrHappyHyena
[20:35:16] [Server thread/INFO]: giraffe: [Giraffe] Twiixtor
[20:36:03] [Server thread/INFO]: Players: [Guest] MrHappyHyena
[20:36:03] [Server thread/INFO]: giraffe: [Giraffe] Twiixtor
[20:37:31] [Server thread/INFO]: Players: [Guest] MrHappyHyena
[20:37:31] [Server thread/INFO]: giraffe: [Giraffe] Twiixtor
[20:38:18] [Server thread/INFO]: Players: [Guest] MrHappyHyena
[20:38:18] [Server thread/INFO]: giraffe: [Giraffe] Twiixtor
[20:39:04] [Server thread/INFO]: Players: [Guest] MrHappyHyena
[20:39:04] [Server thread/INFO]: giraffe: [Giraffe] Twiixtor
[20:39:51] [Server thread/INFO]: Players: [Guest] MrHappyHyena
[20:39:51] [Server thread/INFO]: giraffe: [Giraffe] Twiixtor
[20:39:51] [Server thread/INFO]: Twiixtor issued server command: /home home
[20:40:38] [Server thread/INFO]: Players: [Guest] MrHappyHyena
[20:40:38] [Server thread/INFO]: giraffe: [Giraffe] Twiixtor
[20:40:52] [Server thread/INFO]: Twiixtor issued server command: //wand
[20:41:24] [Server thread/INFO]: Players: [Guest] MrHappyHyena
[20:41:24] [Server thread/INFO]: giraffe: [Giraffe] Twiixtor
[20:41:26] [Server thread/INFO]: Twiixtor issued server command: //set 1
[20:41:27] [Server thread/INFO]: MrHappyHyena issued server command: /day
[20:42:11] [Server thread/INFO]: Players: [Guest] MrHappyHyena
[20:42:11] [Server thread/INFO]: giraffe: [Giraffe] Twiixtor
[20:42:15] [Server thread/INFO]: Twiixtor issued server command: /fly
[20:42:42] [Server thread/INFO]: Twiixtor issued server command: /mcmmo
[20:42:51] [Server thread/INFO]: MrHappyHyena issued server command: /home home
[20:42:57] [Server thread/INFO]: Players: [Guest] MrHappyHyena
[20:42:57] [Server thread/INFO]: giraffe: [Giraffe] Twiixtor
[20:43:44] [Server thread/INFO]: Players: [Guest] MrHappyHyena
[20:43:44] [Server thread/INFO]: giraffe: [Giraffe] Twiixtor
[20:44:25] [Server thread/INFO]: Twiixtor issued server command: /speed 1
[20:44:30] [Server thread/INFO]: Players: [Guest] MrHappyHyena
[20:44:30] [Server thread/INFO]: giraffe: [Giraffe] Twiixtor
[20:45:17] [Server thread/INFO]: Players: [Guest] MrHappyHyena
[20:45:17] [Server thread/INFO]: giraffe: [Giraffe] Twiixtor
[20:46:03] [Server thread/INFO]: Players: [Guest] MrHappyHyena
[20:46:03] [Server thread/INFO]: giraffe: [Giraffe] Twiixtor
[20:46:27] [Server thread/INFO]: Twiixtor issued server command: /stack
[20:47:31] [Server thread/INFO]: Players: [Guest] MrHappyHyena
[20:47:31] [Server thread/INFO]: giraffe: [Giraffe] Twiixtor
[20:48:18] [Server thread/INFO]: Players: [Guest] MrHappyHyena
[20:48:18] [Server thread/INFO]: giraffe: [Giraffe] Twiixtor
[20:48:52] [Server thread/INFO]: Twiixtor issued server command: /tool repl dirt
[20:48:57] [Server thread/INFO]: Twiixtor issued server command: /tool repl dirt
[20:49:04] [Server thread/INFO]: Players: [Guest] MrHappyHyena
[20:49:04] [Server thread/INFO]: giraffe: [Giraffe] Twiixtor
[20:49:51] [Server thread/INFO]: Players: [Guest] MrHappyHyena
[20:49:51] [Server thread/INFO]: giraffe: [Giraffe] Twiixtor
[20:50:26] [Server thread/INFO]: Twiixtor issued server command: //replace dirt grass
[20:50:38] [Server thread/INFO]: Players: [Guest] MrHappyHyena
[20:50:38] [Server thread/INFO]: giraffe: [Giraffe] Twiixtor
[20:51:24] [Server thread/INFO]: Players: [Guest] MrHappyHyena
[20:51:24] [Server thread/INFO]: giraffe: [Giraffe] Twiixtor
[20:52:08] [Server thread/INFO]: Twiixtor issued server command: /gm 1
[20:52:11] [Server thread/INFO]: Players: [Guest] MrHappyHyena
[20:52:11] [Server thread/INFO]: giraffe: [Giraffe] Twiixtor
[20:52:22] [Server thread/INFO]: MrHappyHyena issued server command: /home place
[20:52:25] [Server thread/INFO]: Twiixtor issued server command: //stack 20
[20:52:31] [Server thread/INFO]: Twiixtor issued server command: //set 0
[20:52:46] [Server thread/INFO]: Twiixtor issued server command: //sphere grass 6
[20:52:49] [Server thread/INFO]: Twiixtor issued server command: /top
[20:52:57] [Server thread/INFO]: Players: [Guest] MrHappyHyena
[20:52:57] [Server thread/INFO]: giraffe: [Giraffe] Twiixtor
[20:53:07] [Server thread/INFO]: Twiixtor issued server command: //expand 20 up
[20:53:08] [Server thread/INFO]: Twiixtor issued server command: //set 0
[20:53:26] [Server thread/INFO]: Twiixtor issued server command: //undo
[20:53:27] [Server thread/INFO]: Twiixtor issued server command: //undo
[20:53:29] [Server thread/INFO]: Twiixtor issued server command: //undo
[20:53:30] [Server thread/INFO]: Twiixtor issued server command: //undo
[20:53:39] [Server thread/INFO]: Twiixtor issued server command: /gm 0
[20:53:44] [Server thread/INFO]: Players: [Guest] MrHappyHyena
[20:53:44] [Server thread/INFO]: giraffe: [Giraffe] Twiixtor
[20:53:45] [Server thread/INFO]: Twiixtor issued server command: /gm 1
[20:53:47] [Server thread/INFO]: Twiixtor issued server command: /gm 0
[20:53:48] [Server thread/INFO]: Twiixtor issued server command: /fly
[20:53:50] [Server thread/INFO]: Twiixtor issued server command: /heal
[20:54:30] [Server thread/INFO]: Players: [Guest] MrHappyHyena
[20:54:30] [Server thread/INFO]: giraffe: [Giraffe] Twiixtor
[20:54:43] [Server thread/INFO]: MrHappyHyena issued server command: /day
[20:55:17] [Server thread/INFO]: Players: [Guest] MrHappyHyena
[20:55:17] [Server thread/INFO]: giraffe: [Giraffe] Twiixtor
[20:55:34] [Server thread/INFO]: Twiixtor issued server command: /home home
[20:56:03] [Server thread/INFO]: Players: [Guest] MrHappyHyena
[20:56:03] [Server thread/INFO]: giraffe: [Giraffe] Twiixtor
[20:57:00] [Server thread/INFO]: Twiixtor issued server command: /i bucket 1
[20:57:31] [Server thread/INFO]: Players: [Guest] MrHappyHyena
[20:57:31] [Server thread/INFO]: giraffe: [Giraffe] Twiixtor
[20:58:18] [Server thread/INFO]: Players: [Guest] MrHappyHyena
[20:58:18] [Server thread/INFO]: giraffe: [Giraffe] Twiixtor
[20:59:04] [Server thread/INFO]: Players: [Guest] MrHappyHyena
[20:59:04] [Server thread/INFO]: giraffe: [Giraffe] Twiixtor
[20:59:30] [Server thread/INFO]: Twiixtor issued server command: /home home
[20:59:39] [Server thread/INFO]: Twiixtor issued server command: /back
[20:59:51] [Server thread/INFO]: Players: [Guest] MrHappyHyena
[20:59:51] [Server thread/INFO]: giraffe: [Giraffe] Twiixtor
[20:59:55] [Server thread/INFO]: Twiixtor issued server command: /i 109 2
[21:00:09] [Server thread/INFO]: Twiixtor issued server command: /i 109 1
[21:00:38] [Server thread/INFO]: Players: [Guest] MrHappyHyena
[21:00:38] [Server thread/INFO]: giraffe: [Giraffe] Twiixtor
[21:01:24] [Server thread/INFO]: Players: [Guest] MrHappyHyena
[21:01:24] [Server thread/INFO]: giraffe: [Giraffe] Twiixtor
[21:02:11] [Server thread/INFO]: Players: [Guest] MrHappyHyena
[21:02:11] [Server thread/INFO]: giraffe: [Giraffe] Twiixtor
[21:02:57] [Server thread/INFO]: Players: [Guest] MrHappyHyena
[21:02:57] [Server thread/INFO]: giraffe: [Giraffe] Twiixtor
[21:03:44] [Server thread/INFO]: Players: [Guest] MrHappyHyena
[21:03:44] [Server thread/INFO]: giraffe: [Giraffe] Twiixtor
[21:04:30] [Server thread/INFO]: Players: [Guest] MrHappyHyena
[21:04:30] [Server thread/INFO]: giraffe: [Giraffe] Twiixtor
[21:05:00] [Server thread/INFO]: Twiixtor issued server command: /home home
[21:05:04] [Server thread/INFO]: Twiixtor issued server command: /back
[21:05:17] [Server thread/INFO]: Players: [Guest] MrHappyHyena
[21:05:17] [Server thread/INFO]: giraffe: [Giraffe] Twiixtor
[21:06:03] [Server thread/INFO]: Players: [Guest] MrHappyHyena
[21:06:03] [Server thread/INFO]: giraffe: [Giraffe] Twiixtor
[21:06:27] [Server thread/INFO]: MrHappyHyena issued server command: /day
[21:06:50] [Server thread/INFO]: Twiixtor issued server command: /i sign 1
[21:07:31] [Server thread/INFO]: Players: [Guest] MrHappyHyena
[21:07:31] [Server thread/INFO]: giraffe: [Giraffe] Twiixtor
[21:08:03] [Server thread/INFO]: Twiixtor issued server command: /i shears 1
[21:08:18] [Server thread/INFO]: Twiixtor issued server command: /tp Twiixtor 182 64 93
[21:08:18] [Server thread/INFO]: Players: [Guest] MrHappyHyena
[21:08:18] [Server thread/INFO]: giraffe: [Giraffe] Twiixtor
[21:08:18] [Server thread/INFO]: Twiixtor issued server command: /tppos 182 64 93
[21:09:04] [Server thread/INFO]: Players: [Guest] MrHappyHyena
[21:09:04] [Server thread/INFO]: giraffe: [Giraffe] Twiixtor
[21:09:23] [Server thread/INFO]: Twiixtor issued server command: /home home
[21:09:51] [Server thread/INFO]: Players: [Guest] MrHappyHyena
[21:09:51] [Server thread/INFO]: giraffe: [Giraffe] Twiixtor
[21:10:38] [Server thread/INFO]: Players: [Guest] MrHappyHyena
[21:10:38] [Server thread/INFO]: giraffe: [Giraffe] Twiixtor
[21:11:08] [Server thread/INFO]: Twiixtor issued server command: /grow
[21:11:24] [Server thread/INFO]: Players: [Guest] MrHappyHyena
[21:11:24] [Server thread/INFO]: giraffe: [Giraffe] Twiixtor
[21:12:09] [Server thread/INFO]: Twiixtor issued server command: /home home
[21:12:11] [Server thread/INFO]: Players: [Guest] MrHappyHyena
[21:12:11] [Server thread/INFO]: giraffe: [Giraffe] Twiixtor
[21:12:13] [Server thread/INFO]: Twiixtor issued server command: /back
[21:12:57] [Server thread/INFO]: Players: [Guest] MrHappyHyena
[21:12:57] [Server thread/INFO]: giraffe: [Giraffe] Twiixtor
[21:13:44] [Server thread/INFO]: Players: [Guest] MrHappyHyena
[21:13:44] [Server thread/INFO]: giraffe: [Giraffe] Twiixtor
[21:14:30] [Server thread/INFO]: Players: [Guest] MrHappyHyena
[21:14:30] [Server thread/INFO]: giraffe: [Giraffe] Twiixtor
[21:15:17] [Server thread/INFO]: Players: [Guest] MrHappyHyena
[21:15:17] [Server thread/INFO]: giraffe: [Giraffe] Twiixtor
[21:16:03] [Server thread/INFO]: Players: [Guest] MrHappyHyena
[21:16:03] [Server thread/INFO]: giraffe: [Giraffe] Twiixtor
[21:16:17] [Server thread/INFO]: MrHappyHyena issued server command: /home home
[21:16:27] [Server thread/INFO]: MrHappyHyena issued server command: /home place
[21:16:47] [Server thread/INFO]: Twiixtor left the game.
[21:17:31] [Server thread/INFO]: Players: [Guest] MrHappyHyena
[21:18:18] [Server thread/INFO]: Players: [Guest] MrHappyHyena
[21:18:46] [Server thread/INFO]: MrHappyHyena issued server command: /home home
[21:19:04] [Server thread/INFO]: Players: [Guest] MrHappyHyena
[21:19:36] [Server thread/INFO]: MrHappyHyena issued server command: /home home
[21:19:51] [Server thread/INFO]: Players: [Guest] MrHappyHyena
[21:20:38] [Server thread/INFO]: Players: [Guest] MrHappyHyena
[21:21:24] [Server thread/INFO]: Players: [Guest] MrHappyHyena
[21:22:11] [Server thread/INFO]: Players: [Guest] MrHappyHyena
[21:22:57] [Server thread/INFO]: Players: [Guest] MrHappyHyena
[21:23:20] [Server thread/INFO]: MrHappyHyena issued server command: /day
[21:23:44] [Server thread/INFO]: Players: [Guest] MrHappyHyena
[21:23:46] [Server thread/INFO]: MrHappyHyena issued server command: /home home
[21:24:30] [Server thread/INFO]: Players: [Guest] MrHappyHyena
[21:24:37] [Server thread/INFO]: MrHappyHyena issued server command: /home twix
[21:24:44] [Server thread/INFO]: MrHappyHyena issued server command: /sethome twix
[21:25:17] [Server thread/INFO]: Players: [Guest] MrHappyHyena
[21:26:03] [Server thread/INFO]: Players: [Guest] MrHappyHyena
[21:27:31] [Server thread/INFO]: Players: [Guest] MrHappyHyena
[21:28:18] [Server thread/INFO]: Players: [Guest] MrHappyHyena
[21:29:00] [Server thread/INFO]: MrHappyHyena issued server command: /home home
[21:29:04] [Server thread/INFO]: Players: [Guest] MrHappyHyena
[21:29:07] [Server thread/INFO]: MrHappyHyena issued server command: /home twix
[21:29:51] [Server thread/INFO]: Players: [Guest] MrHappyHyena
[21:30:38] [Server thread/INFO]: Players: [Guest] MrHappyHyena
[21:31:24] [Server thread/INFO]: Players: [Guest] MrHappyHyena
[21:32:11] [Server thread/INFO]: Players: [Guest] MrHappyHyena
[21:32:57] [Server thread/INFO]: Players: [Guest] MrHappyHyena
[21:33:20] [Server thread/INFO]: MrHappyHyena issued server command: /home home
[21:33:28] [Server thread/INFO]: MrHappyHyena issued server command: /home twix
[21:33:44] [Server thread/INFO]: Players: [Guest] MrHappyHyena
[21:34:26] [Server thread/INFO]: MrHappyHyena issued server command: /day
[21:34:30] [Server thread/INFO]: MrHappyHyena issued server command: /home twix
[21:34:30] [Server thread/INFO]: Players: [Guest] MrHappyHyena
[21:35:17] [Server thread/INFO]: Players: [Guest] MrHappyHyena
[21:36:03] [Server thread/INFO]: Players: [Guest] MrHappyHyena
[21:36:15] [Server thread/INFO]: MrHappyHyena issued server command: /home twix
[21:36:26] [Server thread/INFO]: MrHappyHyena issued server command: /home home
[21:36:46] [Server thread/INFO]: MrHappyHyena issued server command: /home twix
[21:37:31] [Server thread/INFO]: Players: [Guest] MrHappyHyena
[21:38:18] [Server thread/INFO]: Players: [Guest] MrHappyHyena
[21:38:56] [Server thread/INFO]: MrHappyHyena issued server command: /home
[21:38:59] [Server thread/INFO]: MrHappyHyena issued server command: /home home
[21:39:04] [Server thread/INFO]: Players: [Guest] MrHappyHyena
[21:39:17] [Server thread/INFO]: MrHappyHyena issued server command: /home twix
[21:39:51] [Server thread/INFO]: Players: [Guest] MrHappyHyena
[21:40:38] [Server thread/INFO]: Players: [Guest] MrHappyHyena
[21:41:19] [Server thread/INFO]: MrHappyHyena issued server command: /home twi
[21:41:22] [Server thread/INFO]: MrHappyHyena issued server command: /home twix
[21:41:24] [Server thread/INFO]: Players: [Guest] MrHappyHyena
[21:42:11] [Server thread/INFO]: Players: [Guest] MrHappyHyena
[21:42:57] [Server thread/INFO]: Players: [Guest] MrHappyHyena
[21:43:44] [Server thread/INFO]: Players: [Guest] MrHappyHyena
[21:44:30] [Server thread/INFO]: Players: [Guest] MrHappyHyena
[21:45:17] [Server thread/INFO]: Players: [Guest] MrHappyHyena
[21:45:18] [Server thread/INFO]: MrHappyHyena issued server command: /day
[21:46:03] [Server thread/INFO]: Players: [Guest] MrHappyHyena
[21:47:31] [Server thread/INFO]: Players: [Guest] MrHappyHyena
[21:48:18] [Server thread/INFO]: Players: [Guest] MrHappyHyena
[21:49:04] [Server thread/INFO]: Players: [Guest] MrHappyHyena
[21:49:51] [Server thread/INFO]: Players: [Guest] MrHappyHyena
[21:50:38] [Server thread/INFO]: Players: [Guest] MrHappyHyena
[21:51:18] [Server thread/INFO]: MrHappyHyena issued server command: /home
[21:51:20] [Server thread/INFO]: MrHappyHyena issued server command: /home home
[21:51:24] [Server thread/INFO]: Players: [Guest] MrHappyHyena
[21:51:42] [Server thread/INFO]: MrHappyHyena issued server command: /home twix
[21:52:11] [Server thread/INFO]: Players: [Guest] MrHappyHyena
[21:52:57] [Server thread/INFO]: Players: [Guest] MrHappyHyena
[21:53:44] [Server thread/INFO]: Players: [Guest] MrHappyHyena
[21:54:30] [Server thread/INFO]: Players: [Guest] MrHappyHyena
[21:55:17] [Server thread/INFO]: Players: [Guest] MrHappyHyena
[21:56:03] [Server thread/INFO]: Players: [Guest] MrHappyHyena
[21:57:31] [Server thread/INFO]: Players: [Guest] MrHappyHyena
[21:58:18] [Server thread/INFO]: Players: [Guest] MrHappyHyena
[21:58:43] [Server thread/INFO]: MrHappyHyena issued server command: /home home
[21:58:46] [Server thread/INFO]: MrHappyHyena issued server command: /day
[21:59:04] [Server thread/INFO]: Players: [Guest] MrHappyHyena
[21:59:51] [Server thread/INFO]: Players: [Guest] MrHappyHyena
[22:00:38] [Server thread/INFO]: Players: [Guest] MrHappyHyena
[22:01:24] [Server thread/INFO]: Players: [Guest] MrHappyHyena
[22:02:11] [Server thread/INFO]: Players: [Guest] MrHappyHyena
[22:02:57] [Server thread/INFO]: Players: [Guest] MrHappyHyena
[22:03:44] [Server thread/INFO]: Players: [Guest] MrHappyHyena
[22:04:30] [Server thread/INFO]: Players: [Guest] MrHappyHyena
[22:05:17] [Server thread/INFO]: Players: [Guest] MrHappyHyena
[22:06:03] [Server thread/INFO]: Players: [Guest] MrHappyHyena
[22:07:31] [Server thread/INFO]: Players: [Guest] MrHappyHyena
[22:07:34] [Server thread/INFO]: MrHappyHyena issued server command: /day
[22:07:36] [Server thread/INFO]: MrHappyHyena issued server command: /rain no
[22:07:58] [Server thread/INFO]: MrHappyHyena issued server command: /night
[22:08:17] [Server thread/INFO]: MrHappyHyena issued server command: /day
[22:08:18] [Server thread/INFO]: Players: [Guest] MrHappyHyena
[22:08:22] [Server thread/INFO]: MrHappyHyena issued server command: /home home
[22:09:04] [Server thread/INFO]: Players: [Guest] MrHappyHyena
[22:09:39] [Server thread/INFO]: MrHappyHyena issued server command: /tp twi
[22:09:51] [Server thread/INFO]: Players: [Guest] MrHappyHyena
[22:09:51] [Server thread/INFO]: giraffe: [Giraffe] Twiixtor
[22:10:38] [Server thread/INFO]: Players: [Guest] MrHappyHyena
[22:10:38] [Server thread/INFO]: giraffe: [Giraffe] Twiixtor
[22:11:20] [Server thread/INFO]: Twiixtor issued server command: /fly
[22:11:24] [Server thread/INFO]: Players: [Guest] MrHappyHyena
[22:11:24] [Server thread/INFO]: giraffe: [Giraffe] Twiixtor
[22:11:51] [Server thread/INFO]: MrHappyHyena issued server command: /home
[22:11:54] [Server thread/INFO]: MrHappyHyena issued server command: /home home
[22:12:11] [Server thread/INFO]: Players: [Guest] MrHappyHyena
[22:12:11] [Server thread/INFO]: giraffe: [Giraffe] Twiixtor
[22:12:57] [Server thread/INFO]: Players: [Guest] MrHappyHyena
[22:12:57] [Server thread/INFO]: giraffe: [Giraffe] Twiixtor
[22:13:34] [Server thread/INFO]: MrHappyHyena issued server command: /tp twii
[22:13:44] [Server thread/INFO]: Players: [Guest] MrHappyHyena
[22:13:44] [Server thread/INFO]: giraffe: [Giraffe] Twiixtor
[22:14:26] [Server thread/INFO]: Twiixtor issued server command: //wand
[22:14:30] [Server thread/INFO]: Players: [Guest] MrHappyHyena
[22:14:30] [Server thread/INFO]: giraffe: [Giraffe] Twiixtor
[22:14:34] [Server thread/INFO]: Twiixtor issued server command: //cut
[22:14:38] [Server thread/INFO]: Twiixtor issued server command: //paste
[22:15:03] [Server thread/INFO]: Twiixtor issued server command: /i sign 1
[22:15:05] [Server thread/INFO]: MrHappyHyena issued server command: /day
[22:15:17] [Server thread/INFO]: Players: [Guest] MrHappyHyena
[22:15:17] [Server thread/INFO]: giraffe: [Giraffe] Twiixtor
[22:15:44] [Server thread/INFO]: MrHappyHyena issued server command: /home twi
[22:15:47] [Server thread/INFO]: MrHappyHyena issued server command: /home twix
[22:16:03] [Server thread/INFO]: Players: [Guest] MrHappyHyena
[22:16:03] [Server thread/INFO]: giraffe: [Giraffe] Twiixtor
[22:17:31] [Server thread/INFO]: Players: [Guest] MrHappyHyena
[22:17:31] [Server thread/INFO]: giraffe: [Giraffe] Twiixtor
[22:18:01] [Server thread/INFO]: MrHappyHyena issued server command: /home home
[22:18:04] [Server thread/INFO]: Twiixtor issued server command: /tp mr
[22:18:18] [Server thread/INFO]: Players: [Guest] MrHappyHyena
[22:18:18] [Server thread/INFO]: giraffe: [Giraffe] Twiixtor
[22:18:27] [Server thread/INFO]: Twiixtor issued server command: /tool
[22:18:33] [Server thread/INFO]: Twiixtor issued server command: /brush
[22:18:42] [Server thread/INFO]: Twiixtor issued server command: /brush sphere
[22:18:46] [Server thread/INFO]: Twiixtor issued server command: /brush sphere 1 1
[22:18:55] [Server thread/INFO]: Twiixtor issued server command: /brush sphere 0 1
[22:19:04] [Server thread/INFO]: Players: [Guest] MrHappyHyena
[22:19:04] [Server thread/INFO]: giraffe: [Giraffe] Twiixtor
[22:19:51] [Server thread/INFO]: Players: [Guest] MrHappyHyena
[22:19:51] [Server thread/INFO]: giraffe: [Giraffe] Twiixtor
[22:20:37] [Server thread/INFO]: Twiixtor issued server command: /home home
[22:20:38] [Server thread/INFO]: Players: [Guest] MrHappyHyena
[22:20:38] [Server thread/INFO]: giraffe: [Giraffe] Twiixtor
[22:20:55] [Server thread/INFO]: Twiixtor issued server command: /back
[22:21:03] [Server thread/INFO]: MrHappyHyena issued server command: /home twix
[22:21:16] [Server thread/INFO]: MrHappyHyena issued server command: /tp twi
[22:21:18] [Server thread/INFO]: Twiixtor issued server command: /enchant
[22:21:24] [Server thread/INFO]: Players: [Guest] MrHappyHyena
[22:21:24] [Server thread/INFO]: giraffe: [Giraffe] Twiixtor
[22:21:25] [Server thread/INFO]: Twiixtor issued server command: /enchant efficiency 2
[22:22:11] [Server thread/INFO]: Players: [Guest] MrHappyHyena
[22:22:11] [Server thread/INFO]: giraffe: [Giraffe] Twiixtor
[22:22:57] [Server thread/INFO]: Players: [Guest] MrHappyHyena
[22:22:57] [Server thread/INFO]: giraffe: [Giraffe] Twiixtor
[22:23:44] [Server thread/INFO]: Players: [Guest] MrHappyHyena
[22:23:44] [Server thread/INFO]: giraffe: [Giraffe] Twiixtor
[22:23:52] [Server thread/INFO]: Twiixtor issued server command: /home home
[22:24:17] [Server thread/INFO]: Twiixtor issued server command: /repair
[22:24:18] [Server thread/INFO]: Twiixtor issued server command: /fix
[22:24:30] [Server thread/INFO]: Players: [Guest] MrHappyHyena
[22:24:30] [Server thread/INFO]: giraffe: [Giraffe] Twiixtor
[22:24:38] [Server thread/INFO]: Twiixtor issued server command: /enchant efficiency 2
[22:25:17] [Server thread/INFO]: Players: [Guest] MrHappyHyena
[22:25:17] [Server thread/INFO]: giraffe: [Giraffe] Twiixtor
[22:25:19] [Server thread/INFO]: MrHappyHyena issued server command: /home home
[22:25:30] [Server thread/INFO]: Twiixtor issued server command: /tp Twiixtor 45 79 -141
[22:25:30] [Server thread/INFO]: Twiixtor issued server command: /tppos 45 79 -141
[22:26:02] [Server thread/INFO]: MrHappyHyena issued server command: /day
[22:26:03] [Server thread/INFO]: Players: [Guest] MrHappyHyena
[22:26:03] [Server thread/INFO]: giraffe: [Giraffe] Twiixtor
[22:26:17] [Server thread/INFO]: MrHappyHyena issued server command: /tp twi
[22:27:14] [Server thread/INFO]: Twiixtor issued server command: /god
[22:27:20] [Server thread/INFO]: Twiixtor issued server command: /help 1
[22:27:21] [Server thread/INFO]: Twiixtor issued server command: /help 2
[22:27:21] [Server thread/INFO]: Twiixtor issued server command: /help 3
[22:27:22] [Server thread/INFO]: Twiixtor issued server command: /help 4
[22:27:25] [Server thread/INFO]: Twiixtor issued server command: /god MrHappyHyena
[22:27:28] [Server thread/INFO]: Twiixtor issued server command: /antioch
[22:27:31] [Server thread/INFO]: Players: [Guest] MrHappyHyena
[22:27:31] [Server thread/INFO]: giraffe: [Giraffe] Twiixtor
[22:27:36] [Server thread/INFO]: MrHappyHyena issued server command: /home place
[22:27:38] [Server thread/INFO]: Twiixtor issued server command: /nuke
[22:27:46] [Server thread/INFO]: Twiixtor issued server command: /god MrHappyHyena
[22:27:47] [Server thread/INFO]: Twiixtor issued server command: /god
[22:27:55] [Server thread/INFO]: Twiixtor issued server command: /tp mr
[22:27:59] [Server thread/INFO]: Twiixtor issued server command: /home home
[22:28:12] [Server thread/INFO]: Twiixtor issued server command: /tp mr
[22:28:18] [Server thread/INFO]: Players: [Guest] MrHappyHyena
[22:28:18] [Server thread/INFO]: giraffe: [Giraffe] Twiixtor
[22:29:04] [Server thread/INFO]: Players: [Guest] MrHappyHyena
[22:29:04] [Server thread/INFO]: giraffe: [Giraffe] Twiixtor
[22:29:51] [Server thread/INFO]: Players: [Guest] MrHappyHyena
[22:29:51] [Server thread/INFO]: giraffe: [Giraffe] Twiixtor
[22:30:38] [Server thread/INFO]: Players: [Guest] MrHappyHyena
[22:30:38] [Server thread/INFO]: giraffe: [Giraffe] Twiixtor
[22:31:17] [Server thread/INFO]: Twiixtor issued server command: /back
[22:31:20] [Server thread/INFO]: MrHappyHyena issued server command: /back
[22:31:24] [Server thread/INFO]: Players: [Guest] MrHappyHyena
[22:31:24] [Server thread/INFO]: giraffe: [Giraffe] Twiixtor
[22:31:25] [Server thread/INFO]: Twiixtor issued server command: /tp hye
[22:31:55] [Server thread/INFO]: MrHappyHyena issued server command: /home place
[22:32:11] [Server thread/INFO]: Players: [Guest] MrHappyHyena
[22:32:11] [Server thread/INFO]: giraffe: [Giraffe] Twiixtor
[22:32:18] [Server thread/INFO]: Twiixtor issued server command: /remove items 50
[22:32:24] [Server thread/INFO]: Twiixtor issued server command: /back
[22:32:26] [Server thread/INFO]: Twiixtor issued server command: /back
[22:32:29] [Server thread/INFO]: Twiixtor issued server command: /tp hye
[22:32:57] [Server thread/INFO]: Players: [Guest] MrHappyHyena
[22:32:57] [Server thread/INFO]: giraffe: [Giraffe] Twiixtor
[22:33:14] [Server thread/INFO]: Twiixtor issued server command: /replace
[22:33:16] [Server thread/INFO]: Twiixtor issued server command: /tool repl
[22:33:18] [Server thread/INFO]: Twiixtor issued server command: /brush
[22:33:20] [Server thread/INFO]: Twiixtor issued server command: /brush replace
[22:33:44] [Server thread/INFO]: Players: [Guest] MrHappyHyena
[22:33:44] [Server thread/INFO]: giraffe: [Giraffe] Twiixtor
[22:34:30] [Server thread/INFO]: Players: [Guest] MrHappyHyena
[22:34:30] [Server thread/INFO]: giraffe: [Giraffe] Twiixtor
[22:34:53] [Server thread/INFO]: Twiixtor issued server command: //expand up 3
[22:34:57] [Server thread/INFO]: Twiixtor issued server command: //expand 3 up
[22:35:00] [Server thread/INFO]: Twiixtor issued server command: //replace dirt grass
[22:35:09] [Server thread/INFO]: Twiixtor issued server command: /tool
[22:35:15] [Server thread/INFO]: Twiixtor issued server command: /tool repl grass
[22:35:17] [Server thread/INFO]: Players: [Guest] MrHappyHyena
[22:35:17] [Server thread/INFO]: giraffe: [Giraffe] Twiixtor
[22:35:46] [Server thread/INFO]: Twiixtor issued server command: /tool repl gravel
[22:36:03] [Server thread/INFO]: Players: [Guest] MrHappyHyena
[22:36:03] [Server thread/INFO]: giraffe: [Giraffe] Twiixtor
[22:36:57] [Server thread/INFO]: MrHappyHyena issued server command: /day
[22:37:19] [Server thread/INFO]: Twiixtor issued server command: /home home
[22:37:31] [Server thread/INFO]: Players: [Guest] MrHappyHyena
[22:37:31] [Server thread/INFO]: giraffe: [Giraffe] Twiixtor
[22:37:46] [Server thread/INFO]: Twiixtor issued server command: /back
[22:38:18] [Server thread/INFO]: Players: [Guest] MrHappyHyena
[22:38:18] [Server thread/INFO]: giraffe: [Giraffe] Twiixtor
[22:39:05] [Server thread/INFO]: Players: [Guest] MrHappyHyena
[22:39:05] [Server thread/INFO]: giraffe: [Giraffe] Twiixtor
[22:39:51] [Server thread/INFO]: Players: [Guest] MrHappyHyena
[22:39:51] [Server thread/INFO]: giraffe: [Giraffe] Twiixtor
[22:40:38] [Server thread/INFO]: Players: [Guest] MrHappyHyena
[22:40:38] [Server thread/INFO]: giraffe: [Giraffe] Twiixtor
[22:41:24] [Server thread/INFO]: Players: [Guest] MrHappyHyena
[22:41:24] [Server thread/INFO]: giraffe: [Giraffe] Twiixtor
[22:41:45] [Server thread/INFO]: MrHappyHyena issued server command: /home home
[22:41:57] [Server thread/INFO]: MrHappyHyena issued server command: /home twi
[22:42:00] [Server thread/INFO]: MrHappyHyena issued server command: /home twix
[22:42:11] [Server thread/INFO]: Players: [Guest] MrHappyHyena
[22:42:11] [Server thread/INFO]: giraffe: [Giraffe] Twiixtor
[22:42:57] [Server thread/INFO]: Players: [Guest] MrHappyHyena
[22:42:57] [Server thread/INFO]: giraffe: [Giraffe] Twiixtor
[22:43:23] [Server thread/INFO]: Twiixtor issued server command: /repair
[22:43:24] [Server thread/INFO]: Twiixtor issued server command: /fix
[22:43:44] [Server thread/INFO]: Players: [Guest] MrHappyHyena
[22:43:44] [Server thread/INFO]: giraffe: [Giraffe] Twiixtor
[22:44:31] [Server thread/INFO]: Players: [Guest] MrHappyHyena
[22:44:31] [Server thread/INFO]: giraffe: [Giraffe] Twiixtor
[22:45:17] [Server thread/INFO]: Players: [Guest] MrHappyHyena
[22:45:17] [Server thread/INFO]: giraffe: [Giraffe] Twiixtor
[22:46:04] [Server thread/INFO]: Players: [Guest] MrHappyHyena
[22:46:04] [Server thread/INFO]: giraffe: [Giraffe] Twiixtor
[22:46:50] [Server thread/INFO]: Twiixtor issued server command: /enchant efficiency 3
[22:46:53] [Server thread/INFO]: Twiixtor issued server command: /enchant unbreaking 1
[22:47:30] [Server thread/INFO]: MrHappyHyena issued server command: /day
[22:47:31] [Server thread/INFO]: Players: [Guest] MrHappyHyena
[22:47:31] [Server thread/INFO]: giraffe: [Giraffe] Twiixtor
[22:48:18] [Server thread/INFO]: Players: [Guest] MrHappyHyena
[22:48:18] [Server thread/INFO]: giraffe: [Giraffe] Twiixtor
[22:48:29] [Server thread/INFO]: MrHappyHyena issued server command: /home twix
[22:48:35] [Server thread/INFO]: MrHappyHyena issued server command: /home home
[22:48:59] [Server thread/INFO]: Twiixtor issued server command: /home home
[22:49:03] [Server thread/INFO]: MrHappyHyena issued server command: /home twix
[22:49:04] [Server thread/INFO]: Players: [Guest] MrHappyHyena
[22:49:04] [Server thread/INFO]: giraffe: [Giraffe] Twiixtor
[22:49:32] [Server thread/INFO]: Twiixtor issued server command: /stack
[22:49:51] [Server thread/INFO]: Players: [Guest] MrHappyHyena
[22:49:51] [Server thread/INFO]: giraffe: [Giraffe] Twiixtor
[22:50:38] [Server thread/INFO]: Players: [Guest] MrHappyHyena
[22:50:38] [Server thread/INFO]: giraffe: [Giraffe] Twiixtor
[22:51:24] [Server thread/INFO]: Players: [Guest] MrHappyHyena
[22:51:24] [Server thread/INFO]: giraffe: [Giraffe] Twiixtor
[22:52:11] [Server thread/INFO]: Players: [Guest] MrHappyHyena
[22:52:11] [Server thread/INFO]: giraffe: [Giraffe] Twiixtor
[22:52:57] [Server thread/INFO]: Players: [Guest] MrHappyHyena
[22:52:57] [Server thread/INFO]: giraffe: [Giraffe] Twiixtor
[22:53:44] [Server thread/INFO]: Players: [Guest] MrHappyHyena
[22:53:44] [Server thread/INFO]: giraffe: [Giraffe] Twiixtor
[22:54:30] [Server thread/INFO]: Players: [Guest] MrHappyHyena
[22:54:30] [Server thread/INFO]: giraffe: [Giraffe] Twiixtor
[22:55:17] [Server thread/INFO]: Players: [Guest] MrHappyHyena
[22:55:17] [Server thread/INFO]: giraffe: [Giraffe] Twiixtor
[22:56:03] [Server thread/INFO]: Players: [Guest] MrHappyHyena
[22:56:03] [Server thread/INFO]: giraffe: [Giraffe] Twiixtor
[22:56:06] [Server thread/INFO]: MrHappyHyena issued server command: /home twix
[22:57:31] [Server thread/INFO]: Players: [Guest] MrHappyHyena
[22:57:31] [Server thread/INFO]: giraffe: [Giraffe] Twiixtor
[22:57:45] [Server thread/INFO]: Twiixtor issued server command: /sv
[22:58:00] [Server thread/INFO]: Twiixtor issued server command: /sv
[22:58:12] [Server thread/INFO]: MrHappyHyena issued server command: /home twix
[22:58:18] [Server thread/INFO]: Players: [Guest] MrHappyHyena
[22:58:18] [Server thread/INFO]: giraffe: [Giraffe] Twiixtor
[22:59:04] [Server thread/INFO]: Players: [Guest] MrHappyHyena
[22:59:04] [Server thread/INFO]: giraffe: [Giraffe] Twiixtor
[22:59:06] [Server thread/INFO]: MrHappyHyena issued server command: /day
[22:59:27] [Server thread/INFO]: Twiixtor issued server command: /tp Twiixtor 126 78 -197
[22:59:27] [Server thread/INFO]: Twiixtor issued server command: /tppos 126 78 -197
[22:59:51] [Server thread/INFO]: Players: [Guest] MrHappyHyena
[22:59:51] [Server thread/INFO]: giraffe: [Giraffe] Twiixtor
[23:00:03] [Server thread/INFO]: Twiixtor issued server command: /home home
[23:00:38] [Server thread/INFO]: Players: [Guest] MrHappyHyena
[23:00:38] [Server thread/INFO]: giraffe: [Giraffe] Twiixtor
[23:01:20] [Server thread/INFO]: MrHappyHyena issued server command: /home home
[23:01:24] [Server thread/INFO]: Players: [Guest] MrHappyHyena
[23:01:24] [Server thread/INFO]: giraffe: [Giraffe] Twiixtor
[23:01:44] [Server thread/INFO]: MrHappyHyena issued server command: /home twix
[23:02:11] [Server thread/INFO]: Players: [Guest] MrHappyHyena
[23:02:11] [Server thread/INFO]: giraffe: [Giraffe] Twiixtor
[23:02:57] [Server thread/INFO]: Players: [Guest] MrHappyHyena
[23:02:57] [Server thread/INFO]: giraffe: [Giraffe] Twiixtor
[23:03:44] [Server thread/INFO]: Players: [Guest] MrHappyHyena
[23:03:44] [Server thread/INFO]: giraffe: [Giraffe] Twiixtor
[23:04:11] [Server thread/INFO]: Twiixtor issued server command: /
[23:04:16] [Server thread/INFO]: Twiixtor issued server command: /tool repl grass
[23:04:30] [Server thread/INFO]: Players: [Guest] MrHappyHyena
[23:04:30] [Server thread/INFO]: giraffe: [Giraffe] Twiixtor
[23:04:38] [Server thread/INFO]: MrHappyHyena issued server command: /home home
[23:04:43] [Server thread/INFO]: MrHappyHyena issued server command: /tp twi
[23:05:17] [Server thread/INFO]: Players: [Guest] MrHappyHyena
[23:05:17] [Server thread/INFO]: giraffe: [Giraffe] Twiixtor
[23:05:20] [Server thread/INFO]: Twiixtor issued server command: /tool repl gravel
[23:05:25] [Server thread/INFO]: Twiixtor issued server command: /tool repl grass
[23:06:03] [Server thread/INFO]: Players: [Guest] MrHappyHyena
[23:06:03] [Server thread/INFO]: giraffe: [Giraffe] Twiixtor
[23:07:32] [Server thread/INFO]: Players: [Guest] MrHappyHyena
[23:07:32] [Server thread/INFO]: giraffe: [Giraffe] Twiixtor
[23:08:06] [Server thread/INFO]: Twiixtor issued server command: /hd addline enter &4Enjoy your stay!
[23:08:17] [Server thread/INFO]: Twiixtor issued server command: /hd modify
[23:08:18] [Server thread/INFO]: Players: [Guest] MrHappyHyena
[23:08:18] [Server thread/INFO]: giraffe: [Giraffe] Twiixtor
[23:08:19] [Server thread/INFO]: Twiixtor issued server command: /hd edit
[23:08:22] [Server thread/INFO]: Twiixtor issued server command: /hd
[23:08:24] [Server thread/INFO]: Twiixtor issued server command: /hd help
[23:08:30] [Server thread/INFO]: Twiixtor issued server command: /hd edit enter
[23:08:41] [Server thread/INFO]: Twiixtor issued server command: /hd setline 2 &3Enjoy your stay!
[23:08:51] [Server thread/INFO]: Twiixtor issued server command: /hd setline enter 2 &3Enjoy your stay!
[23:08:56] [Server thread/INFO]: Twiixtor issued server command: /hd setline enter 2 &2Enjoy your stay!
[23:09:05] [Server thread/INFO]: Players: [Guest] MrHappyHyena
[23:09:05] [Server thread/INFO]: giraffe: [Giraffe] Twiixtor
[23:09:09] [Server thread/INFO]: Twiixtor issued server command: /hd remove enter
[23:09:51] [Server thread/INFO]: Players: [Guest] MrHappyHyena
[23:09:51] [Server thread/INFO]: giraffe: [Giraffe] Twiixtor
[23:10:07] [Server thread/INFO]: Twiixtor issued server command: /mcmmo
[23:10:09] [Server thread/INFO]: Twiixtor issued server command: /mcmmo help
[23:10:11] [Server thread/INFO]: MrHappyHyena issued server command: /day
[23:10:16] [Server thread/INFO]: Twiixtor issued server command: /mcmmo help 2
[23:10:29] [Server thread/INFO]: Twiixtor issued server command: /mdgod
[23:10:31] [Server thread/INFO]: Twiixtor issued server command: /mcgod
[23:10:38] [Server thread/INFO]: Players: [Guest] MrHappyHyena
[23:10:38] [Server thread/INFO]: giraffe: [Giraffe] Twiixtor
[23:10:40] [Server thread/INFO]: Twiixtor issued server command: /fly
[23:10:43] [Server thread/INFO]: Twiixtor issued server command: /fly
[23:10:46] [Server thread/INFO]: Twiixtor issued server command: /mcgod
[23:10:47] [Server thread/INFO]: Twiixtor issued server command: /fly
[23:10:50] [Server thread/INFO]: Twiixtor issued server command: /fly
[23:11:24] [Server thread/INFO]: Players: [Guest] MrHappyHyena
[23:11:24] [Server thread/INFO]: giraffe: [Giraffe] Twiixtor
[23:11:50] [Server thread/INFO]: Twiixtor issued server command: /home home
[23:12:11] [Server thread/INFO]: Players: [Guest] MrHappyHyena
[23:12:11] [Server thread/INFO]: giraffe: [Giraffe] Twiixtor
[23:12:47] [Server thread/INFO]: MrHappyHyena issued server command: /tp twi
[23:12:57] [Server thread/INFO]: Players: [Guest] MrHappyHyena
[23:12:57] [Server thread/INFO]: giraffe: [Giraffe] Twiixtor
[23:13:19] [Server thread/INFO]: MrHappyHyena issued server command: /home palce
[23:13:24] [Server thread/INFO]: MrHappyHyena issued server command: /home place
[23:13:36] [Server thread/INFO]: MrHappyHyena issued server command: /tp twix
[23:13:39] [Server thread/INFO]: MrHappyHyena issued server command: /home twix
[23:13:43] [Server thread/INFO]: Twiixtor issued server command: /i woodstair 1
[23:13:44] [Server thread/INFO]: Players: [Guest] MrHappyHyena
[23:13:44] [Server thread/INFO]: giraffe: [Giraffe] Twiixtor
[23:13:55] [Server thread/INFO]: Twiixtor issued server command: /i woodstair 5
[23:14:30] [Server thread/INFO]: Players: [Guest] MrHappyHyena
[23:14:30] [Server thread/INFO]: giraffe: [Giraffe] Twiixtor
[23:14:58] [Server thread/INFO]: Twiixtor issued server command: /i sign 2
[23:15:17] [Server thread/INFO]: Players: [Guest] MrHappyHyena
[23:15:17] [Server thread/INFO]: giraffe: [Giraffe] Twiixtor
[23:16:04] [Server thread/INFO]: Players: [Guest] MrHappyHyena
[23:16:04] [Server thread/INFO]: giraffe: [Giraffe] Twiixtor
[23:17:00] [Server thread/INFO]: Twiixtor issued server command: /enchant efficiency 100
[23:17:09] [Server thread/INFO]: Twiixtor issued server command: /enchant
[23:17:11] [Server thread/INFO]: Twiixtor issued server command: /enchant 0
[23:17:25] [Server thread/INFO]: Twiixtor issued server command: //set lava
[23:17:29] [Server thread/INFO]: Twiixtor issued server command: //set 1
[23:17:32] [Server thread/INFO]: Players: [Guest] MrHappyHyena
[23:17:32] [Server thread/INFO]: giraffe: [Giraffe] Twiixtor
[23:17:32] [Server thread/INFO]: Twiixtor issued server command: /i torch 16
[23:18:18] [Server thread/INFO]: Players: [Guest] MrHappyHyena
[23:18:18] [Server thread/INFO]: giraffe: [Giraffe] Twiixtor
[23:19:05] [Server thread/INFO]: Players: [Guest] MrHappyHyena
[23:19:05] [Server thread/INFO]: giraffe: [Giraffe] Twiixtor
[23:19:22] [Server thread/INFO]: Twiixtor issued server command: /home home
[23:19:26] [Server thread/INFO]: Twiixtor issued server command: /back
[23:19:35] [Server thread/INFO]: Twiixtor issued server command: /tphere mr
[23:19:51] [Server thread/INFO]: Players: [Guest] MrHappyHyena
[23:19:51] [Server thread/INFO]: giraffe: [Giraffe] Twiixtor
[23:20:38] [Server thread/INFO]: Players: [Guest] MrHappyHyena
[23:20:38] [Server thread/INFO]: giraffe: [Giraffe] Twiixtor
[23:21:12] [Server thread/INFO]: MrHappyHyena issued server command: /ay
[23:21:23] [Server thread/INFO]: Twiixtor issued server command: /home home
[23:21:24] [Server thread/INFO]: Players: [Guest] MrHappyHyena
[23:21:24] [Server thread/INFO]: giraffe: [Giraffe] Twiixtor
[23:21:28] [Server thread/INFO]: Twiixtor issued server command: /back
[23:22:11] [Server thread/INFO]: Players: [Guest] MrHappyHyena
[23:22:11] [Server thread/INFO]: giraffe: [Giraffe] Twiixtor
[23:22:57] [Server thread/INFO]: Players: [Guest] MrHappyHyena
[23:22:57] [Server thread/INFO]: giraffe: [Giraffe] Twiixtor
[23:23:32] [Server thread/INFO]: Twiixtor issued server command: //drain 10
[23:23:43] [Server thread/INFO]: MrHappyHyena issued server command: /day
[23:23:44] [Server thread/INFO]: Players: [Guest] MrHappyHyena
[23:23:44] [Server thread/INFO]: giraffe: [Giraffe] Twiixtor
[23:23:47] [Server thread/INFO]: Twiixtor issued server command: //drain 5
[23:23:49] [Server thread/INFO]: MrHappyHyena issued server command: /home home
[23:24:31] [Server thread/INFO]: Players: [Guest] MrHappyHyena
[23:24:31] [Server thread/INFO]: giraffe: [Giraffe] Twiixtor
[23:24:45] [Server thread/INFO]: MrHappyHyena issued server command: /tp twi
[23:25:01] [Server thread/INFO]: Twiixtor issued server command: //drain 10
[23:25:13] [Server thread/INFO]: MrHappyHyena issued server command: /night
[23:25:17] [Server thread/INFO]: Players: [Guest] MrHappyHyena
[23:25:17] [Server thread/INFO]: giraffe: [Giraffe] Twiixtor
[23:26:04] [Server thread/INFO]: Players: [Guest] MrHappyHyena
[23:26:04] [Server thread/INFO]: giraffe: [Giraffe] Twiixtor
[23:27:32] [Server thread/INFO]: Players: [Guest] MrHappyHyena
[23:27:32] [Server thread/INFO]: giraffe: [Giraffe] Twiixtor
[23:28:15] [Server thread/INFO]: Twiixtor issued server command: /home home
[23:28:18] [Server thread/INFO]: Players: [Guest] MrHappyHyena
[23:28:18] [Server thread/INFO]: giraffe: [Giraffe] Twiixtor
[23:28:54] [Server thread/INFO]: MrHappyHyena issued server command: /day
[23:28:57] [Server thread/INFO]: Twiixtor issued server command: /tp mr
[23:29:05] [Server thread/INFO]: Players: [Guest] MrHappyHyena
[23:29:05] [Server thread/INFO]: giraffe: [Giraffe] Twiixtor
[23:29:32] [Server thread/INFO]: Twiixtor issued server command: //set gravel
[23:29:35] [Server thread/INFO]: Twiixtor issued server command: //set gravel
[23:29:37] [Server thread/INFO]: Twiixtor issued server command: //set gravel
[23:29:51] [Server thread/INFO]: Players: [Guest] MrHappyHyena
[23:29:51] [Server thread/INFO]: giraffe: [Giraffe] Twiixtor
[23:30:38] [Server thread/INFO]: Players: [Guest] MrHappyHyena
[23:30:38] [Server thread/INFO]: giraffe: [Giraffe] Twiixtor
[23:31:24] [Server thread/INFO]: Players: [Guest] MrHappyHyena
[23:31:24] [Server thread/INFO]: giraffe: [Giraffe] Twiixtor
[23:31:40] [Server thread/INFO]: Twiixtor issued server command: /home home
[23:32:11] [Server thread/INFO]: Players: [Guest] MrHappyHyena
[23:32:11] [Server thread/INFO]: giraffe: [Giraffe] Twiixtor
[23:32:39] [Server thread/INFO]: MrHappyHyena issued server command: /night
[23:32:57] [Server thread/INFO]: Players: [Guest] MrHappyHyena
[23:32:57] [Server thread/INFO]: giraffe: [Giraffe] Twiixtor
[23:33:01] [Server thread/INFO]: MrHappyHyena issued server command: /day
[23:33:14] [Server thread/INFO]: Twiixtor issued server command: /enchante efficiency 2
[23:33:18] [Server thread/INFO]: Twiixtor issued server command: /enchant efficiency 2
[23:33:23] [Server thread/INFO]: Twiixtor issued server command: /enchant unbreaking 2
[23:33:33] [Server thread/INFO]: Twiixtor issued server command: /enchant efficiency 3
[23:33:44] [Server thread/INFO]: Players: [Guest] MrHappyHyena
[23:33:44] [Server thread/INFO]: giraffe: [Giraffe] Twiixtor
[23:34:31] [Server thread/INFO]: Players: [Guest] MrHappyHyena
[23:34:31] [Server thread/INFO]: giraffe: [Giraffe] Twiixtor
[23:34:52] [Server thread/INFO]: MrHappyHyena issued server command: /home
[23:34:54] [Server thread/INFO]: MrHappyHyena issued server command: /home home
[23:34:57] [Server thread/INFO]: Twiixtor issued server command: /enchant knockback 20
[23:34:58] [Server thread/INFO]: Twiixtor issued server command: /tp mr
[23:35:17] [Server thread/INFO]: Players: [Guest] MrHappyHyena
[23:35:17] [Server thread/INFO]: giraffe: [Giraffe] Twiixtor
[23:36:00] [Server thread/INFO]: Twiixtor issued server command: /powertool
[23:36:04] [Server thread/INFO]: Players: [Guest] MrHappyHyena
[23:36:04] [Server thread/INFO]: giraffe: [Giraffe] Twiixtor
[23:36:11] [Server thread/INFO]: Twiixtor issued server command: /home home
[23:36:19] [Server thread/INFO]: Twiixtor issued server command: /rapidfw 10
[23:36:22] [Server thread/INFO]: Twiixtor left the game.
[23:36:37] [Server thread/INFO]: Twiixtor issued server command: /rapidfw 3
[23:36:44] [Server thread/INFO]: MrHappyHyena issued server command: /night
[23:36:47] [Server thread/INFO]: Twiixtor issued server command: /rapidfw 1
[23:36:52] [Server thread/INFO]: Twiixtor issued server command: /rapidfw 3
[23:37:00] [Server thread/INFO]: Twiixtor issued server command: /givegun
[23:37:04] [Server thread/INFO]: Twiixtor issued server command: /i arrow 10
[23:37:32] [Server thread/INFO]: Players: [Guest] MrHappyHyena
[23:37:32] [Server thread/INFO]: giraffe: [Giraffe] Twiixtor
[23:37:40] [Server thread/INFO]: Twiixtor issued server command: /home home
[23:37:57] [Server thread/INFO]: MrHappyHyena issued server command: /day
[23:38:04] [Server thread/INFO]: MrHappyHyena issued server command: /home home
[23:38:07] [Server thread/INFO]: Twiixtor left the game.
[23:38:19] [Server thread/INFO]: Players: [Guest] MrHappyHyena
[23:39:05] [Server thread/INFO]: Players: [Guest] MrHappyHyena
[23:39:52] [Server thread/INFO]: Players: [Guest] MrHappyHyena
[23:40:15] [Server thread/INFO]: MrHappyHyena issued server command: /home
[23:40:17] [Server thread/INFO]: MrHappyHyena issued server command: /home home
[23:40:20] [Server thread/INFO]: MrHappyHyena left the game.
