[00:11:39] [Server thread/INFO]: Failed
[01:13:47] [Server thread/INFO]: Failed
[02:15:53] [Server thread/INFO]: Failed
[03:18:00] [Server thread/INFO]: Failed
[04:20:08] [Server thread/INFO]: Failed
[05:22:15] [Server thread/INFO]: Failed
[06:24:22] [Server thread/INFO]: Failed
[07:26:29] [Server thread/INFO]: Failed
[08:28:36] [Server thread/INFO]: Failed
[09:30:44] [Server thread/INFO]: Failed
[10:32:51] [Server thread/INFO]: Failed
[11:34:57] [Server thread/INFO]: Failed
[12:02:59] [Server thread/INFO]: Assigning initial aspects to MarshBumFluff
[12:03:00] [Server thread/INFO]: MarshBumFluff left the game.
[12:03:55] [Server thread/INFO]: Guest: [Guest] MarshBumFluff
[12:04:28] [Server thread/INFO]: MarshBumFluff has just earned the achievement [Taking Inventory]
[12:04:41] [Server thread/INFO]: Guest: [Guest] MarshBumFluff
[12:05:28] [Server thread/INFO]: Guest: [Guest] MarshBumFluff
[12:05:58] [Server thread/INFO]: <[Guest] MarshBumFluff> boobies
[12:06:14] [Server thread/INFO]: Guest: [Guest] MarshBumFluff
[12:07:01] [Server thread/INFO]: Regular: [Regular] MarshBumFluff
[12:07:47] [Server thread/INFO]: Regular: [Regular] MarshBumFluff
[12:08:03] [Server thread/INFO]: <[Regular] MarshBumFluff> pisssssss offffff
[12:08:08] [Server thread/INFO]: MarshBumFluff died
[12:08:34] [Server thread/INFO]: Regular: [Regular] MarshBumFluff
[12:09:20] [Server thread/INFO]: Regular: [Regular] MarshBumFluff
[12:10:07] [Server thread/INFO]: Regular: [Regular] MarshBumFluff
[12:10:54] [Server thread/INFO]: Regular: [Regular] MarshBumFluff
[12:11:40] [Server thread/INFO]: Regular: [Regular] MarshBumFluff
[12:12:27] [Server thread/INFO]: Regular: [Regular] MarshBumFluff
[12:13:13] [Server thread/INFO]: Regular: [Regular] MarshBumFluff
[12:14:00] [Server thread/INFO]: Regular: [Regular] MarshBumFluff
[12:14:46] [Server thread/INFO]: Regular: [Regular] MarshBumFluff
[12:14:53] [Server thread/INFO]: MarshBumFluff left the game.
[12:15:33] [Server thread/INFO]: Regular: [Regular] MarshBumFluff
[12:16:19] [Server thread/INFO]: Regular: [Regular] MarshBumFluff
[12:17:06] [Server thread/INFO]: Regular: [Regular] MarshBumFluff
[12:17:53] [Server thread/INFO]: Regular: [Regular] MarshBumFluff
[12:18:39] [Server thread/INFO]: Regular: [Regular] MarshBumFluff
[12:19:26] [Server thread/INFO]: Regular: [Regular] MarshBumFluff
[12:20:12] [Server thread/INFO]: Regular: [Regular] MarshBumFluff
[12:20:59] [Server thread/INFO]: Regular: [Regular] MarshBumFluff
[12:21:45] [Server thread/INFO]: Regular: [Regular] MarshBumFluff
[12:22:32] [Server thread/INFO]: Regular: [Regular] MarshBumFluff
[12:23:18] [Server thread/INFO]: Regular: [Regular] MarshBumFluff
[12:24:05] [Server thread/INFO]: Regular: [Regular] MarshBumFluff
[12:24:51] [Server thread/INFO]: Regular: [Regular] MarshBumFluff
[12:25:38] [Server thread/INFO]: Regular: [Regular] MarshBumFluff
[12:26:25] [Server thread/INFO]: Regular: [Regular] MarshBumFluff
[12:27:11] [Server thread/INFO]: Regular: [Regular] MarshBumFluff
[12:27:58] [Server thread/INFO]: Regular: [Regular] MarshBumFluff
[12:28:44] [Server thread/INFO]: Regular: [Regular] MarshBumFluff
[12:29:31] [Server thread/INFO]: Regular: [Regular] MarshBumFluff
[12:30:17] [Server thread/INFO]: Regular: [Regular] MarshBumFluff
[12:31:04] [Server thread/INFO]: Regular: [Regular] MarshBumFluff
[12:31:50] [Server thread/INFO]: Regular: [Regular] MarshBumFluff
[12:32:37] [Server thread/INFO]: Regular: [Regular] MarshBumFluff
[12:33:24] [Server thread/INFO]: Regular: [Regular] MarshBumFluff
[12:34:10] [Server thread/INFO]: Regular: [Regular] MarshBumFluff
[12:34:57] [Server thread/INFO]: Regular: [Regular] MarshBumFluff
[12:37:05] [Server thread/INFO]: Failed
[12:37:05] [Server thread/INFO]: MarshBumFluff left the game.
[12:41:56] [Server thread/INFO]: Regular: [Regular] MarshBumFluff
[12:42:42] [Server thread/INFO]: Regular: [Regular] MarshBumFluff
[12:43:29] [Server thread/INFO]: Regular: [Regular] MarshBumFluff
[12:44:15] [Server thread/INFO]: Regular: [Regular] MarshBumFluff
[12:45:02] [Server thread/INFO]: Regular: [Regular] MarshBumFluff
[12:45:48] [Server thread/INFO]: Regular: [Regular] MarshBumFluff
[12:46:35] [Server thread/INFO]: Regular: [Regular] MarshBumFluff
[12:47:21] [Server thread/INFO]: Regular: [Regular] MarshBumFluff
[12:48:08] [Server thread/INFO]: Regular: [Regular] MarshBumFluff
[12:48:55] [Server thread/INFO]: Regular: [Regular] MarshBumFluff
[12:49:41] [Server thread/INFO]: Regular: [Regular] MarshBumFluff
[12:50:28] [Server thread/INFO]: Regular: [Regular] MarshBumFluff
[12:51:14] [Server thread/INFO]: Regular: [Regular] MarshBumFluff
[12:52:01] [Server thread/INFO]: Regular: [Regular] MarshBumFluff
[12:52:47] [Server thread/INFO]: Regular: [Regular] MarshBumFluff
[12:53:34] [Server thread/INFO]: Regular: [Regular] MarshBumFluff
[12:54:20] [Server thread/INFO]: Regular: [Regular] MarshBumFluff
[12:55:07] [Server thread/INFO]: Regular: [Regular] MarshBumFluff
[12:55:54] [Server thread/INFO]: Regular: [Regular] MarshBumFluff
[12:56:40] [Server thread/INFO]: Regular: [Regular] MarshBumFluff
[12:57:27] [Server thread/INFO]: Regular: [Regular] MarshBumFluff
[12:58:13] [Server thread/INFO]: Regular: [Regular] MarshBumFluff
[12:59:00] [Server thread/INFO]: Regular: [Regular] MarshBumFluff
[12:59:46] [Server thread/INFO]: Regular: [Regular] MarshBumFluff
[13:00:33] [Server thread/INFO]: Regular: [Regular] MarshBumFluff
[13:01:19] [Server thread/INFO]: Regular: [Regular] MarshBumFluff
[13:02:06] [Server thread/INFO]: Regular: [Regular] MarshBumFluff
[13:02:52] [Server thread/INFO]: Regular: [Regular] MarshBumFluff
[13:03:39] [Server thread/INFO]: Regular: [Regular] MarshBumFluff
[13:04:26] [Server thread/INFO]: Regular: [Regular] MarshBumFluff
[13:05:12] [Server thread/INFO]: Regular: [Regular] MarshBumFluff
[13:05:59] [Server thread/INFO]: Regular: [Regular] MarshBumFluff
[13:06:45] [Server thread/INFO]: Regular: [Regular] MarshBumFluff
[13:07:32] [Server thread/INFO]: Regular: [Regular] MarshBumFluff
[13:08:18] [Server thread/INFO]: Regular: [Regular] MarshBumFluff
[13:09:05] [Server thread/INFO]: Regular: [Regular] MarshBumFluff
[13:09:51] [Server thread/INFO]: Regular: [Regular] MarshBumFluff
[13:10:38] [Server thread/INFO]: Regular: [Regular] MarshBumFluff
[13:11:25] [Server thread/INFO]: Regular: [Regular] MarshBumFluff
[13:12:11] [Server thread/INFO]: Regular: [Regular] MarshBumFluff
[13:12:58] [Server thread/INFO]: Regular: [Regular] MarshBumFluff
[13:13:44] [Server thread/INFO]: Regular: [Regular] MarshBumFluff
[13:14:31] [Server thread/INFO]: Regular: [Regular] MarshBumFluff
[13:15:17] [Server thread/INFO]: Regular: [Regular] MarshBumFluff
[13:16:04] [Server thread/INFO]: Regular: [Regular] MarshBumFluff
[13:16:50] [Server thread/INFO]: Regular: [Regular] MarshBumFluff
[13:17:37] [Server thread/INFO]: Regular: [Regular] MarshBumFluff
[13:18:24] [Server thread/INFO]: Regular: [Regular] MarshBumFluff
[13:19:10] [Server thread/INFO]: Regular: [Regular] MarshBumFluff
[13:19:17] [Server thread/INFO]: <[Regular] MarshBumFluff> mclovin change my gamemode
[13:19:20] [Server thread/INFO]: <[Regular] MarshBumFluff> pwees
[13:19:57] [Server thread/INFO]: Regular: [Regular] MarshBumFluff
[13:20:43] [Server thread/INFO]: Regular: [Regular] MarshBumFluff
[13:21:30] [Server thread/INFO]: Regular: [Regular] MarshBumFluff
[13:22:16] [Server thread/INFO]: Regular: [Regular] MarshBumFluff
[13:23:03] [Server thread/INFO]: Regular: [Regular] MarshBumFluff
[13:23:49] [Server thread/INFO]: Regular: [Regular] MarshBumFluff
[13:24:04] [Server thread/INFO]: MarshBumFluff has just earned the achievement [Getting Wood]
[13:24:36] [Server thread/INFO]: Regular: [Regular] MarshBumFluff
[13:25:22] [Server thread/INFO]: Regular: [Regular] MarshBumFluff
[13:26:09] [Server thread/INFO]: Regular: [Regular] MarshBumFluff
[13:26:56] [Server thread/INFO]: Regular: [Regular] MarshBumFluff
[13:27:42] [Server thread/INFO]: Regular: [Regular] MarshBumFluff
[13:28:29] [Server thread/INFO]: Regular: [Regular] MarshBumFluff
[13:29:15] [Server thread/INFO]: Regular: [Regular] MarshBumFluff
[13:30:02] [Server thread/INFO]: Regular: [Regular] MarshBumFluff
[13:30:48] [Server thread/INFO]: Regular: [Regular] MarshBumFluff
[13:31:35] [Server thread/INFO]: Regular: [Regular] MarshBumFluff
[13:31:53] [Server thread/INFO]: 0
[13:31:53] [Server thread/INFO]: 0
[13:31:53] [Server thread/INFO]: 0
[13:31:53] [Server thread/INFO]: 0
[13:31:53] [Server thread/INFO]: 0
[13:32:21] [Server thread/INFO]: Regular: [Regular] MarshBumFluff
[13:33:08] [Server thread/INFO]: Regular: [Regular] MarshBumFluff
[13:33:55] [Server thread/INFO]: Regular: [Regular] MarshBumFluff
[13:34:41] [Server thread/INFO]: Regular: [Regular] MarshBumFluff
[13:35:28] [Server thread/INFO]: Regular: [Regular] MarshBumFluff
[13:36:14] [Server thread/INFO]: Regular: [Regular] MarshBumFluff
[13:37:01] [Server thread/INFO]: Regular: [Regular] MarshBumFluff
[13:39:12] [Server thread/INFO]: Failed
[13:39:12] [Server thread/INFO]: MarshBumFluff left the game.
[14:41:20] [Server thread/INFO]: Failed
[15:43:27] [Server thread/INFO]: Failed
[16:00:33] [Server thread/INFO]: Regular: [Regular] MarshBumFluff
[16:01:19] [Server thread/INFO]: Regular: [Regular] MarshBumFluff
[16:02:06] [Server thread/INFO]: Regular: [Regular] MarshBumFluff
[16:02:52] [Server thread/INFO]: Regular: [Regular] MarshBumFluff
[16:03:39] [Server thread/INFO]: Regular: [Regular] MarshBumFluff
[16:04:25] [Server thread/INFO]: Regular: [Regular] MarshBumFluff
[16:05:12] [Server thread/INFO]: Regular: [Regular] MarshBumFluff
[16:05:58] [Server thread/INFO]: Regular: [Regular] MarshBumFluff
[16:06:45] [Server thread/INFO]: Regular: [Regular] MarshBumFluff
[16:07:32] [Server thread/INFO]: Regular: [Regular] MarshBumFluff
[16:08:18] [Server thread/INFO]: Regular: [Regular] MarshBumFluff
[16:09:05] [Server thread/INFO]: Regular: [Regular] MarshBumFluff
[16:09:51] [Server thread/INFO]: Regular: [Regular] MarshBumFluff
[16:10:38] [Server thread/INFO]: Regular: [Regular] MarshBumFluff
[16:11:24] [Server thread/INFO]: Regular: [Regular] MarshBumFluff
[16:12:11] [Server thread/INFO]: Regular: [Regular] MarshBumFluff
[16:12:57] [Server thread/INFO]: Regular: [Regular] MarshBumFluff
[16:13:44] [Server thread/INFO]: Regular: [Regular] MarshBumFluff
[16:14:31] [Server thread/INFO]: Regular: [Regular] MarshBumFluff
[16:15:17] [Server thread/INFO]: Regular: [Regular] MarshBumFluff
[16:16:04] [Server thread/INFO]: Regular: [Regular] MarshBumFluff
[16:16:50] [Server thread/INFO]: Regular: [Regular] MarshBumFluff
[16:17:37] [Server thread/INFO]: Regular: [Regular] MarshBumFluff
[16:18:23] [Server thread/INFO]: Regular: [Regular] MarshBumFluff
[16:19:10] [Server thread/INFO]: Regular: [Regular] MarshBumFluff
[16:19:56] [Server thread/INFO]: Regular: [Regular] MarshBumFluff
[16:20:43] [Server thread/INFO]: Regular: [Regular] MarshBumFluff
[16:21:30] [Server thread/INFO]: Regular: [Regular] MarshBumFluff
[16:22:16] [Server thread/INFO]: Regular: [Regular] MarshBumFluff
[16:23:03] [Server thread/INFO]: Regular: [Regular] MarshBumFluff
[16:23:49] [Server thread/INFO]: Regular: [Regular] MarshBumFluff
[16:24:36] [Server thread/INFO]: Regular: [Regular] MarshBumFluff
[16:25:22] [Server thread/INFO]: Regular: [Regular] MarshBumFluff
[16:26:09] [Server thread/INFO]: Regular: [Regular] MarshBumFluff
[16:26:55] [Server thread/INFO]: Regular: [Regular] MarshBumFluff
[16:27:42] [Server thread/INFO]: Regular: [Regular] MarshBumFluff
[16:28:28] [Server thread/INFO]: Regular: [Regular] MarshBumFluff
[16:29:15] [Server thread/INFO]: Regular: [Regular] MarshBumFluff
[16:30:02] [Server thread/INFO]: Regular: [Regular] MarshBumFluff
[16:30:48] [Server thread/INFO]: Regular: [Regular] MarshBumFluff
[16:31:35] [Server thread/INFO]: Regular: [Regular] MarshBumFluff
[16:32:21] [Server thread/INFO]: Regular: [Regular] MarshBumFluff
[16:33:08] [Server thread/INFO]: Regular: [Regular] MarshBumFluff
[16:33:54] [Server thread/INFO]: Regular: [Regular] MarshBumFluff
[16:34:41] [Server thread/INFO]: Regular: [Regular] MarshBumFluff
[16:35:27] [Server thread/INFO]: Regular: [Regular] MarshBumFluff
[16:36:14] [Server thread/INFO]: Regular: [Regular] MarshBumFluff
[16:37:01] [Server thread/INFO]: Regular: [Regular] MarshBumFluff
[16:37:47] [Server thread/INFO]: Regular: [Regular] MarshBumFluff
[16:38:34] [Server thread/INFO]: Regular: [Regular] MarshBumFluff
[16:39:20] [Server thread/INFO]: Regular: [Regular] MarshBumFluff
[16:40:07] [Server thread/INFO]: Regular: [Regular] MarshBumFluff
[16:40:53] [Server thread/INFO]: Regular: [Regular] MarshBumFluff
[16:41:40] [Server thread/INFO]: Regular: [Regular] MarshBumFluff
[16:42:26] [Server thread/INFO]: Regular: [Regular] MarshBumFluff
[16:43:13] [Server thread/INFO]: Regular: [Regular] MarshBumFluff
[16:45:34] [Server thread/INFO]: Failed
[16:45:34] [Server thread/INFO]: MarshBumFluff left the game.
[16:46:19] [Server thread/INFO]: Regular: [Regular] MarshBumFluff
[16:47:06] [Server thread/INFO]: Regular: [Regular] MarshBumFluff
[16:47:52] [Server thread/INFO]: Regular: [Regular] MarshBumFluff
[16:48:39] [Server thread/INFO]: Regular: [Regular] MarshBumFluff
[16:49:25] [Server thread/INFO]: Regular: [Regular] MarshBumFluff
[16:50:12] [Server thread/INFO]: Regular: [Regular] MarshBumFluff
[16:50:58] [Server thread/INFO]: Regular: [Regular] MarshBumFluff
[16:51:45] [Server thread/INFO]: Regular: [Regular] MarshBumFluff
[16:52:32] [Server thread/INFO]: Regular: [Regular] MarshBumFluff
[16:53:18] [Server thread/INFO]: Regular: [Regular] MarshBumFluff
[16:54:05] [Server thread/INFO]: Regular: [Regular] MarshBumFluff
[16:54:51] [Server thread/INFO]: Regular: [Regular] MarshBumFluff
[16:55:38] [Server thread/INFO]: Regular: [Regular] MarshBumFluff
[16:56:24] [Server thread/INFO]: Regular: [Regular] MarshBumFluff
[16:57:11] [Server thread/INFO]: Regular: [Regular] MarshBumFluff
[16:57:57] [Server thread/INFO]: Regular: [Regular] MarshBumFluff
[16:58:44] [Server thread/INFO]: Regular: [Regular] MarshBumFluff
[16:59:30] [Server thread/INFO]: Regular: [Regular] MarshBumFluff
[17:00:17] [Server thread/INFO]: Regular: [Regular] MarshBumFluff
[17:01:04] [Server thread/INFO]: Regular: [Regular] MarshBumFluff
[17:01:50] [Server thread/INFO]: Regular: [Regular] MarshBumFluff
[17:02:37] [Server thread/INFO]: Regular: [Regular] MarshBumFluff
[17:03:23] [Server thread/INFO]: Regular: [Regular] MarshBumFluff
[17:04:10] [Server thread/INFO]: Regular: [Regular] MarshBumFluff
[17:04:56] [Server thread/INFO]: Regular: [Regular] MarshBumFluff
[17:05:43] [Server thread/INFO]: Regular: [Regular] MarshBumFluff
[17:06:29] [Server thread/INFO]: Regular: [Regular] MarshBumFluff
[17:07:16] [Server thread/INFO]: Regular: [Regular] MarshBumFluff
[17:08:02] [Server thread/INFO]: Regular: [Regular] MarshBumFluff
[17:08:49] [Server thread/INFO]: Regular: [Regular] MarshBumFluff
[17:09:36] [Server thread/INFO]: Regular: [Regular] MarshBumFluff
[17:10:22] [Server thread/INFO]: Regular: [Regular] MarshBumFluff
[17:11:09] [Server thread/INFO]: Regular: [Regular] MarshBumFluff
[17:11:55] [Server thread/INFO]: Regular: [Regular] MarshBumFluff
[17:12:42] [Server thread/INFO]: Regular: [Regular] MarshBumFluff
[17:13:28] [Server thread/INFO]: Regular: [Regular] MarshBumFluff
[17:14:15] [Server thread/INFO]: Regular: [Regular] MarshBumFluff
[17:15:01] [Server thread/INFO]: Regular: [Regular] MarshBumFluff
[17:15:48] [Server thread/INFO]: Regular: [Regular] MarshBumFluff
[17:16:35] [Server thread/INFO]: Regular: [Regular] MarshBumFluff
[17:17:21] [Server thread/INFO]: Regular: [Regular] MarshBumFluff
[17:18:08] [Server thread/INFO]: Regular: [Regular] MarshBumFluff
[17:18:54] [Server thread/INFO]: Regular: [Regular] MarshBumFluff
[17:19:41] [Server thread/INFO]: Regular: [Regular] MarshBumFluff
[17:20:27] [Server thread/INFO]: Regular: [Regular] MarshBumFluff
[17:21:14] [Server thread/INFO]: Regular: [Regular] MarshBumFluff
[17:22:00] [Server thread/INFO]: Regular: [Regular] MarshBumFluff
[17:22:47] [Server thread/INFO]: Regular: [Regular] MarshBumFluff
[17:23:34] [Server thread/INFO]: Regular: [Regular] MarshBumFluff
[17:24:20] [Server thread/INFO]: Regular: [Regular] MarshBumFluff
[17:25:07] [Server thread/INFO]: Regular: [Regular] MarshBumFluff
[17:25:53] [Server thread/INFO]: Regular: [Regular] MarshBumFluff
[17:26:40] [Server thread/INFO]: Regular: [Regular] MarshBumFluff
[17:27:26] [Server thread/INFO]: Regular: [Regular] MarshBumFluff
[17:28:13] [Server thread/INFO]: Regular: [Regular] MarshBumFluff
[17:28:59] [Server thread/INFO]: Regular: [Regular] MarshBumFluff
[17:29:46] [Server thread/INFO]: Regular: [Regular] MarshBumFluff
[17:30:32] [Server thread/INFO]: Regular: [Regular] MarshBumFluff
[17:31:19] [Server thread/INFO]: Regular: [Regular] MarshBumFluff
[17:32:06] [Server thread/INFO]: Regular: [Regular] MarshBumFluff
[17:32:52] [Server thread/INFO]: Regular: [Regular] MarshBumFluff
[17:33:39] [Server thread/INFO]: Regular: [Regular] MarshBumFluff
[17:34:25] [Server thread/INFO]: Regular: [Regular] MarshBumFluff
[17:35:12] [Server thread/INFO]: Regular: [Regular] MarshBumFluff
[17:35:58] [Server thread/INFO]: Regular: [Regular] MarshBumFluff
[17:36:45] [Server thread/INFO]: Regular: [Regular] MarshBumFluff
[17:37:31] [Server thread/INFO]: Regular: [Regular] MarshBumFluff
[17:38:18] [Server thread/INFO]: Regular: [Regular] MarshBumFluff
[17:39:05] [Server thread/INFO]: Regular: [Regular] MarshBumFluff
[17:39:51] [Server thread/INFO]: Regular: [Regular] MarshBumFluff
[17:40:38] [Server thread/INFO]: Regular: [Regular] MarshBumFluff
[17:41:24] [Server thread/INFO]: Regular: [Regular] MarshBumFluff
[17:42:11] [Server thread/INFO]: Regular: [Regular] MarshBumFluff
[17:42:57] [Server thread/INFO]: Regular: [Regular] MarshBumFluff
[17:43:44] [Server thread/INFO]: Regular: [Regular] MarshBumFluff
[17:44:30] [Server thread/INFO]: Regular: [Regular] MarshBumFluff
[17:45:17] [Server thread/INFO]: Regular: [Regular] MarshBumFluff
[17:47:42] [Server thread/INFO]: Failed
[17:47:42] [Server thread/INFO]: MarshBumFluff left the game.
[17:48:23] [Server thread/INFO]: Regular: [Regular] MarshBumFluff
[17:49:10] [Server thread/INFO]: Regular: [Regular] MarshBumFluff
[17:49:56] [Server thread/INFO]: Regular: [Regular] MarshBumFluff
[17:50:43] [Server thread/INFO]: Regular: [Regular] MarshBumFluff
[17:51:29] [Server thread/INFO]: Regular: [Regular] MarshBumFluff
[17:52:16] [Server thread/INFO]: Regular: [Regular] MarshBumFluff
[17:53:02] [Server thread/INFO]: Regular: [Regular] MarshBumFluff
[17:53:49] [Server thread/INFO]: Regular: [Regular] MarshBumFluff
[17:54:36] [Server thread/INFO]: Regular: [Regular] MarshBumFluff
[17:55:22] [Server thread/INFO]: Regular: [Regular] MarshBumFluff
[17:56:09] [Server thread/INFO]: Regular: [Regular] MarshBumFluff
[17:56:55] [Server thread/INFO]: Regular: [Regular] MarshBumFluff
[17:57:42] [Server thread/INFO]: Regular: [Regular] MarshBumFluff
[17:57:46] [Server thread/INFO]: MarshBumFluff left the game.
[17:59:15] [Server thread/INFO]: Regular: [Regular] MarshBumFluff
[18:00:01] [Server thread/INFO]: Regular: [Regular] MarshBumFluff
[18:00:48] [Server thread/INFO]: Regular: [Regular] MarshBumFluff
[18:01:34] [Server thread/INFO]: Regular: [Regular] MarshBumFluff
[18:02:21] [Server thread/INFO]: Regular: [Regular] MarshBumFluff
[18:03:08] [Server thread/INFO]: Regular: [Regular] MarshBumFluff
[18:03:54] [Server thread/INFO]: Regular: [Regular] MarshBumFluff
[18:04:41] [Server thread/INFO]: Regular: [Regular] MarshBumFluff
[18:05:27] [Server thread/INFO]: Regular: [Regular] MarshBumFluff
[18:06:14] [Server thread/INFO]: Regular: [Regular] MarshBumFluff
[18:07:00] [Server thread/INFO]: Regular: [Regular] MarshBumFluff
[18:07:47] [Server thread/INFO]: Regular: [Regular] MarshBumFluff
[18:08:33] [Server thread/INFO]: Regular: [Regular] MarshBumFluff
[18:09:20] [Server thread/INFO]: Regular: [Regular] MarshBumFluff
[18:10:07] [Server thread/INFO]: Regular: [Regular] MarshBumFluff
[18:10:53] [Server thread/INFO]: Regular: [Regular] MarshBumFluff
[18:11:40] [Server thread/INFO]: Regular: [Regular] MarshBumFluff
[18:12:26] [Server thread/INFO]: Regular: [Regular] MarshBumFluff
[18:13:13] [Server thread/INFO]: Regular: [Regular] MarshBumFluff
[18:13:59] [Server thread/INFO]: Regular: [Regular] MarshBumFluff
[18:14:46] [Server thread/INFO]: Regular: [Regular] MarshBumFluff
[18:15:32] [Server thread/INFO]: Regular: [Regular] MarshBumFluff
[18:16:19] [Server thread/INFO]: Regular: [Regular] MarshBumFluff
[18:17:06] [Server thread/INFO]: Regular: [Regular] MarshBumFluff
[18:17:52] [Server thread/INFO]: Regular: [Regular] MarshBumFluff
[18:18:39] [Server thread/INFO]: Regular: [Regular] MarshBumFluff
[18:19:15] [Server thread/INFO]: MarshBumFluff left the game.
[18:49:50] [Server thread/INFO]: Failed
[19:41:39] [Server thread/INFO]: Regular: [Regular] MarshBumFluff
[19:42:26] [Server thread/INFO]: Regular: [Regular] MarshBumFluff
[19:43:13] [Server thread/INFO]: Regular: [Regular] MarshBumFluff
[19:43:59] [Server thread/INFO]: Regular: [Regular] MarshBumFluff
[19:44:46] [Server thread/INFO]: Regular: [Regular] MarshBumFluff
[19:45:32] [Server thread/INFO]: Regular: [Regular] MarshBumFluff
[19:46:19] [Server thread/INFO]: Regular: [Regular] MarshBumFluff
[19:47:05] [Server thread/INFO]: Regular: [Regular] MarshBumFluff
[19:47:52] [Server thread/INFO]: Regular: [Regular] MarshBumFluff
[19:48:38] [Server thread/INFO]: Regular: [Regular] MarshBumFluff
[19:49:25] [Server thread/INFO]: Regular: [Regular] MarshBumFluff
[19:51:57] [Server thread/INFO]: Failed
[19:51:57] [Server thread/INFO]: MarshBumFluff left the game.
[19:52:31] [Server thread/INFO]: Regular: [Regular] MarshBumFluff
[19:53:18] [Server thread/INFO]: Regular: [Regular] MarshBumFluff
[19:54:04] [Server thread/INFO]: Regular: [Regular] MarshBumFluff
[19:54:51] [Server thread/INFO]: Regular: [Regular] MarshBumFluff
[19:55:37] [Server thread/INFO]: Regular: [Regular] MarshBumFluff
[19:56:24] [Server thread/INFO]: Regular: [Regular] MarshBumFluff
[19:57:11] [Server thread/INFO]: Regular: [Regular] MarshBumFluff
[19:57:57] [Server thread/INFO]: Regular: [Regular] MarshBumFluff
[19:58:44] [Server thread/INFO]: Regular: [Regular] MarshBumFluff
[19:59:30] [Server thread/INFO]: Regular: [Regular] MarshBumFluff
[20:00:17] [Server thread/INFO]: Regular: [Regular] MarshBumFluff
[20:01:03] [Server thread/INFO]: Regular: [Regular] MarshBumFluff
[20:01:50] [Server thread/INFO]: Regular: [Regular] MarshBumFluff
[20:02:36] [Server thread/INFO]: Regular: [Regular] MarshBumFluff
[20:03:23] [Server thread/INFO]: Regular: [Regular] MarshBumFluff
[20:04:10] [Server thread/INFO]: Regular: [Regular] MarshBumFluff
[20:04:56] [Server thread/INFO]: Regular: [Regular] MarshBumFluff
[20:05:43] [Server thread/INFO]: Regular: [Regular] MarshBumFluff
[20:06:29] [Server thread/INFO]: Regular: [Regular] MarshBumFluff
[20:07:16] [Server thread/INFO]: Regular: [Regular] MarshBumFluff
[20:08:02] [Server thread/INFO]: Regular: [Regular] MarshBumFluff
[20:08:49] [Server thread/INFO]: Regular: [Regular] MarshBumFluff
[20:09:35] [Server thread/INFO]: Regular: [Regular] MarshBumFluff
[20:10:22] [Server thread/INFO]: Regular: [Regular] MarshBumFluff
[20:11:08] [Server thread/INFO]: Regular: [Regular] MarshBumFluff
[20:11:55] [Server thread/INFO]: Regular: [Regular] MarshBumFluff
[20:12:42] [Server thread/INFO]: Regular: [Regular] MarshBumFluff
[20:13:28] [Server thread/INFO]: Regular: [Regular] MarshBumFluff
[20:14:15] [Server thread/INFO]: Regular: [Regular] MarshBumFluff
[20:15:01] [Server thread/INFO]: Regular: [Regular] MarshBumFluff
[20:15:48] [Server thread/INFO]: Regular: [Regular] MarshBumFluff
[20:16:34] [Server thread/INFO]: Regular: [Regular] MarshBumFluff
[20:17:21] [Server thread/INFO]: Regular: [Regular] MarshBumFluff
[20:18:07] [Server thread/INFO]: Regular: [Regular] MarshBumFluff
[20:18:54] [Server thread/INFO]: Regular: [Regular] MarshBumFluff
[20:19:41] [Server thread/INFO]: Regular: [Regular] MarshBumFluff
[20:20:27] [Server thread/INFO]: Regular: [Regular] MarshBumFluff
[20:21:14] [Server thread/INFO]: Regular: [Regular] MarshBumFluff
[20:22:00] [Server thread/INFO]: Regular: [Regular] MarshBumFluff
[20:22:47] [Server thread/INFO]: Regular: [Regular] MarshBumFluff
[20:23:33] [Server thread/INFO]: Regular: [Regular] MarshBumFluff
[20:24:20] [Server thread/INFO]: Regular: [Regular] MarshBumFluff
[20:25:06] [Server thread/INFO]: Regular: [Regular] MarshBumFluff
[20:25:53] [Server thread/INFO]: Regular: [Regular] MarshBumFluff
[20:26:39] [Server thread/INFO]: Regular: [Regular] MarshBumFluff
[20:27:26] [Server thread/INFO]: Regular: [Regular] MarshBumFluff
[20:28:13] [Server thread/INFO]: Regular: [Regular] MarshBumFluff
[20:28:59] [Server thread/INFO]: Regular: [Regular] MarshBumFluff
[20:29:46] [Server thread/INFO]: Regular: [Regular] MarshBumFluff
[20:30:32] [Server thread/INFO]: Regular: [Regular] MarshBumFluff
[20:31:19] [Server thread/INFO]: Regular: [Regular] MarshBumFluff
[20:32:05] [Server thread/INFO]: Regular: [Regular] MarshBumFluff
[20:32:08] [Server thread/INFO]: MarshBumFluff left the game.
[20:54:05] [Server thread/INFO]: Failed
[21:56:12] [Server thread/INFO]: Failed
[22:58:19] [Server thread/INFO]: Failed
