[21:12:54] [Server thread/INFO]: giraffe: [Giraffe] Twiixtor
[21:13:13] [Server thread/INFO]: Twiixtor issued server command: /home home
[21:13:31] [Server thread/INFO]: Twiixtor issued server command: /gm 1
[21:13:32] [Server thread/INFO]: Twiixtor issued server command: /warp
[21:13:43] [Server thread/INFO]: Twiixtor issued server command: /warp properspawn
[21:13:49] [Server thread/INFO]: giraffe: [Giraffe] Twiixtor
[21:14:02] [Server thread/INFO]: Twiixtor issued server command: /warp copiedspawn
[21:14:28] [Server thread/INFO]: Twiixtor issued server command: /tp Twiixtor -1457 40 1215
[21:14:28] [Server thread/INFO]: Twiixtor issued server command: /tppos -1457 40 1215
[21:14:43] [Server thread/INFO]: giraffe: [Giraffe] Twiixtor
[21:14:57] [Server thread/INFO]: Twiixtor issued server command: /tp Twiixtor 244 66 638
[21:14:57] [Server thread/INFO]: Twiixtor issued server command: /tppos 244 66 638
[21:15:02] [Server thread/INFO]: Twiixtor issued server command: /tp Twiixtor 460 4 710
[21:15:02] [Server thread/INFO]: Twiixtor issued server command: /tppos 460 4 710
[21:15:05] [Server thread/INFO]: Twiixtor issued server command: /tp Twiixtor 272 74 998
[21:15:05] [Server thread/INFO]: Twiixtor issued server command: /tppos 272 74 998
[21:15:10] [Server thread/INFO]: Twiixtor issued server command: /tp Twiixtor -6 4 806
[21:15:10] [Server thread/INFO]: Twiixtor issued server command: /tppos -6 4 806
[21:15:16] [Server thread/INFO]: Twiixtor issued server command: /tp Twiixtor 50 4 1190
[21:15:16] [Server thread/INFO]: Twiixtor issued server command: /tppos 50 4 1190
[21:15:21] [Server thread/INFO]: Twiixtor issued server command: /tp Twiixtor 350 4 1248
[21:15:21] [Server thread/INFO]: Twiixtor issued server command: /tppos 350 4 1248
[21:15:30] [Server thread/INFO]: Twiixtor issued server command: /tp Twiixtor 50 63 -1107
[21:15:30] [Server thread/INFO]: Twiixtor issued server command: /tppos 50 63 -1107
[21:15:34] [Server thread/INFO]: Twiixtor issued server command: /tp Twiixtor 9 4 -1303
[21:15:34] [Server thread/INFO]: Twiixtor issued server command: /tppos 9 4 -1303
[21:15:38] [Server thread/INFO]: giraffe: [Giraffe] Twiixtor
[21:15:48] [Server thread/INFO]: Twiixtor issued server command: /tp Twiixtor 325 132 -1289
[21:15:48] [Server thread/INFO]: Twiixtor issued server command: /tppos 325 132 -1289
[21:15:51] [Server thread/INFO]: Twiixtor issued server command: /tp Twiixtor 522 4 -1330
[21:15:51] [Server thread/INFO]: Twiixtor issued server command: /tppos 522 4 -1330
[21:15:53] [Server thread/INFO]: Twiixtor issued server command: /tp Twiixtor 384 4 -1581
[21:15:53] [Server thread/INFO]: Twiixtor issued server command: /tppos 384 4 -1581
[21:15:55] [Server thread/INFO]: Twiixtor issued server command: /tp Twiixtor 71 76 -1585
[21:15:55] [Server thread/INFO]: Twiixtor issued server command: /tppos 71 76 -1585
[21:16:25] [Server thread/INFO]: Twiixtor issued server command: /tp Twiixtor -1458 4 1039
[21:16:25] [Server thread/INFO]: Twiixtor issued server command: /tppos -1458 4 1039
[21:16:32] [Server thread/INFO]: giraffe: [Giraffe] Twiixtor
[21:17:04] [Server thread/INFO]: Twiixtor left the game.
