[16:22:21] [main/INFO]: Launching wrapped minecraft {net.minecraft.server.MinecraftServer}
[16:22:25] [Server thread/INFO]: MinecraftForge v10.13.4.1448 Initialized
[16:22:25] [Server thread/INFO]: Replaced 183 ore recipies
[16:22:25] [Server thread/INFO]: Found 0 mods from the command line. Injecting into mod discoverer
[16:22:25] [Server thread/INFO]: Searching /home/root/multicraft/servers/server435620/mods for mods
[16:22:25] [Server thread/INFO]: Also searching /home/root/multicraft/servers/server435620/mods/1.7.10 for mods
[16:22:27] [Server thread/INFO]: Forge Mod Loader has identified 37 mods to load
[16:22:29] [Server thread/INFO]: Preparing to take over the world
[16:22:30] [Server thread/INFO]: Designs found: Bed(6), Chisel(9), FlowerPot(18), Tile(13)
[16:22:30] [Server thread/INFO]: Mantle (1.7.10-0.3.2.jenkins184) -- Preparing for launch.
[16:22:31] [Server thread/INFO]: Gear module active. Adding gear cast.
[16:22:31] [Server thread/INFO]: Twilight Forest Detected
[16:22:31] [Server thread/INFO]: Thaumcraft Detected
[16:22:35] [Server thread/INFO]: Applying holder lookups
[16:22:35] [Server thread/INFO]: Holder lookups applied
[16:22:35] [Server thread/INFO]: Injecting itemstacks
[16:22:35] [Server thread/INFO]: Loading properties
[16:22:35] [Server thread/INFO]: Default game type: SURVIVAL
[16:22:35] [Server thread/INFO]: Using 4 threads for Netty based IO
[16:22:35] [Server thread/INFO]: Server Ping Player Sample Count: 12
[16:22:36] [Server thread/INFO]: Thaumcraft detected. Registering harvestables.
[16:22:37] [Server thread/INFO]: InfernalMobsCore load() completed! Modifiers ready: 27
[16:22:37] [Server thread/INFO]: Injecting itemstacks
[16:22:37] [Server thread/INFO]: ## Chest items register ##
[16:22:37] [Server thread/INFO]: Loading Manual XML from: /assets/mantle/manuals/test.xml
[16:22:37] [Server thread/INFO]: Thaumcraft detected. Adding thaumium tools.
[16:22:38] [Server thread/INFO]: item.apple0: 15: 1: 3
[16:22:38] [Server thread/INFO]: item.appleGold0: 1: 1: 1
[16:22:38] [Server thread/INFO]: item.arrow0: 30: 2: 7
[16:22:38] [Server thread/INFO]: item.book0: 20: 1: 3
[16:22:38] [Server thread/INFO]: item.bread0: 14: 1: 1
[16:22:38] [Server thread/INFO]: item.bucket0: 10: 1: 1
[16:22:38] [Server thread/INFO]: item.coal0: 10: 3: 8
[16:22:38] [Server thread/INFO]: item.compass0: 1: 1: 1
[16:22:38] [Server thread/INFO]: item.dyePowder.blue4: 5: 4: 9
[16:22:38] [Server thread/INFO]: item.emerald0: 2: 1: 3
[16:22:38] [Server thread/INFO]: item.emptyMap0: 1: 1: 1
[16:22:38] [Server thread/INFO]: item.enchantedBook0: 1: 1: 1
[16:22:38] [Server thread/INFO]: item.enderPearl0: 10: 1: 1
[16:22:38] [Server thread/INFO]: item.horsearmorgold0: 1: 1: 1
[16:22:38] [Server thread/INFO]: item.horsearmormetal0: 1: 1: 1
[16:22:38] [Server thread/INFO]: item.ingotGold0: 5: 1: 3
[16:22:38] [Server thread/INFO]: item.nameTag0: 10: 1: 1
[16:22:38] [Server thread/INFO]: item.paper0: 20: 2: 7
[16:22:38] [Server thread/INFO]: item.record0: 10: 1: 1
[16:22:38] [Server thread/INFO]: item.rottenFlesh0: 16: 3: 7
[16:22:38] [Server thread/INFO]: item.saddle0: 2: 1: 1
[16:22:38] [Server thread/INFO]: item.seeds_pumpkin0: 10: 2: 4
[16:22:38] [Server thread/INFO]: item.string0: 10: 1: 4
[16:22:38] [Server thread/INFO]: item.sulphur0: 10: 1: 4
[16:22:38] [Server thread/INFO]: tile.obsidian0: 5: 3: 7
[16:22:38] [Server thread/INFO]: tile.rail0: 1: 4: 8
[16:22:38] [Server thread/INFO]: tile.sapling.oak0: 5: 3: 7
[16:22:38] [Server thread/INFO]: Total Weight: 375
[16:22:38] [Server thread/INFO]: TwilightForestMod mod found.
[16:22:38] [Server thread/INFO]: Success in registering ThaumicTinkerer
[16:22:38] [Server thread/INFO]: Forge Mod Loader has successfully loaded 37 mods
[16:22:38] [Server thread/INFO]: Applying holder lookups
[16:22:38] [Server thread/INFO]: Holder lookups applied
[16:22:41] [Server thread/INFO]: [WorldBorder] Loading WorldBorder v1.7.9
[16:22:41] [Server thread/INFO]: [AutoMessage] Loading AutoMessage v2.4.0
[16:22:41] [Server thread/INFO]: [WorldEdit] Loading WorldEdit v5.6.3
[16:22:41] [Server thread/INFO]: [CommandBook] Loading CommandBook v2.4:1692-75bb1c8,master
[16:22:41] [Server thread/INFO]: [Vault] Loading Vault v1.2.31-b411
[16:22:41] [Server thread/INFO]: [ClearLag] Loading ClearLag v2.8.1
[16:22:41] [Server thread/INFO]: [mcMMO] Loading mcMMO v1.5.00-b3547
[16:22:41] [Server thread/INFO]: [WorldGuard] Loading WorldGuard v6.0.0-beta-03.1514-
[16:22:41] [Server thread/INFO]: [Essentials] Loading Essentials v2.12.2
[16:22:41] [Server thread/INFO]: [EssentialsXMPP] Loading EssentialsXMPP v2.12.2
[16:22:41] [Server thread/INFO]: [HeroBounty] Loading HeroBounty v1.9.5
[16:22:41] [Server thread/INFO]: [EpicQuest] Loading EpicQuest v3.5.4
[16:22:41] [Server thread/INFO]: [EssentialsProtect] Loading EssentialsProtect v2.12.2
[16:22:41] [Server thread/INFO]: [EssentialsSpawn] Loading EssentialsSpawn v2.12.2
[16:22:41] [Server thread/INFO]: [EssentialsGeoIP] Loading EssentialsGeoIP v2.12.2
[16:22:41] [Server thread/INFO]: [EssentialsAntiBuild] Loading EssentialsAntiBuild v2.12.2
[16:22:41] [Server thread/INFO]: [Vault] Enabling Vault v1.2.31-b411
[16:22:42] [Server thread/INFO]: [mcMMO] Enabling mcMMO v1.5.00-b3547
[16:22:46] [Server thread/INFO]: Preparing spawn area: 55%
[16:22:47] [Server thread/INFO]: [WorldBorder] Enabling WorldBorder v1.7.9
[16:22:47] [Server thread/INFO]: [WorldBorder] [CONFIG] Using elliptic/round border, knockback of 3.0 blocks, and timer delay of 5.
[16:22:47] [Server thread/INFO]: [WorldBorder] [CONFIG] Border-checking timed task started.
[16:22:47] [Server thread/INFO]: [AutoMessage] Enabling AutoMessage v2.4.0
[16:22:47] [Server thread/INFO]: [WorldEdit] Enabling WorldEdit v5.6.3
[16:22:48] [Server thread/INFO]: [CommandBook] Enabling CommandBook v2.4:1692-75bb1c8,master
[16:22:48] [Server thread/INFO]: [CommandBook] 0 Homes(s) loaded
[16:22:48] [Server thread/INFO]: [CommandBook] 0 Warps(s) loaded
[16:22:48] [Server thread/INFO]: [CommandBook] 1 kit(s) loaded.
[16:22:48] [Server thread/INFO]: [ClearLag] Enabling ClearLag v2.8.1
[16:22:48] [Server thread/INFO]: [ClearLag] Loading modules...
[16:22:48] [Server thread/INFO]: [ClearLag] Modules have been loaded!
[16:22:48] [Server thread/INFO]: [ClearLag] Clearlag is now enabled!
[16:22:48] [Server thread/INFO]: [WorldGuard] Enabling WorldGuard v6.0.0-beta-03.1514-
[16:22:49] [Server thread/INFO]: [WorldGuard] (World1) Lighters are PERMITTED.
[16:22:49] [Server thread/INFO]: [WorldGuard] (World1) Lava fire is blocked.
[16:22:49] [Server thread/INFO]: [WorldGuard] (World1) Fire spread is UNRESTRICTED.
[16:22:49] [Server thread/INFO]: [WorldGuard] (DIM7) Lighters are PERMITTED.
[16:22:49] [Server thread/INFO]: [WorldGuard] (DIM7) Lava fire is blocked.
[16:22:49] [Server thread/INFO]: [WorldGuard] (DIM7) Fire spread is UNRESTRICTED.
[16:22:49] [Server thread/INFO]: [WorldGuard] (DIM-19) Lighters are PERMITTED.
[16:22:49] [Server thread/INFO]: [WorldGuard] (DIM-19) Lava fire is blocked.
[16:22:49] [Server thread/INFO]: [WorldGuard] (DIM-19) Fire spread is UNRESTRICTED.
[16:22:49] [Server thread/INFO]: [WorldGuard] (DIM-42) Lighters are PERMITTED.
[16:22:49] [Server thread/INFO]: [WorldGuard] (DIM-42) Lava fire is blocked.
[16:22:49] [Server thread/INFO]: [WorldGuard] (DIM-42) Fire spread is UNRESTRICTED.
[16:22:49] [Server thread/INFO]: [WorldGuard] (DIM1) Lighters are PERMITTED.
[16:22:49] [Server thread/INFO]: [WorldGuard] (DIM1) Lava fire is blocked.
[16:22:49] [Server thread/INFO]: [WorldGuard] (DIM1) Fire spread is UNRESTRICTED.
[16:22:49] [Server thread/INFO]: [WorldGuard] (DIM-1) Lighters are PERMITTED.
[16:22:49] [Server thread/INFO]: [WorldGuard] (DIM-1) Lava fire is blocked.
[16:22:49] [Server thread/INFO]: [WorldGuard] (DIM-1) Fire spread is UNRESTRICTED.
[16:22:50] [Server thread/INFO]: [Essentials] Enabling Essentials v2.12.2
[16:22:50] [Server thread/INFO]: 1.7.10-1448.127 (MC: 1.7.10)
[16:22:50] [Server thread/INFO]: 1.7.10-R0.1-SNAPSHOT
[16:22:50] [Server thread/INFO]: [EssentialsXMPP] Enabling EssentialsXMPP v2.12.2
[16:22:50] [Server thread/INFO]: [HeroBounty] Enabling HeroBounty v1.9.5
[16:22:50] [Server thread/INFO]: [EpicQuest] Enabling EpicQuest v3.5.4
[16:22:50] [Server thread/INFO]: [EssentialsProtect] Enabling EssentialsProtect v2.12.2
[16:22:50] [Server thread/INFO]: [EssentialsSpawn] Enabling EssentialsSpawn v2.12.2
[16:22:50] [Server thread/INFO]: [EssentialsGeoIP] Enabling EssentialsGeoIP v2.12.2
[16:22:51] [Server thread/INFO]: [EssentialsAntiBuild] Enabling EssentialsAntiBuild v2.12.2
[18:53:59] [Server thread/INFO]: Assigning initial aspects to Twistybeef
[18:55:49] [Server thread/INFO]: Twistybeef has just earned the achievement [Taking Inventory]
[18:58:19] [Server thread/INFO]: Assigning initial aspects to Crustifer
[18:58:27] [Server thread/INFO]: Crustifer issued server command: /we cui
[18:58:34] [Server thread/INFO]: Crustifer has just earned the achievement [Taking Inventory]
[18:58:36] [Server thread/INFO]: Crustifer issued server command: /gamemode 1
[18:59:38] [Server thread/INFO]: Crustifer issued server command: /gamemode 0
[18:59:40] [Server thread/INFO]: Crustifer issued server command: /help
[18:59:42] [Server thread/INFO]: Crustifer issued server command: /help 2
[19:00:09] [Server thread/INFO]: [Crustifer: Given [Void Sword] * 1 to Crustifer]
[19:00:22] [Server thread/INFO]: Crustifer issued server command: /gamemode 1
[19:00:39] [Server thread/INFO]: Crustifer issued server command: /gamemode 0
[19:00:43] [Server thread/INFO]: [Crustifer: Given [Void Pickaxe] * 1 to Crustifer]
[19:01:23] [Server thread/INFO]: Crustifer was burnt to a crisp whilst fighting a mob
[19:01:24] [Server thread/INFO]: Crustifer issued server command: /we cui
[19:01:31] [Server thread/INFO]: Crustifer issued server command: /help
[19:01:48] [Server thread/INFO]: Crustifer issued server command: /
[19:03:10] [Server thread/INFO]: 0
[19:03:10] [Server thread/INFO]: 0
[19:03:10] [Server thread/INFO]: 0
[19:03:22] [Server thread/INFO]: [Crustifer: Given [Legendary Loot Bag] * 1 to Crustifer]
[19:03:23] [Server thread/INFO]: [Crustifer: Given [Legendary Loot Bag] * 1 to Crustifer]
[19:03:23] [Server thread/INFO]: [Crustifer: Given [Legendary Loot Bag] * 1 to Crustifer]
[19:03:24] [Server thread/INFO]: [Crustifer: Given [Legendary Loot Bag] * 1 to Crustifer]
[19:03:24] [Server thread/INFO]: [Crustifer: Given [Legendary Loot Bag] * 1 to Crustifer]
[19:03:24] [Server thread/INFO]: [Crustifer: Given [Legendary Loot Bag] * 1 to Crustifer]
[19:03:24] [Server thread/INFO]: [Crustifer: Given [Legendary Loot Bag] * 1 to Crustifer]
[19:03:25] [Server thread/INFO]: [Crustifer: Given [Legendary Loot Bag] * 1 to Crustifer]
[19:03:25] [Server thread/INFO]: [Crustifer: Given [Legendary Loot Bag] * 1 to Crustifer]
[19:03:25] [Server thread/INFO]: [Crustifer: Given [Legendary Loot Bag] * 1 to Crustifer]
[19:03:25] [Server thread/INFO]: [Crustifer: Given [Legendary Loot Bag] * 1 to Crustifer]
[19:03:25] [Server thread/INFO]: [Crustifer: Given [Legendary Loot Bag] * 1 to Crustifer]
[19:03:27] [Server thread/INFO]: 0
[19:03:27] [Server thread/INFO]: 0
[19:03:27] [Server thread/INFO]: 0
[19:03:27] [Server thread/INFO]: 0
[19:03:27] [Server thread/INFO]: 0
[19:03:30] [Server thread/INFO]: 0
[19:03:30] [Server thread/INFO]: 0
[19:03:30] [Server thread/INFO]: 0
[19:03:34] [Server thread/INFO]: 0
[19:03:34] [Server thread/INFO]: 0
[19:03:34] [Server thread/INFO]: 0
[19:03:36] [Server thread/INFO]: 0
[19:03:36] [Server thread/INFO]: 0
[19:03:36] [Server thread/INFO]: 0
[19:03:40] [Server thread/INFO]: 0
[19:03:47] [Server thread/INFO]: 0
[19:03:47] [Server thread/INFO]: 0
[19:03:47] [Server thread/INFO]: 0
[19:03:47] [Server thread/INFO]: 0
[19:03:50] [Server thread/INFO]: 0
[19:03:51] [Server thread/INFO]: 0
[19:03:51] [Server thread/INFO]: 0
[19:03:54] [Server thread/INFO]: 0
[19:03:54] [Server thread/INFO]: 0
[19:03:54] [Server thread/INFO]: 0
[19:04:01] [Server thread/INFO]: 0
[19:04:01] [Server thread/INFO]: 0
[19:04:01] [Server thread/INFO]: 0
[19:04:01] [Server thread/INFO]: 0
[19:04:08] [Server thread/INFO]: [Crustifer: Given [Enchanted Book] * 1 to Crustifer]
[19:04:41] [Server thread/INFO]: [Crustifer: Given [Spawn Gold Chocobo] * 1 to Crustifer]
[19:04:51] [Server thread/INFO]: [Crustifer: Given [Chocobo Saddle] * 1 to Crustifer]
[19:05:06] [Server thread/INFO]: Crustifer issued server command: /gamemode 1
[19:05:21] [Server thread/INFO]: Crustifer left the game.
[19:05:55] [Server thread/INFO]: Twistybeef died
[19:06:21] [Server thread/INFO]: 0
[19:06:21] [Server thread/INFO]: 0
[19:06:38] [Server thread/INFO]: 0
[19:06:38] [Server thread/INFO]: 0
[19:06:38] [Server thread/INFO]: 0
[19:06:38] [Server thread/INFO]: 0
[19:07:05] [Server thread/INFO]: 0
[19:09:47] [Server thread/INFO]: Crustifer issued server command: /we cui
[19:10:02] [Server thread/INFO]: [Crustifer: Given [Legendary Loot Bag] * 1 to Crustifer]
[19:10:02] [Server thread/INFO]: [Crustifer: Given [Legendary Loot Bag] * 1 to Crustifer]
[19:10:42] [Server thread/INFO]: [Crustifer: Given [Seared Bricks] * 1 to Crustifer]
[19:10:45] [Server thread/INFO]: [Crustifer: Given [Seared Tank] * 1 to Crustifer]
[19:10:46] [Server thread/INFO]: [Crustifer: Given [Seared Glass] * 1 to Crustifer]
[19:11:10] [Server thread/INFO]: [Crustifer: Given [Seared Faucet] * 64 to Crustifer]
[19:11:12] [Server thread/INFO]: Crustifer left the game.
[19:14:33] [Server thread/INFO]: Crustifer issued server command: /we cui
[19:14:47] [Server thread/INFO]: Crustifer left the game.
[19:15:12] [Server thread/INFO]: Crustifer issued server command: /we cui
[19:15:14] [Server thread/INFO]: Twistybeef issued server command: /survival
[19:15:36] [Server thread/INFO]: Crustifer left the game.
[19:15:37] [Server thread/INFO]: Crustifer issued server command: /we cui
[19:15:41] [Server thread/INFO]: [Crustifer: Given [Seared Glass] * 64 to Crustifer]
[19:15:42] [Server thread/INFO]: [Crustifer: Given [Seared Tank] * 64 to Crustifer]
[19:15:56] [Server thread/INFO]: Crustifer left the game.
[19:17:25] [Server thread/INFO]: Crustifer issued server command: /we cui
[19:17:36] [Server thread/INFO]: [Crustifer: Given [Flint and Steel] * 1 to Crustifer]
[19:19:01] [Server thread/INFO]: [Crustifer: Given [Lava Crystal] * 1 to Crustifer]
[19:19:01] [Server thread/INFO]: [Crustifer: Given [Lava Bucket] * 1 to Crustifer]
[19:19:27] [Server thread/INFO]: [Crustifer: Given [Mighty Smelting] * 1 to Crustifer]
[19:19:28] [Server thread/INFO]: Crustifer has just earned the achievement [Learning to Tinker]
[19:20:41] [Server thread/INFO]: [Crustifer: Given [Block of Cobalt] * 64 to Crustifer]
[19:20:45] [Server thread/INFO]: [Crustifer: Given [Block of Ardite] * 64 to Crustifer]
[19:22:19] [Server thread/INFO]: Crustifer left the game.
[19:23:28] [Server thread/INFO]: Crustifer issued server command: /we cui
[19:24:20] [Server thread/INFO]: [Crustifer: Given [Smeltery Drain] * 1 to Crustifer]
[19:25:26] [Server thread/INFO]: [Crustifer: Given [Casting Table] * 1 to Crustifer]
[19:25:46] [Server thread/INFO]: [Crustifer: Given [Block of Ardite] * 64 to Crustifer]
[19:27:23] [Server thread/INFO]: [Crustifer: Given [Tool Forge] * 1 to Crustifer]
[19:27:50] [Server thread/INFO]: [Crustifer: Given [Large Blade Cast] * 1 to Crustifer]
[19:27:58] [Server thread/INFO]: [Crustifer: Given [Tough Rod Cast] * 1 to Crustifer]
[19:27:59] [Server thread/INFO]: [Crustifer: Given [Tough Rod Cast] * 1 to Crustifer]
[19:28:16] [Server thread/INFO]: [Crustifer: Given [Paper Tough Rod] * 1 to Crustifer]
[19:28:16] [Server thread/INFO]: [Crustifer: Given [Paper Tough Rod] * 1 to Crustifer]
[19:29:42] [Server thread/INFO]: [Twistybeef: Given [Blood Channel] * 64 to Twistybeef]
[19:30:15] [Server thread/INFO]: Crustifer issued server command: /gamemode 0
[19:30:19] [Server thread/INFO]: Crustifer left the game.
[19:35:11] [Server thread/INFO]: Crustifer issued server command: /we cui
[19:36:49] [Server thread/INFO]: Crustifer was blown up by Creeper
[19:36:55] [Server thread/INFO]: Crustifer issued server command: /we cui
[19:36:59] [Server thread/INFO]: Crustifer issued server command: /gamemode 1
[19:37:24] [Server thread/INFO]: Crustifer issued server command: /help 4
[19:37:26] [Server thread/INFO]: Twistybeef issued server command: /kill
[19:37:27] [Server thread/INFO]: Crustifer issued server command: /thelp 20
[19:37:28] [Server thread/INFO]: Crustifer issued server command: /help 21
[19:37:30] [Server thread/INFO]: Crustifer issued server command: /help 20
[19:37:32] [Server thread/INFO]: Twistybeef died
[19:37:39] [Server thread/INFO]: Crustifer issued server command: /help 19
[19:37:39] [Server thread/INFO]: Crustifer issued server command: /nick
[19:37:42] [Server thread/INFO]: Crustifer issued server command: /nick pussy slayer
[19:37:45] [Server thread/INFO]: Twistybeef issued server command: /back
[19:37:51] [Server thread/INFO]: Twistybeef issued server command: /black
[19:37:52] [Server thread/INFO]: Crustifer issued server command: /nick Crustifer PUSSY_SLAYER69
[19:38:29] [Server thread/INFO]: Crustifer issued server command: /nick twistybeef I_AM_GLOBAL_ELITE
[19:38:32] [Server thread/INFO]: Crustifer issued server command: /nick twistybeef I_AM_GLOBAL
[19:39:25] [Server thread/INFO]: Twistybeef issued server command: /nick twistybeef Skid
[19:40:17] [Server thread/INFO]: Crustifer issued server command: /wapr
[19:40:17] [Server thread/INFO]: Crustifer issued server command: /warp
[19:40:20] [Server thread/INFO]: Crustifer issued server command: /warp dropdown
[19:43:15] [Server thread/INFO]: Twistybeef left the game.
[20:00:52] [Server thread/INFO]: Crustifer left the game.
