[17:46:41] [Server thread/INFO]: Staff: [Admin] UnSeen
[17:47:32] [Server thread/INFO]: AttrebusMede issued server command: /spawn
[17:47:34] [Server thread/INFO]: AttrebusMede issued server command: /warp spawn
[17:47:35] [Server thread/INFO]: Staff: [Admin] UnSeen
[17:47:37] [Server thread/INFO]: AttrebusMede issued server command: /warp
[17:47:45] [Server thread/INFO]: AttrebusMede issued server command: /warp 1spawn
[17:48:30] [Server thread/INFO]: Staff: [Admin] UnSeen
[17:49:24] [Server thread/INFO]: Staff: [Admin] UnSeen
[17:49:53] [Netty Epoll Server IO #2/INFO]: [Admin] UnSeen: a
[17:50:19] [Server thread/INFO]: Staff: [Admin] UnSeen
[17:51:13] [Server thread/INFO]: Staff: [Admin] UnSeen
[17:52:08] [Server thread/INFO]: Staff: [Admin] UnSeen
[17:53:02] [Server thread/INFO]: Staff: [Admin] UnSeen
[17:53:56] [Server thread/INFO]: Staff: [Admin] UnSeen
[17:54:51] [Server thread/INFO]: Staff: [Admin] UnSeen
[17:55:45] [Server thread/INFO]: Staff: [Admin] UnSeen
[17:56:40] [Server thread/INFO]: Staff: [Admin] UnSeen
[17:57:34] [Server thread/INFO]: Staff: [Admin] UnSeen
[17:58:29] [Server thread/INFO]: Staff: [Admin] UnSeen
[17:59:23] [Server thread/INFO]: Staff: [Admin] UnSeen
[18:00:18] [Server thread/INFO]: Staff: [Admin] UnSeen
[18:01:12] [Server thread/INFO]: Staff: [Admin] UnSeen
[18:02:06] [Server thread/INFO]: Staff: [Admin] UnSeen
[18:03:01] [Server thread/INFO]: Staff: [Admin] UnSeen
[18:03:55] [Server thread/INFO]: Staff: [Admin] UnSeen
[18:04:50] [Server thread/INFO]: Staff: [Admin] UnSeen
[18:05:44] [Server thread/INFO]: Staff: [Admin] UnSeen
[18:06:39] [Server thread/INFO]: Staff: [Admin] UnSeen
[18:07:33] [Server thread/INFO]: Staff: [Admin] UnSeen
[18:08:28] [Server thread/INFO]: Staff: [Admin] UnSeen
[18:09:22] [Server thread/INFO]: Staff: [AFK][Admin] UnSeen
[18:10:16] [Server thread/INFO]: Staff: [AFK][Admin] UnSeen
[18:11:11] [Server thread/INFO]: Staff: [AFK][Admin] UnSeen
[18:12:05] [Server thread/INFO]: Staff: [AFK][Admin] UnSeen
[18:13:00] [Server thread/INFO]: Staff: [AFK][Admin] UnSeen
[18:13:54] [Server thread/INFO]: Staff: [AFK][Admin] UnSeen
[18:14:49] [Server thread/INFO]: Staff: [AFK][Admin] UnSeen
[18:15:43] [Server thread/INFO]: Staff: [AFK][Admin] UnSeen
[18:16:38] [Server thread/INFO]: Staff: [AFK][Admin] UnSeen
[18:17:32] [Server thread/INFO]: Staff: [AFK][Admin] UnSeen
[18:18:27] [Server thread/INFO]: Staff: [AFK][Admin] UnSeen
[18:19:21] [Server thread/INFO]: Staff: [AFK][Admin] UnSeen
[18:20:16] [Server thread/INFO]: Staff: [AFK][Admin] UnSeen
[18:21:10] [Server thread/INFO]: Staff: [AFK][Admin] UnSeen
[18:22:04] [Server thread/INFO]: Staff: [AFK][Admin] UnSeen
[18:22:59] [Server thread/INFO]: Staff: [AFK][Admin] UnSeen
[18:23:53] [Server thread/INFO]: Staff: [AFK][Admin] UnSeen
[18:24:48] [Server thread/INFO]: Staff: [AFK][Admin] UnSeen
[18:25:42] [Server thread/INFO]: Staff: [AFK][Admin] UnSeen
[18:26:37] [Server thread/INFO]: Staff: [AFK][Admin] UnSeen
[18:27:31] [Server thread/INFO]: Staff: [AFK][Admin] UnSeen
[18:28:26] [Server thread/INFO]: Staff: [AFK][Admin] UnSeen
[18:29:20] [Server thread/INFO]: Staff: [AFK][Admin] UnSeen
[18:30:14] [Server thread/INFO]: Staff: [AFK][Admin] UnSeen
[18:31:09] [Server thread/INFO]: Staff: [AFK][Admin] UnSeen
[18:32:03] [Server thread/INFO]: Staff: [AFK][Admin] UnSeen
[18:32:58] [Server thread/INFO]: Staff: [AFK][Admin] UnSeen
[18:33:52] [Server thread/INFO]: Staff: [AFK][Admin] UnSeen
[18:34:47] [Server thread/INFO]: Staff: [AFK][Admin] UnSeen
[18:35:41] [Server thread/INFO]: Staff: [AFK][Admin] UnSeen
[18:36:36] [Server thread/INFO]: Staff: [AFK][Admin] UnSeen
[18:37:30] [Server thread/INFO]: Staff: [AFK][Admin] UnSeen
[18:38:24] [Server thread/INFO]: Staff: [AFK][Admin] UnSeen
[18:39:19] [Server thread/INFO]: Staff: [AFK][Admin] UnSeen
[18:40:13] [Server thread/INFO]: Staff: [AFK][Admin] UnSeen
[18:41:08] [Server thread/INFO]: Staff: [AFK][Admin] UnSeen
[18:42:02] [Server thread/INFO]: Staff: [AFK][Admin] UnSeen
[18:42:57] [Server thread/INFO]: Staff: [AFK][Admin] UnSeen
[18:43:51] [Server thread/INFO]: Staff: [AFK][Admin] UnSeen
[18:44:46] [Server thread/INFO]: Staff: [AFK][Admin] UnSeen
[18:45:40] [Server thread/INFO]: Staff: [AFK][Admin] UnSeen
[18:46:34] [Server thread/INFO]: Staff: [AFK][Admin] UnSeen
[18:47:29] [Server thread/INFO]: Staff: [AFK][Admin] UnSeen
[18:47:29] [Server thread/INFO]: Developers: [Dev] Popey
[18:48:18] [Netty Epoll Server IO #5/INFO]: [Dev] Popey: Also, fixing MCMMO stuff
[18:48:22] [Server thread/INFO]: Stopping the server
[18:48:22] [Server thread/INFO]: Stopping server
[18:48:22] [Server thread/INFO]: [HolographicDisplays] Disabling HolographicDisplays v2.1.10
[18:48:22] [Server thread/INFO]: [MobArena] Disabling MobArena v0.97.1
[18:48:22] [Server thread/INFO]: [MobArena] disabled.
[18:48:22] [Server thread/INFO]: [EssentialsProtect] Disabling EssentialsProtect vTeamCity
[18:48:22] [Server thread/INFO]: [OnTime] Disabling OnTime v4.1.3
[18:48:22] [Server thread/INFO]: [WorldGuard] Disabling WorldGuard v6.1
[18:48:22] [Server thread/INFO]: [WorldGuard] Shutting down executor and waiting for any pending tasks...
[18:48:22] [Server thread/INFO]: [ProtocolLib] Disabling ProtocolLib v3.6.4
[18:48:22] [Server thread/INFO]: [MassiveCore] Disabling MassiveCore v2.8.0
[18:48:22] [Server thread/INFO]: [MassiveCore 2.8.0] Disabled
[18:48:22] [Server thread/INFO]: [LaggRemover] Disabling LaggRemover v0.1.9
[18:48:22] [Server thread/INFO]: [LaggRemover] LaggRemover has been disabled!
[18:48:22] [Server thread/INFO]: [EssentialsSpawn] Disabling EssentialsSpawn vTeamCity
[18:48:22] [Server thread/INFO]: [Vault] Disabling Vault v1.5.6-b49
[18:48:22] [Server thread/INFO]: [Random_Spawn] Disabling Random_Spawn v2.6
[18:48:22] [Server thread/INFO]: [mcMMO] Disabling mcMMO v1.5.00-b3547
[18:48:22] [Server thread/INFO]: [Essentials] Disabling Essentials vTeamCity
[18:48:22] [Server thread/INFO]: [WorldEdit] Disabling WorldEdit v6.1;no_git_id
[18:48:22] [Server thread/INFO]: AttrebusMede left the game.
