[21:39:14] [main/INFO]: Launching wrapped minecraft {net.minecraft.server.MinecraftServer}
[21:39:17] [Server thread/INFO]: MinecraftForge v10.13.4.1448 Initialized
[21:39:17] [Server thread/INFO]: Replaced 183 ore recipies
[21:39:17] [Server thread/INFO]: Found 0 mods from the command line. Injecting into mod discoverer
[21:39:17] [Server thread/INFO]: Searching /home/root/multicraft/servers/server435620/mods for mods
[21:39:17] [Server thread/INFO]: Also searching /home/root/multicraft/servers/server435620/mods/1.7.10 for mods
[21:39:20] [Server thread/INFO]: Forge Mod Loader has identified 40 mods to load
[21:39:22] [Server thread/INFO]: Mantle (1.7.10-0.3.2.jenkins184) -- Preparing for launch.
[21:39:25] [Server thread/INFO]: Designs found: Bed(6), Chisel(9), FlowerPot(18), Tile(13)
[21:39:25] [Server thread/INFO]: Gear module active. Adding gear cast.
[21:39:25] [Server thread/INFO]: Biomes O' Plenty Detected
[21:39:25] [Server thread/INFO]: Twilight Forest Detected
[21:39:25] [Server thread/INFO]: Thaumcraft Detected
[21:39:29] [Server thread/INFO]: Applying holder lookups
[21:39:29] [Server thread/INFO]: Holder lookups applied
[21:39:29] [Server thread/INFO]: Injecting itemstacks
[21:39:29] [Server thread/INFO]: Loading properties
[21:39:29] [Server thread/INFO]: Default game type: SURVIVAL
[21:39:30] [Server thread/INFO]: Server Ping Player Sample Count: 12
[21:39:30] [Server thread/INFO]: Using 4 threads for Netty based IO
[21:39:30] [Server thread/INFO]: Waila detected.
[21:39:30] [Server thread/INFO]: Thaumcraft detected. Registering harvestables.
[21:39:30] [Server thread/INFO]: InfernalMobsCore load() completed! Modifiers ready: 27
[21:39:31] [Server thread/INFO]: Injecting itemstacks
[21:39:31] [Server thread/INFO]: Loading Manual XML from: /assets/mantle/manuals/test.xml
[21:39:31] [Server thread/INFO]: ## Chest items register ##
[21:39:31] [Server thread/INFO]: Thaumcraft detected. Adding thaumium tools.
[21:39:32] [Server thread/INFO]: item.apple0: 15: 1: 3
[21:39:32] [Server thread/INFO]: item.appleGold0: 1: 1: 1
[21:39:32] [Server thread/INFO]: item.arrow0: 30: 2: 7
[21:39:32] [Server thread/INFO]: item.book0: 20: 1: 3
[21:39:32] [Server thread/INFO]: item.bread0: 14: 1: 1
[21:39:32] [Server thread/INFO]: item.bucket0: 10: 1: 1
[21:39:32] [Server thread/INFO]: item.coal0: 10: 3: 8
[21:39:32] [Server thread/INFO]: item.compass0: 1: 1: 1
[21:39:32] [Server thread/INFO]: item.dyePowder.blue4: 5: 4: 9
[21:39:32] [Server thread/INFO]: item.emerald0: 2: 1: 3
[21:39:32] [Server thread/INFO]: item.emptyMap0: 1: 1: 1
[21:39:32] [Server thread/INFO]: item.enchantedBook0: 1: 1: 1
[21:39:32] [Server thread/INFO]: item.enderPearl0: 10: 1: 1
[21:39:32] [Server thread/INFO]: item.flippers0: 5: 1: 1
[21:39:32] [Server thread/INFO]: item.horsearmorgold0: 1: 1: 1
[21:39:32] [Server thread/INFO]: item.horsearmormetal0: 1: 1: 1
[21:39:32] [Server thread/INFO]: item.ingotGold0: 5: 1: 3
[21:39:32] [Server thread/INFO]: item.misc.ash1: 25: 2: 8
[21:39:32] [Server thread/INFO]: item.nameTag0: 10: 1: 1
[21:39:32] [Server thread/INFO]: item.paper0: 20: 2: 7
[21:39:32] [Server thread/INFO]: item.record0: 10: 1: 1
[21:39:32] [Server thread/INFO]: item.rottenFlesh0: 16: 3: 7
[21:39:32] [Server thread/INFO]: item.saddle0: 2: 1: 1
[21:39:32] [Server thread/INFO]: item.seeds_pumpkin0: 10: 2: 4
[21:39:32] [Server thread/INFO]: item.string0: 10: 1: 4
[21:39:32] [Server thread/INFO]: item.sulphur0: 10: 1: 4
[21:39:32] [Server thread/INFO]: item.wadingBoots0: 5: 1: 1
[21:39:32] [Server thread/INFO]: tile.flowers.deadbloom2: 25: 1: 4
[21:39:32] [Server thread/INFO]: tile.flowers.glowflower3: 25: 1: 4
[21:39:32] [Server thread/INFO]: tile.obsidian0: 5: 3: 7
[21:39:32] [Server thread/INFO]: tile.plants.thorn5: 20: 4: 6
[21:39:32] [Server thread/INFO]: tile.rail0: 1: 4: 8
[21:39:32] [Server thread/INFO]: tile.sapling.oak0: 5: 3: 7
[21:39:32] [Server thread/INFO]: Total Weight: 480
[21:39:32] [Server thread/INFO]: TwilightForestMod mod found.
[21:39:32] [Server thread/INFO]: Success in registering ThaumicTinkerer
[21:39:32] [Server thread/INFO]: Forge Mod Loader has successfully loaded 40 mods
[21:39:35] [Server thread/INFO]: Preparing spawn area: 5%
[21:39:36] [Server thread/INFO]: Preparing spawn area: 9%
[21:39:37] [Server thread/INFO]: Preparing spawn area: 14%
[21:39:38] [Server thread/INFO]: Preparing spawn area: 19%
[21:39:39] [Server thread/INFO]: Preparing spawn area: 22%
[21:39:41] [Server thread/INFO]: Preparing spawn area: 28%
[21:39:42] [Server thread/INFO]: Preparing spawn area: 36%
[21:39:43] [Server thread/INFO]: Preparing spawn area: 37%
[21:39:44] [Server thread/INFO]: Preparing spawn area: 45%
[21:39:46] [Server thread/INFO]: Preparing spawn area: 51%
[21:39:47] [Server thread/INFO]: Preparing spawn area: 56%
[21:39:48] [Server thread/INFO]: Preparing spawn area: 58%
[21:39:49] [Server thread/INFO]: Preparing spawn area: 63%
[21:39:50] [Server thread/INFO]: Preparing spawn area: 66%
[21:39:51] [Server thread/INFO]: Preparing spawn area: 69%
[21:39:52] [Server thread/INFO]: Preparing spawn area: 72%
[21:39:54] [Server thread/INFO]: Preparing spawn area: 74%
[21:39:55] [Server thread/INFO]: Preparing spawn area: 78%
[21:39:56] [Server thread/INFO]: Preparing spawn area: 82%
[21:39:58] [Server thread/INFO]: Preparing spawn area: 84%
[21:39:59] [Server thread/INFO]: Preparing spawn area: 87%
[21:40:00] [Server thread/INFO]: Preparing spawn area: 89%
[21:40:01] [Server thread/INFO]: Preparing spawn area: 92%
[21:40:02] [Server thread/INFO]: Preparing spawn area: 94%
[21:40:03] [Server thread/INFO]: Preparing spawn area: 96%
[21:40:04] [Server thread/INFO]: Preparing spawn area: 98%
