[01:41:54] [Server thread/INFO]: Crustifer has just earned the achievement [Taking Inventory]
[01:46:21] [Server thread/INFO]: [Crustifer: Given [TNT] * ∞ to Crustifer]
[01:46:22] [Server thread/INFO]: [Crustifer: Given [TNT] * ∞ to Crustifer]
[01:46:28] [Server thread/INFO]: [Crustifer: Given [TNT] * ∞ to Crustifer]
[01:46:29] [Server thread/INFO]: [Crustifer: Given [TNT] * 1 to Crustifer]
[01:46:29] [Server thread/INFO]: [Crustifer: Given [TNT] * ∞ to Crustifer]
[01:46:30] [Server thread/INFO]: [Crustifer: Given [TNT] * 1 to Crustifer]
[01:46:30] [Server thread/INFO]: [Crustifer: Given [TNT] * 1 to Crustifer]
[01:46:30] [Server thread/INFO]: [Crustifer: Given [TNT] * 1 to Crustifer]
[01:46:31] [Server thread/INFO]: [Crustifer: Given [TNT] * 1 to Crustifer]
[01:46:31] [Server thread/INFO]: [Crustifer: Given [TNT] * 1 to Crustifer]
[01:46:31] [Server thread/INFO]: [Crustifer: Given [TNT] * 1 to Crustifer]
[01:46:31] [Server thread/INFO]: [Crustifer: Given [TNT] * ∞ to Crustifer]
[01:46:31] [Server thread/INFO]: [Crustifer: Given [TNT] * ∞ to Crustifer]
[01:46:32] [Server thread/INFO]: [Crustifer: Given [TNT] * ∞ to Crustifer]
[01:46:32] [Server thread/INFO]: [Crustifer: Given [TNT] * ∞ to Crustifer]
[01:46:32] [Server thread/INFO]: [Crustifer: Given [TNT] * ∞ to Crustifer]
[01:46:33] [Server thread/INFO]: [Crustifer: Given [TNT] * ∞ to Crustifer]
[01:46:33] [Server thread/INFO]: [Crustifer: Given [TNT] * ∞ to Crustifer]
[01:46:33] [Server thread/INFO]: [Crustifer: Given [TNT] * ∞ to Crustifer]
[01:46:33] [Server thread/INFO]: [Crustifer: Given [TNT] * ∞ to Crustifer]
[01:46:33] [Server thread/INFO]: [Crustifer: Given [TNT] * ∞ to Crustifer]
[01:46:34] [Server thread/INFO]: [Crustifer: Given [TNT] * ∞ to Crustifer]
[01:46:34] [Server thread/INFO]: [Crustifer: Given [TNT] * 1 to Crustifer]
[01:46:35] [Server thread/INFO]: [Crustifer: Given [TNT] * ∞ to Crustifer]
[01:46:35] [Server thread/INFO]: [Crustifer: Given [TNT] * ∞ to Crustifer]
[01:46:36] [Server thread/INFO]: [Crustifer: Given [TNT] * ∞ to Crustifer]
[01:46:36] [Server thread/INFO]: [Crustifer: Given [TNT] * ∞ to Crustifer]
[01:46:36] [Server thread/INFO]: [Crustifer: Given [TNT] * ∞ to Crustifer]
[01:46:36] [Server thread/INFO]: [Crustifer: Given [TNT] * ∞ to Crustifer]
[01:46:37] [Server thread/INFO]: [Crustifer: Given [TNT] * 1 to Crustifer]
[01:46:37] [Server thread/INFO]: [Crustifer: Given [TNT] * 1 to Crustifer]
[01:46:37] [Server thread/INFO]: [Crustifer: Given [TNT] * 1 to Crustifer]
[01:46:37] [Server thread/INFO]: [Crustifer: Given [TNT] * 1 to Crustifer]
[01:46:38] [Server thread/INFO]: [Crustifer: Given [TNT] * 1 to Crustifer]
[01:46:38] [Server thread/INFO]: [Crustifer: Given [TNT] * 1 to Crustifer]
[01:46:38] [Server thread/INFO]: [Crustifer: Given [TNT] * 1 to Crustifer]
[01:46:38] [Server thread/INFO]: [Crustifer: Given [TNT] * 1 to Crustifer]
[01:46:52] [Server thread/INFO]: [Crustifer: Given [TNT] * 1 to Crustifer]
[01:47:36] [Server thread/INFO]: [Crustifer: Given [TNT] * ∞ to Crustifer]
[01:47:40] [Server thread/INFO]: [Crustifer: Given [TNT] * 64 to Crustifer]
[01:47:42] [Server thread/INFO]: [Crustifer: Given [TNT] * 64 to Crustifer]
[01:47:42] [Server thread/INFO]: [Crustifer: Given [TNT] * 64 to Crustifer]
[01:47:45] [Server thread/INFO]: [Crustifer: Given [TNT] * 64 to Crustifer]
[01:47:45] [Server thread/INFO]: [Crustifer: Given [TNT] * 64 to Crustifer]
[01:47:45] [Server thread/INFO]: [Crustifer: Given [TNT] * 64 to Crustifer]
[01:47:48] [Server thread/INFO]: [Crustifer: Given [TNT] * 64 to Crustifer]
[01:47:48] [Server thread/INFO]: [Crustifer: Given [TNT] * 64 to Crustifer]
[01:47:54] [Server thread/INFO]: [Crustifer: Given [TNT] * ∞ to Crustifer]
[01:47:54] [Server thread/INFO]: [Crustifer: Given [TNT] * ∞ to Crustifer]
[01:47:54] [Server thread/INFO]: [Crustifer: Given [TNT] * ∞ to Crustifer]
[01:47:54] [Server thread/INFO]: [Crustifer: Given [TNT] * ∞ to Crustifer]
[01:47:54] [Server thread/INFO]: [Crustifer: Given [TNT] * ∞ to Crustifer]
[01:47:55] [Server thread/INFO]: [Crustifer: Given [TNT] * ∞ to Crustifer]
[01:47:55] [Server thread/INFO]: [Crustifer: Given [TNT] * ∞ to Crustifer]
[01:47:55] [Server thread/INFO]: [Crustifer: Given [TNT] * ∞ to Crustifer]
[01:47:55] [Server thread/INFO]: [Crustifer: Given [TNT] * ∞ to Crustifer]
[01:47:56] [Server thread/INFO]: [Crustifer: Given [TNT] * 64 to Crustifer]
[01:47:56] [Server thread/INFO]: [Crustifer: Given [TNT] * 64 to Crustifer]
[01:47:56] [Server thread/INFO]: [Crustifer: Given [TNT] * 64 to Crustifer]
[01:47:56] [Server thread/INFO]: [Crustifer: Given [TNT] * 64 to Crustifer]
[01:48:00] [Server thread/INFO]: [Crustifer: Given [TNT] * 64 to Crustifer]
[01:48:00] [Server thread/INFO]: [Crustifer: Given [TNT] * 64 to Crustifer]
[01:48:00] [Server thread/INFO]: [Crustifer: Given [TNT] * 64 to Crustifer]
[01:48:03] [Server thread/INFO]: [Crustifer: Given [TNT] * 64 to Crustifer]
[01:48:04] [Server thread/INFO]: [Crustifer: Given [TNT] * 64 to Crustifer]
[01:48:05] [Server thread/INFO]: [Crustifer: Given [TNT] * 64 to Crustifer]
[01:48:05] [Server thread/INFO]: [Crustifer: Given [TNT] * 64 to Crustifer]
[01:48:05] [Server thread/INFO]: [Crustifer: Given [TNT] * 64 to Crustifer]
[01:48:05] [Server thread/INFO]: [Crustifer: Given [TNT] * 64 to Crustifer]
[01:48:06] [Server thread/INFO]: [Crustifer: Given [TNT] * 64 to Crustifer]
[01:48:10] [Server thread/INFO]: [Crustifer: Given [TNT] * 64 to Crustifer]
[01:48:14] [Server thread/INFO]: [Crustifer: Given [TNT] * ∞ to Crustifer]
[01:48:14] [Server thread/INFO]: [Crustifer: Given [TNT] * ∞ to Crustifer]
[01:48:16] [Server thread/INFO]: [Crustifer: Given [TNT] * 64 to Crustifer]
[01:48:16] [Server thread/INFO]: [Crustifer: Given [TNT] * 64 to Crustifer]
[01:48:16] [Server thread/INFO]: [Crustifer: Given [TNT] * 64 to Crustifer]
[01:48:17] [Server thread/INFO]: [Crustifer: Given [TNT] * 64 to Crustifer]
[01:48:17] [Server thread/INFO]: [Crustifer: Given [TNT] * 64 to Crustifer]
[01:48:17] [Server thread/INFO]: [Crustifer: Given [TNT] * 64 to Crustifer]
[01:48:17] [Server thread/INFO]: [Crustifer: Given [TNT] * 64 to Crustifer]
[01:48:17] [Server thread/INFO]: [Crustifer: Given [TNT] * 64 to Crustifer]
[01:48:17] [Server thread/INFO]: [Crustifer: Given [TNT] * 64 to Crustifer]
[01:48:18] [Server thread/INFO]: [Crustifer: Given [TNT] * 64 to Crustifer]
[01:48:18] [Server thread/INFO]: [Crustifer: Given [TNT] * 64 to Crustifer]
[01:48:26] [Server thread/INFO]: [Crustifer: Given [TNT] * ∞ to Crustifer]
[01:48:26] [Server thread/INFO]: [Crustifer: Given [TNT] * ∞ to Crustifer]
[01:48:26] [Server thread/INFO]: [Crustifer: Given [TNT] * ∞ to Crustifer]
[01:48:27] [Server thread/INFO]: [Crustifer: Given [TNT] * ∞ to Crustifer]
[01:48:27] [Server thread/INFO]: [Crustifer: Given [TNT] * ∞ to Crustifer]
[01:48:27] [Server thread/INFO]: [Crustifer: Given [TNT] * ∞ to Crustifer]
[01:48:27] [Server thread/INFO]: [Crustifer: Given [TNT] * ∞ to Crustifer]
[01:48:29] [Server thread/INFO]: [Crustifer: Given [TNT] * 64 to Crustifer]
[01:48:29] [Server thread/INFO]: [Crustifer: Given [TNT] * 64 to Crustifer]
[01:48:29] [Server thread/INFO]: [Crustifer: Given [TNT] * 64 to Crustifer]
[01:48:30] [Server thread/INFO]: [Crustifer: Given [TNT] * 64 to Crustifer]
[01:48:30] [Server thread/INFO]: [Crustifer: Given [TNT] * 64 to Crustifer]
[01:48:33] [Server thread/INFO]: [Crustifer: Given [TNT] * ∞ to Crustifer]
[01:48:35] [Server thread/INFO]: [Crustifer: Given [TNT] * 64 to Crustifer]
[01:48:38] [Server thread/INFO]: [Crustifer: Given [TNT] * 64 to Crustifer]
[01:48:38] [Server thread/INFO]: [Crustifer: Given [TNT] * 64 to Crustifer]
[01:48:42] [Server thread/INFO]: [Crustifer: Given [TNT] * 64 to Crustifer]
[01:48:42] [Server thread/INFO]: [Crustifer: Given [TNT] * 64 to Crustifer]
[01:50:12] [Server thread/INFO]: [Crustifer: Given [TNT] * 64 to Crustifer]
[01:50:18] [Server thread/INFO]: [Crustifer: Given [TNT] * 64 to Crustifer]
[01:50:28] [Server thread/INFO]: [Crustifer: Given [TNT] * 64 to Crustifer]
[01:50:30] [Server thread/INFO]: [Crustifer: Given [TNT] * 64 to Crustifer]
[01:51:19] [Server thread/INFO]: [Crustifer: Given [TNT] * 64 to Crustifer]
[01:51:19] [Server thread/INFO]: [Crustifer: Given [TNT] * 64 to Crustifer]
[01:51:19] [Server thread/INFO]: [Crustifer: Given [TNT] * 64 to Crustifer]
[01:51:19] [Server thread/INFO]: [Crustifer: Given [TNT] * 64 to Crustifer]
[01:51:19] [Server thread/INFO]: [Crustifer: Given [TNT] * 64 to Crustifer]
[01:51:20] [Server thread/INFO]: [Crustifer: Given [TNT] * 64 to Crustifer]
[01:51:20] [Server thread/INFO]: [Crustifer: Given [TNT] * 64 to Crustifer]
[01:51:20] [Server thread/INFO]: [Crustifer: Given [TNT] * 64 to Crustifer]
[01:51:20] [Server thread/INFO]: [Crustifer: Given [TNT] * 64 to Crustifer]
[01:51:20] [Server thread/INFO]: [Crustifer: Given [TNT] * 64 to Crustifer]
[01:51:20] [Server thread/INFO]: [Crustifer: Given [TNT] * 64 to Crustifer]
[01:51:20] [Server thread/INFO]: [Crustifer: Given [TNT] * 64 to Crustifer]
[01:51:21] [Server thread/INFO]: [Crustifer: Given [TNT] * 64 to Crustifer]
[01:51:21] [Server thread/INFO]: [Crustifer: Given [TNT] * 64 to Crustifer]
[01:51:21] [Server thread/INFO]: [Crustifer: Given [TNT] * 64 to Crustifer]
[01:51:21] [Server thread/INFO]: [Crustifer: Given [TNT] * 64 to Crustifer]
[01:51:21] [Server thread/INFO]: [Crustifer: Given [TNT] * 64 to Crustifer]
[01:51:21] [Server thread/INFO]: [Crustifer: Given [TNT] * 64 to Crustifer]
[01:51:21] [Server thread/INFO]: [Crustifer: Given [TNT] * 64 to Crustifer]
[01:51:22] [Server thread/INFO]: [Crustifer: Given [TNT] * 64 to Crustifer]
[01:51:22] [Server thread/INFO]: [Crustifer: Given [TNT] * 64 to Crustifer]
[01:51:22] [Server thread/INFO]: [Crustifer: Given [TNT] * 64 to Crustifer]
[01:51:22] [Server thread/INFO]: [Crustifer: Given [TNT] * 64 to Crustifer]
[01:52:50] [Server thread/INFO]: [Crustifer: Given [Glass] * 1 to Crustifer]
[02:19:28] [Server thread/INFO]: Crustifer left the game.
