[19:28:18] [Server thread/INFO]: Loading properties
[19:28:18] [Server thread/INFO]: Default game type: SURVIVAL
[19:28:18] [Server thread/INFO]: Using epoll channel type
[19:28:19] [Server thread/INFO]: [WorldEdit] Loading WorldEdit v6.1;no_git_id
[19:28:19] [Server thread/INFO]: [Essentials] Loading Essentials vPre2.14.1.3
[19:28:19] [Server thread/INFO]: [EssentialsSpawn] Loading EssentialsSpawn vPre2.14.1.3
[19:28:19] [Server thread/INFO]: [EssentialsAntiBuild] Loading EssentialsAntiBuild vPre2.14.1.3
[19:28:19] [Server thread/INFO]: [EssentialsProtect] Loading EssentialsProtect vPre2.14.1.3
[19:28:21] [Server thread/INFO]: [WorldEdit] Enabling WorldEdit v6.1;no_git_id
[19:28:21] [Server thread/INFO]: [WorldEdit] Using com.sk89q.worldedit.bukkit.adapter.impl.Spigot_v1_8_R3 as the Bukkit adapter
[19:28:21] [Server thread/INFO]: [Essentials] Enabling Essentials vPre2.14.1.3
[19:28:21] [Server thread/INFO]: git-Bukkit-9935adc (MC: 1.8.8)
[19:28:21] [Server thread/INFO]: 1.8.8-R0.1-SNAPSHOT
[19:28:21] [Server thread/INFO]: [EssentialsSpawn] Enabling EssentialsSpawn vPre2.14.1.3
[19:28:21] [Server thread/INFO]: [EssentialsAntiBuild] Enabling EssentialsAntiBuild vPre2.14.1.3
[19:28:21] [Server thread/INFO]: [EssentialsProtect] Enabling EssentialsProtect vPre2.14.1.3
[19:28:26] [Server thread/INFO]: Popey456963 issued server command: /plugins
[19:28:46] [Server thread/INFO]: Twiixtor issued server command: //expand vert
[19:30:04] [Server thread/INFO]: Popey456963 issued server command: /plugins
[19:30:08] [Server thread/INFO]: Twiixtor issued server command: //expand vert
[19:30:11] [Server thread/INFO]: Popey456963 issued server command: /help
[19:30:12] [Server thread/INFO]: Popey456963 issued server command: /help
[19:30:18] [Netty Epoll Server IO #7/INFO]: <Popey456963> How the hell did you break /help
[19:30:29] [Server thread/INFO]: Twiixtor issued server command: //undo
[19:30:34] [Server thread/INFO]: --------- Help: Index ---------------------------
[19:30:34] [Server thread/INFO]: Use /help [n] to get page n of help.
[19:30:34] [Server thread/INFO]: Aliases: Lists command aliases
[19:30:34] [Server thread/INFO]: Bukkit: All commands for Bukkit
[19:30:34] [Server thread/INFO]: Essentials: All commands for Essentials
[19:30:34] [Server thread/INFO]: EssentialsSpawn: All commands for EssentialsSpawn
[19:30:34] [Server thread/INFO]: Minecraft: All commands for Minecraft
[19:30:34] [Server thread/INFO]: WorldEdit: All commands for WorldEdit
[19:30:34] [Server thread/INFO]: /.s: Execute last CraftScript
[19:30:34] [Server thread/INFO]: //center: Set the center block(s)
[19:30:34] [Server thread/INFO]: //clearhistory: Clear your history
[19:30:34] [Server thread/INFO]: //count: Counts the number of a certain type of block
[19:30:34] [Server thread/INFO]: //curve: Draws a spline through selected points
[19:30:34] [Server thread/INFO]: //drain: Drain a pool
[19:30:34] [Server thread/INFO]: //ex: Extinguish nearby fire
[19:30:34] [Server thread/INFO]: //fast: Toggle fast mode
[19:30:34] [Server thread/INFO]: //fill: Fill a hole
[19:30:34] [Server thread/INFO]: //fillr: Fill a hole recursively
[19:30:34] [Server thread/INFO]: //gmask: Set the global mask
[19:30:34] [Server thread/INFO]: //green: Greens the area
[19:30:34] [Server thread/INFO]: //help: Displays help for WorldEdit commands
[19:30:34] [Server thread/INFO]: //limit: Modify block change limit
[19:30:34] [Server thread/INFO]: //removeabove: Remove blocks above your head.
[19:30:34] [Server thread/INFO]: //removebelow: Remove blocks below you.
[19:30:34] [Server thread/INFO]: //removenear: Remove blocks near you.
[19:30:34] [Server thread/INFO]: //replacenear: Replace nearby blocks
[19:30:34] [Server thread/INFO]: //searchitem: Search for an item
[19:30:34] [Server thread/INFO]: //thaw: Thaws the area
[19:30:34] [Server thread/INFO]: //wand: Get the wand object
[19:30:34] [Server thread/INFO]: /afk: Marks you as away-from-keyboard.
[19:30:34] [Server thread/INFO]: /ascend: Go up a floor
[19:30:34] [Server thread/INFO]: /balancetop: Gets the top balance values.
[19:30:34] [Server thread/INFO]: /ban: Bans a player.
[19:30:34] [Server thread/INFO]: /banip: Bans an IP address.
[19:30:34] [Server thread/INFO]: /bigtree: Spawn a big tree where you are looking.
[19:30:34] [Server thread/INFO]: /biomeinfo: Get the biome of the targeted block.
[19:30:34] [Server thread/INFO]: /book: Allows reopening and editing of sealed books.
[19:30:34] [Server thread/INFO]: /broadcast: Broadcasts a message to the entire server.
[19:30:34] [Server thread/INFO]: /brush: Brushing commands
[19:30:34] [Server thread/INFO]: /bukkit:help: Shows the help menu
[19:30:34] [Server thread/INFO]: /butcher: Kill all or nearby mobs
[19:30:34] [Server thread/INFO]: /ceil: Go to the celing
[19:30:34] [Server thread/INFO]: /clearclipboard: Clear your clipboard
[19:30:34] [Server thread/INFO]: /clearinventory: Clear all items in your inventory.
[19:30:34] [Server thread/INFO]: /compass: Describes your current bearing.
[19:30:34] [Server thread/INFO]: /cs: Execute a CraftScript
[19:30:34] [Server thread/INFO]: /delhome: Removes a home.
[19:30:34] [Server thread/INFO]: /deljail: Removes a jail.
[19:30:34] [Server thread/INFO]: /delwarp: Deletes the specified warp.
[19:30:34] [Server thread/INFO]: /descend: Go down a floor
[19:30:34] [Server thread/INFO]: /enchant: Enchants the item the user is holding.
[19:30:34] [Server thread/INFO]: /enderchest: Lets you see inside an enderchest.
[19:30:34] [Server thread/INFO]: /essentials: Reloads essentials.
[19:30:34] [Server thread/INFO]: /essentials:remove: Removes entities in your world.
[19:30:34] [Server thread/INFO]: /essentials:tree: Spawn a tree where you are looking.
[19:30:34] [Server thread/INFO]: /ext: Extinguish players.
[19:30:34] [Server thread/INFO]: /fireball: Throw a fireball.
[19:30:34] [Server thread/INFO]: /firework: Allows you to modify a stack of fireworks.
[19:30:34] [Server thread/INFO]: /floodfill: Flood fill tool
[19:30:34] [Server thread/INFO]: /fly: Take off, and soar!
[19:30:34] [Server thread/INFO]: /gamemode: Change player gamemode.
[19:30:34] [Server thread/INFO]: /gc: Reports memory, uptime and tick info.
[19:30:34] [Server thread/INFO]: /give: Give a player an item.
[19:30:34] [Server thread/INFO]: /god: Enables your godly powers.
[19:30:34] [Server thread/INFO]: /heal: Heals you or the given player.
[19:30:34] [Server thread/INFO]: /home: Teleport to your home.
[19:30:34] [Server thread/INFO]: /ignore: Ignore or unignore other players.
[19:30:34] [Server thread/INFO]: /invsee: See the inventory of other players.
[19:30:34] [Server thread/INFO]: /item: Spawn an item.
[19:30:34] [Server thread/INFO]: /itemdb: Searches for an item.
[19:30:34] [Server thread/INFO]: /jails: List all jails.
[19:30:34] [Server thread/INFO]: /jump: Jumps to the nearest block in the line of sight.
[19:30:34] [Server thread/INFO]: /kickall: Kicks all players off the server except the issuer.
[19:30:34] [Server thread/INFO]: /kill: Kills specified player.
[19:30:34] [Server thread/INFO]: /kit: Obtains the specified kit or views all available kits.
[19:30:34] [Server thread/INFO]: /mail: Manages inter-player, intra-server mail.
[19:30:34] [Server thread/INFO]: /mask: Set the brush mask
[19:30:34] [Server thread/INFO]: /motd: Views the Message Of The Day.
[19:30:34] [Server thread/INFO]: /mute: Mutes or unmutes a player.
[19:30:34] [Server thread/INFO]: /near: Lists the players near by or around a player.
[19:30:34] [Server thread/INFO]: /powertool: Assigns a command to the item in hand.
[19:30:34] [Server thread/INFO]: /powertooltoggle: Enables or disables all current powertools.
[19:30:34] [Server thread/INFO]: /ptime: Adjust player's client time. Add @ prefix to fix.
[19:30:34] [Server thread/INFO]: /r: Quickly reply to the last player to message you.
[19:30:34] [Server thread/INFO]: /range: Set the brush range
[19:30:34] [Server thread/INFO]: /recipe: Displays how to craft items.
[19:30:34] [Server thread/INFO]: /remove: Remove all entities of a type
[19:30:34] [Server thread/INFO]: /repl: Block replacer tool
[19:30:34] [Server thread/INFO]: /rules: Views the server rules.
[19:30:34] [Server thread/INFO]: /seen: Shows the last logout time of a player.
[19:30:34] [Server thread/INFO]: /sell: Sells the item currently in your hand.
[19:30:34] [Server thread/INFO]: /setworth: Set the sell value of an item.
[19:30:34] [Server thread/INFO]: /size: Set the brush size
[19:30:34] [Server thread/INFO]: /skull: Set the owner of a player skull
[19:30:34] [Server thread/INFO]: /spawn: Teleport to the spawnpoint.
[19:30:34] [Server thread/INFO]: /spawner: Change the mob type of a spawner.
[19:30:34] [Server thread/INFO]: /spawnmob: Spawns a mob.
[19:30:34] [Server thread/INFO]: /speed: Change your speed limits.
[19:30:34] [Server thread/INFO]: /suicide: Causes you to perish.
[19:30:34] [Server thread/INFO]: /superpickaxe: Super-pickaxe commands
[19:30:34] [Server thread/INFO]: /tempban: Temporary ban a user.
[19:30:34] [Server thread/INFO]: /thru: Passthrough walls
[19:30:34] [Server thread/INFO]: /thunder: Enable/disable thunder.
[19:30:34] [Server thread/INFO]: /time: Display/Change the world time. Defaults to current world.
[19:30:34] [Server thread/INFO]: /timings: Records timings for all plugin events
[19:30:34] [Server thread/INFO]: /togglejail: Jails/Unjails a player, TPs them to the jail specified.
[19:30:34] [Server thread/INFO]: /tp: Teleport to a player.
[19:30:34] [Server thread/INFO]: /tpa: Request to teleport to the specified player.
[19:30:34] [Server thread/INFO]: /tpaccept: Accepts a teleport request.
[19:30:34] [Server thread/INFO]: /tpdeny: Reject a teleport request.
[19:30:34] [Server thread/INFO]: /tphere: Teleport a player to you.
[19:30:34] [Server thread/INFO]: /tpo: Teleport override for tptoggle.
[19:30:34] [Server thread/INFO]: /tpohere: Teleport here override for tptoggle.
[19:30:34] [Server thread/INFO]: /unban: Unbans the specified player.
[19:30:34] [Server thread/INFO]: /unbanip: Unbans the specified IP address.
[19:30:34] [Server thread/INFO]: /unlimited: Allows the unlimited placing of items.
[19:30:34] [Server thread/INFO]: /unstuck: Escape from being stuck inside a block
[19:30:34] [Server thread/INFO]: /up: Go upwards some distance
[19:30:34] [Server thread/INFO]: /vanish: Hide yourself from other players.
[19:30:34] [Server thread/INFO]: /whois: Determine the username behind a nickname.
[19:30:34] [Server thread/INFO]: /workbench: Opens up a workbench.
[19:30:34] [Server thread/INFO]: /world: Switch between worlds.
[19:30:34] [Server thread/INFO]: /worldedit: WorldEdit commands
[19:30:46] [Netty Epoll Server IO #7/INFO]: <Popey456963> Lmao, it was your plugin
[19:32:38] [Server thread/INFO]: Twiixtor issued server command: /spawn
[19:34:35] [Server thread/INFO]: CONSOLE: If you encounter any issues please use the /stop command to restart your server.
[19:34:35] [Server thread/INFO]: [EssentialsProtect] Disabling EssentialsProtect vPre2.14.1.3
[19:34:35] [Server thread/INFO]: [EssentialsAntiBuild] Disabling EssentialsAntiBuild vPre2.14.1.3
[19:34:35] [Server thread/INFO]: [WorldEdit] Disabling WorldEdit v6.1;no_git_id
[19:34:35] [Server thread/INFO]: [WorldEdit] Loading WorldEdit v6.1;no_git_id
[19:34:35] [Server thread/INFO]: [Essentials] Loading Essentials v2.0.1-b192
[19:34:35] [Server thread/INFO]: [WorldEdit] Enabling WorldEdit v6.1;no_git_id
[19:34:36] [Server thread/INFO]: [WorldEdit] Using com.sk89q.worldedit.bukkit.adapter.impl.Spigot_v1_8_R3 as the Bukkit adapter
[19:34:36] [Server thread/INFO]: [Essentials] Enabling Essentials v2.0.1-b192
[19:34:36] [Server thread/INFO]: Using locale en_GB
[19:34:36] [Server thread/INFO]: Using locale en_GB
[19:34:36] [Server thread/INFO]: CONSOLE: Reload complete.
[19:34:39] [Server thread/INFO]: Twiixtor issued server command: /plugins
[19:34:42] [Server thread/INFO]: Twiixtor issued server command: /god
[19:34:43] [Server thread/INFO]: Popey456963 issued server command: /plugins
[19:34:43] [Server thread/INFO]: Twiixtor issued server command: /god
[19:35:28] [Server thread/INFO]: Twiixtor issued server command: /spawn Giant
[19:35:31] [Server thread/INFO]: Twiixtor issued server command: /spawn
[19:35:33] [Server thread/INFO]: Twiixtor issued server command: /help
[19:35:35] [Server thread/INFO]: Twiixtor issued server command: /help 2
[19:35:38] [Server thread/INFO]: Twiixtor issued server command: /spawnmob
[19:35:41] [Server thread/INFO]: Twiixtor issued server command: /spawnmob giant
[19:35:57] [Server thread/INFO]: Twiixtor issued server command: /butcher
[19:36:25] [Server thread/INFO]: Twiixtor issued server command: /tp pope
[19:36:35] [Server thread/INFO]: Twiixtor issued server command: /gm
[19:36:40] [Server thread/INFO]: Twiixtor issued server command: /gm 0 pop
[19:36:47] [Server thread/INFO]: Popey456963 issued server command: /gamemode 1 popey
[19:36:52] [Server thread/INFO]: Twiixtor issued server command: /rocket
[19:36:53] [Netty Epoll Server IO #7/INFO]: <Popey456963> !slay twiixtor
[19:36:54] [Server thread/INFO]: Twiixtor issued server command: /launch
[19:37:07] [Server thread/INFO]: Twiixtor issued server command: /smite pope
[19:37:11] [Netty Epoll Server IO #7/INFO]: <Popey456963> Ouuuch
[19:37:14] [Server thread/INFO]: Twiixtor issued server command: /fireball
[19:37:14] [Server thread/INFO]: Popey456963 issued server command: /tp twiix
[19:37:21] [Server thread/INFO]: Twiixtor issued server command: //help
[19:37:25] [Server thread/INFO]: Twiixtor issued server command: //help 2
[19:37:29] [Server thread/INFO]: Twiixtor issued server command: //tool
[19:37:33] [Server thread/INFO]: Twiixtor issued server command: /i stick 1
[19:37:40] [Server thread/INFO]: Twiixtor issued server command: //powertool
[19:37:43] [Server thread/INFO]: Twiixtor issued server command: /powertool
[19:37:49] [Server thread/INFO]: Twiixtor issued server command: /powertool fireball
[19:37:50] [Server thread/INFO]: [PT] Twiixtor issued server command: /fireball
[19:37:52] [Server thread/INFO]: [PT] Twiixtor issued server command: /fireball
[19:37:52] [Server thread/INFO]: [PT] Twiixtor issued server command: /fireball
[19:37:52] [Server thread/INFO]: [PT] Twiixtor issued server command: /fireball
[19:37:52] [Server thread/INFO]: [PT] Twiixtor issued server command: /fireball
[19:37:53] [Server thread/INFO]: [PT] Twiixtor issued server command: /fireball
[19:37:53] [Server thread/INFO]: [PT] Twiixtor issued server command: /fireball
[19:37:53] [Server thread/INFO]: [PT] Twiixtor issued server command: /fireball
[19:37:53] [Server thread/INFO]: [PT] Twiixtor issued server command: /fireball
[19:37:53] [Server thread/INFO]: [PT] Twiixtor issued server command: /fireball
[19:37:55] [Server thread/INFO]: [PT] Twiixtor issued server command: /fireball
[19:37:56] [Server thread/INFO]: [PT] Twiixtor issued server command: /fireball
[19:37:57] [Server thread/INFO]: [PT] Twiixtor issued server command: /fireball
[19:37:57] [Server thread/INFO]: [PT] Twiixtor issued server command: /fireball
[19:37:58] [Server thread/INFO]: [PT] Twiixtor issued server command: /fireball
[19:37:59] [Server thread/INFO]: [PT] Twiixtor issued server command: /fireball
[19:38:00] [Server thread/INFO]: [PT] Twiixtor issued server command: /fireball
[19:38:00] [Server thread/INFO]: [PT] Twiixtor issued server command: /fireball
[19:38:02] [Server thread/INFO]: [PT] Twiixtor issued server command: /fireball
[19:38:02] [Server thread/INFO]: [PT] Twiixtor issued server command: /fireball
[19:38:03] [Server thread/INFO]: [PT] Twiixtor issued server command: /fireball
[19:38:03] [Server thread/INFO]: [PT] Twiixtor issued server command: /fireball
[19:38:03] [Server thread/INFO]: [PT] Twiixtor issued server command: /fireball
[19:38:03] [Server thread/INFO]: [PT] Twiixtor issued server command: /fireball
[19:38:03] [Server thread/INFO]: [PT] Twiixtor issued server command: /fireball
[19:38:03] [Server thread/INFO]: [PT] Twiixtor issued server command: /fireball
[19:38:04] [Server thread/INFO]: [PT] Twiixtor issued server command: /fireball
[19:38:05] [Server thread/INFO]: [PT] Twiixtor issued server command: /fireball
[19:38:05] [Server thread/INFO]: [PT] Twiixtor issued server command: /fireball
[19:38:05] [Server thread/INFO]: [PT] Twiixtor issued server command: /fireball
[19:38:05] [Server thread/INFO]: [PT] Twiixtor issued server command: /fireball
[19:38:06] [Server thread/INFO]: [PT] Twiixtor issued server command: /fireball
[19:38:06] [Server thread/INFO]: [PT] Twiixtor issued server command: /fireball
[19:38:20] [Server thread/INFO]: [PT] Twiixtor issued server command: /fireball
[19:38:20] [Server thread/INFO]: [PT] Twiixtor issued server command: /fireball
[19:38:21] [Server thread/INFO]: [PT] Twiixtor issued server command: /fireball
[19:38:30] [Server thread/INFO]: Twiixtor issued server command: /plugins
[19:38:35] [Server thread/INFO]: Twiixtor issued server command: /tphere pop
[19:38:48] [Server thread/INFO]: Twiixtor issued server command: //wand
[19:38:53] [Server thread/INFO]: Twiixtor issued server command: //expand vert
[19:39:13] [Server thread/INFO]: Twiixtor issued server command: //replace gravel tnt
[19:39:45] [Server thread/INFO]: Twiixtor issued server command: //replace gravel tnt
[19:39:52] [Netty Epoll Server IO #7/INFO]: <Popey456963> o.0
[19:39:53] [Netty Epoll Server IO #7/INFO]: <Popey456963> World Edit
[19:40:08] [Server thread/INFO]: [PT] Twiixtor issued server command: /fireball
[19:40:09] [Server thread/INFO]: [PT] Twiixtor issued server command: /fireball
[19:40:13] [Server thread/INFO]: Twiixtor issued server command: //undo 5
[19:40:22] [Server thread/INFO]: Popey456963 issued server command: //set tnt
[19:40:31] [Server thread/INFO]: Popey456963 issued server command: //undo
[19:40:50] [Server thread/INFO]: [PT] Twiixtor issued server command: /fireball
[19:40:51] [Server thread/INFO]: [PT] Twiixtor issued server command: /fireball
[19:40:51] [Server thread/INFO]: [PT] Twiixtor issued server command: /fireball
[19:40:53] [Server thread/INFO]: [PT] Twiixtor issued server command: /fireball
[19:40:53] [Server thread/INFO]: [PT] Twiixtor issued server command: /fireball
[19:40:53] [Server thread/INFO]: [PT] Twiixtor issued server command: /fireball
[19:40:53] [Server thread/INFO]: [PT] Twiixtor issued server command: /fireball
[19:40:53] [Server thread/INFO]: [PT] Twiixtor issued server command: /fireball
[19:40:53] [Server thread/INFO]: [PT] Twiixtor issued server command: /fireball
[19:40:54] [Server thread/INFO]: [PT] Twiixtor issued server command: /fireball
[19:40:54] [Server thread/INFO]: [PT] Twiixtor issued server command: /fireball
[19:40:54] [Server thread/INFO]: [PT] Twiixtor issued server command: /fireball
[19:40:54] [Server thread/INFO]: [PT] Twiixtor issued server command: /fireball
[19:40:54] [Server thread/INFO]: [PT] Twiixtor issued server command: /fireball
[19:40:54] [Server thread/INFO]: [PT] Twiixtor issued server command: /fireball
[19:40:55] [Server thread/INFO]: [PT] Twiixtor issued server command: /fireball
[19:40:55] [Server thread/INFO]: [PT] Twiixtor issued server command: /fireball
[19:40:55] [Server thread/INFO]: [PT] Twiixtor issued server command: /fireball
[19:40:55] [Server thread/INFO]: [PT] Twiixtor issued server command: /fireball
[19:40:57] [Server thread/INFO]: [PT] Twiixtor issued server command: /fireball
[19:40:58] [Server thread/INFO]: [PT] Twiixtor issued server command: /fireball
[19:40:58] [Server thread/INFO]: [PT] Twiixtor issued server command: /fireball
[19:40:58] [Server thread/INFO]: [PT] Twiixtor issued server command: /fireball
[19:40:58] [Server thread/INFO]: [PT] Twiixtor issued server command: /fireball
[19:40:58] [Server thread/INFO]: [PT] Twiixtor issued server command: /fireball
[19:40:58] [Server thread/INFO]: [PT] Twiixtor issued server command: /fireball
[19:40:58] [Server thread/INFO]: [PT] Twiixtor issued server command: /fireball
[19:40:59] [Server thread/INFO]: [PT] Twiixtor issued server command: /fireball
[19:41:01] [Server thread/INFO]: [PT] Twiixtor issued server command: /fireball
[19:41:01] [Server thread/INFO]: [PT] Twiixtor issued server command: /fireball
[19:41:01] [Server thread/INFO]: [PT] Twiixtor issued server command: /fireball
[19:41:01] [Server thread/INFO]: [PT] Twiixtor issued server command: /fireball
[19:41:01] [Server thread/INFO]: [PT] Twiixtor issued server command: /fireball
[19:41:01] [Server thread/INFO]: [PT] Twiixtor issued server command: /fireball
[19:41:02] [Server thread/INFO]: [PT] Twiixtor issued server command: /fireball
[19:41:02] [Server thread/INFO]: [PT] Twiixtor issued server command: /fireball
[19:41:02] [Server thread/INFO]: [PT] Twiixtor issued server command: /fireball
[19:41:02] [Server thread/INFO]: [PT] Twiixtor issued server command: /fireball
[19:41:02] [Server thread/INFO]: [PT] Twiixtor issued server command: /fireball
[19:41:02] [Server thread/INFO]: [PT] Twiixtor issued server command: /fireball
[19:41:02] [Server thread/INFO]: [PT] Twiixtor issued server command: /fireball
[19:41:02] [Server thread/INFO]: [PT] Twiixtor issued server command: /fireball
[19:41:02] [Server thread/INFO]: [PT] Twiixtor issued server command: /fireball
[19:41:03] [Server thread/INFO]: [PT] Twiixtor issued server command: /fireball
[19:41:03] [Server thread/INFO]: [PT] Twiixtor issued server command: /fireball
[19:41:03] [Server thread/INFO]: [PT] Twiixtor issued server command: /fireball
[19:41:03] [Server thread/INFO]: [PT] Twiixtor issued server command: /fireball
[19:41:03] [Server thread/INFO]: [PT] Twiixtor issued server command: /fireball
[19:41:13] [Server thread/INFO]: [PT] Twiixtor issued server command: /fireball
[19:41:13] [Server thread/INFO]: [PT] Twiixtor issued server command: /fireball
[19:41:13] [Server thread/INFO]: [PT] Twiixtor issued server command: /fireball
[19:41:13] [Server thread/INFO]: [PT] Twiixtor issued server command: /fireball
[19:41:13] [Server thread/INFO]: [PT] Twiixtor issued server command: /fireball
[19:41:13] [Server thread/INFO]: [PT] Twiixtor issued server command: /fireball
[19:41:13] [Server thread/INFO]: [PT] Twiixtor issued server command: /fireball
[19:41:14] [Server thread/INFO]: [PT] Twiixtor issued server command: /fireball
[19:41:14] [Server thread/INFO]: [PT] Twiixtor issued server command: /fireball
[19:41:14] [Server thread/INFO]: [PT] Twiixtor issued server command: /fireball
[19:41:14] [Server thread/INFO]: [PT] Twiixtor issued server command: /fireball
[19:41:14] [Server thread/INFO]: [PT] Twiixtor issued server command: /fireball
[19:41:16] [Server thread/INFO]: [PT] Twiixtor issued server command: /fireball
[19:41:16] [Server thread/INFO]: [PT] Twiixtor issued server command: /fireball
[19:41:16] [Server thread/INFO]: [PT] Twiixtor issued server command: /fireball
[19:41:16] [Server thread/INFO]: [PT] Twiixtor issued server command: /fireball
[19:41:16] [Server thread/INFO]: [PT] Twiixtor issued server command: /fireball
[19:41:16] [Server thread/INFO]: [PT] Twiixtor issued server command: /fireball
[19:41:17] [Server thread/INFO]: [PT] Twiixtor issued server command: /fireball
[19:41:21] [Server thread/INFO]: [PT] Twiixtor issued server command: /fireball
[19:41:22] [Server thread/INFO]: [PT] Twiixtor issued server command: /fireball
[19:41:23] [Server thread/INFO]: [PT] Twiixtor issued server command: /fireball
[19:41:24] [Server thread/INFO]: [PT] Twiixtor issued server command: /fireball
[19:41:24] [Server thread/INFO]: [PT] Twiixtor issued server command: /fireball
[19:41:24] [Server thread/INFO]: [PT] Twiixtor issued server command: /fireball
[19:41:24] [Server thread/INFO]: [PT] Twiixtor issued server command: /fireball
[19:41:25] [Server thread/INFO]: [PT] Twiixtor issued server command: /fireball
[19:41:25] [Server thread/INFO]: [PT] Twiixtor issued server command: /fireball
[19:41:27] [Server thread/INFO]: Twiixtor issued server command: /fireword
[19:41:29] [Server thread/INFO]: Twiixtor issued server command: /firework
[19:41:37] [Server thread/INFO]: [PT] Twiixtor issued server command: /fireball
[19:41:38] [Server thread/INFO]: [PT] Twiixtor issued server command: /fireball
[19:41:39] [Server thread/INFO]: [PT] Twiixtor issued server command: /fireball
[19:41:40] [Server thread/INFO]: [PT] Twiixtor issued server command: /fireball
[19:41:41] [Server thread/INFO]: [PT] Twiixtor issued server command: /fireball
[19:41:45] [Server thread/INFO]: [PT] Twiixtor issued server command: /fireball
[19:41:45] [Server thread/INFO]: [PT] Twiixtor issued server command: /fireball
[19:41:45] [Server thread/INFO]: [PT] Twiixtor issued server command: /fireball
[19:41:45] [Server thread/INFO]: [PT] Twiixtor issued server command: /fireball
[19:41:45] [Server thread/INFO]: [PT] Twiixtor issued server command: /fireball
[19:41:45] [Server thread/INFO]: [PT] Twiixtor issued server command: /fireball
[19:41:46] [Server thread/INFO]: [PT] Twiixtor issued server command: /fireball
[19:41:46] [Server thread/INFO]: [PT] Twiixtor issued server command: /fireball
[19:41:46] [Server thread/INFO]: [PT] Twiixtor issued server command: /fireball
[19:41:46] [Server thread/INFO]: [PT] Twiixtor issued server command: /fireball
[19:41:46] [Server thread/INFO]: [PT] Twiixtor issued server command: /fireball
[19:41:46] [Server thread/INFO]: [PT] Twiixtor issued server command: /fireball
[19:41:46] [Server thread/INFO]: [PT] Twiixtor issued server command: /fireball
[19:41:46] [Server thread/INFO]: [PT] Twiixtor issued server command: /fireball
[19:41:47] [Server thread/INFO]: [PT] Twiixtor issued server command: /fireball
[19:41:47] [Server thread/INFO]: [PT] Twiixtor issued server command: /fireball
[19:41:47] [Server thread/INFO]: [PT] Twiixtor issued server command: /fireball
[19:41:49] [Server thread/INFO]: Popey456963 issued server command: /smite twiixtor
[19:41:52] [Server thread/INFO]: Twiixtor issued server command: /powertool
[19:41:55] [Server thread/INFO]: Twiixtor issued server command: /powertool
[19:41:59] [Server thread/INFO]: Twiixtor issued server command: /powertool smite Popey
[19:42:00] [Server thread/INFO]: [PT] Twiixtor issued server command: /smite Popey
[19:42:01] [Server thread/INFO]: [PT] Twiixtor issued server command: /smite Popey
[19:42:02] [Server thread/INFO]: [PT] Twiixtor issued server command: /smite Popey
[19:42:02] [Server thread/INFO]: [PT] Twiixtor issued server command: /smite Popey
[19:42:02] [Server thread/INFO]: [PT] Twiixtor issued server command: /smite Popey
[19:42:02] [Server thread/INFO]: [PT] Twiixtor issued server command: /smite Popey
[19:42:02] [Server thread/INFO]: [PT] Twiixtor issued server command: /smite Popey
[19:42:06] [Server thread/INFO]: Twiixtor issued server command: /powertool
[19:48:12] [Server thread/INFO]: Twiixtor issued server command: //set glass
[19:48:59] [Server thread/INFO]: Popey456963 issued server command: //set tnt
[19:49:02] [Server thread/INFO]: Popey456963 issued server command: //undo
[19:49:05] [Server thread/INFO]: Popey456963 issued server command: //set tnt
[19:49:06] [Server thread/INFO]: Popey456963 issued server command: //undo
[19:49:09] [Server thread/INFO]: Popey456963 issued server command: //set tnt
[19:49:10] [Server thread/INFO]: Popey456963 issued server command: //undo
[19:49:18] [Server thread/INFO]: Twiixtor issued server command: //set lava
[19:49:21] [Server thread/INFO]: Twiixtor issued server command: /thru
[19:50:41] [Server thread/INFO]: Twiixtor issued server command: /spawnmob bunny 10
[19:50:45] [Server thread/INFO]: Twiixtor issued server command: /spawnmob
[19:50:48] [Server thread/INFO]: Twiixtor issued server command: /spawnmob rabbitg
[19:50:49] [Server thread/INFO]: Twiixtor issued server command: /spawnmob rabbit
[19:50:51] [Server thread/INFO]: Twiixtor issued server command: /spawnmob rabbit 10
[19:50:52] [Server thread/INFO]: Popey456963 issued server command: /spawn
[19:50:53] [Server thread/INFO]: Twiixtor issued server command: /spawnmob rabbit 10
[19:50:54] [Server thread/INFO]: Popey456963 issued server command: /spawnmob
[19:50:54] [Server thread/INFO]: Twiixtor issued server command: /spawnmob rabbit 10
[19:50:55] [Server thread/INFO]: Twiixtor issued server command: /spawnmob rabbit 10
[19:50:55] [Server thread/INFO]: Twiixtor issued server command: /spawnmob rabbit 10
[19:51:16] [Server thread/INFO]: Popey456963 issued server command: /spawnmob rabbit 1
[19:51:18] [Server thread/INFO]: Twiixtor issued server command: /spawnmob rabbit 10
[19:51:19] [Server thread/INFO]: Twiixtor issued server command: /spawnmob rabbit 10
[19:51:20] [Server thread/INFO]: Popey456963 issued server command: /spawnmob rabbit 100
[19:51:54] [Server thread/INFO]: Popey456963 issued server command: //undo
[19:52:06] [Server thread/INFO]: Twiixtor issued server command: //set 0
[19:52:15] [Server thread/INFO]: Twiixtor issued server command: //set 0
[19:52:19] [Server thread/INFO]: Twiixtor issued server command: //set 0
[19:52:23] [Server thread/INFO]: Twiixtor issued server command: //set 0
[19:52:27] [Server thread/INFO]: Twiixtor issued server command: //set 0
[19:53:30] [Server thread/INFO]: Twiixtor issued server command: //set 0
[19:54:13] [Server thread/INFO]: Twiixtor issued server command: //set 0
[19:54:16] [Server thread/INFO]: Twiixtor issued server command: //set 0
[19:54:29] [Server thread/INFO]: Twiixtor issued server command: //set 1 0
[19:54:34] [Server thread/INFO]: Twiixtor issued server command: //replace 1 0
[19:54:37] [Server thread/INFO]: Twiixtor issued server command: //replace gravel 0
[19:54:39] [Server thread/INFO]: Twiixtor issued server command: //replace dirt 0
[19:55:13] [Server thread/INFO]: Twiixtor issued server command: //replace gravel 17
[19:55:21] [Server thread/INFO]: Twiixtor issued server command: //set 17
[19:55:24] [Server thread/INFO]: Twiixtor issued server command: //set 17
[19:55:27] [Server thread/INFO]: Twiixtor issued server command: //set 17
[19:55:30] [Server thread/INFO]: Twiixtor issued server command: //set 17
[19:55:34] [Server thread/INFO]: Twiixtor issued server command: //set 17
[19:55:36] [Server thread/INFO]: Twiixtor issued server command: //set 17
[19:55:42] [Server thread/INFO]: Twiixtor issued server command: //set 17
[19:55:45] [Server thread/INFO]: Twiixtor issued server command: //set 17
[19:55:49] [Server thread/INFO]: Twiixtor issued server command: //set 17
[19:55:51] [Server thread/INFO]: Twiixtor issued server command: //set 17
[19:55:54] [Server thread/INFO]: Twiixtor issued server command: //set 17
[19:56:02] [Server thread/INFO]: Twiixtor issued server command: //replace 1 17
[19:56:15] [Server thread/INFO]: Twiixtor issued server command: //set 4
[19:56:54] [Server thread/INFO]: Twiixtor issued server command: //set 1
[19:56:58] [Server thread/INFO]: Twiixtor issued server command: //set 1
[19:57:01] [Server thread/INFO]: Twiixtor issued server command: //set 1
[19:57:05] [Server thread/INFO]: Twiixtor issued server command: //set 1
[19:57:22] [Server thread/INFO]: Twiixtor issued server command: //set 0
[19:57:26] [Server thread/INFO]: Twiixtor issued server command: //set 0
[19:57:58] [Server thread/INFO]: Twiixtor issued server command: //set glass
[19:58:49] [Server thread/INFO]: Popey456963 issued server command: /tp twiix
[19:59:18] [Server thread/INFO]: Twiixtor issued server command: /i fence
[20:00:46] [Server thread/INFO]: Twiixtor issued server command: /spawnmob pigman
[20:00:58] [Server thread/INFO]: Twiixtor issued server command: /spawnmob zombiepigman
[20:01:02] [Server thread/INFO]: Twiixtor issued server command: /spawnmob
[20:01:19] [Server thread/INFO]: Twiixtor issued server command: /spawnmob pigzombie
[20:01:24] [Server thread/INFO]: Twiixtor issued server command: /spawnmob pigzombie
[20:01:26] [Server thread/INFO]: Twiixtor issued server command: /spawnmob pigzombie
[20:01:28] [Server thread/INFO]: Twiixtor issued server command: /spawnmob pigzombie
[20:01:35] [Server thread/INFO]: Popey456963 issued server command: /spawnmob rabbit 100
[20:02:51] [Server thread/INFO]: Twiixtor issued server command: /spawnmob pig
[20:04:26] [Server thread/INFO]: Twiixtor issued server command: /spawnmob pig 10
[20:04:50] [Server thread/INFO]: Popey456963 left the game.
[20:05:02] [Server thread/INFO]: Popey456963 left the game.
[20:05:11] [Server thread/INFO]: Twiixtor issued server command: //set 0
[20:05:18] [Server thread/INFO]: Twiixtor issued server command: /gm 1
[20:05:20] [Server thread/INFO]: Twiixtor issued server command: /fly
[20:05:22] [Server thread/INFO]: Twiixtor issued server command: /fl
[20:05:24] [Server thread/INFO]: Twiixtor issued server command: /fly
[20:05:36] [Server thread/INFO]: default: Popey456963, Twiixtor
[20:05:55] [Server thread/INFO]: Twiixtor issued server command: //replace 1 17
[20:06:01] [Server thread/INFO]: Twiixtor issued server command: //replace 1 17
[20:06:17] [Server thread/INFO]: Twiixtor issued server command: /powertool /set 17
[20:06:22] [Server thread/INFO]: default: Popey456963, Twiixtor
[20:06:22] [Server thread/INFO]: [PT] Twiixtor issued server command: //set 17
[20:06:26] [Server thread/INFO]: [PT] Twiixtor issued server command: //set 17
[20:06:29] [Server thread/INFO]: [PT] Twiixtor issued server command: //set 17
[20:06:33] [Server thread/INFO]: [PT] Twiixtor issued server command: //set 17
[20:06:35] [Server thread/INFO]: [PT] Twiixtor issued server command: //set 17
[20:06:38] [Server thread/INFO]: [PT] Twiixtor issued server command: //set 17
[20:06:41] [Server thread/INFO]: [PT] Twiixtor issued server command: //set 17
[20:06:43] [Server thread/INFO]: [PT] Twiixtor issued server command: //set 17
[20:07:09] [Server thread/INFO]: default: Popey456963, Twiixtor
[20:07:24] [Server thread/INFO]: Twiixtor issued server command: //copy
[20:07:26] [Server thread/INFO]: Popey456963 issued server command: //copy
[20:07:30] [Server thread/INFO]: Twiixtor issued server command: //paste
[20:07:33] [Server thread/INFO]: Popey456963 issued server command: //paste
[20:07:42] [Server thread/INFO]: Popey456963 issued server command: //undo
[20:07:55] [Server thread/INFO]: default: Popey456963, Twiixtor
[20:08:42] [Server thread/INFO]: default: Popey456963, Twiixtor
[20:09:29] [Server thread/INFO]: default: Popey456963, Twiixtor
[20:10:15] [Server thread/INFO]: default: Popey456963, Twiixtor
[20:11:02] [Server thread/INFO]: default: Popey456963, Twiixtor
[20:11:48] [Server thread/INFO]: default: Popey456963, Twiixtor
[20:12:18] [Server thread/INFO]: Twiixtor issued server command: /setspawn
[20:12:20] [Server thread/INFO]: Twiixtor issued server command: /spawn
[20:12:22] [Server thread/INFO]: Twiixtor issued server command: /spawn
[20:12:35] [Server thread/INFO]: default: Popey456963, Twiixtor
[20:13:21] [Server thread/INFO]: default: Popey456963, Twiixtor
[20:14:08] [Server thread/INFO]: default: Popey456963, Twiixtor
[20:14:54] [Server thread/INFO]: default: Popey456963, Twiixtor
[20:15:41] [Server thread/INFO]: default: Popey456963, Twiixtor
[20:16:28] [Server thread/INFO]: default: Popey456963, Twiixtor
[20:17:14] [Server thread/INFO]: default: Popey456963, Twiixtor
[20:18:01] [Server thread/INFO]: default: Popey456963, Twiixtor
[20:18:47] [Server thread/INFO]: default: Popey456963, Twiixtor
[20:19:26] [Server thread/INFO]: Twiixtor issued server command: //set bedrock
[20:19:34] [Server thread/INFO]: default: Popey456963, Twiixtor
[20:20:20] [Server thread/INFO]: default: Popey456963, Twiixtor
[20:21:07] [Server thread/INFO]: default: Popey456963, Twiixtor
[20:21:53] [Server thread/INFO]: default: Popey456963, Twiixtor
[20:22:40] [Server thread/INFO]: default: Popey456963, Twiixtor
[20:23:27] [Server thread/INFO]: default: Popey456963, Twiixtor
[20:24:13] [Server thread/INFO]: default: Popey456963, Twiixtor
[20:25:00] [Server thread/INFO]: default: Popey456963, Twiixtor
[20:25:14] [Server thread/INFO]: Twiixtor issued server command: /powertool
[20:25:33] [Server thread/INFO]: Twiixtor issued server command: //set glass
[20:25:38] [Server thread/INFO]: Twiixtor issued server command: //set glass
[20:25:46] [Server thread/INFO]: default: Popey456963, Twiixtor
[20:25:49] [Server thread/INFO]: Twiixtor issued server command: //set glass
[20:26:33] [Server thread/INFO]: default: Popey456963, Twiixtor
[20:27:19] [Server thread/INFO]: default: Popey456963, Twiixtor
[20:27:37] [Server thread/INFO]: Twiixtor issued server command: /gamemode 0 popey
[20:27:58] [Server thread/INFO]: Twiixtor issued server command: /slay Popey
[20:28:06] [Server thread/INFO]: default: Popey456963, Twiixtor
[20:28:15] [Server thread/INFO]: Popey456963 was slain by Twiixtor
[20:28:19] [Server thread/INFO]: Popey456963 issued server command: /tp twiix
[20:28:26] [Server thread/INFO]: Twiixtor issued server command: /i snowblock 1
[20:28:30] [Server thread/INFO]: Twiixtor issued server command: /i pumpkin 1
[20:28:52] [Server thread/INFO]: default: Popey456963, Twiixtor
[20:29:39] [Server thread/INFO]: default: Popey456963, Twiixtor
[20:30:25] [Server thread/INFO]: default: Popey456963, Twiixtor
[20:31:12] [Server thread/INFO]: default: Popey456963, Twiixtor
[20:31:59] [Server thread/INFO]: default: Popey456963, Twiixtor
[20:32:45] [Server thread/INFO]: default: Popey456963, Twiixtor
[20:33:32] [Server thread/INFO]: default: [AFK]Popey456963, Twiixtor
[20:34:18] [Server thread/INFO]: default: Popey456963, Twiixtor
[20:35:05] [Server thread/INFO]: default: Popey456963, Twiixtor
[20:35:51] [Server thread/INFO]: default: Popey456963, Twiixtor
[20:36:38] [Server thread/INFO]: default: Popey456963, Twiixtor
[20:37:24] [Server thread/INFO]: default: Popey456963, Twiixtor
[20:37:40] [Server thread/INFO]: Popey456963 left the game.
[20:37:55] [Server thread/INFO]: Twiixtor issued server command: /sethome
[20:37:57] [Server thread/INFO]: Twiixtor issued server command: /spawn
[20:38:11] [Server thread/INFO]: default: Popey456963, Twiixtor
[20:38:58] [Server thread/INFO]: default: Popey456963, Twiixtor
[20:39:44] [Server thread/INFO]: default: Popey456963, Twiixtor
[20:40:31] [Server thread/INFO]: default: Popey456963, Twiixtor
[20:41:17] [Server thread/INFO]: default: Popey456963, Twiixtor
[20:41:34] [Server thread/INFO]: Twiixtor issued server command: /sethome 2
[20:41:36] [Server thread/INFO]: Twiixtor issued server command: /sethome top
[20:41:38] [Server thread/INFO]: Twiixtor issued server command: /home
[20:41:40] [Server thread/INFO]: Twiixtor issued server command: /home home
[20:41:50] [Server thread/INFO]: Popey456963 issued server command: /gamemode 0 twiix
[20:42:04] [Server thread/INFO]: default: Popey456963, Twiixtor
[20:42:12] [Server thread/INFO]: Twiixtor was slain by Popey456963
[20:42:20] [Server thread/INFO]: Twiixtor issued server command: /tp pop
[20:42:33] [Server thread/INFO]: Popey456963 was slain by Twiixtor
[20:42:38] [Server thread/INFO]: Popey456963 issued server command: /back
[20:42:40] [Server thread/INFO]: Popey456963 issued server command: /sethome
[20:42:50] [Server thread/INFO]: default: Popey456963, Twiixtor
[20:43:01] [Server thread/INFO]: Twiixtor issued server command: /ci
[20:43:02] [Server thread/INFO]: Twiixtor issued server command: /ci
[20:43:04] [Server thread/INFO]: Twiixtor issued server command: /ci
[20:43:15] [Server thread/INFO]: Popey456963 issued server command: /gamemode 1
[20:43:17] [Server thread/INFO]: Twiixtor issued server command: /i bow 1
[20:43:20] [Server thread/INFO]: Twiixtor issued server command: /i arrow 64
[20:43:25] [Server thread/INFO]: Twiixtor issued server command: /i goldapple 64
[20:43:37] [Server thread/INFO]: default: Popey456963, Twiixtor
[20:43:44] [Server thread/INFO]: Twiixtor issued server command: /gm popey 0
[20:43:46] [Server thread/INFO]: Twiixtor issued server command: /gm 0 pope
[20:43:49] [Server thread/INFO]: Popey456963 fell from a high place
[20:43:54] [Server thread/INFO]: Popey456963 issued server command: /back
[20:44:00] [Server thread/INFO]: Popey456963 was slain by Twiixtor
[20:44:16] [Server thread/INFO]: Twiixtor issued server command: /tp pop
[20:44:23] [Server thread/INFO]: Popey456963 was shot by Twiixtor
[20:44:23] [Server thread/INFO]: default: Popey456963, Twiixtor
[20:44:37] [Server thread/INFO]: Twiixtor issued server command: /tp pop
[20:45:03] [Server thread/INFO]: Popey456963 issued server command: /gamemode 1
[20:45:10] [Server thread/INFO]: default: Popey456963, Twiixtor
[20:45:14] [Server thread/INFO]: Twiixtor issued server command: /powetool fireball
[20:45:16] [Server thread/INFO]: Twiixtor issued server command: /powertool
[20:45:21] [Server thread/INFO]: Twiixtor issued server command: /powertool fireball
[20:45:22] [Server thread/INFO]: Popey456963 issued server command: /gamemode 0
[20:45:26] [Server thread/INFO]: Twiixtor issued server command: /gm popey 0
[20:45:29] [Server thread/INFO]: Twiixtor issued server command: /gm 0 pop
[20:45:33] [Server thread/INFO]: [PT] Twiixtor issued server command: /fireball
[20:45:33] [Server thread/INFO]: [PT] Twiixtor issued server command: /fireball
[20:45:33] [Server thread/INFO]: [PT] Twiixtor issued server command: /fireball
[20:45:33] [Server thread/INFO]: [PT] Twiixtor issued server command: /fireball
[20:45:33] [Server thread/INFO]: [PT] Twiixtor issued server command: /fireball
[20:45:33] [Server thread/INFO]: [PT] Twiixtor issued server command: /fireball
[20:45:34] [Server thread/INFO]: [PT] Twiixtor issued server command: /fireball
[20:45:34] [Server thread/INFO]: [PT] Twiixtor issued server command: /fireball
[20:45:34] [Server thread/INFO]: [PT] Twiixtor issued server command: /fireball
[20:45:34] [Server thread/INFO]: [PT] Twiixtor issued server command: /fireball
[20:45:34] [Server thread/INFO]: [PT] Twiixtor issued server command: /fireball
[20:45:34] [Server thread/INFO]: [PT] Twiixtor issued server command: /fireball
[20:45:34] [Server thread/INFO]: [PT] Twiixtor issued server command: /fireball
[20:45:35] [Server thread/INFO]: [PT] Twiixtor issued server command: /fireball
[20:45:35] [Server thread/INFO]: [PT] Twiixtor issued server command: /fireball
[20:45:35] [Server thread/INFO]: [PT] Twiixtor issued server command: /fireball
[20:45:35] [Server thread/INFO]: [PT] Twiixtor issued server command: /fireball
[20:45:35] [Server thread/INFO]: [PT] Twiixtor issued server command: /fireball
[20:45:35] [Server thread/INFO]: [PT] Twiixtor issued server command: /fireball
[20:45:35] [Server thread/INFO]: [PT] Twiixtor issued server command: /fireball
[20:45:36] [Server thread/INFO]: [PT] Twiixtor issued server command: /fireball
[20:45:36] [Server thread/INFO]: [PT] Twiixtor issued server command: /fireball
[20:45:36] [Server thread/INFO]: [PT] Twiixtor issued server command: /fireball
[20:45:36] [Server thread/INFO]: [PT] Twiixtor issued server command: /fireball
[20:45:36] [Server thread/INFO]: [PT] Twiixtor issued server command: /fireball
[20:45:36] [Server thread/INFO]: [PT] Twiixtor issued server command: /fireball
[20:45:37] [Server thread/INFO]: [PT] Twiixtor issued server command: /fireball
[20:45:37] [Server thread/INFO]: [PT] Twiixtor issued server command: /fireball
[20:45:37] [Server thread/INFO]: [PT] Twiixtor issued server command: /fireball
[20:45:37] [Server thread/INFO]: [PT] Twiixtor issued server command: /fireball
[20:45:37] [Server thread/INFO]: [PT] Twiixtor issued server command: /fireball
[20:45:37] [Server thread/INFO]: [PT] Twiixtor issued server command: /fireball
[20:45:38] [Server thread/INFO]: [PT] Twiixtor issued server command: /fireball
[20:45:38] [Server thread/INFO]: [PT] Twiixtor issued server command: /fireball
[20:45:38] [Server thread/INFO]: [PT] Twiixtor issued server command: /fireball
[20:45:38] [Server thread/INFO]: [PT] Twiixtor issued server command: /fireball
[20:45:38] [Server thread/INFO]: [PT] Twiixtor issued server command: /fireball
[20:45:38] [Server thread/INFO]: [PT] Twiixtor issued server command: /fireball
[20:45:39] [Server thread/INFO]: [PT] Twiixtor issued server command: /fireball
[20:45:39] [Server thread/INFO]: [PT] Twiixtor issued server command: /fireball
[20:45:39] [Server thread/INFO]: [PT] Twiixtor issued server command: /fireball
[20:45:39] [Server thread/INFO]: [PT] Twiixtor issued server command: /fireball
[20:45:39] [Server thread/INFO]: [PT] Twiixtor issued server command: /fireball
[20:45:39] [Server thread/INFO]: [PT] Twiixtor issued server command: /fireball
[20:45:40] [Server thread/INFO]: [PT] Twiixtor issued server command: /fireball
[20:45:40] [Server thread/INFO]: [PT] Twiixtor issued server command: /fireball
[20:45:40] [Server thread/INFO]: [PT] Twiixtor issued server command: /fireball
[20:45:40] [Server thread/INFO]: [PT] Twiixtor issued server command: /fireball
[20:45:40] [Server thread/INFO]: [PT] Twiixtor issued server command: /fireball
[20:45:40] [Server thread/INFO]: [PT] Twiixtor issued server command: /fireball
[20:45:41] [Server thread/INFO]: [PT] Twiixtor issued server command: /fireball
[20:45:41] [Server thread/INFO]: [PT] Twiixtor issued server command: /fireball
[20:45:41] [Server thread/INFO]: [PT] Twiixtor issued server command: /fireball
[20:45:48] [Server thread/INFO]: Twiixtor was slain by Popey456963
[20:45:56] [Server thread/INFO]: default: Popey456963, Twiixtor
[20:45:58] [Server thread/INFO]: Twiixtor issued server command: /tp pop
[20:46:03] [Server thread/INFO]: Twiixtor issued server command: /smite pop
[20:46:05] [Server thread/INFO]: Twiixtor issued server command: /smite pop
[20:46:05] [Server thread/INFO]: Twiixtor issued server command: /smite pop
[20:46:06] [Server thread/INFO]: Twiixtor issued server command: /smite pop
[20:46:06] [Server thread/INFO]: Twiixtor issued server command: /smite pop
[20:46:07] [Server thread/INFO]: Twiixtor issued server command: /smite pop
[20:46:07] [Server thread/INFO]: Twiixtor issued server command: /smite pop
[20:46:08] [Server thread/INFO]: Twiixtor issued server command: /smite pop
[20:46:11] [Server thread/INFO]: Twiixtor issued server command: /smite pop
[20:46:12] [Server thread/INFO]: Twiixtor issued server command: /smite pop
[20:46:12] [Server thread/INFO]: Twiixtor issued server command: /smite pop
[20:46:12] [Server thread/INFO]: Twiixtor issued server command: /smite pop
[20:46:12] [Server thread/INFO]: Twiixtor issued server command: /smite pop
[20:46:13] [Server thread/INFO]: Twiixtor issued server command: /smite pop
[20:46:13] [Server thread/INFO]: Twiixtor issued server command: /smite pop
[20:46:13] [Server thread/INFO]: Twiixtor issued server command: /smite pop
[20:46:14] [Server thread/INFO]: Twiixtor issued server command: /smite pop
[20:46:14] [Server thread/INFO]: Twiixtor issued server command: /smite pop
[20:46:14] [Server thread/INFO]: Twiixtor issued server command: /smite pop
[20:46:14] [Server thread/INFO]: Twiixtor issued server command: /smite pop
[20:46:15] [Server thread/INFO]: Twiixtor was slain by Popey456963
[20:46:15] [Server thread/INFO]: Twiixtor issued server command: /smite pop
[20:46:22] [Server thread/INFO]: Twiixtor issued server command: /tp pop
[20:46:36] [Server thread/INFO]: Twiixtor issued server command: /kill pop
[20:46:36] [Server thread/INFO]: Popey456963 died
[20:46:40] [Server thread/INFO]: Popey456963 issued server command: /kick twiix
[20:46:43] [Server thread/INFO]: default: Popey456963, Twiixtor
[20:46:46] [Server thread/INFO]: Twiixtor issued server command: /gm 1
[20:46:55] [Netty Epoll Server IO #6/INFO]: <Twiixtor> LEL
[20:47:30] [Server thread/INFO]: default: Popey456963, Twiixtor
[20:47:30] [Server thread/INFO]: Twiixtor issued server command: /rename
[20:47:31] [Server thread/INFO]: Twiixtor issued server command: /name
[20:47:33] [Server thread/INFO]: Twiixtor issued server command: /nick
[20:47:46] [Server thread/INFO]: Twiixtor issued server command: /nick off
[20:48:01] [Server thread/INFO]: Twiixtor issued server command: /i torch 1
[20:48:13] [Server thread/INFO]: Twiixtor issued server command: /i barrier 1
[20:48:16] [Server thread/INFO]: default: Popey456963, Twiixtor
[20:48:33] [Server thread/INFO]: Twiixtor left the game.
[20:48:58] [Server thread/INFO]: Popey456963 fell from a high place
[20:49:03] [Server thread/INFO]: default: Popey456963
[20:49:03] [Server thread/INFO]: Popey456963 left the game.
[20:56:27] [Server thread/INFO]: [Server] <jakubbreszka@gmail.com> sup
[20:56:31] [Server thread/INFO]: [Server] <jakubbreszka@gmail.com> poopfaces
[20:57:54] [Server thread/INFO]: [Server] <jakubbreszka@gmail.com> ugly
[20:57:55] [Server thread/INFO]: [Server] <jakubbreszka@gmail.com> foks
[22:45:58] [Server thread/INFO]: Stopping the server
[22:45:58] [Server thread/INFO]: Stopping server
[22:45:58] [Server thread/INFO]: [Essentials] Disabling Essentials v2.0.1-b192
[22:45:58] [Server thread/INFO]: [WorldEdit] Disabling WorldEdit v6.1;no_git_id
