[20:19:15] [Server thread/INFO]: ThunderCS issued server command: /spawn
[20:19:22] [Server thread/INFO]: ThunderCS issued server command: /warp skywars
[20:19:38] [Server thread/INFO]: ThunderCS left the game.
[22:59:54] [Server thread/INFO]: Developers: [Dev] Popey
[23:00:48] [Server thread/INFO]: Developers: [Dev] Popey
[23:01:42] [Server thread/INFO]: Developers: [Dev] Popey
[23:02:37] [Server thread/INFO]: Developers: [Dev] Popey
[23:03:32] [Server thread/INFO]: Developers: [Dev] Popey
[23:04:27] [Server thread/INFO]: Developers: [Dev] Popey
[23:05:21] [Server thread/INFO]: Developers: [Dev] Popey
[23:05:44] [Server thread/INFO]: Popey456963 issued server command: /warp
[23:05:48] [Server thread/INFO]: Popey456963 issued server command: /warp Spawn
[23:05:52] [Server thread/INFO]: Popey456963 issued server command: /warp ProperSpawn
[23:06:16] [Server thread/INFO]: Developers: [Dev] Popey
[23:06:37] [Server thread/INFO]: Popey456963 issued server command: /who
[23:06:40] [Server thread/INFO]: Popey456963 issued server command: /who AttrebusMede
[23:06:48] [Server thread/INFO]: Popey456963 issued server command: /whois Twiixtor
[23:06:52] [Server thread/INFO]: Popey456963 issued server command: /who Twiixtor
[23:07:10] [Server thread/INFO]: Developers: [Dev] Popey
[23:08:05] [Server thread/INFO]: Developers: [Dev] Popey
[23:08:59] [Server thread/INFO]: Developers: [Dev] Popey
[23:09:39] [Server thread/INFO]: Popey456963 left the game.
[23:18:05] [Server thread/INFO]: Developers: [Dev] Popey
[23:18:15] [Server thread/INFO]: Popey456963 issued server command: / plugins
[23:18:16] [Server thread/INFO]: Popey456963 issued server command: /plugins
[23:18:59] [Server thread/INFO]: Developers: [Dev] Popey
[23:19:22] [Server thread/INFO]: Popey456963 issued server command: /mv
[23:19:30] [Server thread/INFO]: Popey456963 issued server command: /mvtp L
[23:19:54] [Server thread/INFO]: Developers: [Dev] Popey
[23:20:48] [Server thread/INFO]: Developers: [Dev] Popey
[23:21:00] [Server thread/INFO]: [Multiverse-Core] Loading World & Settings - 'Lobby' - Env: NORMAL - Type: FLAT
[23:21:00] [Server thread/INFO]: Popey456963: Complete!
[23:21:05] [Server thread/INFO]: Popey456963 issued server command: /mvtp lLobby
[23:21:33] [Server thread/INFO]: Popey456963 issued server command: /mvtp L
[23:21:35] [Server thread/INFO]: Popey456963 issued server command: /mvtp Lobby
[23:21:37] [Server thread/INFO]: Popey456963 issued server command: /mvremove
[23:21:39] [Server thread/INFO]: Popey456963 issued server command: /mvremove L
[23:21:42] [Server thread/INFO]: Developers: [Dev] Popey
[23:22:37] [Server thread/INFO]: Developers: [Dev] Popey
[23:23:32] [Server thread/INFO]: Developers: [Dev] Popey
[23:24:27] [Server thread/INFO]: Developers: [Dev] Popey
[23:25:21] [Server thread/INFO]: Developers: [Dev] Popey
[23:26:16] [Server thread/INFO]: Developers: [Dev] Popey
[23:27:10] [Server thread/INFO]: Developers: [AFK][Dev] Popey
[23:28:05] [Server thread/INFO]: Developers: [AFK][Dev] Popey
[23:28:46] [Server thread/INFO]: Popey456963 issued server command: /time set day
[23:28:59] [Server thread/INFO]: Developers: [Dev] Popey
[23:29:10] [Server thread/INFO]: [Multiverse-Core] Loading World & Settings - 'Spawn' - Env: NORMAL - Type: FLAT
[23:29:10] [Server thread/INFO]: [WorldGuard] (Spawn) Lighters are PERMITTED.
[23:29:10] [Server thread/INFO]: [WorldGuard] (Spawn) Lava fire is blocked.
[23:29:10] [Server thread/INFO]: [WorldGuard] (Spawn) Fire spread is UNRESTRICTED.
[23:29:10] [Server thread/INFO]: Popey456963: Complete!
[23:29:13] [Server thread/INFO]: Popey456963 issued server command: /mvtp spawn
[23:29:17] [Server thread/INFO]: Popey456963 issued server command: //paste
[23:30:17] [Thread-3/INFO]: Stopping server
