[20:04:52] [main/INFO]: Launching wrapped minecraft {net.minecraft.server.MinecraftServer}
[20:04:56] [Server thread/INFO]: MinecraftForge v10.13.4.1448 Initialized
[20:04:56] [Server thread/INFO]: Replaced 183 ore recipies
[20:04:56] [Server thread/INFO]: Found 0 mods from the command line. Injecting into mod discoverer
[20:04:56] [Server thread/INFO]: Searching /home/root/multicraft/servers/server435620/mods for mods
[20:04:56] [Server thread/INFO]: Also searching /home/root/multicraft/servers/server435620/mods/1.7.10 for mods
[20:04:59] [Server thread/INFO]: Forge Mod Loader has identified 40 mods to load
[20:05:02] [Server thread/INFO]: Mantle (1.7.10-0.3.2.jenkins184) -- Preparing for launch.
[20:05:04] [Server thread/INFO]: Designs found: Bed(6), Chisel(9), FlowerPot(18), Tile(13)
[20:05:04] [Server thread/INFO]: Gear module active. Adding gear cast.
[20:05:04] [Server thread/INFO]: Biomes O' Plenty Detected
[20:05:04] [Server thread/INFO]: Twilight Forest Detected
[20:05:04] [Server thread/INFO]: Thaumcraft Detected
[20:05:08] [Server thread/INFO]: Applying holder lookups
[20:05:08] [Server thread/INFO]: Holder lookups applied
[20:05:08] [Server thread/INFO]: Injecting itemstacks
[20:05:08] [Server thread/INFO]: Loading properties
[20:05:08] [Server thread/INFO]: Default game type: SURVIVAL
[20:05:09] [Server thread/INFO]: Using 4 threads for Netty based IO
[20:05:09] [Server thread/INFO]: Server Ping Player Sample Count: 12
[20:05:09] [Server thread/INFO]: Waila detected.
[20:05:09] [Server thread/INFO]: Thaumcraft detected. Registering harvestables.
[20:05:10] [Server thread/INFO]: InfernalMobsCore load() completed! Modifiers ready: 27
[20:05:10] [Server thread/INFO]: Injecting itemstacks
[20:05:10] [Server thread/INFO]: Loading Manual XML from: /assets/mantle/manuals/test.xml
[20:05:10] [Server thread/INFO]: ## Chest items register ##
[20:05:10] [Server thread/INFO]: Thaumcraft detected. Adding thaumium tools.
[20:05:11] [Server thread/INFO]: item.apple0: 15: 1: 3
[20:05:11] [Server thread/INFO]: item.appleGold0: 1: 1: 1
[20:05:11] [Server thread/INFO]: item.arrow0: 30: 2: 7
[20:05:11] [Server thread/INFO]: item.book0: 20: 1: 3
[20:05:11] [Server thread/INFO]: item.bread0: 14: 1: 1
[20:05:11] [Server thread/INFO]: item.bucket0: 10: 1: 1
[20:05:11] [Server thread/INFO]: item.coal0: 10: 3: 8
[20:05:11] [Server thread/INFO]: item.compass0: 1: 1: 1
[20:05:11] [Server thread/INFO]: item.dyePowder.blue4: 5: 4: 9
[20:05:11] [Server thread/INFO]: item.emerald0: 2: 1: 3
[20:05:11] [Server thread/INFO]: item.emptyMap0: 1: 1: 1
[20:05:11] [Server thread/INFO]: item.enchantedBook0: 1: 1: 1
[20:05:11] [Server thread/INFO]: item.enderPearl0: 10: 1: 1
[20:05:11] [Server thread/INFO]: item.flippers0: 5: 1: 1
[20:05:11] [Server thread/INFO]: item.horsearmorgold0: 1: 1: 1
[20:05:11] [Server thread/INFO]: item.horsearmormetal0: 1: 1: 1
[20:05:11] [Server thread/INFO]: item.ingotGold0: 5: 1: 3
[20:05:11] [Server thread/INFO]: item.misc.ash1: 25: 2: 8
[20:05:11] [Server thread/INFO]: item.nameTag0: 10: 1: 1
[20:05:11] [Server thread/INFO]: item.paper0: 20: 2: 7
[20:05:11] [Server thread/INFO]: item.record0: 10: 1: 1
[20:05:11] [Server thread/INFO]: item.rottenFlesh0: 16: 3: 7
[20:05:11] [Server thread/INFO]: item.saddle0: 2: 1: 1
[20:05:11] [Server thread/INFO]: item.seeds_pumpkin0: 10: 2: 4
[20:05:11] [Server thread/INFO]: item.string0: 10: 1: 4
[20:05:11] [Server thread/INFO]: item.sulphur0: 10: 1: 4
[20:05:11] [Server thread/INFO]: item.wadingBoots0: 5: 1: 1
[20:05:11] [Server thread/INFO]: tile.flowers.deadbloom2: 25: 1: 4
[20:05:11] [Server thread/INFO]: tile.flowers.glowflower3: 25: 1: 4
[20:05:11] [Server thread/INFO]: tile.obsidian0: 5: 3: 7
[20:05:11] [Server thread/INFO]: tile.plants.thorn5: 20: 4: 6
[20:05:11] [Server thread/INFO]: tile.rail0: 1: 4: 8
[20:05:11] [Server thread/INFO]: tile.sapling.oak0: 5: 3: 7
[20:05:11] [Server thread/INFO]: Total Weight: 480
[20:05:11] [Server thread/INFO]: TwilightForestMod mod found.
[20:05:11] [Server thread/INFO]: Success in registering ThaumicTinkerer
[20:05:11] [Server thread/INFO]: Forge Mod Loader has successfully loaded 40 mods
[20:05:13] [Server thread/INFO]: [WorldEdit] Loading WorldEdit v5.6.3
[20:05:15] [Server thread/INFO]: Preparing spawn area: 4%
[20:05:16] [Server thread/INFO]: Preparing spawn area: 10%
[20:05:17] [Server thread/INFO]: Preparing spawn area: 14%
[20:05:18] [Server thread/INFO]: Preparing spawn area: 22%
[20:05:19] [Server thread/INFO]: Preparing spawn area: 27%
[20:05:20] [Server thread/INFO]: Preparing spawn area: 36%
[20:05:21] [Server thread/INFO]: Preparing spawn area: 42%
[20:05:22] [Server thread/INFO]: Preparing spawn area: 48%
[20:05:23] [Server thread/INFO]: Preparing spawn area: 54%
[20:05:24] [Server thread/INFO]: Preparing spawn area: 61%
[20:05:25] [Server thread/INFO]: Preparing spawn area: 68%
[20:05:26] [Server thread/INFO]: Preparing spawn area: 75%
[20:05:27] [Server thread/INFO]: Preparing spawn area: 82%
[20:05:28] [Server thread/INFO]: Preparing spawn area: 88%
[20:05:30] [Server thread/INFO]: Preparing spawn area: 95%
[20:05:30] [Server thread/INFO]: [WorldEdit] Enabling WorldEdit v5.6.3
[20:51:37] [Server thread/INFO]: Assigning initial aspects to Crustifer
[20:51:44] [Server thread/INFO]: Crustifer has just earned the achievement [Taking Inventory]
[20:52:04] [Server thread/INFO]: Crustifer has just earned the achievement [Learning to Tinker]
[20:52:51] [Server thread/INFO]: Crustifer issued server command: /help
[20:52:55] [Server thread/INFO]: Crustifer issued server command: //
[20:52:58] [Server thread/INFO]: Crustifer issued server command: /fly
[20:53:00] [Server thread/INFO]: Crustifer issued server command: //
[20:53:03] [Server thread/INFO]: Crustifer issued server command: /
[20:53:25] [Server thread/INFO]: [Crustifer: Given [Revolver] * 1 to Crustifer]
[20:53:30] [Server thread/INFO]: [Crustifer: Given [Mecha Golem] * 1 to Crustifer]
[20:56:34] [Server thread/INFO]: [Crustifer: Given [Wand Focus: Uprising] * 1 to Crustifer]
[20:56:47] [Server thread/INFO]: [Crustifer: Given [Wand Focus: Fire] * 1 to Crustifer]
[20:56:47] [Server thread/INFO]: [Crustifer: Given [Wand Focus: Shock] * 1 to Crustifer]
[20:56:56] [Server thread/INFO]: [Crustifer: Given [Wand Focus: Shock] * 1 to Crustifer]
[20:57:06] [Server thread/INFO]: [Crustifer: Given [Wand Focus: Ender Rift] * 1 to Crustifer]
[20:57:50] [Server thread/INFO]: [Crustifer: Given [Wand Focus: Celestial Recall] * 1 to Crustifer]
[20:58:13] [Server thread/INFO]: [Crustifer: Given [Wand Focus: Efreet's Flame] * 1 to Crustifer]
[20:59:58] [Server thread/INFO]: [Crustifer: Given [Straw Golem] * 1 to Crustifer]
[21:00:54] [Server thread/INFO]: [Crustifer: Given [Golemancer's Bell] * 1 to Crustifer]
[21:02:00] [Server thread/INFO]: [Crustifer: Given [Thaumium Golem] * 1 to Crustifer]
[21:05:13] [Server thread/INFO]: [Crustifer: Given [Hooksword] * 1 to Crustifer]
[21:05:39] [Server thread/INFO]: [Crustifer: Given [Wand Focus: Purity] * 1 to Crustifer]
[21:05:43] [Server thread/INFO]: Crustifer left the game.
[21:09:38] [Server thread/INFO]: Crustifer left the game.
[23:39:59] [Server thread/INFO]: Crustifer left the game.
[23:41:31] [Server thread/INFO]: Crustifer left the game.
[23:48:02] [Server thread/INFO]: Crustifer left the game.
[23:50:48] [Server thread/INFO]: Crustifer left the game.
[23:51:04] [Server thread/INFO]: Assigning initial aspects to Twistybeef
[23:51:32] [Server thread/INFO]: Twistybeef issued server command: /clear crustifer
[23:51:32] [Server thread/INFO]: Twistybeef: Cleared the inventory of Crustifer, removing 3 items
[23:52:38] [Server thread/INFO]: Twistybeef: Set own game mode to CREATIVE mode
[23:53:41] [Server thread/INFO]: Crustifer issued server command: /gamemode 2
[23:53:41] [Server thread/INFO]: Crustifer: Set own game mode to ADVENTURE mode
[23:53:42] [Server thread/INFO]: Crustifer issued server command: /gamemode 1
[23:53:42] [Server thread/INFO]: Crustifer: Set own game mode to CREATIVE mode
[23:56:22] [Server thread/INFO]: Twistybeef has just earned the achievement [Taking Inventory]
[23:57:31] [Server thread/INFO]: Crustifer issued server command: /help
[23:57:34] [Server thread/INFO]: Crustifer issued server command: /help 2
[23:57:35] [Server thread/INFO]: Crustifer issued server command: /thelp 3
[23:57:38] [Server thread/INFO]: Crustifer issued server command: /mcmmo
[23:59:45] [Server thread/INFO]: [Crustifer: Given [Focus Pouch] * 1 to Crustifer]
[23:59:58] [Server thread/INFO]: [Crustifer: Given [Phial of Essentia] * 1 to Crustifer]
