[18:43:49] [main/INFO]: Launching wrapped minecraft {net.minecraft.server.MinecraftServer}
[18:43:53] [Server thread/INFO]: MinecraftForge v10.13.4.1448 Initialized
[18:43:53] [Server thread/INFO]: Replaced 183 ore recipies
[18:43:53] [Server thread/INFO]: Found 0 mods from the command line. Injecting into mod discoverer
[18:43:53] [Server thread/INFO]: Searching /home/root/multicraft/servers/server435620/mods for mods
[18:43:53] [Server thread/INFO]: Also searching /home/root/multicraft/servers/server435620/mods/1.7.10 for mods
[18:43:56] [Server thread/INFO]: Forge Mod Loader has identified 40 mods to load
[18:43:58] [Server thread/INFO]: Mantle (1.7.10-0.3.2.jenkins184) -- Preparing for launch.
[18:44:01] [Server thread/INFO]: Designs found: Bed(6), Chisel(9), FlowerPot(18), Tile(13)
[18:44:01] [Server thread/INFO]: Gear module active. Adding gear cast.
[18:44:01] [Server thread/INFO]: Biomes O' Plenty Detected
[18:44:01] [Server thread/INFO]: Twilight Forest Detected
[18:44:01] [Server thread/INFO]: Thaumcraft Detected
[18:44:05] [Server thread/INFO]: Applying holder lookups
[18:44:05] [Server thread/INFO]: Holder lookups applied
[18:44:05] [Server thread/INFO]: Injecting itemstacks
[18:44:05] [Server thread/INFO]: Loading properties
[18:44:05] [Server thread/INFO]: Default game type: SURVIVAL
[18:44:06] [Server thread/INFO]: Server Ping Player Sample Count: 12
[18:44:06] [Server thread/INFO]: Using 4 threads for Netty based IO
[18:44:06] [Server thread/INFO]: Waila detected.
[18:44:07] [Server thread/INFO]: Thaumcraft detected. Registering harvestables.
[18:44:07] [Server thread/INFO]: InfernalMobsCore load() completed! Modifiers ready: 27
[18:44:07] [Server thread/INFO]: Injecting itemstacks
[18:44:07] [Server thread/INFO]: Loading Manual XML from: /assets/mantle/manuals/test.xml
[18:44:07] [Server thread/INFO]: ## Chest items register ##
[18:44:07] [Server thread/INFO]: Thaumcraft detected. Adding thaumium tools.
[18:44:08] [Server thread/INFO]: item.apple0: 15: 1: 3
[18:44:08] [Server thread/INFO]: item.appleGold0: 1: 1: 1
[18:44:08] [Server thread/INFO]: item.arrow0: 30: 2: 7
[18:44:08] [Server thread/INFO]: item.book0: 20: 1: 3
[18:44:08] [Server thread/INFO]: item.bread0: 14: 1: 1
[18:44:08] [Server thread/INFO]: item.bucket0: 10: 1: 1
[18:44:08] [Server thread/INFO]: item.coal0: 10: 3: 8
[18:44:08] [Server thread/INFO]: item.compass0: 1: 1: 1
[18:44:08] [Server thread/INFO]: item.dyePowder.blue4: 5: 4: 9
[18:44:08] [Server thread/INFO]: item.emerald0: 2: 1: 3
[18:44:08] [Server thread/INFO]: item.emptyMap0: 1: 1: 1
[18:44:08] [Server thread/INFO]: item.enchantedBook0: 1: 1: 1
[18:44:08] [Server thread/INFO]: item.enderPearl0: 10: 1: 1
[18:44:08] [Server thread/INFO]: item.flippers0: 5: 1: 1
[18:44:08] [Server thread/INFO]: item.horsearmorgold0: 1: 1: 1
[18:44:08] [Server thread/INFO]: item.horsearmormetal0: 1: 1: 1
[18:44:08] [Server thread/INFO]: item.ingotGold0: 5: 1: 3
[18:44:08] [Server thread/INFO]: item.misc.ash1: 25: 2: 8
[18:44:08] [Server thread/INFO]: item.nameTag0: 10: 1: 1
[18:44:08] [Server thread/INFO]: item.paper0: 20: 2: 7
[18:44:08] [Server thread/INFO]: item.record0: 10: 1: 1
[18:44:08] [Server thread/INFO]: item.rottenFlesh0: 16: 3: 7
[18:44:08] [Server thread/INFO]: item.saddle0: 2: 1: 1
[18:44:08] [Server thread/INFO]: item.seeds_pumpkin0: 10: 2: 4
[18:44:08] [Server thread/INFO]: item.string0: 10: 1: 4
[18:44:08] [Server thread/INFO]: item.sulphur0: 10: 1: 4
[18:44:08] [Server thread/INFO]: item.wadingBoots0: 5: 1: 1
[18:44:08] [Server thread/INFO]: tile.flowers.deadbloom2: 25: 1: 4
[18:44:08] [Server thread/INFO]: tile.flowers.glowflower3: 25: 1: 4
[18:44:08] [Server thread/INFO]: tile.obsidian0: 5: 3: 7
[18:44:08] [Server thread/INFO]: tile.plants.thorn5: 20: 4: 6
[18:44:08] [Server thread/INFO]: tile.rail0: 1: 4: 8
[18:44:08] [Server thread/INFO]: tile.sapling.oak0: 5: 3: 7
[18:44:08] [Server thread/INFO]: Total Weight: 480
[18:44:08] [Server thread/INFO]: TwilightForestMod mod found.
[18:44:08] [Server thread/INFO]: Success in registering ThaumicTinkerer
[18:44:08] [Server thread/INFO]: Forge Mod Loader has successfully loaded 40 mods
[18:44:09] [Server thread/INFO]: Applying holder lookups
[18:44:09] [Server thread/INFO]: Holder lookups applied
[18:44:11] [Server thread/INFO]: Preparing spawn area: 76%
[18:50:40] [Server thread/INFO]: Twistybeef has just earned the achievement [Getting Wood]
[18:51:08] [Server thread/INFO]: Twistybeef was slain by  Pig Zombie
[18:51:51] [Server thread/INFO]: Twistybeef: Set own game mode to CREATIVE mode
[18:53:32] [Server thread/INFO]: Twistybeef issued server command: /gamemode survival
[18:53:32] [Server thread/INFO]: Twistybeef: Set own game mode to SURVIVAL mode
[19:01:03] [Server thread/INFO]: [Twistybeef: Given [Acacia Wood Planks] * 64 to Twistybeef]
[19:01:16] [Server thread/INFO]: [Twistybeef: Given [Meef Steak] * 64 to Twistybeef]
[19:03:09] [Server thread/INFO]: Twistybeef: Set own game mode to CREATIVE mode
[19:03:46] [Server thread/INFO]: 0
[19:03:46] [Server thread/INFO]: 0
[19:04:39] [Server thread/INFO]: Twistybeef issued server command: /gamemode survival
[19:04:39] [Server thread/INFO]: Twistybeef: Set own game mode to SURVIVAL mode
[19:05:30] [Server thread/INFO]: 0
[19:05:30] [Server thread/INFO]: 0
[19:05:30] [Server thread/INFO]: 0
[19:05:30] [Server thread/INFO]: 0
[19:05:30] [Server thread/INFO]: 0
[19:05:46] [Server thread/INFO]: [Twistybeef: Given [Epic Loot Bag] * 1 to Twistybeef]
[19:05:48] [Server thread/INFO]: [Twistybeef: Given [Legendary Loot Bag] * 1 to Twistybeef]
[19:05:50] [Server thread/INFO]: [Twistybeef: Given [Epic Loot Bag] * 1 to Twistybeef]
[19:05:50] [Server thread/INFO]: [Twistybeef: Given [Legendary Loot Bag] * 1 to Twistybeef]
[19:05:50] [Server thread/INFO]: [Twistybeef: Given [Epic Loot Bag] * 1 to Twistybeef]
[19:05:51] [Server thread/INFO]: [Twistybeef: Given [Legendary Loot Bag] * 1 to Twistybeef]
[19:05:51] [Server thread/INFO]: [Twistybeef: Given [Epic Loot Bag] * 1 to Twistybeef]
[19:05:51] [Server thread/INFO]: [Twistybeef: Given [Legendary Loot Bag] * 1 to Twistybeef]
[19:06:01] [Server thread/INFO]: 0
[19:06:01] [Server thread/INFO]: 0
[19:06:01] [Server thread/INFO]: 0
[19:06:01] [Server thread/INFO]: 0
[19:06:09] [Server thread/INFO]: CONSOLE: Stopping the server..
[19:06:09] [Server thread/INFO]: Stopping server
[19:06:09] [Server thread/INFO]: Twistybeef left the game.
[19:06:10] [Server thread/INFO]: Applying holder lookups
[19:06:10] [Server thread/INFO]: Holder lookups applied
