[18:32:22] [Server thread/INFO]: Loading properties
[18:32:22] [Server thread/INFO]: Default game type: SURVIVAL
[18:32:23] [Server thread/INFO]: Using epoll channel type
[18:32:24] [Server thread/INFO]: [DisguiseCraft] Loading DisguiseCraft v5.2
[18:32:24] [Server thread/INFO]: [WorldEdit] Loading WorldEdit v6.1;no_git_id
[18:32:24] [Server thread/INFO]: [Essentials] Loading Essentials vTeamCity
[18:32:24] [Server thread/INFO]: [PlugMan] Loading PlugMan v2.0.7
[18:32:24] [Server thread/INFO]: [LaggRemover] Loading LaggRemover v0.1.9
[18:32:24] [Server thread/INFO]: [WorldGuard] Loading WorldGuard v6.1
[18:32:24] [Server thread/INFO]: [Multiverse-Core] Loading Multiverse-Core v2.4-b527
[18:32:24] [Server thread/INFO]: [Splegg] Loading Splegg v1.2
[18:32:24] [Server thread/INFO]: [EssentialsProtect] Loading EssentialsProtect vTeamCity
[18:32:24] [Server thread/INFO]: [VoxelSniper] Loading VoxelSniper v7.1.0
[18:32:24] [Server thread/INFO]: [mcMMO] Loading mcMMO v1.5.00-b3547
[18:32:24] [Server thread/INFO]: [Multiverse-NetherPortals] Loading Multiverse-NetherPortals v2.4-b530
[18:32:24] [Server thread/INFO]: [SuperVanish] Loading SuperVanish v5.4.3
[18:32:24] [Server thread/INFO]: [Multiverse-Portals] Loading Multiverse-Portals v2.4-b548
[18:32:24] [Server thread/INFO]: [Vault] Loading Vault v1.5.6-b49
[18:32:24] [Server thread/INFO]: [EssentialsSpawn] Loading EssentialsSpawn vTeamCity
[18:32:24] [Server thread/INFO]: [MassiveCore] Loading MassiveCore v2.8.0
[18:32:24] [Server thread/INFO]: TimeUnit.MILLIS_PER_MINUTE: 60000
[18:32:24] [Server thread/INFO]: [MinigamesLib] Loading MinigamesLib v1.13.1
[18:32:24] [Server thread/INFO]: [Minigames] Loading Minigames v1.7.0
[18:32:24] [Server thread/INFO]: [MobArena] Loading MobArena v0.97.1
[18:32:24] [Server thread/INFO]: [TNTRun] Loading TNTRun v3.4
[18:32:24] [Server thread/INFO]: [HolographicDisplays] Loading HolographicDisplays v2.1.10
[18:32:24] [Server thread/INFO]: [CommandSigns] Loading CommandSigns v1.9.3.2
[18:32:24] [Server thread/INFO]: [SkyWars] Loading SkyWars v1.1-m16
[18:32:24] [Server thread/INFO]: [EpicSpleef] Loading EpicSpleef v0.0.19
[18:32:24] [Server thread/INFO]: [OnTime] Loading OnTime v4.1.3
[18:32:24] [Server thread/INFO]: [CraftBook] Loading CraftBook v3.9-SNAPSHOT
[18:32:24] [Server thread/INFO]: [mcMMO] Enabling mcMMO v1.5.00-b3547
[18:32:25] [Server thread/INFO]: [Vault] Enabling Vault v1.5.6-b49
[18:32:25] [Server thread/INFO]: [MassiveCore] Enabling MassiveCore v2.8.0
[18:32:25] [Server thread/INFO]: [MassiveCore 2.8.0] === ENABLE START ===
[18:32:25] [Server thread/INFO]: [MassiveCore 2.8.0] §eSetup of IdUtil took §d7§ems.
[18:32:25] [Server thread/INFO]: [MassiveCore 2.8.0] === ENABLE §aCOMPLETE §e(Took §d108ms§e) ===
[18:32:26] [Server thread/INFO]: [DisguiseCraft] Enabling DisguiseCraft v5.2
[18:32:27] [Server thread/INFO]: [WorldEdit] Enabling WorldEdit v6.1;no_git_id
[18:32:27] [Server thread/INFO]: [WorldEdit] Using com.sk89q.worldedit.bukkit.adapter.impl.Spigot_v1_8_R3 as the Bukkit adapter
[18:32:27] [Server thread/INFO]: [Essentials] Enabling Essentials vTeamCity
[18:32:27] [Server thread/INFO]: git-Bukkit-9935adc (MC: 1.8.8)
[18:32:27] [Server thread/INFO]: 1.8.8-R0.1-SNAPSHOT
[18:32:27] [Server thread/INFO]: Using locale en_US
[18:32:27] [Server thread/INFO]: Using locale en_US
[18:32:27] [Server thread/INFO]: [PlugMan] Enabling PlugMan v2.0.7
[18:32:27] [Server thread/INFO]: [LaggRemover] Enabling LaggRemover v0.1.9
[18:32:27] [Server thread/INFO]: [LaggRemover] LaggRemover has been enabled!
[18:32:27] [Server thread/INFO]: [WorldGuard] Enabling WorldGuard v6.1
[18:32:28] [Server thread/INFO]: [WorldGuard] (survival) Lighters are PERMITTED.
[18:32:28] [Server thread/INFO]: [WorldGuard] (survival) Lava fire is blocked.
[18:32:28] [Server thread/INFO]: [WorldGuard] (survival) Fire spread is UNRESTRICTED.
[18:32:28] [Server thread/INFO]: [WorldGuard] (survival_nether) Lighters are PERMITTED.
[18:32:28] [Server thread/INFO]: [WorldGuard] (survival_nether) Lava fire is blocked.
[18:32:28] [Server thread/INFO]: [WorldGuard] (survival_nether) Fire spread is UNRESTRICTED.
[18:32:28] [Server thread/INFO]: [WorldGuard] (survival_the_end) Lighters are PERMITTED.
[18:32:28] [Server thread/INFO]: [WorldGuard] (survival_the_end) Lava fire is blocked.
[18:32:28] [Server thread/INFO]: [WorldGuard] (survival_the_end) Fire spread is UNRESTRICTED.
[18:32:28] [Server thread/INFO]: [Multiverse-Core] Enabling Multiverse-Core v2.4-b527
[18:32:28] [Server thread/INFO]: [Multiverse-Core] Loading World & Settings - 'lobby' - Env: NORMAL - Type: NORMAL & seed: -3770714656453924402
[18:32:29] [Server thread/INFO]: [WorldGuard] (lobby) Lighters are PERMITTED.
[18:32:29] [Server thread/INFO]: [WorldGuard] (lobby) Lava fire is blocked.
[18:32:29] [Server thread/INFO]: [WorldGuard] (lobby) Fire spread is UNRESTRICTED.
[18:32:29] [Server thread/INFO]: [Multiverse-Core] Loading World & Settings - 'minigames' - Env: NORMAL - Type: FLAT & seed: 2973644325369467684
[18:32:29] [Server thread/INFO]: [WorldGuard] (minigames) Lighters are PERMITTED.
[18:32:29] [Server thread/INFO]: [WorldGuard] (minigames) Lava fire is blocked.
[18:32:29] [Server thread/INFO]: [WorldGuard] (minigames) Fire spread is UNRESTRICTED.
[18:32:29] [Server thread/INFO]: [Multiverse-Core] Loading World & Settings - 'Skywars' - Env: NORMAL - Type: FLAT & seed: 3121935573477155779
[18:32:29] [Server thread/INFO]: [WorldGuard] (Skywars) Lighters are PERMITTED.
[18:32:29] [Server thread/INFO]: [WorldGuard] (Skywars) Lava fire is blocked.
[18:32:29] [Server thread/INFO]: [WorldGuard] (Skywars) Fire spread is UNRESTRICTED.
[18:32:29] [Server thread/INFO]: [Multiverse-Core] Loading World & Settings - 'survival' - Env: NORMAL - Type: NORMAL & seed: 417882899938927719
[18:32:29] [Server thread/INFO]: [Multiverse-Core] Loading World & Settings - 'survival_nether' - Env: NETHER - Type: NORMAL & seed: 6261662807370706275
[18:32:29] [Server thread/ERROR]: [Multiverse-Core] New safe spawn NOT found!!!
[18:32:29] [Server thread/INFO]: [Multiverse-Core] Loading World & Settings - 'survival_the_end' - Env: THE_END - Type: NORMAL & seed: 6261662807370706275
[18:32:29] [Server thread/INFO]: [Multiverse-Core] Loading World & Settings - 'hyena' - Env: NORMAL - Type: NORMAL & seed: -8173056472171201028
[18:32:29] [Server thread/INFO]: [WorldGuard] (hyena) Lighters are PERMITTED.
[18:32:29] [Server thread/INFO]: [WorldGuard] (hyena) Lava fire is blocked.
[18:32:29] [Server thread/INFO]: [WorldGuard] (hyena) Fire spread is UNRESTRICTED.
[18:32:30] [Server thread/INFO]: [Multiverse-Core] 7 - World(s) loaded.
[18:32:30] [Server thread/INFO]: [Splegg] Enabling Splegg v1.2
[18:32:30] [Server thread/INFO]: [Splegg] Loading map SpleggOne.
[18:32:30] [Server thread/INFO]: [Splegg] Map is usable
[18:32:30] [Server thread/INFO]: [Splegg] Load Complete!
[18:32:30] [Server thread/INFO]: [Splegg] Loading map ArenaOne.
[18:32:30] [Server thread/INFO]: [Splegg] Spawn count is 0
[18:32:30] [Server thread/INFO]: [Splegg] No floors are setup.
[18:32:30] [Server thread/INFO]: [Splegg] --<>-- PLEASE SETUP MAP!! --<>--
[18:32:30] [Server thread/INFO]: [Splegg] Load Complete!
[18:32:30] [Server thread/INFO]: [EssentialsProtect] Enabling EssentialsProtect vTeamCity
[18:32:30] [Server thread/INFO]: [VoxelSniper] Enabling VoxelSniper v7.1.0
[18:32:30] [Server thread/INFO]: [Multiverse-NetherPortals] Enabling Multiverse-NetherPortals v2.4-b530
[18:32:30] [Server thread/INFO]: [SuperVanish] Enabling SuperVanish v5.4.3
[18:32:30] [Server thread/INFO]: [Multiverse-Portals] Enabling Multiverse-Portals v2.4-b548
[18:32:30] [Server thread/INFO]: [Multiverse-Portals]  1 - Portals(s) loaded
[18:32:30] [Server thread/INFO]: [EssentialsSpawn] Enabling EssentialsSpawn vTeamCity
[18:32:30] [Server thread/INFO]: [MinigamesLib] Enabling MinigamesLib v1.13.1
[18:32:30] [Server thread/INFO]: [Minigames] Enabling Minigames v1.7.0
[18:32:30] [Server thread/INFO]: [Minigames] Using lang en_AU
[18:32:30] [Server thread/INFO]: Minigames successfully enabled.
[18:32:31] [Server thread/INFO]: [MobArena] Enabling MobArena v0.97.1
[18:32:31] [Server thread/INFO]: [MobArena] Loaded arena 'god-arena'
[18:32:31] [Server thread/INFO]: [MobArena] v0.97.1 enabled.
[18:32:31] [Server thread/INFO]: [TNTRun] Enabling TNTRun v3.4
[18:32:31] [Server thread/INFO]: [HolographicDisplays] Enabling HolographicDisplays v2.1.10
[18:32:31] [Server thread/INFO]: [CommandSigns] Enabling CommandSigns v1.9.3.2
[18:32:31] [Server thread/INFO]: [CommandSigns] Successfully loaded 0 signs
[18:32:32] [Server thread/INFO]: [SkyWars] Enabling SkyWars v1.1-m16
[18:32:33] [Server thread/INFO]: [WorldGuard] (island-0) Lighters are PERMITTED.
[18:32:33] [Server thread/INFO]: [WorldGuard] (island-0) Lava fire is blocked.
[18:32:33] [Server thread/INFO]: [WorldGuard] (island-0) Fire spread is UNRESTRICTED.
[18:32:33] [Server thread/INFO]: [EpicSpleef] Enabling EpicSpleef v0.0.19
[18:32:33] [Server thread/INFO]: [EpicSpleef] Enabling EpicSpleef by BtoBastian
[18:32:33] [Server thread/INFO]: [EpicSpleef] Loading lobby SpleefOne
[18:32:33] [Server thread/INFO]: [EpicSpleef] Loading arena ArenaOne
[18:32:33] [Server thread/INFO]: [EpicSpleef] Successfully loaded arena ArenaOne. (world: minigames, blocks: 5233, maxPlayers: 0)
[18:32:33] [Server thread/INFO]: [EpicSpleef] Loading arena SpleefOne
[18:32:33] [Server thread/INFO]: [EpicSpleef] Successfully loaded arena SpleefOne. (world: minigames, blocks: 0, maxPlayers: 0)
[18:32:34] [Server thread/INFO]: [OnTime] Enabling OnTime v4.1.3
[18:32:34] [Server thread/INFO]: [CraftBook] Enabling CraftBook v3.9-SNAPSHOT
[18:32:34] [Server thread/INFO]: [CraftBook] Successfully added 1 CommandItems!
[18:32:34] [Server thread/INFO]: [CraftBook] Registered 3 custom recipes!
[18:32:34] [Server thread/INFO]: [CraftBook] 5075 chunk(s) for 8 world(s) processed (27ms elapsed)
[18:32:35] [Server thread/INFO]: [CraftBook] Happy 5th birthday CraftBook!
[18:32:36] [Server thread/INFO]: Found 0 arenas.
