[00:56:35] [Server thread/INFO]: Staff: [Admin] UnSeen
[00:57:30] [Server thread/INFO]: Staff: [Admin] UnSeen
[00:58:24] [Server thread/INFO]: Staff: [Admin] UnSeen
[00:59:18] [Server thread/INFO]: Staff: [Admin] UnSeen
[01:00:13] [Server thread/INFO]: Staff: [Admin] UnSeen
[01:01:07] [Server thread/INFO]: Staff: [Admin] UnSeen
[01:02:02] [Server thread/INFO]: Staff: [Admin] UnSeen
[01:02:56] [Server thread/INFO]: Staff: [Admin] UnSeen
[01:03:51] [Server thread/INFO]: Staff: [Admin] UnSeen
[01:04:45] [Server thread/INFO]: Staff: [Admin] UnSeen
[01:05:40] [Server thread/INFO]: Staff: [Admin] UnSeen
[01:06:34] [Server thread/INFO]: Staff: [Admin] UnSeen
[01:07:28] [Server thread/INFO]: Staff: [Admin] UnSeen
[01:08:23] [Server thread/INFO]: Staff: [Admin] UnSeen
[01:09:17] [Server thread/INFO]: Staff: [AFK][Admin] UnSeen
[01:10:12] [Server thread/INFO]: Staff: [AFK][Admin] UnSeen
[01:11:06] [Server thread/INFO]: Staff: [AFK][Admin] UnSeen
[01:12:01] [Server thread/INFO]: Staff: [Admin] UnSeen
[01:12:55] [Server thread/INFO]: Staff: [Admin] UnSeen
[01:13:50] [Server thread/INFO]: Staff: [Admin] UnSeen
[01:14:44] [Server thread/INFO]: Staff: [Admin] UnSeen
[01:15:38] [Server thread/INFO]: Staff: [Admin] UnSeen
[01:16:33] [Server thread/INFO]: Staff: [Admin] UnSeen
[01:17:27] [Server thread/INFO]: Staff: [Admin] UnSeen
[01:18:22] [Server thread/INFO]: Staff: [Admin] UnSeen
[01:19:16] [Server thread/INFO]: Staff: [Admin] UnSeen
[01:20:11] [Server thread/INFO]: Staff: [Admin] UnSeen
[01:20:16] [Server thread/INFO]: AttrebusMede left the game.
[11:54:29] [Server thread/INFO]: Staff: [Admin] UnSeen
[11:55:23] [Server thread/INFO]: Staff: [Admin] UnSeen
[11:56:18] [Server thread/INFO]: Staff: [Admin] UnSeen
[11:57:12] [Server thread/INFO]: Staff: [Admin] UnSeen
[11:58:07] [Server thread/INFO]: Staff: [Admin] UnSeen
[11:59:01] [Server thread/INFO]: Staff: [Admin] UnSeen
[11:59:56] [Server thread/INFO]: Staff: [Admin] UnSeen
[12:00:50] [Server thread/INFO]: Staff: [Admin] UnSeen
[12:01:44] [Server thread/INFO]: Staff: [AFK][Admin] UnSeen
[12:02:39] [Server thread/INFO]: Staff: [AFK][Admin] UnSeen
[12:03:33] [Server thread/INFO]: Staff: [AFK][Admin] UnSeen
[12:04:28] [Server thread/INFO]: Staff: [AFK][Admin] UnSeen
[12:05:22] [Server thread/INFO]: Staff: [AFK][Admin] UnSeen
[12:06:17] [Server thread/INFO]: Staff: [AFK][Admin] UnSeen
[12:07:11] [Server thread/INFO]: Staff: [AFK][Admin] UnSeen
[12:08:06] [Server thread/INFO]: Staff: [AFK][Admin] UnSeen
[12:09:00] [Server thread/INFO]: Staff: [AFK][Admin] UnSeen
[12:09:54] [Server thread/INFO]: Staff: [AFK][Admin] UnSeen
[12:10:49] [Server thread/INFO]: Staff: [AFK][Admin] UnSeen
[12:11:43] [Server thread/INFO]: Staff: [AFK][Admin] UnSeen
[12:12:38] [Server thread/INFO]: Staff: [AFK][Admin] UnSeen
[12:13:32] [Server thread/INFO]: Staff: [AFK][Admin] UnSeen
[12:14:27] [Server thread/INFO]: Staff: [AFK][Admin] UnSeen
[12:15:21] [Server thread/INFO]: Staff: [AFK][Admin] UnSeen
[12:16:16] [Server thread/INFO]: Staff: [AFK][Admin] UnSeen
[12:17:10] [Server thread/INFO]: Staff: [AFK][Admin] UnSeen
[12:18:05] [Server thread/INFO]: Staff: [Admin] UnSeen
[12:18:59] [Server thread/INFO]: Staff: [Admin] UnSeen
[12:19:54] [Server thread/INFO]: Staff: [Admin] UnSeen
[12:20:48] [Server thread/INFO]: Staff: [Admin] UnSeen
[12:21:42] [Server thread/INFO]: Staff: [Admin] UnSeen
[12:22:37] [Server thread/INFO]: Staff: [Admin] UnSeen
[12:23:31] [Server thread/INFO]: Staff: [Admin] UnSeen
[12:24:26] [Server thread/INFO]: Staff: [Admin] UnSeen
[12:25:20] [Server thread/INFO]: Staff: [AFK][Admin] UnSeen
[12:26:15] [Server thread/INFO]: Staff: [AFK][Admin] UnSeen
[12:27:09] [Server thread/INFO]: Staff: [AFK][Admin] UnSeen
[12:28:04] [Server thread/INFO]: Staff: [AFK][Admin] UnSeen
[12:28:58] [Server thread/INFO]: Staff: [AFK][Admin] UnSeen
[12:29:53] [Server thread/INFO]: Staff: [AFK][Admin] UnSeen
[12:30:47] [Server thread/INFO]: Staff: [AFK][Admin] UnSeen
[12:31:42] [Server thread/INFO]: Staff: [AFK][Admin] UnSeen
[12:32:36] [Server thread/INFO]: Staff: [AFK][Admin] UnSeen
[12:33:30] [Server thread/INFO]: Staff: [AFK][Admin] UnSeen
[12:34:25] [Server thread/INFO]: Staff: [AFK][Admin] UnSeen
[12:35:19] [Server thread/INFO]: Staff: [AFK][Admin] UnSeen
[12:36:14] [Server thread/INFO]: Staff: [AFK][Admin] UnSeen
[12:37:08] [Server thread/INFO]: Staff: [AFK][Admin] UnSeen
[12:38:03] [Server thread/INFO]: Staff: [AFK][Admin] UnSeen
[12:38:57] [Server thread/INFO]: Staff: [AFK][Admin] UnSeen
[12:39:52] [Server thread/INFO]: Staff: [Admin] UnSeen
[12:40:46] [Server thread/INFO]: Staff: [Admin] UnSeen
[12:41:40] [Server thread/INFO]: Staff: [Admin] UnSeen
[12:42:35] [Server thread/INFO]: Staff: [Admin] UnSeen
[12:43:27] [Server thread/INFO]: AttrebusMede issued server command: /admin
[12:43:29] [Server thread/INFO]: Staff: [Admin] UnSeen
[12:43:34] [Server thread/INFO]: AttrebusMede issued server command: /commands
[12:43:37] [Server thread/INFO]: AttrebusMede issued server command: /command
[12:44:24] [Server thread/INFO]: Staff: [Admin] UnSeen
[12:45:18] [Server thread/INFO]: Staff: [Admin] UnSeen
[12:46:13] [Server thread/INFO]: Staff: [Admin] UnSeen
[12:47:07] [Server thread/INFO]: Staff: [Admin] UnSeen
[12:48:02] [Server thread/INFO]: Staff: [Admin] UnSeen
[12:48:56] [Server thread/INFO]: Staff: [Admin] UnSeen
[12:49:50] [Server thread/INFO]: Staff: [Admin] UnSeen
[12:50:45] [Server thread/INFO]: Staff: [Admin] UnSeen
[12:51:39] [Server thread/INFO]: Staff: [Admin] UnSeen
[12:52:34] [Server thread/INFO]: Staff: [Admin] UnSeen
[12:53:28] [Server thread/INFO]: Staff: [Admin] UnSeen
[12:54:23] [Server thread/INFO]: Staff: [Admin] UnSeen
[12:55:17] [Server thread/INFO]: Staff: [Admin] UnSeen
[12:56:12] [Server thread/INFO]: Staff: [Admin] UnSeen
[12:57:06] [Server thread/INFO]: Staff: [Admin] UnSeen
[12:57:29] [Server thread/INFO]: AttrebusMede issued server command: /give unseen 43 1 8
[12:58:00] [Server thread/INFO]: Staff: [Admin] UnSeen
[12:58:55] [Server thread/INFO]: Staff: [Admin] UnSeen
[12:59:07] [Server thread/INFO]: AttrebusMede issued server command: /survival
[12:59:33] [Server thread/INFO]: AttrebusMede issued server command: /setblock 43 1 8
[12:59:49] [Server thread/INFO]: Staff: [Admin] UnSeen
[13:00:44] [Server thread/INFO]: Staff: [Admin] UnSeen
[13:01:38] [Server thread/INFO]: Staff: [Admin] UnSeen
[13:02:33] [Server thread/INFO]: Staff: [Admin] UnSeen
[13:02:44] [Server thread/INFO]: AttrebusMede issued server command: /setblock 9999947 69 10000080 43 1 8
[13:02:53] [Server thread/INFO]: AttrebusMede issued server command: /undo
[13:03:27] [Server thread/INFO]: Staff: [Admin] UnSeen
[13:04:22] [Server thread/INFO]: Staff: [Admin] UnSeen
[13:05:16] [Server thread/INFO]: Staff: [Admin] UnSeen
[13:06:10] [Server thread/INFO]: Staff: [Admin] UnSeen
[13:06:37] [Server thread/INFO]: AttrebusMede issued server command: /wand
[13:06:51] [Server thread/INFO]: AttrebusMede issued server command: //wand
[13:07:05] [Server thread/INFO]: Staff: [Admin] UnSeen
[13:07:59] [Server thread/INFO]: Staff: [Admin] UnSeen
[13:08:45] [Server thread/INFO]: AttrebusMede issued server command: //set 41 3 8
[13:08:50] [Server thread/INFO]: AttrebusMede issued server command: //set 43 1 8
[13:08:54] [Server thread/INFO]: Staff: [Admin] UnSeen
[13:09:48] [Server thread/INFO]: Staff: [Admin] UnSeen
[13:09:55] [Server thread/INFO]: AttrebusMede issued server command: /survival
[13:10:39] [Server thread/INFO]: AttrebusMede issued server command: /survival
[13:10:43] [Server thread/INFO]: Staff: [Admin] UnSeen
[13:11:37] [Server thread/INFO]: Staff: [Admin] UnSeen
[13:12:31] [Server thread/INFO]: AttrebusMede issued server command: //set 43:8
[13:12:32] [Server thread/INFO]: Staff: [Admin] UnSeen
[13:12:51] [Server thread/INFO]: AttrebusMede issued server command: //set 43:8
[13:13:09] [Server thread/INFO]: AttrebusMede issued server command: //set 43:8
[13:13:26] [Server thread/INFO]: Staff: [Admin] UnSeen
[13:13:32] [Server thread/INFO]: AttrebusMede issued server command: //set 43:8
[13:14:17] [Server thread/INFO]: AttrebusMede issued server command: //set 43:8
[13:14:21] [Server thread/INFO]: Staff: [Admin] UnSeen
[13:14:27] [Server thread/INFO]: AttrebusMede issued server command: //set 43:8
[13:14:37] [Server thread/INFO]: AttrebusMede issued server command: //set 43:8
[13:15:15] [Server thread/INFO]: Staff: [Admin] UnSeen
[13:15:17] [Server thread/INFO]: AttrebusMede issued server command: //set 43:8
[13:15:25] [Server thread/INFO]: AttrebusMede issued server command: //set 43:8
[13:15:41] [Server thread/INFO]: AttrebusMede issued server command: //set 43;8
[13:15:46] [Server thread/INFO]: AttrebusMede issued server command: //set 43:8
[13:16:09] [Server thread/INFO]: Staff: [Admin] UnSeen
[13:16:32] [Server thread/INFO]: AttrebusMede issued server command: //set 43:8
[13:16:41] [Server thread/INFO]: AttrebusMede issued server command: //set 43:8
[13:16:53] [Server thread/INFO]: AttrebusMede issued server command: //set 43:8
[13:17:04] [Server thread/INFO]: Staff: [Admin] UnSeen
[13:17:09] [Server thread/INFO]: AttrebusMede issued server command: //set 43:8
[13:17:46] [Server thread/INFO]: AttrebusMede issued server command: //set 43:8
[13:17:58] [Server thread/INFO]: Staff: [Admin] UnSeen
[13:17:58] [Server thread/INFO]: Developers: [Dev] Popey
[13:18:07] [Server thread/INFO]: AttrebusMede issued server command: //set 43:8
[13:18:14] [Server thread/INFO]: AttrebusMede issued server command: //set 43:8
[13:18:17] [Server thread/INFO]: Popey456963 issued server command: /pluginsj
[13:18:20] [Netty Epoll Server IO #19/INFO]: [Dev] Popey: Oh, hello there.
[13:18:22] [Server thread/INFO]: Popey456963 issued server command: /plugins
[13:18:23] [Netty Epoll Server IO #15/INFO]: [Admin] UnSeen: 'ello
[13:18:28] [Server thread/INFO]: AttrebusMede issued server command: //set 43:8
[13:18:38] [Netty Epoll Server IO #19/INFO]: [Dev] Popey: Too tired =(
[13:18:39] [Server thread/INFO]: AttrebusMede issued server command: //set 43:8
[13:18:40] [Netty Epoll Server IO #15/INFO]: [Admin] UnSeen: LOL
[13:18:42] [Netty Epoll Server IO #15/INFO]: [Admin] UnSeen: 10/10
[13:18:53] [Server thread/INFO]: Staff: [Admin] UnSeen
[13:18:53] [Server thread/INFO]: Developers: [Dev] Popey
[13:18:54] [Netty Epoll Server IO #15/INFO]: [Admin] UnSeen: just trying something out which might look derp
[13:18:56] [Netty Epoll Server IO #15/INFO]: [Admin] UnSeen: but might also work
[13:18:58] [Netty Epoll Server IO #15/INFO]: [Admin] UnSeen: so we'll see
[13:19:07] [Server thread/INFO]: Popey456963 issued server command: /tp UnSeen
[13:19:29] [Server thread/INFO]: AttrebusMede issued server command: //set 43:8
[13:19:37] [Server thread/INFO]: AttrebusMede issued server command: //set 43:8
[13:19:45] [Server thread/INFO]: AttrebusMede issued server command: //set 43:8
[13:19:47] [Server thread/INFO]: Staff: [Admin] UnSeen
[13:19:47] [Server thread/INFO]: Developers: [Dev] Popey
[13:19:52] [Server thread/INFO]: AttrebusMede issued server command: //set 43:8
[13:20:32] [Netty Epoll Server IO #19/INFO]: [Dev] Popey: [spoiler=Announcement][/spoiler] isn't working
[13:20:42] [Server thread/INFO]: Staff: [Admin] UnSeen
[13:20:42] [Server thread/INFO]: Developers: [Dev] Popey
[13:20:44] [Netty Epoll Server IO #15/INFO]: [Admin] UnSeen: uh
[13:21:31] [Netty Epoll Server IO #19/INFO]: [Dev] Popey: Fixed it
[13:21:33] [Netty Epoll Server IO #19/INFO]: [Dev] Popey: Required quotes.
[13:21:36] [Server thread/INFO]: Staff: [Admin] UnSeen
[13:21:36] [Server thread/INFO]: Developers: [Dev] Popey
[13:21:49] [Netty Epoll Server IO #15/INFO]: [Admin] UnSeen: oh
[13:21:51] [Netty Epoll Server IO #15/INFO]: [Admin] UnSeen: yeah lmao
[13:21:54] [Netty Epoll Server IO #19/INFO]: [Dev] Popey: Wait, no, they can't be named.
[13:22:05] [Netty Epoll Server IO #15/INFO]: [Admin] UnSeen: l0l
[13:22:07] [Netty Epoll Server IO #15/INFO]: [Admin] UnSeen: 10/10
[13:22:31] [Server thread/INFO]: Staff: [Admin] UnSeen
[13:22:31] [Server thread/INFO]: Developers: [Dev] Popey
[13:23:24] [Server thread/INFO]: AttrebusMede issued server command: //set 43:8
[13:23:25] [Server thread/INFO]: Staff: [Admin] UnSeen
[13:23:25] [Server thread/INFO]: Developers: [Dev] Popey
[13:23:33] [Server thread/INFO]: AttrebusMede issued server command: //set 43:8
[13:23:45] [Server thread/INFO]: AttrebusMede issued server command: //set 43:8
[13:23:56] [Server thread/INFO]: AttrebusMede issued server command: //set 43:8
[13:24:19] [Server thread/INFO]: Staff: [Admin] UnSeen
[13:24:19] [Server thread/INFO]: Developers: [Dev] Popey
[13:25:14] [Server thread/INFO]: Staff: [Admin] UnSeen
[13:25:14] [Server thread/INFO]: Developers: [Dev] Popey
[13:26:08] [Server thread/INFO]: AttrebusMede issued server command: //cut
[13:26:08] [Server thread/INFO]: Staff: [Admin] UnSeen
[13:26:08] [Server thread/INFO]: Developers: [Dev] Popey
[13:26:28] [Server thread/INFO]: AttrebusMede issued server command: //cut
[13:26:32] [Server thread/INFO]: AttrebusMede issued server command: //cut
[13:26:33] [Server thread/INFO]: Popey456963 issued server command: /announce
[13:26:35] [Server thread/INFO]: Popey456963 issued server command: /announce help
[13:27:03] [Server thread/INFO]: Staff: [Admin] UnSeen
[13:27:03] [Server thread/INFO]: Developers: [Dev] Popey
[13:27:55] [Server thread/INFO]: AttrebusMede issued server command: //set 43:8
[13:27:57] [Server thread/INFO]: Staff: [Admin] UnSeen
[13:27:57] [Server thread/INFO]: Developers: [Dev] Popey
[13:28:01] [Server thread/INFO]: AttrebusMede issued server command: //set 43:8
[13:28:10] [Server thread/INFO]: AttrebusMede issued server command: //set 43:8
[13:28:17] [Server thread/INFO]: AttrebusMede issued server command: //set 43:8
[13:28:34] [Server thread/INFO]: AttrebusMede issued server command: //set 43:8
[13:28:45] [Server thread/INFO]: AttrebusMede issued server command: //set 43:8
[13:28:52] [Server thread/INFO]: Staff: [Admin] UnSeen
[13:28:52] [Server thread/INFO]: Developers: [Dev] Popey
[13:28:57] [Server thread/INFO]: AttrebusMede issued server command: //set 43:8
[13:29:20] [Server thread/INFO]: Popey456963 issued server command: /announce random
[13:29:21] [Server thread/INFO]: Popey456963 issued server command: /announce random
[13:29:23] [Server thread/INFO]: AttrebusMede issued server command: //set 43:8
[13:29:46] [Server thread/INFO]: Staff: [Admin] UnSeen
[13:29:46] [Server thread/INFO]: Developers: [Dev] Popey
[13:30:41] [Server thread/INFO]: Staff: [Admin] UnSeen
[13:30:41] [Server thread/INFO]: Developers: [Dev] Popey
[13:31:35] [Server thread/INFO]: Staff: [Admin] UnSeen
[13:31:35] [Server thread/INFO]: Developers: [Dev] Popey
[13:32:29] [Server thread/INFO]: Staff: [Admin] UnSeen
[13:32:29] [Server thread/INFO]: Developers: [Dev] Popey
[13:33:24] [Server thread/INFO]: Staff: [Admin] UnSeen
[13:33:24] [Server thread/INFO]: Developers: [Dev] Popey
[13:34:18] [Server thread/INFO]: Staff: [Admin] UnSeen
[13:34:18] [Server thread/INFO]: Developers: [Dev] Popey
[13:35:13] [Server thread/INFO]: Staff: [Admin] UnSeen
[13:35:13] [Server thread/INFO]: Developers: [AFK][Dev] Popey
[13:36:07] [Server thread/INFO]: Staff: [Admin] UnSeen
[13:36:07] [Server thread/INFO]: Developers: [AFK][Dev] Popey
[13:37:02] [Server thread/INFO]: Staff: [Admin] UnSeen
[13:37:02] [Server thread/INFO]: Developers: [AFK][Dev] Popey
[13:37:50] [Netty Epoll Server IO #15/INFO]: [Admin] UnSeen: Yeah
[13:37:54] [Netty Epoll Server IO #15/INFO]: [Admin] UnSeen: Daffy was saying
[13:37:56] [Server thread/INFO]: Staff: [Admin] UnSeen
[13:37:56] [Server thread/INFO]: Developers: [Dev] Popey
[13:38:14] [Netty Epoll Server IO #15/INFO]: [Admin] UnSeen: I'll come help out [ik there are 3 of you, but still]
[13:38:17] [Server thread/INFO]: Popey456963 issued server command: /commandsign
[13:38:26] [Server thread/INFO]: Popey456963 issued server command: /commandsigns
[13:38:28] [Server thread/INFO]: Popey456963 issued server command: /commandsigns help
[13:38:37] [Netty Epoll Server IO #19/INFO]: [Dev] Popey: t
[13:38:38] [Netty Epoll Server IO #19/INFO]: [Dev] Popey: t
[13:38:38] [Netty Epoll Server IO #19/INFO]: [Dev] Popey: t
[13:38:40] [Server thread/INFO]: Popey456963 issued server command: /commandsigns help
[13:38:51] [Server thread/INFO]: Staff: [Admin] UnSeen
[13:38:51] [Server thread/INFO]: Developers: [Dev] Popey
[13:39:45] [Server thread/INFO]: Staff: [Admin] UnSeen
[13:39:45] [Server thread/INFO]: Developers: [Dev] Popey
[13:40:39] [Server thread/INFO]: Staff: [Admin] UnSeen
[13:40:39] [Server thread/INFO]: Developers: [Dev] Popey
[13:41:34] [Server thread/INFO]: Staff: [Admin] UnSeen
[13:41:34] [Server thread/INFO]: Developers: [Dev] Popey
[13:42:28] [Server thread/INFO]: Staff: [Admin] UnSeen
[13:42:28] [Server thread/INFO]: Developers: [Dev] Popey
[13:43:23] [Server thread/INFO]: Staff: [AFK][Admin] UnSeen
[13:43:23] [Server thread/INFO]: Developers: [Dev] Popey
[13:44:17] [Server thread/INFO]: Staff: [AFK][Admin] UnSeen
[13:44:17] [Server thread/INFO]: Developers: [AFK][Dev] Popey
[13:45:12] [Server thread/INFO]: Staff: [AFK][Admin] UnSeen
[13:45:12] [Server thread/INFO]: Developers: [AFK][Dev] Popey
[13:46:06] [Server thread/INFO]: Staff: [AFK][Admin] UnSeen
[13:46:06] [Server thread/INFO]: Developers: [AFK][Dev] Popey
[13:47:01] [Server thread/INFO]: Staff: [AFK][Admin] UnSeen
[13:47:01] [Server thread/INFO]: Developers: [AFK][Dev] Popey
[13:47:55] [Server thread/INFO]: Staff: [AFK][Admin] UnSeen
[13:47:55] [Server thread/INFO]: Developers: [AFK][Dev] Popey
[13:48:49] [Server thread/INFO]: Staff: [AFK][Admin] UnSeen
[13:48:49] [Server thread/INFO]: Developers: [AFK][Dev] Popey
[13:49:44] [Server thread/INFO]: Staff: [AFK][Admin] UnSeen
[13:49:44] [Server thread/INFO]: Developers: [AFK][Dev] Popey
[13:50:38] [Server thread/INFO]: Staff: [AFK][Admin] UnSeen
[13:50:38] [Server thread/INFO]: Developers: [AFK][Dev] Popey
[13:51:33] [Server thread/INFO]: Staff: [AFK][Admin] UnSeen
[13:51:33] [Server thread/INFO]: Developers: [AFK][Dev] Popey
[13:52:27] [Server thread/INFO]: Staff: [AFK][Admin] UnSeen
[13:52:27] [Server thread/INFO]: Developers: [AFK][Dev] Popey
[13:53:22] [Server thread/INFO]: Staff: [AFK][Admin] UnSeen
[13:53:22] [Server thread/INFO]: Developers: [AFK][Dev] Popey
[13:53:50] [Server thread/INFO]: Popey456963 issued server command: /commandsigns
[13:53:52] [Server thread/INFO]: Popey456963 issued server command: /commandsigns line1
[13:53:55] [Server thread/INFO]: Popey456963 issued server command: /commandsigns line 1
[13:54:16] [Server thread/INFO]: Staff: [AFK][Admin] UnSeen
[13:54:16] [Server thread/INFO]: Developers: [Dev] Popey
[13:55:11] [Server thread/INFO]: Staff: [AFK][Admin] UnSeen
[13:55:11] [Server thread/INFO]: Developers: [Dev] Popey
[13:56:05] [Server thread/INFO]: Staff: [AFK][Admin] UnSeen
[13:56:05] [Server thread/INFO]: Developers: [Dev] Popey
[13:56:59] [Server thread/INFO]: Staff: [AFK][Admin] UnSeen
[13:56:59] [Server thread/INFO]: Developers: [Dev] Popey
[13:57:54] [Server thread/INFO]: Staff: [AFK][Admin] UnSeen
[13:57:54] [Server thread/INFO]: Developers: [Dev] Popey
[13:58:48] [Server thread/INFO]: Staff: [AFK][Admin] UnSeen
[13:58:48] [Server thread/INFO]: Developers: [Dev] Popey
[13:59:43] [Server thread/INFO]: Staff: [AFK][Admin] UnSeen
[13:59:43] [Server thread/INFO]: Developers: [AFK][Dev] Popey
[14:00:37] [Server thread/INFO]: Staff: [AFK][Admin] UnSeen
[14:00:37] [Server thread/INFO]: Developers: [AFK][Dev] Popey
[14:01:32] [Server thread/INFO]: Staff: [AFK][Admin] UnSeen
[14:01:32] [Server thread/INFO]: Developers: [AFK][Dev] Popey
[14:02:26] [Server thread/INFO]: Staff: [AFK][Admin] UnSeen
[14:02:26] [Server thread/INFO]: Developers: [AFK][Dev] Popey
[14:03:21] [Server thread/INFO]: Staff: [AFK][Admin] UnSeen
[14:03:21] [Server thread/INFO]: Developers: [AFK][Dev] Popey
[14:04:15] [Server thread/INFO]: Staff: [AFK][Admin] UnSeen
[14:04:15] [Server thread/INFO]: Developers: [AFK][Dev] Popey
[14:05:00] [Server thread/INFO]: Popey456963 issued server command: /co
[14:05:07] [Server thread/INFO]: Popey456963 issued server command: /co restore
[14:05:09] [Server thread/INFO]: Staff: [AFK][Admin] UnSeen
[14:05:09] [Server thread/INFO]: Developers: [Dev] Popey
[14:05:11] [Server thread/INFO]: Popey456963 issued server command: /co help restore
[14:06:00] [Server thread/INFO]: Popey456963 issued server command: /co help
[14:06:04] [Server thread/INFO]: Staff: [AFK][Admin] UnSeen
[14:06:04] [Server thread/INFO]: Developers: [Dev] Popey
[14:06:06] [Server thread/INFO]: Popey456963 issued server command: /co help inspect
[14:06:58] [Server thread/INFO]: Staff: [AFK][Admin] UnSeen
[14:06:58] [Server thread/INFO]: Developers: [Dev] Popey
[14:07:53] [Server thread/INFO]: Staff: [AFK][Admin] UnSeen
[14:07:53] [Server thread/INFO]: Developers: [Dev] Popey
[14:08:15] [Server thread/INFO]: Popey456963 issued server command: /co help inspect
[14:08:47] [Server thread/INFO]: Staff: [AFK][Admin] UnSeen
[14:08:47] [Server thread/INFO]: Developers: [Dev] Popey
[14:09:42] [Server thread/INFO]: Staff: [AFK][Admin] UnSeen
[14:09:42] [Server thread/INFO]: Developers: [Dev] Popey
[14:10:36] [Server thread/INFO]: Staff: [AFK][Admin] UnSeen
[14:10:36] [Server thread/INFO]: Developers: [Dev] Popey
[14:11:31] [Server thread/INFO]: Staff: [AFK][Admin] UnSeen
[14:11:31] [Server thread/INFO]: Developers: [Dev] Popey
[14:12:11] [Server thread/INFO]: Popey456963 issued server command: /co help
[14:12:25] [Server thread/INFO]: Staff: [AFK][Admin] UnSeen
[14:12:25] [Server thread/INFO]: Developers: [Dev] Popey
[14:12:34] [Server thread/INFO]: Popey456963 issued server command: /co help rollback
[14:13:19] [Server thread/INFO]: Staff: [AFK][Admin] UnSeen
[14:13:19] [Server thread/INFO]: Developers: [Dev] Popey
[14:14:14] [Server thread/INFO]: Staff: [AFK][Admin] UnSeen
[14:14:14] [Server thread/INFO]: Developers: [Dev] Popey
[14:15:08] [Server thread/INFO]: Staff: [AFK][Admin] UnSeen
[14:15:08] [Server thread/INFO]: Developers: [Dev] Popey
[14:16:03] [Server thread/INFO]: Staff: [AFK][Admin] UnSeen
[14:16:03] [Server thread/INFO]: Developers: [Dev] Popey
[14:16:57] [Server thread/INFO]: Staff: [AFK][Admin] UnSeen
[14:16:57] [Server thread/INFO]: Developers: [Dev] Popey
[14:17:52] [Server thread/INFO]: Staff: [AFK][Admin] UnSeen
[14:17:52] [Server thread/INFO]: Developers: [Dev] Popey
[14:18:20] [Server thread/INFO]: AttrebusMede left the game.
[14:18:46] [Server thread/INFO]: Developers: [Dev] Popey
[14:19:41] [Server thread/INFO]: Developers: [Dev] Popey
[14:20:35] [Server thread/INFO]: Developers: [Dev] Popey
[14:21:29] [Server thread/INFO]: Developers: [Dev] Popey
[14:22:24] [Server thread/INFO]: Developers: [Dev] Popey
[14:23:18] [Server thread/INFO]: Developers: [Dev] Popey
[14:24:13] [Server thread/INFO]: Developers: [Dev] Popey
[14:25:07] [Server thread/INFO]: Developers: [AFK][Dev] Popey
[14:26:02] [Server thread/INFO]: Developers: [AFK][Dev] Popey
[14:26:56] [Server thread/INFO]: Developers: [AFK][Dev] Popey
[14:27:51] [Server thread/INFO]: Developers: [AFK][Dev] Popey
[14:28:45] [Server thread/INFO]: Developers: [AFK][Dev] Popey
[14:29:39] [Server thread/INFO]: Developers: [AFK][Dev] Popey
[14:30:34] [Server thread/INFO]: Developers: [AFK][Dev] Popey
[14:31:28] [Server thread/INFO]: Developers: [AFK][Dev] Popey
[14:32:23] [Server thread/INFO]: Developers: [AFK][Dev] Popey
[14:33:17] [Server thread/INFO]: Developers: [AFK][Dev] Popey
[14:34:12] [Server thread/INFO]: Developers: [AFK][Dev] Popey
[14:35:06] [Server thread/INFO]: Developers: [AFK][Dev] Popey
[14:36:01] [Server thread/INFO]: Developers: [AFK][Dev] Popey
[14:36:55] [Server thread/INFO]: Developers: [AFK][Dev] Popey
[14:37:49] [Server thread/INFO]: Developers: [AFK][Dev] Popey
[14:38:44] [Server thread/INFO]: Developers: [AFK][Dev] Popey
[14:39:38] [Server thread/INFO]: Developers: [AFK][Dev] Popey
[14:40:33] [Server thread/INFO]: Developers: [AFK][Dev] Popey
[14:41:27] [Server thread/INFO]: Developers: [AFK][Dev] Popey
[14:42:22] [Server thread/INFO]: Developers: [AFK][Dev] Popey
[14:43:16] [Server thread/INFO]: Developers: [AFK][Dev] Popey
[14:44:11] [Server thread/INFO]: Developers: [AFK][Dev] Popey
[14:45:05] [Server thread/INFO]: Developers: [AFK][Dev] Popey
[14:45:59] [Server thread/INFO]: Developers: [AFK][Dev] Popey
[14:46:54] [Server thread/INFO]: Developers: [AFK][Dev] Popey
[14:47:48] [Server thread/INFO]: Developers: [AFK][Dev] Popey
[14:48:43] [Server thread/INFO]: Developers: [AFK][Dev] Popey
[14:49:37] [Server thread/INFO]: Developers: [AFK][Dev] Popey
[14:50:32] [Server thread/INFO]: Developers: [AFK][Dev] Popey
[14:51:26] [Server thread/INFO]: Developers: [AFK][Dev] Popey
[14:52:21] [Server thread/INFO]: Developers: [AFK][Dev] Popey
[14:53:15] [Server thread/INFO]: Developers: [AFK][Dev] Popey
[14:54:10] [Server thread/INFO]: Developers: [AFK][Dev] Popey
[14:55:04] [Server thread/INFO]: Developers: [AFK][Dev] Popey
[14:55:58] [Server thread/INFO]: Developers: [AFK][Dev] Popey
[14:56:53] [Server thread/INFO]: Developers: [AFK][Dev] Popey
[14:57:47] [Server thread/INFO]: Developers: [AFK][Dev] Popey
[14:58:42] [Server thread/INFO]: Developers: [AFK][Dev] Popey
[14:59:36] [Server thread/INFO]: Staff: [Admin] UnSeen
[14:59:36] [Server thread/INFO]: Developers: [AFK][Dev] Popey
[15:00:02] [Netty Epoll Server IO #19/INFO]: [Dev] Popey: Hello UnSeen.
[15:00:04] [Netty Epoll Server IO #3/INFO]: [Admin] UnSeen: 'Ello
[15:00:17] [Netty Epoll Server IO #3/INFO]: [Admin] UnSeen: is there any way
[15:00:24] [Server thread/INFO]: Popey456963 issued server command: /co
[15:00:31] [Server thread/INFO]: Staff: [Admin] UnSeen
[15:00:31] [Server thread/INFO]: Developers: [Dev] Popey
[15:00:34] [Server thread/INFO]: Popey456963 issued server command: /tp UnSeen
[15:00:47] [Netty Epoll Server IO #19/INFO]: [Dev] Popey: Most certainly.
[15:01:05] [Netty Epoll Server IO #19/INFO]: [Dev] Popey: Assuming I haven't been an idiot and forgotten to enable warp signs.
[15:01:08] [Netty Epoll Server IO #3/INFO]: [Admin] UnSeen: lmao
[15:01:12] [Netty Epoll Server IO #19/INFO]: [Dev] Popey: The general syntax is:
[15:01:17] [Netty Epoll Server IO #19/INFO]: [Dev] Popey: [Warp]
[15:01:21] [Netty Epoll Server IO #19/INFO]: [Dev] Popey: <Warp Name>
[15:01:24] [Netty Epoll Server IO #19/INFO]: [Dev] Popey: [Group]
[15:01:25] [Server thread/INFO]: Staff: [Admin] UnSeen
[15:01:25] [Server thread/INFO]: Developers: [Dev] Popey
[15:01:25] [Netty Epoll Server IO #19/INFO]: [Dev] Popey: [Cost]
[15:01:58] [Netty Epoll Server IO #19/INFO]: [Dev] Popey: Oh, wait, I see.
[15:02:19] [Netty Epoll Server IO #19/INFO]: [Dev] Popey: But MA doesn't have a warp.
[15:02:20] [Server thread/INFO]: Staff: [Admin] UnSeen
[15:02:20] [Server thread/INFO]: Developers: [Dev] Popey
[15:02:21] [Netty Epoll Server IO #3/INFO]: [Admin] UnSeen: alright
[15:02:25] [Netty Epoll Server IO #3/INFO]: [Admin] UnSeen: Well
[15:02:42] [Netty Epoll Server IO #3/INFO]: [Admin] UnSeen: Unless it'd be easier
[15:02:49] [Netty Epoll Server IO #3/INFO]: [Admin] UnSeen: to just have a sign saying 'type /w.e'
[15:03:03] [Netty Epoll Server IO #19/INFO]: [Dev] Popey: Then get me to add a command to it.
[15:03:14] [Server thread/INFO]: Staff: [Admin] UnSeen
[15:03:14] [Server thread/INFO]: Developers: [Dev] Popey
[15:03:33] [Server thread/INFO]: Popey456963 issued server command: /ma join
[15:03:35] [Server thread/INFO]: Popey456963 issued server command: /ma leave
[15:03:43] [Netty Epoll Server IO #19/INFO]: [Dev] Popey: I would say yes, in the future we will have multiple.
[15:03:49] [Netty Epoll Server IO #19/INFO]: [Dev] Popey: Mob Arenas usually take like 20 minutes
[15:04:08] [Server thread/INFO]: Staff: [Admin] UnSeen
[15:04:08] [Server thread/INFO]: Developers: [Dev] Popey
[15:04:40] [Server thread/INFO]: Popey456963 issued server command: /ma leave
[15:04:42] [Netty Epoll Server IO #19/INFO]: [Dev] Popey: Now it works.
[15:04:59] [Netty Epoll Server IO #3/INFO]: [Admin] UnSeen: this wouldn't require any tps or commands or w.e
[15:05:03] [Server thread/INFO]: Staff: [Admin] UnSeen
[15:05:03] [Server thread/INFO]: Developers: [Dev] Popey
[15:05:06] [Netty Epoll Server IO #3/INFO]: [Admin] UnSeen: just to add actual meaning to this hub here
[15:05:27] [Netty Epoll Server IO #19/INFO]: [Dev] Popey: By the way, would you like me to copy this design four times around the spawn?
[15:05:33] [Netty Epoll Server IO #19/INFO]: [Dev] Popey: When it's finished.
[15:05:40] [Netty Epoll Server IO #3/INFO]: [Admin] UnSeen: Yes please
[15:05:48] [Netty Epoll Server IO #19/INFO]: [Dev] Popey: It's very nice, and fits the design nicely.
[15:05:57] [Server thread/INFO]: Staff: [Admin] UnSeen
[15:05:57] [Server thread/INFO]: Developers: [Dev] Popey
[15:06:07] [Netty Epoll Server IO #19/INFO]: [Dev] Popey: Perhaps when we release the server we can get Chris interested in this again to beautify the top
[15:06:10] [Netty Epoll Server IO #19/INFO]: [Dev] Popey: part of the surrounding walls.
[15:06:18] [Netty Epoll Server IO #3/INFO]: [Admin] UnSeen: ^
[15:06:26] [Netty Epoll Server IO #3/INFO]: [Admin] UnSeen: We'll see regardless
[15:06:35] [Netty Epoll Server IO #3/INFO]: [Admin] UnSeen: The idea eventually
[15:06:48] [Netty Epoll Server IO #3/INFO]: [Admin] UnSeen: so we'll see
[15:06:52] [Server thread/INFO]: Staff: [Admin] UnSeen
[15:06:52] [Server thread/INFO]: Developers: [Dev] Popey
[15:07:46] [Server thread/INFO]: Staff: [Admin] UnSeen
[15:07:46] [Server thread/INFO]: Developers: [Dev] Popey
[15:07:47] [Netty Epoll Server IO #3/INFO]: [Admin] UnSeen: also
[15:07:56] [Netty Epoll Server IO #3/INFO]: [Admin] UnSeen: or just leave it as it is
[15:08:01] [Netty Epoll Server IO #3/INFO]: [Admin] UnSeen: which do you think would look better
[15:08:12] [Netty Epoll Server IO #3/INFO]: [Admin] UnSeen: hm
[15:08:15] [Netty Epoll Server IO #19/INFO]: [Dev] Popey: I never had an eye for design.
[15:08:20] [Netty Epoll Server IO #3/INFO]: [Admin] UnSeen: lel
[15:08:25] [Netty Epoll Server IO #19/INFO]: [Dev] Popey: Just go with your heart <3
[15:08:31] [Netty Epoll Server IO #3/INFO]: [Admin] UnSeen: lemme see
[15:08:41] [Server thread/INFO]: Staff: [Admin] UnSeen
[15:08:41] [Server thread/INFO]: Developers: [Dev] Popey
[15:08:58] [Netty Epoll Server IO #19/INFO]: [Dev] Popey: You're going to run into a wall :P
[15:09:03] [Netty Epoll Server IO #3/INFO]: [Admin] UnSeen: ik
[15:09:35] [Server thread/INFO]: Staff: [Admin] UnSeen
[15:09:35] [Server thread/INFO]: Developers: [Dev] Popey
[15:10:30] [Server thread/INFO]: Staff: [Admin] UnSeen
[15:10:30] [Server thread/INFO]: Developers: [Dev] Popey
[15:11:06] [Netty Epoll Server IO #3/INFO]: [Admin] UnSeen: urgh
[15:11:14] [Netty Epoll Server IO #3/INFO]: [Admin] UnSeen: the weird angle makes it interesting
[15:11:15] [Netty Epoll Server IO #3/INFO]: [Admin] UnSeen: lmao
[15:11:24] [Server thread/INFO]: Staff: [Admin] UnSeen
[15:11:24] [Server thread/INFO]: Developers: [Dev] Popey
[15:11:56] [Netty Epoll Server IO #3/INFO]: [Admin] UnSeen: hmm
[15:12:07] [Netty Epoll Server IO #3/INFO]: [Admin] UnSeen: LOL
[15:12:14] [Netty Epoll Server IO #3/INFO]: [Admin] UnSeen: idk if the sand middle bit really works
[15:12:16] [Netty Epoll Server IO #3/INFO]: [Admin] UnSeen: hm
[15:12:18] [Server thread/INFO]: Staff: [Admin] UnSeen
[15:12:18] [Server thread/INFO]: Developers: [Dev] Popey
[15:12:40] [Server thread/INFO]: Popey456963 issued server command: /c
[15:12:44] [Netty Epoll Server IO #19/INFO]: [Dev] Popey: Aha, yeah
[15:13:02] [Netty Epoll Server IO #3/INFO]: [Admin] UnSeen: hm
[15:13:13] [Server thread/INFO]: Staff: [Admin] UnSeen
[15:13:13] [Server thread/INFO]: Developers: [Dev] Popey
[15:13:32] [Netty Epoll Server IO #3/INFO]: [Admin] UnSeen: and no sand centre hm
[15:13:57] [Netty Epoll Server IO #3/INFO]: [Admin] UnSeen: and bushes or no bushes
[15:13:58] [Netty Epoll Server IO #3/INFO]: [Admin] UnSeen: hm
[15:14:07] [Server thread/INFO]: Staff: [Admin] UnSeen
[15:14:07] [Server thread/INFO]: Developers: [Dev] Popey
[15:14:55] [Netty Epoll Server IO #3/INFO]: [Admin] UnSeen: thoughts?
[15:15:02] [Server thread/INFO]: Staff: [Admin] UnSeen
[15:15:02] [Server thread/INFO]: Developers: [Dev] Popey
[15:15:10] [Netty Epoll Server IO #19/INFO]: [Dev] Popey: the sand centre make sit look strange.
[15:15:12] [Netty Epoll Server IO #3/INFO]: [Admin] UnSeen: ye
[15:15:15] [Netty Epoll Server IO #3/INFO]: [Admin] UnSeen: I mean the bushes
[15:15:20] [Netty Epoll Server IO #3/INFO]: [Admin] UnSeen: fair enough
[15:15:30] [Netty Epoll Server IO #3/INFO]: [Admin] UnSeen: but it works lel
[15:15:47] [Netty Epoll Server IO #3/INFO]: [Admin] UnSeen: lmao
[15:15:55] [Netty Epoll Server IO #3/INFO]: [Admin] UnSeen: Well
[15:15:56] [Server thread/INFO]: Staff: [Admin] UnSeen
[15:15:56] [Server thread/INFO]: Developers: [Dev] Popey
[15:16:05] [Netty Epoll Server IO #3/INFO]: [Admin] UnSeen: can you copy all of this to the equal parts in each quadrant
[15:16:08] [Netty Epoll Server IO #3/INFO]: [Admin] UnSeen: ?
[15:16:11] [Netty Epoll Server IO #3/INFO]: [Admin] UnSeen: so 4 of them
[15:16:27] [Netty Epoll Server IO #19/INFO]: [Dev] Popey: Yeah, definitely.
[15:16:29] [Netty Epoll Server IO #19/INFO]: [Dev] Popey: You're finished?
[15:16:39] [Netty Epoll Server IO #3/INFO]: [Admin] UnSeen: will be like
[15:16:51] [Server thread/INFO]: Staff: [Admin] UnSeen
[15:16:51] [Server thread/INFO]: Developers: [Dev] Popey
[15:16:51] [Netty Epoll Server IO #3/INFO]: [Admin] UnSeen: if you get me
[15:17:07] [Server thread/INFO]: Popey456963 issued server command: //expand up 20
[15:17:11] [Server thread/INFO]: Popey456963 issued server command: //expand 5 up
[15:17:13] [Server thread/INFO]: Popey456963 issued server command: //expand 1 down
[15:17:20] [Server thread/INFO]: Popey456963 issued server command: //copy
[15:17:22] [Server thread/INFO]: Popey456963 issued server command: //paste
[15:17:32] [Server thread/INFO]: Popey456963 issued server command: //paste
[15:17:33] [Server thread/INFO]: Popey456963 issued server command: //paste
[15:17:45] [Server thread/INFO]: Staff: [Admin] UnSeen
[15:17:45] [Server thread/INFO]: Developers: [Dev] Popey
[15:18:32] [Netty Epoll Server IO #3/INFO]: [Admin] UnSeen: but we're working with it
[15:18:40] [Server thread/INFO]: Staff: [Admin] UnSeen
[15:18:40] [Server thread/INFO]: Developers: [Dev] Popey
[15:19:33] [Server thread/INFO]: Popey456963 issued server command: /ptime popey
[15:19:34] [Server thread/INFO]: Staff: [Admin] UnSeen
[15:19:34] [Server thread/INFO]: Developers: [Dev] Popey
[15:19:43] [Server thread/INFO]: Popey456963 issued server command: /ptime @day popey
[15:19:48] [Server thread/INFO]: Popey456963 issued server command: /ptime @day unseen
[15:19:51] [Server thread/INFO]: Popey456963 issued server command: /ptime @day AttrebusMede
[15:20:06] [Server thread/INFO]: Popey456963 issued server command: /ptime @night AttrebusMede
[15:20:12] [Server thread/INFO]: Popey456963 issued server command: /ptime @night AttrebusMede
[15:20:14] [Netty Epoll Server IO #19/INFO]: [Dev] Popey: ./ptime @night AttrebusMede
[15:20:21] [Server thread/INFO]: Popey456963 issued server command: /ptime @night popey
[15:20:28] [Server thread/INFO]: Staff: [Admin] UnSeen
[15:20:28] [Server thread/INFO]: Developers: [Dev] Popey
[15:21:23] [Server thread/INFO]: Staff: [Admin] UnSeen
[15:21:23] [Server thread/INFO]: Developers: [Dev] Popey
[15:22:17] [Server thread/INFO]: Staff: [Admin] UnSeen
[15:22:17] [Server thread/INFO]: Developers: [Dev] Popey
[15:23:12] [Server thread/INFO]: Staff: [Admin] UnSeen
[15:23:12] [Server thread/INFO]: Developers: [Dev] Popey
[15:24:06] [Server thread/INFO]: Staff: [Admin] UnSeen
[15:24:06] [Server thread/INFO]: Developers: [Dev] Popey
[15:24:38] [Server thread/INFO]: AttrebusMede issued server command: /warp 1spawn
[15:24:39] [Server thread/INFO]: Popey456963 issued server command: /ma leave
[15:24:43] [Netty Epoll Server IO #19/INFO]: [Dev] Popey: ./ma leave
[15:24:46] [Server thread/INFO]: AttrebusMede issued server command: /ma leave
[15:25:01] [Server thread/INFO]: Staff: [Admin] UnSeen
[15:25:01] [Server thread/INFO]: Developers: [Dev] Popey
[15:25:55] [Server thread/INFO]: Staff: [Admin] UnSeen
[15:25:55] [Server thread/INFO]: Developers: [Dev] Popey
[15:26:50] [Server thread/INFO]: Staff: [Admin] UnSeen
[15:26:50] [Server thread/INFO]: Developers: [Dev] Popey
[15:27:44] [Server thread/INFO]: Staff: [Admin] UnSeen
[15:27:44] [Server thread/INFO]: Developers: [Dev] Popey
[15:28:38] [Server thread/INFO]: Staff: [Admin] UnSeen
[15:28:38] [Server thread/INFO]: Developers: [Dev] Popey
[15:29:33] [Server thread/INFO]: Staff: [Admin] UnSeen
[15:29:33] [Server thread/INFO]: Developers: [Dev] Popey
[15:29:55] [Server thread/INFO]: AttrebusMede issued server command: //set 43:8
[15:30:00] [Server thread/INFO]: AttrebusMede issued server command: //set 43:8
[15:30:06] [Server thread/INFO]: AttrebusMede issued server command: //set 43:8
[15:30:12] [Server thread/INFO]: AttrebusMede issued server command: //set 43:8
[15:30:26] [Server thread/INFO]: AttrebusMede issued server command: //set 43:8
[15:30:27] [Server thread/INFO]: Staff: [Admin] UnSeen
[15:30:27] [Server thread/INFO]: Developers: [Dev] Popey
[15:30:30] [Server thread/INFO]: AttrebusMede issued server command: //set 43:8
[15:30:35] [Server thread/INFO]: AttrebusMede issued server command: //set 43:8
[15:30:39] [Server thread/INFO]: AttrebusMede issued server command: //set 43:8
[15:30:56] [Server thread/INFO]: AttrebusMede issued server command: //set 43:8
[15:31:06] [Server thread/INFO]: AttrebusMede issued server command: //set 43:8
[15:31:18] [Server thread/INFO]: AttrebusMede issued server command: //set 43:8
[15:31:22] [Server thread/INFO]: Staff: [Admin] UnSeen
[15:31:22] [Server thread/INFO]: Developers: [Dev] Popey
[15:31:27] [Server thread/INFO]: AttrebusMede issued server command: //set 43:8
[15:32:16] [Server thread/INFO]: Staff: [Admin] UnSeen
[15:32:16] [Server thread/INFO]: Developers: [Dev] Popey
[15:33:11] [Server thread/INFO]: Staff: [Admin] UnSeen
[15:33:11] [Server thread/INFO]: Developers: [Dev] Popey
[15:34:05] [Server thread/INFO]: Staff: [Admin] UnSeen
[15:34:05] [Server thread/INFO]: Developers: [Dev] Popey
[15:35:00] [Server thread/INFO]: Staff: [Admin] UnSeen
[15:35:00] [Server thread/INFO]: Developers: [Dev] Popey
[15:35:54] [Server thread/INFO]: Staff: [Admin] UnSeen
[15:35:54] [Server thread/INFO]: Developers: [Dev] Popey
[15:36:49] [Server thread/INFO]: Staff: [Admin] UnSeen
[15:36:49] [Server thread/INFO]: Developers: [Dev] Popey
[15:37:43] [Server thread/INFO]: Staff: [Admin] UnSeen
[15:37:43] [Server thread/INFO]: Developers: [Dev] Popey
[15:38:37] [Server thread/INFO]: Staff: [Admin] UnSeen
[15:38:37] [Server thread/INFO]: Developers: [Dev] Popey
[15:39:32] [Server thread/INFO]: Staff: [Admin] UnSeen
[15:39:32] [Server thread/INFO]: Developers: [Dev] Popey
[15:40:26] [Server thread/INFO]: Staff: [Admin] UnSeen
[15:40:26] [Server thread/INFO]: Developers: [Dev] Popey
[15:41:21] [Server thread/INFO]: Staff: [Admin] UnSeen
[15:41:21] [Server thread/INFO]: Developers: [Dev] Popey
[15:42:15] [Server thread/INFO]: Staff: [Admin] UnSeen
[15:42:15] [Server thread/INFO]: Developers: [Dev] Popey
[15:43:10] [Server thread/INFO]: Staff: [Admin] UnSeen
[15:43:10] [Server thread/INFO]: Developers: [Dev] Popey
[15:44:04] [Server thread/INFO]: Staff: [Admin] UnSeen
[15:44:04] [Server thread/INFO]: Developers: [Dev] Popey
[15:44:59] [Server thread/INFO]: Staff: [Admin] UnSeen
[15:44:59] [Server thread/INFO]: Developers: [AFK][Dev] Popey
[15:45:18] [Server thread/INFO]: Popey456963 issued server command: /ptime AttrebusMede
[15:45:26] [Server thread/INFO]: Popey456963 issued server command: /ptime reset AttrebusMede
[15:45:29] [Server thread/INFO]: Popey456963 issued server command: /ptime reset Popey456963
[15:45:53] [Server thread/INFO]: Staff: [Admin] UnSeen
[15:45:53] [Server thread/INFO]: Developers: [Dev] Popey
[15:46:47] [Server thread/INFO]: Staff: [Admin] UnSeen
[15:46:47] [Server thread/INFO]: Developers: [Dev] Popey
[15:47:34] [Server thread/INFO]: Popey456963 issued server command: /whois unseen
[15:47:42] [Server thread/INFO]: Staff: [Admin] UnSeen
[15:47:42] [Server thread/INFO]: Developers: [Dev] Popey
[15:48:36] [Server thread/INFO]: Staff: [Admin] UnSeen
[15:48:36] [Server thread/INFO]: Developers: [Dev] Popey
[15:49:31] [Server thread/INFO]: Staff: [Admin] UnSeen
[15:49:31] [Server thread/INFO]: Developers: [Dev] Popey
[15:50:23] [Server thread/INFO]: Popey456963 issued server command: /xmpp
[15:50:25] [Server thread/INFO]: Staff: [Admin] UnSeen
[15:50:25] [Server thread/INFO]: Developers: [Dev] Popey
[15:50:29] [Server thread/INFO]: Popey456963 issued server command: /setxmpp
[15:51:20] [Server thread/INFO]: Staff: [Admin] UnSeen
[15:51:20] [Server thread/INFO]: Developers: [Dev] Popey
[15:52:14] [Server thread/INFO]: Staff: [Admin] UnSeen
[15:52:14] [Server thread/INFO]: Developers: [Dev] Popey
[15:53:09] [Server thread/INFO]: Staff: [Admin] UnSeen
[15:53:09] [Server thread/INFO]: Developers: [Dev] Popey
[15:54:03] [Server thread/INFO]: Staff: [Admin] UnSeen
[15:54:03] [Server thread/INFO]: Developers: [Dev] Popey
[15:54:57] [Server thread/INFO]: Staff: [AFK][Admin] UnSeen
[15:54:57] [Server thread/INFO]: Developers: [Dev] Popey
[15:55:52] [Server thread/INFO]: Staff: [AFK][Admin] UnSeen
[15:55:52] [Server thread/INFO]: Developers: [AFK][Dev] Popey
[15:56:46] [Server thread/INFO]: Staff: [Admin] UnSeen
[15:56:46] [Server thread/INFO]: Developers: [AFK][Dev] Popey
[15:57:41] [Server thread/INFO]: Staff: [Admin] UnSeen
[15:57:41] [Server thread/INFO]: Developers: [AFK][Dev] Popey
[15:58:35] [Server thread/INFO]: Staff: [Admin] UnSeen
[15:58:35] [Server thread/INFO]: Developers: [AFK][Dev] Popey
[15:59:30] [Server thread/INFO]: Staff: [Admin] UnSeen
[15:59:30] [Server thread/INFO]: Developers: [AFK][Dev] Popey
[16:00:24] [Server thread/INFO]: Staff: [Admin] UnSeen
[16:00:24] [Server thread/INFO]: Developers: [AFK][Dev] Popey
[16:01:19] [Server thread/INFO]: Staff: [Admin] UnSeen
[16:01:19] [Server thread/INFO]: Developers: [AFK][Dev] Popey
[16:02:13] [Server thread/INFO]: Staff: [Admin] UnSeen
[16:02:13] [Server thread/INFO]: Developers: [AFK][Dev] Popey
[16:03:08] [Server thread/INFO]: Staff: [Admin] UnSeen
[16:03:08] [Server thread/INFO]: Developers: [AFK][Dev] Popey
[16:04:02] [Server thread/INFO]: Staff: [AFK][Admin] UnSeen
[16:04:02] [Server thread/INFO]: Developers: [AFK][Dev] Popey
[16:04:56] [Server thread/INFO]: Staff: [AFK][Admin] UnSeen
[16:04:56] [Server thread/INFO]: Developers: [AFK][Dev] Popey
[16:05:51] [Server thread/INFO]: Staff: [AFK][Admin] UnSeen
[16:05:51] [Server thread/INFO]: Developers: [AFK][Dev] Popey
[16:06:45] [Server thread/INFO]: Staff: [AFK][Admin] UnSeen
[16:06:45] [Server thread/INFO]: Developers: [AFK][Dev] Popey
[16:07:40] [Server thread/INFO]: Staff: [AFK][Admin] UnSeen
[16:07:40] [Server thread/INFO]: Developers: [AFK][Dev] Popey
[16:08:34] [Server thread/INFO]: Staff: [AFK][Admin] UnSeen
[16:08:34] [Server thread/INFO]: Developers: [AFK][Dev] Popey
[16:09:29] [Server thread/INFO]: Staff: [AFK][Admin] UnSeen
[16:09:29] [Server thread/INFO]: Developers: [AFK][Dev] Popey
[16:10:23] [Server thread/INFO]: Staff: [AFK][Admin] UnSeen
[16:10:23] [Server thread/INFO]: Developers: [AFK][Dev] Popey
[16:11:18] [Server thread/INFO]: Staff: [AFK][Admin] UnSeen
[16:11:18] [Server thread/INFO]: Developers: [AFK][Dev] Popey
[16:12:12] [Server thread/INFO]: Staff: [AFK][Admin] UnSeen
[16:12:12] [Server thread/INFO]: Developers: [AFK][Dev] Popey
[16:13:06] [Server thread/INFO]: Staff: [AFK][Admin] UnSeen
[16:13:06] [Server thread/INFO]: Developers: [AFK][Dev] Popey
[16:14:01] [Server thread/INFO]: Staff: [AFK][Admin] UnSeen
[16:14:01] [Server thread/INFO]: Developers: [AFK][Dev] Popey
[16:14:55] [Server thread/INFO]: Staff: [AFK][Admin] UnSeen
[16:14:55] [Server thread/INFO]: Developers: [AFK][Dev] Popey
[16:15:50] [Server thread/INFO]: Staff: [AFK][Admin] UnSeen
[16:15:50] [Server thread/INFO]: Developers: [AFK][Dev] Popey
[16:16:02] [Server thread/INFO]: Popey456963 issued server command: /tp unSeen
[16:16:25] [Server thread/INFO]: AttrebusMede left the game.
[16:16:44] [Server thread/INFO]: Developers: [Dev] Popey
[16:17:39] [Server thread/INFO]: Staff: [Admin] UnSeen
[16:17:39] [Server thread/INFO]: Developers: [Dev] Popey
[16:18:28] [Server thread/INFO]: Popey456963 issued server command: /ban
[16:18:33] [Server thread/INFO]: Staff: [Admin] UnSeen
[16:18:33] [Server thread/INFO]: Developers: [Dev] Popey
[16:19:28] [Server thread/INFO]: Staff: [Admin] UnSeen
[16:19:28] [Server thread/INFO]: Developers: [Dev] Popey
[16:20:22] [Server thread/INFO]: Staff: [Admin] UnSeen
[16:20:22] [Server thread/INFO]: Developers: [Dev] Popey
[16:21:16] [Server thread/INFO]: Staff: [Admin] UnSeen
[16:21:16] [Server thread/INFO]: Developers: [Dev] Popey
[16:22:11] [Server thread/INFO]: Staff: [Admin] UnSeen
[16:22:11] [Server thread/INFO]: Developers: [Dev] Popey
[16:23:05] [Server thread/INFO]: Staff: [Admin] UnSeen
[16:23:05] [Server thread/INFO]: Developers: [Dev] Popey
[16:23:42] [Server thread/INFO]: Stopping the server
[16:23:42] [Server thread/INFO]: Stopping server
[16:23:42] [Server thread/INFO]: [TouchscreenHolograms] Disabling TouchscreenHolograms v1.3
[16:23:42] [Server thread/INFO]: [HolographicDisplays] Disabling HolographicDisplays v2.1.10
[16:23:42] [Server thread/INFO]: [MobArena] Disabling MobArena v0.97.1
[16:23:42] [Server thread/INFO]: [MobArena] disabled.
[16:23:42] [Server thread/INFO]: [HeavySpleef] Disabling HeavySpleef v2.1.1
[16:23:42] [Server thread/INFO]: [EssentialsProtect] Disabling EssentialsProtect vTeamCity
[16:23:42] [Server thread/INFO]: [OnTime] Disabling OnTime v4.1.3
[16:23:43] [Server thread/INFO]: [WorldGuard] Disabling WorldGuard v6.1
[16:23:43] [Server thread/INFO]: [WorldGuard] Shutting down executor and waiting for any pending tasks...
[16:23:43] [Server thread/INFO]: [ProtocolLib] Disabling ProtocolLib v3.6.4
[16:23:43] [Server thread/INFO]: [MassiveCore] Disabling MassiveCore v2.8.0
[16:23:43] [Server thread/INFO]: [MassiveCore 2.8.0] Disabled
[16:23:43] [Server thread/INFO]: [LaggRemover] Disabling LaggRemover v0.1.9
[16:23:43] [Server thread/INFO]: [LaggRemover] LaggRemover has been disabled!
[16:23:43] [Server thread/INFO]: [EssentialsSpawn] Disabling EssentialsSpawn vTeamCity
[16:23:43] [Server thread/INFO]: [CommandSigns] Disabling CommandSigns v1.9.3.2
[16:23:43] [Server thread/INFO]: [Vault] Disabling Vault v1.5.6-b49
[16:23:43] [Server thread/INFO]: [Random_Spawn] Disabling Random_Spawn v2.6
[16:23:43] [Server thread/INFO]: [mcMMO] Disabling mcMMO v1.5.00-b3547
