[02:34:10] [Server thread/INFO]: Loading properties
[02:34:10] [Server thread/INFO]: Default game type: SURVIVAL
[02:34:10] [Server thread/INFO]: Using epoll channel type
[02:34:11] [Server thread/INFO]: [WorldEdit] Loading WorldEdit v6.1;no_git_id
[02:34:11] [Server thread/INFO]: [Essentials] Loading Essentials vTeamCity
[02:34:11] [Server thread/INFO]: [PlugMan] Loading PlugMan v2.0.7
[02:34:11] [Server thread/INFO]: [LaggRemover] Loading LaggRemover v0.1.8
[02:34:11] [Server thread/INFO]: [WorldGuard] Loading WorldGuard v6.1
[02:34:11] [Server thread/INFO]: [Multiverse-Core] Loading Multiverse-Core v2.4-b527
[02:34:11] [Server thread/INFO]: [Splegg] Loading Splegg v1.2
[02:34:11] [Server thread/INFO]: [EssentialsProtect] Loading EssentialsProtect vTeamCity
[02:34:11] [Server thread/INFO]: [VoxelSniper] Loading VoxelSniper v7.1.0
[02:34:11] [Server thread/INFO]: [mcMMO] Loading mcMMO v1.5.00-b3547
[02:34:11] [Server thread/INFO]: [Multiverse-NetherPortals] Loading Multiverse-NetherPortals v2.4-b530
[02:34:11] [Server thread/INFO]: [SuperVanish] Loading SuperVanish v5.4.3
[02:34:11] [Server thread/INFO]: [Multiverse-Portals] Loading Multiverse-Portals v2.4-b548
[02:34:11] [Server thread/INFO]: [Vault] Loading Vault v1.5.6-b49
[02:34:11] [Server thread/INFO]: [EssentialsSpawn] Loading EssentialsSpawn vTeamCity
[02:34:11] [Server thread/INFO]: [MinigamesLib] Loading MinigamesLib v1.13.1
[02:34:11] [Server thread/INFO]: [Minigames] Loading Minigames v1.7.0
[02:34:11] [Server thread/INFO]: [MobArena] Loading MobArena v0.97.1
[02:34:11] [Server thread/INFO]: [TNTRun] Loading TNTRun v3.4
[02:34:11] [Server thread/INFO]: [HolographicDisplays] Loading HolographicDisplays v2.1.10
[02:34:11] [Server thread/INFO]: [CommandSigns] Loading CommandSigns v1.9.3.2
[02:34:11] [Server thread/INFO]: [SkyWars] Loading SkyWars v1.1-m16
[02:34:11] [Server thread/INFO]: [EpicSpleef] Loading EpicSpleef v0.0.19
[02:34:11] [Server thread/INFO]: [OnTime] Loading OnTime v4.1.3
[02:34:11] [Server thread/INFO]: [CraftBook] Loading CraftBook v3.9-SNAPSHOT
[02:34:11] [Server thread/INFO]: [mcMMO] Enabling mcMMO v1.5.00-b3547
[02:34:12] [Server thread/INFO]: [Vault] Enabling Vault v1.5.6-b49
[02:34:14] [Server thread/INFO]: [WorldEdit] Enabling WorldEdit v6.1;no_git_id
[02:34:14] [Server thread/INFO]: [WorldEdit] Using com.sk89q.worldedit.bukkit.adapter.impl.Spigot_v1_8_R3 as the Bukkit adapter
[02:34:14] [Server thread/INFO]: [Essentials] Enabling Essentials vTeamCity
[02:34:14] [Server thread/INFO]: git-Bukkit-9935adc (MC: 1.8.8)
[02:34:14] [Server thread/INFO]: 1.8.8-R0.1-SNAPSHOT
[02:34:14] [Server thread/INFO]: Using locale en_US
[02:34:14] [Server thread/INFO]: Using locale en_US
[02:34:14] [Server thread/INFO]: [PlugMan] Enabling PlugMan v2.0.7
[02:34:14] [Server thread/INFO]: [LaggRemover] Enabling LaggRemover v0.1.8
[02:34:14] [Server thread/INFO]: [LaggRemover] LaggRemover has been enabled!
[02:34:14] [Server thread/INFO]: [WorldGuard] Enabling WorldGuard v6.1
[02:34:15] [Server thread/INFO]: [WorldGuard] (TEST) Lighters are PERMITTED.
[02:34:15] [Server thread/INFO]: [WorldGuard] (TEST) Lava fire is blocked.
[02:34:15] [Server thread/INFO]: [WorldGuard] (TEST) Fire spread is UNRESTRICTED.
[02:34:15] [Server thread/INFO]: [WorldGuard] (TEST_nether) Lighters are PERMITTED.
[02:34:15] [Server thread/INFO]: [WorldGuard] (TEST_nether) Lava fire is blocked.
[02:34:15] [Server thread/INFO]: [WorldGuard] (TEST_nether) Fire spread is UNRESTRICTED.
[02:34:15] [Server thread/INFO]: [WorldGuard] (TEST_the_end) Lighters are PERMITTED.
[02:34:15] [Server thread/INFO]: [WorldGuard] (TEST_the_end) Lava fire is blocked.
[02:34:15] [Server thread/INFO]: [WorldGuard] (TEST_the_end) Fire spread is UNRESTRICTED.
[02:34:15] [Server thread/INFO]: [Multiverse-Core] Enabling Multiverse-Core v2.4-b527
[02:34:15] [Server thread/INFO]: [Multiverse-Core] Loading World & Settings - 'TEST' - Env: NORMAL - Type: NORMAL & seed: -2024018835920597302
[02:34:15] [Server thread/INFO]: [Multiverse-Core] Loading World & Settings - 'TEST_nether' - Env: NETHER - Type: NORMAL & seed: -2024018835920597302
[02:34:15] [Server thread/INFO]: [Multiverse-Core] Loading World & Settings - 'TEST_the_end' - Env: THE_END - Type: NORMAL & seed: -2024018835920597302
[02:34:15] [Server thread/INFO]: [Multiverse-Core] Loading World & Settings - 'lobby' - Env: NORMAL - Type: NORMAL & seed: -3770714656453924402
[02:34:16] [Server thread/INFO]: [WorldGuard] (lobby) Lighters are PERMITTED.
[02:34:16] [Server thread/INFO]: [WorldGuard] (lobby) Lava fire is blocked.
[02:34:16] [Server thread/INFO]: [WorldGuard] (lobby) Fire spread is UNRESTRICTED.
[02:34:16] [Server thread/INFO]: [Multiverse-Core] Loading World & Settings - 'minigames' - Env: NORMAL - Type: FLAT & seed: 2973644325369467684
[02:34:16] [Server thread/INFO]: [WorldGuard] (minigames) Lighters are PERMITTED.
[02:34:16] [Server thread/INFO]: [WorldGuard] (minigames) Lava fire is blocked.
[02:34:16] [Server thread/INFO]: [WorldGuard] (minigames) Fire spread is UNRESTRICTED.
[02:34:16] [Server thread/INFO]: [Multiverse-Core] Loading World & Settings - 'Skywars' - Env: NORMAL - Type: FLAT & seed: 3121935573477155779
[02:34:17] [Server thread/INFO]: [WorldGuard] (Skywars) Lighters are PERMITTED.
[02:34:17] [Server thread/INFO]: [WorldGuard] (Skywars) Lava fire is blocked.
[02:34:17] [Server thread/INFO]: [WorldGuard] (Skywars) Fire spread is UNRESTRICTED.
[02:34:17] [Server thread/INFO]: [Multiverse-Core] Loading World & Settings - 'spawn' - Env: NORMAL - Type: NORMAL & seed: 2261197457111850464
[02:34:17] [Server thread/INFO]: [WorldGuard] (spawn) Lighters are PERMITTED.
[02:34:17] [Server thread/INFO]: [WorldGuard] (spawn) Lava fire is blocked.
[02:34:17] [Server thread/INFO]: [WorldGuard] (spawn) Fire spread is UNRESTRICTED.
[02:34:17] [Server thread/INFO]: [Multiverse-Core] 8 - World(s) loaded.
[02:34:17] [Server thread/INFO]: [Splegg] Enabling Splegg v1.2
[02:34:17] [Server thread/INFO]: [Splegg] Loading map SpleggOne.
[02:34:17] [Server thread/INFO]: [Splegg] Map is usable
[02:34:17] [Server thread/INFO]: [Splegg] Load Complete!
[02:34:17] [Server thread/INFO]: [Splegg] Loading map ArenaOne.
[02:34:17] [Server thread/INFO]: [Splegg] Spawn count is 0
[02:34:17] [Server thread/INFO]: [Splegg] No floors are setup.
[02:34:17] [Server thread/INFO]: [Splegg] --<>-- PLEASE SETUP MAP!! --<>--
[02:34:17] [Server thread/INFO]: [Splegg] Load Complete!
[02:34:17] [Server thread/INFO]: [EssentialsProtect] Enabling EssentialsProtect vTeamCity
[02:34:17] [Server thread/INFO]: [VoxelSniper] Enabling VoxelSniper v7.1.0
[02:34:17] [Server thread/INFO]: [Multiverse-NetherPortals] Enabling Multiverse-NetherPortals v2.4-b530
[02:34:17] [Server thread/INFO]: [SuperVanish] Enabling SuperVanish v5.4.3
[02:34:17] [Server thread/INFO]: [Multiverse-Portals] Enabling Multiverse-Portals v2.4-b548
[02:34:18] [Server thread/INFO]: [Multiverse-Portals]  1 - Portals(s) loaded
[02:34:18] [Server thread/INFO]: [EssentialsSpawn] Enabling EssentialsSpawn vTeamCity
[02:34:18] [Server thread/INFO]: [MinigamesLib] Enabling MinigamesLib v1.13.1
[02:34:18] [Server thread/INFO]: [Minigames] Enabling Minigames v1.7.0
[02:34:18] [Server thread/INFO]: [Minigames] Using lang en_AU
[02:34:18] [Server thread/INFO]: Minigames successfully enabled.
[02:34:18] [Server thread/INFO]: [MobArena] Enabling MobArena v0.97.1
[02:34:18] [Server thread/INFO]: [MobArena] Loaded arena 'default'
[02:34:18] [Server thread/INFO]: [MobArena] Loaded arena 'god-arena'
[02:34:18] [Server thread/INFO]: [MobArena] v0.97.1 enabled.
[02:34:18] [Server thread/INFO]: [TNTRun] Enabling TNTRun v3.4
[02:34:18] [Server thread/INFO]: [HolographicDisplays] Enabling HolographicDisplays v2.1.10
[02:34:18] [Server thread/INFO]: [CommandSigns] Enabling CommandSigns v1.9.3.2
[02:34:18] [Server thread/INFO]: [CommandSigns] No signs found.
[02:34:19] [Server thread/INFO]: [SkyWars] Enabling SkyWars v1.1-m16
[02:34:20] [Server thread/INFO]: [WorldGuard] (island-0) Lighters are PERMITTED.
[02:34:20] [Server thread/INFO]: [WorldGuard] (island-0) Lava fire is blocked.
[02:34:20] [Server thread/INFO]: [WorldGuard] (island-0) Fire spread is UNRESTRICTED.
[02:34:20] [Server thread/INFO]: [EpicSpleef] Enabling EpicSpleef v0.0.19
[02:34:20] [Server thread/INFO]: [EpicSpleef] Enabling EpicSpleef by BtoBastian
[02:34:21] [Server thread/INFO]: [EpicSpleef] Loading lobby SpleefOne
[02:34:21] [Server thread/INFO]: [EpicSpleef] Loading arena ArenaOne
[02:34:21] [Server thread/INFO]: [EpicSpleef] Successfully loaded arena ArenaOne. (world: minigames, blocks: 5233, maxPlayers: 0)
[02:34:21] [Server thread/INFO]: [EpicSpleef] Loading arena SpleefOne
[02:34:21] [Server thread/INFO]: [EpicSpleef] Successfully loaded arena SpleefOne. (world: minigames, blocks: 0, maxPlayers: 0)
[02:34:21] [Server thread/INFO]: [OnTime] Enabling OnTime v4.1.3
[02:34:21] [Server thread/INFO]: [CraftBook] Enabling CraftBook v3.9-SNAPSHOT
[02:34:21] [Server thread/INFO]: [CraftBook] Successfully added 1 CommandItems!
[02:34:21] [Server thread/INFO]: [CraftBook] Registered 3 custom recipes!
[02:34:21] [Server thread/INFO]: [CraftBook] 5797 chunk(s) for 9 world(s) processed (35ms elapsed)
[02:34:24] [Server thread/INFO]: Found 0 arenas.
[14:34:21] [Server thread/INFO]: Stopping server
[14:34:21] [Server thread/INFO]: [CraftBook] Disabling CraftBook v3.9-SNAPSHOT
[14:34:21] [Server thread/INFO]: [OnTime] Disabling OnTime v4.1.3
[14:34:21] [Server thread/INFO]: [EpicSpleef] Disabling EpicSpleef v0.0.19
[14:34:21] [Server thread/INFO]: [SkyWars] Disabling SkyWars v1.1-m16
[14:34:21] [Server thread/INFO]: [Multiverse-Core] World 'island-0' was unloaded from memory.
[14:34:21] [Server thread/INFO]: [Multiverse-Core] World island-0 was DELETED.
[14:34:21] [Server thread/INFO]: [CommandSigns] Disabling CommandSigns v1.9.3.2
[14:34:21] [Server thread/INFO]: [HolographicDisplays] Disabling HolographicDisplays v2.1.10
[14:34:21] [Server thread/INFO]: [TNTRun] Disabling TNTRun v3.4
[14:34:21] [Server thread/INFO]: [MobArena] Disabling MobArena v0.97.1
[14:34:21] [Server thread/INFO]: [MobArena] disabled.
[14:34:21] [Server thread/INFO]: [Minigames] Disabling Minigames v1.7.0
[14:34:21] [Server thread/INFO]: Minigames successfully disabled.
[14:34:21] [Server thread/INFO]: [MinigamesLib] Disabling MinigamesLib v1.13.1
[14:34:21] [Server thread/INFO]: [EssentialsSpawn] Disabling EssentialsSpawn vTeamCity
[14:34:21] [Server thread/INFO]: [Vault] Disabling Vault v1.5.6-b49
[14:34:21] [Server thread/INFO]: [Multiverse-Portals] Disabling Multiverse-Portals v2.4-b548
[14:34:21] [Server thread/INFO]: [SuperVanish] Disabling SuperVanish v5.4.3
[14:34:21] [Server thread/INFO]: [Multiverse-NetherPortals] Disabling Multiverse-NetherPortals v2.4-b530
[14:34:21] [Server thread/INFO]: [MultiVerse-NetherPortals] - Disabled
[14:34:21] [Server thread/INFO]: [mcMMO] Disabling mcMMO v1.5.00-b3547
[14:34:22] [Server thread/INFO]: [VoxelSniper] Disabling VoxelSniper v7.1.0
[14:34:22] [Server thread/INFO]: [EssentialsProtect] Disabling EssentialsProtect vTeamCity
[14:34:22] [Server thread/INFO]: [Splegg] Disabling Splegg v1.2
[14:34:22] [Server thread/INFO]: [Multiverse-Core] Disabling Multiverse-Core v2.4-b527
[14:34:22] [Server thread/INFO]: [Multiverse-Core] - Disabled
[14:34:22] [Server thread/INFO]: [WorldGuard] Disabling WorldGuard v6.1
[14:34:22] [Server thread/INFO]: [WorldGuard] Shutting down executor and waiting for any pending tasks...
[14:34:22] [Server thread/INFO]: [LaggRemover] Disabling LaggRemover v0.1.8
[14:34:22] [Server thread/INFO]: [LaggRemover] LaggRemover has been disabled!
[14:34:22] [Server thread/INFO]: [PlugMan] Disabling PlugMan v2.0.7
[14:34:22] [Server thread/INFO]: [Essentials] Disabling Essentials vTeamCity
[14:34:22] [Server thread/INFO]: [WorldEdit] Disabling WorldEdit v6.1;no_git_id
