[17:45:10] [Server thread/INFO]: Assigning initial aspects to Twistybeef
[17:45:37] [Server thread/INFO]: Twistybeef has just earned the achievement [Learning to Tinker]
[17:45:40] [Server thread/INFO]: Twistybeef has just earned the achievement [Taking Inventory]
[17:47:00] [Server thread/INFO]: Twistybeef: Set own game mode to CREATIVE mode
[17:51:49] [Server thread/INFO]: Twistybeef issued server command: /gamemode survival
[17:51:49] [Server thread/INFO]: Twistybeef: Set own game mode to SURVIVAL mode
[17:53:53] [Server thread/INFO]: Twistybeef: Set own game mode to CREATIVE mode
[17:55:24] [Server thread/INFO]: Twistybeef left the game.
[18:00:17] [Server thread/INFO]: 0
[18:00:17] [Server thread/INFO]: 0
[18:00:17] [Server thread/INFO]: 0
[18:05:12] [Server thread/INFO]: Twistybeef has just earned the achievement [Twilight Portal]
[18:06:59] [Server thread/INFO]: [TwilightForest] Found ideal portal spot
[18:07:19] [Server thread/INFO]: Twistybeef left the game.
[18:07:37] [Server thread/INFO]: Twistybeef left the game.
[18:08:16] [Server thread/INFO]: Twistybeef has just earned the achievement [Twilight Arrival]
[18:10:45] [Server thread/INFO]: Twistybeef left the game.
[18:14:42] [Server thread/INFO]: Twistybeef left the game.
[18:21:43] [Server thread/INFO]: Twistybeef left the game.
[18:26:10] [Server thread/INFO]: Twistybeef issued server command: /gamemode survival
[18:26:10] [Server thread/INFO]: Twistybeef: Set own game mode to SURVIVAL mode
[18:26:43] [Server thread/INFO]: 0
[18:26:43] [Server thread/INFO]: 0
[18:26:55] [Server thread/INFO]: 0
[18:26:55] [Server thread/INFO]: 0
[18:26:55] [Server thread/INFO]: 0
[18:27:01] [Server thread/INFO]: 0
[18:27:01] [Server thread/INFO]: 0
[18:27:01] [Server thread/INFO]: 0
[18:27:01] [Server thread/INFO]: 0
[18:27:01] [Server thread/INFO]: 0
[18:27:08] [Server thread/INFO]: 0
[18:27:10] [Server thread/INFO]: 0
[18:27:10] [Server thread/INFO]: 0
[18:37:42] [Server thread/INFO]: 0
[18:37:42] [Server thread/INFO]: 0
[18:37:42] [Server thread/INFO]: 0
[18:37:42] [Server thread/INFO]: 0
[18:37:42] [Server thread/INFO]: 0
[18:43:32] [Server thread/INFO]: CONSOLE: Stopping the server..
[18:43:32] [Server thread/INFO]: Stopping server
[18:43:32] [Server thread/INFO]: Twistybeef left the game.
[18:43:33] [Server thread/INFO]: Applying holder lookups
[18:43:33] [Server thread/INFO]: Holder lookups applied
