[19:37:43] [main/INFO]: Launching wrapped minecraft {net.minecraft.server.MinecraftServer}
[19:37:47] [Server thread/INFO]: MinecraftForge v10.13.4.1448 Initialized
[19:37:47] [Server thread/INFO]: Replaced 183 ore recipies
[19:37:47] [Server thread/INFO]: Found 0 mods from the command line. Injecting into mod discoverer
[19:37:47] [Server thread/INFO]: Searching /home/root/multicraft/servers/server435620/mods for mods
[19:37:47] [Server thread/INFO]: Also searching /home/root/multicraft/servers/server435620/mods/1.7.10 for mods
[19:37:49] [Server thread/INFO]: Forge Mod Loader has identified 37 mods to load
[19:37:51] [Server thread/INFO]: Preparing to take over the world
[19:37:52] [Server thread/INFO]: Designs found: Bed(6), Chisel(9), FlowerPot(18), Tile(13)
[19:37:53] [Server thread/INFO]: Mantle (1.7.10-0.3.2.jenkins184) -- Preparing for launch.
[19:37:53] [Server thread/INFO]: Gear module active. Adding gear cast.
[19:37:53] [Server thread/INFO]: Twilight Forest Detected
[19:37:53] [Server thread/INFO]: Thaumcraft Detected
[19:37:57] [Server thread/INFO]: Applying holder lookups
[19:37:57] [Server thread/INFO]: Holder lookups applied
[19:37:57] [Server thread/INFO]: Injecting itemstacks
[19:37:57] [Server thread/INFO]: Loading properties
[19:37:57] [Server thread/INFO]: Default game type: SURVIVAL
[19:37:58] [Server thread/INFO]: Using 4 threads for Netty based IO
[19:37:58] [Server thread/INFO]: Server Ping Player Sample Count: 12
[19:37:59] [Server thread/INFO]: Thaumcraft detected. Registering harvestables.
[19:37:59] [Server thread/INFO]: InfernalMobsCore load() completed! Modifiers ready: 27
[19:37:59] [Server thread/INFO]: Injecting itemstacks
[19:37:59] [Server thread/INFO]: ## Chest items register ##
[19:37:59] [Server thread/INFO]: Loading Manual XML from: /assets/mantle/manuals/test.xml
[19:37:59] [Server thread/INFO]: Thaumcraft detected. Adding thaumium tools.
[19:38:00] [Server thread/INFO]: item.apple0: 15: 1: 3
[19:38:00] [Server thread/INFO]: item.appleGold0: 1: 1: 1
[19:38:00] [Server thread/INFO]: item.arrow0: 30: 2: 7
[19:38:00] [Server thread/INFO]: item.book0: 20: 1: 3
[19:38:00] [Server thread/INFO]: item.bread0: 14: 1: 1
[19:38:00] [Server thread/INFO]: item.bucket0: 10: 1: 1
[19:38:00] [Server thread/INFO]: item.coal0: 10: 3: 8
[19:38:00] [Server thread/INFO]: item.compass0: 1: 1: 1
[19:38:00] [Server thread/INFO]: item.dyePowder.blue4: 5: 4: 9
[19:38:00] [Server thread/INFO]: item.emerald0: 2: 1: 3
[19:38:00] [Server thread/INFO]: item.emptyMap0: 1: 1: 1
[19:38:00] [Server thread/INFO]: item.enchantedBook0: 1: 1: 1
[19:38:00] [Server thread/INFO]: item.enderPearl0: 10: 1: 1
[19:38:00] [Server thread/INFO]: item.horsearmorgold0: 1: 1: 1
[19:38:00] [Server thread/INFO]: item.horsearmormetal0: 1: 1: 1
[19:38:00] [Server thread/INFO]: item.ingotGold0: 5: 1: 3
[19:38:00] [Server thread/INFO]: item.nameTag0: 10: 1: 1
[19:38:00] [Server thread/INFO]: item.paper0: 20: 2: 7
[19:38:00] [Server thread/INFO]: item.record0: 10: 1: 1
[19:38:00] [Server thread/INFO]: item.rottenFlesh0: 16: 3: 7
[19:38:00] [Server thread/INFO]: item.saddle0: 2: 1: 1
[19:38:00] [Server thread/INFO]: item.seeds_pumpkin0: 10: 2: 4
[19:38:00] [Server thread/INFO]: item.string0: 10: 1: 4
[19:38:00] [Server thread/INFO]: item.sulphur0: 10: 1: 4
[19:38:00] [Server thread/INFO]: tile.obsidian0: 5: 3: 7
[19:38:00] [Server thread/INFO]: tile.rail0: 1: 4: 8
[19:38:00] [Server thread/INFO]: tile.sapling.oak0: 5: 3: 7
[19:38:00] [Server thread/INFO]: Total Weight: 375
[19:38:00] [Server thread/INFO]: TwilightForestMod mod found.
[19:38:00] [Server thread/INFO]: Success in registering ThaumicTinkerer
[19:38:00] [Server thread/INFO]: Forge Mod Loader has successfully loaded 37 mods
[19:38:02] [Server thread/INFO]: [WorldEdit] Loading WorldEdit v5.6.3
[19:38:04] [Server thread/INFO]: Preparing spawn area: 4%
[19:38:05] [Server thread/INFO]: Preparing spawn area: 6%
[19:38:06] [Server thread/INFO]: Preparing spawn area: 10%
[19:38:07] [Server thread/INFO]: Preparing spawn area: 14%
[19:38:08] [Server thread/INFO]: Preparing spawn area: 21%
[19:38:09] [Server thread/INFO]: Preparing spawn area: 25%
[19:38:11] [Server thread/INFO]: Preparing spawn area: 26%
[19:38:12] [Server thread/INFO]: Preparing spawn area: 30%
[19:38:13] [Server thread/INFO]: Preparing spawn area: 36%
[19:38:14] [Server thread/INFO]: Preparing spawn area: 41%
[19:38:15] [Server thread/INFO]: Preparing spawn area: 47%
[19:38:16] [Server thread/INFO]: Preparing spawn area: 52%
[19:38:17] [Server thread/INFO]: Preparing spawn area: 57%
[19:38:18] [Server thread/INFO]: Preparing spawn area: 61%
[19:38:19] [Server thread/INFO]: Preparing spawn area: 66%
[19:38:20] [Server thread/INFO]: Preparing spawn area: 72%
[19:38:21] [Server thread/INFO]: Preparing spawn area: 76%
[19:38:22] [Server thread/INFO]: Preparing spawn area: 78%
[19:38:24] [Server thread/INFO]: Preparing spawn area: 81%
[19:38:25] [Server thread/INFO]: Preparing spawn area: 84%
[19:38:26] [Server thread/INFO]: Preparing spawn area: 87%
[19:38:27] [Server thread/INFO]: Preparing spawn area: 90%
[19:38:28] [Server thread/INFO]: Preparing spawn area: 92%
[19:38:29] [Server thread/INFO]: Preparing spawn area: 94%
[19:38:30] [Server thread/INFO]: Preparing spawn area: 96%
[19:38:31] [Server thread/INFO]: Preparing spawn area: 98%
[19:38:32] [Server thread/INFO]: [WorldEdit] Enabling WorldEdit v5.6.3
