[21:57:01] [main/INFO]: Launching wrapped minecraft {net.minecraft.server.MinecraftServer}
[21:57:05] [Server thread/INFO]: MinecraftForge v10.13.4.1448 Initialized
[21:57:05] [Server thread/INFO]: Replaced 183 ore recipies
[21:57:05] [Server thread/INFO]: Found 0 mods from the command line. Injecting into mod discoverer
[21:57:05] [Server thread/INFO]: Searching /home/root/multicraft/servers/server435620/mods for mods
[21:57:05] [Server thread/INFO]: Also searching /home/root/multicraft/servers/server435620/mods/1.7.10 for mods
[21:57:07] [Server thread/INFO]: Forge Mod Loader has identified 40 mods to load
[21:57:10] [Server thread/INFO]: Mantle (1.7.10-0.3.2.jenkins184) -- Preparing for launch.
[21:57:12] [Server thread/INFO]: Designs found: Bed(6), Chisel(9), FlowerPot(18), Tile(13)
[21:57:13] [Server thread/INFO]: Gear module active. Adding gear cast.
[21:57:13] [Server thread/INFO]: Biomes O' Plenty Detected
[21:57:13] [Server thread/INFO]: Twilight Forest Detected
[21:57:13] [Server thread/INFO]: Thaumcraft Detected
[21:57:16] [Server thread/INFO]: Applying holder lookups
[21:57:16] [Server thread/INFO]: Holder lookups applied
[21:57:16] [Server thread/INFO]: Injecting itemstacks
[21:57:16] [Server thread/INFO]: Loading properties
[21:57:16] [Server thread/INFO]: Default game type: SURVIVAL
[21:57:17] [Server thread/INFO]: Server Ping Player Sample Count: 12
[21:57:17] [Server thread/INFO]: Using 4 threads for Netty based IO
[21:57:17] [Server thread/INFO]: Waila detected.
[21:57:18] [Server thread/INFO]: Thaumcraft detected. Registering harvestables.
[21:57:18] [Server thread/INFO]: InfernalMobsCore load() completed! Modifiers ready: 27
[21:57:18] [Server thread/INFO]: Injecting itemstacks
[21:57:18] [Server thread/INFO]: Loading Manual XML from: /assets/mantle/manuals/test.xml
[21:57:18] [Server thread/INFO]: ## Chest items register ##
[21:57:18] [Server thread/INFO]: Thaumcraft detected. Adding thaumium tools.
[21:57:19] [Server thread/INFO]: item.apple0: 15: 1: 3
[21:57:19] [Server thread/INFO]: item.appleGold0: 1: 1: 1
[21:57:19] [Server thread/INFO]: item.arrow0: 30: 2: 7
[21:57:19] [Server thread/INFO]: item.book0: 20: 1: 3
[21:57:19] [Server thread/INFO]: item.bread0: 14: 1: 1
[21:57:19] [Server thread/INFO]: item.bucket0: 10: 1: 1
[21:57:19] [Server thread/INFO]: item.coal0: 10: 3: 8
[21:57:19] [Server thread/INFO]: item.compass0: 1: 1: 1
[21:57:19] [Server thread/INFO]: item.dyePowder.blue4: 5: 4: 9
[21:57:19] [Server thread/INFO]: item.emerald0: 2: 1: 3
[21:57:19] [Server thread/INFO]: item.emptyMap0: 1: 1: 1
[21:57:19] [Server thread/INFO]: item.enchantedBook0: 1: 1: 1
[21:57:19] [Server thread/INFO]: item.enderPearl0: 10: 1: 1
[21:57:19] [Server thread/INFO]: item.flippers0: 5: 1: 1
[21:57:19] [Server thread/INFO]: item.horsearmorgold0: 1: 1: 1
[21:57:19] [Server thread/INFO]: item.horsearmormetal0: 1: 1: 1
[21:57:19] [Server thread/INFO]: item.ingotGold0: 5: 1: 3
[21:57:19] [Server thread/INFO]: item.misc.ash1: 25: 2: 8
[21:57:19] [Server thread/INFO]: item.nameTag0: 10: 1: 1
[21:57:19] [Server thread/INFO]: item.paper0: 20: 2: 7
[21:57:19] [Server thread/INFO]: item.record0: 10: 1: 1
[21:57:19] [Server thread/INFO]: item.rottenFlesh0: 16: 3: 7
[21:57:19] [Server thread/INFO]: item.saddle0: 2: 1: 1
[21:57:19] [Server thread/INFO]: item.seeds_pumpkin0: 10: 2: 4
[21:57:19] [Server thread/INFO]: item.string0: 10: 1: 4
[21:57:19] [Server thread/INFO]: item.sulphur0: 10: 1: 4
[21:57:19] [Server thread/INFO]: item.wadingBoots0: 5: 1: 1
[21:57:19] [Server thread/INFO]: tile.flowers.deadbloom2: 25: 1: 4
[21:57:19] [Server thread/INFO]: tile.flowers.glowflower3: 25: 1: 4
[21:57:19] [Server thread/INFO]: tile.obsidian0: 5: 3: 7
[21:57:19] [Server thread/INFO]: tile.plants.thorn5: 20: 4: 6
[21:57:19] [Server thread/INFO]: tile.rail0: 1: 4: 8
[21:57:19] [Server thread/INFO]: tile.sapling.oak0: 5: 3: 7
[21:57:19] [Server thread/INFO]: Total Weight: 480
[21:57:19] [Server thread/INFO]: TwilightForestMod mod found.
[21:57:19] [Server thread/INFO]: Success in registering ThaumicTinkerer
[21:57:19] [Server thread/INFO]: Forge Mod Loader has successfully loaded 40 mods
[21:57:21] [Server thread/INFO]: [WorldBorder] Loading WorldBorder v1.7.9
[21:57:21] [Server thread/INFO]: [WorldEdit] Loading WorldEdit v5.6.3
[21:57:23] [Server thread/INFO]: Preparing spawn area: 4%
[21:57:24] [Server thread/INFO]: Preparing spawn area: 6%
[21:57:25] [Server thread/INFO]: Preparing spawn area: 10%
[21:57:26] [Server thread/INFO]: Preparing spawn area: 13%
[21:57:27] [Server thread/INFO]: Preparing spawn area: 17%
[21:57:28] [Server thread/INFO]: Preparing spawn area: 20%
[21:57:29] [Server thread/INFO]: Preparing spawn area: 25%
[21:57:31] [Server thread/INFO]: Preparing spawn area: 30%
[21:57:32] [Server thread/INFO]: Preparing spawn area: 37%
[21:57:33] [Server thread/INFO]: Preparing spawn area: 38%
[21:57:34] [Server thread/INFO]: Preparing spawn area: 42%
[21:57:35] [Server thread/INFO]: Preparing spawn area: 46%
[21:57:36] [Server thread/INFO]: Preparing spawn area: 52%
[21:57:37] [Server thread/INFO]: Preparing spawn area: 58%
[21:57:38] [Server thread/INFO]: Preparing spawn area: 63%
[21:57:40] [Server thread/INFO]: Preparing spawn area: 67%
[21:57:41] [Server thread/INFO]: Preparing spawn area: 70%
[21:57:42] [Server thread/INFO]: Preparing spawn area: 73%
[21:57:43] [Server thread/INFO]: Preparing spawn area: 78%
[21:57:44] [Server thread/INFO]: Preparing spawn area: 81%
[21:57:45] [Server thread/INFO]: Preparing spawn area: 85%
[21:57:46] [Server thread/INFO]: Preparing spawn area: 85%
[21:57:47] [Server thread/INFO]: Preparing spawn area: 91%
[21:57:48] [Server thread/INFO]: Preparing spawn area: 96%
[21:57:49] [Server thread/INFO]: [WorldBorder] Enabling WorldBorder v1.7.9
[21:57:50] [Server thread/INFO]: [WorldBorder] [CONFIG] Using elliptic/round border, knockback of 3.0 blocks, and timer delay of 5.
[21:57:50] [Server thread/INFO]: [WorldBorder] [CONFIG] Border-checking timed task started.
[21:57:50] [Server thread/INFO]: [WorldEdit] Enabling WorldEdit v5.6.3
[21:59:26] [Server thread/INFO]: Assigning initial aspects to Crustifer
[21:59:45] [Server thread/INFO]: Crustifer issued server command: /gamemode crustifer 1
[21:59:49] [Server thread/INFO]: Crustifer issued server command: /gamemode 1 crustifer
[21:59:49] [Server thread/INFO]: Crustifer: Set own game mode to CREATIVE mode
[22:00:15] [Server thread/INFO]: Crustifer left the game.
[22:04:36] [Server thread/INFO]: Crustifer left the game.
