[00:08:43] [Server thread/INFO]: Staff: [Admin] Chris
[00:09:29] [Server thread/INFO]: Staff: [Admin] Chris
[00:10:16] [Server thread/INFO]: Staff: [Admin] Chris
[00:11:02] [Server thread/INFO]: Staff: [Admin] Chris
[00:11:49] [Server thread/INFO]: Staff: [Admin] Chris
[00:11:49] [Server thread/INFO]: giraffe: [Giraffe] Twiixtor
[00:12:36] [Server thread/INFO]: Staff: [Admin] Chris
[00:12:36] [Server thread/INFO]: giraffe: [Giraffe] Twiixtor
[00:13:22] [Server thread/INFO]: Staff: [Admin] Chris
[00:13:22] [Server thread/INFO]: giraffe: [Giraffe] Twiixtor
[00:14:09] [Server thread/INFO]: Staff: [Admin] Chris
[00:14:09] [Server thread/INFO]: giraffe: [Giraffe] Twiixtor
[00:14:48] [Server thread/INFO]: Twiixtor issued server command: /i 389 4
[00:14:55] [Server thread/INFO]: Staff: [Admin] Chris
[00:14:55] [Server thread/INFO]: giraffe: [Giraffe] Twiixtor
[00:15:42] [Server thread/INFO]: Staff: [Admin] Chris
[00:15:42] [Server thread/INFO]: giraffe: [Giraffe] Twiixtor
[00:16:28] [Server thread/INFO]: Staff: [AFK][Admin] Chris
[00:16:28] [Server thread/INFO]: giraffe: [Giraffe] Twiixtor
[00:17:15] [Server thread/INFO]: Staff: [AFK][Admin] Chris
[00:17:15] [Server thread/INFO]: giraffe: [Giraffe] Twiixtor
[00:17:39] [Server thread/INFO]: Twiixtor issued server command: /fly
[00:18:43] [Server thread/INFO]: Staff: [AFK][Admin] Chris
[00:18:43] [Server thread/INFO]: giraffe: [Giraffe] Twiixtor
[00:18:57] [Server thread/INFO]: Twiixtor issued server command: /gm 1
[00:19:08] [Server thread/INFO]: Twiixtor issued server command: /gm 0
[00:19:29] [Server thread/INFO]: Staff: [Admin] Chris
[00:19:29] [Server thread/INFO]: giraffe: [Giraffe] Twiixtor
[00:20:16] [Server thread/INFO]: Staff: [Admin] Chris
[00:20:16] [Server thread/INFO]: giraffe: [Giraffe] Twiixtor
[00:20:59] [Server thread/INFO]: Twiixtor issued server command: /home home
[00:21:03] [Server thread/INFO]: Staff: [Admin] Chris
[00:21:03] [Server thread/INFO]: giraffe: [Giraffe] Twiixtor
[00:21:21] [Server thread/INFO]: Twiixtor issued server command: /back
[00:21:49] [Server thread/INFO]: Staff: [Admin] Chris
[00:21:49] [Server thread/INFO]: giraffe: [Giraffe] Twiixtor
[00:22:36] [Server thread/INFO]: Staff: [Admin] Chris
[00:22:36] [Server thread/INFO]: giraffe: [Giraffe] Twiixtor
[00:23:22] [Server thread/INFO]: Staff: [Admin] Chris
[00:23:22] [Server thread/INFO]: giraffe: [Giraffe] Twiixtor
[00:24:09] [Server thread/INFO]: Staff: [Admin] Chris
[00:24:09] [Server thread/INFO]: giraffe: [Giraffe] Twiixtor
[00:24:55] [Server thread/INFO]: Staff: [Admin] Chris
[00:24:55] [Server thread/INFO]: giraffe: [Giraffe] Twiixtor
[00:25:42] [Server thread/INFO]: Staff: [Admin] Chris
[00:25:42] [Server thread/INFO]: giraffe: [Giraffe] Twiixtor
[00:26:28] [Server thread/INFO]: Staff: [Admin] Chris
[00:26:28] [Server thread/INFO]: giraffe: [Giraffe] Twiixtor
[00:27:15] [Server thread/INFO]: Staff: [Admin] Chris
[00:27:15] [Server thread/INFO]: giraffe: [Giraffe] Twiixtor
[00:28:43] [Server thread/INFO]: Staff: [Admin] Chris
[00:28:43] [Server thread/INFO]: giraffe: [AFK][Giraffe] Twiixtor
[00:29:29] [Server thread/INFO]: Staff: [Admin] Chris
[00:29:29] [Server thread/INFO]: giraffe: [AFK][Giraffe] Twiixtor
[00:30:16] [Server thread/INFO]: Staff: [Admin] Chris
[00:30:16] [Server thread/INFO]: giraffe: [AFK][Giraffe] Twiixtor
[00:31:03] [Server thread/INFO]: Staff: [Admin] Chris
[00:31:03] [Server thread/INFO]: giraffe: [AFK][Giraffe] Twiixtor
[00:31:49] [Server thread/INFO]: Staff: [Admin] Chris
[00:31:49] [Server thread/INFO]: giraffe: [AFK][Giraffe] Twiixtor
[00:32:36] [Server thread/INFO]: Staff: [Admin] Chris
[00:32:36] [Server thread/INFO]: giraffe: [AFK][Giraffe] Twiixtor
[00:33:22] [Server thread/INFO]: Staff: [Admin] Chris
[00:33:22] [Server thread/INFO]: giraffe: [AFK][Giraffe] Twiixtor
[00:34:09] [Server thread/INFO]: Staff: [Admin] Chris
[00:34:09] [Server thread/INFO]: giraffe: [AFK][Giraffe] Twiixtor
[00:34:55] [Server thread/INFO]: Staff: [Admin] Chris
[00:34:55] [Server thread/INFO]: giraffe: [AFK][Giraffe] Twiixtor
[00:35:42] [Server thread/INFO]: Staff: [Admin] Chris
[00:35:42] [Server thread/INFO]: giraffe: [AFK][Giraffe] Twiixtor
[00:36:28] [Server thread/INFO]: Staff: [Admin] Chris
[00:36:28] [Server thread/INFO]: giraffe: [AFK][Giraffe] Twiixtor
[00:37:15] [Server thread/INFO]: Staff: [Admin] Chris
[00:37:15] [Server thread/INFO]: giraffe: [AFK][Giraffe] Twiixtor
[00:38:43] [Server thread/INFO]: Staff: [Admin] Chris
[00:38:43] [Server thread/INFO]: giraffe: [AFK][Giraffe] Twiixtor
[00:39:29] [Server thread/INFO]: Staff: [Admin] Chris
[00:39:29] [Server thread/INFO]: giraffe: [AFK][Giraffe] Twiixtor
[00:40:16] [Server thread/INFO]: Staff: [Admin] Chris
[00:40:16] [Server thread/INFO]: giraffe: [AFK][Giraffe] Twiixtor
[00:40:18] [Server thread/INFO]: Crustifer left the game.
[00:41:03] [Server thread/INFO]: giraffe: [AFK][Giraffe] Twiixtor
[00:41:49] [Server thread/INFO]: giraffe: [AFK][Giraffe] Twiixtor
[00:42:36] [Server thread/INFO]: giraffe: [AFK][Giraffe] Twiixtor
[00:43:22] [Server thread/INFO]: giraffe: [AFK][Giraffe] Twiixtor
[00:44:09] [Server thread/INFO]: giraffe: [AFK][Giraffe] Twiixtor
[00:44:55] [Server thread/INFO]: giraffe: [AFK][Giraffe] Twiixtor
[00:45:42] [Server thread/INFO]: giraffe: [AFK][Giraffe] Twiixtor
[00:46:28] [Server thread/INFO]: giraffe: [AFK][Giraffe] Twiixtor
[00:47:15] [Server thread/INFO]: giraffe: [AFK][Giraffe] Twiixtor
[00:48:43] [Server thread/INFO]: giraffe: [AFK][Giraffe] Twiixtor
[00:49:29] [Server thread/INFO]: giraffe: [AFK][Giraffe] Twiixtor
[00:50:16] [Server thread/INFO]: giraffe: [AFK][Giraffe] Twiixtor
[00:51:03] [Server thread/INFO]: giraffe: [AFK][Giraffe] Twiixtor
[00:51:49] [Server thread/INFO]: giraffe: [AFK][Giraffe] Twiixtor
[00:52:36] [Server thread/INFO]: giraffe: [AFK][Giraffe] Twiixtor
[00:53:22] [Server thread/INFO]: giraffe: [AFK][Giraffe] Twiixtor
[00:54:09] [Server thread/INFO]: giraffe: [AFK][Giraffe] Twiixtor
[00:54:38] [Server thread/INFO]: Twiixtor was slain by Zombie
[00:54:55] [Server thread/INFO]: giraffe: [AFK][Giraffe] Twiixtor
[00:55:42] [Server thread/INFO]: giraffe: [AFK][Giraffe] Twiixtor
[00:56:28] [Server thread/INFO]: giraffe: [AFK][Giraffe] Twiixtor
[00:57:15] [Server thread/INFO]: giraffe: [AFK][Giraffe] Twiixtor
[00:58:43] [Server thread/INFO]: giraffe: [AFK][Giraffe] Twiixtor
[00:59:29] [Server thread/INFO]: giraffe: [AFK][Giraffe] Twiixtor
[01:00:16] [Server thread/INFO]: giraffe: [AFK][Giraffe] Twiixtor
[01:01:03] [Server thread/INFO]: giraffe: [AFK][Giraffe] Twiixtor
[01:01:49] [Server thread/INFO]: giraffe: [AFK][Giraffe] Twiixtor
[01:02:36] [Server thread/INFO]: giraffe: [AFK][Giraffe] Twiixtor
[01:03:22] [Server thread/INFO]: giraffe: [AFK][Giraffe] Twiixtor
[01:04:09] [Server thread/INFO]: giraffe: [AFK][Giraffe] Twiixtor
[01:04:55] [Server thread/INFO]: giraffe: [AFK][Giraffe] Twiixtor
[01:05:00] [Server thread/INFO]: Twiixtor issued server command: /back
[01:05:18] [Server thread/INFO]: Twiixtor issued server command: /fly
[01:05:19] [Server thread/INFO]: Twiixtor issued server command: /gm 1
[01:05:42] [Server thread/INFO]: giraffe: [Giraffe] Twiixtor
[01:06:21] [Server thread/INFO]: Twiixtor issued server command: /home home
[01:06:28] [Server thread/INFO]: giraffe: [Giraffe] Twiixtor
[01:07:15] [Server thread/INFO]: giraffe: [Giraffe] Twiixtor
[01:08:43] [Server thread/INFO]: giraffe: [Giraffe] Twiixtor
[01:09:29] [Server thread/INFO]: giraffe: [Giraffe] Twiixtor
[01:10:16] [Server thread/INFO]: giraffe: [Giraffe] Twiixtor
[01:11:03] [Server thread/INFO]: giraffe: [Giraffe] Twiixtor
[01:11:49] [Server thread/INFO]: giraffe: [AFK][Giraffe] Twiixtor
[01:12:36] [Server thread/INFO]: giraffe: [AFK][Giraffe] Twiixtor
[01:13:22] [Server thread/INFO]: giraffe: [AFK][Giraffe] Twiixtor
[01:14:09] [Server thread/INFO]: giraffe: [AFK][Giraffe] Twiixtor
[01:14:55] [Server thread/INFO]: giraffe: [AFK][Giraffe] Twiixtor
[01:15:42] [Server thread/INFO]: giraffe: [AFK][Giraffe] Twiixtor
[01:16:28] [Server thread/INFO]: giraffe: [AFK][Giraffe] Twiixtor
[01:17:15] [Server thread/INFO]: giraffe: [AFK][Giraffe] Twiixtor
[01:18:43] [Server thread/INFO]: giraffe: [AFK][Giraffe] Twiixtor
[01:19:30] [Server thread/INFO]: giraffe: [AFK][Giraffe] Twiixtor
[01:20:17] [Server thread/INFO]: giraffe: [AFK][Giraffe] Twiixtor
[01:21:03] [Server thread/INFO]: giraffe: [AFK][Giraffe] Twiixtor
[01:21:49] [Server thread/INFO]: giraffe: [AFK][Giraffe] Twiixtor
[01:22:36] [Server thread/INFO]: giraffe: [AFK][Giraffe] Twiixtor
[01:23:22] [Server thread/INFO]: giraffe: [AFK][Giraffe] Twiixtor
[01:24:09] [Server thread/INFO]: giraffe: [AFK][Giraffe] Twiixtor
[01:24:56] [Server thread/INFO]: giraffe: [AFK][Giraffe] Twiixtor
[01:25:42] [Server thread/INFO]: giraffe: [AFK][Giraffe] Twiixtor
[01:26:29] [Server thread/INFO]: giraffe: [AFK][Giraffe] Twiixtor
[01:27:15] [Server thread/INFO]: giraffe: [AFK][Giraffe] Twiixtor
[01:28:43] [Server thread/INFO]: giraffe: [AFK][Giraffe] Twiixtor
[01:29:30] [Server thread/INFO]: giraffe: [AFK][Giraffe] Twiixtor
[01:29:33] [Server thread/INFO]: Twiixtor left the game.
[20:25:44] [Server thread/INFO]: giraffe: [Giraffe] Twiixtor
[20:26:30] [Server thread/INFO]: giraffe: [Giraffe] Twiixtor
[20:26:50] [Server thread/INFO]: Twiixtor issued server command: /i torch 51
[20:27:05] [Server thread/INFO]: Twiixtor issued server command: /i cookedpork 30
[20:27:10] [Server thread/INFO]: Twiixtor issued server command: /i 5 45
[20:27:17] [Server thread/INFO]: giraffe: [Giraffe] Twiixtor
[20:27:19] [Server thread/INFO]: Twiixtor issued server command: /i dirt 54
[20:27:54] [Server thread/INFO]: Twiixtor issued server command: /i compass 1
[20:28:17] [Server thread/INFO]: Twiixtor issued server command: /gm 0
[20:28:22] [Server thread/INFO]: Twiixtor issued server command: /exp
[20:28:25] [Server thread/INFO]: Twiixtor issued server command: /exp 43
[20:28:27] [Server thread/INFO]: Twiixtor issued server command: /exp 43
[20:28:29] [Server thread/INFO]: Twiixtor issued server command: /exp 450
[20:28:30] [Server thread/INFO]: Twiixtor issued server command: /exp 450
[20:28:45] [Server thread/INFO]: giraffe: [Giraffe] Twiixtor
[20:29:31] [Server thread/INFO]: giraffe: [Giraffe] Twiixtor
[20:30:18] [Server thread/INFO]: giraffe: [Giraffe] Twiixtor
[20:31:05] [Server thread/INFO]: giraffe: [Giraffe] Twiixtor
[20:31:51] [Server thread/INFO]: giraffe: [Giraffe] Twiixtor
[20:32:38] [Server thread/INFO]: giraffe: [Giraffe] Twiixtor
[20:33:26] [Server thread/INFO]: giraffe: [Giraffe] Twiixtor
[20:34:11] [Server thread/INFO]: giraffe: [Giraffe] Twiixtor
[20:34:57] [Server thread/INFO]: giraffe: [Giraffe] Twiixtor
[20:35:46] [Server thread/INFO]: Developers: [Dev] Popey
[20:35:46] [Server thread/INFO]: giraffe: [Giraffe] Twiixtor
[20:35:51] [Server thread/INFO]: Popey456963 issued server command: /tp twi
[20:36:15] [Server thread/INFO]: Popey456963 issued server command: /warp
[20:36:30] [Server thread/INFO]: Developers: [Dev] Popey
[20:36:30] [Server thread/INFO]: giraffe: [Giraffe] Twiixtor
[20:36:57] [Server thread/INFO]: [Dev] Popey: Nice farm!
[20:37:01] [Server thread/INFO]: Twiixtor issued server command: /i carrot 40
[20:37:02] [Server thread/INFO]: [Giraffe] Twiixtor: Thanks :D
[20:37:03] [Server thread/INFO]: [Dev] Popey: Jesus, you built all this in survival?
[20:37:11] [Server thread/INFO]: [Giraffe] Twiixtor: Yup :P
[20:37:17] [Server thread/INFO]: Developers: [Dev] Popey
[20:37:17] [Server thread/INFO]: giraffe: [Giraffe] Twiixtor
[20:37:23] [Server thread/INFO]: [Dev] Popey: Really awesome =)
[20:37:31] [Server thread/INFO]: [Giraffe] Twiixtor: Thank u :D
[20:38:45] [Server thread/INFO]: Developers: [Dev] Popey
[20:38:45] [Server thread/INFO]: giraffe: [Giraffe] Twiixtor
[20:38:45] [Server thread/INFO]: Popey456963 issued server command: /speed 3
[20:39:31] [Server thread/INFO]: Developers: [Dev] Popey
[20:39:31] [Server thread/INFO]: giraffe: [Giraffe] Twiixtor
[20:39:41] [Server thread/INFO]: Popey456963 issued server command: /gamemode 0
[20:39:45] [Server thread/INFO]: [Dev] Popey: NEI?
[20:39:47] [Server thread/INFO]: [Dev] Popey: You mean?
[20:39:49] [Server thread/INFO]: Popey456963 issued server command: /gamemode 1
[20:40:07] [Server thread/INFO]: [Dev] Popey: Yeah.
[20:40:13] [Server thread/INFO]: [Giraffe] Twiixtor: Oh..
[20:40:18] [Server thread/INFO]: Developers: [Dev] Popey
[20:40:18] [Server thread/INFO]: giraffe: [Giraffe] Twiixtor
[20:40:20] [Server thread/INFO]: [Dev] Popey: lmaoi
[20:40:25] [Server thread/INFO]: [Giraffe] Twiixtor: lmaoi
[20:40:33] [Server thread/INFO]: [Dev] Popey: :3
[20:40:37] [Server thread/INFO]: [Dev] Popey: Typing is hard work.
[20:40:39] [Server thread/INFO]: Popey456963 issued server command: /tp twi
[20:41:04] [Server thread/INFO]: [Dev] Popey: =(
[20:41:05] [Server thread/INFO]: Developers: [Dev] Popey
[20:41:05] [Server thread/INFO]: giraffe: [Giraffe] Twiixtor
[20:41:28] [Server thread/INFO]: [Giraffe] Twiixtor: Also
[20:41:51] [Server thread/INFO]: Developers: [Dev] Popey
[20:41:51] [Server thread/INFO]: giraffe: [Giraffe] Twiixtor
[20:42:02] [Server thread/INFO]: [Dev] Popey: %%%HAX0R.JS INITIATED***
[20:42:13] [Server thread/INFO]: [Giraffe] Twiixtor: xd
[20:42:21] [Server thread/INFO]: [Dev] Popey: I failed =(
[20:42:26] [Server thread/INFO]: [Dev] Popey: % And *
[20:42:33] [Server thread/INFO]: [Giraffe] Twiixtor: gg
[20:42:38] [Server thread/INFO]: Developers: [Dev] Popey
[20:42:38] [Server thread/INFO]: giraffe: [Giraffe] Twiixtor
[20:42:58] [Server thread/INFO]: [Giraffe] Twiixtor: Nope
[20:42:58] [Server thread/INFO]: [Dev] Popey: ./tnt
[20:43:02] [Server thread/INFO]: [Giraffe] Twiixtor: In order to see it, you do
[20:43:09] [Server thread/INFO]: [Dev] Popey: ...
[20:43:14] [Server thread/INFO]: [Giraffe] Twiixtor: :3
[20:43:16] [Server thread/INFO]: [Dev] Popey: Wait, so, I can access it without seeing it?
[20:43:23] [Server thread/INFO]: [Giraffe] Twiixtor: yah
[20:43:24] [Server thread/INFO]: Developers: [Dev] Popey
[20:43:24] [Server thread/INFO]: giraffe: [Giraffe] Twiixtor
[20:43:26] [Server thread/INFO]: [Dev] Popey: Nice.
[20:43:56] [Server thread/INFO]: [Giraffe] Twiixtor: Tell me when u give up xd
[20:44:11] [Server thread/INFO]: Developers: [Dev] Popey
[20:44:11] [Server thread/INFO]: giraffe: [Giraffe] Twiixtor
[20:44:27] [Server thread/INFO]: [Dev] Popey: Okay, give up =(
[20:44:29] [Server thread/INFO]: [Giraffe] Twiixtor: lol
[20:44:56] [Server thread/INFO]: [Giraffe] Twiixtor: n1 u broke it
[20:44:57] [Server thread/INFO]: Developers: [Dev] Popey
[20:44:57] [Server thread/INFO]: giraffe: [Giraffe] Twiixtor
[20:45:02] [Server thread/INFO]: Twiixtor issued server command: /gm 1
[20:45:17] [Server thread/INFO]: [Giraffe] Twiixtor: Still broke it
[20:45:24] [Server thread/INFO]: [Dev] Popey: :9
[20:45:37] [Server thread/INFO]: [Dev] Popey: How do I fix it?
[20:45:44] [Server thread/INFO]: Developers: [Dev] Popey
[20:45:44] [Server thread/INFO]: giraffe: [Giraffe] Twiixtor
[20:45:51] [Server thread/INFO]: [Giraffe] Twiixtor: There we go
[20:45:57] [Server thread/INFO]: [Dev] Popey: :o
[20:45:58] [Server thread/INFO]: [Dev] Popey: Magic!
[20:46:10] [Server thread/INFO]: [Giraffe] Twiixtor: ikr :p
[20:46:15] [Server thread/INFO]: Twiixtor issued server command: /gm 0
[20:46:30] [Server thread/INFO]: Developers: [Dev] Popey
[20:46:30] [Server thread/INFO]: giraffe: [Giraffe] Twiixtor
[20:47:17] [Server thread/INFO]: Developers: [Dev] Popey
[20:47:17] [Server thread/INFO]: giraffe: [Giraffe] Twiixtor
[20:48:46] [Server thread/INFO]: Developers: [Dev] Popey
[20:48:46] [Server thread/INFO]: giraffe: [Giraffe] Twiixtor
[20:49:32] [Server thread/INFO]: Developers: [Dev] Popey
[20:49:32] [Server thread/INFO]: giraffe: [Giraffe] Twiixtor
[20:50:19] [Server thread/INFO]: Developers: [Dev] Popey
[20:50:19] [Server thread/INFO]: giraffe: [Giraffe] Twiixtor
[20:51:05] [Server thread/INFO]: Developers: [Dev] Popey
[20:51:05] [Server thread/INFO]: giraffe: [Giraffe] Twiixtor
[20:51:52] [Server thread/INFO]: Developers: [Dev] Popey
[20:51:52] [Server thread/INFO]: giraffe: [Giraffe] Twiixtor
[20:52:38] [Server thread/INFO]: Developers: [Dev] Popey
[20:52:38] [Server thread/INFO]: giraffe: [Giraffe] Twiixtor
[20:53:22] [Server thread/INFO]: [Dev] Popey: I can't even do commands =(
[20:53:25] [Server thread/INFO]: Developers: [Dev] Popey
[20:53:25] [Server thread/INFO]: giraffe: [Giraffe] Twiixtor
[20:54:12] [Server thread/INFO]: Developers: [Dev] Popey
[20:54:12] [Server thread/INFO]: giraffe: [AFK][Giraffe] Twiixtor
[20:54:58] [Server thread/INFO]: Developers: [Dev] Popey
[20:54:58] [Server thread/INFO]: giraffe: [AFK][Giraffe] Twiixtor
[20:55:45] [Server thread/INFO]: Developers: [Dev] Popey
[20:55:45] [Server thread/INFO]: giraffe: [AFK][Giraffe] Twiixtor
[20:56:31] [Server thread/INFO]: Developers: [Dev] Popey
[20:56:31] [Server thread/INFO]: giraffe: [AFK][Giraffe] Twiixtor
[20:57:18] [Server thread/INFO]: Developers: [Dev] Popey
[20:57:18] [Server thread/INFO]: giraffe: [AFK][Giraffe] Twiixtor
[20:58:45] [Server thread/INFO]: Developers: [Dev] Popey
[20:58:45] [Server thread/INFO]: giraffe: [AFK][Giraffe] Twiixtor
[20:59:31] [Server thread/INFO]: Developers: [Dev] Popey
[20:59:31] [Server thread/INFO]: giraffe: [AFK][Giraffe] Twiixtor
[21:00:18] [Server thread/INFO]: Developers: [Dev] Popey
[21:00:18] [Server thread/INFO]: giraffe: [AFK][Giraffe] Twiixtor
[21:01:05] [Server thread/INFO]: Developers: [Dev] Popey
[21:01:05] [Server thread/INFO]: giraffe: [AFK][Giraffe] Twiixtor
[21:01:51] [Server thread/INFO]: Developers: [Dev] Popey
[21:01:51] [Server thread/INFO]: giraffe: [AFK][Giraffe] Twiixtor
[21:01:55] [Server thread/INFO]: Popey456963 left the game.
[21:02:38] [Server thread/INFO]: giraffe: [AFK][Giraffe] Twiixtor
[21:03:24] [Server thread/INFO]: giraffe: [AFK][Giraffe] Twiixtor
[21:04:11] [Server thread/INFO]: giraffe: [AFK][Giraffe] Twiixtor
[21:04:57] [Server thread/INFO]: giraffe: [AFK][Giraffe] Twiixtor
[21:05:44] [Server thread/INFO]: giraffe: [AFK][Giraffe] Twiixtor
[21:06:30] [Server thread/INFO]: giraffe: [AFK][Giraffe] Twiixtor
[21:07:17] [Server thread/INFO]: giraffe: [AFK][Giraffe] Twiixtor
[21:08:45] [Server thread/INFO]: giraffe: [AFK][Giraffe] Twiixtor
[21:09:31] [Server thread/INFO]: giraffe: [AFK][Giraffe] Twiixtor
[21:10:18] [Server thread/INFO]: giraffe: [AFK][Giraffe] Twiixtor
[21:11:05] [Server thread/INFO]: giraffe: [AFK][Giraffe] Twiixtor
[21:11:51] [Server thread/INFO]: giraffe: [AFK][Giraffe] Twiixtor
[21:12:38] [Server thread/INFO]: giraffe: [AFK][Giraffe] Twiixtor
[21:13:24] [Server thread/INFO]: giraffe: [AFK][Giraffe] Twiixtor
[21:14:11] [Server thread/INFO]: giraffe: [AFK][Giraffe] Twiixtor
[21:14:57] [Server thread/INFO]: giraffe: [AFK][Giraffe] Twiixtor
[21:15:44] [Server thread/INFO]: giraffe: [AFK][Giraffe] Twiixtor
[21:16:30] [Server thread/INFO]: giraffe: [AFK][Giraffe] Twiixtor
[21:17:17] [Server thread/INFO]: giraffe: [AFK][Giraffe] Twiixtor
[21:18:06] [Server thread/INFO]: Twiixtor left the game.
[23:28:26] [Thread-311/INFO]: CONSOLE: If you encounter any issues please use the /stop command to restart your server.
[23:28:26] [Thread-311/INFO]: [CommandSigns] Disabling CommandSigns v1.9.3.2
[23:28:29] [Thread-311/INFO]: [CommandSigns] Loading CommandSigns v1.9.3.2
[23:28:32] [Server thread/INFO]: Stopping server
[23:28:32] [Server thread/INFO]: [MassiveCore] Disabling MassiveCore v2.8.0
[23:28:32] [Server thread/INFO]: [MassiveCore 2.8.0] Disabled
[23:28:32] [Server thread/INFO]: [Vault] Disabling Vault v1.5.6-b49
[23:28:32] [Server thread/INFO]: [mcMMO] Disabling mcMMO v1.5.00-b3547
[23:28:33] [Server thread/INFO]: [Multiverse-Core] Disabling Multiverse-Core v2.4-b527
[23:28:33] [Server thread/INFO]: [Multiverse-Core] - Disabled
[23:28:33] [Server thread/INFO]: [WorldGuard] Disabling WorldGuard v6.1
[23:28:33] [Server thread/INFO]: [WorldGuard] Shutting down executor and waiting for any pending tasks...
[23:28:33] [Server thread/INFO]: [LaggRemover] Disabling LaggRemover v0.1.9
[23:28:33] [Server thread/INFO]: [LaggRemover] LaggRemover has been disabled!
[23:28:33] [Server thread/INFO]: [PlugMan] Disabling PlugMan v2.0.7
[23:28:33] [Server thread/INFO]: [Essentials] Disabling Essentials vTeamCity
[23:28:33] [Server thread/INFO]: [WorldEdit] Disabling WorldEdit v6.1;no_git_id
[23:28:33] [Server thread/INFO]: [DisguiseCraft] Disabling DisguiseCraft v5.2
