[19:17:52] [Server thread/INFO]: Loading properties
[19:17:52] [Server thread/INFO]: Default game type: SURVIVAL
[19:17:52] [Server thread/INFO]: Using epoll channel type
[19:17:53] [Server thread/INFO]: [CoreProtect] Loading CoreProtect v2.12.0
[19:17:53] [Server thread/INFO]: [WorldEdit] Loading WorldEdit v6.1;no_git_id
[19:17:53] [Server thread/INFO]: [Announcement] Loading Announcement v1.0.3
[19:17:53] [Server thread/INFO]: [Essentials] Loading Essentials vTeamCity
[19:17:53] [Server thread/INFO]: [mcMMO] Loading mcMMO v1.5.00-b3547
[19:17:53] [Server thread/INFO]: [Random_Spawn] Loading Random_Spawn v2.6
[19:17:53] [Server thread/INFO]: [Vault] Loading Vault v1.5.6-b49
[19:17:53] [Server thread/INFO]: [CommandSigns] Loading CommandSigns v1.9.3.2
[19:17:53] [Server thread/INFO]: [EssentialsSpawn] Loading EssentialsSpawn vTeamCity
[19:17:53] [Server thread/INFO]: [LaggRemover] Loading LaggRemover v0.1.9
[19:17:53] [Server thread/INFO]: [MassiveCore] Loading MassiveCore v2.8.0
[19:17:53] [Server thread/INFO]: TimeUnit.MILLIS_PER_MINUTE: 60000
[19:17:53] [Server thread/INFO]: [ProtocolLib] Loading ProtocolLib v3.6.4
[19:17:53] [Server thread/INFO]: [WorldGuard] Loading WorldGuard v6.1
[19:17:53] [Server thread/INFO]: [OnTime] Loading OnTime v4.1.3
[19:17:53] [Server thread/INFO]: [EssentialsProtect] Loading EssentialsProtect vTeamCity
[19:17:53] [Server thread/INFO]: [HeavySpleef] Loading HeavySpleef v2.1.1
[19:17:53] [Server thread/INFO]: [MobArena] Loading MobArena v0.97.1
[19:17:53] [Server thread/INFO]: [HolographicDisplays] Loading HolographicDisplays v2.1.10
[19:17:53] [Server thread/INFO]: [TouchscreenHolograms] Loading TouchscreenHolograms v1.3
[19:17:53] [Server thread/INFO]: [mcMMO] Enabling mcMMO v1.5.00-b3547
[19:17:55] [Server thread/INFO]: [Vault] Enabling Vault v1.5.6-b49
[19:17:55] [Server thread/INFO]: [MassiveCore] Enabling MassiveCore v2.8.0
[19:17:55] [Server thread/INFO]: [MassiveCore 2.8.0] === ENABLE START ===
[19:17:55] [Server thread/INFO]: [MassiveCore 2.8.0] §eSetup of IdUtil took §d10§ems.
[19:17:55] [Server thread/INFO]: [MassiveCore 2.8.0] === ENABLE §aCOMPLETE §e(Took §d106ms§e) ===
[19:17:55] [Server thread/INFO]: [ProtocolLib] Enabling ProtocolLib v3.6.4
[19:17:55] [Server thread/INFO]: [ProtocolLib] Started structure compiler thread.
[19:17:56] [Server thread/INFO]: [CoreProtect] Enabling CoreProtect v2.12.0
[19:17:57] [Server thread/INFO]: [WorldEdit] Enabling WorldEdit v6.1;no_git_id
[19:17:57] [Server thread/INFO]: [WorldEdit] Using com.sk89q.worldedit.bukkit.adapter.impl.Spigot_v1_8_R3 as the Bukkit adapter
[19:17:57] [Server thread/INFO]: [Announcement] Enabling Announcement v1.0.3
[19:17:57] [Server thread/INFO]: [Essentials] Enabling Essentials vTeamCity
[19:17:57] [Server thread/INFO]: git-Bukkit-9935adc (MC: 1.8.8)
[19:17:57] [Server thread/INFO]: 1.8.8-R0.1-SNAPSHOT
[19:17:57] [Server thread/INFO]: Using locale en_US
[19:17:57] [Server thread/INFO]: Using locale en_US
[19:17:57] [Server thread/INFO]: [Random_Spawn] Enabling Random_Spawn v2.6
[19:17:57] [Server thread/INFO]: [CommandSigns] Enabling CommandSigns v1.9.3.2
[19:17:57] [Server thread/INFO]: [CommandSigns] Successfully loaded 0 signs
[19:17:57] [Server thread/INFO]: [EssentialsSpawn] Enabling EssentialsSpawn vTeamCity
[19:17:57] [Server thread/INFO]: [LaggRemover] Enabling LaggRemover v0.1.9
[19:17:57] [Server thread/INFO]: [LaggRemover] LaggRemover has been enabled!
[19:17:58] [Server thread/INFO]: [WorldGuard] Enabling WorldGuard v6.1
[19:17:58] [Server thread/INFO]: [WorldGuard] (survival) Lighters are PERMITTED.
[19:17:58] [Server thread/INFO]: [WorldGuard] (survival) Lava fire is blocked.
[19:17:58] [Server thread/INFO]: [WorldGuard] (survival) Fire spread is UNRESTRICTED.
[19:17:58] [Server thread/INFO]: [WorldGuard] (survival_nether) Lighters are PERMITTED.
[19:17:58] [Server thread/INFO]: [WorldGuard] (survival_nether) Lava fire is blocked.
[19:17:58] [Server thread/INFO]: [WorldGuard] (survival_nether) Fire spread is UNRESTRICTED.
[19:17:58] [Server thread/INFO]: [WorldGuard] (survival_the_end) Lighters are PERMITTED.
[19:17:58] [Server thread/INFO]: [WorldGuard] (survival_the_end) Lava fire is blocked.
[19:17:58] [Server thread/INFO]: [WorldGuard] (survival_the_end) Fire spread is UNRESTRICTED.
[19:18:00] [Server thread/INFO]: [OnTime] Enabling OnTime v4.1.3
[19:18:00] [Server thread/INFO]: [EssentialsProtect] Enabling EssentialsProtect vTeamCity
[19:18:00] [Server thread/INFO]: [HeavySpleef] Enabling HeavySpleef v2.1.1
[19:18:01] [Server thread/INFO]: [MobArena] Enabling MobArena v0.97.1
[19:18:01] [Server thread/INFO]: [MobArena] v0.97.1 enabled.
[19:18:01] [Server thread/INFO]: [HolographicDisplays] Enabling HolographicDisplays v2.1.10
[19:18:01] [Server thread/INFO]: [TouchscreenHolograms] Enabling TouchscreenHolograms v1.3
[19:18:56] [Server thread/INFO]: Developers: [Dev] Popey
[19:19:51] [Server thread/INFO]: Developers: [Dev] Popey
[19:20:45] [Server thread/INFO]: Developers: [Dev] Popey
[19:21:39] [Server thread/INFO]: Developers: [Dev] Popey
[19:22:34] [Server thread/INFO]: Developers: [Dev] Popey
[19:23:28] [Server thread/INFO]: Developers: [Dev] Popey
[19:24:23] [Server thread/INFO]: Developers: [AFK][Dev] Popey
[19:25:17] [Server thread/INFO]: Developers: [AFK][Dev] Popey
[19:26:12] [Server thread/INFO]: Developers: [AFK][Dev] Popey
[19:27:06] [Server thread/INFO]: Developers: [AFK][Dev] Popey
[19:28:01] [Server thread/INFO]: Developers: [AFK][Dev] Popey
[19:28:55] [Server thread/INFO]: Developers: [AFK][Dev] Popey
[19:29:49] [Server thread/INFO]: Developers: [Dev] Popey
[19:30:44] [Server thread/INFO]: Developers: [Dev] Popey
[19:31:38] [Server thread/INFO]: Developers: [Dev] Popey
[19:32:33] [Server thread/INFO]: Developers: [Dev] Popey
[19:33:27] [Server thread/INFO]: Developers: [Dev] Popey
[19:34:22] [Server thread/INFO]: Developers: [Dev] Popey
[19:35:16] [Server thread/INFO]: Developers: [AFK][Dev] Popey
[19:36:11] [Server thread/INFO]: Developers: [AFK][Dev] Popey
[19:37:05] [Server thread/INFO]: Developers: [AFK][Dev] Popey
[19:37:59] [Server thread/INFO]: Developers: [AFK][Dev] Popey
[19:38:54] [Server thread/INFO]: Developers: [AFK][Dev] Popey
[19:39:48] [Server thread/INFO]: Developers: [AFK][Dev] Popey
[19:40:43] [Server thread/INFO]: Developers: [AFK][Dev] Popey
[19:41:37] [Server thread/INFO]: Developers: [AFK][Dev] Popey
[19:42:32] [Server thread/INFO]: Developers: [AFK][Dev] Popey
[19:43:26] [Server thread/INFO]: Developers: [AFK][Dev] Popey
[19:44:21] [Server thread/INFO]: Developers: [AFK][Dev] Popey
[19:45:15] [Server thread/INFO]: Developers: [AFK][Dev] Popey
[19:46:09] [Server thread/INFO]: Developers: [AFK][Dev] Popey
[19:47:04] [Server thread/INFO]: Developers: [AFK][Dev] Popey
[19:47:58] [Server thread/INFO]: Developers: [AFK][Dev] Popey
[19:48:53] [Server thread/INFO]: Developers: [AFK][Dev] Popey
[19:49:47] [Server thread/INFO]: Developers: [AFK][Dev] Popey
[19:50:42] [Server thread/INFO]: Developers: [AFK][Dev] Popey
[19:51:36] [Server thread/INFO]: Developers: [AFK][Dev] Popey
[19:52:31] [Server thread/INFO]: Developers: [AFK][Dev] Popey
[19:53:25] [Server thread/INFO]: Developers: [AFK][Dev] Popey
[19:54:19] [Server thread/INFO]: Developers: [AFK][Dev] Popey
[19:55:14] [Server thread/INFO]: Developers: [AFK][Dev] Popey
[19:56:08] [Server thread/INFO]: Developers: [AFK][Dev] Popey
[19:57:03] [Server thread/INFO]: Developers: [AFK][Dev] Popey
[19:57:57] [Server thread/INFO]: Developers: [AFK][Dev] Popey
[19:58:52] [Server thread/INFO]: Developers: [AFK][Dev] Popey
[19:59:46] [Server thread/INFO]: Developers: [AFK][Dev] Popey
[20:00:41] [Server thread/INFO]: Developers: [AFK][Dev] Popey
[20:01:35] [Server thread/INFO]: Developers: [AFK][Dev] Popey
[20:01:36] [Server thread/INFO]: Popey456963 issued server command: /plugins
[20:02:29] [Server thread/INFO]: Developers: [Dev] Popey
[20:03:24] [Server thread/INFO]: Developers: [Dev] Popey
[20:04:18] [Server thread/INFO]: Developers: [Dev] Popey
[20:05:13] [Server thread/INFO]: Developers: [Dev] Popey
[20:06:07] [Server thread/INFO]: Developers: [Dev] Popey
[20:07:02] [Server thread/INFO]: Developers: [AFK][Dev] Popey
[20:07:56] [Server thread/INFO]: Developers: [AFK][Dev] Popey
[20:08:51] [Server thread/INFO]: Developers: [AFK][Dev] Popey
[20:09:45] [Server thread/INFO]: Developers: [AFK][Dev] Popey
[20:10:39] [Server thread/INFO]: Developers: [AFK][Dev] Popey
[20:11:34] [Server thread/INFO]: Developers: [AFK][Dev] Popey
[20:12:28] [Server thread/INFO]: Developers: [AFK][Dev] Popey
[20:13:23] [Server thread/INFO]: Developers: [AFK][Dev] Popey
[20:14:17] [Server thread/INFO]: Developers: [AFK][Dev] Popey
[20:15:12] [Server thread/INFO]: Developers: [AFK][Dev] Popey
[20:16:06] [Server thread/INFO]: Developers: [AFK][Dev] Popey
[20:17:01] [Server thread/INFO]: Developers: [AFK][Dev] Popey
[20:17:55] [Server thread/INFO]: Developers: [AFK][Dev] Popey
[20:18:49] [Server thread/INFO]: Developers: [AFK][Dev] Popey
[20:19:44] [Server thread/INFO]: Developers: [AFK][Dev] Popey
[20:20:38] [Server thread/INFO]: Developers: [AFK][Dev] Popey
[20:21:02] [Server thread/INFO]: Popey456963 issued server command: /spawn
[20:21:33] [Server thread/INFO]: Developers: [Dev] Popey
[20:21:48] [Server thread/INFO]: Popey456963 issued server command: //expand up 5
[20:21:51] [Server thread/INFO]: Popey456963 issued server command: //expand 5 up
[20:21:54] [Server thread/INFO]: Popey456963 issued server command: //walls wood
[20:22:05] [Server thread/INFO]: Popey456963 issued server command: //set 0
[20:22:19] [Server thread/INFO]: Popey456963 issued server command: //expand 40 up
[20:22:20] [Server thread/INFO]: Popey456963 issued server command: //set 0
[20:22:27] [Server thread/INFO]: Developers: [Dev] Popey
[20:22:32] [Server thread/INFO]: Popey456963 issued server command: //expand 40 up
[20:22:33] [Server thread/INFO]: Popey456963 issued server command: //set 0
[20:22:47] [Server thread/INFO]: Popey456963 issued server command: //set grass
[20:22:51] [Server thread/INFO]: Popey456963 issued server command: //set diurt
[20:23:22] [Server thread/INFO]: Developers: [Dev] Popey
[20:24:06] [Server thread/INFO]: Popey456963 issued server command: //set lava
[20:24:17] [Server thread/INFO]: Developers: [Dev] Popey
[20:24:30] [Server thread/INFO]: Popey456963 issued server command: //set snow
[20:24:35] [Server thread/INFO]: Popey456963 issued server command: //undo
[20:24:43] [Server thread/INFO]: Popey456963 issued server command: //set snow_block
[20:24:55] [Server thread/INFO]: Popey456963 issued server command: //set snow_block
[20:25:11] [Server thread/INFO]: Developers: [Dev] Popey
[20:26:05] [Server thread/INFO]: Developers: [Dev] Popey
[20:26:43] [Server thread/INFO]: Popey456963 issued server command: /spleef addfloor spleef
[20:26:46] [Server thread/INFO]: Popey456963 issued server command: /spleef addfloor simple
[20:27:00] [Server thread/INFO]: Developers: [Dev] Popey
[20:27:54] [Server thread/INFO]: Developers: [Dev] Popey
[20:28:03] [Server thread/INFO]: Popey456963 issued server command: /spleef addfloor simple
[20:28:49] [Server thread/INFO]: Developers: [Dev] Popey
[20:29:43] [Server thread/INFO]: Developers: [Dev] Popey
[20:30:10] [Server thread/INFO]: Popey456963 issued server command: /spleef join simple
[20:30:14] [Server thread/INFO]: Popey456963 issued server command: /spleef help
[20:30:36] [Server thread/INFO]: Popey456963 issued server command: /spleef enable simple
[20:30:38] [Server thread/INFO]: Developers: [Dev] Popey
[20:30:40] [Server thread/INFO]: Popey456963 issued server command: /spleef join simple
[20:30:43] [Server thread/INFO]: Popey456963 issued server command: /spleef lobb
[20:30:44] [Server thread/INFO]: Popey456963 issued server command: /spleef lobby
[20:30:48] [Server thread/INFO]: Popey456963 issued server command: /spleef addlobby
[20:30:59] [Server thread/INFO]: Popey456963 issued server command: /spleef addlobby
[20:31:32] [Server thread/INFO]: Developers: [Dev] Popey
[20:32:27] [Server thread/INFO]: Developers: [Dev] Popey
[20:32:33] [Server thread/INFO]: Popey456963 issued server command: /spleef help
[20:33:20] [Server thread/INFO]: Popey456963 issued server command: /spleef addwall
[20:33:21] [Server thread/INFO]: Developers: [Dev] Popey
[20:33:23] [Server thread/INFO]: Popey456963 issued server command: /spleef addwall simple
[20:33:36] [Server thread/INFO]: Popey456963 issued server command: /spleef addwall simple
[20:33:38] [Server thread/INFO]: Popey456963 issued server command: /spleef addwall simple
[20:33:59] [Server thread/INFO]: Popey456963 issued server command: /spleef addpodium
[20:34:08] [Server thread/INFO]: Popey456963 issued server command: /spleef disable ismple
[20:34:10] [Server thread/INFO]: Popey456963 issued server command: /spleef disable simple
[20:34:13] [Server thread/INFO]: Popey456963 issued server command: /spleef enable simple
[20:34:16] [Server thread/INFO]: Developers: [Dev] Popey
[20:35:11] [Server thread/INFO]: Developers: [Dev] Popey
[20:35:49] [Server thread/INFO]: Popey456963 issued server command: /spleef lobby
[20:36:05] [Server thread/INFO]: Developers: [Dev] Popey
[20:36:23] [Server thread/INFO]: Popey456963 issued server command: /spleef flag
[20:36:29] [Server thread/INFO]: Popey456963 issued server command: /spleef flag anticamping
[20:36:33] [Server thread/INFO]: Popey456963 issued server command: /spleef flag
[20:36:56] [Server thread/INFO]: Popey456963 issued server command: /spleef flag lobby
[20:37:00] [Server thread/INFO]: Developers: [Dev] Popey
[20:37:17] [Server thread/INFO]: Popey456963 issued server command: //set glass
[20:37:27] [Server thread/INFO]: Popey456963 issued server command: //set glass
[20:37:31] [Server thread/INFO]: Popey456963 issued server command: /spleef flag lobby
[20:37:35] [Server thread/INFO]: Popey456963 issued server command: /spleef lobby
[20:37:54] [Server thread/INFO]: Developers: [Dev] Popey
[20:37:57] [Server thread/INFO]: Popey456963 issued server command: /spleef flag simple lobby
[20:38:03] [Server thread/INFO]: Popey456963 issued server command: /spleef join simple
[20:38:15] [Server thread/INFO]: Popey456963 issued server command: /spleef flag simple anticamping
[20:38:19] [Server thread/INFO]: Popey456963 issued server command: /spleef flag
[20:38:20] [Server thread/INFO]: Popey456963 issued server command: /spleef flag simple
[20:38:25] [Server thread/INFO]: Popey456963 issued server command: /spleef flag autostart
[20:38:32] [Server thread/INFO]: Popey456963 issued server command: /spleef flag simple autostart
[20:38:39] [Server thread/INFO]: Popey456963 issued server command: /spleef flag simple autostart 10
[20:38:48] [Server thread/INFO]: Developers: [Dev] Popey
[20:38:54] [Server thread/INFO]: Popey456963 issued server command: /spleef flag min-players 2
[20:38:58] [Server thread/INFO]: Popey456963 issued server command: /spleef flag simple min-players 2
[20:39:04] [Server thread/INFO]: Popey456963 issued server command: /spleef flag simple max-players 10
[20:39:18] [Server thread/INFO]: Popey456963 issued server command: /spleef flag simple lose
[20:39:21] [Server thread/INFO]: Popey456963 issued server command: /spleef flag simple leavepoint
[20:39:32] [Server thread/INFO]: Popey456963 issued server command: /spleef flag simple leavepoint regen
[20:39:35] [Server thread/INFO]: Popey456963 issued server command: /spleef flag simple regen
[20:39:41] [Server thread/INFO]: Popey456963 issued server command: /spleef flag simple regen 1
[20:39:43] [Server thread/INFO]: Developers: [Dev] Popey
[20:39:44] [Server thread/INFO]: Popey456963 issued server command: /spleef flag simple regen
[20:39:46] [Server thread/INFO]: Popey456963 issued server command: /spleef flag simple regen 5
[20:40:15] [Server thread/INFO]: Popey456963 issued server command: /spleef flag
[20:40:37] [Server thread/INFO]: Developers: [Dev] Popey
[20:40:51] [Server thread/INFO]: Popey456963 issued server command: /spleef join
[20:40:53] [Server thread/INFO]: Popey456963 issued server command: /spleef join simpler
[20:40:54] [Server thread/INFO]: Popey456963 issued server command: /spleef join simple
[20:40:56] [Server thread/INFO]: Popey456963 issued server command: /spleef leave
[20:40:58] [Server thread/INFO]: Popey456963 issued server command: /spleef join simple
[20:41:05] [Server thread/INFO]: Popey456963 issued server command: /spawn
[20:41:14] [Server thread/INFO]: Popey456963 issued server command: /spleef flag simple leavepoint
[20:41:21] [Server thread/INFO]: Popey456963 issued server command: /spleef flag simple lose
[20:41:30] [Netty Epoll Server IO #4/INFO]: [Dev] Popey: test
[20:41:32] [Server thread/INFO]: Developers: [Dev] Popey
[20:41:59] [Server thread/INFO]: Popey456963 issued server command: /spleef join simple
[20:42:01] [Server thread/INFO]: Popey456963 issued server command: /spleef leave
[20:42:02] [Server thread/INFO]: Popey456963 issued server command: /spleef join simple
[20:42:06] [Server thread/INFO]: Popey456963 issued server command: /spleef leave
[20:42:26] [Server thread/INFO]: Developers: [Dev] Popey
[20:43:21] [Server thread/INFO]: Developers: [Dev] Popey
[20:44:15] [Server thread/INFO]: Developers: [Dev] Popey
[20:45:10] [Server thread/INFO]: Developers: [Dev] Popey
[20:46:04] [Server thread/INFO]: Developers: [Dev] Popey
[20:46:58] [Server thread/INFO]: Developers: [Dev] Popey
[20:47:53] [Server thread/INFO]: Developers: [Dev] Popey
[20:48:47] [Server thread/INFO]: Developers: [Dev] Popey
[20:49:42] [Server thread/INFO]: Developers: [Dev] Popey
[20:50:36] [Server thread/INFO]: Developers: [Dev] Popey
[20:51:31] [Server thread/INFO]: Developers: [Dev] Popey
[20:52:25] [Server thread/INFO]: Developers: [Dev] Popey
[20:53:20] [Server thread/INFO]: Developers: [Dev] Popey
[20:54:14] [Server thread/INFO]: Developers: [Dev] Popey
[20:55:08] [Server thread/INFO]: Developers: [AFK][Dev] Popey
[20:56:03] [Server thread/INFO]: Developers: [AFK][Dev] Popey
[20:56:57] [Server thread/INFO]: Developers: [AFK][Dev] Popey
[20:57:52] [Server thread/INFO]: Developers: [AFK][Dev] Popey
[20:58:46] [Server thread/INFO]: Developers: [AFK][Dev] Popey
[20:59:41] [Server thread/INFO]: Developers: [Dev] Popey
[21:00:35] [Server thread/INFO]: Developers: [Dev] Popey
[21:01:30] [Server thread/INFO]: Developers: [Dev] Popey
[21:02:24] [Server thread/INFO]: Developers: [Dev] Popey
[21:03:18] [Server thread/INFO]: Developers: [Dev] Popey
[21:04:13] [Server thread/INFO]: Developers: [Dev] Popey
[21:05:07] [Server thread/INFO]: Developers: [Dev] Popey
[21:06:02] [Server thread/INFO]: Developers: [AFK][Dev] Popey
[21:06:56] [Server thread/INFO]: Developers: [AFK][Dev] Popey
[21:07:51] [Server thread/INFO]: Developers: [AFK][Dev] Popey
[21:08:45] [Server thread/INFO]: Developers: [AFK][Dev] Popey
[21:09:40] [Server thread/INFO]: Developers: [AFK][Dev] Popey
[21:10:34] [Server thread/INFO]: Developers: [AFK][Dev] Popey
[21:11:28] [Server thread/INFO]: Developers: [AFK][Dev] Popey
[21:12:23] [Server thread/INFO]: Developers: [AFK][Dev] Popey
[21:13:17] [Server thread/INFO]: Developers: [AFK][Dev] Popey
[21:14:12] [Server thread/INFO]: Developers: [Dev] Popey
[21:15:06] [Server thread/INFO]: Developers: [Dev] Popey
[21:16:01] [Server thread/INFO]: Developers: [Dev] Popey
[21:16:55] [Server thread/INFO]: Developers: [Dev] Popey
[21:17:50] [Server thread/INFO]: Developers: [Dev] Popey
[21:18:44] [Server thread/INFO]: Developers: [Dev] Popey
[21:19:38] [Server thread/INFO]: Developers: [AFK][Dev] Popey
[21:20:33] [Server thread/INFO]: Developers: [AFK][Dev] Popey
[21:21:27] [Server thread/INFO]: Developers: [AFK][Dev] Popey
[21:22:22] [Server thread/INFO]: Developers: [Dev] Popey
[21:23:16] [Server thread/INFO]: Developers: [Dev] Popey
[21:24:11] [Server thread/INFO]: Developers: [Dev] Popey
[21:25:05] [Server thread/INFO]: Developers: [Dev] Popey
[21:26:00] [Server thread/INFO]: Developers: [Dev] Popey
[21:26:54] [Server thread/INFO]: Developers: [AFK][Dev] Popey
[21:27:48] [Server thread/INFO]: Developers: [AFK][Dev] Popey
[21:28:43] [Server thread/INFO]: Developers: [AFK][Dev] Popey
[21:29:37] [Server thread/INFO]: Developers: [Dev] Popey
[21:30:32] [Server thread/INFO]: Developers: [Dev] Popey
[21:30:47] [Netty Epoll Server IO #4/INFO]: [Dev] Popey: plugins
[21:30:50] [Server thread/INFO]: Popey456963 issued server command: /plugins
[21:31:26] [Server thread/INFO]: Developers: [Dev] Popey
[21:32:21] [Server thread/INFO]: Developers: [Dev] Popey
[21:33:15] [Server thread/INFO]: Developers: [Dev] Popey
[21:34:10] [Server thread/INFO]: Developers: [Dev] Popey
[21:35:04] [Server thread/INFO]: Developers: [Dev] Popey
[21:35:59] [Server thread/INFO]: Developers: [AFK][Dev] Popey
[21:36:53] [Server thread/INFO]: Developers: [AFK][Dev] Popey
[21:37:47] [Server thread/INFO]: Developers: [AFK][Dev] Popey
[21:38:42] [Server thread/INFO]: Developers: [AFK][Dev] Popey
[21:39:36] [Server thread/INFO]: Developers: [AFK][Dev] Popey
[21:40:31] [Server thread/INFO]: Developers: [AFK][Dev] Popey
[21:41:25] [Server thread/INFO]: Developers: [AFK][Dev] Popey
[21:42:20] [Server thread/INFO]: Developers: [AFK][Dev] Popey
[21:43:14] [Server thread/INFO]: Developers: [AFK][Dev] Popey
[21:44:09] [Server thread/INFO]: Developers: [AFK][Dev] Popey
[21:45:03] [Server thread/INFO]: Developers: [AFK][Dev] Popey
[21:45:57] [Server thread/INFO]: Developers: [AFK][Dev] Popey
[21:46:52] [Server thread/INFO]: Developers: [AFK][Dev] Popey
[21:47:46] [Server thread/INFO]: Developers: [AFK][Dev] Popey
[21:48:41] [Server thread/INFO]: Developers: [Dev] Popey
[21:49:35] [Server thread/INFO]: Developers: [Dev] Popey
[21:50:30] [Server thread/INFO]: Developers: [Dev] Popey
[21:51:24] [Server thread/INFO]: Developers: [Dev] Popey
[21:52:19] [Server thread/INFO]: Developers: [Dev] Popey
[21:53:13] [Server thread/INFO]: Developers: [AFK][Dev] Popey
[21:54:07] [Server thread/INFO]: Developers: [AFK][Dev] Popey
[21:55:02] [Server thread/INFO]: Developers: [AFK][Dev] Popey
[21:55:56] [Server thread/INFO]: Developers: [AFK][Dev] Popey
[21:56:51] [Server thread/INFO]: Developers: [AFK][Dev] Popey
[21:57:45] [Server thread/INFO]: Developers: [AFK][Dev] Popey
[21:58:40] [Server thread/INFO]: Developers: [AFK][Dev] Popey
[21:59:34] [Server thread/INFO]: Developers: [AFK][Dev] Popey
[22:00:29] [Server thread/INFO]: Developers: [AFK][Dev] Popey
[22:01:23] [Server thread/INFO]: Developers: [AFK][Dev] Popey
[22:02:17] [Server thread/INFO]: Developers: [AFK][Dev] Popey
[22:03:12] [Server thread/INFO]: Developers: [AFK][Dev] Popey
[22:04:06] [Server thread/INFO]: Developers: [AFK][Dev] Popey
[22:05:01] [Server thread/INFO]: Developers: [AFK][Dev] Popey
[22:05:55] [Server thread/INFO]: Developers: [AFK][Dev] Popey
[22:06:50] [Server thread/INFO]: Developers: [AFK][Dev] Popey
[22:07:44] [Server thread/INFO]: Developers: [AFK][Dev] Popey
[22:08:39] [Server thread/INFO]: Developers: [AFK][Dev] Popey
[22:09:33] [Server thread/INFO]: Developers: [AFK][Dev] Popey
[22:10:27] [Server thread/INFO]: Developers: [AFK][Dev] Popey
[22:11:22] [Server thread/INFO]: Developers: [AFK][Dev] Popey
[22:12:16] [Server thread/INFO]: Developers: [AFK][Dev] Popey
[22:13:11] [Server thread/INFO]: Developers: [AFK][Dev] Popey
[22:14:05] [Server thread/INFO]: Developers: [AFK][Dev] Popey
[22:15:00] [Server thread/INFO]: Developers: [AFK][Dev] Popey
[22:15:54] [Server thread/INFO]: Developers: [AFK][Dev] Popey
[22:16:49] [Server thread/INFO]: Developers: [AFK][Dev] Popey
[22:17:43] [Server thread/INFO]: Developers: [AFK][Dev] Popey
[22:18:38] [Server thread/INFO]: Developers: [AFK][Dev] Popey
[22:19:32] [Server thread/INFO]: Developers: [AFK][Dev] Popey
[22:20:26] [Server thread/INFO]: Developers: [AFK][Dev] Popey
[22:21:21] [Server thread/INFO]: Developers: [AFK][Dev] Popey
[22:22:15] [Server thread/INFO]: Developers: [AFK][Dev] Popey
[22:23:10] [Server thread/INFO]: Developers: [AFK][Dev] Popey
[22:24:04] [Server thread/INFO]: Developers: [AFK][Dev] Popey
[22:24:59] [Server thread/INFO]: Developers: [AFK][Dev] Popey
[22:25:53] [Server thread/INFO]: Developers: [AFK][Dev] Popey
[22:26:48] [Server thread/INFO]: Developers: [AFK][Dev] Popey
[22:27:42] [Server thread/INFO]: Developers: [AFK][Dev] Popey
[22:28:36] [Server thread/INFO]: Developers: [AFK][Dev] Popey
[22:29:31] [Server thread/INFO]: Developers: [AFK][Dev] Popey
[22:30:25] [Server thread/INFO]: Developers: [AFK][Dev] Popey
[22:31:20] [Server thread/INFO]: Developers: [AFK][Dev] Popey
[22:32:14] [Server thread/INFO]: Developers: [AFK][Dev] Popey
[22:33:09] [Server thread/INFO]: Developers: [AFK][Dev] Popey
[22:34:03] [Server thread/INFO]: Developers: [AFK][Dev] Popey
[22:34:58] [Server thread/INFO]: Developers: [AFK][Dev] Popey
[22:35:52] [Server thread/INFO]: Developers: [AFK][Dev] Popey
[22:36:46] [Server thread/INFO]: Developers: [AFK][Dev] Popey
[22:37:41] [Server thread/INFO]: Developers: [AFK][Dev] Popey
[22:38:35] [Server thread/INFO]: Developers: [AFK][Dev] Popey
[22:39:30] [Server thread/INFO]: Developers: [AFK][Dev] Popey
[22:40:24] [Server thread/INFO]: Developers: [AFK][Dev] Popey
[22:41:19] [Server thread/INFO]: Developers: [AFK][Dev] Popey
[22:42:13] [Server thread/INFO]: Developers: [Dev] Popey
[22:42:38] [Server thread/INFO]: Popey456963 left the game.
