[15:41:07] [Server thread/INFO]: Loading properties
[15:41:07] [Server thread/INFO]: Default game type: SURVIVAL
[15:41:07] [Server thread/INFO]: Using epoll channel type
[15:41:08] [Server thread/INFO]: [WorldEdit] Loading WorldEdit v6.1;no_git_id
[15:41:08] [Server thread/INFO]: [Essentials] Loading Essentials vTeamCity
[15:41:08] [Server thread/INFO]: [PlugMan] Loading PlugMan v2.0.7
[15:41:08] [Server thread/INFO]: [LaggRemover] Loading LaggRemover v0.1.8
[15:41:08] [Server thread/INFO]: [WorldGuard] Loading WorldGuard v6.1
[15:41:08] [Server thread/INFO]: [Multiverse-Core] Loading Multiverse-Core v2.4-b527
[15:41:08] [Server thread/INFO]: [Splegg] Loading Splegg v1.2
[15:41:08] [Server thread/INFO]: [EssentialsProtect] Loading EssentialsProtect vTeamCity
[15:41:08] [Server thread/INFO]: [VoxelSniper] Loading VoxelSniper v7.1.0
[15:41:08] [Server thread/INFO]: [mcMMO] Loading mcMMO v1.5.00-b3547
[15:41:08] [Server thread/INFO]: [Multiverse-NetherPortals] Loading Multiverse-NetherPortals v2.4-b530
[15:41:08] [Server thread/INFO]: [SuperVanish] Loading SuperVanish v5.4.3
[15:41:08] [Server thread/INFO]: [Multiverse-Portals] Loading Multiverse-Portals v2.4-b548
[15:41:08] [Server thread/INFO]: [Vault] Loading Vault v1.5.6-b49
[15:41:08] [Server thread/INFO]: [EssentialsSpawn] Loading EssentialsSpawn vTeamCity
[15:41:08] [Server thread/INFO]: [MinigamesLib] Loading MinigamesLib v1.13.1
[15:41:08] [Server thread/INFO]: [Minigames] Loading Minigames v1.7.0
[15:41:08] [Server thread/INFO]: [MobArena] Loading MobArena v0.97.1
[15:41:08] [Server thread/INFO]: [TNTRun] Loading TNTRun v3.4
[15:41:08] [Server thread/INFO]: [HolographicDisplays] Loading HolographicDisplays v2.1.10
[15:41:08] [Server thread/INFO]: [CommandSigns] Loading CommandSigns v1.9.3.2
[15:41:08] [Server thread/INFO]: [SkyWars] Loading SkyWars v1.1-m16
[15:41:08] [Server thread/INFO]: [EpicSpleef] Loading EpicSpleef v0.0.19
[15:41:08] [Server thread/INFO]: [OnTime] Loading OnTime v4.1.3
[15:41:08] [Server thread/INFO]: [CraftBook] Loading CraftBook v3.9-SNAPSHOT
[15:41:08] [Server thread/INFO]: [mcMMO] Enabling mcMMO v1.5.00-b3547
[15:41:09] [Server thread/INFO]: [Vault] Enabling Vault v1.5.6-b49
[15:41:11] [Server thread/INFO]: Preparing spawn area: 83%
[15:41:11] [Server thread/INFO]: [WorldEdit] Enabling WorldEdit v6.1;no_git_id
[15:41:12] [Server thread/INFO]: [WorldEdit] Using com.sk89q.worldedit.bukkit.adapter.impl.Spigot_v1_8_R3 as the Bukkit adapter
[15:41:12] [Server thread/INFO]: [Essentials] Enabling Essentials vTeamCity
[15:41:12] [Server thread/INFO]: git-Bukkit-9935adc (MC: 1.8.8)
[15:41:12] [Server thread/INFO]: 1.8.8-R0.1-SNAPSHOT
[15:41:12] [Server thread/INFO]: Using locale en_US
[15:41:12] [Server thread/INFO]: Using locale en_US
[15:41:12] [Server thread/INFO]: [PlugMan] Enabling PlugMan v2.0.7
[15:41:12] [Server thread/INFO]: [LaggRemover] Enabling LaggRemover v0.1.8
[15:41:12] [Server thread/INFO]: [LaggRemover] LaggRemover has been enabled!
[15:41:12] [Server thread/INFO]: [WorldGuard] Enabling WorldGuard v6.1
[15:41:13] [Server thread/INFO]: [WorldGuard] (TEST) Lighters are PERMITTED.
[15:41:13] [Server thread/INFO]: [WorldGuard] (TEST) Lava fire is blocked.
[15:41:13] [Server thread/INFO]: [WorldGuard] (TEST) Fire spread is UNRESTRICTED.
[15:41:13] [Server thread/INFO]: [WorldGuard] (TEST_nether) Lighters are PERMITTED.
[15:41:13] [Server thread/INFO]: [WorldGuard] (TEST_nether) Lava fire is blocked.
[15:41:13] [Server thread/INFO]: [WorldGuard] (TEST_nether) Fire spread is UNRESTRICTED.
[15:41:13] [Server thread/INFO]: [WorldGuard] (TEST_the_end) Lighters are PERMITTED.
[15:41:13] [Server thread/INFO]: [WorldGuard] (TEST_the_end) Lava fire is blocked.
[15:41:13] [Server thread/INFO]: [WorldGuard] (TEST_the_end) Fire spread is UNRESTRICTED.
[15:41:13] [Server thread/INFO]: [Multiverse-Core] Enabling Multiverse-Core v2.4-b527
[15:41:13] [Server thread/INFO]: [Multiverse-Core] Loading World & Settings - 'TEST' - Env: NORMAL - Type: NORMAL & seed: -2024018835920597302
[15:41:13] [Server thread/INFO]: [Multiverse-Core] Loading World & Settings - 'TEST_nether' - Env: NETHER - Type: NORMAL & seed: -2024018835920597302
[15:41:13] [Server thread/INFO]: [Multiverse-Core] Loading World & Settings - 'TEST_the_end' - Env: THE_END - Type: NORMAL & seed: -2024018835920597302
[15:41:13] [Server thread/INFO]: [Multiverse-Core] Loading World & Settings - 'lobby' - Env: NORMAL - Type: NORMAL & seed: -3770714656453924402
[15:41:13] [Server thread/INFO]: [WorldGuard] (lobby) Lighters are PERMITTED.
[15:41:13] [Server thread/INFO]: [WorldGuard] (lobby) Lava fire is blocked.
[15:41:13] [Server thread/INFO]: [WorldGuard] (lobby) Fire spread is UNRESTRICTED.
[15:41:13] [Server thread/INFO]: [Multiverse-Core] Loading World & Settings - 'minigames' - Env: NORMAL - Type: FLAT & seed: 2973644325369467684
[15:41:13] [Server thread/INFO]: [WorldGuard] (minigames) Lighters are PERMITTED.
[15:41:13] [Server thread/INFO]: [WorldGuard] (minigames) Lava fire is blocked.
[15:41:13] [Server thread/INFO]: [WorldGuard] (minigames) Fire spread is UNRESTRICTED.
[15:41:14] [Server thread/INFO]: [Multiverse-Core] Loading World & Settings - 'Skywars' - Env: NORMAL - Type: FLAT & seed: 3121935573477155779
[15:41:14] [Server thread/INFO]: [WorldGuard] (Skywars) Lighters are PERMITTED.
[15:41:14] [Server thread/INFO]: [WorldGuard] (Skywars) Lava fire is blocked.
[15:41:14] [Server thread/INFO]: [WorldGuard] (Skywars) Fire spread is UNRESTRICTED.
[15:41:14] [Server thread/INFO]: [Multiverse-Core] Loading World & Settings - 'spawn' - Env: NORMAL - Type: NORMAL & seed: 2261197457111850464
[15:41:15] [Server thread/INFO]: [WorldGuard] (spawn) Lighters are PERMITTED.
[15:41:15] [Server thread/INFO]: [WorldGuard] (spawn) Lava fire is blocked.
[15:41:15] [Server thread/INFO]: [WorldGuard] (spawn) Fire spread is UNRESTRICTED.
[15:41:15] [Server thread/INFO]: [Multiverse-Core] 8 - World(s) loaded.
[15:41:15] [Server thread/INFO]: [Splegg] Enabling Splegg v1.2
[15:41:15] [Server thread/INFO]: [Splegg] Loading map SpleggOne.
[15:41:15] [Server thread/INFO]: [Splegg] Map is usable
[15:41:15] [Server thread/INFO]: [Splegg] Load Complete!
[15:41:15] [Server thread/INFO]: [Splegg] Loading map ArenaOne.
[15:41:15] [Server thread/INFO]: [Splegg] Spawn count is 0
[15:41:15] [Server thread/INFO]: [Splegg] No floors are setup.
[15:41:15] [Server thread/INFO]: [Splegg] --<>-- PLEASE SETUP MAP!! --<>--
[15:41:15] [Server thread/INFO]: [Splegg] Load Complete!
[15:41:15] [Server thread/INFO]: [EssentialsProtect] Enabling EssentialsProtect vTeamCity
[15:41:15] [Server thread/INFO]: [VoxelSniper] Enabling VoxelSniper v7.1.0
[15:41:15] [Server thread/INFO]: [Multiverse-NetherPortals] Enabling Multiverse-NetherPortals v2.4-b530
[15:41:15] [Server thread/INFO]: [SuperVanish] Enabling SuperVanish v5.4.3
[15:41:15] [Server thread/INFO]: [Multiverse-Portals] Enabling Multiverse-Portals v2.4-b548
[15:41:15] [Server thread/INFO]: [Multiverse-Portals]  1 - Portals(s) loaded
[15:41:15] [Server thread/INFO]: [EssentialsSpawn] Enabling EssentialsSpawn vTeamCity
[15:41:15] [Server thread/INFO]: [MinigamesLib] Enabling MinigamesLib v1.13.1
[15:41:15] [Server thread/INFO]: [Minigames] Enabling Minigames v1.7.0
[15:41:15] [Server thread/INFO]: [Minigames] Using lang en_AU
[15:41:15] [Server thread/INFO]: Minigames successfully enabled.
[15:41:16] [Server thread/INFO]: [MobArena] Enabling MobArena v0.97.1
[15:41:16] [Server thread/INFO]: [MobArena] Loaded arena 'default'
[15:41:16] [Server thread/INFO]: [MobArena] Loaded arena 'god-arena'
[15:41:16] [Server thread/INFO]: [MobArena] v0.97.1 enabled.
[15:41:16] [Server thread/INFO]: [TNTRun] Enabling TNTRun v3.4
[15:41:16] [Server thread/INFO]: [HolographicDisplays] Enabling HolographicDisplays v2.1.10
[15:41:16] [Server thread/INFO]: [CommandSigns] Enabling CommandSigns v1.9.3.2
[15:41:16] [Server thread/INFO]: [CommandSigns] No signs found.
[15:41:17] [Server thread/INFO]: [SkyWars] Enabling SkyWars v1.1-m16
[15:41:17] [Server thread/INFO]: [WorldGuard] (island-0) Lighters are PERMITTED.
[15:41:17] [Server thread/INFO]: [WorldGuard] (island-0) Lava fire is blocked.
[15:41:17] [Server thread/INFO]: [WorldGuard] (island-0) Fire spread is UNRESTRICTED.
[15:41:18] [Server thread/INFO]: [EpicSpleef] Enabling EpicSpleef v0.0.19
[15:41:18] [Server thread/INFO]: [EpicSpleef] Enabling EpicSpleef by BtoBastian
[15:41:18] [Server thread/INFO]: [EpicSpleef] Loading lobby SpleefOne
[15:41:18] [Server thread/INFO]: [EpicSpleef] Loading arena ArenaOne
[15:41:19] [Server thread/INFO]: [EpicSpleef] Successfully loaded arena ArenaOne. (world: minigames, blocks: 5233, maxPlayers: 0)
[15:41:19] [Server thread/INFO]: [EpicSpleef] Loading arena SpleefOne
[15:41:19] [Server thread/INFO]: [EpicSpleef] Successfully loaded arena SpleefOne. (world: minigames, blocks: 0, maxPlayers: 0)
[15:41:19] [Server thread/INFO]: [OnTime] Enabling OnTime v4.1.3
[15:41:19] [Server thread/INFO]: [CraftBook] Enabling CraftBook v3.9-SNAPSHOT
[15:41:19] [Server thread/INFO]: [CraftBook] Successfully added 1 CommandItems!
[15:41:19] [Server thread/INFO]: [CraftBook] Registered 3 custom recipes!
[15:41:19] [Server thread/INFO]: [CraftBook] 5797 chunk(s) for 9 world(s) processed (33ms elapsed)
[15:41:22] [Server thread/INFO]: Found 0 arenas.
[16:22:44] [Server thread/INFO]: [Admin] Chris: ad
[16:22:45] [Server thread/INFO]: Staff: [Admin] Chris
[16:23:08] [Server thread/INFO]: Crustifer issued server command: /speed 10
[16:23:11] [Server thread/INFO]: Crustifer issued server command: /mvtp spawn
[16:23:15] [Server thread/INFO]: Crustifer issued server command: /mv
[16:23:19] [Server thread/INFO]: Crustifer issued server command: /cgamemode 1
[16:23:22] [Server thread/INFO]: Crustifer issued server command: /mvtp L
[16:23:28] [Server thread/INFO]: Crustifer issued server command: /mvtp MG
[16:23:30] [Server thread/INFO]: Crustifer issued server command: /warp spawn
[16:23:32] [Server thread/INFO]: Staff: [Admin] Chris
[16:23:39] [Server thread/INFO]: Crustifer issued server command: /gamemode 1
[16:24:18] [Server thread/INFO]: Staff: [Admin] Chris
[16:25:05] [Server thread/INFO]: Staff: [Admin] Chris
[16:25:51] [Server thread/INFO]: Staff: [Admin] Chris
[16:26:38] [Server thread/INFO]: Staff: [Admin] Chris
[16:27:12] [Server thread/INFO]: Crustifer issued server command: /speed 1
[16:27:24] [Server thread/INFO]: Staff: [Admin] Chris
[16:28:11] [Server thread/INFO]: Staff: [Admin] Chris
[16:28:57] [Server thread/INFO]: Staff: [Admin] Chris
[16:29:44] [Server thread/INFO]: Staff: [Admin] Chris
[16:30:30] [Server thread/INFO]: Staff: [Admin] Chris
[16:31:58] [Server thread/INFO]: Staff: [Admin] Chris
[16:32:45] [Server thread/INFO]: Staff: [Admin] Chris
[16:33:32] [Server thread/INFO]: Staff: [Admin] Chris
[16:34:18] [Server thread/INFO]: Staff: [Admin] Chris
[16:35:05] [Server thread/INFO]: Staff: [Admin] Chris
[16:35:51] [Server thread/INFO]: Staff: [Admin] Chris
[16:36:38] [Server thread/INFO]: Staff: [Admin] Chris
[16:37:24] [Server thread/INFO]: Staff: [Admin] Chris
[16:38:11] [Server thread/INFO]: Staff: [Admin] Chris
[16:38:57] [Server thread/INFO]: Staff: [Admin] Chris
[16:39:44] [Server thread/INFO]: Staff: [Admin] Chris
[16:40:30] [Server thread/INFO]: Staff: [Admin] Chris
[16:41:58] [Server thread/INFO]: Staff: [Admin] Chris
[16:42:45] [Server thread/INFO]: Staff: [Admin] Chris
[16:43:32] [Server thread/INFO]: Staff: [Admin] Chris
[16:44:18] [Server thread/INFO]: Staff: [Admin] Chris
[16:45:05] [Server thread/INFO]: Staff: [Admin] Chris
[16:45:51] [Server thread/INFO]: Staff: [Admin] Chris
[16:46:38] [Server thread/INFO]: Staff: [Admin] Chris
[16:47:24] [Server thread/INFO]: Staff: [Admin] Chris
[16:48:11] [Server thread/INFO]: Staff: [Admin] Chris
[16:48:57] [Server thread/INFO]: Staff: [Admin] Chris
[16:49:44] [Server thread/INFO]: Staff: [Admin] Chris
[16:50:30] [Server thread/INFO]: Staff: [Admin] Chris
[16:51:58] [Server thread/INFO]: Staff: [Admin] Chris
[16:52:45] [Server thread/INFO]: Staff: [AFK][Admin] Chris
[16:53:32] [Server thread/INFO]: Staff: [AFK][Admin] Chris
[16:54:18] [Server thread/INFO]: Staff: [AFK][Admin] Chris
[16:55:05] [Server thread/INFO]: Staff: [AFK][Admin] Chris
[16:55:51] [Server thread/INFO]: Staff: [AFK][Admin] Chris
[16:56:38] [Server thread/INFO]: Staff: [AFK][Admin] Chris
[16:57:24] [Server thread/INFO]: Staff: [AFK][Admin] Chris
[16:58:11] [Server thread/INFO]: Staff: [AFK][Admin] Chris
[16:58:57] [Server thread/INFO]: Staff: [AFK][Admin] Chris
[16:59:44] [Server thread/INFO]: Staff: [AFK][Admin] Chris
[17:00:30] [Server thread/INFO]: Staff: [AFK][Admin] Chris
[17:01:58] [Server thread/INFO]: Staff: [AFK][Admin] Chris
[17:02:45] [Server thread/INFO]: Staff: [AFK][Admin] Chris
[17:03:32] [Server thread/INFO]: Staff: [AFK][Admin] Chris
[17:04:18] [Server thread/INFO]: Staff: [AFK][Admin] Chris
[17:05:05] [Server thread/INFO]: Staff: [AFK][Admin] Chris
[17:05:51] [Server thread/INFO]: Staff: [AFK][Admin] Chris
[17:06:38] [Server thread/INFO]: Staff: [AFK][Admin] Chris
[17:07:24] [Server thread/INFO]: Staff: [AFK][Admin] Chris
[17:08:11] [Server thread/INFO]: Staff: [AFK][Admin] Chris
[17:08:57] [Server thread/INFO]: Staff: [AFK][Admin] Chris
[17:09:44] [Server thread/INFO]: Staff: [AFK][Admin] Chris
[17:10:31] [Server thread/INFO]: Staff: [AFK][Admin] Chris
[17:11:58] [Server thread/INFO]: Staff: [AFK][Admin] Chris
[17:12:45] [Server thread/INFO]: Staff: [AFK][Admin] Chris
[17:13:32] [Server thread/INFO]: Staff: [AFK][Admin] Chris
[17:13:54] [Server thread/INFO]: Twiixtor issued server command: /plugins
[17:14:01] [Server thread/INFO]: Twiixtor issued server command: /tp cr
[17:14:18] [Server thread/INFO]: Staff: [AFK][Admin] Chris
[17:14:18] [Server thread/INFO]: Developers: [Giraffe]Twiixtor
[17:14:39] [Server thread/INFO]: Twiixtor issued server command: /kick Crustifer AFK Need space :3
[17:14:55] [Server thread/INFO]: Twiixtor issued server command: /nuke
[17:15:05] [Server thread/INFO]: Staff: [AFK][Admin] Chris
[17:15:05] [Server thread/INFO]: Developers: [Giraffe]Twiixtor
[17:15:15] [Server thread/INFO]: Twiixtor issued server command: /nuke
[17:15:15] [Server thread/INFO]: Twiixtor issued server command: /nuke
[17:15:16] [Server thread/INFO]: Twiixtor issued server command: /nuke
[17:15:37] [Server thread/INFO]: Twiixtor issued server command: /hd
[17:15:51] [Server thread/INFO]: Staff: [AFK][Admin] Chris
[17:15:51] [Server thread/INFO]: Developers: [Giraffe]Twiixtor
[17:16:06] [Server thread/INFO]: Twiixtor issued server command: /hd addline
[17:16:14] [Server thread/INFO]: Twiixtor issued server command: /hd addline shit Like fo real m8 y u heff to be afk
[17:16:38] [Server thread/INFO]: Staff: [AFK][Admin] Chris
[17:16:38] [Server thread/INFO]: Developers: [Giraffe]Twiixtor
[17:16:38] [Server thread/INFO]: Twiixtor issued server command: /hd addline shit I'll bash yer hed in m9
[17:16:45] [Server thread/INFO]: Twiixtor issued server command: /hd addline shit Nah JK but still Hi :D
[17:17:06] [Server thread/INFO]: Twiixtor issued server command: /hd addline shit Imma go get myself cereal. BRB
[17:17:15] [Server thread/INFO]: Twiixtor issued server command: /hd addline shit &6GIRAFFES
[17:17:20] [Server thread/INFO]: Twiixtor issued server command: /i torch 1
[17:17:24] [Server thread/INFO]: Staff: [AFK][Admin] Chris
[17:17:24] [Server thread/INFO]: Developers: [Giraffe]Twiixtor
[17:17:30] [Server thread/INFO]: Twiixtor issued server command: /afk
[17:18:11] [Server thread/INFO]: Staff: [AFK][Admin] Chris
[17:18:11] [Server thread/INFO]: Developers: [AFK][Giraffe]Twiixtor
[17:18:57] [Server thread/INFO]: Staff: [AFK][Admin] Chris
[17:18:57] [Server thread/INFO]: Developers: [AFK][Giraffe]Twiixtor
[17:19:44] [Server thread/INFO]: Staff: [AFK][Admin] Chris
[17:19:44] [Server thread/INFO]: Developers: [AFK][Giraffe]Twiixtor
[17:20:30] [Server thread/INFO]: Staff: [AFK][Admin] Chris
[17:20:30] [Server thread/INFO]: Developers: [AFK][Giraffe]Twiixtor
[17:21:58] [Server thread/INFO]: Staff: [AFK][Admin] Chris
[17:21:58] [Server thread/INFO]: Developers: [AFK][Giraffe]Twiixtor
[17:22:45] [Server thread/INFO]: Staff: [AFK][Admin] Chris
[17:22:45] [Server thread/INFO]: Developers: [AFK][Giraffe]Twiixtor
[17:23:32] [Server thread/INFO]: Staff: [AFK][Admin] Chris
[17:23:32] [Server thread/INFO]: Developers: [AFK][Giraffe]Twiixtor
[17:24:18] [Server thread/INFO]: Staff: [AFK][Admin] Chris
[17:24:18] [Server thread/INFO]: Developers: [AFK][Giraffe]Twiixtor
[17:25:05] [Server thread/INFO]: Staff: [AFK][Admin] Chris
[17:25:05] [Server thread/INFO]: Developers: [AFK][Giraffe]Twiixtor
[17:25:51] [Server thread/INFO]: Staff: [AFK][Admin] Chris
[17:25:51] [Server thread/INFO]: Developers: [AFK][Giraffe]Twiixtor
[17:26:38] [Server thread/INFO]: Staff: [AFK][Admin] Chris
[17:26:38] [Server thread/INFO]: Developers: [AFK][Giraffe]Twiixtor
[17:27:24] [Server thread/INFO]: Staff: [AFK][Admin] Chris
[17:27:24] [Server thread/INFO]: Developers: [AFK][Giraffe]Twiixtor
[17:27:29] [Server thread/INFO]: Twiixtor issued server command: /hd remove shit
[17:27:32] [Server thread/INFO]: Twiixtor left the game.
[17:28:11] [Server thread/INFO]: Staff: [AFK][Admin] Chris
[17:28:57] [Server thread/INFO]: Staff: [AFK][Admin] Chris
[17:29:44] [Server thread/INFO]: Staff: [AFK][Admin] Chris
[17:30:31] [Server thread/INFO]: Staff: [AFK][Admin] Chris
[17:31:58] [Server thread/INFO]: Staff: [AFK][Admin] Chris
[17:32:45] [Server thread/INFO]: Staff: [AFK][Admin] Chris
[17:33:32] [Server thread/INFO]: Staff: [AFK][Admin] Chris
[17:34:18] [Server thread/INFO]: Staff: [AFK][Admin] Chris
[17:35:05] [Server thread/INFO]: Staff: [AFK][Admin] Chris
[17:35:51] [Server thread/INFO]: Staff: [AFK][Admin] Chris
[17:36:10] [Server thread/INFO]: Crustifer left the game.
[18:26:38] [Server thread/INFO]: Staff: [Admin] Chris
[18:27:25] [Server thread/INFO]: Staff: [Admin] Chris
[18:28:11] [Server thread/INFO]: Staff: [Admin] Chris
[18:28:58] [Server thread/INFO]: Staff: [Admin] Chris
[18:29:44] [Server thread/INFO]: Staff: [Admin] Chris
[18:30:25] [Server thread/INFO]: Crustifer issued server command: /tp rai
[18:30:28] [Server thread/INFO]: Raichu3000 issued server command: /warps
[18:30:31] [Server thread/INFO]: Staff: [Admin] Chris
[18:30:31] [Server thread/INFO]: Members: [Member] Raichu
[18:30:31] [Server thread/INFO]: Raichu3000 issued server command: /warp sexyarena
[18:30:39] [Server thread/INFO]: Crustifer issued server command: /tp rai
[18:30:40] [Server thread/INFO]: Raichu3000 issued server command: /toggledownfall
[18:30:40] [Server thread/INFO]: [Raichu3000: Toggled downfall]
[18:31:59] [Server thread/INFO]: Staff: [Admin] Chris
[18:31:59] [Server thread/INFO]: Members: [Member] Raichu
[18:32:45] [Server thread/INFO]: Staff: [Admin] Chris
[18:32:45] [Server thread/INFO]: Members: [Member] Raichu
[18:33:32] [Server thread/INFO]: Staff: [Admin] Chris
[18:33:32] [Server thread/INFO]: Members: [Member] Raichu
[18:34:18] [Server thread/INFO]: Staff: [Admin] Chris
[18:34:18] [Server thread/INFO]: Members: [Member] Raichu
[18:35:05] [Server thread/INFO]: Staff: [Admin] Chris
[18:35:05] [Server thread/INFO]: Members: [Member] Raichu
[18:35:51] [Server thread/INFO]: Staff: [Admin] Chris
[18:35:51] [Server thread/INFO]: Members: [Member] Raichu
[18:36:38] [Server thread/INFO]: Staff: [Admin] Chris
[18:36:38] [Server thread/INFO]: Members: [Member] Raichu
[18:37:25] [Server thread/INFO]: Staff: [Admin] Chris
[18:37:25] [Server thread/INFO]: Members: [Member] Raichu
[18:37:38] [Server thread/INFO]: Twiixtor issued server command: /tp cru
[18:38:11] [Server thread/INFO]: Staff: [Admin] Chris
[18:38:11] [Server thread/INFO]: Members: [Member] Raichu
[18:38:11] [Server thread/INFO]: Developers: [Giraffe]Twiixtor
[18:38:19] [Server thread/INFO]: Twiixtor left the game.
[18:38:57] [Server thread/INFO]: [Member] Raichu: FLAVOUR WTF
[18:38:58] [Server thread/INFO]: Staff: [Admin] Chris
[18:38:58] [Server thread/INFO]: Members: [Member] Raichu
[18:39:02] [Server thread/INFO]: [Admin] Chris: lmao
[18:39:21] [Server thread/INFO]: Crustifer left the game.
[18:39:40] [Server thread/INFO]: Raichu3000 left the game.
[18:39:44] [Server thread/INFO]: Staff: [Admin] Chris
[18:40:31] [Server thread/INFO]: Staff: [Admin] Chris
[18:41:59] [Server thread/INFO]: Staff: [Admin] Chris
[18:42:45] [Server thread/INFO]: Staff: [Admin] Chris
[18:43:32] [Server thread/INFO]: Staff: [Admin] Chris
[18:44:18] [Server thread/INFO]: Staff: [Admin] Chris
[18:45:05] [Server thread/INFO]: Staff: [Admin] Chris
[18:45:51] [Server thread/INFO]: Staff: [AFK][Admin] Chris
[18:46:38] [Server thread/INFO]: Staff: [AFK][Admin] Chris
[18:47:25] [Server thread/INFO]: Staff: [AFK][Admin] Chris
[18:48:11] [Server thread/INFO]: Staff: [AFK][Admin] Chris
[18:48:58] [Server thread/INFO]: Staff: [AFK][Admin] Chris
[18:49:44] [Server thread/INFO]: Staff: [AFK][Admin] Chris
[18:50:31] [Server thread/INFO]: Staff: [AFK][Admin] Chris
[18:51:59] [Server thread/INFO]: Staff: [AFK][Admin] Chris
[18:52:45] [Server thread/INFO]: Staff: [AFK][Admin] Chris
[18:53:32] [Server thread/INFO]: Staff: [AFK][Admin] Chris
[18:54:18] [Server thread/INFO]: Staff: [AFK][Admin] Chris
[18:55:05] [Server thread/INFO]: Staff: [AFK][Admin] Chris
[18:55:51] [Server thread/INFO]: Staff: [AFK][Admin] Chris
[18:56:38] [Server thread/INFO]: Staff: [AFK][Admin] Chris
[18:57:25] [Server thread/INFO]: Staff: [AFK][Admin] Chris
[18:58:11] [Server thread/INFO]: Staff: [AFK][Admin] Chris
[18:58:58] [Server thread/INFO]: Staff: [AFK][Admin] Chris
[18:59:44] [Server thread/INFO]: Staff: [AFK][Admin] Chris
[19:00:31] [Server thread/INFO]: Staff: [Admin] Chris
[19:00:31] [Server thread/INFO]: [Admin] Chris: hello maymays my old friend
[19:00:36] [Server thread/INFO]: [Admin] Chris: i've come to talk to you again
[19:01:59] [Server thread/INFO]: Staff: [Admin] Chris
[19:02:45] [Server thread/INFO]: Staff: [Admin] Chris
[19:03:32] [Server thread/INFO]: Staff: [Admin] Chris
[19:04:18] [Server thread/INFO]: Staff: [Admin] Chris
[19:05:05] [Server thread/INFO]: Staff: [Admin] Chris
[19:05:51] [Server thread/INFO]: Staff: [AFK][Admin] Chris
[19:06:38] [Server thread/INFO]: Staff: [AFK][Admin] Chris
[19:07:25] [Server thread/INFO]: Staff: [AFK][Admin] Chris
[19:08:11] [Server thread/INFO]: Staff: [AFK][Admin] Chris
[19:08:58] [Server thread/INFO]: Staff: [AFK][Admin] Chris
[19:09:44] [Server thread/INFO]: Staff: [AFK][Admin] Chris
[19:10:31] [Server thread/INFO]: Staff: [AFK][Admin] Chris
[19:11:59] [Server thread/INFO]: Staff: [AFK][Admin] Chris
[19:12:45] [Server thread/INFO]: Staff: [Admin] Chris
[19:13:32] [Server thread/INFO]: Staff: [Admin] Chris
[19:14:18] [Server thread/INFO]: Staff: [Admin] Chris
[19:15:05] [Server thread/INFO]: Staff: [Admin] Chris
[19:15:51] [Server thread/INFO]: Staff: [Admin] Chris
[19:16:38] [Server thread/INFO]: Staff: [Admin] Chris
[19:17:25] [Server thread/INFO]: Staff: [Admin] Chris
[19:18:11] [Server thread/INFO]: Staff: [AFK][Admin] Chris
[19:18:58] [Server thread/INFO]: Staff: [AFK][Admin] Chris
[19:19:44] [Server thread/INFO]: Staff: [AFK][Admin] Chris
[19:20:31] [Server thread/INFO]: Staff: [AFK][Admin] Chris
[19:21:59] [Server thread/INFO]: Staff: [AFK][Admin] Chris
[19:22:45] [Server thread/INFO]: Staff: [AFK][Admin] Chris
[19:23:32] [Server thread/INFO]: Staff: [AFK][Admin] Chris
[19:24:19] [Server thread/INFO]: Staff: [AFK][Admin] Chris
[19:25:05] [Server thread/INFO]: Staff: [AFK][Admin] Chris
[19:25:52] [Server thread/INFO]: Staff: [AFK][Admin] Chris
[19:26:38] [Server thread/INFO]: Staff: [AFK][Admin] Chris
[19:27:25] [Server thread/INFO]: Staff: [AFK][Admin] Chris
[19:28:11] [Server thread/INFO]: Staff: [AFK][Admin] Chris
[19:28:58] [Server thread/INFO]: Staff: [AFK][Admin] Chris
[19:29:44] [Server thread/INFO]: Staff: [AFK][Admin] Chris
[19:30:31] [Server thread/INFO]: Staff: [AFK][Admin] Chris
[19:31:59] [Server thread/INFO]: Staff: [AFK][Admin] Chris
[19:32:45] [Server thread/INFO]: Staff: [AFK][Admin] Chris
[19:33:32] [Server thread/INFO]: Staff: [AFK][Admin] Chris
[19:34:18] [Server thread/INFO]: Staff: [AFK][Admin] Chris
[19:35:05] [Server thread/INFO]: Staff: [AFK][Admin] Chris
[19:35:51] [Server thread/INFO]: Staff: [AFK][Admin] Chris
[19:36:38] [Server thread/INFO]: Staff: [AFK][Admin] Chris
[19:37:25] [Server thread/INFO]: Staff: [AFK][Admin] Chris
[19:38:11] [Server thread/INFO]: Staff: [AFK][Admin] Chris
[19:38:58] [Server thread/INFO]: Staff: [AFK][Admin] Chris
[19:39:44] [Server thread/INFO]: Staff: [AFK][Admin] Chris
[19:39:44] [Server thread/INFO]: Members: [Member] Raichu
[19:40:31] [Server thread/INFO]: Staff: [AFK][Admin] Chris
[19:40:31] [Server thread/INFO]: Members: [Member] Raichu
[19:40:57] [Server thread/INFO]: Raichu3000 left the game.
[19:41:59] [Server thread/INFO]: Staff: [AFK][Admin] Chris
[19:42:45] [Server thread/INFO]: Staff: [AFK][Admin] Chris
[19:43:32] [Server thread/INFO]: Staff: [AFK][Admin] Chris
[19:44:18] [Server thread/INFO]: Staff: [AFK][Admin] Chris
[19:45:05] [Server thread/INFO]: Staff: [AFK][Admin] Chris
[19:45:52] [Server thread/INFO]: Staff: [AFK][Admin] Chris
[19:46:38] [Server thread/INFO]: Staff: [AFK][Admin] Chris
[19:47:25] [Server thread/INFO]: Staff: [AFK][Admin] Chris
[19:48:11] [Server thread/INFO]: Staff: [AFK][Admin] Chris
[19:48:58] [Server thread/INFO]: Staff: [AFK][Admin] Chris
[19:49:44] [Server thread/INFO]: Staff: [AFK][Admin] Chris
[19:50:31] [Server thread/INFO]: Staff: [AFK][Admin] Chris
[19:51:59] [Server thread/INFO]: Staff: [AFK][Admin] Chris
[19:52:45] [Server thread/INFO]: Staff: [AFK][Admin] Chris
[19:53:32] [Server thread/INFO]: Staff: [AFK][Admin] Chris
[19:54:18] [Server thread/INFO]: Staff: [AFK][Admin] Chris
[19:55:05] [Server thread/INFO]: Staff: [AFK][Admin] Chris
[19:55:52] [Server thread/INFO]: Staff: [AFK][Admin] Chris
[19:56:38] [Server thread/INFO]: Staff: [AFK][Admin] Chris
[19:57:25] [Server thread/INFO]: Staff: [AFK][Admin] Chris
[19:58:11] [Server thread/INFO]: Staff: [AFK][Admin] Chris
[19:58:58] [Server thread/INFO]: Staff: [AFK][Admin] Chris
[19:59:44] [Server thread/INFO]: Staff: [AFK][Admin] Chris
[20:00:31] [Server thread/INFO]: Staff: [AFK][Admin] Chris
[20:01:59] [Server thread/INFO]: Staff: [AFK][Admin] Chris
[20:02:46] [Server thread/INFO]: Staff: [AFK][Admin] Chris
[20:03:32] [Server thread/INFO]: Staff: [AFK][Admin] Chris
[20:04:19] [Server thread/INFO]: Staff: [AFK][Admin] Chris
[20:05:06] [Server thread/INFO]: Staff: [AFK][Admin] Chris
[20:05:52] [Server thread/INFO]: Staff: [AFK][Admin] Chris
[20:06:39] [Server thread/INFO]: Staff: [AFK][Admin] Chris
[20:07:25] [Server thread/INFO]: Staff: [AFK][Admin] Chris
[20:08:12] [Server thread/INFO]: Staff: [AFK][Admin] Chris
[20:08:58] [Server thread/INFO]: Staff: [AFK][Admin] Chris
[20:09:45] [Server thread/INFO]: Staff: [AFK][Admin] Chris
[20:10:31] [Server thread/INFO]: Staff: [AFK][Admin] Chris
[20:11:59] [Server thread/INFO]: Staff: [AFK][Admin] Chris
[20:12:45] [Server thread/INFO]: Staff: [AFK][Admin] Chris
[20:13:32] [Server thread/INFO]: Staff: [AFK][Admin] Chris
[20:14:18] [Server thread/INFO]: Staff: [AFK][Admin] Chris
[20:15:05] [Server thread/INFO]: Staff: [AFK][Admin] Chris
[20:15:52] [Server thread/INFO]: Staff: [AFK][Admin] Chris
[20:16:38] [Server thread/INFO]: Staff: [AFK][Admin] Chris
[20:17:25] [Server thread/INFO]: Staff: [AFK][Admin] Chris
[20:18:11] [Server thread/INFO]: Staff: [AFK][Admin] Chris
[20:18:58] [Server thread/INFO]: Staff: [AFK][Admin] Chris
[20:19:44] [Server thread/INFO]: Staff: [AFK][Admin] Chris
[20:20:31] [Server thread/INFO]: Staff: [AFK][Admin] Chris
[20:21:59] [Server thread/INFO]: Staff: [AFK][Admin] Chris
[20:22:45] [Server thread/INFO]: Staff: [AFK][Admin] Chris
[20:23:32] [Server thread/INFO]: Staff: [AFK][Admin] Chris
[20:24:18] [Server thread/INFO]: Staff: [AFK][Admin] Chris
[20:25:05] [Server thread/INFO]: Staff: [AFK][Admin] Chris
[20:25:52] [Server thread/INFO]: Staff: [AFK][Admin] Chris
[20:26:38] [Server thread/INFO]: Staff: [AFK][Admin] Chris
[20:27:25] [Server thread/INFO]: Staff: [AFK][Admin] Chris
[20:28:11] [Server thread/INFO]: Staff: [AFK][Admin] Chris
[20:28:58] [Server thread/INFO]: Staff: [AFK][Admin] Chris
[20:29:44] [Server thread/INFO]: Staff: [AFK][Admin] Chris
[20:30:31] [Server thread/INFO]: Staff: [AFK][Admin] Chris
[20:31:59] [Server thread/INFO]: Staff: [AFK][Admin] Chris
[20:32:45] [Server thread/INFO]: Staff: [AFK][Admin] Chris
[20:33:32] [Server thread/INFO]: Staff: [AFK][Admin] Chris
[20:34:19] [Server thread/INFO]: Staff: [AFK][Admin] Chris
[20:35:05] [Server thread/INFO]: Staff: [AFK][Admin] Chris
[20:35:52] [Server thread/INFO]: Staff: [AFK][Admin] Chris
[20:36:38] [Server thread/INFO]: Staff: [AFK][Admin] Chris
[20:37:25] [Server thread/INFO]: Staff: [AFK][Admin] Chris
[20:38:11] [Server thread/INFO]: Staff: [AFK][Admin] Chris
[20:38:58] [Server thread/INFO]: Staff: [AFK][Admin] Chris
[20:39:44] [Server thread/INFO]: Staff: [AFK][Admin] Chris
[20:40:31] [Server thread/INFO]: Staff: [AFK][Admin] Chris
[20:41:59] [Server thread/INFO]: Staff: [AFK][Admin] Chris
[20:42:45] [Server thread/INFO]: Staff: [AFK][Admin] Chris
[20:43:32] [Server thread/INFO]: Staff: [AFK][Admin] Chris
[20:44:19] [Server thread/INFO]: Staff: [AFK][Admin] Chris
[20:45:05] [Server thread/INFO]: Staff: [AFK][Admin] Chris
[20:45:52] [Server thread/INFO]: Staff: [AFK][Admin] Chris
[20:46:38] [Server thread/INFO]: Staff: [AFK][Admin] Chris
[20:47:25] [Server thread/INFO]: Staff: [AFK][Admin] Chris
[20:48:11] [Server thread/INFO]: Staff: [AFK][Admin] Chris
[20:48:58] [Server thread/INFO]: Staff: [AFK][Admin] Chris
[20:49:44] [Server thread/INFO]: Staff: [AFK][Admin] Chris
[20:50:31] [Server thread/INFO]: Staff: [AFK][Admin] Chris
[20:51:59] [Server thread/INFO]: Staff: [AFK][Admin] Chris
[20:52:45] [Server thread/INFO]: Staff: [AFK][Admin] Chris
[20:53:32] [Server thread/INFO]: Staff: [AFK][Admin] Chris
[20:54:19] [Server thread/INFO]: Staff: [AFK][Admin] Chris
[20:55:05] [Server thread/INFO]: Staff: [AFK][Admin] Chris
[20:55:52] [Server thread/INFO]: Staff: [AFK][Admin] Chris
[20:56:38] [Server thread/INFO]: Staff: [AFK][Admin] Chris
[20:57:25] [Server thread/INFO]: Staff: [AFK][Admin] Chris
[20:58:11] [Server thread/INFO]: Staff: [AFK][Admin] Chris
[20:58:58] [Server thread/INFO]: Staff: [AFK][Admin] Chris
[20:59:44] [Server thread/INFO]: Staff: [AFK][Admin] Chris
[21:00:31] [Server thread/INFO]: Staff: [AFK][Admin] Chris
[21:01:59] [Server thread/INFO]: Staff: [AFK][Admin] Chris
[21:02:45] [Server thread/INFO]: Staff: [AFK][Admin] Chris
[21:03:32] [Server thread/INFO]: Staff: [AFK][Admin] Chris
[21:04:19] [Server thread/INFO]: Staff: [AFK][Admin] Chris
[21:05:05] [Server thread/INFO]: Staff: [AFK][Admin] Chris
[21:05:52] [Server thread/INFO]: Staff: [AFK][Admin] Chris
[21:06:38] [Server thread/INFO]: Staff: [AFK][Admin] Chris
[21:07:25] [Server thread/INFO]: Staff: [AFK][Admin] Chris
[21:08:11] [Server thread/INFO]: Staff: [AFK][Admin] Chris
[21:08:58] [Server thread/INFO]: Staff: [AFK][Admin] Chris
[21:09:44] [Server thread/INFO]: Staff: [AFK][Admin] Chris
[21:10:31] [Server thread/INFO]: Staff: [AFK][Admin] Chris
[21:11:59] [Server thread/INFO]: Staff: [AFK][Admin] Chris
[21:12:45] [Server thread/INFO]: Staff: [AFK][Admin] Chris
[21:13:32] [Server thread/INFO]: Staff: [AFK][Admin] Chris
[21:14:19] [Server thread/INFO]: Staff: [AFK][Admin] Chris
[21:15:05] [Server thread/INFO]: Staff: [AFK][Admin] Chris
[21:15:52] [Server thread/INFO]: Staff: [AFK][Admin] Chris
[21:16:38] [Server thread/INFO]: Staff: [AFK][Admin] Chris
[21:17:25] [Server thread/INFO]: Staff: [AFK][Admin] Chris
[21:18:11] [Server thread/INFO]: Staff: [AFK][Admin] Chris
[21:18:58] [Server thread/INFO]: Staff: [AFK][Admin] Chris
[21:19:44] [Server thread/INFO]: Staff: [AFK][Admin] Chris
[21:20:31] [Server thread/INFO]: Staff: [AFK][Admin] Chris
[21:21:59] [Server thread/INFO]: Staff: [AFK][Admin] Chris
[21:22:45] [Server thread/INFO]: Staff: [AFK][Admin] Chris
[21:23:32] [Server thread/INFO]: Staff: [AFK][Admin] Chris
[21:24:19] [Server thread/INFO]: Staff: [AFK][Admin] Chris
[21:25:05] [Server thread/INFO]: Staff: [AFK][Admin] Chris
[21:25:52] [Server thread/INFO]: Staff: [AFK][Admin] Chris
[21:26:38] [Server thread/INFO]: Staff: [AFK][Admin] Chris
[21:27:25] [Server thread/INFO]: Staff: [AFK][Admin] Chris
[21:28:11] [Server thread/INFO]: Staff: [AFK][Admin] Chris
[21:28:58] [Server thread/INFO]: Staff: [AFK][Admin] Chris
[21:29:44] [Server thread/INFO]: Staff: [AFK][Admin] Chris
[21:30:31] [Server thread/INFO]: Staff: [AFK][Admin] Chris
[21:31:59] [Server thread/INFO]: Staff: [AFK][Admin] Chris
[21:32:45] [Server thread/INFO]: Staff: [AFK][Admin] Chris
[21:33:32] [Server thread/INFO]: Staff: [AFK][Admin] Chris
[21:34:19] [Server thread/INFO]: Staff: [AFK][Admin] Chris
[21:35:05] [Server thread/INFO]: Staff: [AFK][Admin] Chris
[21:35:52] [Server thread/INFO]: Staff: [AFK][Admin] Chris
[21:36:38] [Server thread/INFO]: Staff: [AFK][Admin] Chris
[21:37:25] [Server thread/INFO]: Staff: [AFK][Admin] Chris
[21:38:11] [Server thread/INFO]: Staff: [AFK][Admin] Chris
[21:38:58] [Server thread/INFO]: Staff: [AFK][Admin] Chris
[21:39:45] [Server thread/INFO]: Staff: [AFK][Admin] Chris
[21:40:31] [Server thread/INFO]: Staff: [AFK][Admin] Chris
[21:41:59] [Server thread/INFO]: Staff: [AFK][Admin] Chris
[21:42:45] [Server thread/INFO]: Staff: [AFK][Admin] Chris
[21:43:32] [Server thread/INFO]: Staff: [AFK][Admin] Chris
[21:44:19] [Server thread/INFO]: Staff: [AFK][Admin] Chris
[21:45:05] [Server thread/INFO]: Staff: [AFK][Admin] Chris
[21:45:52] [Server thread/INFO]: Staff: [AFK][Admin] Chris
[21:46:38] [Server thread/INFO]: Staff: [AFK][Admin] Chris
[21:47:25] [Server thread/INFO]: Staff: [AFK][Admin] Chris
[21:48:11] [Server thread/INFO]: Staff: [AFK][Admin] Chris
[21:48:58] [Server thread/INFO]: Staff: [AFK][Admin] Chris
[21:49:44] [Server thread/INFO]: Staff: [AFK][Admin] Chris
[21:50:31] [Server thread/INFO]: Staff: [AFK][Admin] Chris
[21:51:59] [Server thread/INFO]: Staff: [AFK][Admin] Chris
[21:52:45] [Server thread/INFO]: Staff: [AFK][Admin] Chris
[21:53:32] [Server thread/INFO]: Staff: [AFK][Admin] Chris
[21:54:19] [Server thread/INFO]: Staff: [AFK][Admin] Chris
[21:55:05] [Server thread/INFO]: Staff: [AFK][Admin] Chris
[21:55:52] [Server thread/INFO]: Staff: [AFK][Admin] Chris
[21:56:38] [Server thread/INFO]: Staff: [AFK][Admin] Chris
[21:57:25] [Server thread/INFO]: Staff: [AFK][Admin] Chris
[21:58:11] [Server thread/INFO]: Staff: [AFK][Admin] Chris
[21:58:58] [Server thread/INFO]: Staff: [AFK][Admin] Chris
[21:59:44] [Server thread/INFO]: Staff: [AFK][Admin] Chris
[22:00:31] [Server thread/INFO]: Staff: [AFK][Admin] Chris
[22:01:59] [Server thread/INFO]: Staff: [AFK][Admin] Chris
[22:02:45] [Server thread/INFO]: Staff: [AFK][Admin] Chris
[22:03:32] [Server thread/INFO]: Staff: [AFK][Admin] Chris
[22:04:19] [Server thread/INFO]: Staff: [AFK][Admin] Chris
[22:05:05] [Server thread/INFO]: Staff: [AFK][Admin] Chris
[22:05:52] [Server thread/INFO]: Staff: [AFK][Admin] Chris
[22:06:38] [Server thread/INFO]: Staff: [AFK][Admin] Chris
[22:07:25] [Server thread/INFO]: Staff: [AFK][Admin] Chris
[22:08:11] [Server thread/INFO]: Staff: [AFK][Admin] Chris
[22:08:58] [Server thread/INFO]: Staff: [AFK][Admin] Chris
[22:09:44] [Server thread/INFO]: Staff: [AFK][Admin] Chris
[22:10:31] [Server thread/INFO]: Staff: [AFK][Admin] Chris
[22:11:59] [Server thread/INFO]: Staff: [AFK][Admin] Chris
[22:12:45] [Server thread/INFO]: Staff: [AFK][Admin] Chris
[22:13:32] [Server thread/INFO]: Staff: [AFK][Admin] Chris
[22:14:19] [Server thread/INFO]: Staff: [AFK][Admin] Chris
[22:15:05] [Server thread/INFO]: Staff: [AFK][Admin] Chris
[22:15:52] [Server thread/INFO]: Staff: [AFK][Admin] Chris
[22:16:38] [Server thread/INFO]: Staff: [AFK][Admin] Chris
[22:17:25] [Server thread/INFO]: Staff: [AFK][Admin] Chris
[22:18:11] [Server thread/INFO]: Staff: [AFK][Admin] Chris
[22:18:58] [Server thread/INFO]: Staff: [AFK][Admin] Chris
[22:19:44] [Server thread/INFO]: Staff: [AFK][Admin] Chris
[22:20:31] [Server thread/INFO]: Staff: [AFK][Admin] Chris
[22:21:59] [Server thread/INFO]: Staff: [AFK][Admin] Chris
[22:22:45] [Server thread/INFO]: Staff: [AFK][Admin] Chris
[22:23:32] [Server thread/INFO]: Staff: [AFK][Admin] Chris
[22:24:19] [Server thread/INFO]: Staff: [AFK][Admin] Chris
[22:25:05] [Server thread/INFO]: Staff: [AFK][Admin] Chris
[22:25:52] [Server thread/INFO]: Staff: [AFK][Admin] Chris
[22:26:38] [Server thread/INFO]: Staff: [AFK][Admin] Chris
[22:27:25] [Server thread/INFO]: Staff: [AFK][Admin] Chris
[22:28:11] [Server thread/INFO]: Staff: [AFK][Admin] Chris
[22:28:58] [Server thread/INFO]: Staff: [AFK][Admin] Chris
[22:29:44] [Server thread/INFO]: Staff: [AFK][Admin] Chris
[22:30:31] [Server thread/INFO]: Staff: [AFK][Admin] Chris
[22:31:59] [Server thread/INFO]: Staff: [AFK][Admin] Chris
[22:32:46] [Server thread/INFO]: Staff: [AFK][Admin] Chris
[22:33:32] [Server thread/INFO]: Staff: [AFK][Admin] Chris
[22:34:19] [Server thread/INFO]: Staff: [AFK][Admin] Chris
[22:35:05] [Server thread/INFO]: Staff: [AFK][Admin] Chris
[22:35:52] [Server thread/INFO]: Staff: [AFK][Admin] Chris
[22:36:38] [Server thread/INFO]: Staff: [AFK][Admin] Chris
[22:37:25] [Server thread/INFO]: Staff: [AFK][Admin] Chris
[22:38:11] [Server thread/INFO]: Staff: [AFK][Admin] Chris
[22:38:58] [Server thread/INFO]: Staff: [AFK][Admin] Chris
[22:39:44] [Server thread/INFO]: Staff: [AFK][Admin] Chris
[22:40:31] [Server thread/INFO]: Staff: [AFK][Admin] Chris
[22:41:59] [Server thread/INFO]: Staff: [AFK][Admin] Chris
[22:42:46] [Server thread/INFO]: Staff: [AFK][Admin] Chris
[22:43:32] [Server thread/INFO]: Staff: [AFK][Admin] Chris
[22:44:19] [Server thread/INFO]: Staff: [AFK][Admin] Chris
[22:45:05] [Server thread/INFO]: Staff: [AFK][Admin] Chris
[22:45:52] [Server thread/INFO]: Staff: [AFK][Admin] Chris
[22:46:38] [Server thread/INFO]: Staff: [AFK][Admin] Chris
[22:47:25] [Server thread/INFO]: Staff: [AFK][Admin] Chris
[22:48:11] [Server thread/INFO]: Staff: [AFK][Admin] Chris
[22:48:58] [Server thread/INFO]: Staff: [AFK][Admin] Chris
[22:49:44] [Server thread/INFO]: Staff: [AFK][Admin] Chris
[22:50:31] [Server thread/INFO]: Staff: [AFK][Admin] Chris
[22:51:59] [Server thread/INFO]: Staff: [AFK][Admin] Chris
[22:52:46] [Server thread/INFO]: Staff: [AFK][Admin] Chris
[22:53:32] [Server thread/INFO]: Staff: [AFK][Admin] Chris
[22:54:19] [Server thread/INFO]: Staff: [AFK][Admin] Chris
[22:55:05] [Server thread/INFO]: Staff: [AFK][Admin] Chris
[22:55:52] [Server thread/INFO]: Staff: [AFK][Admin] Chris
[22:56:38] [Server thread/INFO]: Staff: [AFK][Admin] Chris
[22:57:25] [Server thread/INFO]: Staff: [AFK][Admin] Chris
[22:58:11] [Server thread/INFO]: Staff: [AFK][Admin] Chris
[22:58:58] [Server thread/INFO]: Staff: [AFK][Admin] Chris
[22:59:44] [Server thread/INFO]: Staff: [AFK][Admin] Chris
[23:00:31] [Server thread/INFO]: Staff: [AFK][Admin] Chris
[23:01:59] [Server thread/INFO]: Staff: [AFK][Admin] Chris
[23:02:46] [Server thread/INFO]: Staff: [AFK][Admin] Chris
[23:03:32] [Server thread/INFO]: Staff: [AFK][Admin] Chris
[23:04:19] [Server thread/INFO]: Staff: [AFK][Admin] Chris
[23:05:05] [Server thread/INFO]: Staff: [AFK][Admin] Chris
[23:05:52] [Server thread/INFO]: Staff: [AFK][Admin] Chris
[23:06:38] [Server thread/INFO]: Staff: [AFK][Admin] Chris
[23:06:53] [Server thread/INFO]: Twiixtor issued server command: /tp cru
[23:07:00] [Server thread/INFO]: [Giraffe]Twiixtor: Hey
[23:07:25] [Server thread/INFO]: Staff: [AFK][Admin] Chris
[23:07:25] [Server thread/INFO]: Developers: [Giraffe]Twiixtor
[23:08:11] [Server thread/INFO]: Staff: [AFK][Admin] Chris
[23:08:11] [Server thread/INFO]: Developers: [Giraffe]Twiixtor
[23:08:58] [Server thread/INFO]: Staff: [AFK][Admin] Chris
[23:08:58] [Server thread/INFO]: Developers: [Giraffe]Twiixtor
[23:09:14] [Server thread/INFO]: Twiixtor issued server command: /mv tp L
[23:09:45] [Server thread/INFO]: Staff: [AFK][Admin] Chris
[23:09:45] [Server thread/INFO]: Developers: [Giraffe]Twiixtor
[23:10:07] [Server thread/INFO]: Twiixtor issued server command: /mv tp spawn
[23:10:31] [Server thread/INFO]: Staff: [AFK][Admin] Chris
[23:10:31] [Server thread/INFO]: Developers: [Giraffe]Twiixtor
[23:10:32] [Server thread/INFO]: Twiixtor left the game.
[23:11:59] [Server thread/INFO]: Staff: [Admin] Chris
[23:12:46] [Server thread/INFO]: Staff: [Admin] Chris
[23:13:32] [Server thread/INFO]: Staff: [Admin] Chris
[23:14:19] [Server thread/INFO]: Staff: [Admin] Chris
[23:14:20] [Server thread/INFO]: Crustifer left the game.
[23:41:59] [Server thread/INFO]: Staff: [Mod] dankl0rd420
[23:42:28] [Server thread/INFO]: dkane411 issued server command: /warp spwan
[23:42:33] [Server thread/INFO]: dkane411 issued server command: /warp spawn
[23:42:46] [Server thread/INFO]: Staff: [Mod] dankl0rd420
[23:43:32] [Server thread/INFO]: Staff: [Mod] dankl0rd420
[23:44:19] [Server thread/INFO]: Staff: [Mod] dankl0rd420
[23:45:05] [Server thread/INFO]: Staff: [Mod] dankl0rd420
[23:45:35] [Server thread/INFO]: dkane411 issued server command: /warps
[23:45:43] [Server thread/INFO]: dkane411 issued server command: /warp wild
[23:45:52] [Server thread/INFO]: Staff: [Mod] dankl0rd420
[23:46:18] [Server thread/INFO]: dkane411 issued server command: /warp pixel
[23:46:38] [Server thread/INFO]: Staff: [Mod] dankl0rd420
[23:46:58] [Server thread/INFO]: dkane411 left the game.
