[00:02:54] [Server thread/INFO]: Members: [Member] Raichu
[00:03:40] [Server thread/INFO]: Members: [Member] Raichu
[00:04:27] [Server thread/INFO]: Members: [Member] Raichu
[00:05:13] [Server thread/INFO]: Staff: [Admin] Chris
[00:05:13] [Server thread/INFO]: Members: [Member] Raichu
[00:06:00] [Server thread/INFO]: Staff: [Admin] Chris
[00:06:00] [Server thread/INFO]: Members: [Member] Raichu
[00:06:47] [Server thread/INFO]: Staff: [Admin] Chris
[00:06:47] [Server thread/INFO]: Members: [Member] Raichu
[00:07:33] [Server thread/INFO]: Staff: [Admin] Chris
[00:07:33] [Server thread/INFO]: Members: [Member] Raichu
[00:08:20] [Server thread/INFO]: Staff: [Admin] Chris
[00:08:20] [Server thread/INFO]: Members: [Member] Raichu
[00:09:06] [Server thread/INFO]: Staff: [Admin] Chris
[00:09:06] [Server thread/INFO]: Members: [Member] Raichu
[00:09:53] [Server thread/INFO]: Staff: [Admin] Chris
[00:09:53] [Server thread/INFO]: Members: [Member] Raichu
[00:10:39] [Server thread/INFO]: Staff: [Admin] Chris
[00:10:39] [Server thread/INFO]: Members: [Member] Raichu
[00:11:26] [Server thread/INFO]: Staff: [Admin] Chris
[00:11:26] [Server thread/INFO]: Members: [Member] Raichu
[00:12:12] [Server thread/INFO]: Staff: [Admin] Chris
[00:12:12] [Server thread/INFO]: Members: [Member] Raichu
[00:12:59] [Server thread/INFO]: Staff: [Admin] Chris
[00:12:59] [Server thread/INFO]: Members: [Member] Raichu
[00:13:45] [Server thread/INFO]: Staff: [Admin] Chris
[00:13:45] [Server thread/INFO]: Members: [Member] Raichu
[00:14:32] [Server thread/INFO]: Staff: [Admin] Chris
[00:14:32] [Server thread/INFO]: Members: [Member] Raichu
[00:15:19] [Server thread/INFO]: Staff: [Admin] Chris
[00:15:19] [Server thread/INFO]: Members: [Member] Raichu
[00:16:05] [Server thread/INFO]: Staff: [Admin] Chris
[00:16:05] [Server thread/INFO]: Members: [Member] Raichu
[00:16:52] [Server thread/INFO]: Staff: [Admin] Chris
[00:16:52] [Server thread/INFO]: Members: [Member] Raichu
[00:17:38] [Server thread/INFO]: Staff: [Admin] Chris
[00:17:38] [Server thread/INFO]: Members: [Member] Raichu
[00:18:25] [Server thread/INFO]: Staff: [AFK][Admin] Chris
[00:18:25] [Server thread/INFO]: Members: [Member] Raichu
[00:19:11] [Server thread/INFO]: Staff: [AFK][Admin] Chris
[00:19:11] [Server thread/INFO]: Members: [Member] Raichu
[00:19:58] [Server thread/INFO]: Staff: [AFK][Admin] Chris
[00:19:58] [Server thread/INFO]: Members: [Member] Raichu
[00:20:44] [Server thread/INFO]: Staff: [AFK][Admin] Chris
[00:20:44] [Server thread/INFO]: Members: [Member] Raichu
[00:21:31] [Server thread/INFO]: Staff: [AFK][Admin] Chris
[00:21:31] [Server thread/INFO]: Members: [AFK][Member] Raichu
[00:22:18] [Server thread/INFO]: Staff: [AFK][Admin] Chris
[00:22:18] [Server thread/INFO]: Members: [AFK][Member] Raichu
[00:23:04] [Server thread/INFO]: Staff: [AFK][Admin] Chris
[00:23:04] [Server thread/INFO]: Members: [AFK][Member] Raichu
[00:23:51] [Server thread/INFO]: Staff: [AFK][Admin] Chris
[00:23:51] [Server thread/INFO]: Members: [AFK][Member] Raichu
[00:24:37] [Server thread/INFO]: Staff: [AFK][Admin] Chris
[00:24:37] [Server thread/INFO]: Members: [AFK][Member] Raichu
[00:25:24] [Server thread/INFO]: Staff: [AFK][Admin] Chris
[00:25:24] [Server thread/INFO]: Members: [AFK][Member] Raichu
[00:26:10] [Server thread/INFO]: Staff: [Admin] Chris
[00:26:10] [Server thread/INFO]: Members: [Member] Raichu
[00:26:57] [Server thread/INFO]: Staff: [Admin] Chris
[00:26:57] [Server thread/INFO]: Members: [Member] Raichu
[00:27:43] [Server thread/INFO]: Staff: [Admin] Chris
[00:27:43] [Server thread/INFO]: Members: [Member] Raichu
[00:27:55] [Server thread/INFO]: Raichu3000 issued server command: //copy
[00:28:01] [Server thread/INFO]: Raichu3000 issued server command: /copy
[00:28:02] [Server thread/INFO]: Raichu3000 issued server command: //copy
[00:28:30] [Server thread/INFO]: Staff: [Admin] Chris
[00:28:30] [Server thread/INFO]: Members: [Member] Raichu
[00:28:46] [Server thread/INFO]: Raichu3000 issued server command: //copy
[00:28:50] [Server thread/INFO]: Raichu3000 issued server command: //paste
[00:29:16] [Server thread/INFO]: Staff: [Admin] Chris
[00:29:16] [Server thread/INFO]: Members: [Member] Raichu
[00:30:03] [Server thread/INFO]: Staff: [Admin] Chris
[00:30:03] [Server thread/INFO]: Members: [Member] Raichu
[00:30:50] [Server thread/INFO]: Staff: [Admin] Chris
[00:30:50] [Server thread/INFO]: Members: [Member] Raichu
[00:31:36] [Server thread/INFO]: Staff: [Admin] Chris
[00:31:36] [Server thread/INFO]: Members: [Member] Raichu
[00:32:23] [Server thread/INFO]: Staff: [Admin] Chris
[00:32:23] [Server thread/INFO]: Members: [Member] Raichu
[00:32:29] [Server thread/INFO]: Raichu3000 issued server command: //paste
[00:33:09] [Server thread/INFO]: Staff: [Admin] Chris
[00:33:09] [Server thread/INFO]: Members: [Member] Raichu
[00:33:56] [Server thread/INFO]: Staff: [Admin] Chris
[00:33:56] [Server thread/INFO]: Members: [Member] Raichu
[00:34:42] [Server thread/INFO]: Staff: [Admin] Chris
[00:34:42] [Server thread/INFO]: Members: [Member] Raichu
[00:35:29] [Server thread/INFO]: Staff: [Admin] Chris
[00:35:29] [Server thread/INFO]: Members: [Member] Raichu
[00:36:15] [Server thread/INFO]: Staff: [Admin] Chris
[00:36:15] [Server thread/INFO]: Members: [Member] Raichu
[00:37:02] [Server thread/INFO]: Staff: [Admin] Chris
[00:37:02] [Server thread/INFO]: Members: [Member] Raichu
[00:37:49] [Server thread/INFO]: Staff: [Admin] Chris
[00:37:49] [Server thread/INFO]: Members: [Member] Raichu
[00:38:35] [Server thread/INFO]: Staff: [Admin] Chris
[00:38:35] [Server thread/INFO]: Members: [Member] Raichu
[00:39:22] [Server thread/INFO]: Staff: [Admin] Chris
[00:39:22] [Server thread/INFO]: Members: [Member] Raichu
[00:39:24] [Server thread/INFO]: Raichu3000 issued server command: //copy
[00:39:29] [Server thread/INFO]: Raichu3000 issued server command: //stack 3
[00:39:46] [Server thread/INFO]: Raichu3000 issued server command: //copy
[00:39:48] [Server thread/INFO]: Raichu3000 issued server command: //stack 4
[00:40:05] [Server thread/INFO]: Raichu3000 issued server command: //undo
[00:40:08] [Server thread/INFO]: Staff: [Admin] Chris
[00:40:08] [Server thread/INFO]: Members: [Member] Raichu
[00:40:55] [Server thread/INFO]: Staff: [Admin] Chris
[00:40:55] [Server thread/INFO]: Members: [Member] Raichu
[00:41:27] [Server thread/INFO]: Raichu3000 issued server command: /toggledownfall
[00:41:27] [Server thread/INFO]: [Raichu3000: Toggled downfall]
[00:41:41] [Server thread/INFO]: Staff: [Admin] Chris
[00:41:41] [Server thread/INFO]: Members: [Member] Raichu
[00:42:28] [Server thread/INFO]: Staff: [Admin] Chris
[00:42:28] [Server thread/INFO]: Members: [Member] Raichu
[00:43:14] [Server thread/INFO]: Staff: [Admin] Chris
[00:43:14] [Server thread/INFO]: Members: [Member] Raichu
[00:44:01] [Server thread/INFO]: Staff: [Admin] Chris
[00:44:01] [Server thread/INFO]: Members: [Member] Raichu
[00:44:47] [Server thread/INFO]: Staff: [Admin] Chris
[00:44:47] [Server thread/INFO]: Members: [Member] Raichu
[00:45:16] [Server thread/INFO]: Raichu3000 issued server command: //replace gray doubleslab
[00:45:30] [Server thread/INFO]: Raichu3000 issued server command: //copy
[00:45:33] [Server thread/INFO]: Raichu3000 issued server command: //copy
[00:45:34] [Server thread/INFO]: Staff: [Admin] Chris
[00:45:34] [Server thread/INFO]: Members: [Member] Raichu
[00:45:38] [Server thread/INFO]: Raichu3000 issued server command: //paste
[00:45:41] [Server thread/INFO]: Raichu3000 issued server command: //paste
[00:45:48] [Server thread/INFO]: Raichu3000 issued server command: //undo
[00:45:51] [Server thread/INFO]: Raichu3000 issued server command: //undo
[00:46:01] [Server thread/INFO]: Raichu3000 issued server command: //undo
[00:46:21] [Server thread/INFO]: Staff: [Admin] Chris
[00:46:21] [Server thread/INFO]: Members: [Member] Raichu
[00:47:07] [Server thread/INFO]: Staff: [Admin] Chris
[00:47:07] [Server thread/INFO]: Members: [Member] Raichu
[00:47:54] [Server thread/INFO]: Staff: [Admin] Chris
[00:47:54] [Server thread/INFO]: Members: [Member] Raichu
[00:48:40] [Server thread/INFO]: Staff: [Admin] Chris
[00:48:40] [Server thread/INFO]: Members: [Member] Raichu
[00:49:27] [Server thread/INFO]: Staff: [Admin] Chris
[00:49:27] [Server thread/INFO]: Members: [Member] Raichu
[00:50:13] [Server thread/INFO]: Staff: [Admin] Chris
[00:50:13] [Server thread/INFO]: Members: [Member] Raichu
[00:51:00] [Server thread/INFO]: Staff: [Admin] Chris
[00:51:00] [Server thread/INFO]: Members: [Member] Raichu
[00:51:46] [Server thread/INFO]: Staff: [Admin] Chris
[00:51:46] [Server thread/INFO]: Members: [Member] Raichu
[00:52:33] [Server thread/INFO]: Staff: [Admin] Chris
[00:52:33] [Server thread/INFO]: Members: [Member] Raichu
[00:53:20] [Server thread/INFO]: Staff: [Admin] Chris
[00:53:20] [Server thread/INFO]: Members: [Member] Raichu
[00:54:04] [Server thread/INFO]: Raichu3000 issued server command: //replace gray doubleslab8
[00:54:06] [Server thread/INFO]: Staff: [Admin] Chris
[00:54:06] [Server thread/INFO]: Members: [Member] Raichu
[00:54:06] [Server thread/INFO]: Raichu3000 issued server command: //undo
[00:54:15] [Server thread/INFO]: Raichu3000 issued server command: //replace gray 43:8
[00:54:53] [Server thread/INFO]: Staff: [Admin] Chris
[00:54:53] [Server thread/INFO]: Members: [Member] Raichu
[00:55:39] [Server thread/INFO]: Staff: [Admin] Chris
[00:55:39] [Server thread/INFO]: Members: [Member] Raichu
[00:56:23] [Server thread/INFO]: Raichu3000 issued server command: //replace gray 43:8
[00:56:26] [Server thread/INFO]: Staff: [Admin] Chris
[00:56:26] [Server thread/INFO]: Members: [Member] Raichu
[00:56:33] [Server thread/INFO]: Raichu3000 issued server command: //replace gray 43:8
[00:56:47] [Server thread/INFO]: Raichu3000 issued server command: //replace gray 43:8
[00:56:56] [Server thread/INFO]: Raichu3000 issued server command: //replace gray 43:8
[00:57:03] [Server thread/INFO]: Raichu3000 issued server command: //replace gray 43:8
[00:57:12] [Server thread/INFO]: Staff: [Admin] Chris
[00:57:12] [Server thread/INFO]: Members: [Member] Raichu
[00:57:59] [Server thread/INFO]: Staff: [Admin] Chris
[00:57:59] [Server thread/INFO]: Members: [Member] Raichu
[00:58:12] [Server thread/INFO]: Raichu3000 issued server command: //replace gray 43:8
[00:58:45] [Server thread/INFO]: Staff: [Admin] Chris
[00:58:45] [Server thread/INFO]: Members: [Member] Raichu
[00:59:32] [Server thread/INFO]: Staff: [Admin] Chris
[00:59:32] [Server thread/INFO]: Members: [Member] Raichu
[01:00:18] [Server thread/INFO]: Staff: [Admin] Chris
[01:00:18] [Server thread/INFO]: Members: [Member] Raichu
[01:00:31] [Server thread/INFO]: Crustifer issued server command: /tp rai
[01:01:05] [Server thread/INFO]: Staff: [Admin] Chris
[01:01:05] [Server thread/INFO]: Members: [Member] Raichu
[01:01:05] [Server thread/INFO]: Raichu3000 issued server command: //paste
[01:01:08] [Server thread/INFO]: Raichu3000 issued server command: //undo
[01:01:15] [Server thread/INFO]: Raichu3000 issued server command: //copy
[01:01:19] [Server thread/INFO]: Raichu3000 issued server command: //paste
[01:01:24] [Server thread/INFO]: Raichu3000 issued server command: //undo
[01:01:38] [Server thread/INFO]: Raichu3000 issued server command: //replace doubleslab 43:8
[01:01:51] [Server thread/INFO]: Raichu3000 issued server command: //replace gray 43:8
[01:01:52] [Server thread/INFO]: Staff: [Admin] Chris
[01:01:52] [Server thread/INFO]: Members: [Member] Raichu
[01:02:38] [Server thread/INFO]: Staff: [Admin] Chris
[01:02:38] [Server thread/INFO]: Members: [Member] Raichu
[01:03:25] [Server thread/INFO]: Staff: [Admin] Chris
[01:03:25] [Server thread/INFO]: Members: [Member] Raichu
[01:04:11] [Server thread/INFO]: Staff: [Admin] Chris
[01:04:11] [Server thread/INFO]: Members: [Member] Raichu
[01:04:58] [Server thread/INFO]: Staff: [Admin] Chris
[01:04:58] [Server thread/INFO]: Members: [Member] Raichu
[01:05:44] [Server thread/INFO]: Staff: [Admin] Chris
[01:05:44] [Server thread/INFO]: Members: [Member] Raichu
[01:06:31] [Server thread/INFO]: Staff: [Admin] Chris
[01:06:31] [Server thread/INFO]: Members: [Member] Raichu
[01:07:17] [Server thread/INFO]: Staff: [Admin] Chris
[01:07:17] [Server thread/INFO]: Members: [Member] Raichu
[01:07:30] [Server thread/INFO]: Raichu3000 left the game.
[01:08:04] [Server thread/INFO]: Staff: [Admin] Chris
[01:08:51] [Server thread/INFO]: Staff: [Admin] Chris
[01:09:37] [Server thread/INFO]: Staff: [Admin] Chris
[01:10:24] [Server thread/INFO]: Staff: [Admin] Chris
[01:11:10] [Server thread/INFO]: Staff: [Admin] Chris
[01:11:57] [Server thread/INFO]: Staff: [Admin] Chris
[01:12:43] [Server thread/INFO]: Staff: [Admin] Chris
[01:13:30] [Server thread/INFO]: Staff: [Admin] Chris
[01:14:16] [Server thread/INFO]: Staff: [Admin] Chris
[01:15:03] [Server thread/INFO]: Staff: [Admin] Chris
[01:15:49] [Server thread/INFO]: Staff: [Admin] Chris
[01:16:36] [Server thread/INFO]: Staff: [Admin] Chris
[01:17:23] [Server thread/INFO]: Staff: [Admin] Chris
[01:18:09] [Server thread/INFO]: Staff: [Admin] Chris
[01:18:38] [Server thread/INFO]: Crustifer left the game.
[18:32:02] [Server thread/INFO]: Developers: [Dev] Poopey
[18:32:49] [Server thread/INFO]: Developers: [Dev] Poopey
[18:33:35] [Server thread/INFO]: Developers: [Dev] Poopey
[18:34:22] [Server thread/INFO]: Developers: [Dev] Poopey
[18:35:08] [Server thread/INFO]: Developers: [Dev] Poopey
[18:35:55] [Server thread/INFO]: Developers: [Dev] Poopey
[18:36:41] [Server thread/INFO]: Developers: [Dev] Poopey
[18:37:28] [Server thread/INFO]: Developers: [Dev] Poopey
[18:38:15] [Server thread/INFO]: Developers: [AFK][Dev] Poopey
[18:39:01] [Server thread/INFO]: Developers: [AFK][Dev] Poopey
[18:39:48] [Server thread/INFO]: Developers: [AFK][Dev] Poopey
[18:40:34] [Server thread/INFO]: Developers: [AFK][Dev] Poopey
[18:41:22] [Server thread/INFO]: Developers: [AFK][Dev] Poopey
[18:42:08] [Server thread/INFO]: Developers: [AFK][Dev] Poopey
[18:42:55] [Server thread/INFO]: Developers: [AFK][Dev] Poopey
[18:43:41] [Server thread/INFO]: Developers: [AFK][Dev] Poopey
[18:44:28] [Server thread/INFO]: Developers: [AFK][Dev] Poopey
[18:45:15] [Server thread/INFO]: Developers: [AFK][Dev] Poopey
[18:46:02] [Server thread/INFO]: Developers: [AFK][Dev] Poopey
[18:46:48] [Server thread/INFO]: Developers: [AFK][Dev] Poopey
[18:47:35] [Server thread/INFO]: Developers: [AFK][Dev] Poopey
[18:48:21] [Server thread/INFO]: Developers: [AFK][Dev] Poopey
[18:49:08] [Server thread/INFO]: Developers: [AFK][Dev] Poopey
[18:49:54] [Server thread/INFO]: Developers: [AFK][Dev] Poopey
[18:50:41] [Server thread/INFO]: Developers: [AFK][Dev] Poopey
[18:51:27] [Server thread/INFO]: Developers: [AFK][Dev] Poopey
[18:52:14] [Server thread/INFO]: Developers: [AFK][Dev] Poopey
[18:53:01] [Server thread/INFO]: Developers: [AFK][Dev] Poopey
[18:53:47] [Server thread/INFO]: Developers: [AFK][Dev] Poopey
[18:54:34] [Server thread/INFO]: Developers: [AFK][Dev] Poopey
[18:55:20] [Server thread/INFO]: Developers: [AFK][Dev] Poopey
[18:56:07] [Server thread/INFO]: Developers: [AFK][Dev] Poopey
[18:56:53] [Server thread/INFO]: Developers: [AFK][Dev] Poopey
[18:57:40] [Server thread/INFO]: Developers: [AFK][Dev] Poopey
[18:58:26] [Server thread/INFO]: Developers: [AFK][Dev] Poopey
[18:59:13] [Server thread/INFO]: Developers: [AFK][Dev] Poopey
[18:59:59] [Server thread/INFO]: Developers: [AFK][Dev] Poopey
[19:00:46] [Server thread/INFO]: Developers: [AFK][Dev] Poopey
[19:01:33] [Server thread/INFO]: Developers: [AFK][Dev] Poopey
[19:02:19] [Server thread/INFO]: Developers: [AFK][Dev] Poopey
[19:03:06] [Server thread/INFO]: Developers: [AFK][Dev] Poopey
[19:03:52] [Server thread/INFO]: Developers: [AFK][Dev] Poopey
[19:04:39] [Server thread/INFO]: Developers: [AFK][Dev] Poopey
[19:05:25] [Server thread/INFO]: Developers: [AFK][Dev] Poopey
[19:06:12] [Server thread/INFO]: Developers: [AFK][Dev] Poopey
[19:06:38] [Server thread/INFO]: Popey456963 left the game.
[19:27:55] [Server thread/INFO]: Developers: [Dev] Poopey
[19:28:42] [Server thread/INFO]: Developers: [Dev] Poopey
[19:29:28] [Server thread/INFO]: Developers: [Dev] Poopey
[19:30:15] [Server thread/INFO]: Developers: [Dev] Poopey
[19:30:33] [Server thread/INFO]: ThunderCS issued server command: /say heeey
[19:30:33] [Server thread/INFO]: [ThunderCS] heeey
[19:30:40] [Server thread/INFO]: ThunderCS issued server command: /plugins
[19:30:52] [Server thread/INFO]: [Dev] Poopey: Hello Thunder.
[19:30:52] [Server thread/INFO]: ThunderCS issued server command: /warp tntrun
[19:30:55] [Server thread/INFO]: [Dev] Poopey: Still can't talk?
[19:31:00] [Server thread/INFO]: Popey456963 issued server command: /tp thunder
[19:31:01] [Server thread/INFO]: Staff: [Mod] ThunderCS
[19:31:01] [Server thread/INFO]: Developers: [Dev] Poopey
[19:31:03] [Server thread/INFO]: ThunderCS issued server command: /say nope
[19:31:03] [Server thread/INFO]: [ThunderCS] nope
[19:31:10] [Server thread/INFO]: [Dev] Poopey: Let me try something
[19:31:16] [Server thread/INFO]: ThunderCS issued server command: /say yes it is
[19:31:16] [Server thread/INFO]: [ThunderCS] yes it is
[19:31:19] [Server thread/INFO]: ThunderCS issued server command: /warp spawn
[19:31:20] [Server thread/INFO]: Popey456963 issued server command: /pex user ThunderCS group set ""
[19:31:23] [Server thread/INFO]: Popey456963 issued server command: /pex user ThunderCS group set "guest"
[19:31:26] [Server thread/INFO]: Popey456963 issued server command: /pex user ThunderCS group set "owner"
[19:31:26] [Server thread/INFO]: ThunderCS issued server command: /warp spawn
[19:31:27] [Server thread/INFO]: [Dev] Poopey: Try now?
[19:31:46] [Server thread/INFO]: ThunderCS issued server command: /sw setspawn
[19:31:48] [Server thread/INFO]: Staff: [Mod] ThunderCS
[19:31:48] [Server thread/INFO]: Developers: [Dev] Poopey
[19:31:52] [Server thread/INFO]: ThunderCS issued server command: /sw setlobby
[19:32:02] [Server thread/INFO]: Popey456963 issued server command: /back
[19:32:13] [Server thread/INFO]: [Dev] Poopey: Anything important?
[19:32:18] [Server thread/INFO]: Popey456963 issued server command: /plugins
[19:32:21] [Server thread/INFO]: [Dev] Poopey: Let me check the FTRP.
[19:32:23] [Server thread/INFO]: [Dev] Poopey: FTP*
[19:32:30] [Server thread/INFO]: [Dev] Poopey: Indeed.
[19:32:35] [Server thread/INFO]: Staff: [Mod] ThunderCS
[19:32:35] [Server thread/INFO]: Developers: [Dev] Poopey
[19:32:45] [Server thread/INFO]: [Dev] Poopey: Aha, need to install an FTP client.
[19:32:54] [Server thread/INFO]: ThunderCS issued server command: /say ahhh
[19:32:54] [Server thread/INFO]: [ThunderCS] ahhh
[19:32:58] [Server thread/INFO]: ThunderCS issued server command: /sw setlobby
[19:33:09] [Server thread/INFO]: Popey456963 issued server command: /tp thun
[19:33:21] [Server thread/INFO]: Staff: [Mod] ThunderCS
[19:33:21] [Server thread/INFO]: Developers: [Dev] Poopey
[19:33:48] [Server thread/INFO]: Popey456963 issued server command: /tp
[19:33:49] [Server thread/INFO]: Popey456963 issued server command: /pt
[19:33:52] [Server thread/INFO]: Popey456963 issued server command: /pt all
[19:33:54] [Server thread/INFO]: Popey456963 issued server command: /pt
[19:34:08] [Server thread/INFO]: Staff: [Mod] ThunderCS
[19:34:08] [Server thread/INFO]: Developers: [Dev] Poopey
[19:34:32] [Server thread/INFO]: ThunderCS issued server command: /sw setlobby
[19:34:35] [Server thread/INFO]: ThunderCS issued server command: /sw
[19:34:38] [Server thread/INFO]: ThunderCS issued server command: /sw reload
[19:34:42] [Server thread/INFO]: ThunderCS issued server command: /say nope
[19:34:42] [Server thread/INFO]: [ThunderCS] nope
[19:34:54] [Server thread/INFO]: Staff: [Mod] ThunderCS
[19:34:54] [Server thread/INFO]: Developers: [Dev] Poopey
[19:35:02] [Server thread/INFO]: ThunderCS issued server command: /say i wouldnt rly know
[19:35:02] [Server thread/INFO]: [ThunderCS] i wouldnt rly know
[19:35:38] [Server thread/INFO]: ThunderCS issued server command: /sw reload
[19:35:41] [Server thread/INFO]: Staff: [Mod] ThunderCS
[19:35:41] [Server thread/INFO]: Developers: [Dev] Poopey
[19:36:20] [Server thread/INFO]: Popey456963 issued server command: /back
[19:36:27] [Server thread/INFO]: Staff: [Mod] ThunderCS
[19:36:27] [Server thread/INFO]: Developers: [Dev] Poopey
[19:36:56] [Server thread/INFO]: [Dev] Poopey: Thanks for the link
[19:37:06] [Server thread/INFO]: ThunderCS issued server command: /say CB?
[19:37:06] [Server thread/INFO]: [ThunderCS] CB?
[19:37:14] [Server thread/INFO]: Staff: [Mod] ThunderCS
[19:37:14] [Server thread/INFO]: Developers: [Dev] Poopey
[19:37:23] [Server thread/INFO]: [Dev] Poopey: CraftBukkit
[19:37:34] [Server thread/INFO]: ThunderCS issued server command: /say oh ye
[19:37:34] [Server thread/INFO]: [ThunderCS] oh ye
[19:37:40] [Server thread/INFO]: ThunderCS issued server command: /g
[19:38:00] [Server thread/INFO]: Staff: [Mod] ThunderCS
[19:38:00] [Server thread/INFO]: Developers: [Dev] Poopey
[19:38:18] [Server thread/INFO]: [Dev] Poopey: And we might get MVP working (Multi-verse portals)
[19:38:39] [Server thread/INFO]: [Dev] Poopey: No, you get an internal error when you try to make a portal.
[19:38:47] [Server thread/INFO]: Staff: [Mod] ThunderCS
[19:38:47] [Server thread/INFO]: Developers: [Dev] Poopey
[19:39:34] [Server thread/INFO]: Staff: [Mod] ThunderCS
[19:39:34] [Server thread/INFO]: Developers: [Dev] Poopey
[19:40:20] [Server thread/INFO]: Staff: [Mod] ThunderCS
[19:40:20] [Server thread/INFO]: Developers: [Dev] Poopey
[19:40:46] [Server thread/INFO]: ThunderCS issued server command: /say kkk
[19:40:46] [Server thread/INFO]: [ThunderCS] kkk
[19:41:07] [Server thread/INFO]: Staff: [Mod] ThunderCS
[19:41:07] [Server thread/INFO]: Developers: [Dev] Poopey
[19:41:53] [Server thread/INFO]: Staff: [Mod] ThunderCS
[19:41:53] [Server thread/INFO]: Developers: [Dev] Poopey
[19:42:40] [Server thread/INFO]: Staff: [Mod] ThunderCS
[19:42:40] [Server thread/INFO]: Developers: [Dev] Poopey
[19:43:26] [Server thread/INFO]: Staff: [Mod] ThunderCS
[19:43:26] [Server thread/INFO]: Developers: [Dev] Poopey
[19:44:13] [Server thread/INFO]: Staff: [Mod] ThunderCS
[19:44:13] [Server thread/INFO]: Developers: [Dev] Poopey
[19:44:59] [Server thread/INFO]: Staff: [Mod] ThunderCS
[19:44:59] [Server thread/INFO]: Developers: [Dev] Poopey
[19:45:39] [Server thread/INFO]: [Dev] Poopey: Woot! It works =)
[19:45:46] [Server thread/INFO]: Staff: [Mod] ThunderCS
[19:45:46] [Server thread/INFO]: Developers: [Dev] Poopey
[19:45:50] [Server thread/INFO]: [Dev] Poopey: Just managed to restart the server without screwing over perms
[19:46:32] [Server thread/INFO]: Staff: [Mod] ThunderCS
[19:46:32] [Server thread/INFO]: Developers: [Dev] Poopey
[19:47:19] [Server thread/INFO]: Staff: [Mod] ThunderCS
[19:47:19] [Server thread/INFO]: Developers: [Dev] Poopey
[19:48:06] [Server thread/INFO]: Staff: [Mod] ThunderCS
[19:48:06] [Server thread/INFO]: Developers: [Dev] Poopey
[19:48:52] [Server thread/INFO]: Staff: [Mod] ThunderCS
[19:48:52] [Server thread/INFO]: Developers: [Dev] Poopey
[19:49:39] [Server thread/INFO]: Staff: [Mod] ThunderCS
[19:49:39] [Server thread/INFO]: Developers: [Dev] Poopey
[19:50:25] [Server thread/INFO]: Staff: [Mod] ThunderCS
[19:50:25] [Server thread/INFO]: Developers: [Dev] Poopey
[19:51:12] [Server thread/INFO]: Staff: [Mod] ThunderCS
[19:51:12] [Server thread/INFO]: Developers: [Dev] Poopey
[19:51:24] [Server thread/INFO]: [Dev] Poopey: xD
[19:51:31] [Server thread/INFO]: ThunderCS issued server command: /say oh wow xD
[19:51:31] [Server thread/INFO]: [ThunderCS] oh wow xD
[19:51:58] [Server thread/INFO]: Staff: [Mod] ThunderCS
[19:51:58] [Server thread/INFO]: Developers: [Dev] Poopey
[19:52:13] [Server thread/INFO]: ThunderCS issued server command: /toggledownfall
[19:52:13] [Server thread/INFO]: [ThunderCS: Toggled downfall]
[19:52:45] [Server thread/INFO]: ThunderCS issued server command: /say yes
[19:52:45] [Server thread/INFO]: [ThunderCS] yes
[19:52:45] [Server thread/INFO]: Staff: [Mod] ThunderCS
[19:52:45] [Server thread/INFO]: Developers: [Dev] Poopey
[19:53:08] [Server thread/INFO]: ThunderCS issued server command: /sw reload
[19:53:14] [Server thread/INFO]: [Dev] Poopey: It's uploaded
[19:53:19] [Server thread/INFO]: [Dev] Poopey: I'll restart just to make sure it works
[19:53:29] [Server thread/INFO]: ThunderCS issued server command: /say so yea restart
[19:53:29] [Server thread/INFO]: [ThunderCS] so yea restart
[19:53:31] [Server thread/INFO]: Staff: [Mod] ThunderCS
[19:53:31] [Server thread/INFO]: Developers: [Dev] Poopey
[19:53:43] [Server thread/INFO]: Stopping the server
[19:53:43] [Server thread/INFO]: Stopping server
[19:53:43] [Server thread/INFO]: [CraftBook] Disabling CraftBook v3.9-SNAPSHOT
[19:53:43] [Server thread/INFO]: [OnTime] Disabling OnTime v4.1.3
[19:53:43] [Server thread/INFO]: [EpicSpleef] Disabling EpicSpleef v0.0.19
[19:53:43] [Server thread/INFO]: [SkyWars] Disabling SkyWars v1.1-m16
[19:53:43] [Server thread/INFO]: [Multiverse-Core] World 'island-0' was unloaded from memory.
[19:53:43] [Server thread/INFO]: [Multiverse-Core] World island-0 was DELETED.
[19:53:43] [Server thread/INFO]: [CommandSigns] Disabling CommandSigns v1.9.3.2
[19:53:43] [Server thread/INFO]: [HolographicDisplays] Disabling HolographicDisplays v2.1.10
[19:53:43] [Server thread/INFO]: [TNTRun] Disabling TNTRun v3.4
[19:53:43] [Server thread/INFO]: [MobArena] Disabling MobArena v0.97.1
[19:53:43] [Server thread/INFO]: [MobArena] disabled.
[19:53:43] [Server thread/INFO]: [Minigames] Disabling Minigames v1.7.0
[19:53:43] [Server thread/INFO]: Minigames successfully disabled.
[19:53:43] [Server thread/INFO]: [MinigamesLib] Disabling MinigamesLib v1.13.1
[19:53:43] [Server thread/INFO]: [EssentialsSpawn] Disabling EssentialsSpawn vTeamCity
[19:53:43] [Server thread/INFO]: [Vault] Disabling Vault v1.5.6-b49
[19:53:43] [Server thread/INFO]: [Multiverse-Portals] Disabling Multiverse-Portals v2.4-b548
[19:53:43] [Server thread/INFO]: [SuperVanish] Disabling SuperVanish v5.4.3
[19:53:43] [Server thread/INFO]: [Multiverse-NetherPortals] Disabling Multiverse-NetherPortals v2.4-b530
[19:53:43] [Server thread/INFO]: [MultiVerse-NetherPortals] - Disabled
[19:53:43] [Server thread/INFO]: [mcMMO] Disabling mcMMO v1.5.00-b3547
[19:53:47] [Server thread/INFO]: [VoxelSniper] Disabling VoxelSniper v7.1.0
[19:53:47] [Server thread/INFO]: [EssentialsProtect] Disabling EssentialsProtect vTeamCity
[19:53:47] [Server thread/INFO]: [Splegg] Disabling Splegg v1.2
[19:53:47] [Server thread/INFO]: [Multiverse-Core] Disabling Multiverse-Core v2.4-b527
[19:53:47] [Server thread/INFO]: [Multiverse-Core] - Disabled
[19:53:47] [Server thread/INFO]: [WorldGuard] Disabling WorldGuard v6.1
[19:53:47] [Server thread/INFO]: [WorldGuard] Shutting down executor and waiting for any pending tasks...
[19:53:47] [Server thread/INFO]: [LaggRemover] Disabling LaggRemover v0.1.8
[19:53:47] [Server thread/INFO]: [LaggRemover] LaggRemover has been disabled!
[19:53:47] [Server thread/INFO]: [PlugMan] Disabling PlugMan v2.0.7
[19:53:47] [Server thread/INFO]: [Essentials] Disabling Essentials vTeamCity
[19:53:47] [Server thread/INFO]: [WorldEdit] Disabling WorldEdit v6.1;no_git_id
[19:53:47] [Server thread/INFO]: [DisguiseCraft] Disabling DisguiseCraft v5.2
[19:53:47] [Server thread/INFO]: ThunderCS left the game.
