[20:43:53] [Server thread/INFO]: Loading properties
[20:43:53] [Server thread/INFO]: Default game type: SURVIVAL
[20:43:53] [Server thread/INFO]: Using epoll channel type
[20:43:54] [Server thread/INFO]: [DisguiseCraft] Loading DisguiseCraft v5.2
[20:43:54] [Server thread/INFO]: [WorldEdit] Loading WorldEdit v6.1;no_git_id
[20:43:54] [Server thread/INFO]: [Essentials] Loading Essentials vTeamCity
[20:43:54] [Server thread/INFO]: [PlugMan] Loading PlugMan v2.0.7
[20:43:54] [Server thread/INFO]: [LaggRemover] Loading LaggRemover v0.1.8
[20:43:54] [Server thread/INFO]: [WorldGuard] Loading WorldGuard v6.1
[20:43:54] [Server thread/INFO]: [Multiverse-Core] Loading Multiverse-Core v2.4-b527
[20:43:54] [Server thread/INFO]: [Splegg] Loading Splegg v1.2
[20:43:54] [Server thread/INFO]: [EssentialsProtect] Loading EssentialsProtect vTeamCity
[20:43:54] [Server thread/INFO]: [VoxelSniper] Loading VoxelSniper v7.1.0
[20:43:54] [Server thread/INFO]: [mcMMO] Loading mcMMO v1.5.00-b3547
[20:43:54] [Server thread/INFO]: [Multiverse-NetherPortals] Loading Multiverse-NetherPortals v2.4-b530
[20:43:54] [Server thread/INFO]: [SuperVanish] Loading SuperVanish v5.4.3
[20:43:54] [Server thread/INFO]: [Multiverse-Portals] Loading Multiverse-Portals v2.4-b548
[20:43:54] [Server thread/INFO]: [Vault] Loading Vault v1.5.6-b49
[20:43:54] [Server thread/INFO]: [EssentialsSpawn] Loading EssentialsSpawn vTeamCity
[20:43:54] [Server thread/INFO]: [MinigamesLib] Loading MinigamesLib v1.13.1
[20:43:54] [Server thread/INFO]: [Minigames] Loading Minigames v1.7.0
[20:43:54] [Server thread/INFO]: [MobArena] Loading MobArena v0.97.1
[20:43:54] [Server thread/INFO]: [TNTRun] Loading TNTRun v3.4
[20:43:54] [Server thread/INFO]: [HolographicDisplays] Loading HolographicDisplays v2.1.10
[20:43:54] [Server thread/INFO]: [CommandSigns] Loading CommandSigns v1.9.3.2
[20:43:54] [Server thread/INFO]: [SkyWars] Loading SkyWars v1.1-m16
[20:43:54] [Server thread/INFO]: [EpicSpleef] Loading EpicSpleef v0.0.19
[20:43:54] [Server thread/INFO]: [OnTime] Loading OnTime v4.1.3
[20:43:54] [Server thread/INFO]: [CraftBook] Loading CraftBook v3.9-SNAPSHOT
[20:43:54] [Server thread/INFO]: [mcMMO] Enabling mcMMO v1.5.00-b3547
[20:43:56] [Server thread/INFO]: [Vault] Enabling Vault v1.5.6-b49
[20:43:57] [Server thread/INFO]: [DisguiseCraft] Enabling DisguiseCraft v5.2
[20:43:57] [Server thread/INFO]: [WorldEdit] Enabling WorldEdit v6.1;no_git_id
[20:43:58] [Server thread/INFO]: [WorldEdit] Using com.sk89q.worldedit.bukkit.adapter.impl.Spigot_v1_8_R3 as the Bukkit adapter
[20:43:58] [Server thread/INFO]: [Essentials] Enabling Essentials vTeamCity
[20:43:58] [Server thread/INFO]: git-Bukkit-9935adc (MC: 1.8.8)
[20:43:58] [Server thread/INFO]: 1.8.8-R0.1-SNAPSHOT
[20:43:58] [Server thread/INFO]: Using locale en_US
[20:43:58] [Server thread/INFO]: Using locale en_US
[20:43:58] [Server thread/INFO]: [PlugMan] Enabling PlugMan v2.0.7
[20:43:58] [Server thread/INFO]: [LaggRemover] Enabling LaggRemover v0.1.8
[20:43:58] [Server thread/INFO]: [LaggRemover] LaggRemover has been enabled!
[20:43:58] [Server thread/INFO]: [WorldGuard] Enabling WorldGuard v6.1
[20:43:59] [Server thread/INFO]: [WorldGuard] (TEST) Lighters are PERMITTED.
[20:43:59] [Server thread/INFO]: [WorldGuard] (TEST) Lava fire is blocked.
[20:43:59] [Server thread/INFO]: [WorldGuard] (TEST) Fire spread is UNRESTRICTED.
[20:43:59] [Server thread/INFO]: [WorldGuard] (TEST_nether) Lighters are PERMITTED.
[20:43:59] [Server thread/INFO]: [WorldGuard] (TEST_nether) Lava fire is blocked.
[20:43:59] [Server thread/INFO]: [WorldGuard] (TEST_nether) Fire spread is UNRESTRICTED.
[20:43:59] [Server thread/INFO]: [WorldGuard] (TEST_the_end) Lighters are PERMITTED.
[20:43:59] [Server thread/INFO]: [WorldGuard] (TEST_the_end) Lava fire is blocked.
[20:43:59] [Server thread/INFO]: [WorldGuard] (TEST_the_end) Fire spread is UNRESTRICTED.
[20:43:59] [Server thread/INFO]: [Multiverse-Core] Enabling Multiverse-Core v2.4-b527
[20:43:59] [Server thread/INFO]: [Multiverse-Core] Loading World & Settings - 'TEST' - Env: NORMAL - Type: NORMAL & seed: -2024018835920597302
[20:43:59] [Server thread/INFO]: [Multiverse-Core] Loading World & Settings - 'TEST_nether' - Env: NETHER - Type: NORMAL & seed: -2024018835920597302
[20:43:59] [Server thread/INFO]: [Multiverse-Core] Loading World & Settings - 'TEST_the_end' - Env: THE_END - Type: NORMAL & seed: -2024018835920597302
[20:43:59] [Server thread/INFO]: [Multiverse-Core] Loading World & Settings - 'lobby' - Env: NORMAL - Type: NORMAL & seed: -3770714656453924402
[20:43:59] [Server thread/INFO]: [WorldGuard] (lobby) Lighters are PERMITTED.
[20:43:59] [Server thread/INFO]: [WorldGuard] (lobby) Lava fire is blocked.
[20:43:59] [Server thread/INFO]: [WorldGuard] (lobby) Fire spread is UNRESTRICTED.
[20:43:59] [Server thread/INFO]: [Multiverse-Core] Loading World & Settings - 'minigames' - Env: NORMAL - Type: FLAT & seed: 2973644325369467684
[20:44:00] [Server thread/INFO]: [WorldGuard] (minigames) Lighters are PERMITTED.
[20:44:00] [Server thread/INFO]: [WorldGuard] (minigames) Lava fire is blocked.
[20:44:00] [Server thread/INFO]: [WorldGuard] (minigames) Fire spread is UNRESTRICTED.
[20:44:00] [Server thread/INFO]: [Multiverse-Core] Loading World & Settings - 'Skywars' - Env: NORMAL - Type: FLAT & seed: 3121935573477155779
[20:44:00] [Server thread/INFO]: [WorldGuard] (Skywars) Lighters are PERMITTED.
[20:44:00] [Server thread/INFO]: [WorldGuard] (Skywars) Lava fire is blocked.
[20:44:00] [Server thread/INFO]: [WorldGuard] (Skywars) Fire spread is UNRESTRICTED.
[20:44:00] [Server thread/INFO]: [Multiverse-Core] Loading World & Settings - 'spawn' - Env: NORMAL - Type: NORMAL & seed: 2261197457111850464
[20:44:01] [Server thread/INFO]: [WorldGuard] (spawn) Lighters are PERMITTED.
[20:44:01] [Server thread/INFO]: [WorldGuard] (spawn) Lava fire is blocked.
[20:44:01] [Server thread/INFO]: [WorldGuard] (spawn) Fire spread is UNRESTRICTED.
[20:44:01] [Server thread/INFO]: [Multiverse-Core] 8 - World(s) loaded.
[20:44:01] [Server thread/INFO]: [Splegg] Enabling Splegg v1.2
[20:44:01] [Server thread/INFO]: [Splegg] Loading map SpleggOne.
[20:44:01] [Server thread/INFO]: [Splegg] Map is usable
[20:44:01] [Server thread/INFO]: [Splegg] Load Complete!
[20:44:01] [Server thread/INFO]: [Splegg] Loading map ArenaOne.
[20:44:01] [Server thread/INFO]: [Splegg] Spawn count is 0
[20:44:01] [Server thread/INFO]: [Splegg] No floors are setup.
[20:44:01] [Server thread/INFO]: [Splegg] --<>-- PLEASE SETUP MAP!! --<>--
[20:44:01] [Server thread/INFO]: [Splegg] Load Complete!
[20:44:01] [Server thread/INFO]: [EssentialsProtect] Enabling EssentialsProtect vTeamCity
[20:44:01] [Server thread/INFO]: [VoxelSniper] Enabling VoxelSniper v7.1.0
[20:44:01] [Server thread/INFO]: [Multiverse-NetherPortals] Enabling Multiverse-NetherPortals v2.4-b530
[20:44:01] [Server thread/INFO]: [SuperVanish] Enabling SuperVanish v5.4.3
[20:44:01] [Server thread/INFO]: [Multiverse-Portals] Enabling Multiverse-Portals v2.4-b548
[20:44:01] [Server thread/INFO]: [Multiverse-Portals]  1 - Portals(s) loaded
[20:44:01] [Server thread/INFO]: [EssentialsSpawn] Enabling EssentialsSpawn vTeamCity
[20:44:01] [Server thread/INFO]: [MinigamesLib] Enabling MinigamesLib v1.13.1
[20:44:01] [Server thread/INFO]: [Minigames] Enabling Minigames v1.7.0
[20:44:01] [Server thread/INFO]: [Minigames] Using lang en_AU
[20:44:02] [Server thread/INFO]: Minigames successfully enabled.
[20:44:02] [Server thread/INFO]: [MobArena] Enabling MobArena v0.97.1
[20:44:02] [Server thread/INFO]: [MobArena] Loaded arena 'default'
[20:44:02] [Server thread/INFO]: [MobArena] Loaded arena 'god-arena'
[20:44:02] [Server thread/INFO]: [MobArena] v0.97.1 enabled.
[20:44:02] [Server thread/INFO]: [TNTRun] Enabling TNTRun v3.4
[20:44:02] [Server thread/INFO]: [HolographicDisplays] Enabling HolographicDisplays v2.1.10
[20:44:02] [Server thread/INFO]: [CommandSigns] Enabling CommandSigns v1.9.3.2
[20:44:02] [Server thread/INFO]: [CommandSigns] No signs found.
[20:44:03] [Server thread/INFO]: [SkyWars] Enabling SkyWars v1.1-m16
[20:44:04] [Server thread/INFO]: [WorldGuard] (island-0) Lighters are PERMITTED.
[20:44:04] [Server thread/INFO]: [WorldGuard] (island-0) Lava fire is blocked.
[20:44:04] [Server thread/INFO]: [WorldGuard] (island-0) Fire spread is UNRESTRICTED.
[20:44:04] [Server thread/INFO]: [EpicSpleef] Enabling EpicSpleef v0.0.19
[20:44:04] [Server thread/INFO]: [EpicSpleef] Enabling EpicSpleef by BtoBastian
[20:44:05] [Server thread/INFO]: [EpicSpleef] Loading lobby SpleefOne
[20:44:05] [Server thread/INFO]: [EpicSpleef] Loading arena ArenaOne
[20:44:05] [Server thread/INFO]: [EpicSpleef] Successfully loaded arena ArenaOne. (world: minigames, blocks: 5233, maxPlayers: 0)
[20:44:05] [Server thread/INFO]: [EpicSpleef] Loading arena SpleefOne
[20:44:05] [Server thread/INFO]: [EpicSpleef] Successfully loaded arena SpleefOne. (world: minigames, blocks: 0, maxPlayers: 0)
[20:44:05] [Server thread/INFO]: [OnTime] Enabling OnTime v4.1.3
[20:44:05] [Server thread/INFO]: [CraftBook] Enabling CraftBook v3.9-SNAPSHOT
[20:44:05] [Server thread/INFO]: [CraftBook] Successfully added 1 CommandItems!
[20:44:05] [Server thread/INFO]: [CraftBook] Registered 3 custom recipes!
[20:44:06] [Server thread/INFO]: [CraftBook] 5797 chunk(s) for 9 world(s) processed (35ms elapsed)
[20:44:09] [Server thread/INFO]: Found 0 arenas.
[20:44:12] [Server thread/INFO]: ThunderCS issued server command: /warp skywars
[20:44:52] [Server thread/INFO]: Staff: [Mod] ThunderCS
[20:44:52] [Server thread/INFO]: Developers: [Dev] Poopey
[20:44:58] [Server thread/INFO]: Popey456963 issued server command: /tp thund
[20:45:26] [Server thread/INFO]: Popey456963 fell out of the world
[20:45:39] [Server thread/INFO]: Staff: [Mod] ThunderCS
[20:45:39] [Server thread/INFO]: Members: [Member] Raichu
[20:45:39] [Server thread/INFO]: Developers: [Dev] Poopey
[20:45:47] [Server thread/INFO]: ThunderCS issued server command: /sw leave
[20:45:51] [Server thread/INFO]: ThunderCS issued server command: /gm 1
[20:46:25] [Server thread/INFO]: Staff: [Mod] ThunderCS
[20:46:25] [Server thread/INFO]: Members: [Member] Raichu
[20:46:25] [Server thread/INFO]: Developers: [Dev] Poopey
[20:46:39] [Server thread/INFO]: Raichu3000 issued server command: /sw leave
[20:46:48] [Server thread/INFO]: Popey456963 issued server command: /gm 1
[20:47:12] [Server thread/INFO]: Staff: [Admin] Chris, [Mod] ThunderCS
[20:47:12] [Server thread/INFO]: Members: [Member] Raichu
[20:47:12] [Server thread/INFO]: Developers: [Dev] Poopey
[20:47:42] [Server thread/INFO]: Crustifer issued server command: /tp pop
[20:47:44] [Server thread/INFO]: ThunderCS issued server command: /sw reload
[20:47:46] [Server thread/INFO]: Crustifer issued server command: /tp rai
[20:47:50] [Server thread/INFO]: Crustifer issued server command: /tp thunder
[20:47:52] [Server thread/INFO]: ThunderCS issued server command: /gm 1
[20:47:58] [Server thread/INFO]: ThunderCS issued server command: /sw leave
[20:47:58] [Server thread/INFO]: Staff: [Admin] Chris, [Mod] ThunderCS
[20:47:58] [Server thread/INFO]: Members: [Member] Raichu
[20:47:58] [Server thread/INFO]: Developers: [Dev] Poopey
[20:48:31] [Server thread/INFO]: Raichu3000 issued server command: /gamemode 1
[20:48:38] [Server thread/INFO]: Popey456963 issued server command: /tp crust
[20:48:45] [Server thread/INFO]: Staff: [Admin] Chris, [Mod] ThunderCS
[20:48:45] [Server thread/INFO]: Members: [Member] Raichu
[20:48:45] [Server thread/INFO]: Developers: [Dev] Poopey
[20:48:48] [Server thread/INFO]: Popey456963 issued server command: /sw reload
[20:48:52] [Server thread/INFO]: ThunderCS issued server command: /sw leave
[20:49:32] [Server thread/INFO]: Staff: [Admin] Chris, [Mod] ThunderCS
[20:49:32] [Server thread/INFO]: Members: [Member] Raichu
[20:49:32] [Server thread/INFO]: Developers: [Dev] Poopey
[20:49:39] [Server thread/INFO]: ThunderCS issued server command: /mpv
[20:49:41] [Server thread/INFO]: Popey456963 issued server command: /TP THUND
[20:49:42] [Server thread/INFO]: Raichu3000 issued server command: /sw leave
[20:49:45] [Server thread/INFO]: ThunderCS issued server command: /mnv
[20:49:50] [Server thread/INFO]: Raichu3000 issued server command: /gamemode 1
[20:50:01] [Server thread/INFO]: [Dev] Poopey: ./mvm set difficulty 0
[20:50:11] [Server thread/INFO]: ThunderCS issued server command: /mvm setdifficult 0
[20:50:18] [Server thread/INFO]: Staff: [Admin] Chris, [Mod] ThunderCS
[20:50:18] [Server thread/INFO]: Members: [Member] Raichu
[20:50:18] [Server thread/INFO]: Developers: [Dev] Poopey
[20:50:21] [Server thread/INFO]: Popey456963 issued server command: /gm 1
[20:50:21] [Server thread/INFO]: ThunderCS issued server command: /gm 1
[20:50:27] [Server thread/INFO]: ThunderCS issued server command: /fly
[20:50:35] [Server thread/INFO]: Popey456963 issued server command: /sw leave
[20:50:36] [Server thread/INFO]: ThunderCS issued server command: /sw leave
[20:50:40] [Server thread/INFO]: Popey456963 issued server command: /tp pop
[20:50:40] [Server thread/INFO]: ThunderCS issued server command: /tp chr
[20:50:40] [Server thread/INFO]: Raichu3000 issued server command: /sw leave
[20:50:42] [Server thread/INFO]: Popey456963 issued server command: /tp thund
[20:50:43] [Server thread/INFO]: ThunderCS issued server command: /gm 1
[20:50:44] [Server thread/INFO]: Raichu3000 issued server command: /gamemode 1
[20:50:46] [Server thread/INFO]: Popey456963 issued server command: /gm 1
[20:50:47] [Server thread/INFO]: Raichu3000 issued server command: /tp thunder
[20:50:59] [Server thread/INFO]: Popey456963 issued server command: /pt tnt
[20:51:01] [Server thread/INFO]: [PT] Popey456963 issued server command: /tnt
[20:51:05] [Server thread/INFO]: Staff: [Admin] Chris, [Mod] ThunderCS
[20:51:05] [Server thread/INFO]: Members: [Member] Raichu
[20:51:05] [Server thread/INFO]: Developers: [Dev] Poopey
[20:51:25] [Server thread/INFO]: [PT] Popey456963 issued server command: /tnt
[20:51:25] [Server thread/INFO]: [PT] Popey456963 issued server command: /tnt
[20:51:25] [Server thread/INFO]: [PT] Popey456963 issued server command: /tnt
[20:51:25] [Server thread/INFO]: [PT] Popey456963 issued server command: /tnt
[20:51:25] [Server thread/INFO]: [PT] Popey456963 issued server command: /tnt
[20:51:26] [Server thread/INFO]: [PT] Popey456963 issued server command: /tnt
[20:51:26] [Server thread/INFO]: [PT] Popey456963 issued server command: /tnt
[20:51:26] [Server thread/INFO]: [PT] Popey456963 issued server command: /tnt
[20:51:26] [Server thread/INFO]: [PT] Popey456963 issued server command: /tnt
[20:51:26] [Server thread/INFO]: [PT] Popey456963 issued server command: /tnt
[20:51:27] [Server thread/INFO]: [PT] Popey456963 issued server command: /tnt
[20:51:27] [Server thread/INFO]: [PT] Popey456963 issued server command: /tnt
[20:51:27] [Server thread/INFO]: [PT] Popey456963 issued server command: /tnt
[20:51:27] [Server thread/INFO]: [PT] Popey456963 issued server command: /tnt
[20:51:27] [Server thread/INFO]: [PT] Popey456963 issued server command: /tnt
[20:51:27] [Server thread/INFO]: [PT] Popey456963 issued server command: /tnt
[20:51:28] [Server thread/INFO]: [PT] Popey456963 issued server command: /tnt
[20:51:28] [Server thread/INFO]: [PT] Popey456963 issued server command: /tnt
[20:51:28] [Server thread/INFO]: [PT] Popey456963 issued server command: /tnt
[20:51:28] [Server thread/INFO]: [PT] Popey456963 issued server command: /tnt
[20:51:28] [Server thread/INFO]: [PT] Popey456963 issued server command: /tnt
[20:51:29] [Server thread/INFO]: [PT] Popey456963 issued server command: /tnt
[20:51:29] [Server thread/INFO]: [PT] Popey456963 issued server command: /tnt
[20:51:29] [Server thread/INFO]: [PT] Popey456963 issued server command: /tnt
[20:51:29] [Server thread/INFO]: [PT] Popey456963 issued server command: /tnt
[20:51:30] [Server thread/INFO]: [PT] Popey456963 issued server command: /tnt
[20:51:30] [Server thread/INFO]: [PT] Popey456963 issued server command: /tnt
[20:51:30] [Server thread/INFO]: [PT] Popey456963 issued server command: /tnt
[20:51:30] [Server thread/INFO]: [PT] Popey456963 issued server command: /tnt
[20:51:30] [Server thread/INFO]: [PT] Popey456963 issued server command: /tnt
[20:51:31] [Server thread/INFO]: [PT] Popey456963 issued server command: /tnt
[20:51:31] [Server thread/INFO]: [PT] Popey456963 issued server command: /tnt
[20:51:31] [Server thread/INFO]: [PT] Popey456963 issued server command: /tnt
[20:51:31] [Server thread/INFO]: [PT] Popey456963 issued server command: /tnt
[20:51:32] [Server thread/INFO]: [PT] Popey456963 issued server command: /tnt
[20:51:32] [Server thread/INFO]: [PT] Popey456963 issued server command: /tnt
[20:51:32] [Server thread/INFO]: [PT] Popey456963 issued server command: /tnt
[20:51:32] [Server thread/INFO]: [PT] Popey456963 issued server command: /tnt
[20:51:38] [Server thread/INFO]: Raichu3000 issued server command: /sw leave
[20:51:51] [Server thread/INFO]: ThunderCS issued server command: /sw leave
[20:51:51] [Server thread/INFO]: Staff: [Admin] Chris, [Mod] ThunderCS
[20:51:51] [Server thread/INFO]: Members: [Member] Raichu
[20:51:51] [Server thread/INFO]: Developers: [Dev] Poopey
[20:51:53] [Server thread/INFO]: Stopping the server
[20:51:53] [Server thread/INFO]: Stopping server
[20:51:53] [Server thread/INFO]: [CraftBook] Disabling CraftBook v3.9-SNAPSHOT
[20:51:53] [Server thread/INFO]: [OnTime] Disabling OnTime v4.1.3
[20:51:53] [Server thread/INFO]: [EpicSpleef] Disabling EpicSpleef v0.0.19
[20:51:53] [Server thread/INFO]: [SkyWars] Disabling SkyWars v1.1-m16
[20:51:53] [Server thread/INFO]: [Multiverse-Core] World 'island-0' was unloaded from memory.
[20:51:53] [Server thread/INFO]: [Multiverse-Core] World island-0 was DELETED.
[20:51:53] [Server thread/INFO]: [CommandSigns] Disabling CommandSigns v1.9.3.2
[20:51:53] [Server thread/INFO]: [HolographicDisplays] Disabling HolographicDisplays v2.1.10
[20:51:53] [Server thread/INFO]: [TNTRun] Disabling TNTRun v3.4
[20:51:53] [Server thread/INFO]: [MobArena] Disabling MobArena v0.97.1
[20:51:53] [Server thread/INFO]: [MobArena] disabled.
[20:51:53] [Server thread/INFO]: [Minigames] Disabling Minigames v1.7.0
[20:51:53] [Server thread/INFO]: Minigames successfully disabled.
[20:51:53] [Server thread/INFO]: [MinigamesLib] Disabling MinigamesLib v1.13.1
[20:51:53] [Server thread/INFO]: [EssentialsSpawn] Disabling EssentialsSpawn vTeamCity
[20:51:53] [Server thread/INFO]: [Vault] Disabling Vault v1.5.6-b49
[20:51:53] [Server thread/INFO]: [Multiverse-Portals] Disabling Multiverse-Portals v2.4-b548
[20:51:53] [Server thread/INFO]: [SuperVanish] Disabling SuperVanish v5.4.3
[20:51:53] [Server thread/INFO]: [Multiverse-NetherPortals] Disabling Multiverse-NetherPortals v2.4-b530
[20:51:53] [Server thread/INFO]: [MultiVerse-NetherPortals] - Disabled
[20:51:53] [Server thread/INFO]: [mcMMO] Disabling mcMMO v1.5.00-b3547
[20:51:59] [Server thread/INFO]: [VoxelSniper] Disabling VoxelSniper v7.1.0
[20:51:59] [Server thread/INFO]: [EssentialsProtect] Disabling EssentialsProtect vTeamCity
[20:51:59] [Server thread/INFO]: [Splegg] Disabling Splegg v1.2
[20:51:59] [Server thread/INFO]: [Multiverse-Core] Disabling Multiverse-Core v2.4-b527
[20:51:59] [Server thread/INFO]: [Multiverse-Core] - Disabled
[20:51:59] [Server thread/INFO]: [WorldGuard] Disabling WorldGuard v6.1
[20:51:59] [Server thread/INFO]: [WorldGuard] Shutting down executor and waiting for any pending tasks...
[20:51:59] [Server thread/INFO]: [LaggRemover] Disabling LaggRemover v0.1.8
[20:51:59] [Server thread/INFO]: [LaggRemover] LaggRemover has been disabled!
[20:51:59] [Server thread/INFO]: [PlugMan] Disabling PlugMan v2.0.7
[20:51:59] [Server thread/INFO]: [Essentials] Disabling Essentials vTeamCity
[20:51:59] [Server thread/INFO]: [WorldEdit] Disabling WorldEdit v6.1;no_git_id
[20:51:59] [Server thread/INFO]: [DisguiseCraft] Disabling DisguiseCraft v5.2
[20:51:59] [Server thread/INFO]: Crustifer left the game.
[20:51:59] [Server thread/INFO]: Popey456963 left the game.
