[02:55:22] [Server thread/INFO]: Loading properties
[02:55:22] [Server thread/INFO]: Default game type: SURVIVAL
[02:55:22] [Server thread/INFO]: Using epoll channel type
[02:55:23] [Server thread/INFO]: [WorldEdit] Loading WorldEdit v6.1;no_git_id
[02:55:23] [Server thread/INFO]: [Essentials] Loading Essentials vTeamCity
[02:55:23] [Server thread/INFO]: [VoxelSniper] Loading VoxelSniper v7.1.0
[02:55:23] [Server thread/INFO]: [Vault] Loading Vault v1.5.6-b49
[02:55:23] [Server thread/INFO]: [EssentialsSpawn] Loading EssentialsSpawn vTeamCity
[02:55:23] [Server thread/INFO]: [WorldGuard] Loading WorldGuard v6.1
[02:55:23] [Server thread/INFO]: [Multiverse-Core] Loading Multiverse-Core v2.4-b527
[02:55:23] [Server thread/INFO]: [OnTime] Loading OnTime v4.1.3
[02:55:23] [Server thread/INFO]: [EssentialsProtect] Loading EssentialsProtect vTeamCity
[02:55:23] [Server thread/INFO]: [HeavySpleef] Loading HeavySpleef v2.1.1
[02:55:23] [Server thread/INFO]: [MobArena] Loading MobArena v0.97.1
[02:55:23] [Server thread/INFO]: [CraftBook] Loading CraftBook v3.9-SNAPSHOT
[02:55:23] [Server thread/INFO]: [Multiverse-NetherPortals] Loading Multiverse-NetherPortals v2.4-b530
[02:55:23] [Server thread/INFO]: [Multiverse-Portals] Loading Multiverse-Portals v2.4-b548
[02:55:23] [Server thread/INFO]: [Vault] Enabling Vault v1.5.6-b49
[02:55:25] [Server thread/INFO]: [WorldEdit] Enabling WorldEdit v6.1;no_git_id
[02:55:25] [Server thread/INFO]: [WorldEdit] Using com.sk89q.worldedit.bukkit.adapter.impl.Spigot_v1_8_R3 as the Bukkit adapter
[02:55:25] [Server thread/INFO]: [Essentials] Enabling Essentials vTeamCity
[02:55:25] [Server thread/INFO]: git-Bukkit-9935adc (MC: 1.8.8)
[02:55:25] [Server thread/INFO]: 1.8.8-R0.1-SNAPSHOT
[02:55:25] [Server thread/INFO]: Using locale en_GB
[02:55:25] [Server thread/INFO]: Using locale en_GB
[02:55:25] [Server thread/INFO]: [VoxelSniper] Enabling VoxelSniper v7.1.0
[02:55:26] [Server thread/INFO]: [EssentialsSpawn] Enabling EssentialsSpawn vTeamCity
[02:55:26] [Server thread/INFO]: [WorldGuard] Enabling WorldGuard v6.1
[02:55:27] [Server thread/INFO]: [WorldGuard] (TEST) Lighters are PERMITTED.
[02:55:27] [Server thread/INFO]: [WorldGuard] (TEST) Lava fire is blocked.
[02:55:27] [Server thread/INFO]: [WorldGuard] (TEST) Fire spread is UNRESTRICTED.
[02:55:27] [Server thread/INFO]: [WorldGuard] (TEST_nether) Lighters are PERMITTED.
[02:55:27] [Server thread/INFO]: [WorldGuard] (TEST_nether) Lava fire is blocked.
[02:55:27] [Server thread/INFO]: [WorldGuard] (TEST_nether) Fire spread is UNRESTRICTED.
[02:55:27] [Server thread/INFO]: [WorldGuard] (TEST_the_end) Lighters are PERMITTED.
[02:55:27] [Server thread/INFO]: [WorldGuard] (TEST_the_end) Lava fire is blocked.
[02:55:27] [Server thread/INFO]: [WorldGuard] (TEST_the_end) Fire spread is UNRESTRICTED.
[02:55:27] [Server thread/INFO]: [Multiverse-Core] Enabling Multiverse-Core v2.4-b527
[02:55:27] [Server thread/INFO]: [Multiverse-Core] Loading World & Settings - 'TEST' - Env: NORMAL - Type: NORMAL & seed: -2024018835920597302
[02:55:27] [Server thread/INFO]: [Multiverse-Core] Loading World & Settings - 'TEST_nether' - Env: NETHER - Type: NORMAL & seed: -2024018835920597302
[02:55:27] [Server thread/INFO]: [Multiverse-Core] Loading World & Settings - 'TEST_the_end' - Env: THE_END - Type: NORMAL & seed: -2024018835920597302
[02:55:27] [Server thread/INFO]: [Multiverse-Core] Loading World & Settings - 'TEST' - Env: NORMAL - Type: NORMAL & seed: -2024018835920597302
[02:55:27] [Server thread/INFO]: [Multiverse-Core] Loading World & Settings - 'TEST_nether' - Env: NETHER - Type: NORMAL & seed: -2024018835920597302
[02:55:27] [Server thread/INFO]: [Multiverse-Core] Loading World & Settings - 'TEST_the_end' - Env: THE_END - Type: NORMAL & seed: -2024018835920597302
[02:55:27] [Server thread/INFO]: [Multiverse-Core] 3 - World(s) loaded.
[02:55:27] [Server thread/INFO]: [OnTime] Enabling OnTime v4.1.3
[02:55:27] [Server thread/INFO]: [EssentialsProtect] Enabling EssentialsProtect vTeamCity
[02:55:27] [Server thread/INFO]: [HeavySpleef] Enabling HeavySpleef v2.1.1
[02:55:27] [Server thread/INFO]: [MobArena] Enabling MobArena v0.97.1
[02:55:28] [Server thread/INFO]: [MobArena] Loaded arena 'default'
[02:55:28] [Server thread/INFO]: [MobArena] v0.97.1 enabled.
[02:55:28] [Server thread/INFO]: [CraftBook] Enabling CraftBook v3.9-SNAPSHOT
[02:55:28] [Server thread/INFO]: [CraftBook] Successfully added 1 CommandItems!
[02:55:28] [Server thread/INFO]: [CraftBook] Registered 3 custom recipes!
[02:55:28] [Server thread/INFO]: [CraftBook] 1875 chunk(s) for 3 world(s) processed (10ms elapsed)
[02:55:28] [Server thread/INFO]: [Multiverse-NetherPortals] Enabling Multiverse-NetherPortals v2.4-b530
[02:55:28] [Server thread/INFO]: [Multiverse-Portals] Enabling Multiverse-Portals v2.4-b548
[02:55:28] [Server thread/INFO]: [Multiverse-Portals]  0 - Portals(s) loaded
[02:55:47] [Server thread/INFO]: Popey456963 issued server command: /mv
[02:55:53] [Server thread/INFO]: Popey456963 issued server command: /mv import
[02:56:15] [Server thread/INFO]: Admins: [Owner]Popey456963
[02:56:47] [Server thread/INFO]: [Multiverse-Core] Loading World & Settings - 'lobby' - Env: NORMAL - Type: NORMAL
[02:56:48] [Server thread/INFO]: [WorldGuard] (lobby) Lighters are PERMITTED.
[02:56:48] [Server thread/INFO]: [WorldGuard] (lobby) Lava fire is blocked.
[02:56:48] [Server thread/INFO]: [WorldGuard] (lobby) Fire spread is UNRESTRICTED.
[02:56:49] [Server thread/INFO]: Preparing spawn area for lobby, 4%
[02:56:50] [Server thread/INFO]: Preparing spawn area for lobby, 12%
[02:56:51] [Server thread/INFO]: Preparing spawn area for lobby, 20%
[02:56:52] [Server thread/INFO]: Preparing spawn area for lobby, 32%
[02:56:53] [Server thread/INFO]: Preparing spawn area for lobby, 48%
[02:56:54] [Server thread/INFO]: Preparing spawn area for lobby, 61%
[02:56:55] [Server thread/INFO]: Preparing spawn area for lobby, 69%
[02:56:56] [Server thread/INFO]: Preparing spawn area for lobby, 81%
[02:56:57] [Server thread/INFO]: Preparing spawn area for lobby, 93%
[02:56:59] [Server thread/INFO]: Popey456963: Complete!
[02:57:01] [Server thread/INFO]: Admins: [Owner]Popey456963
[02:57:07] [Server thread/INFO]: Popey456963 issued server command: /mv tp lobby
[02:57:18] [Server thread/INFO]: Popey456963 issued server command: /mv spawn
[02:57:28] [Server thread/INFO]: Popey456963 issued server command: /mv modify set
[02:57:40] [Server thread/INFO]: Popey456963 issued server command: /mvm set mode adventure
[02:57:48] [Server thread/INFO]: Admins: [Owner]Popey456963
[02:57:53] [Server thread/INFO]: Popey456963 issued server command: /mvm set animals false
[02:57:58] [Server thread/INFO]: Popey456963 issued server command: /mvm set alias Lobby
[02:58:13] [Server thread/INFO]: Popey456963 issued server command: /mvm set pvp false
[02:58:16] [Server thread/INFO]: Popey456963 issued server command: /mvm set pvp2 false
[02:58:34] [Server thread/INFO]: Admins: [Owner]Popey456963
[02:59:21] [Server thread/INFO]: Admins: [Owner]Popey456963
[02:59:46] [Server thread/INFO]: Popey456963 issued server command: /mvp wand
[02:59:49] [Server thread/INFO]: Popey456963 issued server command: /mv spawn
[02:59:51] [Server thread/INFO]: Popey456963 issued server command: /mv setspawn
[03:00:07] [Server thread/INFO]: Admins: [Owner]Popey456963
[03:00:12] [Server thread/INFO]: Popey456963 issued server command: //set 0
[03:00:24] [Server thread/INFO]: Popey456963 issued server command: //expand 20 up
[03:00:27] [Server thread/INFO]: Popey456963 issued server command: //walls dirt
[03:00:48] [Server thread/INFO]: Popey456963 issued server command: /mvp wand
[03:00:50] [Server thread/INFO]: Popey456963 issued server command: /mvm set spwan
[03:00:54] [Server thread/INFO]: Admins: [Owner]Popey456963
[03:00:54] [Server thread/INFO]: Popey456963 issued server command: /mv setspawn
[03:00:57] [Server thread/INFO]: Popey456963 issued server command: /mv spawn
[03:01:39] [Server thread/INFO]: [Multiverse-Core] Loading World & Settings - 'minigames' - Env: NORMAL - Type: FLAT
[03:01:39] [Server thread/INFO]: [WorldGuard] (minigames) Lighters are PERMITTED.
[03:01:39] [Server thread/INFO]: [WorldGuard] (minigames) Lava fire is blocked.
[03:01:39] [Server thread/INFO]: [WorldGuard] (minigames) Fire spread is UNRESTRICTED.
[03:01:39] [Server thread/INFO]: Popey456963: Complete!
[03:01:40] [Server thread/INFO]: Admins: [Owner]Popey456963
[03:02:27] [Server thread/INFO]: Admins: [Owner]Popey456963
[03:02:30] [Server thread/INFO]: WEAPI
[03:02:30] [Server thread/ERROR]: null
[03:02:36] [Server thread/INFO]: WEAPI
[03:02:36] [Server thread/ERROR]: null
[03:02:41] [Server thread/INFO]: WEAPI
[03:02:41] [Server thread/ERROR]: null
[03:03:10] [Server thread/INFO]: Popey456963 issued server command: /mvp modify dest p:portal_b
[03:03:14] [Server thread/INFO]: Admins: [Owner]Popey456963
[03:03:17] [Server thread/INFO]: Popey456963 issued server command: /mvp select minigames
[03:03:32] [Server thread/INFO]: WEAPI
[03:03:32] [Server thread/ERROR]: null
[03:03:42] [Server thread/INFO]: Stopping the server
[03:03:42] [Server thread/INFO]: Stopping server
[03:03:42] [Server thread/INFO]: [Multiverse-Portals] Disabling Multiverse-Portals v2.4-b548
[03:03:42] [Server thread/INFO]: [Multiverse-NetherPortals] Disabling Multiverse-NetherPortals v2.4-b530
[03:03:42] [Server thread/INFO]: [MultiVerse-NetherPortals] - Disabled
[03:03:42] [Server thread/INFO]: [CraftBook] Disabling CraftBook v3.9-SNAPSHOT
[03:03:42] [Server thread/INFO]: [MobArena] Disabling MobArena v0.97.1
[03:03:42] [Server thread/INFO]: [MobArena] disabled.
[03:03:42] [Server thread/INFO]: [HeavySpleef] Disabling HeavySpleef v2.1.1
[03:03:42] [Server thread/INFO]: [EssentialsProtect] Disabling EssentialsProtect vTeamCity
[03:03:42] [Server thread/INFO]: [OnTime] Disabling OnTime v4.1.3
[03:03:42] [Server thread/INFO]: [Multiverse-Core] Disabling Multiverse-Core v2.4-b527
[03:03:42] [Server thread/INFO]: [Multiverse-Core] - Disabled
[03:03:42] [Server thread/INFO]: [WorldGuard] Disabling WorldGuard v6.1
[03:03:42] [Server thread/INFO]: [WorldGuard] Shutting down executor and waiting for any pending tasks...
[03:03:42] [Server thread/INFO]: [EssentialsSpawn] Disabling EssentialsSpawn vTeamCity
[03:03:42] [Server thread/INFO]: [Vault] Disabling Vault v1.5.6-b49
[03:03:42] [Server thread/INFO]: [VoxelSniper] Disabling VoxelSniper v7.1.0
[03:03:42] [Server thread/INFO]: [Essentials] Disabling Essentials vTeamCity
[03:03:42] [Server thread/INFO]: [WorldEdit] Disabling WorldEdit v6.1;no_git_id
[03:03:42] [Server thread/INFO]: Popey456963 left the game.
