[18:34:21] [Server thread/INFO]: Staff: [Admin] Chris
[18:35:07] [Server thread/INFO]: Staff: [Admin] Chris
[18:35:54] [Server thread/INFO]: Staff: [Admin] Chris
[18:36:40] [Server thread/INFO]: Staff: [Admin] Chris
[18:37:27] [Server thread/INFO]: Staff: [Admin] Chris
[18:38:14] [Server thread/INFO]: Staff: [Admin] Chris
[18:39:00] [Server thread/INFO]: Staff: [Admin] Chris
[18:39:01] [Server thread/INFO]: Crustifer issued server command: /mvtp spaw
[18:39:05] [Server thread/INFO]: Crustifer issued server command: /warp spawn
[18:39:47] [Server thread/INFO]: Staff: [Admin] Chris
[18:40:13] [Server thread/INFO]: Crustifer issued server command: //set grass
[18:40:33] [Server thread/INFO]: Staff: [Admin] Chris
[18:41:46] [Server thread/INFO]: Twiixtor issued server command: /mv
[18:41:52] [Server thread/INFO]: Twiixtor issued server command: /tp c
[18:42:01] [Server thread/INFO]: Staff: [Admin] Chris
[18:42:01] [Server thread/INFO]: Developers: [Giraffe]Twiixtor
[18:42:48] [Server thread/INFO]: Staff: [Admin] Chris
[18:42:48] [Server thread/INFO]: Developers: [Giraffe]Twiixtor
[18:43:34] [Server thread/INFO]: Staff: [Admin] Chris
[18:43:34] [Server thread/INFO]: Developers: [Giraffe]Twiixtor
[18:43:51] [Server thread/INFO]: [Giraffe]Twiixtor: How ya doin
[18:44:21] [Server thread/INFO]: Staff: [Admin] Chris
[18:44:21] [Server thread/INFO]: Developers: [Giraffe]Twiixtor
[18:44:40] [Server thread/INFO]: Twiixtor issued server command: /speed 3
[18:44:41] [Server thread/INFO]: Twiixtor issued server command: /speed 5
[18:44:43] [Server thread/INFO]: Twiixtor issued server command: /speed 3
[18:45:07] [Server thread/INFO]: Staff: [Admin] Chris
[18:45:07] [Server thread/INFO]: Developers: [Giraffe]Twiixtor
[18:45:54] [Server thread/INFO]: Staff: [Admin] Chris
[18:45:54] [Server thread/INFO]: Developers: [Giraffe]Twiixtor
[18:45:59] [Server thread/INFO]: Twiixtor issued server command: //expand up 30
[18:46:03] [Server thread/INFO]: Twiixtor issued server command: //expand 30 up
[18:46:08] [Server thread/INFO]: Twiixtor issued server command: //copy
[18:46:11] [Server thread/INFO]: Twiixtor issued server command: /tp Twiixtor 348 4 -17
[18:46:11] [Server thread/INFO]: Twiixtor issued server command: /tppos 348 4 -17
[18:46:29] [Server thread/INFO]: Twiixtor issued server command: //paste
[18:46:33] [Server thread/INFO]: Twiixtor issued server command: //undo
[18:46:38] [Server thread/INFO]: Twiixtor issued server command: /back
[18:46:40] [Server thread/INFO]: Staff: [Admin] Chris
[18:46:40] [Server thread/INFO]: Developers: [Giraffe]Twiixtor
[18:46:42] [Server thread/INFO]: Twiixtor issued server command: /spawn
[18:47:13] [Server thread/INFO]: Twiixtor issued server command: //copy
[18:47:18] [Server thread/INFO]: Twiixtor issued server command: //expand 30 up
[18:47:20] [Server thread/INFO]: Twiixtor issued server command: //copy
[18:47:25] [Server thread/INFO]: Twiixtor issued server command: /tp Twiixtor 364 4 7
[18:47:25] [Server thread/INFO]: Twiixtor issued server command: /tppos 364 4 7
[18:47:27] [Server thread/INFO]: Staff: [Admin] Chris
[18:47:27] [Server thread/INFO]: Developers: [Giraffe]Twiixtor
[18:47:32] [Server thread/INFO]: Twiixtor issued server command: //paste
[18:47:52] [Server thread/INFO]: Twiixtor issued server command: /hd remove yoshi
[18:47:59] [Server thread/INFO]: Twiixtor issued server command: /speed 1
[18:48:00] [Server thread/INFO]: Twiixtor issued server command: /hd
[18:48:01] [Server thread/INFO]: Twiixtor issued server command: /hd help
[18:48:06] [Server thread/INFO]: Twiixtor issued server command: /hd movehere spawn1
[18:48:14] [Server thread/INFO]: Staff: [Admin] Chris
[18:48:14] [Server thread/INFO]: Developers: [Giraffe]Twiixtor
[18:48:26] [Server thread/INFO]: Twiixtor issued server command: /setspawn
[18:48:32] [Server thread/INFO]: Crustifer issued server command: //move
[18:49:00] [Server thread/INFO]: Staff: [Admin] Chris
[18:49:00] [Server thread/INFO]: Developers: [Giraffe]Twiixtor
[18:49:24] [Server thread/INFO]: Twiixtor issued server command: /tp Twiixtor -158 9 -262
[18:49:24] [Server thread/INFO]: Twiixtor issued server command: /tppos -158 9 -262
[18:49:39] [Server thread/INFO]: Twiixtor issued server command: //expand vert
[18:49:40] [Server thread/INFO]: Twiixtor issued server command: //regen
[18:49:47] [Server thread/INFO]: Staff: [Admin] Chris
[18:49:47] [Server thread/INFO]: Developers: [Giraffe]Twiixtor
[18:49:48] [Server thread/INFO]: Twiixtor issued server command: /tp Twiixtor 482 4 48
[18:49:48] [Server thread/INFO]: Twiixtor issued server command: /tppos 482 4 48
[18:50:25] [Server thread/INFO]: Twiixtor issued server command: /tp Twiixtor 738 4 270
[18:50:25] [Server thread/INFO]: Twiixtor issued server command: /tppos 738 4 270
[18:50:29] [Server thread/INFO]: Twiixtor issued server command: //paste
[18:50:33] [Server thread/INFO]: Staff: [Admin] Chris
[18:50:33] [Server thread/INFO]: Developers: [Giraffe]Twiixtor
[18:50:42] [Server thread/INFO]: Twiixtor issued server command: //undo
[18:50:48] [Server thread/INFO]: Twiixtor issued server command: //paste
[18:51:11] [Server thread/INFO]: Twiixtor issued server command: //undo
[18:51:28] [Server thread/INFO]: Twiixtor issued server command: //paste
[18:52:10] [Server thread/INFO]: Crustifer left the game.
[18:52:10] [Server thread/INFO]: Twiixtor left the game.
[18:52:10] [Server thread/INFO]: Developers: [Giraffe]Twiixtor
[18:52:48] [Server thread/INFO]: Developers: [Giraffe]Twiixtor
[18:53:01] [Server thread/INFO]: Twiixtor issued server command: //undo
[18:53:33] [Server thread/INFO]: Twiixtor left the game.
[18:54:21] [Server thread/INFO]: Developers: [Giraffe]Twiixtor
[18:55:07] [Server thread/INFO]: Developers: [Giraffe]Twiixtor
[18:55:09] [Server thread/INFO]: Twiixtor issued server command: /tp Twiixtor 422 4 3
[18:55:09] [Server thread/INFO]: Twiixtor issued server command: /tppos 422 4 3
[18:55:16] [Server thread/INFO]: Twiixtor issued server command: //paste
[18:55:54] [Server thread/INFO]: Developers: [Giraffe]Twiixtor
[18:56:01] [Server thread/INFO]: Twiixtor issued server command: //paste
[18:56:06] [Server thread/INFO]: Twiixtor issued server command: //undo
[18:56:22] [Server thread/INFO]: Twiixtor issued server command: //paste
[18:56:35] [Server thread/INFO]: Twiixtor issued server command: //undo
[18:56:40] [Server thread/INFO]: Developers: [Giraffe]Twiixtor
[18:56:54] [Server thread/INFO]: Twiixtor issued server command: //paste
[18:57:00] [Server thread/INFO]: Twiixtor issued server command: //undo
[18:57:12] [Server thread/INFO]: Twiixtor issued server command: //paste
[18:57:24] [Server thread/INFO]: Twiixtor issued server command: //undo
[18:57:27] [Server thread/INFO]: Developers: [Giraffe]Twiixtor
[18:57:35] [Server thread/INFO]: Twiixtor issued server command: //paste
[18:57:37] [Server thread/INFO]: Twiixtor issued server command: //undo
[18:57:47] [Server thread/INFO]: Twiixtor issued server command: //paste
[18:57:50] [Server thread/INFO]: Twiixtor issued server command: //undo
[18:57:56] [Server thread/INFO]: Twiixtor issued server command: //load
[18:57:58] [Server thread/INFO]: Twiixtor issued server command: //paste
[18:57:58] [Server thread/INFO]: [@: Block placed]
[18:57:58] [Server thread/INFO]: [@: 2 blocks filled]
[18:57:58] [Server thread/INFO]: [@: Block placed]
[18:57:58] [Server thread/INFO]: [@: Block placed]
[18:57:58] [Server thread/INFO]: [@: Block placed]
[18:57:58] [Server thread/INFO]: [@: Block placed]
[18:57:58] [Server thread/INFO]: [@: Block placed]
[18:57:58] [Server thread/INFO]: [@: 2 blocks filled]
[18:57:58] [Server thread/INFO]: [@: Block placed]
[18:57:58] [Server thread/INFO]: [@: Block placed]
[18:57:58] [Server thread/INFO]: [@: Block placed]
[18:57:58] [Server thread/INFO]: [@: Block placed]
[18:57:58] [Server thread/INFO]: [@: Block placed]
[18:57:58] [Server thread/INFO]: [@: 2 blocks filled]
[18:57:58] [Server thread/INFO]: [@: Block placed]
[18:57:58] [Server thread/INFO]: [@: Block placed]
[18:57:58] [Server thread/INFO]: [@: Block placed]
[18:57:58] [Server thread/INFO]: [@: Block placed]
[18:57:58] [Server thread/INFO]: [@: Block placed]
[18:57:58] [Server thread/INFO]: [@: 2 blocks filled]
[18:57:58] [Server thread/INFO]: [@: Block placed]
[18:57:58] [Server thread/INFO]: [@: Block placed]
[18:57:58] [Server thread/INFO]: [@: Block placed]
[18:57:58] [Server thread/INFO]: [@: Block placed]
[18:57:58] [Server thread/INFO]: [@: Block placed]
[18:57:58] [Server thread/INFO]: [@: 2 blocks filled]
[18:57:58] [Server thread/INFO]: [@: Block placed]
[18:57:58] [Server thread/INFO]: [@: Block placed]
[18:57:58] [Server thread/INFO]: [@: Block placed]
[18:57:58] [Server thread/INFO]: [@: Block placed]
[18:57:58] [Server thread/INFO]: [@: Block placed]
[18:57:58] [Server thread/INFO]: [@: 2 blocks filled]
[18:57:58] [Server thread/INFO]: [@: Block placed]
[18:57:58] [Server thread/INFO]: [@: Block placed]
[18:57:58] [Server thread/INFO]: [@: Block placed]
[18:57:58] [Server thread/INFO]: [@: Block placed]
[18:57:58] [Server thread/INFO]: [@: Block placed]
[18:57:58] [Server thread/INFO]: [@: 2 blocks filled]
[18:57:58] [Server thread/INFO]: [@: Block placed]
[18:57:58] [Server thread/INFO]: [@: Block placed]
[18:57:58] [Server thread/INFO]: [@: Block placed]
[18:57:58] [Server thread/INFO]: [@: Block placed]
[18:57:58] [Server thread/INFO]: [@: Block placed]
[18:57:58] [Server thread/INFO]: [@: 2 blocks filled]
[18:57:58] [Server thread/INFO]: [@: Block placed]
[18:57:58] [Server thread/INFO]: [@: Block placed]
[18:57:58] [Server thread/INFO]: [@: Block placed]
[18:57:58] [Server thread/INFO]: [@: Block placed]
[18:57:58] [Server thread/INFO]: [@: Block placed]
[18:57:58] [Server thread/INFO]: [@: 2 blocks filled]
[18:57:58] [Server thread/INFO]: [@: Block placed]
[18:57:58] [Server thread/INFO]: [@: Block placed]
[18:57:58] [Server thread/INFO]: [@: Block placed]
[18:57:58] [Server thread/INFO]: [@: Block placed]
[18:57:58] [Server thread/INFO]: [@: Block placed]
[18:57:58] [Server thread/INFO]: [@: 2 blocks filled]
[18:57:58] [Server thread/INFO]: [@: Block placed]
[18:57:58] [Server thread/INFO]: [@: Block placed]
[18:57:59] [Server thread/INFO]: [@: Block placed]
[18:57:59] [Server thread/INFO]: [@: Block placed]
[18:57:59] [Server thread/INFO]: [@: Block placed]
[18:57:59] [Server thread/INFO]: [@: 2 blocks filled]
[18:57:59] [Server thread/INFO]: [@: Block placed]
[18:57:59] [Server thread/INFO]: [@: Block placed]
[18:57:59] [Server thread/INFO]: [@: Block placed]
[18:57:59] [Server thread/INFO]: [@: Block placed]
[18:58:10] [Server thread/INFO]: [@: 1 blocks filled]
[18:58:10] [Server thread/INFO]: [@: Block placed]
[18:58:10] [Server thread/INFO]: [@: Block placed]
[18:58:10] [Server thread/INFO]: [@: 2 blocks filled]
[18:58:10] [Server thread/INFO]: [@: Block placed]
[18:58:10] [Server thread/INFO]: [@: Block placed]
[18:58:10] [Server thread/INFO]: [@: Block placed]
[18:58:10] [Server thread/INFO]: [@: Block placed]
[18:58:10] [Server thread/INFO]: [@: Block placed]
[18:58:10] [Server thread/INFO]: [@: 2 blocks filled]
[18:58:10] [Server thread/INFO]: [@: Block placed]
[18:58:10] [Server thread/INFO]: [@: Block placed]
[18:58:10] [Server thread/INFO]: [@: Block placed]
[18:58:10] [Server thread/INFO]: [@: Block placed]
[18:58:10] [Server thread/INFO]: [@: Block placed]
[18:58:10] [Server thread/INFO]: [@: 2 blocks filled]
[18:58:10] [Server thread/INFO]: [@: Block placed]
[18:58:10] [Server thread/INFO]: [@: Block placed]
[18:58:10] [Server thread/INFO]: [@: Block placed]
[18:58:10] [Server thread/INFO]: [@: Block placed]
[18:58:10] [Server thread/INFO]: [@: Block placed]
[18:58:10] [Server thread/INFO]: [@: 2 blocks filled]
[18:58:10] [Server thread/INFO]: [@: Block placed]
[18:58:10] [Server thread/INFO]: [@: Block placed]
[18:58:10] [Server thread/INFO]: [@: Block placed]
[18:58:10] [Server thread/INFO]: [@: Block placed]
[18:58:10] [Server thread/INFO]: [@: Block placed]
[18:58:10] [Server thread/INFO]: [@: 2 blocks filled]
[18:58:10] [Server thread/INFO]: [@: Block placed]
[18:58:10] [Server thread/INFO]: [@: Block placed]
[18:58:11] [Server thread/INFO]: [@: Block placed]
[18:58:11] [Server thread/INFO]: [@: Block placed]
[18:58:11] [Server thread/INFO]: [@: Block placed]
[18:58:11] [Server thread/INFO]: [@: 2 blocks filled]
[18:58:11] [Server thread/INFO]: [@: Block placed]
[18:58:11] [Server thread/INFO]: [@: Block placed]
[18:58:11] [Server thread/INFO]: [@: Block placed]
[18:58:11] [Server thread/INFO]: [@: Block placed]
[18:58:11] [Server thread/INFO]: [@: Block placed]
[18:58:11] [Server thread/INFO]: [@: 2 blocks filled]
[18:58:11] [Server thread/INFO]: [@: Block placed]
[18:58:11] [Server thread/INFO]: [@: Block placed]
[18:58:11] [Server thread/INFO]: [@: Block placed]
[18:58:11] [Server thread/INFO]: [@: Block placed]
[18:58:11] [Server thread/INFO]: [@: Block placed]
[18:58:11] [Server thread/INFO]: [@: 2 blocks filled]
[18:58:11] [Server thread/INFO]: [@: Block placed]
[18:58:11] [Server thread/INFO]: [@: Block placed]
[18:58:11] [Server thread/INFO]: [@: Block placed]
[18:58:11] [Server thread/INFO]: [@: Block placed]
[18:58:11] [Server thread/INFO]: [@: Block placed]
[18:58:11] [Server thread/INFO]: [@: 2 blocks filled]
[18:58:11] [Server thread/INFO]: [@: Block placed]
[18:58:11] [Server thread/INFO]: [@: Block placed]
[18:58:11] [Server thread/INFO]: [@: Block placed]
[18:58:11] [Server thread/INFO]: [@: Block placed]
[18:58:11] [Server thread/INFO]: [@: Block placed]
[18:58:11] [Server thread/INFO]: [@: 2 blocks filled]
[18:58:11] [Server thread/INFO]: [@: Block placed]
[18:58:11] [Server thread/INFO]: [@: Block placed]
[18:58:11] [Server thread/INFO]: [@: Block placed]
[18:58:11] [Server thread/INFO]: [@: Block placed]
[18:58:11] [Server thread/INFO]: [@: Block placed]
[18:58:11] [Server thread/INFO]: [@: 2 blocks filled]
[18:58:11] [Server thread/INFO]: [@: Block placed]
[18:58:11] [Server thread/INFO]: [@: Block placed]
[18:58:11] [Server thread/INFO]: [@: Block placed]
[18:58:11] [Server thread/INFO]: [@: Block placed]
[18:58:11] [Server thread/INFO]: [@: Block placed]
[18:58:11] [Server thread/INFO]: [@: 2 blocks filled]
[18:58:11] [Server thread/INFO]: [@: Block placed]
[18:58:11] [Server thread/INFO]: [@: Block placed]
[18:58:11] [Server thread/INFO]: [@: Block placed]
[18:58:11] [Server thread/INFO]: [@: Block placed]
[18:58:11] [Server thread/INFO]: [@: Block placed]
[18:58:11] [Server thread/INFO]: [@: 2 blocks filled]
[18:58:11] [Server thread/INFO]: [@: Block placed]
[18:58:11] [Server thread/INFO]: [@: Block placed]
[18:58:11] [Server thread/INFO]: [@: Block placed]
[18:58:11] [Server thread/INFO]: [@: Block placed]
[18:58:11] [Server thread/INFO]: [@: Block placed]
[18:58:11] [Server thread/INFO]: [@: 2 blocks filled]
[18:58:11] [Server thread/INFO]: [@: Block placed]
[18:58:11] [Server thread/INFO]: [@: Block placed]
[18:58:11] [Server thread/INFO]: [@: Block placed]
[18:58:11] [Server thread/INFO]: [@: Block placed]
[18:58:11] [Server thread/INFO]: [@: Block placed]
[18:58:11] [Server thread/INFO]: [@: 2 blocks filled]
[18:58:11] [Server thread/INFO]: [@: Block placed]
[18:58:11] [Server thread/INFO]: [@: Block placed]
[18:58:12] [Server thread/INFO]: [@: Block placed]
[18:58:12] [Server thread/INFO]: [@: Block placed]
[18:58:12] [Server thread/INFO]: [@: Block placed]
[18:58:12] [Server thread/INFO]: [@: 2 blocks filled]
[18:58:12] [Server thread/INFO]: [@: Block placed]
[18:58:12] [Server thread/INFO]: [@: Block placed]
[18:58:12] [Server thread/INFO]: [@: Block placed]
[18:58:12] [Server thread/INFO]: [@: Block placed]
[18:58:12] [Server thread/INFO]: [@: Block placed]
[18:58:12] [Server thread/INFO]: [@: 2 blocks filled]
[18:58:12] [Server thread/INFO]: [@: Block placed]
[18:58:12] [Server thread/INFO]: [@: Block placed]
[18:58:12] [Server thread/INFO]: [@: Block placed]
[18:58:12] [Server thread/INFO]: [@: Block placed]
[18:58:12] [Server thread/INFO]: [@: Block placed]
[18:58:12] [Server thread/INFO]: [@: 2 blocks filled]
[18:58:12] [Server thread/INFO]: [@: Block placed]
[18:58:12] [Server thread/INFO]: [@: Block placed]
[18:58:12] [Server thread/INFO]: [@: Block placed]
[18:58:12] [Server thread/INFO]: [@: Block placed]
[18:58:12] [Server thread/INFO]: [@: Block placed]
[18:58:12] [Server thread/INFO]: [@: 2 blocks filled]
[18:58:12] [Server thread/INFO]: [@: Block placed]
[18:58:12] [Server thread/INFO]: [@: Block placed]
[18:58:12] [Server thread/INFO]: [@: Block placed]
[18:58:12] [Server thread/INFO]: [@: Block placed]
[18:58:12] [Server thread/INFO]: [@: Block placed]
[18:58:12] [Server thread/INFO]: [@: 2 blocks filled]
[18:58:12] [Server thread/INFO]: [@: Block placed]
[18:58:12] [Server thread/INFO]: [@: Block placed]
[18:58:12] [Server thread/INFO]: [@: Block placed]
[18:58:12] [Server thread/INFO]: [@: Block placed]
[18:58:12] [Server thread/INFO]: [@: Block placed]
[18:58:12] [Server thread/INFO]: [@: 2 blocks filled]
[18:58:12] [Server thread/INFO]: [@: Block placed]
[18:58:12] [Server thread/INFO]: [@: Block placed]
[18:58:12] [Server thread/INFO]: [@: Block placed]
[18:58:12] [Server thread/INFO]: [@: Block placed]
[18:58:12] [Server thread/INFO]: [@: Block placed]
[18:58:12] [Server thread/INFO]: [@: 2 blocks filled]
[18:58:12] [Server thread/INFO]: [@: Block placed]
[18:58:12] [Server thread/INFO]: [@: Block placed]
[18:58:12] [Server thread/INFO]: [@: Block placed]
[18:58:12] [Server thread/INFO]: [@: Block placed]
[18:58:12] [Server thread/INFO]: [@: Block placed]
[18:58:12] [Server thread/INFO]: [@: 2 blocks filled]
[18:58:12] [Server thread/INFO]: [@: Block placed]
[18:58:12] [Server thread/INFO]: [@: Block placed]
[18:58:12] [Server thread/INFO]: [@: Block placed]
[18:58:12] [Server thread/INFO]: [@: Block placed]
[18:58:12] [Server thread/INFO]: [@: Block placed]
[18:58:12] [Server thread/INFO]: [@: 2 blocks filled]
[18:58:12] [Server thread/INFO]: [@: Block placed]
[18:58:12] [Server thread/INFO]: [@: Block placed]
[18:58:12] [Server thread/INFO]: [@: Block placed]
[18:58:12] [Server thread/INFO]: [@: Block placed]
[18:58:12] [Server thread/INFO]: [@: Block placed]
[18:58:12] [Server thread/INFO]: [@: 2 blocks filled]
[18:58:12] [Server thread/INFO]: [@: Block placed]
[18:58:12] [Server thread/INFO]: [@: Block placed]
[18:58:13] [Server thread/INFO]: [@: Block placed]
[18:58:13] [Server thread/INFO]: [@: Block placed]
[18:58:13] [Server thread/INFO]: [@: Block placed]
[18:58:13] [Server thread/INFO]: [@: 2 blocks filled]
[18:58:13] [Server thread/INFO]: [@: Block placed]
[18:58:13] [Server thread/INFO]: [@: Block placed]
[18:58:13] [Server thread/INFO]: [@: Block placed]
[18:58:13] [Server thread/INFO]: [@: Block placed]
[18:58:13] [Server thread/INFO]: [@: Block placed]
[18:58:13] [Server thread/INFO]: [@: 2 blocks filled]
[18:58:13] [Server thread/INFO]: [@: Block placed]
[18:58:13] [Server thread/INFO]: [@: Block placed]
[18:58:13] [Server thread/INFO]: [@: Block placed]
[18:58:13] [Server thread/INFO]: [@: Block placed]
[18:58:13] [Server thread/INFO]: [@: Block placed]
[18:58:13] [Server thread/INFO]: [@: 2 blocks filled]
[18:58:13] [Server thread/INFO]: [@: Block placed]
[18:58:13] [Server thread/INFO]: [@: Block placed]
[18:58:13] [Server thread/INFO]: [@: Block placed]
[18:58:13] [Server thread/INFO]: [@: Block placed]
[18:58:13] [Server thread/INFO]: [@: Block placed]
[18:58:13] [Server thread/INFO]: [@: 2 blocks filled]
[18:58:13] [Server thread/INFO]: [@: Block placed]
[18:58:13] [Server thread/INFO]: [@: Block placed]
[18:58:13] [Server thread/INFO]: [@: Block placed]
[18:58:13] [Server thread/INFO]: [@: Block placed]
[18:58:13] [Server thread/INFO]: [@: Block placed]
[18:58:13] [Server thread/INFO]: [@: 2 blocks filled]
[18:58:13] [Server thread/INFO]: [@: Block placed]
[18:58:13] [Server thread/INFO]: [@: Block placed]
[18:58:13] [Server thread/INFO]: [@: Block placed]
[18:58:13] [Server thread/INFO]: [@: Block placed]
[18:58:13] [Server thread/INFO]: [@: Block placed]
[18:58:13] [Server thread/INFO]: [@: 2 blocks filled]
[18:58:13] [Server thread/INFO]: [@: Block placed]
[18:58:13] [Server thread/INFO]: [@: Block placed]
[18:58:13] [Server thread/INFO]: [@: Block placed]
[18:58:13] [Server thread/INFO]: [@: Block placed]
[18:58:13] [Server thread/INFO]: [@: Block placed]
[18:58:13] [Server thread/INFO]: [@: 2 blocks filled]
[18:58:13] [Server thread/INFO]: [@: Block placed]
[18:58:13] [Server thread/INFO]: [@: Block placed]
[18:58:13] [Server thread/INFO]: [@: Block placed]
[18:58:13] [Server thread/INFO]: [@: Block placed]
[18:58:13] [Server thread/INFO]: [@: Block placed]
[18:58:13] [Server thread/INFO]: [@: 2 blocks filled]
[18:58:13] [Server thread/INFO]: [@: Block placed]
[18:58:13] [Server thread/INFO]: [@: Block placed]
[18:58:13] [Server thread/INFO]: [@: Block placed]
[18:58:13] [Server thread/INFO]: [@: Block placed]
[18:58:13] [Server thread/INFO]: [@: Block placed]
[18:58:13] [Server thread/INFO]: [@: 2 blocks filled]
[18:58:13] [Server thread/INFO]: [@: Block placed]
[18:58:13] [Server thread/INFO]: [@: Block placed]
[18:58:13] [Server thread/INFO]: [@: Block placed]
[18:58:13] [Server thread/INFO]: [@: Block placed]
[18:58:13] [Server thread/INFO]: [@: Block placed]
[18:58:13] [Server thread/INFO]: [@: 2 blocks filled]
[18:58:13] [Server thread/INFO]: [@: Block placed]
[18:58:13] [Server thread/INFO]: [@: Block placed]
[18:58:14] [Server thread/INFO]: [@: Block placed]
[18:58:14] [Server thread/INFO]: [@: Block placed]
[18:58:14] [Server thread/INFO]: [@: Block placed]
[18:58:14] [Server thread/INFO]: [@: 2 blocks filled]
[18:58:14] [Server thread/INFO]: [@: Block placed]
[18:58:14] [Server thread/INFO]: [@: Block placed]
[18:58:14] [Server thread/INFO]: Developers: [Giraffe]Twiixtor
[18:58:14] [Server thread/INFO]: [@: Block placed]
[18:58:14] [Server thread/INFO]: [@: Block placed]
[18:58:14] [Server thread/INFO]: [@: Block placed]
[18:58:14] [Server thread/INFO]: [@: 2 blocks filled]
[18:58:14] [Server thread/INFO]: [@: Block placed]
[18:58:14] [Server thread/INFO]: [@: Block placed]
[18:58:14] [Server thread/INFO]: [@: Block placed]
[18:58:14] [Server thread/INFO]: [@: Block placed]
[18:58:14] [Server thread/INFO]: [@: Block placed]
[18:58:14] [Server thread/INFO]: [@: 2 blocks filled]
[18:58:14] [Server thread/INFO]: [@: Block placed]
[18:58:14] [Server thread/INFO]: [@: Block placed]
[18:58:14] [Server thread/INFO]: [@: Block placed]
[18:58:14] [Server thread/INFO]: [@: Block placed]
[18:58:14] [Server thread/INFO]: [@: Block placed]
[18:58:14] [Server thread/INFO]: [@: 2 blocks filled]
[18:58:14] [Server thread/INFO]: [@: Block placed]
[18:58:14] [Server thread/INFO]: [@: Block placed]
[18:58:14] [Server thread/INFO]: [@: Block placed]
[18:58:14] [Server thread/INFO]: [@: Block placed]
[18:58:14] [Server thread/INFO]: [@: Block placed]
[18:58:14] [Server thread/INFO]: [@: 2 blocks filled]
[18:58:14] [Server thread/INFO]: [@: Block placed]
[18:58:14] [Server thread/INFO]: [@: Block placed]
[18:58:14] [Server thread/INFO]: [@: Block placed]
[18:58:14] [Server thread/INFO]: [@: Block placed]
[18:58:14] [Server thread/INFO]: [@: Block placed]
[18:58:14] [Server thread/INFO]: [@: 2 blocks filled]
[18:58:14] [Server thread/INFO]: [@: Block placed]
[18:58:14] [Server thread/INFO]: [@: Block placed]
[18:58:14] [Server thread/INFO]: [@: Block placed]
[18:58:14] [Server thread/INFO]: [@: Block placed]
[18:58:14] [Server thread/INFO]: [@: Block placed]
[18:58:14] [Server thread/INFO]: [@: 2 blocks filled]
[18:58:14] [Server thread/INFO]: [@: Block placed]
[18:58:14] [Server thread/INFO]: [@: Block placed]
[18:58:14] [Server thread/INFO]: [@: Block placed]
[18:58:14] [Server thread/INFO]: [@: Block placed]
[18:58:14] [Server thread/INFO]: [@: Block placed]
[18:58:14] [Server thread/INFO]: [@: 2 blocks filled]
[18:58:14] [Server thread/INFO]: [@: Block placed]
[18:58:14] [Server thread/INFO]: [@: Block placed]
[18:58:14] [Server thread/INFO]: [@: Block placed]
[18:58:14] [Server thread/INFO]: [@: Block placed]
[18:58:14] [Server thread/INFO]: [@: Block placed]
[18:58:14] [Server thread/INFO]: [@: 2 blocks filled]
[18:58:14] [Server thread/INFO]: [@: Block placed]
[18:58:14] [Server thread/INFO]: [@: Block placed]
[18:58:14] [Server thread/INFO]: [@: Block placed]
[18:58:14] [Server thread/INFO]: [@: Block placed]
[18:58:14] [Server thread/INFO]: [@: Block placed]
[18:58:14] [Server thread/INFO]: [@: 2 blocks filled]
[18:58:14] [Server thread/INFO]: [@: Block placed]
[18:58:14] [Server thread/INFO]: [@: Block placed]
[18:58:15] [Server thread/INFO]: [@: Block placed]
[18:58:15] [Server thread/INFO]: [@: Block placed]
[18:58:15] [Server thread/INFO]: [@: Block placed]
[18:58:15] [Server thread/INFO]: [@: 2 blocks filled]
[18:58:15] [Server thread/INFO]: [@: Block placed]
[18:58:15] [Server thread/INFO]: [@: Block placed]
[18:58:15] [Server thread/INFO]: [@: Block placed]
[18:58:15] [Server thread/INFO]: [@: Block placed]
[18:58:15] [Server thread/INFO]: [@: Block placed]
[18:58:15] [Server thread/INFO]: [@: 2 blocks filled]
[18:58:15] [Server thread/INFO]: [@: Block placed]
[18:58:15] [Server thread/INFO]: [@: Block placed]
[18:58:15] [Server thread/INFO]: [@: Block placed]
[18:58:15] [Server thread/INFO]: [@: Block placed]
[18:58:15] [Server thread/INFO]: [@: Block placed]
[18:58:15] [Server thread/INFO]: [@: 2 blocks filled]
[18:58:15] [Server thread/INFO]: [@: Block placed]
[18:58:15] [Server thread/INFO]: [@: Block placed]
[18:58:15] [Server thread/INFO]: [@: Block placed]
[18:58:15] [Server thread/INFO]: [@: Block placed]
[18:58:15] [Server thread/INFO]: [@: Block placed]
[18:58:15] [Server thread/INFO]: [@: 2 blocks filled]
[18:58:15] [Server thread/INFO]: [@: Block placed]
[18:58:15] [Server thread/INFO]: [@: Block placed]
[18:58:15] [Server thread/INFO]: [@: Block placed]
[18:58:15] [Server thread/INFO]: [@: Block placed]
[18:58:15] [Server thread/INFO]: [@: Block placed]
[18:58:15] [Server thread/INFO]: [@: 2 blocks filled]
[18:58:15] [Server thread/INFO]: [@: Block placed]
[18:58:15] [Server thread/INFO]: [@: Block placed]
[18:58:15] [Server thread/INFO]: [@: Block placed]
[18:58:15] [Server thread/INFO]: [@: Block placed]
[18:58:15] [Server thread/INFO]: [@: Block placed]
[18:58:15] [Server thread/INFO]: [@: 2 blocks filled]
[18:58:15] [Server thread/INFO]: [@: Block placed]
[18:58:15] [Server thread/INFO]: [@: Block placed]
[18:58:15] [Server thread/INFO]: [@: Block placed]
[18:58:15] [Server thread/INFO]: [@: Block placed]
[18:58:15] [Server thread/INFO]: [@: Block placed]
[18:58:15] [Server thread/INFO]: [@: 2 blocks filled]
[18:58:15] [Server thread/INFO]: [@: Block placed]
[18:58:15] [Server thread/INFO]: [@: Block placed]
[18:58:15] [Server thread/INFO]: [@: Block placed]
[18:58:15] [Server thread/INFO]: [@: Block placed]
[18:58:15] [Server thread/INFO]: [@: Block placed]
[18:58:15] [Server thread/INFO]: [@: 2 blocks filled]
[18:58:15] [Server thread/INFO]: [@: Block placed]
[18:58:15] [Server thread/INFO]: [@: Block placed]
[18:58:15] [Server thread/INFO]: [@: Block placed]
[18:58:15] [Server thread/INFO]: [@: Block placed]
[18:58:15] [Server thread/INFO]: [@: Block placed]
[18:58:15] [Server thread/INFO]: [@: 2 blocks filled]
[18:58:15] [Server thread/INFO]: [@: Block placed]
[18:58:15] [Server thread/INFO]: [@: Block placed]
[18:58:15] [Server thread/INFO]: [@: Block placed]
[18:58:15] [Server thread/INFO]: [@: Block placed]
[18:58:15] [Server thread/INFO]: [@: Block placed]
[18:58:15] [Server thread/INFO]: [@: 2 blocks filled]
[18:58:15] [Server thread/INFO]: [@: Block placed]
[18:58:15] [Server thread/INFO]: [@: Block placed]
[18:58:16] [Server thread/INFO]: [@: Block placed]
[18:58:16] [Server thread/INFO]: [@: Block placed]
[18:58:16] [Server thread/INFO]: [@: Block placed]
[18:58:16] [Server thread/INFO]: [@: 2 blocks filled]
[18:58:16] [Server thread/INFO]: [@: Block placed]
[18:58:16] [Server thread/INFO]: [@: Block placed]
[18:58:16] [Server thread/INFO]: [@: Block placed]
[18:58:16] [Server thread/INFO]: [@: Block placed]
[18:58:16] [Server thread/INFO]: [@: Block placed]
[18:58:16] [Server thread/INFO]: [@: 2 blocks filled]
[18:58:16] [Server thread/INFO]: [@: Block placed]
[18:58:16] [Server thread/INFO]: [@: Block placed]
[18:58:16] [Server thread/INFO]: [@: Block placed]
[18:58:16] [Server thread/INFO]: [@: Block placed]
[18:58:16] [Server thread/INFO]: [@: Block placed]
[18:58:16] [Server thread/INFO]: [@: 2 blocks filled]
[18:58:16] [Server thread/INFO]: [@: Block placed]
[18:58:16] [Server thread/INFO]: [@: Block placed]
[18:58:16] [Server thread/INFO]: [@: Block placed]
[18:58:16] [Server thread/INFO]: [@: Block placed]
[18:58:16] [Server thread/INFO]: [@: Block placed]
[18:58:16] [Server thread/INFO]: [@: 2 blocks filled]
[18:58:16] [Server thread/INFO]: [@: Block placed]
[18:58:16] [Server thread/INFO]: [@: Block placed]
[18:58:16] [Server thread/INFO]: [@: Block placed]
[18:58:16] [Server thread/INFO]: [@: Block placed]
[18:58:16] [Server thread/INFO]: [@: Block placed]
[18:58:16] [Server thread/INFO]: [@: 2 blocks filled]
[18:58:16] [Server thread/INFO]: [@: Block placed]
[18:58:16] [Server thread/INFO]: [@: Block placed]
[18:58:16] [Server thread/INFO]: [@: Block placed]
[18:58:16] [Server thread/INFO]: [@: Block placed]
[18:58:16] [Server thread/INFO]: [@: Block placed]
[18:58:16] [Server thread/INFO]: [@: 2 blocks filled]
[18:58:16] [Server thread/INFO]: [@: Block placed]
[18:58:16] [Server thread/INFO]: [@: Block placed]
[18:58:16] [Server thread/INFO]: [@: Block placed]
[18:58:16] [Server thread/INFO]: [@: Block placed]
[18:58:16] [Server thread/INFO]: [@: Block placed]
[18:58:16] [Server thread/INFO]: [@: 2 blocks filled]
[18:58:16] [Server thread/INFO]: [@: Block placed]
[18:58:16] [Server thread/INFO]: [@: Block placed]
[18:58:16] [Server thread/INFO]: [@: Block placed]
[18:58:16] [Server thread/INFO]: [@: Block placed]
[18:58:16] [Server thread/INFO]: [@: Block placed]
[18:58:16] [Server thread/INFO]: [@: 2 blocks filled]
[18:58:16] [Server thread/INFO]: [@: Block placed]
[18:58:16] [Server thread/INFO]: [@: Block placed]
[18:58:16] [Server thread/INFO]: [@: Block placed]
[18:58:16] [Server thread/INFO]: [@: Block placed]
[18:58:16] [Server thread/INFO]: [@: Block placed]
[18:58:16] [Server thread/INFO]: [@: 2 blocks filled]
[18:58:16] [Server thread/INFO]: [@: Block placed]
[18:58:16] [Server thread/INFO]: [@: Block placed]
[18:58:16] [Server thread/INFO]: [@: Block placed]
[18:58:16] [Server thread/INFO]: [@: Block placed]
[18:58:16] [Server thread/INFO]: [@: Block placed]
[18:58:16] [Server thread/INFO]: [@: 2 blocks filled]
[18:58:16] [Server thread/INFO]: [@: Block placed]
[18:58:16] [Server thread/INFO]: [@: Block placed]
[18:58:17] [Server thread/INFO]: [@: Block placed]
[18:58:17] [Server thread/INFO]: [@: Block placed]
[18:58:17] [Server thread/INFO]: [@: Block placed]
[18:58:17] [Server thread/INFO]: [@: 2 blocks filled]
[18:58:17] [Server thread/INFO]: [@: Block placed]
[18:58:17] [Server thread/INFO]: [@: Block placed]
[18:58:17] [Server thread/INFO]: [@: Block placed]
[18:58:17] [Server thread/INFO]: [@: Block placed]
[18:58:17] [Server thread/INFO]: [@: Block placed]
[18:58:17] [Server thread/INFO]: [@: 2 blocks filled]
[18:58:17] [Server thread/INFO]: [@: Block placed]
[18:58:17] [Server thread/INFO]: [@: Block placed]
[18:58:17] [Server thread/INFO]: [@: Block placed]
[18:58:17] [Server thread/INFO]: [@: Block placed]
[18:58:17] [Server thread/INFO]: [@: Block placed]
[18:58:17] [Server thread/INFO]: [@: 2 blocks filled]
[18:58:17] [Server thread/INFO]: [@: Block placed]
[18:58:17] [Server thread/INFO]: [@: Block placed]
[18:58:17] [Server thread/INFO]: [@: Block placed]
[18:58:17] [Server thread/INFO]: [@: Block placed]
[18:58:17] [Server thread/INFO]: [@: Block placed]
[18:58:17] [Server thread/INFO]: [@: 2 blocks filled]
[18:58:17] [Server thread/INFO]: [@: Block placed]
[18:58:17] [Server thread/INFO]: [@: Block placed]
[18:58:17] [Server thread/INFO]: [@: Block placed]
[18:58:17] [Server thread/INFO]: [@: Block placed]
[18:58:17] [Server thread/INFO]: [@: Block placed]
[18:58:17] [Server thread/INFO]: [@: 2 blocks filled]
[18:58:17] [Server thread/INFO]: [@: Block placed]
[18:58:17] [Server thread/INFO]: [@: Block placed]
[18:58:17] [Server thread/INFO]: [@: Block placed]
[18:58:17] [Server thread/INFO]: [@: Block placed]
[18:58:17] [Server thread/INFO]: [@: Block placed]
[18:58:17] [Server thread/INFO]: [@: 2 blocks filled]
[18:58:17] [Server thread/INFO]: [@: Block placed]
[18:58:17] [Server thread/INFO]: [@: Block placed]
[18:58:17] [Server thread/INFO]: [@: Block placed]
[18:58:17] [Server thread/INFO]: [@: Block placed]
[18:58:17] [Server thread/INFO]: [@: Block placed]
[18:58:17] [Server thread/INFO]: [@: 2 blocks filled]
[18:58:17] [Server thread/INFO]: [@: Block placed]
[18:58:17] [Server thread/INFO]: [@: Block placed]
[18:58:17] [Server thread/INFO]: [@: Block placed]
[18:58:17] [Server thread/INFO]: [@: Block placed]
[18:58:17] [Server thread/INFO]: [@: Block placed]
[18:58:17] [Server thread/INFO]: [@: 2 blocks filled]
[18:58:18] [Server thread/INFO]: [@: Block placed]
[18:58:18] [Server thread/INFO]: [@: Block placed]
[18:58:18] [Server thread/INFO]: [@: Block placed]
[18:58:18] [Server thread/INFO]: [@: Block placed]
[18:58:18] [Server thread/INFO]: [@: Block placed]
[18:58:18] [Server thread/INFO]: [@: 2 blocks filled]
[18:58:18] [Server thread/INFO]: [@: Block placed]
[18:58:18] [Server thread/INFO]: [@: Block placed]
[18:58:18] [Server thread/INFO]: [@: Block placed]
[18:58:18] [Server thread/INFO]: [@: Block placed]
[18:58:18] [Server thread/INFO]: [@: Block placed]
[18:58:18] [Server thread/INFO]: [@: 2 blocks filled]
[18:58:18] [Server thread/INFO]: [@: Block placed]
[18:58:18] [Server thread/INFO]: [@: Block placed]
[18:58:18] [Server thread/INFO]: [@: Block placed]
[18:58:18] [Server thread/INFO]: [@: Block placed]
[18:58:18] [Server thread/INFO]: [@: Block placed]
[18:58:18] [Server thread/INFO]: [@: 2 blocks filled]
[18:58:18] [Server thread/INFO]: [@: Block placed]
[18:58:18] [Server thread/INFO]: [@: Block placed]
[18:58:18] [Server thread/INFO]: [@: Block placed]
[18:58:18] [Server thread/INFO]: [@: Block placed]
[18:58:18] [Server thread/INFO]: [@: Block placed]
[18:58:18] [Server thread/INFO]: [@: 2 blocks filled]
[18:58:18] [Server thread/INFO]: [@: Block placed]
[18:58:18] [Server thread/INFO]: [@: Block placed]
[18:58:18] [Server thread/INFO]: [@: Block placed]
[18:58:18] [Server thread/INFO]: [@: Block placed]
[18:58:18] [Server thread/INFO]: [@: Block placed]
[18:58:18] [Server thread/INFO]: [@: 2 blocks filled]
[18:58:18] [Server thread/INFO]: [@: Block placed]
[18:58:18] [Server thread/INFO]: [@: Block placed]
[18:58:18] [Server thread/INFO]: [@: Block placed]
[18:58:18] [Server thread/INFO]: [@: Block placed]
[18:58:18] [Server thread/INFO]: [@: Block placed]
[18:58:18] [Server thread/INFO]: [@: 2 blocks filled]
[18:58:18] [Server thread/INFO]: [@: Block placed]
[18:58:18] [Server thread/INFO]: [@: Block placed]
[18:58:18] [Server thread/INFO]: [@: Block placed]
[18:58:18] [Server thread/INFO]: [@: Block placed]
[18:58:18] [Server thread/INFO]: [@: Block placed]
[18:58:18] [Server thread/INFO]: [@: 2 blocks filled]
[18:58:18] [Server thread/INFO]: [@: Block placed]
[18:58:18] [Server thread/INFO]: [@: Block placed]
[18:58:18] [Server thread/INFO]: [@: Block placed]
[18:58:18] [Server thread/INFO]: [@: Block placed]
[18:58:18] [Server thread/INFO]: [@: Block placed]
[18:58:18] [Server thread/INFO]: [@: 2 blocks filled]
[18:58:18] [Server thread/INFO]: [@: Block placed]
[18:58:18] [Server thread/INFO]: [@: Block placed]
[18:58:18] [Server thread/INFO]: [@: Block placed]
[18:58:18] [Server thread/INFO]: [@: Block placed]
[18:58:18] [Server thread/INFO]: [@: Block placed]
[18:58:18] [Server thread/INFO]: [@: 2 blocks filled]
[18:58:18] [Server thread/INFO]: [@: Block placed]
[18:58:18] [Server thread/INFO]: [@: Block placed]
[18:58:18] [Server thread/INFO]: [@: Block placed]
[18:58:18] [Server thread/INFO]: [@: Block placed]
[18:58:18] [Server thread/INFO]: [@: Block placed]
[18:58:18] [Server thread/INFO]: [@: 2 blocks filled]
[18:58:18] [Server thread/INFO]: [@: Block placed]
[18:58:18] [Server thread/INFO]: [@: Block placed]
[18:58:18] [Server thread/INFO]: [@: Block placed]
[18:58:18] [Server thread/INFO]: [@: Block placed]
[18:58:18] [Server thread/INFO]: [@: Block placed]
[18:58:18] [Server thread/INFO]: [@: 2 blocks filled]
[18:58:18] [Server thread/INFO]: [@: Block placed]
[18:58:18] [Server thread/INFO]: [@: Block placed]
[18:58:18] [Server thread/INFO]: [@: Block placed]
[18:58:18] [Server thread/INFO]: [@: Block placed]
[18:58:18] [Server thread/INFO]: [@: Block placed]
[18:58:18] [Server thread/INFO]: [@: 2 blocks filled]
[18:58:18] [Server thread/INFO]: [@: Block placed]
[18:58:18] [Server thread/INFO]: [@: Block placed]
[18:58:19] [Server thread/INFO]: [@: Block placed]
[18:58:19] [Server thread/INFO]: [@: Block placed]
[18:58:19] [Server thread/INFO]: [@: Block placed]
[18:58:19] [Server thread/INFO]: [@: 2 blocks filled]
[18:58:19] [Server thread/INFO]: [@: Block placed]
[18:58:19] [Server thread/INFO]: [@: Block placed]
[18:58:19] [Server thread/INFO]: [@: Block placed]
[18:58:19] [Server thread/INFO]: [@: Block placed]
[18:58:19] [Server thread/INFO]: [@: Block placed]
[18:58:19] [Server thread/INFO]: [@: 2 blocks filled]
[18:58:19] [Server thread/INFO]: [@: Block placed]
[18:58:19] [Server thread/INFO]: [@: Block placed]
[18:58:19] [Server thread/INFO]: [@: Block placed]
[18:58:19] [Server thread/INFO]: [@: Block placed]
[18:58:19] [Server thread/INFO]: [@: Block placed]
[18:58:19] [Server thread/INFO]: [@: 2 blocks filled]
[18:58:19] [Server thread/INFO]: [@: Block placed]
[18:58:19] [Server thread/INFO]: [@: Block placed]
[18:58:19] [Server thread/INFO]: [@: Block placed]
[18:58:19] [Server thread/INFO]: [@: Block placed]
[18:58:19] [Server thread/INFO]: [@: Block placed]
[18:58:19] [Server thread/INFO]: [@: 2 blocks filled]
[18:58:19] [Server thread/INFO]: [@: Block placed]
[18:58:19] [Server thread/INFO]: [@: Block placed]
[18:58:19] [Server thread/INFO]: [@: Block placed]
[18:58:19] [Server thread/INFO]: [@: Block placed]
[18:58:19] [Server thread/INFO]: [@: Block placed]
[18:58:19] [Server thread/INFO]: [@: 2 blocks filled]
[18:58:19] [Server thread/INFO]: [@: Block placed]
[18:58:19] [Server thread/INFO]: [@: Block placed]
[18:58:19] [Server thread/INFO]: [@: Block placed]
[18:58:19] [Server thread/INFO]: [@: Block placed]
[18:58:19] [Server thread/INFO]: [@: Block placed]
[18:58:19] [Server thread/INFO]: [@: 2 blocks filled]
[18:58:19] [Server thread/INFO]: [@: Block placed]
[18:58:19] [Server thread/INFO]: [@: Block placed]
[18:58:19] [Server thread/INFO]: [@: Block placed]
[18:58:19] [Server thread/INFO]: [@: Block placed]
[18:58:19] [Server thread/INFO]: [@: Block placed]
[18:58:19] [Server thread/INFO]: [@: 2 blocks filled]
[18:58:19] [Server thread/INFO]: [@: Block placed]
[18:58:19] [Server thread/INFO]: [@: Block placed]
[18:58:19] [Server thread/INFO]: [@: Block placed]
[18:58:19] [Server thread/INFO]: [@: Block placed]
[18:58:19] [Server thread/INFO]: [@: Block placed]
[18:58:19] [Server thread/INFO]: [@: 2 blocks filled]
[18:58:19] [Server thread/INFO]: [@: Block placed]
[18:58:19] [Server thread/INFO]: [@: Block placed]
[18:58:19] [Server thread/INFO]: [@: Block placed]
[18:58:19] [Server thread/INFO]: [@: Block placed]
[18:58:19] [Server thread/INFO]: [@: Block placed]
[18:58:19] [Server thread/INFO]: [@: 2 blocks filled]
[18:58:19] [Server thread/INFO]: [@: Block placed]
[18:58:19] [Server thread/INFO]: [@: Block placed]
[18:58:19] [Server thread/INFO]: [@: Block placed]
[18:58:19] [Server thread/INFO]: [@: Block placed]
[18:58:19] [Server thread/INFO]: [@: Block placed]
[18:58:19] [Server thread/INFO]: [@: 2 blocks filled]
[18:58:19] [Server thread/INFO]: [@: Block placed]
[18:58:19] [Server thread/INFO]: [@: Block placed]
[18:58:20] [Server thread/INFO]: [@: Block placed]
[18:58:20] [Server thread/INFO]: [@: Block placed]
[18:58:20] [Server thread/INFO]: [@: Block placed]
[18:58:20] [Server thread/INFO]: [@: 2 blocks filled]
[18:58:20] [Server thread/INFO]: [@: Block placed]
[18:58:20] [Server thread/INFO]: [@: Block placed]
[18:58:20] [Server thread/INFO]: [@: Block placed]
[18:58:20] [Server thread/INFO]: [@: Block placed]
[18:58:20] [Server thread/INFO]: [@: Block placed]
[18:58:20] [Server thread/INFO]: [@: 2 blocks filled]
[18:58:20] [Server thread/INFO]: [@: Block placed]
[18:58:20] [Server thread/INFO]: [@: Block placed]
[18:58:20] [Server thread/INFO]: [@: Block placed]
[18:58:20] [Server thread/INFO]: [@: Block placed]
[18:58:20] [Server thread/INFO]: [@: Block placed]
[18:58:20] [Server thread/INFO]: [@: 2 blocks filled]
[18:58:20] [Server thread/INFO]: [@: Block placed]
[18:58:20] [Server thread/INFO]: [@: Block placed]
[18:58:20] [Server thread/INFO]: [@: Block placed]
[18:58:20] [Server thread/INFO]: [@: Block placed]
[18:58:20] [Server thread/INFO]: [@: Block placed]
[18:58:20] [Server thread/INFO]: [@: 2 blocks filled]
[18:58:20] [Server thread/INFO]: [@: Block placed]
[18:58:20] [Server thread/INFO]: [@: Block placed]
[18:58:20] [Server thread/INFO]: [@: Block placed]
[18:58:20] [Server thread/INFO]: [@: Block placed]
[18:58:20] [Server thread/INFO]: [@: Block placed]
[18:58:20] [Server thread/INFO]: [@: 2 blocks filled]
[18:58:20] [Server thread/INFO]: [@: Block placed]
[18:58:20] [Server thread/INFO]: [@: Block placed]
[18:58:20] [Server thread/INFO]: [@: Block placed]
[18:58:20] [Server thread/INFO]: [@: Block placed]
[18:58:20] [Server thread/INFO]: [@: Block placed]
[18:58:20] [Server thread/INFO]: [@: 2 blocks filled]
[18:58:20] [Server thread/INFO]: [@: Block placed]
[18:58:20] [Server thread/INFO]: [@: Block placed]
[18:58:20] [Server thread/INFO]: [@: Block placed]
[18:58:20] [Server thread/INFO]: [@: Block placed]
[18:58:20] [Server thread/INFO]: [@: Block placed]
[18:58:20] [Server thread/INFO]: [@: 2 blocks filled]
[18:58:20] [Server thread/INFO]: [@: Block placed]
[18:58:20] [Server thread/INFO]: [@: Block placed]
[18:58:20] [Server thread/INFO]: [@: Block placed]
[18:58:20] [Server thread/INFO]: [@: Block placed]
[18:58:20] [Server thread/INFO]: [@: Block placed]
[18:58:20] [Server thread/INFO]: [@: 2 blocks filled]
[18:58:20] [Server thread/INFO]: [@: Block placed]
[18:58:20] [Server thread/INFO]: [@: Block placed]
[18:58:20] [Server thread/INFO]: [@: Block placed]
[18:58:20] [Server thread/INFO]: [@: Block placed]
[18:58:20] [Server thread/INFO]: [@: Block placed]
[18:58:20] [Server thread/INFO]: [@: 2 blocks filled]
[18:58:20] [Server thread/INFO]: [@: Block placed]
[18:58:20] [Server thread/INFO]: [@: Block placed]
[18:58:20] [Server thread/INFO]: [@: Block placed]
[18:58:20] [Server thread/INFO]: [@: Block placed]
[18:58:20] [Server thread/INFO]: [@: Block placed]
[18:58:20] [Server thread/INFO]: [@: 2 blocks filled]
[18:58:20] [Server thread/INFO]: [@: Block placed]
[18:58:20] [Server thread/INFO]: [@: Block placed]
[18:58:21] [Server thread/INFO]: [@: Block placed]
[18:58:21] [Server thread/INFO]: [@: Block placed]
[18:58:21] [Server thread/INFO]: [@: Block placed]
[18:58:21] [Server thread/INFO]: [@: 2 blocks filled]
[18:58:21] [Server thread/INFO]: [@: Block placed]
[18:58:21] [Server thread/INFO]: [@: Block placed]
[18:58:21] [Server thread/INFO]: [@: Block placed]
[18:58:21] [Server thread/INFO]: [@: Block placed]
[18:58:21] [Server thread/INFO]: [@: Block placed]
[18:58:21] [Server thread/INFO]: [@: 2 blocks filled]
[18:58:21] [Server thread/INFO]: [@: Block placed]
[18:58:21] [Server thread/INFO]: [@: Block placed]
[18:58:21] [Server thread/INFO]: [@: Block placed]
[18:58:21] [Server thread/INFO]: [@: Block placed]
[18:58:21] [Server thread/INFO]: [@: Block placed]
[18:58:21] [Server thread/INFO]: [@: 2 blocks filled]
[18:58:21] [Server thread/INFO]: [@: Block placed]
[18:58:21] [Server thread/INFO]: [@: Block placed]
[18:58:21] [Server thread/INFO]: [@: Block placed]
[18:58:21] [Server thread/INFO]: [@: Block placed]
[18:58:21] [Server thread/INFO]: [@: Block placed]
[18:58:21] [Server thread/INFO]: [@: 2 blocks filled]
[18:58:21] [Server thread/INFO]: [@: Block placed]
[18:58:21] [Server thread/INFO]: [@: Block placed]
[18:58:21] [Server thread/INFO]: [@: Block placed]
[18:58:21] [Server thread/INFO]: [@: Block placed]
[18:58:21] [Server thread/INFO]: [@: Block placed]
[18:58:21] [Server thread/INFO]: [@: 2 blocks filled]
[18:58:21] [Server thread/INFO]: [@: Block placed]
[18:58:21] [Server thread/INFO]: [@: Block placed]
[18:58:21] [Server thread/INFO]: [@: Block placed]
[18:58:21] [Server thread/INFO]: [@: Block placed]
[18:58:21] [Server thread/INFO]: [@: Block placed]
[18:58:21] [Server thread/INFO]: [@: 2 blocks filled]
[18:58:21] [Server thread/INFO]: [@: Block placed]
[18:58:21] [Server thread/INFO]: [@: Block placed]
[18:58:21] [Server thread/INFO]: [@: Block placed]
[18:58:21] [Server thread/INFO]: [@: Block placed]
[18:58:21] [Server thread/INFO]: [@: Block placed]
[18:58:21] [Server thread/INFO]: [@: 2 blocks filled]
[18:58:21] [Server thread/INFO]: [@: Block placed]
[18:58:21] [Server thread/INFO]: [@: Block placed]
[18:58:21] [Server thread/INFO]: [@: Block placed]
[18:58:21] [Server thread/INFO]: [@: Block placed]
[18:58:21] [Server thread/INFO]: [@: Block placed]
[18:58:21] [Server thread/INFO]: [@: 2 blocks filled]
[18:58:21] [Server thread/INFO]: [@: Block placed]
[18:58:21] [Server thread/INFO]: [@: Block placed]
[18:58:21] [Server thread/INFO]: [@: Block placed]
[18:58:21] [Server thread/INFO]: [@: Block placed]
[18:58:21] [Server thread/INFO]: [@: Block placed]
[18:58:21] [Server thread/INFO]: [@: 2 blocks filled]
[18:58:21] [Server thread/INFO]: [@: Block placed]
[18:58:21] [Server thread/INFO]: [@: Block placed]
[18:58:21] [Server thread/INFO]: [@: Block placed]
[18:58:21] [Server thread/INFO]: [@: Block placed]
[18:58:21] [Server thread/INFO]: [@: Block placed]
[18:58:21] [Server thread/INFO]: [@: Block placed]
[18:58:21] [Server thread/INFO]: [@: Block placed]
[18:58:21] [Server thread/INFO]: [@: 2 blocks filled]
[18:58:21] [Server thread/INFO]: [@: Block placed]
[18:58:21] [Server thread/INFO]: [@: Block placed]
[18:58:21] [Server thread/INFO]: [@: Block placed]
[18:58:21] [Server thread/INFO]: [@: 2 blocks filled]
[18:58:21] [Server thread/INFO]: [@: Block placed]
[18:58:21] [Server thread/INFO]: [@: Block placed]
[18:58:21] [Server thread/INFO]: [@: 2 blocks filled]
[18:58:21] [Server thread/INFO]: [@: Block placed]
[18:58:21] [Server thread/INFO]: [@: Block placed]
[18:58:22] [Server thread/INFO]: [@: Block placed]
[18:58:22] [Server thread/INFO]: [@: Block placed]
[18:58:22] [Server thread/INFO]: [@: Block placed]
[18:58:22] [Server thread/INFO]: [@: Block placed]
[18:58:22] [Server thread/INFO]: [@: Block placed]
[18:58:22] [Server thread/INFO]: [@: Block placed]
[18:58:22] [Server thread/INFO]: [@: 2 blocks filled]
[18:58:22] [Server thread/INFO]: [@: Block placed]
[18:58:22] [Server thread/INFO]: [@: Block placed]
[18:58:22] [Server thread/INFO]: [@: 2 blocks filled]
[18:58:22] [Server thread/INFO]: [@: Block placed]
[18:58:22] [Server thread/INFO]: [@: Block placed]
[18:58:22] [Server thread/INFO]: [@: Block placed]
[18:58:22] [Server thread/INFO]: [@: Block placed]
[18:58:22] [Server thread/INFO]: [@: Block placed]
[18:58:22] [Server thread/INFO]: [@: Block placed]
[18:58:22] [Server thread/INFO]: [@: Block placed]
[18:58:22] [Server thread/INFO]: [@: Block placed]
[18:58:22] [Server thread/INFO]: [@: 2 blocks filled]
[18:58:22] [Server thread/INFO]: [@: Block placed]
[18:58:22] [Server thread/INFO]: [@: Block placed]
[18:58:22] [Server thread/INFO]: [@: 2 blocks filled]
[18:58:22] [Server thread/INFO]: [@: Block placed]
[18:58:22] [Server thread/INFO]: [@: Block placed]
[18:58:22] [Server thread/INFO]: [@: Block placed]
[18:58:22] [Server thread/INFO]: [@: Block placed]
[18:58:22] [Server thread/INFO]: [@: Block placed]
[18:58:22] [Server thread/INFO]: [@: Block placed]
[18:58:22] [Server thread/INFO]: [@: Block placed]
[18:58:22] [Server thread/INFO]: [@: Block placed]
[18:58:22] [Server thread/INFO]: [@: 2 blocks filled]
[18:58:22] [Server thread/INFO]: [@: Block placed]
[18:58:22] [Server thread/INFO]: [@: Block placed]
[18:58:22] [Server thread/INFO]: [@: 2 blocks filled]
[18:58:22] [Server thread/INFO]: [@: Block placed]
[18:58:22] [Server thread/INFO]: [@: Block placed]
[18:58:22] [Server thread/INFO]: [@: Block placed]
[18:58:22] [Server thread/INFO]: [@: Block placed]
[18:58:22] [Server thread/INFO]: [@: Block placed]
[18:58:22] [Server thread/INFO]: [@: Block placed]
[18:58:22] [Server thread/INFO]: [@: Block placed]
[18:58:22] [Server thread/INFO]: [@: Block placed]
[18:58:22] [Server thread/INFO]: [@: 2 blocks filled]
[18:58:22] [Server thread/INFO]: [@: Block placed]
[18:58:22] [Server thread/INFO]: [@: Block placed]
[18:58:22] [Server thread/INFO]: [@: 2 blocks filled]
[18:58:22] [Server thread/INFO]: [@: Block placed]
[18:58:22] [Server thread/INFO]: [@: Block placed]
[18:58:22] [Server thread/INFO]: [@: Block placed]
[18:58:22] [Server thread/INFO]: [@: Block placed]
[18:58:22] [Server thread/INFO]: [@: Block placed]
[18:58:22] [Server thread/INFO]: [@: Block placed]
[18:58:22] [Server thread/INFO]: [@: Block placed]
[18:58:22] [Server thread/INFO]: [@: Block placed]
[18:58:22] [Server thread/INFO]: [@: 2 blocks filled]
[18:58:22] [Server thread/INFO]: [@: Block placed]
[18:58:22] [Server thread/INFO]: [@: Block placed]
[18:58:22] [Server thread/INFO]: [@: 2 blocks filled]
[18:58:22] [Server thread/INFO]: [@: Block placed]
[18:58:22] [Server thread/INFO]: [@: Block placed]
[18:58:22] [Server thread/INFO]: [@: Block placed]
[18:58:22] [Server thread/INFO]: [@: Block placed]
[18:58:22] [Server thread/INFO]: [@: Block placed]
[18:58:22] [Server thread/INFO]: [@: Block placed]
[18:58:22] [Server thread/INFO]: [@: Block placed]
[18:58:22] [Server thread/INFO]: [@: Block placed]
[18:58:22] [Server thread/INFO]: [@: 2 blocks filled]
[18:58:22] [Server thread/INFO]: [@: Block placed]
[18:58:22] [Server thread/INFO]: [@: Block placed]
[18:58:22] [Server thread/INFO]: [@: 2 blocks filled]
[18:58:22] [Server thread/INFO]: [@: Block placed]
[18:58:22] [Server thread/INFO]: [@: Block placed]
[18:58:22] [Server thread/INFO]: [@: Block placed]
[18:58:22] [Server thread/INFO]: [@: Block placed]
[18:58:22] [Server thread/INFO]: [@: Block placed]
[18:58:22] [Server thread/INFO]: [@: Block placed]
[18:58:22] [Server thread/INFO]: [@: Block placed]
[18:58:22] [Server thread/INFO]: [@: 2 blocks filled]
[18:58:22] [Server thread/INFO]: [@: Block placed]
[18:58:22] [Server thread/INFO]: [@: Block placed]
[18:58:22] [Server thread/INFO]: [@: Block placed]
[18:58:22] [Server thread/INFO]: [@: Block placed]
[18:58:22] [Server thread/INFO]: [@: Block placed]
[18:58:22] [Server thread/INFO]: [@: 2 blocks filled]
[18:58:22] [Server thread/INFO]: [@: Block placed]
[18:58:22] [Server thread/INFO]: [@: Block placed]
[18:58:22] [Server thread/INFO]: [@: Block placed]
[18:58:22] [Server thread/INFO]: [@: Block placed]
[18:58:22] [Server thread/INFO]: [@: Block placed]
[18:58:22] [Server thread/INFO]: [@: 2 blocks filled]
[18:58:22] [Server thread/INFO]: [@: Block placed]
[18:58:32] [Server thread/INFO]: Twiixtor issued server command: //undo
[18:58:50] [Server thread/INFO]: Twiixtor issued server command: //paste
[18:58:57] [Server thread/INFO]: Twiixtor issued server command: //undo
[18:59:00] [Server thread/INFO]: Developers: [Giraffe]Twiixtor
[18:59:47] [Server thread/INFO]: Developers: [Giraffe]Twiixtor
[19:00:33] [Server thread/INFO]: Developers: [Giraffe]Twiixtor
[19:02:01] [Server thread/INFO]: Developers: [Giraffe]Twiixtor
[19:02:48] [Server thread/INFO]: Developers: [Giraffe]Twiixtor
[19:03:34] [Server thread/INFO]: Staff: [Admin] Chris
[19:03:34] [Server thread/INFO]: Developers: [Giraffe]Twiixtor
[19:04:21] [Server thread/INFO]: Staff: [Admin] Chris
[19:04:21] [Server thread/INFO]: Developers: [AFK][Giraffe]Twiixtor
[19:04:55] [Server thread/INFO]: Twiixtor issued server command: /tp Twiixtor 173 4 552
[19:04:55] [Server thread/INFO]: Twiixtor issued server command: /tppos 173 4 552
[19:05:07] [Server thread/INFO]: Staff: [Admin] Chris
[19:05:07] [Server thread/INFO]: Developers: [Giraffe]Twiixtor
[19:05:15] [Server thread/INFO]: Twiixtor issued server command: /tp Twiixtor 517 4 634
[19:05:15] [Server thread/INFO]: Twiixtor issued server command: /tppos 517 4 634
[19:05:18] [Server thread/INFO]: Twiixtor issued server command: /tp Twiixtor 374 4 642
[19:05:18] [Server thread/INFO]: Twiixtor issued server command: /tppos 374 4 642
[19:05:21] [Server thread/INFO]: Twiixtor issued server command: /tp Twiixtor 731 4 612
[19:05:21] [Server thread/INFO]: Twiixtor issued server command: /tppos 731 4 612
[19:05:26] [Server thread/INFO]: Twiixtor issued server command: /tp Twiixtor 931 4 55
[19:05:26] [Server thread/INFO]: Twiixtor issued server command: /tppos 931 4 55
[19:05:30] [Server thread/INFO]: Twiixtor issued server command: /tp Twiixtor 1163 4 -49
[19:05:30] [Server thread/INFO]: Twiixtor issued server command: /tppos 1163 4 -49
[19:05:33] [Server thread/INFO]: Twiixtor issued server command: /tp Twiixtor 1196 4 -365
[19:05:33] [Server thread/INFO]: Twiixtor issued server command: /tppos 1196 4 -365
[19:05:37] [Server thread/INFO]: Twiixtor issued server command: /tp Twiixtor 1088 4 -530
[19:05:37] [Server thread/INFO]: Twiixtor issued server command: /tppos 1088 4 -530
[19:05:39] [Server thread/INFO]: Twiixtor issued server command: /tp Twiixtor 942 4 -716
[19:05:39] [Server thread/INFO]: Twiixtor issued server command: /tppos 942 4 -716
[19:05:44] [Server thread/INFO]: Twiixtor issued server command: /tp Twiixtor 1093 4 -806
[19:05:44] [Server thread/INFO]: Twiixtor issued server command: /tppos 1093 4 -806
[19:05:46] [Server thread/INFO]: Twiixtor issued server command: /tp Twiixtor 1233 4 -598
[19:05:46] [Server thread/INFO]: Twiixtor issued server command: /tppos 1233 4 -598
[19:05:51] [Server thread/INFO]: Twiixtor issued server command: /tp Twiixtor 1058 4 -568
[19:05:51] [Server thread/INFO]: Twiixtor issued server command: /tppos 1058 4 -568
[19:05:54] [Server thread/INFO]: Staff: [Admin] Chris
[19:05:54] [Server thread/INFO]: Developers: [Giraffe]Twiixtor
[19:06:19] [Server thread/INFO]: Twiixtor issued server command: //hcyl 17
[19:06:34] [Server thread/INFO]: Twiixtor issued server command: //hcyl 17 30
[19:06:41] [Server thread/INFO]: Staff: [Admin] Chris
[19:06:41] [Server thread/INFO]: Developers: [Giraffe]Twiixtor
[19:06:41] [Server thread/INFO]: Twiixtor issued server command: //hcyl 17 29
[19:06:54] [Server thread/INFO]: Twiixtor issued server command: //hcyl 17 25
[19:06:56] [Server thread/INFO]: Twiixtor issued server command: //hcyl 17 24
[19:07:27] [Server thread/INFO]: Staff: [Admin] Chris
[19:07:27] [Server thread/INFO]: Developers: [Giraffe]Twiixtor
[19:08:14] [Server thread/INFO]: Staff: [Admin] Chris
[19:08:14] [Server thread/INFO]: Developers: [Giraffe]Twiixtor
[19:09:00] [Server thread/INFO]: Staff: [Admin] Chris
[19:09:00] [Server thread/INFO]: Developers: [Giraffe]Twiixtor
[19:09:15] [Server thread/INFO]: Twiixtor issued server command: //hcyl
[19:09:35] [Server thread/INFO]: Twiixtor issued server command: //hcyl 17 20,2
[19:09:42] [Server thread/INFO]: Twiixtor issued server command: //hcyl 17 20,2 3
[19:09:44] [Server thread/INFO]: Twiixtor issued server command: //undo
[19:09:46] [Server thread/INFO]: Twiixtor issued server command: //undo
[19:09:47] [Server thread/INFO]: Staff: [Admin] Chris
[19:09:47] [Server thread/INFO]: Developers: [Giraffe]Twiixtor
[19:10:33] [Server thread/INFO]: Staff: [Admin] Chris
[19:10:33] [Server thread/INFO]: Developers: [Giraffe]Twiixtor
[19:11:01] [Server thread/INFO]: Twiixtor issued server command: //cyl 1:5 5
[19:11:06] [Server thread/INFO]: Twiixtor issued server command: //undo
[19:11:10] [Server thread/INFO]: Twiixtor issued server command: //cyl 1:5 3
[19:11:14] [Server thread/INFO]: Crustifer issued server command: //replace lightgrey wood
[19:12:01] [Server thread/INFO]: Staff: [Admin] Chris
[19:12:01] [Server thread/INFO]: Developers: [Giraffe]Twiixtor
[19:12:17] [Server thread/INFO]: Twiixtor issued server command: //replace 1:5 1:6
[19:12:29] [Server thread/INFO]: Twiixtor issued server command: //replce 1:6 1
[19:12:34] [Server thread/INFO]: Twiixtor issued server command: //replace 1:6 1
[19:12:36] [Server thread/INFO]: Twiixtor issued server command: //undo
[19:12:48] [Server thread/INFO]: Staff: [Admin] Chris
[19:12:48] [Server thread/INFO]: Developers: [Giraffe]Twiixtor
[19:13:05] [Server thread/INFO]: Twiixtor issued server command: //cyl 17 5
[19:13:34] [Server thread/INFO]: Staff: [Admin] Chris
[19:13:34] [Server thread/INFO]: Developers: [Giraffe]Twiixtor
[19:14:21] [Server thread/INFO]: Staff: [Admin] Chris
[19:14:21] [Server thread/INFO]: Developers: [Giraffe]Twiixtor
[19:14:30] [Server thread/INFO]: Crustifer issued server command: //replace wood 43:8
[19:15:03] [Server thread/INFO]: Twiixtor issued server command: //cyl grass 10 2
[19:15:05] [Server thread/INFO]: Twiixtor issued server command: //top
[19:15:07] [Server thread/INFO]: Twiixtor issued server command: /top
[19:15:07] [Server thread/INFO]: Staff: [Admin] Chris
[19:15:07] [Server thread/INFO]: Developers: [Giraffe]Twiixtor
[19:15:54] [Server thread/INFO]: Staff: [Admin] Chris
[19:15:54] [Server thread/INFO]: Developers: [Giraffe]Twiixtor
[19:16:40] [Server thread/INFO]: Twiixtor issued server command: //undo
[19:16:41] [Server thread/INFO]: Staff: [Admin] Chris
[19:16:41] [Server thread/INFO]: Developers: [Giraffe]Twiixtor
[19:17:27] [Server thread/INFO]: Staff: [Admin] Chris
[19:17:27] [Server thread/INFO]: Developers: [Giraffe]Twiixtor
[19:17:56] [Server thread/INFO]: Crustifer issued server command: //replace grey 43:8
[19:18:14] [Server thread/INFO]: Staff: [Admin] Chris
[19:18:14] [Server thread/INFO]: Developers: [Giraffe]Twiixtor
[19:18:51] [Server thread/INFO]: Crustifer issued server command: //replace grey 43:8
[19:18:53] [Server thread/INFO]: Crustifer issued server command: //replace grey 43:8
[19:18:57] [Server thread/INFO]: Crustifer issued server command: //pos1
[19:19:00] [Server thread/INFO]: Crustifer issued server command: //pos2
[19:19:00] [Server thread/INFO]: Staff: [Admin] Chris
[19:19:00] [Server thread/INFO]: Developers: [Giraffe]Twiixtor
[19:19:01] [Server thread/INFO]: Crustifer issued server command: //replace grey 43:8
[19:19:19] [Server thread/INFO]: Twiixtor issued server command: //expand vert
[19:19:20] [Server thread/INFO]: Twiixtor issued server command: //regen
[19:19:47] [Server thread/INFO]: Staff: [Admin] Chris
[19:19:47] [Server thread/INFO]: Developers: [Giraffe]Twiixtor
[19:20:13] [Server thread/INFO]: Twiixtor issued server command: /tp cru
[19:20:33] [Server thread/INFO]: Staff: [Admin] Chris
[19:20:33] [Server thread/INFO]: Developers: [Giraffe]Twiixtor
[19:20:37] [Server thread/INFO]: [Giraffe]Twiixtor: How do u get those double slabs without a line in the middle?
[19:20:43] [Server thread/INFO]: [Admin] Chris: .//replace grey 43:8
[19:20:51] [Server thread/INFO]: Twiixtor issued server command: /i 43
[19:20:54] [Server thread/INFO]: Twiixtor issued server command: /i 43:8
[19:21:05] [Server thread/INFO]: [Giraffe]Twiixtor: Right..
[19:21:13] [Server thread/INFO]: [Giraffe]Twiixtor: Thanks :D
[19:21:42] [Server thread/INFO]: Twiixtor issued server command: /spawn
[19:22:01] [Server thread/INFO]: Staff: [Admin] Chris
[19:22:01] [Server thread/INFO]: Developers: [Giraffe]Twiixtor
[19:22:48] [Server thread/INFO]: Staff: [Admin] Chris
[19:22:48] [Server thread/INFO]: Developers: [Giraffe]Twiixtor
[19:23:34] [Server thread/INFO]: Staff: [Admin] Chris
[19:23:34] [Server thread/INFO]: Developers: [Giraffe]Twiixtor
[19:24:08] [Server thread/INFO]: Twiixtor issued server command: /plugins
[19:24:21] [Server thread/INFO]: Staff: [Admin] Chris
[19:24:21] [Server thread/INFO]: Developers: [Giraffe]Twiixtor
[19:25:07] [Server thread/INFO]: Staff: [Admin] Chris
[19:25:07] [Server thread/INFO]: Developers: [Giraffe]Twiixtor
[19:25:16] [Server thread/INFO]: Twiixtor issued server command: //set 126:2
[19:25:25] [Server thread/INFO]: Twiixtor issued server command: //set 0
[19:25:54] [Server thread/INFO]: Staff: [Admin] Chris
[19:25:54] [Server thread/INFO]: Developers: [Giraffe]Twiixtor
[19:26:41] [Server thread/INFO]: Staff: [Admin] Chris
[19:26:41] [Server thread/INFO]: Developers: [Giraffe]Twiixtor
[19:27:27] [Server thread/INFO]: Staff: [Admin] Chris
[19:27:27] [Server thread/INFO]: Developers: [Giraffe]Twiixtor
[19:28:02] [Server thread/INFO]: Twiixtor issued server command: /tp crus
[19:28:08] [Server thread/INFO]: Twiixtor issued server command: /speed 3
[19:28:14] [Server thread/INFO]: Staff: [Admin] Chris
[19:28:14] [Server thread/INFO]: Developers: [Giraffe]Twiixtor
[19:28:23] [Server thread/INFO]: [Admin] Chris: running around
[19:28:28] [Server thread/INFO]: [Giraffe]Twiixtor: Right
[19:28:47] [Server thread/INFO]: [Giraffe]Twiixtor: Very productive xd
[19:28:55] [Server thread/INFO]: Twiixtor issued server command: /mv
[19:28:59] [Server thread/INFO]: Twiixtor issued server command: /mv 2
[19:29:00] [Server thread/INFO]: Staff: [Admin] Chris
[19:29:00] [Server thread/INFO]: Developers: [Giraffe]Twiixtor
[19:29:06] [Server thread/INFO]: Twiixtor issued server command: /mv 3
[19:29:15] [Server thread/INFO]: Twiixtor issued server command: /mv 3
[19:29:18] [Server thread/INFO]: Twiixtor issued server command: /mv 4
[19:29:20] [Server thread/INFO]: Twiixtor issued server command: /mv 6
[19:29:47] [Server thread/INFO]: Staff: [Admin] Chris
[19:29:47] [Server thread/INFO]: Developers: [Giraffe]Twiixtor
[19:30:33] [Server thread/INFO]: Staff: [Admin] Chris
[19:30:33] [Server thread/INFO]: Developers: [Giraffe]Twiixtor
[19:31:48] [Server thread/INFO]: Twiixtor issued server command: //speed 1
[19:31:56] [Server thread/INFO]: Twiixtor issued server command: /speed 1
[19:32:01] [Server thread/INFO]: Staff: [Admin] Chris
[19:32:01] [Server thread/INFO]: Developers: [Giraffe]Twiixtor
[19:32:48] [Server thread/INFO]: Staff: [Admin] Chris
[19:32:48] [Server thread/INFO]: Developers: [Giraffe]Twiixtor
[19:33:13] [Server thread/INFO]: [Admin] Chris: ...
[19:33:16] [Server thread/INFO]: [Giraffe]Twiixtor: shh
[19:33:34] [Server thread/INFO]: Staff: [Admin] Chris
[19:33:34] [Server thread/INFO]: Developers: [Giraffe]Twiixtor
[19:34:21] [Server thread/INFO]: Staff: [Admin] Chris
[19:34:21] [Server thread/INFO]: Developers: [Giraffe]Twiixtor
[19:35:07] [Server thread/INFO]: Staff: [Admin] Chris
[19:35:07] [Server thread/INFO]: Developers: [Giraffe]Twiixtor
[19:35:41] [Server thread/INFO]: Twiixtor issued server command: //cut
[19:35:46] [Server thread/INFO]: Twiixtor issued server command: //paste
[19:35:54] [Server thread/INFO]: Staff: [Admin] Chris
[19:35:54] [Server thread/INFO]: Developers: [Giraffe]Twiixtor
[19:36:06] [Server thread/INFO]: Twiixtor issued server command: //cut
[19:36:08] [Server thread/INFO]: Twiixtor issued server command: //paste
[19:36:41] [Server thread/INFO]: Staff: [Admin] Chris
[19:36:41] [Server thread/INFO]: Developers: [Giraffe]Twiixtor
[19:37:27] [Server thread/INFO]: Staff: [Admin] Chris
[19:37:27] [Server thread/INFO]: Developers: [Giraffe]Twiixtor
[19:37:50] [Server thread/INFO]: Twiixtor issued server command: /i obsidian 1
[19:37:57] [Server thread/INFO]: Crustifer issued server command: //sphere
[19:38:01] [Server thread/INFO]: Twiixtor issued server command: /i lighter 1
[19:38:14] [Server thread/INFO]: Staff: [Admin] Chris
[19:38:14] [Server thread/INFO]: Developers: [Giraffe]Twiixtor
[19:38:22] [Server thread/INFO]: Twiixtor issued server command: //set 35:!4
[19:38:24] [Server thread/INFO]: Twiixtor issued server command: //set 35:14
[19:38:30] [Server thread/INFO]: Twiixtor issued server command: /i sign 1
[19:38:40] [Server thread/INFO]: Crustifer issued server command: //undo
[19:38:50] [Server thread/INFO]: Crustifer issued server command: //undo
[19:39:00] [Server thread/INFO]: Staff: [Admin] Chris
[19:39:00] [Server thread/INFO]: Developers: [Giraffe]Twiixtor
[19:39:02] [Server thread/INFO]: Twiixtor issued server command: //stack 2
[19:39:13] [Server thread/INFO]: Crustifer issued server command: //copy
[19:39:20] [Server thread/INFO]: Crustifer issued server command: //paste
[19:39:20] [Server thread/INFO]: Twiixtor issued server command: /i lighter 1
[19:39:25] [Server thread/INFO]: Crustifer issued server command: //paste
[19:39:32] [Server thread/INFO]: Crustifer issued server command: //paste
[19:39:47] [Server thread/INFO]: Staff: [Admin] Chris
[19:39:47] [Server thread/INFO]: Developers: [Giraffe]Twiixtor
[19:39:49] [Server thread/INFO]: Twiixtor issued server command: /mvp
[19:39:59] [Server thread/INFO]: WEAPI
[19:39:59] [Server thread/ERROR]: null
[19:40:26] [Server thread/INFO]: WEAPI
[19:40:26] [Server thread/ERROR]: null
[19:40:33] [Server thread/INFO]: Staff: [Admin] Chris
[19:40:33] [Server thread/INFO]: Developers: [Giraffe]Twiixtor
[19:40:38] [Server thread/INFO]: Twiixtor issued server command: /mv 2
[19:40:39] [Server thread/INFO]: Twiixtor issued server command: /mv 4
[19:40:40] [Server thread/INFO]: Twiixtor issued server command: /mv 6
[19:40:41] [Server thread/INFO]: Crustifer issued server command: //pos1
[19:40:42] [Server thread/INFO]: Twiixtor issued server command: /mv 5
[19:40:46] [Server thread/INFO]: Crustifer issued server command: //pos2
[19:40:47] [Server thread/INFO]: Twiixtor issued server command: /mv 6
[19:40:52] [Server thread/INFO]: Twiixtor issued server command: /mvp wand
[19:41:15] [Server thread/INFO]: WEAPI
[19:41:15] [Server thread/ERROR]: null
[19:42:01] [Server thread/INFO]: Staff: [Admin] Chris
[19:42:01] [Server thread/INFO]: Developers: [Giraffe]Twiixtor
[19:42:05] [Server thread/INFO]: Crustifer issued server command: //undo
[19:42:07] [Server thread/INFO]: Crustifer issued server command: //undo
[19:42:38] [Server thread/INFO]: Crustifer issued server command: //pos1
[19:42:46] [Server thread/INFO]: Crustifer issued server command: //pos2
[19:42:48] [Server thread/INFO]: Staff: [Admin] Chris
[19:42:48] [Server thread/INFO]: Developers: [Giraffe]Twiixtor
[19:42:55] [Server thread/INFO]: Crustifer issued server command: //pos2
[19:43:00] [Server thread/INFO]: Crustifer issued server command: //pos2
[19:43:04] [Server thread/INFO]: Crustifer issued server command: //pos1
[19:43:12] [Server thread/INFO]: Crustifer issued server command: //pos2
[19:43:34] [Server thread/INFO]: Staff: [Admin] Chris
[19:43:34] [Server thread/INFO]: Developers: [Giraffe]Twiixtor
[19:43:42] [Server thread/INFO]: Crustifer issued server command: //pos1
[19:43:47] [Server thread/INFO]: Crustifer issued server command: //pos2
[19:43:49] [Server thread/INFO]: Crustifer issued server command: //set air
[19:44:21] [Server thread/INFO]: Staff: [Admin] Chris
[19:44:21] [Server thread/INFO]: Developers: [Giraffe]Twiixtor
[19:45:07] [Server thread/INFO]: Staff: [Admin] Chris
[19:45:07] [Server thread/INFO]: Developers: [Giraffe]Twiixtor
[19:45:54] [Server thread/INFO]: Staff: [Admin] Chris
[19:45:54] [Server thread/INFO]: Developers: [Giraffe]Twiixtor
[19:46:41] [Server thread/INFO]: Staff: [Admin] Chris
[19:46:41] [Server thread/INFO]: Developers: [AFK][Giraffe]Twiixtor
[19:47:28] [Server thread/INFO]: Staff: [Admin] Chris
[19:47:28] [Server thread/INFO]: Developers: [AFK][Giraffe]Twiixtor
[19:48:14] [Server thread/INFO]: Staff: [Admin] Chris
[19:48:14] [Server thread/INFO]: Developers: [AFK][Giraffe]Twiixtor
[19:49:01] [Server thread/INFO]: Staff: [Admin] Chris
[19:49:01] [Server thread/INFO]: Developers: [AFK][Giraffe]Twiixtor
[19:49:47] [Server thread/INFO]: Staff: [Admin] Chris
[19:49:47] [Server thread/INFO]: Developers: [AFK][Giraffe]Twiixtor
[19:50:34] [Server thread/INFO]: Staff: [Admin] Chris
[19:50:34] [Server thread/INFO]: Developers: [AFK][Giraffe]Twiixtor
[19:52:01] [Server thread/INFO]: Staff: [AFK][Admin] Chris
[19:52:01] [Server thread/INFO]: Developers: [AFK][Giraffe]Twiixtor
[19:52:48] [Server thread/INFO]: Staff: [AFK][Admin] Chris
[19:52:48] [Server thread/INFO]: Developers: [AFK][Giraffe]Twiixtor
[19:53:34] [Server thread/INFO]: Staff: [AFK][Admin] Chris
[19:53:34] [Server thread/INFO]: Developers: [Giraffe]Twiixtor
[19:54:21] [Server thread/INFO]: Staff: [AFK][Admin] Chris
[19:54:21] [Server thread/INFO]: Developers: [Giraffe]Twiixtor
[19:54:42] [Server thread/INFO]: Crustifer left the game.
[19:55:07] [Server thread/INFO]: Developers: [Giraffe]Twiixtor
[19:55:54] [Server thread/INFO]: Developers: [Giraffe]Twiixtor
[19:55:56] [Server thread/INFO]: Twiixtor issued server command: /speed 5
[19:56:41] [Server thread/INFO]: Developers: [Giraffe]Twiixtor
[19:56:58] [Server thread/INFO]: Twiixtor issued server command: /speed 1
[19:57:27] [Server thread/INFO]: Developers: [Giraffe]Twiixtor
[19:58:14] [Server thread/INFO]: Developers: [Giraffe]Twiixtor
[19:59:00] [Server thread/INFO]: Developers: [Giraffe]Twiixtor
[19:59:41] [Server thread/INFO]: Twiixtor issued server command: //set 35:14
[19:59:47] [Server thread/INFO]: Developers: [Giraffe]Twiixtor
[19:59:47] [Server thread/INFO]: Twiixtor issued server command: //replace dirt grass
[20:00:33] [Server thread/INFO]: Developers: [Giraffe]Twiixtor
[20:02:01] [Server thread/INFO]: Developers: [Giraffe]Twiixtor
[20:02:48] [Server thread/INFO]: Developers: [Giraffe]Twiixtor
[20:03:34] [Server thread/INFO]: Developers: [Giraffe]Twiixtor
[20:04:21] [Server thread/INFO]: Developers: [Giraffe]Twiixtor
[20:05:07] [Server thread/INFO]: Developers: [Giraffe]Twiixtor
[20:05:54] [Server thread/INFO]: Developers: [Giraffe]Twiixtor
[20:06:41] [Server thread/INFO]: Developers: [Giraffe]Twiixtor
[20:07:27] [Server thread/INFO]: Developers: [Giraffe]Twiixtor
[20:08:09] [Server thread/INFO]: [Member] Raichu: :D
[20:08:14] [Server thread/INFO]: Members: [Member] Raichu
[20:08:14] [Server thread/INFO]: Developers: [Giraffe]Twiixtor
[20:08:18] [Server thread/INFO]: [Giraffe]Twiixtor: hi
[20:08:31] [Server thread/INFO]: [Member] Raichu: gr8 engrish <---
[20:08:32] [Server thread/INFO]: [Giraffe]Twiixtor: I have no fucking clue
[20:08:36] [Server thread/INFO]: Raichu3000 issued server command: /tp Twiix
[20:08:40] [Server thread/INFO]: [Member] Raichu: ......
[20:08:44] [Server thread/INFO]: [Member] Raichu: ..
[20:08:47] [Server thread/INFO]: [Member] Raichu: u srsly
[20:08:55] [Server thread/INFO]: [Giraffe]Twiixtor: nope
[20:08:58] [Server thread/INFO]: [Giraffe]Twiixtor: Love my own dick
[20:09:00] [Server thread/INFO]: Members: [Member] Raichu
[20:09:00] [Server thread/INFO]: Developers: [Giraffe]Twiixtor
[20:09:01] [Server thread/INFO]: [Giraffe]Twiixtor: Love building dicks
[20:09:05] [Server thread/INFO]: [Giraffe]Twiixtor: But I'm still into females
[20:09:10] [Server thread/INFO]: [Member] Raichu: xD
[20:09:31] [Server thread/INFO]: [Giraffe]Twiixtor: Like 30 mins
[20:09:37] [Server thread/INFO]: Raichu3000 issued server command: /pos1
[20:09:40] [Server thread/INFO]: Raichu3000 issued server command: //pos1
[20:09:47] [Server thread/INFO]: Members: [Member] Raichu
[20:09:47] [Server thread/INFO]: Developers: [Giraffe]Twiixtor
[20:09:51] [Server thread/INFO]: Raichu3000 issued server command: //pos2
[20:10:33] [Server thread/INFO]: Members: [Member] Raichu
[20:10:33] [Server thread/INFO]: Developers: [Giraffe]Twiixtor
[20:10:52] [Server thread/INFO]: [Giraffe]Twiixtor: fak u
[20:10:55] [Server thread/INFO]: [Member] Raichu: xD
[20:11:05] [Server thread/INFO]: Raichu3000 issued server command: //undo
[20:11:18] [Server thread/INFO]: [Giraffe]Twiixtor: Oh god
[20:11:19] [Server thread/INFO]: [Member] Raichu: now
[20:11:21] [Server thread/INFO]: [Giraffe]Twiixtor: ._.
[20:11:22] [Server thread/INFO]: [Member] Raichu: LOL
[20:11:28] [Server thread/INFO]: [Member] Raichu: beautiful
[20:11:46] [Server thread/INFO]: Raichu3000 issued server command: /undo
[20:11:48] [Server thread/INFO]: Raichu3000 issued server command: //undo
[20:11:55] [Server thread/INFO]: [Giraffe]Twiixtor: Note to self: Raichu's "beautiful" is a period penis
[20:12:00] [Server thread/INFO]: [Member] Raichu: xD
[20:12:01] [Server thread/INFO]: Members: [Member] Raichu
[20:12:01] [Server thread/INFO]: Developers: [Giraffe]Twiixtor
[20:12:20] [Server thread/INFO]: [Giraffe]Twiixtor: I wouldn't touch it
[20:12:25] [Server thread/INFO]: [Member] Raichu: hmm k
[20:12:28] [Server thread/INFO]: [Giraffe]Twiixtor: Unseen and chris seem to be the spawn designers
[20:12:31] [Server thread/INFO]: [Member] Raichu: xE
[20:12:32] [Server thread/INFO]: [Member] Raichu: xD
[20:12:38] [Server thread/INFO]: [Giraffe]Twiixtor: Sup faggit
[20:12:48] [Server thread/INFO]: Staff: [Admin] Chris
[20:12:48] [Server thread/INFO]: Members: [Member] Raichu
[20:12:48] [Server thread/INFO]: Developers: [Giraffe]Twiixtor
[20:12:48] [Server thread/INFO]: [Admin] Chris: sup
[20:12:49] [Server thread/INFO]: [Giraffe]Twiixtor: Go build dick structures somewhere else
[20:12:49] [Server thread/INFO]: [Admin] Chris: and
[20:12:52] [Server thread/INFO]: [Giraffe]Twiixtor: On a much bigger scale
[20:13:00] [Server thread/INFO]: [Admin] Chris: a chris scale (lennyface)
[20:13:21] [Server thread/INFO]: [Giraffe]Twiixtor: Would you fak
[20:13:21] [Server thread/INFO]: Raichu3000 issued server command: /warp sexyarena
[20:13:22] [Server thread/INFO]: [Giraffe]Twiixtor: off
[20:13:26] [Server thread/INFO]: [Member] Raichu: did
[20:13:34] [Server thread/INFO]: Staff: [Admin] Chris
[20:13:34] [Server thread/INFO]: Members: [Member] Raichu
[20:13:34] [Server thread/INFO]: Developers: [Giraffe]Twiixtor
[20:13:39] [Server thread/INFO]: [Giraffe]Twiixtor: Then why my penis has period
[20:13:43] [Server thread/INFO]: Raichu3000 issued server command: //undo
[20:13:45] [Server thread/INFO]: [Member] Raichu: there
[20:13:47] [Server thread/INFO]: [Member] Raichu: :3
[20:13:48] [Server thread/INFO]: [Giraffe]Twiixtor: thx <3
[20:14:21] [Server thread/INFO]: Staff: [Admin] Chris
[20:14:21] [Server thread/INFO]: Members: [Member] Raichu
[20:14:21] [Server thread/INFO]: Developers: [Giraffe]Twiixtor
[20:15:07] [Server thread/INFO]: Staff: [Admin] Chris
[20:15:07] [Server thread/INFO]: Members: [Member] Raichu
[20:15:07] [Server thread/INFO]: Developers: [Giraffe]Twiixtor
[20:15:45] [Server thread/INFO]: Twiixtor issued server command: /rgun
[20:15:47] [Server thread/INFO]: Twiixtor issued server command: /givegun
[20:15:54] [Server thread/INFO]: Staff: [Admin] Chris
[20:15:54] [Server thread/INFO]: Members: [Member] Raichu
[20:15:54] [Server thread/INFO]: Developers: [Giraffe]Twiixtor
[20:15:55] [Server thread/INFO]: Twiixtor issued server command: /tp rai
[20:16:10] [Server thread/INFO]: Twiixtor issued server command: /rapidfw 10
[20:16:24] [Server thread/INFO]: Twiixtor left the game.
[20:16:36] [Server thread/INFO]: Crustifer issued server command: //pos1
[20:16:41] [Server thread/INFO]: Staff: [Admin] Chris
[20:16:41] [Server thread/INFO]: Members: [Member] Raichu
[20:16:42] [Server thread/INFO]: Crustifer issued server command: //pos2
[20:16:45] [Server thread/INFO]: Crustifer issued server command: /tp rai
[20:17:09] [Server thread/INFO]: Twiixtor issued server command: /speed
[20:17:11] [Server thread/INFO]: Twiixtor issued server command: /speed 5
[20:17:13] [Server thread/INFO]: Twiixtor issued server command: /rapidfw 10
[20:17:17] [Server thread/INFO]: Crustifer left the game.
[20:17:27] [Server thread/INFO]: Staff: [Admin] Chris
[20:17:27] [Server thread/INFO]: Members: [Member] Raichu
[20:17:27] [Server thread/INFO]: Developers: [Giraffe]Twiixtor
[20:17:29] [Server thread/INFO]: Twiixtor issued server command: /rapidfw 10
[20:17:33] [Server thread/INFO]: Raichu3000 left the game.
[20:17:45] [Server thread/INFO]: [Giraffe]Twiixtor: k
[20:17:46] [Server thread/INFO]: Twiixtor left the game.
[20:18:05] [Server thread/INFO]: Crustifer left the game.
[21:21:32] [Server thread/INFO]: Crustifer left the game.
[21:24:01] [Server thread/INFO]: Crustifer left the game.
