[00:12:17] [Server thread/INFO]: Loading properties
[00:12:17] [Server thread/INFO]: Default game type: SURVIVAL
[00:12:17] [Server thread/INFO]: Using epoll channel type
[00:12:19] [Server thread/INFO]: [DisguiseCraft] Loading DisguiseCraft v5.2
[00:12:19] [Server thread/INFO]: [WorldEdit] Loading WorldEdit v6.1;no_git_id
[00:12:19] [Server thread/INFO]: [Essentials] Loading Essentials vTeamCity
[00:12:19] [Server thread/INFO]: [PlugMan] Loading PlugMan v2.0.7
[00:12:19] [Server thread/INFO]: [LaggRemover] Loading LaggRemover v0.1.8
[00:12:19] [Server thread/INFO]: [WorldGuard] Loading WorldGuard v6.1
[00:12:19] [Server thread/INFO]: [Multiverse-Core] Loading Multiverse-Core v2.4-b527
[00:12:19] [Server thread/INFO]: [Splegg] Loading Splegg v1.2
[00:12:19] [Server thread/INFO]: [EssentialsProtect] Loading EssentialsProtect vTeamCity
[00:12:19] [Server thread/INFO]: [VoxelSniper] Loading VoxelSniper v7.1.0
[00:12:19] [Server thread/INFO]: [mcMMO] Loading mcMMO v1.5.00-b3547
[00:12:19] [Server thread/INFO]: [Multiverse-NetherPortals] Loading Multiverse-NetherPortals v2.4-b530
[00:12:19] [Server thread/INFO]: [SuperVanish] Loading SuperVanish v5.4.3
[00:12:19] [Server thread/INFO]: [Multiverse-Portals] Loading Multiverse-Portals v2.4-b548
[00:12:19] [Server thread/INFO]: [Vault] Loading Vault v1.5.6-b49
[00:12:19] [Server thread/INFO]: [EssentialsSpawn] Loading EssentialsSpawn vTeamCity
[00:12:19] [Server thread/INFO]: [MassiveCore] Loading MassiveCore v2.8.0
[00:12:19] [Server thread/INFO]: TimeUnit.MILLIS_PER_MINUTE: 60000
[00:12:19] [Server thread/INFO]: [MinigamesLib] Loading MinigamesLib v1.13.1
[00:12:19] [Server thread/INFO]: [Minigames] Loading Minigames v1.7.0
[00:12:19] [Server thread/INFO]: [MobArena] Loading MobArena v0.97.1
[00:12:19] [Server thread/INFO]: [TNTRun] Loading TNTRun v3.4
[00:12:19] [Server thread/INFO]: [HolographicDisplays] Loading HolographicDisplays v2.1.10
[00:12:19] [Server thread/INFO]: [CommandSigns] Loading CommandSigns v1.9.3.2
[00:12:19] [Server thread/INFO]: [SkyWars] Loading SkyWars v1.1-m16
[00:12:19] [Server thread/INFO]: [EpicSpleef] Loading EpicSpleef v0.0.19
[00:12:19] [Server thread/INFO]: [OnTime] Loading OnTime v4.1.3
[00:12:19] [Server thread/INFO]: [CraftBook] Loading CraftBook v3.9-SNAPSHOT
[00:12:19] [Server thread/INFO]: [mcMMO] Enabling mcMMO v1.5.00-b3547
[00:12:21] [Server thread/INFO]: [Vault] Enabling Vault v1.5.6-b49
[00:12:21] [Server thread/INFO]: [MassiveCore] Enabling MassiveCore v2.8.0
[00:12:21] [Server thread/INFO]: [MassiveCore 2.8.0] === ENABLE START ===
[00:12:21] [Server thread/INFO]: [MassiveCore 2.8.0] §eSetup of IdUtil took §d14§ems.
[00:12:22] [Server thread/INFO]: [MassiveCore 2.8.0] === ENABLE §aCOMPLETE §e(Took §d262ms§e) ===
[00:12:23] [Server thread/INFO]: Preparing spawn area: 45%
[00:12:24] [Server thread/INFO]: Preparing spawn area: 99%
[00:12:25] [Server thread/INFO]: [DisguiseCraft] Enabling DisguiseCraft v5.2
[00:12:25] [Server thread/INFO]: [WorldEdit] Enabling WorldEdit v6.1;no_git_id
[00:12:25] [Server thread/INFO]: [WorldEdit] Using com.sk89q.worldedit.bukkit.adapter.impl.Spigot_v1_8_R3 as the Bukkit adapter
[00:12:25] [Server thread/INFO]: [Essentials] Enabling Essentials vTeamCity
[00:12:25] [Server thread/INFO]: git-Bukkit-9935adc (MC: 1.8.8)
[00:12:25] [Server thread/INFO]: 1.8.8-R0.1-SNAPSHOT
[00:12:25] [Server thread/INFO]: Using locale en_US
[00:12:25] [Server thread/INFO]: Using locale en_US
[00:12:26] [Server thread/INFO]: [PlugMan] Enabling PlugMan v2.0.7
[00:12:26] [Server thread/INFO]: [LaggRemover] Enabling LaggRemover v0.1.8
[00:12:26] [Server thread/INFO]: [LaggRemover] LaggRemover has been enabled!
[00:12:26] [Server thread/INFO]: [WorldGuard] Enabling WorldGuard v6.1
[00:12:27] [Server thread/INFO]: [WorldGuard] (survival) Lighters are PERMITTED.
[00:12:27] [Server thread/INFO]: [WorldGuard] (survival) Lava fire is blocked.
[00:12:27] [Server thread/INFO]: [WorldGuard] (survival) Fire spread is UNRESTRICTED.
[00:12:27] [Server thread/INFO]: [WorldGuard] (survival_nether) Lighters are PERMITTED.
[00:12:27] [Server thread/INFO]: [WorldGuard] (survival_nether) Lava fire is blocked.
[00:12:27] [Server thread/INFO]: [WorldGuard] (survival_nether) Fire spread is UNRESTRICTED.
[00:12:27] [Server thread/INFO]: [WorldGuard] (survival_the_end) Lighters are PERMITTED.
[00:12:27] [Server thread/INFO]: [WorldGuard] (survival_the_end) Lava fire is blocked.
[00:12:27] [Server thread/INFO]: [WorldGuard] (survival_the_end) Fire spread is UNRESTRICTED.
[00:12:27] [Server thread/INFO]: [Multiverse-Core] Enabling Multiverse-Core v2.4-b527
[00:12:28] [Server thread/INFO]: [Multiverse-Core] Loading World & Settings - 'lobby' - Env: NORMAL - Type: NORMAL & seed: -3770714656453924402
[00:12:29] [Server thread/INFO]: [WorldGuard] (lobby) Lighters are PERMITTED.
[00:12:29] [Server thread/INFO]: [WorldGuard] (lobby) Lava fire is blocked.
[00:12:29] [Server thread/INFO]: [WorldGuard] (lobby) Fire spread is UNRESTRICTED.
[00:12:29] [Server thread/INFO]: [Multiverse-Core] Loading World & Settings - 'minigames' - Env: NORMAL - Type: FLAT & seed: 2973644325369467684
[00:12:29] [Server thread/INFO]: [WorldGuard] (minigames) Lighters are PERMITTED.
[00:12:29] [Server thread/INFO]: [WorldGuard] (minigames) Lava fire is blocked.
[00:12:29] [Server thread/INFO]: [WorldGuard] (minigames) Fire spread is UNRESTRICTED.
[00:12:29] [Server thread/INFO]: [Multiverse-Core] Loading World & Settings - 'Skywars' - Env: NORMAL - Type: FLAT & seed: 3121935573477155779
[00:12:29] [Server thread/INFO]: [WorldGuard] (Skywars) Lighters are PERMITTED.
[00:12:29] [Server thread/INFO]: [WorldGuard] (Skywars) Lava fire is blocked.
[00:12:29] [Server thread/INFO]: [WorldGuard] (Skywars) Fire spread is UNRESTRICTED.
[00:12:29] [Server thread/INFO]: [Multiverse-Core] Loading World & Settings - 'survival' - Env: NORMAL - Type: NORMAL & seed: 417882899938927719
[00:12:29] [Server thread/INFO]: [Multiverse-Core] Loading World & Settings - 'survival_nether' - Env: NETHER - Type: NORMAL & seed: 6261662807370706275
[00:12:29] [Server thread/ERROR]: [Multiverse-Core] New safe spawn NOT found!!!
[00:12:29] [Server thread/INFO]: [Multiverse-Core] Loading World & Settings - 'survival_the_end' - Env: THE_END - Type: NORMAL & seed: 6261662807370706275
[00:12:29] [Server thread/INFO]: [Multiverse-Core] 6 - World(s) loaded.
[00:12:29] [Server thread/INFO]: [Splegg] Enabling Splegg v1.2
[00:12:29] [Server thread/INFO]: [Splegg] Loading map SpleggOne.
[00:12:29] [Server thread/INFO]: [Splegg] Map is usable
[00:12:29] [Server thread/INFO]: [Splegg] Load Complete!
[00:12:29] [Server thread/INFO]: [Splegg] Loading map ArenaOne.
[00:12:29] [Server thread/INFO]: [Splegg] Spawn count is 0
[00:12:29] [Server thread/INFO]: [Splegg] No floors are setup.
[00:12:29] [Server thread/INFO]: [Splegg] --<>-- PLEASE SETUP MAP!! --<>--
[00:12:29] [Server thread/INFO]: [Splegg] Load Complete!
[00:12:30] [Server thread/INFO]: [EssentialsProtect] Enabling EssentialsProtect vTeamCity
[00:12:30] [Server thread/INFO]: [VoxelSniper] Enabling VoxelSniper v7.1.0
[00:12:31] [Server thread/INFO]: [Multiverse-NetherPortals] Enabling Multiverse-NetherPortals v2.4-b530
[00:12:31] [Server thread/INFO]: [SuperVanish] Enabling SuperVanish v5.4.3
[00:12:31] [Server thread/INFO]: [Multiverse-Portals] Enabling Multiverse-Portals v2.4-b548
[00:12:31] [Server thread/INFO]: [Multiverse-Portals]  1 - Portals(s) loaded
[00:12:31] [Server thread/INFO]: [EssentialsSpawn] Enabling EssentialsSpawn vTeamCity
[00:12:31] [Server thread/INFO]: [MinigamesLib] Enabling MinigamesLib v1.13.1
[00:12:31] [Server thread/INFO]: [Minigames] Enabling Minigames v1.7.0
[00:12:31] [Server thread/INFO]: [Minigames] Using lang en_AU
[00:12:31] [Server thread/INFO]: Minigames successfully enabled.
[00:12:32] [Server thread/INFO]: [MobArena] Enabling MobArena v0.97.1
[00:12:32] [Server thread/INFO]: [MobArena] Loaded arena 'god-arena'
[00:12:32] [Server thread/INFO]: [MobArena] v0.97.1 enabled.
[00:12:32] [Server thread/INFO]: [TNTRun] Enabling TNTRun v3.4
[00:12:32] [Server thread/INFO]: [HolographicDisplays] Enabling HolographicDisplays v2.1.10
[00:12:33] [Server thread/INFO]: [CommandSigns] Enabling CommandSigns v1.9.3.2
[00:12:33] [Server thread/INFO]: [CommandSigns] No signs found.
[00:12:34] [Server thread/INFO]: [SkyWars] Enabling SkyWars v1.1-m16
[00:12:36] [Server thread/INFO]: Preparing spawn area for island-0, 77%
[00:12:36] [Server thread/INFO]: [WorldGuard] (island-0) Lighters are PERMITTED.
[00:12:36] [Server thread/INFO]: [WorldGuard] (island-0) Lava fire is blocked.
[00:12:36] [Server thread/INFO]: [WorldGuard] (island-0) Fire spread is UNRESTRICTED.
[00:12:36] [Server thread/INFO]: [EpicSpleef] Enabling EpicSpleef v0.0.19
[00:12:36] [Server thread/INFO]: [EpicSpleef] Enabling EpicSpleef by BtoBastian
[00:12:37] [Server thread/INFO]: [EpicSpleef] Loading lobby SpleefOne
[00:12:37] [Server thread/INFO]: [EpicSpleef] Loading arena ArenaOne
[00:12:38] [Server thread/INFO]: [EpicSpleef] Successfully loaded arena ArenaOne. (world: minigames, blocks: 5233, maxPlayers: 0)
[00:12:38] [Server thread/INFO]: [EpicSpleef] Loading arena SpleefOne
[00:12:38] [Server thread/INFO]: [EpicSpleef] Successfully loaded arena SpleefOne. (world: minigames, blocks: 0, maxPlayers: 0)
[00:12:38] [Server thread/INFO]: [OnTime] Enabling OnTime v4.1.3
[00:12:38] [Server thread/INFO]: [CraftBook] Enabling CraftBook v3.9-SNAPSHOT
[00:12:38] [Server thread/INFO]: [CraftBook] Successfully added 1 CommandItems!
[00:12:38] [Server thread/INFO]: [CraftBook] Registered 3 custom recipes!
[00:12:38] [Server thread/INFO]: [CraftBook] 4449 chunk(s) for 7 world(s) processed (43ms elapsed)
[00:12:42] [Server thread/INFO]: Found 0 arenas.
[00:13:25] [Server thread/INFO]: Developers: [Dev] Poopey
[00:14:12] [Server thread/INFO]: Developers: [Dev] Poopey, [Giraffe]Twiixtor
[00:14:29] [Server thread/INFO]: Popey456963 issued server command: /gamemode 0 Twiixtor
[00:14:30] [Server thread/INFO]: Twiixtor issued server command: /speed 10
[00:14:33] [Server thread/INFO]: Popey456963 issued server command: /speed 10
[00:14:41] [Server thread/INFO]: Twiixtor issued server command: /delete
[00:14:42] [Server thread/INFO]: Twiixtor issued server command: /remove
[00:14:45] [Server thread/INFO]: Popey456963 issued server command: /god Twiixtor
[00:14:46] [Server thread/INFO]: Popey456963 issued server command: /god Twiixtor
[00:14:48] [Server thread/INFO]: Twiixtor issued server command: /remove items 100
[00:14:58] [Server thread/INFO]: Developers: [Dev] Poopey, [Giraffe]Twiixtor
[00:15:32] [Server thread/INFO]: Twiixtor issued server command: /feed
[00:15:40] [Server thread/INFO]: Twiixtor left the game.
[00:15:45] [Server thread/INFO]: Developers: [Dev] Poopey
[00:15:50] [Server thread/INFO]: Popey456963 issued server command: /seen twi
[00:15:53] [Server thread/INFO]: Popey456963 issued server command: /seen Twiixtor
[00:16:01] [Server thread/INFO]: Popey456963 issued server command: /speed 1
[00:16:26] [Server thread/INFO]: Popey456963 issued server command: //expand 10 up
[00:16:29] [Server thread/INFO]: Popey456963 issued server command: //walls bedrock
[00:16:31] [Server thread/INFO]: Developers: [Dev] Poopey
[00:17:18] [Server thread/INFO]: Developers: [Dev] Poopey
[00:17:19] [Server thread/INFO]: Popey456963 issued server command: //set bedrock
[00:18:04] [Server thread/INFO]: Developers: [Dev] Poopey
[00:18:51] [Server thread/INFO]: Developers: [Dev] Poopey
[00:19:38] [Server thread/INFO]: Developers: [Dev] Poopey
[00:19:45] [Server thread/INFO]: Popey456963 issued server command: //copy
[00:19:47] [Server thread/INFO]: Popey456963 issued server command: //paste
[00:19:48] [Server thread/INFO]: Popey456963 issued server command: //paste
[00:19:50] [Server thread/INFO]: Popey456963 issued server command: //paste
[00:19:59] [Server thread/INFO]: Popey456963 issued server command: //paste
[00:20:00] [Server thread/INFO]: Popey456963 issued server command: //paste
[00:20:01] [Server thread/INFO]: Popey456963 issued server command: //paste
[00:20:02] [Server thread/INFO]: Popey456963 issued server command: //paste
[00:20:07] [Server thread/INFO]: Popey456963 issued server command: //paste
[00:20:10] [Server thread/INFO]: Popey456963 issued server command: //paste
[00:20:11] [Server thread/INFO]: Popey456963 issued server command: //paste
[00:20:12] [Server thread/INFO]: Popey456963 issued server command: //paste
[00:20:17] [Server thread/INFO]: Popey456963 issued server command: //paste
[00:20:17] [Server thread/INFO]: Popey456963 issued server command: //paste
[00:20:18] [Server thread/INFO]: Popey456963 issued server command: //paste
[00:20:21] [Server thread/INFO]: Popey456963 issued server command: //paste
[00:20:24] [Server thread/INFO]: Developers: [Dev] Poopey
[00:20:24] [Server thread/INFO]: Popey456963 issued server command: //paste
[00:21:11] [Server thread/INFO]: Developers: [Dev] Poopey
[00:21:57] [Server thread/INFO]: Developers: [Dev] Poopey
[00:22:10] [Server thread/INFO]: Popey456963 issued server command: //walls glass
[00:22:41] [Server thread/INFO]: Popey456963 issued server command: //walls glass
[00:22:50] [Server thread/INFO]: Popey456963 issued server command: //walls glass
[00:22:56] [Server thread/INFO]: Popey456963 issued server command: //walls glass
[00:23:12] [Server thread/INFO]: Developers: [Dev] Poopey
[00:23:59] [Server thread/INFO]: Developers: [Dev] Poopey
[00:24:03] [Server thread/INFO]: Popey456963 issued server command: //walls glass
[00:24:45] [Server thread/INFO]: Developers: [Dev] Poopey
[00:25:32] [Server thread/INFO]: Developers: [Dev] Poopey
[00:25:38] [Server thread/INFO]: Popey456963 issued server command: /vanish
[00:25:54] [Server thread/INFO]: Popey456963 issued server command: /thru
[00:25:57] [Server thread/INFO]: Twiixtor issued server command: /spee d1
[00:26:00] [Server thread/INFO]: Twiixtor issued server command: /speed 1
[00:26:18] [Server thread/INFO]: Developers: [HIDDEN][Dev] Poopey, [Giraffe]Twiixtor
[00:26:32] [Server thread/INFO]: Popey456963 issued server command: /vanishn
[00:26:33] [Server thread/INFO]: Popey456963 issued server command: /vanish
[00:26:34] [Server thread/INFO]: Popey456963 issued server command: /speed 2
[00:26:38] [Server thread/INFO]: Popey456963 issued server command: /tp Twiixtor Popey456963
[00:26:42] [Server thread/INFO]: Popey456963 issued server command: /tp Twiixtor Popey456963
[00:26:43] [Server thread/INFO]: Popey456963 issued server command: /tp Twiixtor Popey456963
[00:26:44] [Server thread/INFO]: Popey456963 issued server command: /tp Twiixtor Popey456963
[00:26:45] [Server thread/INFO]: Popey456963 issued server command: /tp Twiixtor Popey456963
[00:26:47] [Server thread/INFO]: Popey456963 issued server command: /tp Twiixtor Popey456963
[00:26:49] [Server thread/INFO]: Popey456963 issued server command: /tp Twiixtor Popey456963
[00:26:50] [Server thread/INFO]: Popey456963 issued server command: /tp Twiixtor Popey456963
[00:26:56] [Server thread/INFO]: Popey456963 issued server command: /tp Twiixtor Popey456963
[00:26:59] [Server thread/INFO]: Popey456963 issued server command: /speed 2
[00:27:01] [Server thread/INFO]: Popey456963 issued server command: /speed 2
[00:27:04] [Server thread/INFO]: Popey456963 issued server command: /tp Twiixtor Popey456963
[00:27:05] [Server thread/INFO]: Developers: [Dev] Poopey, [Giraffe]Twiixtor
[00:27:10] [Server thread/INFO]: CONSOLE issued server command: /ban Popey
[00:27:10] [Server thread/INFO]: Popey456963 left the game.
[00:27:15] [Server thread/INFO]: CONSOLE issued server command: /ban twiixtor =(
[00:27:15] [Server thread/INFO]: Twiixtor left the game.
[00:27:52] [Server thread/INFO]: Developers: [Dev] Poopey, [Giraffe]Twiixtor
[00:28:02] [Server thread/INFO]: Twiixtor issued server command: /feed
[00:28:04] [Server thread/INFO]: Twiixtor issued server command: /gm 1
[00:28:06] [Server thread/INFO]: Popey456963 issued server command: /tp Twiixtor
[00:28:34] [Server thread/INFO]: Twiixtor issued server command: //expand vert
[00:28:37] [Server thread/INFO]: Twiixtor issued server command: //replace 4 tnt
[00:28:38] [Server thread/INFO]: Developers: [Dev] Poopey, [Giraffe]Twiixtor
[00:28:48] [Server thread/INFO]: Twiixtor issued server command: //regen
[00:28:52] [Server thread/INFO]: Popey456963 issued server command: /regen
[00:29:02] [Server thread/INFO]: Twiixtor issued server command: //regen
[00:29:14] [Server thread/INFO]: Popey456963 issued server command: /tp Twiixtor
[00:29:18] [Server thread/INFO]: Popey456963 issued server command: //set tnt
[00:29:24] [Server thread/INFO]: Twiixtor issued server command: //expand 50 up
[00:29:25] [Server thread/INFO]: Developers: [Dev] Poopey, [Giraffe]Twiixtor
[00:29:25] [Server thread/INFO]: Twiixtor issued server command: //set 0
[00:29:35] [Server thread/INFO]: Popey456963 issued server command: //set tnt
[00:29:42] [Server thread/INFO]: Twiixtor issued server command: //set 0
[00:29:46] [Server thread/INFO]: Popey456963 issued server command: //set tnt
[00:29:49] [Server thread/INFO]: Twiixtor issued server command: //expand 2 down
[00:29:51] [Server thread/INFO]: Twiixtor issued server command: //set grass
[00:29:53] [Server thread/INFO]: Popey456963 issued server command: //set tnt
[00:30:01] [Server thread/INFO]: Popey456963 issued server command: //set tnt
[00:30:11] [Server thread/INFO]: Developers: [Dev] Poopey, [Giraffe]Twiixtor
[00:30:51] [Server thread/INFO]: Popey456963 issued server command: //set grass
[00:30:53] [Server thread/INFO]: Twiixtor issued server command: /i bedrock 1
[00:30:58] [Server thread/INFO]: Developers: [Dev] Poopey, [Giraffe]Twiixtor
[00:31:05] [Server thread/INFO]: Popey456963 issued server command: //set grass
[00:31:10] [Server thread/INFO]: Popey456963 issued server command: /speed 10
[00:31:14] [Server thread/INFO]: Twiixtor issued server command: //expand 2 down
[00:31:16] [Server thread/INFO]: Twiixtor issued server command: //set grass
[00:31:21] [Server thread/INFO]: Twiixtor issued server command: /remove items 200
[00:31:22] [Server thread/INFO]: Popey456963 issued server command: //set grass
[00:31:30] [Server thread/INFO]: Popey456963 issued server command: /tp Twiixtor
[00:31:37] [Server thread/INFO]: Popey456963 issued server command: /killall all
[00:31:44] [Server thread/INFO]: Developers: [Dev] Poopey, [Giraffe]Twiixtor
[00:31:45] [Server thread/INFO]: Twiixtor left the game.
[00:31:47] [Server thread/INFO]: Popey456963 issued server command: /speed 1
[00:31:54] [Server thread/INFO]: Popey456963 left the game.
[00:35:57] [Server thread/INFO]: ThunderCS issued server command: /ci
[00:36:00] [Server thread/INFO]: ThunderCS issued server command: /gm1
[00:36:03] [Server thread/INFO]: ThunderCS issued server command: /gm 1
[00:36:18] [Server thread/INFO]: Staff: [Mod] ThunderCS
[00:36:24] [Server thread/INFO]: ThunderCS issued server command: /warp skywars
[00:36:32] [Server thread/INFO]: ThunderCS issued server command: /sw leave
[00:36:40] [Server thread/INFO]: ThunderCS issued server command: /warp skywars
[00:36:42] [Server thread/INFO]: ThunderCS issued server command: /gm 1
[00:36:57] [Server thread/INFO]: ThunderCS issued server command: /toggledownfall
[00:36:57] [Server thread/INFO]: [ThunderCS: Toggled downfall]
[00:37:05] [Server thread/INFO]: Staff: [Mod] ThunderCS
[00:37:52] [Server thread/INFO]: Staff: [Mod] ThunderCS
[00:38:38] [Server thread/INFO]: Staff: [Mod] ThunderCS
[00:39:12] [Server thread/INFO]: ThunderCS left the game.
[12:10:58] [Server thread/INFO]: Developers: [Giraffe]Twiixtor
[12:11:41] [Server thread/INFO]: [Giraffe]Twiixtor: test
[12:11:45] [Server thread/INFO]: Developers: [Giraffe]Twiixtor
[12:11:47] [Server thread/INFO]: Twiixtor issued server command: /reload
[12:11:47] [Server thread/INFO]: Twiixtor: If you encounter any issues please use the /stop command to restart your server.
[12:11:47] [Server thread/INFO]: [CraftBook] Disabling CraftBook v3.9-SNAPSHOT
[12:11:47] [Server thread/INFO]: [OnTime] Disabling OnTime v4.1.3
[12:11:47] [Server thread/INFO]: [EpicSpleef] Disabling EpicSpleef v0.0.19
[12:11:47] [Server thread/INFO]: [SkyWars] Disabling SkyWars v1.1-m16
[12:11:47] [Server thread/INFO]: [Multiverse-Core] World 'island-0' was unloaded from memory.
[12:11:47] [Server thread/INFO]: [Multiverse-Core] World island-0 was DELETED.
[12:11:47] [Server thread/INFO]: [CommandSigns] Disabling CommandSigns v1.9.3.2
[12:11:47] [Server thread/INFO]: [HolographicDisplays] Disabling HolographicDisplays v2.1.10
[12:11:47] [Server thread/INFO]: [TNTRun] Disabling TNTRun v3.4
[12:11:47] [Server thread/INFO]: [MobArena] Disabling MobArena v0.97.1
[12:11:47] [Server thread/INFO]: [MobArena] disabled.
[12:11:47] [Server thread/INFO]: [Minigames] Disabling Minigames v1.7.0
[12:11:47] [Server thread/INFO]: Minigames successfully disabled.
[12:11:47] [Server thread/INFO]: [MinigamesLib] Disabling MinigamesLib v1.13.1
[12:11:47] [Server thread/INFO]: [MassiveCore] Disabling MassiveCore v2.8.0
[12:11:47] [Server thread/INFO]: [MassiveCore 2.8.0] Disabled
[12:11:47] [Server thread/INFO]: [EssentialsSpawn] Disabling EssentialsSpawn vTeamCity
[12:11:47] [Server thread/INFO]: [Vault] Disabling Vault v1.5.6-b49
[12:11:47] [Server thread/INFO]: [Multiverse-Portals] Disabling Multiverse-Portals v2.4-b548
[12:11:47] [Server thread/INFO]: [SuperVanish] Disabling SuperVanish v5.4.3
[12:11:47] [Server thread/INFO]: [Multiverse-NetherPortals] Disabling Multiverse-NetherPortals v2.4-b530
[12:11:48] [Server thread/INFO]: [MultiVerse-NetherPortals] - Disabled
[12:11:48] [Server thread/INFO]: [mcMMO] Disabling mcMMO v1.5.00-b3547
[12:11:48] [Server thread/INFO]: [VoxelSniper] Disabling VoxelSniper v7.1.0
[12:11:48] [Server thread/INFO]: [EssentialsProtect] Disabling EssentialsProtect vTeamCity
[12:11:48] [Server thread/INFO]: [Splegg] Disabling Splegg v1.2
[12:11:48] [Server thread/INFO]: [Multiverse-Core] Disabling Multiverse-Core v2.4-b527
[12:11:48] [Server thread/INFO]: [Multiverse-Core] - Disabled
[12:11:48] [Server thread/INFO]: [WorldGuard] Disabling WorldGuard v6.1
[12:11:48] [Server thread/INFO]: [WorldGuard] Shutting down executor and waiting for any pending tasks...
[12:11:48] [Server thread/INFO]: [LaggRemover] Disabling LaggRemover v0.1.8
[12:11:48] [Server thread/INFO]: [LaggRemover] LaggRemover has been disabled!
[12:11:48] [Server thread/INFO]: [PlugMan] Disabling PlugMan v2.0.7
[12:11:48] [Server thread/INFO]: [Essentials] Disabling Essentials vTeamCity
[12:11:48] [Server thread/INFO]: [WorldEdit] Disabling WorldEdit v6.1;no_git_id
[12:11:48] [Server thread/INFO]: [DisguiseCraft] Disabling DisguiseCraft v5.2
[12:11:49] [Server thread/INFO]: [DisguiseCraft] Loading DisguiseCraft v5.2
[12:11:49] [Server thread/INFO]: [WorldEdit] Loading WorldEdit v6.1;no_git_id
[12:11:49] [Server thread/INFO]: [Essentials] Loading Essentials vTeamCity
[12:11:49] [Server thread/INFO]: [PlugMan] Loading PlugMan v2.0.7
[12:11:49] [Server thread/INFO]: [LaggRemover] Loading LaggRemover v0.1.8
[12:11:49] [Server thread/INFO]: [WorldGuard] Loading WorldGuard v6.1
[12:11:49] [Server thread/INFO]: [Multiverse-Core] Loading Multiverse-Core v2.4-b527
[12:11:49] [Server thread/INFO]: [Splegg] Loading Splegg v1.2
[12:11:49] [Server thread/INFO]: [EssentialsProtect] Loading EssentialsProtect vTeamCity
[12:11:49] [Server thread/INFO]: [VoxelSniper] Loading VoxelSniper v7.1.0
[12:11:49] [Server thread/INFO]: [mcMMO] Loading mcMMO v1.5.00-b3547
[12:11:49] [Server thread/INFO]: [Multiverse-NetherPortals] Loading Multiverse-NetherPortals v2.4-b530
[12:11:49] [Server thread/INFO]: [SuperVanish] Loading SuperVanish v5.4.3
[12:11:49] [Server thread/INFO]: [Multiverse-Portals] Loading Multiverse-Portals v2.4-b548
[12:11:49] [Server thread/INFO]: [Vault] Loading Vault v1.5.6-b49
[12:11:49] [Server thread/INFO]: [EssentialsSpawn] Loading EssentialsSpawn vTeamCity
[12:11:49] [Server thread/INFO]: [MassiveCore] Loading MassiveCore v2.8.0
[12:11:49] [Server thread/INFO]: TimeUnit.MILLIS_PER_MINUTE: 60000
[12:11:49] [Server thread/INFO]: [MinigamesLib] Loading MinigamesLib v1.13.1
[12:11:49] [Server thread/INFO]: [Minigames] Loading Minigames v1.7.0
[12:11:49] [Server thread/INFO]: [MobArena] Loading MobArena v0.97.1
[12:11:49] [Server thread/INFO]: [TNTRun] Loading TNTRun v3.4
[12:11:49] [Server thread/INFO]: [HolographicDisplays] Loading HolographicDisplays v2.1.10
[12:11:49] [Server thread/INFO]: [CommandSigns] Loading CommandSigns v1.9.3.2
[12:11:49] [Server thread/INFO]: [SkyWars] Loading SkyWars v1.1-m16
[12:11:49] [Server thread/INFO]: [EpicSpleef] Loading EpicSpleef v0.0.19
[12:11:49] [Server thread/INFO]: [OnTime] Loading OnTime v4.1.3
[12:11:49] [Server thread/INFO]: [CraftBook] Loading CraftBook v3.9-SNAPSHOT
[12:11:49] [Server thread/INFO]: [mcMMO] Enabling mcMMO v1.5.00-b3547
[12:11:50] [Server thread/INFO]: [Vault] Enabling Vault v1.5.6-b49
[12:11:50] [Server thread/INFO]: [MassiveCore] Enabling MassiveCore v2.8.0
[12:11:50] [Server thread/INFO]: [MassiveCore 2.8.0] === ENABLE START ===
[12:11:50] [Server thread/INFO]: [MassiveCore 2.8.0] Setup of IdUtil took 13ms.
[12:11:51] [Server thread/INFO]: [MassiveCore 2.8.0] === ENABLE COMPLETE (Took 292ms) ===
[12:11:51] [Server thread/INFO]: [DisguiseCraft] Enabling DisguiseCraft v5.2
[12:11:51] [Server thread/INFO]: [WorldEdit] Enabling WorldEdit v6.1;no_git_id
[12:11:51] [Server thread/INFO]: [WorldEdit] Using com.sk89q.worldedit.bukkit.adapter.impl.Spigot_v1_8_R3 as the Bukkit adapter
[12:11:51] [Server thread/INFO]: [Essentials] Enabling Essentials vTeamCity
[12:11:51] [Server thread/INFO]: git-Bukkit-9935adc (MC: 1.8.8)
[12:11:51] [Server thread/INFO]: 1.8.8-R0.1-SNAPSHOT
[12:11:52] [Server thread/INFO]: Using locale en_US
[12:11:52] [Server thread/INFO]: Using locale en_US
[12:11:52] [Server thread/INFO]: [PlugMan] Enabling PlugMan v2.0.7
[12:11:52] [Server thread/INFO]: [LaggRemover] Enabling LaggRemover v0.1.8
[12:11:52] [Server thread/INFO]: [LaggRemover] LaggRemover has been enabled!
[12:11:52] [Server thread/INFO]: [WorldGuard] Enabling WorldGuard v6.1
[12:11:52] [Server thread/INFO]: [WorldGuard] (survival) Lighters are PERMITTED.
[12:11:52] [Server thread/INFO]: [WorldGuard] (survival) Lava fire is blocked.
[12:11:52] [Server thread/INFO]: [WorldGuard] (survival) Fire spread is UNRESTRICTED.
[12:11:52] [Server thread/INFO]: [WorldGuard] (survival_nether) Lighters are PERMITTED.
[12:11:52] [Server thread/INFO]: [WorldGuard] (survival_nether) Lava fire is blocked.
[12:11:52] [Server thread/INFO]: [WorldGuard] (survival_nether) Fire spread is UNRESTRICTED.
[12:11:52] [Server thread/INFO]: [WorldGuard] (survival_the_end) Lighters are PERMITTED.
[12:11:52] [Server thread/INFO]: [WorldGuard] (survival_the_end) Lava fire is blocked.
[12:11:52] [Server thread/INFO]: [WorldGuard] (survival_the_end) Fire spread is UNRESTRICTED.
[12:11:52] [Server thread/INFO]: [WorldGuard] (lobby) Lighters are PERMITTED.
[12:11:52] [Server thread/INFO]: [WorldGuard] (lobby) Lava fire is blocked.
[12:11:52] [Server thread/INFO]: [WorldGuard] (lobby) Fire spread is UNRESTRICTED.
[12:11:52] [Server thread/INFO]: [WorldGuard] (minigames) Lighters are PERMITTED.
[12:11:52] [Server thread/INFO]: [WorldGuard] (minigames) Lava fire is blocked.
[12:11:52] [Server thread/INFO]: [WorldGuard] (minigames) Fire spread is UNRESTRICTED.
[12:11:52] [Server thread/INFO]: [WorldGuard] (Skywars) Lighters are PERMITTED.
[12:11:52] [Server thread/INFO]: [WorldGuard] (Skywars) Lava fire is blocked.
[12:11:52] [Server thread/INFO]: [WorldGuard] (Skywars) Fire spread is UNRESTRICTED.
[12:11:52] [Server thread/INFO]: [Multiverse-Core] Enabling Multiverse-Core v2.4-b527
[12:11:53] [Server thread/INFO]: [Multiverse-Core] Loading World & Settings - 'lobby' - Env: NORMAL - Type: NORMAL & seed: -3770714656453924402
[12:11:54] [Server thread/INFO]: [Multiverse-Core] Loading World & Settings - 'minigames' - Env: NORMAL - Type: FLAT & seed: 2973644325369467684
[12:11:54] [Server thread/INFO]: [Multiverse-Core] Loading World & Settings - 'Skywars' - Env: NORMAL - Type: FLAT & seed: 3121935573477155779
[12:11:54] [Server thread/INFO]: [Multiverse-Core] Loading World & Settings - 'survival' - Env: NORMAL - Type: NORMAL & seed: 417882899938927719
[12:11:55] [Server thread/INFO]: [Multiverse-Core] Loading World & Settings - 'survival_nether' - Env: NETHER - Type: NORMAL & seed: 6261662807370706275
[12:11:55] [Server thread/ERROR]: [Multiverse-Core] New safe spawn NOT found!!!
[12:11:56] [Server thread/INFO]: [Multiverse-Core] Loading World & Settings - 'survival_the_end' - Env: THE_END - Type: NORMAL & seed: 6261662807370706275
[12:11:56] [Server thread/INFO]: [Multiverse-Core] 6 - World(s) loaded.
[12:11:56] [Server thread/INFO]: [Splegg] Enabling Splegg v1.2
[12:11:56] [Server thread/INFO]: [Splegg] Loading map SpleggOne.
[12:11:56] [Server thread/INFO]: [Splegg] Map is usable
[12:11:56] [Server thread/INFO]: [Splegg] Load Complete!
[12:11:56] [Server thread/INFO]: [Splegg] Loading map ArenaOne.
[12:11:56] [Server thread/INFO]: [Splegg] Spawn count is 0
[12:11:56] [Server thread/INFO]: [Splegg] No floors are setup.
[12:11:56] [Server thread/INFO]: [Splegg] --<>-- PLEASE SETUP MAP!! --<>--
[12:11:56] [Server thread/INFO]: [Splegg] Load Complete!
[12:11:56] [Server thread/INFO]: [EssentialsProtect] Enabling EssentialsProtect vTeamCity
[12:11:56] [Server thread/INFO]: [VoxelSniper] Enabling VoxelSniper v7.1.0
[12:11:57] [Server thread/INFO]: [Multiverse-NetherPortals] Enabling Multiverse-NetherPortals v2.4-b530
[12:11:57] [Server thread/INFO]: [SuperVanish] Enabling SuperVanish v5.4.3
[12:11:57] [Server thread/INFO]: [Multiverse-Portals] Enabling Multiverse-Portals v2.4-b548
[12:11:58] [Server thread/INFO]: [Multiverse-Portals]  1 - Portals(s) loaded
[12:11:58] [Server thread/INFO]: [EssentialsSpawn] Enabling EssentialsSpawn vTeamCity
[12:11:58] [Server thread/INFO]: [MinigamesLib] Enabling MinigamesLib v1.13.1
[12:11:58] [Server thread/INFO]: [Minigames] Enabling Minigames v1.7.0
[12:11:58] [Server thread/INFO]: [Minigames] Using lang en_AU
[12:11:58] [Server thread/INFO]: Minigames successfully enabled.
[12:11:59] [Server thread/INFO]: [MobArena] Enabling MobArena v0.97.1
[12:11:59] [Server thread/INFO]: [MobArena] Loaded arena 'god-arena'
[12:11:59] [Server thread/INFO]: [MobArena] v0.97.1 enabled.
[12:11:59] [Server thread/INFO]: [TNTRun] Enabling TNTRun v3.4
[12:11:59] [Server thread/INFO]: [HolographicDisplays] Enabling HolographicDisplays v2.1.10
[12:11:59] [Server thread/INFO]: [CommandSigns] Enabling CommandSigns v1.9.3.2
[12:11:59] [Server thread/INFO]: [CommandSigns] No signs found.
[12:12:01] [Server thread/INFO]: [SkyWars] Enabling SkyWars v1.1-m16
[12:12:03] [Server thread/INFO]: [WorldGuard] (island-0) Lighters are PERMITTED.
[12:12:03] [Server thread/INFO]: [WorldGuard] (island-0) Lava fire is blocked.
[12:12:03] [Server thread/INFO]: [WorldGuard] (island-0) Fire spread is UNRESTRICTED.
[12:12:03] [Server thread/INFO]: [EpicSpleef] Enabling EpicSpleef v0.0.19
[12:12:03] [Server thread/INFO]: [EpicSpleef] Enabling EpicSpleef by BtoBastian
[12:12:04] [Server thread/INFO]: [EpicSpleef] Loading lobby SpleefOne
[12:12:04] [Server thread/INFO]: [EpicSpleef] Loading arena ArenaOne
[12:12:05] [Server thread/INFO]: [EpicSpleef] Successfully loaded arena ArenaOne. (world: minigames, blocks: 5233, maxPlayers: 0)
[12:12:05] [Server thread/INFO]: [EpicSpleef] Loading arena SpleefOne
[12:12:05] [Server thread/INFO]: [EpicSpleef] Successfully loaded arena SpleefOne. (world: minigames, blocks: 0, maxPlayers: 0)
[12:12:06] [Server thread/INFO]: [OnTime] Enabling OnTime v4.1.3
[12:12:06] [Server thread/INFO]: [CraftBook] Enabling CraftBook v3.9-SNAPSHOT
[12:12:07] [Server thread/INFO]: [CraftBook] Successfully added 1 CommandItems!
[12:12:07] [Server thread/INFO]: [CraftBook] Registered 3 custom recipes!
[12:12:07] [Server thread/INFO]: [CraftBook] 4941 chunk(s) for 7 world(s) processed (93ms elapsed)
[12:12:08] [Server thread/INFO]: Twiixtor: Reload complete.
[12:12:09] [Server thread/INFO]: Twiixtor left the game.
[12:12:10] [Server thread/INFO]: Found 0 arenas.
[12:13:00] [Thread-155/ERROR]: [CommandSigns] null
[12:13:00] [Server thread/INFO]: [Giraffe] Twiixtor: test
[12:13:00] [Server thread/INFO]: Twiixtor left the game.
[12:13:32] [Server thread/INFO]: Twiixtor issued server command: /top
[12:13:36] [Server thread/INFO]: [Giraffe] Twiixtor: test
[12:13:37] [Server thread/INFO]: [Giraffe] Twiixtor: YEY
[12:13:38] [Server thread/INFO]: [Giraffe] Twiixtor: SPACE
[12:13:59] [Server thread/INFO]: Developers: [Giraffe] Twiixtor
[12:14:42] [Server thread/INFO]: Twiixtor issued server command: /tp Twiixtor -568 4 3
[12:14:42] [Server thread/INFO]: Twiixtor issued server command: /tppos -568 4 3
[12:14:44] [Server thread/INFO]: Twiixtor issued server command: /tp Twiixtor -613 4 -37
[12:14:44] [Server thread/INFO]: Twiixtor issued server command: /tppos -613 4 -37
[12:14:46] [Server thread/INFO]: Developers: [Giraffe] Twiixtor
[12:14:53] [Server thread/INFO]: Twiixtor issued server command: /gm 1
[12:15:02] [Server thread/INFO]: Twiixtor issued server command: //expand vert
[12:15:04] [Server thread/INFO]: Twiixtor issued server command: //regen
[12:15:32] [Server thread/INFO]: Developers: [Giraffe] Twiixtor
[12:16:19] [Server thread/INFO]: Developers: [Giraffe] Twiixtor
[12:16:43] [Server thread/INFO]: Twiixtor issued server command: /tp Twiixtor 434 4 -1286
[12:16:43] [Server thread/INFO]: Twiixtor issued server command: /tppos 434 4 -1286
[12:16:48] [Server thread/INFO]: Twiixtor issued server command: /tp Twiixtor 560 4 -1446
[12:16:48] [Server thread/INFO]: Twiixtor issued server command: /tppos 560 4 -1446
[12:16:51] [Server thread/INFO]: Twiixtor issued server command: /tp Twiixtor 592 4 -1586
[12:16:51] [Server thread/INFO]: Twiixtor issued server command: /tppos 592 4 -1586
[12:16:54] [Server thread/INFO]: Twiixtor issued server command: /tp Twiixtor 648 4 -1744
[12:16:54] [Server thread/INFO]: Twiixtor issued server command: /tppos 648 4 -1744
[12:16:58] [Server thread/INFO]: Twiixtor issued server command: /tp Twiixtor 676 4 -1874
[12:16:58] [Server thread/INFO]: Twiixtor issued server command: /tppos 676 4 -1874
[12:17:01] [Server thread/INFO]: Twiixtor issued server command: /tp Twiixtor 730 4 -1950
[12:17:01] [Server thread/INFO]: Twiixtor issued server command: /tppos 730 4 -1950
[12:17:05] [Server thread/INFO]: Developers: [Giraffe] Twiixtor
[12:17:05] [Server thread/INFO]: Twiixtor issued server command: /tp Twiixtor 780 4 -1178
[12:17:05] [Server thread/INFO]: Twiixtor issued server command: /tppos 780 4 -1178
[12:17:12] [Server thread/INFO]: Twiixtor issued server command: /tp Twiixtor 868 4 -960
[12:17:12] [Server thread/INFO]: Twiixtor issued server command: /tppos 868 4 -960
[12:17:14] [Server thread/INFO]: Twiixtor issued server command: /tp Twiixtor 996 4 -1032
[12:17:14] [Server thread/INFO]: Twiixtor issued server command: /tppos 996 4 -1032
[12:17:17] [Server thread/INFO]: Twiixtor issued server command: /tp Twiixtor 1008 4 -1180
[12:17:17] [Server thread/INFO]: Twiixtor issued server command: /tppos 1008 4 -1180
[12:17:19] [Server thread/INFO]: Twiixtor issued server command: /tp Twiixtor 1018 4 -1286
[12:17:19] [Server thread/INFO]: Twiixtor issued server command: /tppos 1018 4 -1286
[12:17:21] [Server thread/INFO]: Twiixtor issued server command: /tp Twiixtor 852 4 -1408
[12:17:21] [Server thread/INFO]: Twiixtor issued server command: /tppos 852 4 -1408
[12:17:24] [Server thread/INFO]: Twiixtor issued server command: /tp Twiixtor 916 4 -1530
[12:17:24] [Server thread/INFO]: Twiixtor issued server command: /tppos 916 4 -1530
[12:17:52] [Server thread/INFO]: Developers: [Giraffe] Twiixtor
[12:18:38] [Server thread/INFO]: Developers: [Giraffe] Twiixtor
[12:19:25] [Server thread/INFO]: Developers: [Giraffe] Twiixtor
[12:20:11] [Server thread/INFO]: Developers: [Giraffe] Twiixtor
[12:20:58] [Server thread/INFO]: Developers: [Giraffe] Twiixtor
[12:21:45] [Server thread/INFO]: Developers: [Giraffe] Twiixtor
[12:21:45] [Server thread/INFO]: Twiixtor issued server command: /spawn
[12:21:48] [Server thread/INFO]: Twiixtor issued server command: /warp spawn
[12:22:01] [Server thread/INFO]: Twiixtor issued server command: /warp
[12:22:06] [Server thread/INFO]: Twiixtor issued server command: /delwarp spawn
[12:22:09] [Server thread/INFO]: Twiixtor issued server command: /setspawn spawn
[12:22:11] [Server thread/INFO]: Twiixtor issued server command: /warp acro
[12:22:15] [Server thread/INFO]: Twiixtor issued server command: /delwarp acro
[12:22:17] [Server thread/INFO]: Twiixtor issued server command: /warp no
[12:22:19] [Server thread/INFO]: Twiixtor issued server command: /warp out
[12:22:26] [Server thread/INFO]: Twiixtor issued server command: /delwarp out
[12:22:29] [Server thread/INFO]: Twiixtor issued server command: /warp pepeoff
[12:22:34] [Server thread/INFO]: Twiixtor issued server command: /delwarp pepeoff
[12:22:36] [Server thread/INFO]: Twiixtor issued server command: /warp pixel
[12:22:50] [Server thread/INFO]: Twiixtor issued server command: /warp sexyarena
[12:23:01] [Server thread/INFO]: Twiixtor issued server command: /warp skywars
[12:23:05] [Server thread/INFO]: Twiixtor issued server command: /warp spleef
[12:23:13] [Server thread/INFO]: Developers: [Giraffe] Twiixtor
[12:23:22] [Server thread/INFO]: Twiixtor issued server command: /warp
[12:23:27] [Server thread/INFO]: Twiixtor issued server command: /warp ThunderTNTRun
[12:23:44] [Server thread/INFO]: Twiixtor issued server command: /setwarp ThunderTNTRun
[12:23:46] [Server thread/INFO]: Twiixtor issued server command: /warp
[12:23:49] [Server thread/INFO]: Twiixtor issued server command: /warp TNTRun
[12:23:53] [Server thread/INFO]: Twiixtor issued server command: /delwarp ThunderTNTrun
[12:23:56] [Server thread/INFO]: Twiixtor issued server command: /warp twiixpopeyarena
[12:23:58] [Server thread/INFO]: Twiixtor issued server command: /warp wild
[12:23:59] [Server thread/INFO]: Developers: [Giraffe] Twiixtor
[12:24:02] [Server thread/INFO]: Twiixtor issued server command: /delwarp wild
[12:24:04] [Server thread/INFO]: Twiixtor issued server command: /warp yes
[12:24:46] [Server thread/INFO]: Developers: [Giraffe] Twiixtor
[12:25:32] [Server thread/INFO]: Developers: [Giraffe] Twiixtor
[12:26:19] [Server thread/INFO]: Developers: [Giraffe] Twiixtor
[12:26:22] [Server thread/INFO]: Twiixtor issued server command: /warp no
[12:26:27] [Server thread/INFO]: Twiixtor issued server command: /setwarp no
[12:26:28] [Server thread/INFO]: Twiixtor issued server command: /warp no
[12:26:31] [Server thread/INFO]: Twiixtor issued server command: /warp no
[12:27:05] [Server thread/INFO]: Developers: [Giraffe] Twiixtor
[12:27:21] [Server thread/INFO]: Twiixtor issued server command: /warp no
[12:27:30] [Server thread/INFO]: Twiixtor issued server command: /warp yes
[12:27:40] [Server thread/INFO]: Twiixtor issued server command: /setwarp yes
[12:27:41] [Server thread/INFO]: Twiixtor issued server command: /warp yes
[12:27:52] [Server thread/INFO]: Developers: [Giraffe] Twiixtor
[12:28:38] [Server thread/INFO]: Developers: [Giraffe] Twiixtor
[12:28:55] [Server thread/INFO]: Twiixtor issued server command: /setwarp no
[12:28:57] [Server thread/INFO]: Twiixtor issued server command: /warp pixel
[12:29:02] [Server thread/INFO]: Twiixtor issued server command: /setwarp pixel
[12:29:04] [Server thread/INFO]: Twiixtor issued server command: /warp pixel
[12:29:21] [Server thread/INFO]: Twiixtor issued server command: /tp Twiixtor 172 4 -439
[12:29:21] [Server thread/INFO]: Twiixtor issued server command: /tppos 172 4 -439
[12:29:25] [Server thread/INFO]: Developers: [Giraffe] Twiixtor
[12:30:11] [Server thread/INFO]: Developers: [Giraffe] Twiixtor
[12:30:58] [Server thread/INFO]: Developers: [Giraffe] Twiixtor
[12:31:45] [Server thread/INFO]: Developers: [Giraffe] Twiixtor
[12:33:13] [Server thread/INFO]: Developers: [Giraffe] Twiixtor
[12:33:47] [Server thread/INFO]: Twiixtor issued server command: /i sign 1
[12:33:59] [Server thread/INFO]: Developers: [Giraffe] Twiixtor
[12:34:46] [Server thread/INFO]: Developers: [Giraffe] Twiixtor
[12:35:00] [Server thread/INFO]: Twiixtor issued server command: /tp Twiixtor 762 4 -1520
[12:35:00] [Server thread/INFO]: Twiixtor issued server command: /tppos 762 4 -1520
[12:35:03] [Server thread/INFO]: Twiixtor issued server command: /tp Twiixtor 112 4 -206
[12:35:03] [Server thread/INFO]: Twiixtor issued server command: /tppos 112 4 -206
[12:35:09] [Server thread/INFO]: Twiixtor issued server command: /tp Twiixtor -123 4 496
[12:35:09] [Server thread/INFO]: Twiixtor issued server command: /tppos -123 4 496
[12:35:13] [Server thread/INFO]: Twiixtor issued server command: /tp Twiixtor -222 4 582
[12:35:13] [Server thread/INFO]: Twiixtor issued server command: /tppos -222 4 582
[12:35:16] [Server thread/INFO]: Twiixtor issued server command: /tp Twiixtor -368 4 626
[12:35:16] [Server thread/INFO]: Twiixtor issued server command: /tppos -368 4 626
[12:35:19] [Server thread/INFO]: Twiixtor issued server command: /tp Twiixtor -517 4 629
[12:35:19] [Server thread/INFO]: Twiixtor issued server command: /tppos -517 4 629
[12:35:22] [Server thread/INFO]: Twiixtor issued server command: /tp Twiixtor -669 4 626
[12:35:22] [Server thread/INFO]: Twiixtor issued server command: /tppos -669 4 626
[12:35:25] [Server thread/INFO]: Twiixtor issued server command: /tp Twiixtor -809 4 635
[12:35:25] [Server thread/INFO]: Twiixtor issued server command: /tppos -809 4 635
[12:35:27] [Server thread/INFO]: Twiixtor issued server command: /tp Twiixtor -955 4 626
[12:35:27] [Server thread/INFO]: Twiixtor issued server command: /tppos -955 4 626
[12:35:30] [Server thread/INFO]: Twiixtor issued server command: /tp Twiixtor -1088 4 610
[12:35:30] [Server thread/INFO]: Twiixtor issued server command: /tppos -1088 4 610
[12:35:32] [Server thread/INFO]: Developers: [Giraffe] Twiixtor
[12:35:32] [Server thread/INFO]: Twiixtor issued server command: /tp Twiixtor -1174 4 616
[12:35:32] [Server thread/INFO]: Twiixtor issued server command: /tppos -1174 4 616
[12:35:35] [Server thread/INFO]: Twiixtor issued server command: /tp Twiixtor -1250 4 613
[12:35:35] [Server thread/INFO]: Twiixtor issued server command: /tppos -1250 4 613
[12:35:38] [Server thread/INFO]: Twiixtor issued server command: /tp Twiixtor -1304 4 486
[12:35:38] [Server thread/INFO]: Twiixtor issued server command: /tppos -1304 4 486
[12:35:42] [Server thread/INFO]: Twiixtor issued server command: /tp Twiixtor -1298 4 334
[12:35:42] [Server thread/INFO]: Twiixtor issued server command: /tppos -1298 4 334
[12:35:45] [Server thread/INFO]: Twiixtor issued server command: /tp Twiixtor -1313 4 188
[12:35:45] [Server thread/INFO]: Twiixtor issued server command: /tppos -1313 4 188
[12:35:47] [Server thread/INFO]: Twiixtor issued server command: /tp Twiixtor -1291 4 83
[12:35:47] [Server thread/INFO]: Twiixtor issued server command: /tppos -1291 4 83
[12:35:49] [Server thread/INFO]: Twiixtor issued server command: /tp Twiixtor -1313 4 -37
[12:35:49] [Server thread/INFO]: Twiixtor issued server command: /tppos -1313 4 -37
[12:35:51] [Server thread/INFO]: Twiixtor issued server command: /tp Twiixtor -1310 4 -110
[12:35:51] [Server thread/INFO]: Twiixtor issued server command: /tppos -1310 4 -110
[12:35:52] [Server thread/INFO]: Twiixtor issued server command: /tp Twiixtor -1145 4 -2
[12:35:52] [Server thread/INFO]: Twiixtor issued server command: /tppos -1145 4 -2
[12:35:55] [Server thread/INFO]: Twiixtor issued server command: /tp Twiixtor -1085 4 -133
[12:35:55] [Server thread/INFO]: Twiixtor issued server command: /tppos -1085 4 -133
[12:35:57] [Server thread/INFO]: Twiixtor issued server command: /tp Twiixtor -1034 4 248
[12:35:57] [Server thread/INFO]: Twiixtor issued server command: /tppos -1034 4 248
[12:36:00] [Server thread/INFO]: Twiixtor issued server command: /tp Twiixtor -882 4 347
[12:36:00] [Server thread/INFO]: Twiixtor issued server command: /tppos -882 4 347
[12:36:03] [Server thread/INFO]: Twiixtor issued server command: /tp Twiixtor -615 4 324
[12:36:03] [Server thread/INFO]: Twiixtor issued server command: /tppos -615 4 324
[12:36:05] [Server thread/INFO]: Twiixtor issued server command: /tp Twiixtor -1086 4 377
[12:36:06] [Server thread/INFO]: Twiixtor issued server command: /tppos -1086 4 377
[12:36:07] [Server thread/INFO]: Twiixtor issued server command: /tp Twiixtor -398 4 351
[12:36:07] [Server thread/INFO]: Twiixtor issued server command: /tppos -398 4 351
[12:36:09] [Server thread/INFO]: Twiixtor issued server command: /tp Twiixtor -1086 1 -246
[12:36:10] [Server thread/INFO]: Twiixtor issued server command: /tppos -1086 1 -246
[12:36:19] [Server thread/INFO]: Developers: [Giraffe] Twiixtor
[12:36:25] [Server thread/INFO]: Twiixtor issued server command: //expand vert
[12:36:26] [Server thread/INFO]: Twiixtor issued server command: //regen
[12:36:34] [Server thread/INFO]: Twiixtor issued server command: /tp Twiixtor -136 4 583
[12:36:34] [Server thread/INFO]: Twiixtor issued server command: /tppos -136 4 583
[12:36:37] [Server thread/INFO]: Twiixtor issued server command: /tp Twiixtor -137 4 603
[12:36:37] [Server thread/INFO]: Twiixtor issued server command: /tppos -137 4 603
[12:36:39] [Server thread/INFO]: Twiixtor issued server command: /tp Twiixtor -141 4 633
[12:36:39] [Server thread/INFO]: Twiixtor issued server command: /tppos -141 4 633
[12:36:41] [Server thread/INFO]: Twiixtor issued server command: /tp Twiixtor -310 4 633
[12:36:41] [Server thread/INFO]: Twiixtor issued server command: /tppos -310 4 633
[12:36:43] [Server thread/INFO]: Twiixtor issued server command: /tp Twiixtor -318 4 664
[12:36:43] [Server thread/INFO]: Twiixtor issued server command: /tppos -318 4 664
[12:36:49] [Server thread/INFO]: Twiixtor issued server command: /tp Twiixtor 853 4 650
[12:36:50] [Server thread/INFO]: Twiixtor issued server command: /tppos 853 4 650
[12:36:54] [Server thread/INFO]: Twiixtor issued server command: /tp Twiixtor 993 4 653
[12:36:54] [Server thread/INFO]: Twiixtor issued server command: /tppos 993 4 653
[12:36:58] [Server thread/INFO]: Twiixtor issued server command: /tp Twiixtor 1139 4 649
[12:36:58] [Server thread/INFO]: Twiixtor issued server command: /tppos 1139 4 649
[12:37:03] [Server thread/INFO]: Twiixtor issued server command: /tp Twiixtor 1138 4 500
[12:37:03] [Server thread/INFO]: Twiixtor issued server command: /tppos 1138 4 500
[12:37:05] [Server thread/INFO]: Developers: [Giraffe] Twiixtor
[12:37:06] [Server thread/INFO]: Twiixtor issued server command: /tp Twiixtor 1139 4 372
[12:37:06] [Server thread/INFO]: Twiixtor issued server command: /tppos 1139 4 372
[12:37:08] [Server thread/INFO]: Twiixtor issued server command: /tp Twiixtor 1138 4 296
[12:37:08] [Server thread/INFO]: Twiixtor issued server command: /tppos 1138 4 296
[12:37:10] [Server thread/INFO]: Twiixtor issued server command: /tp Twiixtor 1135 4 207
[12:37:10] [Server thread/INFO]: Twiixtor issued server command: /tppos 1135 4 207
[12:37:12] [Server thread/INFO]: Twiixtor issued server command: /tp Twiixtor 1163 4 211
[12:37:12] [Server thread/INFO]: Twiixtor issued server command: /tppos 1163 4 211
[12:37:14] [Server thread/INFO]: Twiixtor issued server command: /tp Twiixtor 1162 4 321
[12:37:14] [Server thread/INFO]: Twiixtor issued server command: /tppos 1162 4 321
[12:37:17] [Server thread/INFO]: Twiixtor issued server command: /tp Twiixtor 977 4 378
[12:37:17] [Server thread/INFO]: Twiixtor issued server command: /tppos 977 4 378
[12:37:22] [Server thread/INFO]: Twiixtor issued server command: /tp Twiixtor 1176 4 -204
[12:37:22] [Server thread/INFO]: Twiixtor issued server command: /tppos 1176 4 -204
[12:37:29] [Server thread/INFO]: Twiixtor issued server command: /tp Twiixtor 1232 4 -751
[12:37:29] [Server thread/INFO]: Twiixtor issued server command: /tppos 1232 4 -751
[12:37:32] [Server thread/INFO]: Twiixtor issued server command: /tp Twiixtor 1219 4 -927
[12:37:32] [Server thread/INFO]: Twiixtor issued server command: /tppos 1219 4 -927
[12:37:36] [Server thread/INFO]: Twiixtor issued server command: /tp Twiixtor 1230 4 -927
[12:37:36] [Server thread/INFO]: Twiixtor issued server command: /tppos 1230 4 -927
[12:37:38] [Server thread/INFO]: Twiixtor issued server command: /tp Twiixtor 1241 4 -930
[12:37:38] [Server thread/INFO]: Twiixtor issued server command: /tppos 1241 4 -930
[12:37:41] [Server thread/INFO]: Twiixtor issued server command: /tp Twiixtor 1241 4 -1035
[12:37:41] [Server thread/INFO]: Twiixtor issued server command: /tppos 1241 4 -1035
[12:37:44] [Server thread/INFO]: Twiixtor issued server command: /tp Twiixtor 1242 4 -1148
[12:37:44] [Server thread/INFO]: Twiixtor issued server command: /tppos 1242 4 -1148
[12:37:47] [Server thread/INFO]: Twiixtor issued server command: /tp Twiixtor 1236 4 -1300
[12:37:47] [Server thread/INFO]: Twiixtor issued server command: /tppos 1236 4 -1300
[12:37:51] [Server thread/INFO]: Twiixtor issued server command: /tp Twiixtor 1233 4 -1456
[12:37:51] [Server thread/INFO]: Twiixtor issued server command: /tppos 1233 4 -1456
[12:37:52] [Server thread/INFO]: Developers: [Giraffe] Twiixtor
[12:37:53] [Server thread/INFO]: Twiixtor issued server command: /tp Twiixtor 1220 4 -1600
[12:37:53] [Server thread/INFO]: Twiixtor issued server command: /tppos 1220 4 -1600
[12:38:03] [Server thread/INFO]: Twiixtor issued server command: /tp Twiixtor 1210 4 -1739
[12:38:03] [Server thread/INFO]: Twiixtor issued server command: /tppos 1210 4 -1739
[12:38:06] [Server thread/INFO]: Twiixtor issued server command: /tp Twiixtor 1200 4 -1884
[12:38:06] [Server thread/INFO]: Twiixtor issued server command: /tppos 1200 4 -1884
[12:38:09] [Server thread/INFO]: Twiixtor issued server command: /tp Twiixtor 1199 4 -1951
[12:38:09] [Server thread/INFO]: Twiixtor issued server command: /tppos 1199 4 -1951
[12:38:11] [Server thread/INFO]: Twiixtor issued server command: /tp Twiixtor 1046 4 -2034
[12:38:11] [Server thread/INFO]: Twiixtor issued server command: /tppos 1046 4 -2034
[12:38:15] [Server thread/INFO]: Twiixtor issued server command: /tp Twiixtor 967 4 -1937
[12:38:15] [Server thread/INFO]: Twiixtor issued server command: /tppos 967 4 -1937
[12:38:17] [Server thread/INFO]: Twiixtor issued server command: /tp Twiixtor 956 4 -1800
[12:38:17] [Server thread/INFO]: Twiixtor issued server command: /tppos 956 4 -1800
[12:38:38] [Server thread/INFO]: Developers: [Giraffe] Twiixtor
[12:39:02] [Server thread/INFO]: Twiixtor issued server command: /tp Twiixtor 110 4 -113
[12:39:02] [Server thread/INFO]: Twiixtor issued server command: /tppos 110 4 -113
[12:39:06] [Server thread/INFO]: Twiixtor issued server command: /tp Twiixtor -113 12 -158
[12:39:06] [Server thread/INFO]: Twiixtor issued server command: /tppos -113 12 -158
[12:39:25] [Server thread/INFO]: Developers: [Giraffe] Twiixtor
[12:40:12] [Server thread/INFO]: Developers: [Giraffe] Twiixtor
[12:40:58] [Server thread/INFO]: Developers: [Giraffe] Twiixtor
[12:41:45] [Server thread/INFO]: Developers: [Giraffe] Twiixtor
[12:42:42] [Server thread/INFO]: Twiixtor left the game.
[14:57:51] [Server thread/INFO]: ThunderCS issued server command: /warp tntrun
[14:57:52] [Server thread/INFO]: Staff: [Mod] ThunderCS
[14:58:39] [Server thread/INFO]: Staff: [Mod] ThunderCS
[14:59:25] [Server thread/INFO]: Staff: [Mod] ThunderCS
[15:00:12] [Server thread/INFO]: Staff: [Mod] ThunderCS
[15:00:58] [Server thread/INFO]: Staff: [Mod] ThunderCS
[15:01:03] [Server thread/INFO]: ThunderCS left the game.
[15:33:59] [Server thread/INFO]: Staff: [Admin] UnSeen
[15:34:31] [Server thread/INFO]: [Admin] UnSeen: a
[15:34:46] [Server thread/INFO]: Staff: [Admin] UnSeen
[15:34:56] [Server thread/INFO]: AttrebusMede issued server command: /warp spawn
[15:35:21] [Server thread/INFO]: AttrebusMede issued server command: /warp spawn
[15:35:28] [Server thread/INFO]: AttrebusMede left the game.
[15:35:41] [Server thread/INFO]: Popey456963 issued server command: /warp
[15:35:43] [Server thread/INFO]: Popey456963 issued server command: /warp No
[15:35:49] [Server thread/INFO]: Popey456963 issued server command: /warp SkyWars
[15:36:07] [Server thread/INFO]: Popey456963 issued server command: /setwarp ProperSpawn
[15:36:10] [Server thread/INFO]: [Dev] Poopey: ./warp ProperSpawn
[15:36:19] [Server thread/INFO]: Staff: [Admin] UnSeen
[15:36:19] [Server thread/INFO]: Developers: [Dev] Poopey
[15:36:26] [Server thread/INFO]: Popey456963 issued server command: /tp AttrebusMede Popey456963
[15:37:01] [Server thread/INFO]: Popey456963 issued server command: /sw
[15:37:03] [Server thread/INFO]: AttrebusMede issued server command: /warp properspawn
[15:37:05] [Server thread/INFO]: Staff: [Admin] UnSeen
[15:37:05] [Server thread/INFO]: Developers: [Dev] Poopey
[15:37:06] [Server thread/INFO]: Popey456963 issued server command: /sw score AttrebusMede
[15:37:09] [Server thread/INFO]: Popey456963 issued server command: /gm 1
[15:37:52] [Server thread/INFO]: Staff: [Admin] UnSeen
[15:37:52] [Server thread/INFO]: Developers: [Dev] Poopey
[15:38:39] [Server thread/INFO]: Staff: [Admin] UnSeen
[15:38:39] [Server thread/INFO]: Developers: [Dev] Poopey
[15:38:55] [Server thread/INFO]: [Dev] Poopey: Hello Holo.
[15:39:08] [Server thread/INFO]: [Guest] HoloKirai: Hey Popey
[15:39:25] [Server thread/INFO]: Staff: [Admin] UnSeen
[15:39:25] [Server thread/INFO]: Players: [Guest] HoloKirai
[15:39:25] [Server thread/INFO]: Developers: [Dev] Poopey
[15:39:36] [Server thread/INFO]: Popey456963 issued server command: /pex user HoloKirai group set "Regular"
[15:39:50] [Server thread/INFO]: Popey456963 issued server command: /op HoloKirai
[15:39:50] [Server thread/INFO]: [Popey456963: Opped HoloKirai]
[15:39:53] [Server thread/INFO]: AttrebusMede issued server command: /tphere holokirai
[15:40:02] [Server thread/INFO]: Popey456963 issued server command: /op UnSeen
[15:40:02] [Server thread/INFO]: [Popey456963: Opped UnSeen]
[15:40:13] [Server thread/INFO]: Staff: [Admin] UnSeen
[15:40:13] [Server thread/INFO]: Players: [Regular] HoloKirai
[15:40:13] [Server thread/INFO]: Developers: [Dev] Poopey
[15:40:14] [Server thread/INFO]: [Admin] UnSeen: a
[15:40:20] [Server thread/INFO]: Popey456963 issued server command: /op AttrebusMede
[15:40:21] [Server thread/INFO]: [Popey456963: Opped AttrebusMede]
[15:40:36] [Server thread/INFO]: Popey456963 issued server command: /fw
[15:40:59] [Server thread/INFO]: Staff: [Admin] UnSeen
[15:40:59] [Server thread/INFO]: Players: [Regular] HoloKirai
[15:40:59] [Server thread/INFO]: Developers: [Dev] Poopey
[15:41:18] [Server thread/INFO]: Popey456963 issued server command: /f
[15:41:30] [Server thread/INFO]: Popey456963 issued server command: /gm 1 HoloKirai
[15:41:46] [Server thread/INFO]: Staff: [Admin] UnSeen
[15:41:46] [Server thread/INFO]: Players: [Regular] HoloKirai
[15:41:46] [Server thread/INFO]: Developers: [Dev] Poopey
[15:42:58] [Server thread/INFO]: Popey456963 issued server command: //expand 400 up;
[15:43:00] [Server thread/INFO]: Popey456963 issued server command: //expand 400 up
[15:43:03] [Server thread/INFO]: Popey456963 issued server command: //expand 400 down
[15:43:06] [Server thread/INFO]: Popey456963 issued server command: //copy
[15:43:13] [Server thread/INFO]: Staff: [Admin] UnSeen
[15:43:13] [Server thread/INFO]: Players: [Regular] HoloKirai
[15:43:13] [Server thread/INFO]: Developers: [Dev] Poopey
[15:43:21] [Server thread/INFO]: Popey456963 issued server command: /speed 10
[15:43:24] [Server thread/INFO]: Popey456963 issued server command: //paste
[15:43:55] [Server thread/INFO]: [Dev] Poopey: Then //paste to replace the current spawn
[15:43:55] [Server thread/INFO]: ThunderCS issued server command: /warp skywars
[15:43:59] [Server thread/INFO]: Staff: [Admin] UnSeen, [Mod] ThunderCS
[15:43:59] [Server thread/INFO]: Players: [Regular] HoloKirai
[15:43:59] [Server thread/INFO]: Developers: [Dev] Poopey
[15:44:00] [Server thread/INFO]: [Admin] UnSeen: alright
[15:44:03] [Server thread/INFO]: ThunderCS issued server command: /sw leave
[15:44:03] [Server thread/INFO]: [Admin] UnSeen: cheers
[15:44:04] [Server thread/INFO]: Popey456963 issued server command: //setspawn ChrisSpawn
[15:44:06] [Server thread/INFO]: Popey456963 issued server command: /setspawn ChrisSpawn
[15:44:22] [Server thread/INFO]: [Dev] Poopey: Yeah
[15:44:25] [Server thread/INFO]: ThunderCS issued server command: /sw leave
[15:44:31] [Server thread/INFO]: ThunderCS issued server command: /say its still the bad map
[15:44:31] [Server thread/INFO]: [ThunderCS] its still the bad map
[15:44:39] [Server thread/INFO]: [Dev] Poopey: I know, neither of the other three maps are loading
[15:44:46] [Server thread/INFO]: Staff: [Admin] UnSeen, [Mod] ThunderCS
[15:44:46] [Server thread/INFO]: Players: [Regular] HoloKirai
[15:44:46] [Server thread/INFO]: Developers: [Dev] Poopey
[15:45:00] [Server thread/INFO]: ThunderCS issued server command: /gm 1
[15:45:32] [Server thread/INFO]: ThunderCS issued server command: /toggledownfall
[15:45:32] [Server thread/INFO]: [ThunderCS: Toggled downfall]
[15:45:32] [Server thread/INFO]: Staff: [Admin] UnSeen, [Mod] ThunderCS
[15:45:32] [Server thread/INFO]: Players: [Regular] HoloKirai
[15:45:32] [Server thread/INFO]: Developers: [Dev] Poopey
[15:46:19] [Server thread/INFO]: Staff: [Admin] UnSeen, [Mod] ThunderCS
[15:46:19] [Server thread/INFO]: Players: [Regular] HoloKirai
[15:46:19] [Server thread/INFO]: Developers: [Dev] Poopey
[15:46:37] [Server thread/INFO]: AttrebusMede issued server command: //worldedit
[15:46:42] [Server thread/INFO]: AttrebusMede issued server command: /worldedit
[15:47:06] [Server thread/INFO]: Staff: [Admin] UnSeen, [Mod] ThunderCS
[15:47:06] [Server thread/INFO]: Players: [Regular] HoloKirai
[15:47:06] [Server thread/INFO]: Developers: [Dev] Poopey
[15:47:51] [Server thread/INFO]: AttrebusMede issued server command: //wand
[15:47:52] [Server thread/INFO]: Staff: [Admin] UnSeen, [Mod] ThunderCS
[15:47:52] [Server thread/INFO]: Players: [Regular] HoloKirai
[15:47:52] [Server thread/INFO]: Developers: [Dev] Poopey
[15:48:11] [Server thread/INFO]: Popey456963 issued server command: /spawn
[15:48:31] [Server thread/INFO]: Popey456963 issued server command: //pos2
[15:48:33] [Server thread/INFO]: Popey456963 issued server command: //cut
[15:48:36] [Server thread/INFO]: Popey456963 issued server command: //undo
[15:48:38] [Server thread/INFO]: Popey456963 issued server command: //cut
[15:48:39] [Server thread/INFO]: Staff: [Admin] UnSeen, [Mod] ThunderCS
[15:48:39] [Server thread/INFO]: Players: [Regular] HoloKirai
[15:48:39] [Server thread/INFO]: Developers: [Dev] Poopey
[15:48:58] [Server thread/INFO]: Popey456963 issued server command: //cut
[15:49:01] [Server thread/INFO]: ThunderCS issued server command: //paste
[15:49:08] [Server thread/INFO]: Popey456963 issued server command: //set grass
[15:49:22] [Server thread/INFO]: Popey456963 issued server command: //expand 20 up
[15:49:25] [Server thread/INFO]: Popey456963 issued server command: //copy
[15:49:25] [Server thread/INFO]: Staff: [Admin] UnSeen, [Mod] ThunderCS
[15:49:25] [Server thread/INFO]: Players: [Regular] HoloKirai
[15:49:25] [Server thread/INFO]: Developers: [Dev] Poopey
[15:49:27] [Server thread/INFO]: Popey456963 issued server command: //cut
[15:49:28] [Server thread/INFO]: ThunderCS issued server command: //paste
[15:49:35] [Server thread/INFO]: Popey456963 issued server command: //undo
[15:49:47] [Server thread/INFO]: Popey456963 issued server command: //expand 20 up
[15:49:52] [Server thread/INFO]: Popey456963 issued server command: //cut
[15:50:12] [Server thread/INFO]: Staff: [Admin] UnSeen, [Mod] ThunderCS
[15:50:12] [Server thread/INFO]: Players: [Regular] HoloKirai
[15:50:12] [Server thread/INFO]: Developers: [Dev] Poopey
[15:50:33] [Server thread/INFO]: Popey456963 issued server command: //copy
[15:50:34] [Server thread/INFO]: Popey456963 issued server command: //cut
[15:50:38] [Server thread/INFO]: Popey456963 issued server command: //undo
[15:50:58] [Server thread/INFO]: Staff: [Admin] UnSeen, [Mod] ThunderCS
[15:50:58] [Server thread/INFO]: Players: [Regular] HoloKirai
[15:50:58] [Server thread/INFO]: Developers: [Dev] Poopey
[15:51:04] [Server thread/INFO]: Popey456963 issued server command: //cut
[15:51:10] [Server thread/INFO]: [Admin] UnSeen: 10-20-50-20-10
[15:51:13] [Server thread/INFO]: ThunderCS issued server command: //pos1
[15:51:18] [Server thread/INFO]: [Admin] UnSeen: 10-20-50-100-50-20-10
[15:51:29] [Server thread/INFO]: ThunderCS issued server command: //pos2
[15:51:31] [Server thread/INFO]: ThunderCS issued server command: //copy
[15:51:44] [Server thread/INFO]: Popey456963 issued server command: //expand 30 up
[15:51:45] [Server thread/INFO]: Staff: [Admin] UnSeen, [Mod] ThunderCS
[15:51:45] [Server thread/INFO]: Players: [Regular] HoloKirai
[15:51:45] [Server thread/INFO]: Developers: [Dev] Poopey
[15:51:46] [Server thread/INFO]: Popey456963 issued server command: //cut
[15:52:08] [Server thread/INFO]: Popey456963 issued server command: //set grass
[15:52:17] [Server thread/INFO]: ThunderCS issued server command: //cut
[15:53:13] [Server thread/INFO]: Staff: [Admin] UnSeen, [Mod] ThunderCS
[15:53:13] [Server thread/INFO]: Players: [Regular] HoloKirai
[15:53:13] [Server thread/INFO]: Developers: [Dev] Poopey
[15:53:59] [Server thread/INFO]: Staff: [Admin] UnSeen, [Mod] ThunderCS
[15:53:59] [Server thread/INFO]: Players: [Regular] HoloKirai
[15:53:59] [Server thread/INFO]: Developers: [Dev] Poopey
[15:54:41] [Server thread/INFO]: ThunderCS issued server command: //paste
[15:54:48] [Server thread/INFO]: Staff: [Admin] UnSeen, [Mod] ThunderCS
[15:54:48] [Server thread/INFO]: Players: [Regular] HoloKirai
[15:54:48] [Server thread/INFO]: Developers: [Dev] Poopey
[15:55:20] [Server thread/INFO]: ThunderCS issued server command: //undo
[15:55:32] [Server thread/INFO]: Staff: [Admin] UnSeen, [Mod] ThunderCS
[15:55:32] [Server thread/INFO]: Players: [Regular] HoloKirai
[15:55:32] [Server thread/INFO]: Developers: [Dev] Poopey
[15:56:01] [Server thread/INFO]: ThunderCS issued server command: //paste
[15:56:12] [Server thread/INFO]: ThunderCS issued server command: //undo
[15:56:18] [Server thread/INFO]: ThunderCS issued server command: //redo
[15:56:19] [Server thread/INFO]: Staff: [Admin] UnSeen, [Mod] ThunderCS
[15:56:19] [Server thread/INFO]: Players: [Regular] HoloKirai
[15:56:19] [Server thread/INFO]: Developers: [Dev] Poopey
[15:57:06] [Server thread/INFO]: Staff: [Admin] UnSeen, [Mod] ThunderCS
[15:57:06] [Server thread/INFO]: Players: [Regular] HoloKirai
[15:57:06] [Server thread/INFO]: Developers: [Dev] Poopey
[15:57:52] [Server thread/INFO]: Staff: [Admin] UnSeen, [Mod] ThunderCS
[15:57:52] [Server thread/INFO]: Players: [Regular] HoloKirai
[15:57:52] [Server thread/INFO]: Developers: [Dev] Poopey
[15:58:39] [Server thread/INFO]: Staff: [Admin] UnSeen, [Mod] ThunderCS
[15:58:39] [Server thread/INFO]: Players: [Regular] HoloKirai
[15:58:39] [Server thread/INFO]: Developers: [Dev] Poopey
[15:59:25] [Server thread/INFO]: Staff: [Admin] UnSeen, [Mod] ThunderCS
[15:59:25] [Server thread/INFO]: Players: [Regular] HoloKirai
[15:59:25] [Server thread/INFO]: Developers: [AFK][Dev] Poopey
[16:00:12] [Server thread/INFO]: Staff: [Admin] UnSeen, [Mod] ThunderCS
[16:00:12] [Server thread/INFO]: Players: [Regular] HoloKirai
[16:00:12] [Server thread/INFO]: Developers: [AFK][Dev] Poopey
[16:00:58] [Server thread/INFO]: Staff: [Admin] UnSeen, [Mod] ThunderCS
[16:00:58] [Server thread/INFO]: Players: [Regular] HoloKirai
[16:00:58] [Server thread/INFO]: Developers: [AFK][Dev] Poopey
[16:01:45] [Server thread/INFO]: Staff: [Admin] UnSeen, [Mod] ThunderCS
[16:01:45] [Server thread/INFO]: Players: [Regular] HoloKirai
[16:01:45] [Server thread/INFO]: Developers: [AFK][Dev] Poopey
[16:02:56] [Server thread/INFO]: ThunderCS issued server command: //pos1
[16:03:05] [Server thread/INFO]: ThunderCS issued server command: //pos2
[16:03:07] [Server thread/INFO]: ThunderCS issued server command: //copy
[16:03:13] [Server thread/INFO]: Staff: [Admin] UnSeen, [Mod] ThunderCS
[16:03:13] [Server thread/INFO]: Players: [Regular] HoloKirai
[16:03:13] [Server thread/INFO]: Developers: [AFK][Dev] Poopey
[16:03:59] [Server thread/INFO]: Staff: [Admin] UnSeen, [Mod] ThunderCS
[16:03:59] [Server thread/INFO]: Players: [Regular] HoloKirai
[16:03:59] [Server thread/INFO]: Developers: [Dev] Poopey
[16:04:28] [Server thread/INFO]: ThunderCS issued server command: //cut
[16:04:44] [Server thread/INFO]: ThunderCS issued server command: //warp spawn
[16:04:46] [Server thread/INFO]: Staff: [Admin] UnSeen, [Mod] ThunderCS
[16:04:46] [Server thread/INFO]: Players: [Regular] HoloKirai
[16:04:46] [Server thread/INFO]: Developers: [Dev] Poopey
[16:04:46] [Server thread/INFO]: ThunderCS issued server command: /warp spawn
[16:04:52] [Server thread/INFO]: ThunderCS issued server command: /warp skywars
[16:05:07] [Server thread/INFO]: Popey456963 issued server command: /sw reload
[16:05:15] [Server thread/INFO]: Popey456963 issued server command: /tp ThunderCSn
[16:05:17] [Server thread/INFO]: Popey456963 issued server command: /tp ThunderCS
[16:05:19] [Server thread/INFO]: ThunderCS issued server command: /sw reload
[16:05:20] [Server thread/INFO]: ThunderCS issued server command: /warp skywars
[16:05:32] [Server thread/INFO]: Popey456963 issued server command: /tp ThunderCS
[16:05:32] [Server thread/INFO]: Staff: [Admin] UnSeen, [Mod] ThunderCS
[16:05:32] [Server thread/INFO]: Players: [Regular] HoloKirai
[16:05:32] [Server thread/INFO]: Developers: [Dev] Poopey
[16:06:02] [Server thread/INFO]: ThunderCS issued server command: /sw leave
[16:06:08] [Server thread/INFO]: ThunderCS issued server command: /gm 1
[16:06:10] [Server thread/INFO]: Popey456963 issued server command: /tp HoloKirai
[16:06:14] [Server thread/INFO]: AttrebusMede issued server command: //copy
[16:06:19] [Server thread/INFO]: Staff: [Admin] UnSeen, [Mod] ThunderCS
[16:06:19] [Server thread/INFO]: Players: [Regular] HoloKirai
[16:06:19] [Server thread/INFO]: Developers: [Dev] Poopey
[16:06:34] [Server thread/INFO]: Popey456963 issued server command: //copy
[16:06:39] [Server thread/INFO]: Popey456963 issued server command: //expand 20 up
[16:06:40] [Server thread/INFO]: Popey456963 issued server command: //copy
[16:06:55] [Server thread/INFO]: Popey456963 issued server command: //expand 20 up
[16:06:56] [Server thread/INFO]: Popey456963 issued server command: //copy
[16:06:59] [Server thread/INFO]: Popey456963 issued server command: //paste
[16:07:06] [Server thread/INFO]: Staff: [Admin] UnSeen, [Mod] ThunderCS
[16:07:06] [Server thread/INFO]: Players: [Regular] HoloKirai
[16:07:06] [Server thread/INFO]: Developers: [Dev] Poopey
[16:07:32] [Server thread/INFO]: Stopping the server
[16:07:32] [Server thread/INFO]: Stopping server
[16:07:32] [Server thread/INFO]: [CraftBook] Disabling CraftBook v3.9-SNAPSHOT
[16:07:32] [Server thread/INFO]: [OnTime] Disabling OnTime v4.1.3
[16:07:32] [Server thread/INFO]: [EpicSpleef] Disabling EpicSpleef v0.0.19
[16:07:32] [Server thread/INFO]: [SkyWars] Disabling SkyWars v1.1-m16
[16:07:32] [Server thread/INFO]: [Multiverse-Core] World 'island-0' was unloaded from memory.
[16:07:32] [Server thread/INFO]: [Multiverse-Core] World island-0 was DELETED.
[16:07:32] [Server thread/INFO]: [CommandSigns] Disabling CommandSigns v1.9.3.2
[16:07:32] [Server thread/INFO]: [HolographicDisplays] Disabling HolographicDisplays v2.1.10
[16:07:32] [Server thread/INFO]: [TNTRun] Disabling TNTRun v3.4
[16:07:32] [Server thread/INFO]: [MobArena] Disabling MobArena v0.97.1
[16:07:32] [Server thread/INFO]: [MobArena] disabled.
[16:07:32] [Server thread/INFO]: [Minigames] Disabling Minigames v1.7.0
[16:07:32] [Server thread/INFO]: Minigames successfully disabled.
[16:07:32] [Server thread/INFO]: [MinigamesLib] Disabling MinigamesLib v1.13.1
[16:07:32] [Server thread/INFO]: [MassiveCore] Disabling MassiveCore v2.8.0
[16:07:32] [Server thread/INFO]: [MassiveCore 2.8.0] Disabled
[16:07:32] [Server thread/INFO]: [EssentialsSpawn] Disabling EssentialsSpawn vTeamCity
[16:07:32] [Server thread/INFO]: [Vault] Disabling Vault v1.5.6-b49
[16:07:32] [Server thread/INFO]: [Multiverse-Portals] Disabling Multiverse-Portals v2.4-b548
[16:07:32] [Server thread/INFO]: [SuperVanish] Disabling SuperVanish v5.4.3
[16:07:32] [Server thread/INFO]: [Multiverse-NetherPortals] Disabling Multiverse-NetherPortals v2.4-b530
[16:07:32] [Server thread/INFO]: [MultiVerse-NetherPortals] - Disabled
[16:07:32] [Server thread/INFO]: [mcMMO] Disabling mcMMO v1.5.00-b3547
