[21:37:00] [Server thread/INFO]: Loading properties
[21:37:00] [Server thread/INFO]: Default game type: SURVIVAL
[21:37:06] [Server thread/INFO]: Using epoll channel type
[21:37:19] [Server thread/INFO]: [DisguiseCraft] Loading DisguiseCraft v5.2
[21:37:19] [Server thread/INFO]: [WorldEdit] Loading WorldEdit v6.1;no_git_id
[21:37:19] [Server thread/INFO]: [Essentials] Loading Essentials vTeamCity
[21:37:19] [Server thread/INFO]: [PlugMan] Loading PlugMan v2.0.7
[21:37:19] [Server thread/INFO]: [LaggRemover] Loading LaggRemover v0.1.9
[21:37:19] [Server thread/INFO]: [WorldGuard] Loading WorldGuard v6.1
[21:37:19] [Server thread/INFO]: [Multiverse-Core] Loading Multiverse-Core v2.4-b527
[21:37:19] [Server thread/INFO]: [Splegg] Loading Splegg v1.2
[21:37:19] [Server thread/INFO]: [EssentialsProtect] Loading EssentialsProtect vTeamCity
[21:37:19] [Server thread/INFO]: [VoxelSniper] Loading VoxelSniper v7.1.0
[21:37:19] [Server thread/INFO]: [mcMMO] Loading mcMMO v1.5.00-b3547
[21:37:19] [Server thread/INFO]: [Multiverse-NetherPortals] Loading Multiverse-NetherPortals v2.4-b530
[21:37:19] [Server thread/INFO]: [SuperVanish] Loading SuperVanish v5.4.3
[21:37:19] [Server thread/INFO]: [Multiverse-Portals] Loading Multiverse-Portals v2.4-b548
[21:37:20] [Server thread/INFO]: [Vault] Loading Vault v1.5.6-b49
[21:37:20] [Server thread/INFO]: [EssentialsSpawn] Loading EssentialsSpawn vTeamCity
[21:37:20] [Server thread/INFO]: [MassiveCore] Loading MassiveCore v2.8.0
[21:37:20] [Server thread/INFO]: TimeUnit.MILLIS_PER_MINUTE: 60000
[21:37:20] [Server thread/INFO]: [MinigamesLib] Loading MinigamesLib v1.13.1
[21:37:20] [Server thread/INFO]: [Minigames] Loading Minigames v1.7.0
[21:37:20] [Server thread/INFO]: [MobArena] Loading MobArena v0.97.1
[21:37:20] [Server thread/INFO]: [TNTRun] Loading TNTRun v3.4
[21:37:20] [Server thread/INFO]: [HolographicDisplays] Loading HolographicDisplays v2.1.10
[21:37:20] [Server thread/INFO]: [CommandSigns] Loading CommandSigns v1.9.3.2
[21:37:20] [Server thread/INFO]: [SkyWars] Loading SkyWars v1.1-m16
[21:37:20] [Server thread/INFO]: [EpicSpleef] Loading EpicSpleef v0.0.19
[21:37:20] [Server thread/INFO]: [OnTime] Loading OnTime v4.1.3
[21:37:20] [Server thread/INFO]: [CraftBook] Loading CraftBook v3.9-SNAPSHOT
[21:37:20] [Server thread/INFO]: [mcMMO] Enabling mcMMO v1.5.00-b3547
[21:37:32] [Server thread/INFO]: [Vault] Enabling Vault v1.5.6-b49
[21:37:33] [Server thread/INFO]: [MassiveCore] Enabling MassiveCore v2.8.0
[21:37:34] [Server thread/INFO]: [MassiveCore 2.8.0] === ENABLE START ===
[21:37:34] [Server thread/INFO]: [MassiveCore 2.8.0] §eSetup of IdUtil took §d128§ems.
[21:37:35] [Server thread/INFO]: [MassiveCore 2.8.0] === ENABLE §aCOMPLETE §e(Took §d1885ms§e) ===
[21:37:39] [Server thread/INFO]: Preparing spawn area: 0%
[21:37:40] [Server thread/INFO]: Preparing spawn area: 2%
[21:37:41] [Server thread/INFO]: Preparing spawn area: 6%
[21:37:42] [Server thread/INFO]: Preparing spawn area: 11%
[21:37:43] [Server thread/INFO]: Preparing spawn area: 18%
[21:37:44] [Server thread/INFO]: Preparing spawn area: 29%
[21:37:45] [Server thread/INFO]: Preparing spawn area: 40%
[21:37:46] [Server thread/INFO]: Preparing spawn area: 50%
[21:37:47] [Server thread/INFO]: Preparing spawn area: 63%
[21:37:48] [Server thread/INFO]: Preparing spawn area: 78%
[21:37:49] [Server thread/INFO]: Preparing spawn area: 90%
[21:37:51] [Server thread/INFO]: Preparing spawn area: 5%
[21:37:52] [Server thread/INFO]: Preparing spawn area: 12%
[21:37:53] [Server thread/INFO]: Preparing spawn area: 21%
[21:37:54] [Server thread/INFO]: Preparing spawn area: 27%
[21:37:55] [Server thread/INFO]: Preparing spawn area: 36%
[21:37:57] [Server thread/INFO]: Preparing spawn area: 50%
[21:37:58] [Server thread/INFO]: Preparing spawn area: 65%
[21:37:59] [Server thread/INFO]: Preparing spawn area: 81%
[21:38:00] [Server thread/INFO]: Preparing spawn area: 99%
[21:38:01] [Server thread/INFO]: Preparing spawn area: 48%
[21:38:01] [Server thread/INFO]: [DisguiseCraft] Enabling DisguiseCraft v5.2
[21:38:05] [Server thread/INFO]: [WorldEdit] Enabling WorldEdit v6.1;no_git_id
[21:38:10] [Server thread/INFO]: [WorldEdit] Using com.sk89q.worldedit.bukkit.adapter.impl.Spigot_v1_8_R3 as the Bukkit adapter
[21:38:10] [Server thread/INFO]: [Essentials] Enabling Essentials vTeamCity
[21:38:10] [Server thread/INFO]: git-Bukkit-9935adc (MC: 1.8.8)
[21:38:10] [Server thread/INFO]: 1.8.8-R0.1-SNAPSHOT
[21:38:11] [Server thread/INFO]: Using locale en_US
[21:38:13] [Server thread/INFO]: Using locale en_US
[21:38:13] [Server thread/INFO]: [PlugMan] Enabling PlugMan v2.0.7
[21:38:14] [Server thread/INFO]: [LaggRemover] Enabling LaggRemover v0.1.9
[21:38:15] [Server thread/INFO]: [LaggRemover] LaggRemover has been enabled!
[21:38:15] [Server thread/INFO]: [WorldGuard] Enabling WorldGuard v6.1
[21:38:28] [Server thread/INFO]: [WorldGuard] (survival) Lighters are PERMITTED.
[21:38:28] [Server thread/INFO]: [WorldGuard] (survival) Lava fire is blocked.
[21:38:28] [Server thread/INFO]: [WorldGuard] (survival) Fire spread is UNRESTRICTED.
[21:38:28] [Server thread/INFO]: [WorldGuard] (survival_nether) Lighters are PERMITTED.
[21:38:28] [Server thread/INFO]: [WorldGuard] (survival_nether) Lava fire is blocked.
[21:38:28] [Server thread/INFO]: [WorldGuard] (survival_nether) Fire spread is UNRESTRICTED.
[21:38:28] [Server thread/INFO]: [WorldGuard] (survival_the_end) Lighters are PERMITTED.
[21:38:28] [Server thread/INFO]: [WorldGuard] (survival_the_end) Lava fire is blocked.
[21:38:28] [Server thread/INFO]: [WorldGuard] (survival_the_end) Fire spread is UNRESTRICTED.
[21:38:30] [Server thread/INFO]: [Multiverse-Core] Enabling Multiverse-Core v2.4-b527
[21:38:34] [Server thread/INFO]: [Multiverse-Core] Loading World & Settings - 'lobby' - Env: NORMAL - Type: NORMAL & seed: -3770714656453924402
[21:38:35] [Server thread/INFO]: Preparing spawn area for lobby, 4%
[21:38:36] [Server thread/INFO]: Preparing spawn area for lobby, 16%
[21:38:37] [Server thread/INFO]: Preparing spawn area for lobby, 32%
[21:38:38] [Server thread/INFO]: Preparing spawn area for lobby, 48%
[21:38:39] [Server thread/INFO]: Preparing spawn area for lobby, 65%
[21:38:40] [Server thread/INFO]: Preparing spawn area for lobby, 85%
[21:38:41] [Server thread/INFO]: Preparing spawn area for lobby, 97%
[21:38:41] [Server thread/INFO]: [WorldGuard] (lobby) Lighters are PERMITTED.
[21:38:41] [Server thread/INFO]: [WorldGuard] (lobby) Lava fire is blocked.
[21:38:41] [Server thread/INFO]: [WorldGuard] (lobby) Fire spread is UNRESTRICTED.
[21:38:42] [Server thread/INFO]: [Multiverse-Core] Loading World & Settings - 'minigames' - Env: NORMAL - Type: FLAT & seed: 2973644325369467684
[21:38:43] [Server thread/INFO]: Preparing spawn area for minigames, 32%
[21:38:44] [Server thread/INFO]: Preparing spawn area for minigames, 73%
[21:38:45] [Server thread/INFO]: [WorldGuard] (minigames) Lighters are PERMITTED.
[21:38:45] [Server thread/INFO]: [WorldGuard] (minigames) Lava fire is blocked.
[21:38:45] [Server thread/INFO]: [WorldGuard] (minigames) Fire spread is UNRESTRICTED.
[21:38:45] [Server thread/INFO]: [Multiverse-Core] Loading World & Settings - 'Skywars' - Env: NORMAL - Type: FLAT & seed: 3121935573477155779
[21:38:46] [Server thread/INFO]: Preparing spawn area for Skywars, 36%
[21:38:47] [Server thread/INFO]: Preparing spawn area for Skywars, 61%
[21:38:48] [Server thread/INFO]: [WorldGuard] (Skywars) Lighters are PERMITTED.
[21:38:48] [Server thread/INFO]: [WorldGuard] (Skywars) Lava fire is blocked.
[21:38:48] [Server thread/INFO]: [WorldGuard] (Skywars) Fire spread is UNRESTRICTED.
[21:38:48] [Server thread/INFO]: [Multiverse-Core] Loading World & Settings - 'survival' - Env: NORMAL - Type: NORMAL & seed: 417882899938927719
[21:38:49] [Server thread/INFO]: [Multiverse-Core] Loading World & Settings - 'survival_nether' - Env: NETHER - Type: NORMAL & seed: 6261662807370706275
[21:38:49] [Server thread/ERROR]: [Multiverse-Core] New safe spawn NOT found!!!
[21:38:49] [Server thread/INFO]: [Multiverse-Core] Loading World & Settings - 'survival_the_end' - Env: THE_END - Type: NORMAL & seed: 6261662807370706275
[21:38:50] [Server thread/INFO]: [Multiverse-Core] Loading World & Settings - 'hyena' - Env: NORMAL - Type: NORMAL & seed: -8173056472171201028
[21:38:51] [Server thread/INFO]: Preparing spawn area for hyena, 0%
[21:38:52] [Server thread/INFO]: Preparing spawn area for hyena, 16%
[21:38:53] [Server thread/INFO]: Preparing spawn area for hyena, 32%
[21:38:54] [Server thread/INFO]: Preparing spawn area for hyena, 48%
[21:38:55] [Server thread/INFO]: Preparing spawn area for hyena, 61%
[21:38:56] [Server thread/INFO]: Preparing spawn area for hyena, 77%
[21:38:57] [Server thread/INFO]: Preparing spawn area for hyena, 89%
[21:38:58] [Server thread/INFO]: [WorldGuard] (hyena) Lighters are PERMITTED.
[21:38:58] [Server thread/INFO]: [WorldGuard] (hyena) Lava fire is blocked.
[21:38:58] [Server thread/INFO]: [WorldGuard] (hyena) Fire spread is UNRESTRICTED.
[21:38:58] [Server thread/INFO]: [Multiverse-Core] 7 - World(s) loaded.
[21:38:58] [Server thread/INFO]: [Splegg] Enabling Splegg v1.2
[21:38:59] [Server thread/INFO]: [Splegg] Loading map SpleggOne.
[21:38:59] [Server thread/INFO]: [Splegg] Map is usable
[21:38:59] [Server thread/INFO]: [Splegg] Load Complete!
[21:38:59] [Server thread/INFO]: [Splegg] Loading map ArenaOne.
[21:38:59] [Server thread/INFO]: [Splegg] Spawn count is 0
[21:38:59] [Server thread/INFO]: [Splegg] No floors are setup.
[21:38:59] [Server thread/INFO]: [Splegg] --<>-- PLEASE SETUP MAP!! --<>--
[21:38:59] [Server thread/INFO]: [Splegg] Load Complete!
[21:38:59] [Server thread/INFO]: [EssentialsProtect] Enabling EssentialsProtect vTeamCity
[21:38:59] [Server thread/INFO]: [VoxelSniper] Enabling VoxelSniper v7.1.0
[21:39:05] [Server thread/INFO]: [Multiverse-NetherPortals] Enabling Multiverse-NetherPortals v2.4-b530
[21:39:06] [Server thread/INFO]: [SuperVanish] Enabling SuperVanish v5.4.3
[21:39:06] [Server thread/INFO]: [Multiverse-Portals] Enabling Multiverse-Portals v2.4-b548
[21:39:09] [Server thread/INFO]: [Multiverse-Portals]  1 - Portals(s) loaded
[21:39:09] [Server thread/INFO]: [EssentialsSpawn] Enabling EssentialsSpawn vTeamCity
[21:39:09] [Server thread/INFO]: [MinigamesLib] Enabling MinigamesLib v1.13.1
[21:39:10] [Server thread/INFO]: [Minigames] Enabling Minigames v1.7.0
[21:39:10] [Server thread/INFO]: [Minigames] Using lang en_AU
[21:39:11] [Server thread/INFO]: Minigames successfully enabled.
[21:39:16] [Server thread/INFO]: [MobArena] Enabling MobArena v0.97.1
[21:39:18] [Server thread/INFO]: [MobArena] Loaded arena 'god-arena'
[21:39:19] [Server thread/INFO]: [MobArena] v0.97.1 enabled.
[21:39:19] [Server thread/INFO]: [TNTRun] Enabling TNTRun v3.4
[21:39:24] [Server thread/INFO]: [HolographicDisplays] Enabling HolographicDisplays v2.1.10
[21:39:25] [Server thread/INFO]: [CommandSigns] Enabling CommandSigns v1.9.3.2
[21:39:25] [Server thread/INFO]: [CommandSigns] Successfully loaded 0 signs
[21:39:32] [Server thread/INFO]: [SkyWars] Enabling SkyWars v1.1-m16
[21:39:37] [Server thread/INFO]: Preparing spawn area for island-0, 4%
[21:39:38] [Server thread/INFO]: Preparing spawn area for island-0, 16%
[21:39:39] [Server thread/INFO]: Preparing spawn area for island-0, 32%
[21:39:40] [Server thread/INFO]: Preparing spawn area for island-0, 48%
[21:39:41] [Server thread/INFO]: Preparing spawn area for island-0, 65%
[21:39:42] [Server thread/INFO]: Preparing spawn area for island-0, 81%
[21:39:43] [Server thread/INFO]: [WorldGuard] (island-0) Lighters are PERMITTED.
[21:39:43] [Server thread/INFO]: [WorldGuard] (island-0) Lava fire is blocked.
[21:39:43] [Server thread/INFO]: [WorldGuard] (island-0) Fire spread is UNRESTRICTED.
[21:39:44] [Server thread/INFO]: [EpicSpleef] Enabling EpicSpleef v0.0.19
[21:39:44] [Server thread/INFO]: [EpicSpleef] Enabling EpicSpleef by BtoBastian
[21:39:51] [Server thread/INFO]: [EpicSpleef] Loading lobby SpleefOne
[21:39:51] [Server thread/INFO]: [EpicSpleef] Loading arena ArenaOne
[21:39:55] [Server thread/INFO]: [EpicSpleef] Successfully loaded arena ArenaOne. (world: minigames, blocks: 5233, maxPlayers: 0)
[21:39:55] [Server thread/INFO]: [EpicSpleef] Loading arena SpleefOne
[21:39:55] [Server thread/INFO]: [EpicSpleef] Successfully loaded arena SpleefOne. (world: minigames, blocks: 0, maxPlayers: 0)
[21:39:57] [Server thread/INFO]: [OnTime] Enabling OnTime v4.1.3
[21:39:58] [Server thread/INFO]: [CraftBook] Enabling CraftBook v3.9-SNAPSHOT
[21:39:59] [Server thread/INFO]: [CraftBook] Successfully added 1 CommandItems!
[21:39:59] [Server thread/INFO]: [CraftBook] Registered 3 custom recipes!
[21:40:02] [Server thread/INFO]: [CraftBook] 5075 chunk(s) for 8 world(s) processed (564ms elapsed)
[21:40:17] [Server thread/INFO]: Found 0 arenas.
[21:58:24] [Server thread/INFO]: [Server] §7This server is run by §fMulticraft
[21:58:24] [Server thread/INFO]: [Server] §9http://www.multicraft.org
[22:10:54] [Server thread/INFO]: [Server] §7This server is run by §fMulticraft
[22:10:54] [Server thread/INFO]: [Server] §9http://www.multicraft.org
[22:23:24] [Server thread/INFO]: [Server] §7This server is run by §fMulticraft
[22:23:24] [Server thread/INFO]: [Server] §9http://www.multicraft.org
[22:35:54] [Server thread/INFO]: [Server] §7This server is run by §fMulticraft
[22:35:54] [Server thread/INFO]: [Server] §9http://www.multicraft.org
