[23:07:16] [Server thread/INFO]: Loading properties
[23:07:16] [Server thread/INFO]: Default game type: SURVIVAL
[23:07:17] [Server thread/INFO]: Using epoll channel type
[23:07:17] [Server thread/INFO]: [WorldEdit] Loading WorldEdit v5.6.1
[23:07:17] [Server thread/INFO]: [Essentials] Loading Essentials vTeamCity
[23:07:17] [Server thread/INFO]: [VoxelSniper] Loading VoxelSniper v7.1.0
[23:07:17] [Server thread/INFO]: [Vault] Loading Vault v1.5.6-b49
[23:07:17] [Server thread/INFO]: [EssentialsSpawn] Loading EssentialsSpawn vTeamCity
[23:07:17] [Server thread/INFO]: [WorldGuard] Loading WorldGuard v6.1
[23:07:17] [Server thread/INFO]: [Multiverse-Core] Loading Multiverse-Core v2.4-b527
[23:07:17] [Server thread/INFO]: [OnTime] Loading OnTime v4.1.3
[23:07:17] [Server thread/INFO]: [EssentialsProtect] Loading EssentialsProtect vTeamCity
[23:07:17] [Server thread/INFO]: [HeavySpleef] Loading HeavySpleef v2.1.1
[23:07:17] [Server thread/INFO]: [Minigames] Loading Minigames v1.7.0
[23:07:17] [Server thread/INFO]: [MobArena] Loading MobArena v0.97.1
[23:07:17] [Server thread/INFO]: [CraftBook] Loading CraftBook v3.9-SNAPSHOT
[23:07:17] [Server thread/INFO]: [Multiverse-NetherPortals] Loading Multiverse-NetherPortals v2.4-b530
[23:07:17] [Server thread/INFO]: [Multiverse-Portals] Loading Multiverse-Portals v2.4-b548
[23:07:17] [Server thread/INFO]: [Vault] Enabling Vault v1.5.6-b49
[23:07:19] [Server thread/INFO]: [WorldEdit] Enabling WorldEdit v5.6.1
[23:07:19] [Server thread/INFO]: [Essentials] Enabling Essentials vTeamCity
[23:07:19] [Server thread/INFO]: git-Bukkit-9935adc (MC: 1.8.8)
[23:07:19] [Server thread/INFO]: 1.8.8-R0.1-SNAPSHOT
[23:07:19] [Server thread/INFO]: Using locale en_GB
[23:07:19] [Server thread/INFO]: Using locale en_GB
[23:07:19] [Server thread/INFO]: [VoxelSniper] Enabling VoxelSniper v7.1.0
[23:07:19] [Server thread/INFO]: [EssentialsSpawn] Enabling EssentialsSpawn vTeamCity
[23:07:19] [Server thread/INFO]: [WorldGuard] Enabling WorldGuard v6.1
[23:07:20] [Server thread/INFO]: [WorldGuard] (TEST) Lighters are PERMITTED.
[23:07:20] [Server thread/INFO]: [WorldGuard] (TEST) Lava fire is blocked.
[23:07:20] [Server thread/INFO]: [WorldGuard] (TEST) Fire spread is UNRESTRICTED.
[23:07:20] [Server thread/INFO]: [WorldGuard] (TEST_nether) Lighters are PERMITTED.
[23:07:20] [Server thread/INFO]: [WorldGuard] (TEST_nether) Lava fire is blocked.
[23:07:20] [Server thread/INFO]: [WorldGuard] (TEST_nether) Fire spread is UNRESTRICTED.
[23:07:20] [Server thread/INFO]: [WorldGuard] (TEST_the_end) Lighters are PERMITTED.
[23:07:20] [Server thread/INFO]: [WorldGuard] (TEST_the_end) Lava fire is blocked.
[23:07:20] [Server thread/INFO]: [WorldGuard] (TEST_the_end) Fire spread is UNRESTRICTED.
[23:07:20] [Server thread/INFO]: [Multiverse-Core] Enabling Multiverse-Core v2.4-b527
[23:07:20] [Server thread/INFO]: [Multiverse-Core] Loading World & Settings - 'TEST' - Env: NORMAL - Type: NORMAL & seed: -2024018835920597302
[23:07:20] [Server thread/INFO]: [Multiverse-Core] Loading World & Settings - 'TEST_nether' - Env: NETHER - Type: NORMAL & seed: -2024018835920597302
[23:07:20] [Server thread/INFO]: [Multiverse-Core] Loading World & Settings - 'TEST_the_end' - Env: THE_END - Type: NORMAL & seed: -2024018835920597302
[23:07:21] [Server thread/INFO]: [Multiverse-Core] Loading World & Settings - 'lobby' - Env: NORMAL - Type: NORMAL & seed: -3770714656453924402
[23:07:21] [Server thread/INFO]: [WorldGuard] (lobby) Lighters are PERMITTED.
[23:07:21] [Server thread/INFO]: [WorldGuard] (lobby) Lava fire is blocked.
[23:07:21] [Server thread/INFO]: [WorldGuard] (lobby) Fire spread is UNRESTRICTED.
[23:07:21] [Server thread/INFO]: [Multiverse-Core] Loading World & Settings - 'minigames' - Env: NORMAL - Type: FLAT & seed: 2973644325369467684
[23:07:22] [Server thread/INFO]: [WorldGuard] (minigames) Lighters are PERMITTED.
[23:07:22] [Server thread/INFO]: [WorldGuard] (minigames) Lava fire is blocked.
[23:07:22] [Server thread/INFO]: [WorldGuard] (minigames) Fire spread is UNRESTRICTED.
[23:07:22] [Server thread/INFO]: [Multiverse-Core] Loading World & Settings - 'Skyscraper' - Env: NORMAL - Type: FLAT & seed: -2845274568091306621
[23:07:22] [Server thread/INFO]: [WorldGuard] (Skyscraper) Lighters are PERMITTED.
[23:07:22] [Server thread/INFO]: [WorldGuard] (Skyscraper) Lava fire is blocked.
[23:07:22] [Server thread/INFO]: [WorldGuard] (Skyscraper) Fire spread is UNRESTRICTED.
[23:07:22] [Server thread/INFO]: [Multiverse-Core] 6 - World(s) loaded.
[23:07:22] [Server thread/INFO]: [OnTime] Enabling OnTime v4.1.3
[23:07:22] [Server thread/INFO]: [EssentialsProtect] Enabling EssentialsProtect vTeamCity
[23:07:22] [Server thread/INFO]: [HeavySpleef] Enabling HeavySpleef v2.1.1
[23:07:22] [Server thread/INFO]: [Minigames] Enabling Minigames v1.7.0
[23:07:22] [Server thread/INFO]: [Minigames] Using lang en_AU
[23:07:22] [Server thread/INFO]: Minigames successfully enabled.
[23:07:22] [Server thread/INFO]: [MobArena] Enabling MobArena v0.97.1
[23:07:22] [Server thread/INFO]: [MobArena] Loaded arena 'default'
[23:07:22] [Server thread/INFO]: [MobArena] Loaded arena 'god-arena'
[23:07:22] [Server thread/INFO]: [MobArena] v0.97.1 enabled.
[23:07:22] [Server thread/INFO]: [CraftBook] Enabling CraftBook v3.9-SNAPSHOT
[23:07:23] [Server thread/INFO]: [CraftBook] Successfully added 1 CommandItems!
[23:07:23] [Server thread/INFO]: [CraftBook] Registered 3 custom recipes!
[23:07:23] [Server thread/INFO]: [CraftBook] 3824 chunk(s) for 6 world(s) processed (38ms elapsed)
[23:07:23] [Server thread/INFO]: [Multiverse-NetherPortals] Enabling Multiverse-NetherPortals v2.4-b530
[23:07:23] [Server thread/INFO]: [Multiverse-Portals] Enabling Multiverse-Portals v2.4-b548
[23:07:23] [Server thread/INFO]: [Multiverse-Portals]  1 - Portals(s) loaded
[23:07:39] [Server thread/INFO]: 41sentury issued server command: /tp 41sentury Popey456963
[23:08:04] [Server thread/INFO]: 41sentury issued server command: /gamemode 1
[23:08:09] [Server thread/INFO]: dev: [Dev] Chris, [Dev] Popey, [Dev] Twiixtor
[23:08:09] [Server thread/INFO]: member: [Member] Raichu3000
[23:08:45] [Server thread/INFO]: Crustifer issued server command: /give crustifer 47
[23:08:53] [Server thread/INFO]: Giving 1 of banner to [Dev] Popey.
[23:08:56] [Server thread/INFO]: dev: [Dev] Chris, [Dev] Popey, [Dev] Twiixtor
[23:08:56] [Server thread/INFO]: member: [Member] minelittleyoshi, [Member] Raichu3000
[23:09:43] [Server thread/INFO]: dev: [Dev] Chris, [Dev] Popey, [Dev] Twiixtor
[23:09:43] [Server thread/INFO]: member: [Member] minelittleyoshi, [Member] Raichu3000
[23:10:29] [Server thread/INFO]: dev: [Dev] Chris, [Dev] Popey, [Dev] Twiixtor
[23:10:29] [Server thread/INFO]: member: [Member] minelittleyoshi, [Member] Raichu3000
[23:11:16] [Server thread/INFO]: dev: [Dev] Chris, [Dev] Popey, [Dev] Twiixtor
[23:11:16] [Server thread/INFO]: member: [Member] minelittleyoshi, [Member] Raichu3000
[23:11:20] [Server thread/INFO]: Popey456963 issued server command: /TP 41sentur
[23:11:53] [Server thread/INFO]: Popey456963 issued server command: /tp twii
[23:11:57] [Server thread/INFO]: Twiixtor issued server command: //hsphere 35:14 100
[23:12:57] [Thread-3/INFO]: Stopping server
