[22:13:49] [Server thread/INFO]: Loading properties
[22:13:49] [Server thread/INFO]: Default game type: SURVIVAL
[22:13:49] [Server thread/INFO]: Using epoll channel type
[22:13:50] [Server thread/INFO]: [WorldEdit] Loading WorldEdit v6.1;no_git_id
[22:13:50] [Server thread/INFO]: [Essentials] Loading Essentials vTeamCity
[22:13:50] [Server thread/INFO]: [PlugMan] Loading PlugMan v2.0.7
[22:13:50] [Server thread/INFO]: [LaggRemover] Loading LaggRemover v0.1.7
[22:13:50] [Server thread/INFO]: [WorldGuard] Loading WorldGuard v6.1
[22:13:50] [Server thread/INFO]: [Multiverse-Core] Loading Multiverse-Core v2.4-b527
[22:13:50] [Server thread/INFO]: [Splegg] Loading Splegg v1.2
[22:13:50] [Server thread/INFO]: [EssentialsProtect] Loading EssentialsProtect vTeamCity
[22:13:50] [Server thread/INFO]: [VoxelSniper] Loading VoxelSniper v7.1.0
[22:13:50] [Server thread/INFO]: [mcMMO] Loading mcMMO v1.5.00-b3547
[22:13:50] [Server thread/INFO]: [Multiverse-NetherPortals] Loading Multiverse-NetherPortals v2.4-b530
[22:13:50] [Server thread/INFO]: [Multiverse-Portals] Loading Multiverse-Portals v2.4-b548
[22:13:50] [Server thread/INFO]: [Vault] Loading Vault v1.5.6-b49
[22:13:50] [Server thread/INFO]: [EssentialsSpawn] Loading EssentialsSpawn vTeamCity
[22:13:50] [Server thread/INFO]: [MinigamesLib] Loading MinigamesLib v1.13.1
[22:13:50] [Server thread/INFO]: [Minigames] Loading Minigames v1.7.0
[22:13:50] [Server thread/INFO]: [MobArena] Loading MobArena v0.97.1
[22:13:50] [Server thread/INFO]: [TNTRun] Loading TNTRun v3.4
[22:13:50] [Server thread/INFO]: [HolographicDisplays] Loading HolographicDisplays v2.1.10
[22:13:50] [Server thread/INFO]: [CommandSigns] Loading CommandSigns v1.9.3.2
[22:13:50] [Server thread/INFO]: [SkyWars] Loading SkyWars v1.1-m16
[22:13:50] [Server thread/INFO]: [EpicSpleef] Loading EpicSpleef v0.0.19
[22:13:50] [Server thread/INFO]: [OnTime] Loading OnTime v4.1.3
[22:13:50] [Server thread/INFO]: [CraftBook] Loading CraftBook v3.9-SNAPSHOT
[22:13:50] [Server thread/INFO]: [mcMMO] Enabling mcMMO v1.5.00-b3547
[22:13:51] [Server thread/INFO]: [Vault] Enabling Vault v1.5.6-b49
[22:13:53] [Server thread/INFO]: [WorldEdit] Enabling WorldEdit v6.1;no_git_id
[22:13:53] [Server thread/INFO]: [WorldEdit] Using com.sk89q.worldedit.bukkit.adapter.impl.Spigot_v1_8_R3 as the Bukkit adapter
[22:13:53] [Server thread/INFO]: [Essentials] Enabling Essentials vTeamCity
[22:13:53] [Server thread/INFO]: git-Bukkit-9935adc (MC: 1.8.8)
[22:13:53] [Server thread/INFO]: 1.8.8-R0.1-SNAPSHOT
[22:13:53] [Server thread/INFO]: Using locale en_US
[22:13:53] [Server thread/INFO]: Using locale en_US
[22:13:53] [Server thread/INFO]: [PlugMan] Enabling PlugMan v2.0.7
[22:13:53] [Server thread/INFO]: [LaggRemover] Enabling LaggRemover v0.1.7
[22:13:53] [Server thread/INFO]: [LaggRemover] LaggRemover has been enabled!
[22:13:53] [Server thread/INFO]: [WorldGuard] Enabling WorldGuard v6.1
[22:13:54] [Server thread/INFO]: [WorldGuard] (TEST) Lighters are PERMITTED.
[22:13:54] [Server thread/INFO]: [WorldGuard] (TEST) Lava fire is blocked.
[22:13:54] [Server thread/INFO]: [WorldGuard] (TEST) Fire spread is UNRESTRICTED.
[22:13:54] [Server thread/INFO]: [WorldGuard] (TEST_nether) Lighters are PERMITTED.
[22:13:54] [Server thread/INFO]: [WorldGuard] (TEST_nether) Lava fire is blocked.
[22:13:54] [Server thread/INFO]: [WorldGuard] (TEST_nether) Fire spread is UNRESTRICTED.
[22:13:54] [Server thread/INFO]: [WorldGuard] (TEST_the_end) Lighters are PERMITTED.
[22:13:54] [Server thread/INFO]: [WorldGuard] (TEST_the_end) Lava fire is blocked.
[22:13:54] [Server thread/INFO]: [WorldGuard] (TEST_the_end) Fire spread is UNRESTRICTED.
[22:13:54] [Server thread/INFO]: [Multiverse-Core] Enabling Multiverse-Core v2.4-b527
[22:13:54] [Server thread/INFO]: [Multiverse-Core] Loading World & Settings - 'TEST' - Env: NORMAL - Type: NORMAL & seed: -2024018835920597302
[22:13:54] [Server thread/INFO]: [Multiverse-Core] Loading World & Settings - 'TEST_nether' - Env: NETHER - Type: NORMAL & seed: -2024018835920597302
[22:13:54] [Server thread/INFO]: [Multiverse-Core] Loading World & Settings - 'TEST_the_end' - Env: THE_END - Type: NORMAL & seed: -2024018835920597302
[22:13:54] [Server thread/INFO]: [Multiverse-Core] Loading World & Settings - 'lobby' - Env: NORMAL - Type: NORMAL & seed: -3770714656453924402
[22:13:55] [Server thread/INFO]: [WorldGuard] (lobby) Lighters are PERMITTED.
[22:13:55] [Server thread/INFO]: [WorldGuard] (lobby) Lava fire is blocked.
[22:13:55] [Server thread/INFO]: [WorldGuard] (lobby) Fire spread is UNRESTRICTED.
[22:13:55] [Server thread/INFO]: [Multiverse-Core] Loading World & Settings - 'minigames' - Env: NORMAL - Type: FLAT & seed: 2973644325369467684
[22:13:55] [Server thread/INFO]: [WorldGuard] (minigames) Lighters are PERMITTED.
[22:13:55] [Server thread/INFO]: [WorldGuard] (minigames) Lava fire is blocked.
[22:13:55] [Server thread/INFO]: [WorldGuard] (minigames) Fire spread is UNRESTRICTED.
[22:13:55] [Server thread/INFO]: [Multiverse-Core] Loading World & Settings - 'Skywars' - Env: NORMAL - Type: FLAT & seed: 3121935573477155779
[22:13:56] [Server thread/INFO]: [WorldGuard] (Skywars) Lighters are PERMITTED.
[22:13:56] [Server thread/INFO]: [WorldGuard] (Skywars) Lava fire is blocked.
[22:13:56] [Server thread/INFO]: [WorldGuard] (Skywars) Fire spread is UNRESTRICTED.
[22:13:56] [Server thread/INFO]: [Multiverse-Core] Loading World & Settings - 'spawn' - Env: NORMAL - Type: NORMAL & seed: 2261197457111850464
[22:13:56] [Server thread/INFO]: [WorldGuard] (spawn) Lighters are PERMITTED.
[22:13:56] [Server thread/INFO]: [WorldGuard] (spawn) Lava fire is blocked.
[22:13:56] [Server thread/INFO]: [WorldGuard] (spawn) Fire spread is UNRESTRICTED.
[22:13:56] [Server thread/INFO]: [Multiverse-Core] 8 - World(s) loaded.
[22:13:56] [Server thread/INFO]: [Splegg] Enabling Splegg v1.2
[22:13:56] [Server thread/INFO]: [Splegg] Loading map SpleggOne.
[22:13:56] [Server thread/INFO]: [Splegg] Map is usable
[22:13:56] [Server thread/INFO]: [Splegg] Load Complete!
[22:13:56] [Server thread/INFO]: [Splegg] Loading map ArenaOne.
[22:13:56] [Server thread/INFO]: [Splegg] Spawn count is 0
[22:13:56] [Server thread/INFO]: [Splegg] No floors are setup.
[22:13:56] [Server thread/INFO]: [Splegg] --<>-- PLEASE SETUP MAP!! --<>--
[22:13:56] [Server thread/INFO]: [Splegg] Load Complete!
[22:13:56] [Server thread/INFO]: [EssentialsProtect] Enabling EssentialsProtect vTeamCity
[22:13:56] [Server thread/INFO]: [VoxelSniper] Enabling VoxelSniper v7.1.0
[22:13:56] [Server thread/INFO]: [Multiverse-NetherPortals] Enabling Multiverse-NetherPortals v2.4-b530
[22:13:56] [Server thread/INFO]: [Multiverse-Portals] Enabling Multiverse-Portals v2.4-b548
[22:13:56] [Server thread/INFO]: [Multiverse-Portals]  1 - Portals(s) loaded
[22:13:56] [Server thread/INFO]: [EssentialsSpawn] Enabling EssentialsSpawn vTeamCity
[22:13:56] [Server thread/INFO]: [MinigamesLib] Enabling MinigamesLib v1.13.1
[22:13:56] [Server thread/INFO]: [Minigames] Enabling Minigames v1.7.0
[22:13:56] [Server thread/INFO]: [Minigames] Using lang en_AU
[22:13:57] [Server thread/INFO]: Minigames successfully enabled.
[22:13:57] [Server thread/INFO]: [MobArena] Enabling MobArena v0.97.1
[22:13:57] [Server thread/INFO]: [MobArena] Loaded arena 'default'
[22:13:57] [Server thread/INFO]: [MobArena] Loaded arena 'god-arena'
[22:13:57] [Server thread/INFO]: [MobArena] v0.97.1 enabled.
[22:13:57] [Server thread/INFO]: [TNTRun] Enabling TNTRun v3.4
[22:13:57] [Server thread/INFO]: [HolographicDisplays] Enabling HolographicDisplays v2.1.10
[22:13:57] [Server thread/INFO]: [CommandSigns] Enabling CommandSigns v1.9.3.2
[22:13:57] [Server thread/INFO]: [CommandSigns] No signs found.
[22:13:57] [Server thread/INFO]: [SkyWars] Enabling SkyWars v1.1-m16
[22:13:58] [Server thread/INFO]: [WorldGuard] (island-0) Lighters are PERMITTED.
[22:13:58] [Server thread/INFO]: [WorldGuard] (island-0) Lava fire is blocked.
[22:13:58] [Server thread/INFO]: [WorldGuard] (island-0) Fire spread is UNRESTRICTED.
[22:13:58] [Server thread/INFO]: [EpicSpleef] Enabling EpicSpleef v0.0.19
[22:13:58] [Server thread/INFO]: [EpicSpleef] Enabling EpicSpleef by BtoBastian
[22:13:59] [Server thread/INFO]: [EpicSpleef] Loading lobby SpleefOne
[22:13:59] [Server thread/INFO]: [EpicSpleef] Loading arena ArenaOne
[22:13:59] [Server thread/INFO]: [EpicSpleef] Successfully loaded arena ArenaOne. (world: minigames, blocks: 5233, maxPlayers: 0)
[22:13:59] [Server thread/INFO]: [EpicSpleef] Loading arena SpleefOne
[22:13:59] [Server thread/INFO]: [EpicSpleef] Successfully loaded arena SpleefOne. (world: minigames, blocks: 0, maxPlayers: 0)
[22:13:59] [Server thread/INFO]: [OnTime] Enabling OnTime v4.1.3
[22:13:59] [Server thread/INFO]: [CraftBook] Enabling CraftBook v3.9-SNAPSHOT
[22:14:01] [Server thread/INFO]: [CraftBook] Successfully added 1 CommandItems!
[22:14:01] [Server thread/INFO]: [CraftBook] Registered 3 custom recipes!
[22:14:01] [Server thread/INFO]: [CraftBook] 5797 chunk(s) for 9 world(s) processed (29ms elapsed)
[22:14:03] [Server thread/INFO]: Found 0 arenas.
[22:14:06] [Server thread/INFO]: [Giraffe]Twiixtor: test
[22:14:10] [Server thread/INFO]: Twiixtor issued server command: /skywars
[22:14:47] [Server thread/INFO]: Developers: [Giraffe]Twiixtor
[22:15:34] [Server thread/INFO]: Developers: [Giraffe]Twiixtor
[22:16:20] [Server thread/INFO]: Developers: [Giraffe]Twiixtor
[22:17:07] [Server thread/INFO]: Developers: [Giraffe]Twiixtor
[22:17:54] [Server thread/INFO]: Developers: [Giraffe]Twiixtor
[22:18:40] [Server thread/INFO]: Developers: [Giraffe]Twiixtor
[22:19:27] [Server thread/INFO]: Developers: [AFK][Giraffe]Twiixtor
[22:20:13] [Server thread/INFO]: Developers: [AFK][Giraffe]Twiixtor
[22:20:45] [Server thread/INFO]: [Giraffe]Twiixtor: ez
[22:20:47] [Server thread/INFO]: [Giraffe]Twiixtor: pz
[22:20:49] [Server thread/INFO]: [Giraffe]Twiixtor: lmn squez
[22:21:00] [Server thread/INFO]: Developers: [Giraffe]Twiixtor
[22:21:09] [Server thread/INFO]: Twiixtor issued server command: //expand up 40
[22:21:13] [Server thread/INFO]: Twiixtor issued server command: //expand 30 up
[22:21:17] [Server thread/INFO]: Twiixtor issued server command: //overlay leaf
[22:21:27] [Server thread/INFO]: Twiixtor issued server command: //undo
[22:21:46] [Server thread/INFO]: Developers: [Giraffe]Twiixtor
[22:22:33] [Server thread/INFO]: Developers: [Giraffe]Twiixtor
[22:23:20] [Server thread/INFO]: Developers: [Giraffe]Twiixtor
[22:24:39] [Server thread/INFO]: Twiixtor issued server command: /tp Twiixtor 694 72 46
[22:24:40] [Server thread/INFO]: Twiixtor issued server command: /tppos 694 72 46
[22:24:40] [Server thread/INFO]: Developers: [Giraffe]Twiixtor
[22:25:13] [Server thread/INFO]: Twiixtor issued server command: /i sign 1
[22:25:17] [Server thread/INFO]: Twiixtor issued server command: /top
[22:25:26] [Server thread/INFO]: Developers: [Giraffe]Twiixtor
[22:25:49] [Server thread/INFO]: Twiixtor issued server command: /descend
[22:25:51] [Server thread/INFO]: Twiixtor issued server command: /descend
[22:26:10] [Server thread/INFO]: Twiixtor issued server command: //set 0
[22:26:13] [Server thread/INFO]: Developers: [Giraffe]Twiixtor
[22:27:00] [Server thread/INFO]: Developers: [Giraffe]Twiixtor
[22:27:46] [Server thread/INFO]: Developers: [Giraffe]Twiixtor
[22:27:54] [Server thread/INFO]: Twiixtor issued server command: //set 45
[22:28:21] [Server thread/INFO]: Twiixtor issued server command: /speed 1
[22:28:33] [Server thread/INFO]: Developers: [Giraffe]Twiixtor
[22:29:19] [Server thread/INFO]: Developers: [Giraffe]Twiixtor
[22:30:06] [Server thread/INFO]: Developers: [Giraffe]Twiixtor
[22:30:52] [Server thread/INFO]: Developers: [Giraffe]Twiixtor
[22:31:39] [Server thread/INFO]: Developers: [Giraffe]Twiixtor
[22:32:25] [Server thread/INFO]: Developers: [Giraffe]Twiixtor
[22:33:12] [Server thread/INFO]: Developers: [Giraffe]Twiixtor
[22:33:12] [Server thread/INFO]: Twiixtor issued server command: /i bedrock 1
[22:34:40] [Server thread/INFO]: Developers: [Giraffe]Twiixtor
[22:35:26] [Server thread/INFO]: Developers: [Giraffe]Twiixtor
[22:35:53] [Server thread/INFO]: Twiixtor issued server command: /tp Twiixtor -149 8 -261
[22:35:53] [Server thread/INFO]: Twiixtor issued server command: /tppos -149 8 -261
[22:36:13] [Server thread/INFO]: Developers: [Giraffe]Twiixtor
[22:37:00] [Server thread/INFO]: Developers: [Giraffe]Twiixtor
[22:37:19] [Server thread/INFO]: Twiixtor issued server command: /tp Twiixtor 451 20 -866
[22:37:19] [Server thread/INFO]: Twiixtor issued server command: /tppos 451 20 -866
[22:37:39] [Server thread/INFO]: Twiixtor left the game.
[23:08:07] [Server thread/INFO]: Crustifer issued server command: /plugins
[23:08:33] [Server thread/INFO]: Staff: [Admin] Chris
[23:09:19] [Server thread/INFO]: Staff: [Admin] Chris
[23:09:53] [Server thread/INFO]: Crustifer issued server command: /fly
[23:09:56] [Server thread/INFO]: [Admin] Chris: ad
[23:09:59] [Server thread/INFO]: [Admin] Chris: 0h nice
[23:10:06] [Server thread/INFO]: Staff: [Admin] Chris
[23:10:17] [Server thread/INFO]: Crustifer left the game.
[23:10:20] [Server thread/INFO]: Crustifer issued server command: /speed
[23:10:23] [Server thread/INFO]: Crustifer issued server command: /speed 0
[23:10:26] [Server thread/INFO]: Crustifer issued server command: /speed 1
[23:10:30] [Server thread/INFO]: Crustifer left the game.
