[00:34:02] [Server thread/INFO]: Failed
[01:35:04] [Server thread/INFO]: Failed
[02:36:07] [Server thread/INFO]: Failed
[03:37:22] [Server thread/INFO]: Failed
[04:38:34] [Server thread/INFO]: Failed
[05:39:36] [Server thread/INFO]: Failed
[06:40:38] [Server thread/INFO]: Failed
[07:41:41] [Server thread/INFO]: Failed
[08:42:43] [Server thread/INFO]: Failed
[08:46:36] [Server thread/INFO]: Crustifer issued server command: /we cui
[08:47:13] [Server thread/INFO]: Crustifer issued server command: //set grass
[08:47:29] [Server thread/INFO]: Crustifer issued server command: //pos2
[08:47:32] [Server thread/INFO]: Crustifer issued server command: //set air
[08:47:34] [Server thread/INFO]: Crustifer issued server command: //pos2
[08:47:35] [Server thread/INFO]: Crustifer issued server command: //set air
[08:47:45] [Server thread/INFO]: Crustifer issued server command: //pos2
[08:47:48] [Server thread/INFO]: Crustifer issued server command: //set air
[08:47:51] [Server thread/INFO]: Crustifer issued server command: //expand 5
[08:47:52] [Server thread/INFO]: Crustifer issued server command: //set air
[09:13:09] [Server thread/INFO]: Crustifer left the game.
[09:43:48] [Server thread/INFO]: Failed
[10:44:50] [Server thread/INFO]: Failed
[11:45:52] [Server thread/INFO]: Failed
[12:46:54] [Server thread/INFO]: Failed
[13:47:57] [Server thread/INFO]: Failed
[14:48:59] [Server thread/INFO]: Failed
[15:50:01] [Server thread/INFO]: Failed
